[2020/04/02 17:29:00.613] - Starting server (version 2.1.2) with initial configuration: {"gasLimit":6721975,"gasPrice":20000000000,"hardfork":"petersburg","hostname":"127.0.0.1","port":7545,"network_id":5777,"default_balance_ether":100,"total_accounts":10,"unlocked_accounts":[],"locked":false,"vmErrorsOnRPCResponse":true,"verbose":false,"db_path":"/home/nash/.config/Ganache/workspaces/identity-wallet/chaindata","logDirectory":"/home/nash/Documents/Projects/Blockchain/Project/identity-wallet/wallet-web-app/logs"}
[2020/04/02 17:29:01.551] - eth_getCode
[2020/04/02 17:29:01.553] - eth_subscribe
[2020/04/02 17:29:01.554] - eth_getLogs
[2020/04/02 17:29:01.557] - eth_subscribe
[2020/04/02 17:29:01.586] - eth_getCode
[2020/04/02 17:29:01.656] - eth_getCode
[2020/04/02 17:29:01.681] - eth_getCode
[2020/04/02 17:29:01.695] - eth_getCode
[2020/04/02 17:29:01.722] - eth_getCode
[2020/04/02 17:29:03.598] - eth_blockNumber
[2020/04/02 17:29:03.598] - eth_accounts
[2020/04/02 17:29:03.599] - eth_gasPrice
[2020/04/02 17:29:03.600] - eth_getBlockByNumber
[2020/04/02 17:29:03.600] - eth_subscribe
[2020/04/02 17:29:03.754] - eth_accounts
[2020/04/02 17:29:03.936] - eth_getBalance
[2020/04/02 17:29:03.971] - eth_getTransactionCount
[2020/04/02 17:29:04.015] - eth_getBalance
[2020/04/02 17:29:04.051] - eth_getTransactionCount
[2020/04/02 17:29:04.087] - eth_getBalance
[2020/04/02 17:29:04.121] - eth_getTransactionCount
[2020/04/02 17:29:04.157] - eth_getBalance
[2020/04/02 17:29:04.191] - eth_getTransactionCount
[2020/04/02 17:29:04.227] - eth_getBalance
[2020/04/02 17:29:04.261] - eth_getTransactionCount
[2020/04/02 17:29:04.296] - eth_getBalance
[2020/04/02 17:29:04.330] - eth_getTransactionCount
[2020/04/02 17:29:04.366] - eth_getBalance
[2020/04/02 17:29:04.409] - eth_getTransactionCount
[2020/04/02 17:29:04.444] - eth_getBalance
[2020/04/02 17:29:04.479] - eth_getTransactionCount
[2020/04/02 17:29:04.522] - eth_getBalance
[2020/04/02 17:29:04.557] - eth_getTransactionCount
[2020/04/02 17:29:04.592] - eth_getBalance
[2020/04/02 17:29:04.633] - eth_getTransactionCount
[2020/04/02 17:29:05.171] - eth_getBalance
[2020/04/02 17:29:05.243] - eth_getTransactionCount
[2020/04/02 17:29:05.409] - eth_getBalance
[2020/04/02 17:29:05.474] - eth_getTransactionCount
[2020/04/02 17:29:05.621] - eth_getBalance
[2020/04/02 17:29:05.688] - eth_blockNumber
[2020/04/02 17:29:05.705] - eth_getBlockByNumber
[2020/04/02 17:29:05.748] - eth_getTransactionCount
[2020/04/02 17:29:05.908] - eth_getBalance
[2020/04/02 17:29:06.079] - eth_getTransactionCount
[2020/04/02 17:29:06.233] - eth_getBalance
[2020/04/02 17:29:06.448] - eth_getTransactionCount
[2020/04/02 17:29:06.583] - eth_getBalance
[2020/04/02 17:29:06.796] - eth_getTransactionCount
[2020/04/02 17:29:07.000] - eth_getBalance
[2020/04/02 17:29:07.065] - eth_getTransactionCount
[2020/04/02 17:29:07.100] - eth_getBalance
[2020/04/02 17:29:07.135] - eth_getTransactionCount
[2020/04/02 17:29:07.170] - eth_getBalance
[2020/04/02 17:29:07.204] - eth_getTransactionCount
[2020/04/02 17:29:07.238] - eth_getBalance
[2020/04/02 17:29:07.270] - eth_blockNumber
[2020/04/02 17:29:07.280] - eth_getBlockByNumber
[2020/04/02 17:29:07.285] - eth_getTransactionCount
[2020/04/02 17:29:25.706] - eth_blockNumber
[2020/04/02 17:29:27.284] - eth_blockNumber
[2020/04/02 17:29:45.714] - eth_blockNumber
[2020/04/02 17:29:47.296] - eth_blockNumber
[2020/04/02 17:30:05.723] - eth_blockNumber
[2020/04/02 17:30:07.307] - eth_blockNumber
[2020/04/02 17:30:25.734] - eth_blockNumber
[2020/04/02 17:30:27.322] - eth_blockNumber
[2020/04/02 17:30:45.749] - eth_blockNumber
[2020/04/02 17:30:47.331] - eth_blockNumber
[2020/04/02 17:31:05.760] - eth_blockNumber
[2020/04/02 17:31:07.342] - eth_blockNumber
[2020/04/02 17:31:25.774] - eth_blockNumber
[2020/04/02 17:31:27.352] - eth_blockNumber
[2020/04/02 17:31:45.788] - eth_blockNumber
[2020/04/02 17:31:47.362] - eth_blockNumber
[2020/04/02 17:32:05.796] - eth_blockNumber
[2020/04/02 17:32:07.373] - eth_blockNumber
[2020/04/02 17:32:25.805] - eth_blockNumber
[2020/04/02 17:32:27.384] - eth_blockNumber
[2020/04/02 17:32:45.816] - eth_blockNumber
[2020/04/02 17:32:47.395] - eth_blockNumber
[2020/04/02 17:33:05.828] - eth_blockNumber
[2020/04/02 17:33:07.411] - eth_blockNumber
[2020/04/02 17:33:25.839] - eth_blockNumber
[2020/04/02 17:33:27.437] - eth_blockNumber
[2020/04/02 17:33:45.849] - eth_blockNumber
[2020/04/02 17:33:47.448] - eth_blockNumber
[2020/04/02 17:34:05.857] - eth_blockNumber
[2020/04/02 17:34:07.460] - eth_blockNumber
[2020/04/02 17:34:25.871] - eth_blockNumber
[2020/04/02 17:34:27.476] - eth_blockNumber
[2020/04/02 17:34:45.883] - eth_blockNumber
[2020/04/02 17:34:47.492] - eth_blockNumber
[2020/04/02 17:35:05.893] - eth_blockNumber
[2020/04/02 17:35:07.503] - eth_blockNumber
[2020/04/02 17:35:25.901] - eth_blockNumber
[2020/04/02 17:35:27.513] - eth_blockNumber
[2020/04/02 17:35:45.912] - eth_blockNumber
[2020/04/02 17:35:47.523] - eth_blockNumber
[2020/04/02 17:36:05.921] - eth_blockNumber
[2020/04/02 17:36:07.533] - eth_blockNumber
[2020/04/02 17:36:25.933] - eth_blockNumber
[2020/04/02 17:36:27.544] - eth_blockNumber
[2020/04/02 17:36:45.942] - eth_blockNumber
[2020/04/02 17:36:47.555] - eth_blockNumber
[2020/04/02 17:37:05.951] - eth_blockNumber
[2020/04/02 17:37:07.563] - eth_blockNumber
[2020/04/02 17:37:25.961] - eth_blockNumber
[2020/04/02 17:37:27.574] - eth_blockNumber
[2020/04/02 17:37:45.971] - eth_blockNumber
[2020/04/02 17:37:47.585] - eth_blockNumber
[2020/04/02 17:38:05.979] - eth_blockNumber
[2020/04/02 17:38:07.597] - eth_blockNumber
[2020/04/02 17:38:25.988] - eth_blockNumber
[2020/04/02 17:38:27.608] - eth_blockNumber
[2020/04/02 17:38:46.002] - eth_blockNumber
[2020/04/02 17:38:47.619] - eth_blockNumber
[2020/04/02 17:39:06.015] - eth_blockNumber
[2020/04/02 17:39:07.633] - eth_blockNumber
[2020/04/02 17:39:26.027] - eth_blockNumber
[2020/04/02 17:39:27.647] - eth_blockNumber
[2020/04/02 17:39:46.037] - eth_blockNumber
[2020/04/02 17:39:47.660] - eth_blockNumber
[2020/04/02 17:40:06.044] - eth_blockNumber
[2020/04/02 17:40:07.673] - eth_blockNumber
[2020/04/02 17:40:26.050] - eth_blockNumber
[2020/04/02 17:40:27.681] - eth_blockNumber
[2020/04/02 17:40:46.059] - eth_blockNumber
[2020/04/02 17:40:47.693] - eth_blockNumber
[2020/04/02 17:41:06.068] - eth_blockNumber
[2020/04/02 17:41:07.708] - eth_blockNumber
[2020/04/02 17:41:26.077] - eth_blockNumber
[2020/04/02 17:41:27.719] - eth_blockNumber
[2020/04/02 17:41:46.087] - eth_blockNumber
[2020/04/02 17:41:47.727] - eth_blockNumber
[2020/04/02 17:42:06.097] - eth_blockNumber
[2020/04/02 17:42:07.739] - eth_blockNumber
[2020/04/02 17:42:26.112] - eth_blockNumber
[2020/04/02 17:42:27.746] - eth_blockNumber
[2020/04/02 17:42:46.127] - eth_blockNumber
[2020/04/02 17:42:47.754] - eth_blockNumber
[2020/04/02 17:43:06.138] - eth_blockNumber
[2020/04/02 17:43:07.765] - eth_blockNumber
[2020/04/02 17:43:26.148] - eth_blockNumber
[2020/04/02 17:43:27.783] - eth_blockNumber
[2020/04/02 17:43:46.160] - eth_blockNumber
[2020/04/02 17:43:47.801] - eth_blockNumber
[2020/04/02 17:44:06.171] - eth_blockNumber
[2020/04/02 17:44:07.816] - eth_blockNumber
[2020/04/02 17:44:26.192] - eth_blockNumber
[2020/04/02 17:44:27.825] - eth_blockNumber
[2020/04/02 17:44:46.198] - eth_blockNumber
[2020/04/02 17:44:47.832] - eth_blockNumber
[2020/04/02 17:45:06.206] - eth_blockNumber
[2020/04/02 17:45:07.841] - eth_blockNumber
[2020/04/02 17:45:26.219] - eth_blockNumber
[2020/04/02 17:45:27.855] - eth_blockNumber
[2020/04/02 17:45:46.231] - eth_blockNumber
[2020/04/02 17:45:47.866] - eth_blockNumber
[2020/04/02 17:46:06.244] - eth_blockNumber
[2020/04/02 17:46:07.876] - eth_blockNumber
[2020/04/02 17:46:26.258] - eth_blockNumber
[2020/04/02 17:46:27.889] - eth_blockNumber
[2020/04/02 17:46:46.265] - eth_blockNumber
[2020/04/02 17:46:47.897] - eth_blockNumber
[2020/04/02 17:47:06.275] - eth_blockNumber
[2020/04/02 17:47:07.912] - eth_blockNumber
[2020/04/02 17:47:26.285] - eth_blockNumber
[2020/04/02 17:47:27.925] - eth_blockNumber
[2020/04/02 17:47:46.295] - eth_blockNumber
[2020/04/02 17:47:47.935] - eth_blockNumber
[2020/04/02 17:48:06.303] - eth_blockNumber
[2020/04/02 17:48:07.947] - eth_blockNumber
[2020/04/02 17:48:26.311] - eth_blockNumber
[2020/04/02 17:48:27.958] - eth_blockNumber
[2020/04/02 17:48:46.321] - eth_blockNumber
[2020/04/02 17:48:47.971] - eth_blockNumber
[2020/04/02 17:49:06.332] - eth_blockNumber
[2020/04/02 17:49:07.982] - eth_blockNumber
[2020/04/02 17:49:26.349] - eth_blockNumber
[2020/04/02 17:49:28.012] - eth_blockNumber
[2020/04/02 17:49:46.362] - eth_blockNumber
[2020/04/02 17:49:48.022] - eth_blockNumber
[2020/04/02 17:50:06.373] - eth_blockNumber
[2020/04/02 17:50:08.033] - eth_blockNumber
[2020/04/02 17:50:26.383] - eth_blockNumber
[2020/04/02 17:50:28.044] - eth_blockNumber
[2020/04/02 17:50:46.393] - eth_blockNumber
[2020/04/02 17:50:48.061] - eth_blockNumber
[2020/04/02 17:51:06.404] - eth_blockNumber
[2020/04/02 17:51:08.072] - eth_blockNumber
[2020/04/02 17:51:26.414] - eth_blockNumber
[2020/04/02 17:51:28.080] - eth_blockNumber
[2020/04/02 17:51:46.422] - eth_blockNumber
[2020/04/02 17:51:48.091] - eth_blockNumber
[2020/04/02 17:52:06.433] - eth_blockNumber
[2020/04/02 17:52:08.101] - eth_blockNumber
[2020/04/02 17:52:26.443] - eth_blockNumber
[2020/04/02 17:52:28.112] - eth_blockNumber
[2020/04/02 17:52:46.458] - eth_blockNumber
[2020/04/02 17:52:48.122] - eth_blockNumber
