[2020/04/04 22:33:29.047] - Starting server (version 2.1.2) with initial configuration: {"gasLimit":6721975,"gasPrice":20000000000,"hardfork":"petersburg","hostname":"127.0.0.1","port":7545,"network_id":5777,"default_balance_ether":100,"total_accounts":10,"unlocked_accounts":[],"locked":false,"vmErrorsOnRPCResponse":true,"verbose":false,"db_path":"/home/nash/.config/Ganache/workspaces/identity-wallet/chaindata","logDirectory":"/home/nash/Documents/Projects/Blockchain/Project/identity-wallet/wallet-web-app/logs"}
[2020/04/04 22:33:29.371] - eth_blockNumber
[2020/04/04 22:33:29.468] - eth_getBlockByNumber
[2020/04/04 22:33:29.477] - eth_getBlockByNumber
[2020/04/04 22:33:29.479] - eth_getBlockByNumber
[2020/04/04 22:33:29.480] - eth_getBlockByNumber
[2020/04/04 22:33:29.481] - eth_getBlockByNumber
[2020/04/04 22:33:29.481] - eth_getBlockByNumber
[2020/04/04 22:33:29.483] - eth_getBlockByNumber
[2020/04/04 22:33:29.488] - eth_getBlockByNumber
[2020/04/04 22:33:29.499] - eth_getBlockByNumber
[2020/04/04 22:33:29.519] - eth_getBlockByNumber
[2020/04/04 22:33:29.542] - eth_getBlockByNumber
[2020/04/04 22:33:29.580] - eth_getBlockByNumber
[2020/04/04 22:33:29.600] - eth_getBlockByNumber
[2020/04/04 22:33:29.620] - eth_getBlockByNumber
[2020/04/04 22:33:29.644] - eth_getBlockByNumber
[2020/04/04 22:33:29.665] - eth_getBlockByNumber
[2020/04/04 22:33:29.684] - eth_getBlockByNumber
[2020/04/04 22:33:29.694] - eth_getBlockByNumber
[2020/04/04 22:33:29.710] - eth_getBlockByNumber
[2020/04/04 22:33:29.754] - eth_getBlockByNumber
[2020/04/04 22:33:29.763] - eth_getBlockByNumber
[2020/04/04 22:33:29.782] - eth_getBlockByNumber
[2020/04/04 22:33:29.799] - eth_getBlockByNumber
[2020/04/04 22:33:29.813] - eth_getBlockByNumber
[2020/04/04 22:33:29.826] - eth_getBlockByNumber
[2020/04/04 22:33:29.841] - eth_getBlockByNumber
[2020/04/04 22:33:29.856] - eth_getBlockByNumber
[2020/04/04 22:33:29.873] - eth_getBlockByNumber
[2020/04/04 22:33:29.897] - eth_getBlockByNumber
[2020/04/04 22:33:29.917] - eth_getBlockByNumber
[2020/04/04 22:33:29.930] - eth_getBlockByNumber
[2020/04/04 22:33:29.953] - eth_getBlockByNumber
[2020/04/04 22:33:29.971] - eth_getBlockByNumber
[2020/04/04 22:33:29.989] - eth_getBlockByNumber
[2020/04/04 22:33:30.005] - eth_getBlockByNumber
[2020/04/04 22:33:30.012] - eth_getBlockByNumber
[2020/04/04 22:33:30.018] - eth_getBlockByNumber
[2020/04/04 22:33:30.027] - eth_getBlockByNumber
[2020/04/04 22:33:30.038] - eth_getBlockByNumber
[2020/04/04 22:33:30.049] - eth_getCode
[2020/04/04 22:33:30.054] - eth_subscribe
[2020/04/04 22:33:30.057] - eth_getBlockByNumber
[2020/04/04 22:33:30.058] - eth_getLogs
[2020/04/04 22:33:30.061] - eth_subscribe
[2020/04/04 22:33:30.074] - eth_getBlockByNumber
[2020/04/04 22:33:30.206] - eth_getCode
[2020/04/04 22:33:30.305] - eth_getCode
[2020/04/04 22:33:30.334] - eth_getCode
[2020/04/04 22:33:30.350] - eth_getCode
[2020/04/04 22:33:30.393] - eth_getCode
[2020/04/04 22:33:30.582] - eth_blockNumber
[2020/04/04 22:33:30.604] - eth_getBlockByNumber
[2020/04/04 22:33:30.619] - eth_getBlockByNumber
[2020/04/04 22:33:30.620] - eth_getBlockByNumber
[2020/04/04 22:33:30.622] - eth_getBlockByNumber
[2020/04/04 22:33:30.634] - eth_getBlockByNumber
[2020/04/04 22:33:30.635] - eth_getBlockByNumber
[2020/04/04 22:33:30.640] - eth_getBlockByNumber
[2020/04/04 22:33:30.644] - eth_getBlockByNumber
[2020/04/04 22:33:30.645] - eth_getBlockByNumber
[2020/04/04 22:33:30.646] - eth_getBlockByNumber
[2020/04/04 22:33:30.650] - eth_getBlockByNumber
[2020/04/04 22:33:30.653] - eth_getBlockByNumber
[2020/04/04 22:33:30.658] - eth_getBlockByNumber
[2020/04/04 22:33:30.663] - eth_getBlockByNumber
[2020/04/04 22:33:30.665] - eth_getBlockByNumber
[2020/04/04 22:33:30.669] - eth_getBlockByNumber
[2020/04/04 22:33:30.673] - eth_getBlockByNumber
[2020/04/04 22:33:30.677] - eth_getBlockByNumber
[2020/04/04 22:33:30.680] - eth_getBlockByNumber
[2020/04/04 22:33:30.683] - eth_getBlockByNumber
[2020/04/04 22:33:30.688] - eth_getBlockByNumber
[2020/04/04 22:33:30.693] - eth_getBlockByNumber
[2020/04/04 22:33:30.696] - eth_getBlockByNumber
[2020/04/04 22:33:30.701] - eth_getBlockByNumber
[2020/04/04 22:33:30.703] - eth_getBlockByNumber
[2020/04/04 22:33:30.709] - eth_getBlockByNumber
[2020/04/04 22:33:30.710] - eth_getBlockByNumber
[2020/04/04 22:33:30.712] - eth_getBlockByNumber
[2020/04/04 22:33:30.715] - eth_getBlockByNumber
[2020/04/04 22:33:30.718] - eth_getBlockByNumber
[2020/04/04 22:33:30.721] - eth_getBlockByNumber
[2020/04/04 22:33:30.724] - eth_getBlockByNumber
[2020/04/04 22:33:30.730] - eth_getBlockByNumber
[2020/04/04 22:33:30.734] - eth_getBlockByNumber
[2020/04/04 22:33:30.738] - eth_getBlockByNumber
[2020/04/04 22:33:30.741] - eth_getBlockByNumber
[2020/04/04 22:33:30.744] - eth_getBlockByNumber
[2020/04/04 22:33:30.748] - eth_getBlockByNumber
[2020/04/04 22:33:30.752] - eth_getBlockByNumber
[2020/04/04 22:33:30.758] - eth_getBlockByNumber
[2020/04/04 22:33:30.760] - eth_getBlockByNumber
[2020/04/04 22:33:32.816] - eth_accounts
[2020/04/04 22:33:32.817] - eth_gasPrice
[2020/04/04 22:33:32.817] - eth_getBlockByNumber
[2020/04/04 22:33:32.818] - eth_subscribe
[2020/04/04 22:33:33.090] - eth_getBalance
[2020/04/04 22:33:33.139] - eth_getTransactionCount
[2020/04/04 22:33:33.183] - eth_getBalance
[2020/04/04 22:33:33.221] - eth_getTransactionCount
[2020/04/04 22:33:33.271] - eth_getBalance
[2020/04/04 22:33:33.321] - eth_getTransactionCount
[2020/04/04 22:33:33.358] - eth_getBalance
[2020/04/04 22:33:33.397] - eth_getTransactionCount
[2020/04/04 22:33:33.441] - eth_getBalance
[2020/04/04 22:33:33.489] - eth_getTransactionCount
[2020/04/04 22:33:33.551] - eth_getBalance
[2020/04/04 22:33:33.599] - eth_getTransactionCount
[2020/04/04 22:33:33.636] - eth_getBalance
[2020/04/04 22:33:33.672] - eth_getTransactionCount
[2020/04/04 22:33:33.708] - eth_getBalance
[2020/04/04 22:33:33.745] - eth_getTransactionCount
[2020/04/04 22:33:33.793] - eth_getBalance
[2020/04/04 22:33:33.831] - eth_getTransactionCount
[2020/04/04 22:33:33.871] - eth_getBalance
[2020/04/04 22:33:33.914] - eth_getTransactionCount
[2020/04/04 22:33:34.034] - eth_blockNumber
[2020/04/04 22:33:37.068] - eth_getBalance
[2020/04/04 22:33:37.106] - eth_getTransactionCount
[2020/04/04 22:33:37.142] - eth_getBalance
[2020/04/04 22:33:37.179] - eth_getTransactionCount
[2020/04/04 22:33:37.215] - eth_getBalance
[2020/04/04 22:33:37.250] - eth_getTransactionCount
[2020/04/04 22:33:37.294] - eth_getBalance
[2020/04/04 22:33:37.333] - eth_getTransactionCount
[2020/04/04 22:33:37.375] - eth_getBalance
[2020/04/04 22:33:37.426] - eth_getTransactionCount
[2020/04/04 22:33:37.501] - eth_getBalance
[2020/04/04 22:33:37.535] - eth_getTransactionCount
[2020/04/04 22:33:37.580] - eth_getBalance
[2020/04/04 22:33:37.623] - eth_getTransactionCount
[2020/04/04 22:33:37.661] - eth_getBalance
[2020/04/04 22:33:37.696] - eth_getTransactionCount
[2020/04/04 22:33:37.730] - eth_getBalance
[2020/04/04 22:33:37.765] - eth_getTransactionCount
[2020/04/04 22:33:37.810] - eth_getBalance
[2020/04/04 22:33:37.873] - eth_getTransactionCount
[2020/04/04 22:33:49.539] - eth_blockNumber
[2020/04/04 22:33:50.667] - eth_blockNumber
[2020/04/04 22:34:09.555] - eth_blockNumber
[2020/04/04 22:34:10.679] - eth_blockNumber
[2020/04/04 22:34:29.576] - eth_blockNumber
[2020/04/04 22:34:30.697] - eth_blockNumber
[2020/04/04 22:34:49.595] - eth_blockNumber
[2020/04/04 22:34:50.714] - eth_blockNumber
[2020/04/04 22:35:09.613] - eth_blockNumber
[2020/04/04 22:35:10.727] - eth_blockNumber
[2020/04/04 22:35:29.626] - eth_blockNumber
[2020/04/04 22:35:30.737] - eth_blockNumber
[2020/04/04 22:35:49.634] - eth_blockNumber
[2020/04/04 22:35:50.748] - eth_blockNumber
[2020/04/04 22:36:09.645] - eth_blockNumber
[2020/04/04 22:36:10.759] - eth_blockNumber
[2020/04/04 22:36:29.653] - eth_blockNumber
[2020/04/04 22:36:30.768] - eth_blockNumber
[2020/04/04 22:36:49.659] - eth_blockNumber
[2020/04/04 22:36:50.779] - eth_blockNumber
[2020/04/04 22:37:09.669] - eth_blockNumber
[2020/04/04 22:37:10.790] - eth_blockNumber
[2020/04/04 22:37:29.690] - eth_blockNumber
[2020/04/04 22:37:30.808] - eth_blockNumber
[2020/04/04 22:37:49.718] - eth_blockNumber
[2020/04/04 22:37:50.823] - eth_blockNumber
[2020/04/04 22:38:09.773] - eth_blockNumber
[2020/04/04 22:38:10.837] - eth_blockNumber
[2020/04/04 22:38:11.781] - eth_blockNumber
[2020/04/04 22:38:11.784] - net_version
[2020/04/04 22:38:11.810] - eth_getBlockByNumber
[2020/04/04 22:38:11.811] - eth_getBlockByNumber
[2020/04/04 22:38:13.885] - eth_getBalance
[2020/04/04 22:38:15.373] - net_version
[2020/04/04 22:38:30.847] - eth_blockNumber
[2020/04/04 22:38:31.820] - eth_blockNumber
[2020/04/04 22:38:50.861] - eth_blockNumber
[2020/04/04 22:38:51.840] - eth_blockNumber
[2020/04/04 22:39:10.873] - eth_blockNumber
[2020/04/04 22:39:11.860] - eth_blockNumber
[2020/04/04 22:39:30.886] - eth_blockNumber
[2020/04/04 22:39:31.877] - eth_blockNumber
[2020/04/04 22:39:50.896] - eth_blockNumber
[2020/04/04 22:39:51.895] - eth_blockNumber
[2020/04/04 22:40:10.904] - eth_blockNumber
[2020/04/04 22:40:11.908] - eth_blockNumber
[2020/04/04 22:40:30.913] - eth_blockNumber
[2020/04/04 22:40:31.919] - eth_blockNumber
[2020/04/04 22:40:50.921] - eth_blockNumber
[2020/04/04 22:40:51.932] - eth_blockNumber
[2020/04/04 22:41:10.929] - eth_blockNumber
[2020/04/04 22:41:11.944] - eth_blockNumber
[2020/04/04 22:41:30.942] - eth_blockNumber
[2020/04/04 22:41:31.968] - eth_blockNumber
[2020/04/04 22:41:50.951] - eth_blockNumber
[2020/04/04 22:41:51.983] - eth_blockNumber
[2020/04/04 22:42:10.960] - eth_blockNumber
[2020/04/04 22:42:11.998] - eth_blockNumber
[2020/04/04 22:42:30.973] - eth_blockNumber
[2020/04/04 22:42:32.018] - eth_blockNumber
[2020/04/04 22:42:50.994] - eth_blockNumber
[2020/04/04 22:42:52.037] - eth_blockNumber
[2020/04/04 22:43:11.006] - eth_blockNumber
[2020/04/04 22:43:12.048] - eth_blockNumber
[2020/04/04 22:43:31.019] - eth_blockNumber
[2020/04/04 22:43:32.063] - eth_blockNumber
[2020/04/04 22:43:51.028] - eth_blockNumber
[2020/04/04 22:43:52.074] - eth_blockNumber
[2020/04/04 22:44:01.298] - net_version
[2020/04/04 22:44:11.041] - eth_blockNumber
[2020/04/04 22:44:12.093] - eth_blockNumber
[2020/04/04 22:44:31.056] - eth_blockNumber
[2020/04/04 22:44:32.114] - eth_blockNumber
[2020/04/04 22:44:51.068] - eth_blockNumber
[2020/04/04 22:44:52.131] - eth_blockNumber
[2020/04/04 22:45:11.081] - eth_blockNumber
[2020/04/04 22:45:12.148] - eth_blockNumber
[2020/04/04 22:45:31.090] - eth_blockNumber
[2020/04/04 22:45:32.161] - eth_blockNumber
[2020/04/04 22:45:37.849] - net_version
[2020/04/04 22:45:51.100] - eth_blockNumber
[2020/04/04 22:45:52.174] - eth_blockNumber
[2020/04/04 22:46:09.861] - net_version
[2020/04/04 22:46:11.113] - eth_blockNumber
[2020/04/04 22:46:12.190] - eth_blockNumber
[2020/04/04 22:46:31.130] - eth_blockNumber
[2020/04/04 22:46:32.213] - eth_blockNumber
[2020/04/04 22:46:51.141] - eth_blockNumber
[2020/04/04 22:46:52.224] - eth_blockNumber
[2020/04/04 22:47:11.155] - eth_blockNumber
[2020/04/04 22:47:12.235] - eth_blockNumber
[2020/04/04 22:47:31.168] - eth_blockNumber
[2020/04/04 22:47:32.246] - eth_blockNumber
[2020/04/04 22:47:51.181] - eth_blockNumber
[2020/04/04 22:47:52.257] - eth_blockNumber
[2020/04/04 22:48:11.195] - eth_blockNumber
[2020/04/04 22:48:12.268] - eth_blockNumber
[2020/04/04 22:48:31.207] - eth_blockNumber
[2020/04/04 22:48:32.281] - eth_blockNumber
[2020/04/04 22:48:51.220] - eth_blockNumber
[2020/04/04 22:48:52.292] - eth_blockNumber
[2020/04/04 22:49:11.234] - eth_blockNumber
[2020/04/04 22:49:12.306] - eth_blockNumber
[2020/04/04 22:49:31.246] - eth_blockNumber
[2020/04/04 22:49:32.318] - eth_blockNumber
[2020/04/04 22:49:51.259] - eth_blockNumber
[2020/04/04 22:49:52.328] - eth_blockNumber
[2020/04/04 22:50:11.271] - eth_blockNumber
[2020/04/04 22:50:12.345] - eth_blockNumber
[2020/04/04 22:50:31.289] - eth_blockNumber
[2020/04/04 22:50:32.356] - eth_blockNumber
[2020/04/04 22:50:51.305] - eth_blockNumber
[2020/04/04 22:50:52.371] - eth_blockNumber
[2020/04/04 22:51:11.316] - eth_blockNumber
[2020/04/04 22:51:12.388] - eth_blockNumber
[2020/04/04 22:51:31.330] - eth_blockNumber
[2020/04/04 22:51:32.398] - eth_blockNumber
[2020/04/04 22:51:51.343] - eth_blockNumber
[2020/04/04 22:51:52.404] - eth_blockNumber
[2020/04/04 22:52:11.354] - eth_blockNumber
[2020/04/04 22:52:12.413] - eth_blockNumber
[2020/04/04 22:52:31.366] - eth_blockNumber
[2020/04/04 22:52:32.431] - eth_blockNumber
[2020/04/04 22:52:51.382] - eth_blockNumber
[2020/04/04 22:52:52.445] - eth_blockNumber
[2020/04/04 22:53:11.392] - eth_blockNumber
[2020/04/04 22:53:12.458] - eth_blockNumber
[2020/04/04 22:53:31.406] - eth_blockNumber
[2020/04/04 22:53:32.470] - eth_blockNumber
[2020/04/04 22:53:51.417] - eth_blockNumber
[2020/04/04 22:53:52.480] - eth_blockNumber
[2020/04/04 22:54:11.427] - eth_blockNumber
[2020/04/04 22:54:12.494] - eth_blockNumber
[2020/04/04 22:54:31.438] - eth_blockNumber
[2020/04/04 22:54:32.507] - eth_blockNumber
[2020/04/04 22:54:51.449] - eth_blockNumber
[2020/04/04 22:54:52.516] - eth_blockNumber
[2020/04/04 22:55:11.462] - eth_blockNumber
[2020/04/04 22:55:12.528] - eth_blockNumber
[2020/04/04 22:55:31.477] - eth_blockNumber
[2020/04/04 22:55:32.543] - eth_blockNumber
[2020/04/04 22:55:51.489] - eth_blockNumber
[2020/04/04 22:55:52.552] - eth_blockNumber
[2020/04/04 22:56:11.500] - eth_blockNumber
[2020/04/04 22:56:12.560] - eth_blockNumber
[2020/04/04 22:56:31.509] - eth_blockNumber
[2020/04/04 22:56:32.598] - eth_blockNumber
[2020/04/04 22:56:51.521] - eth_blockNumber
[2020/04/04 22:56:52.618] - eth_blockNumber
[2020/04/04 22:57:11.536] - eth_blockNumber
[2020/04/04 22:57:12.630] - eth_blockNumber
[2020/04/04 22:57:31.551] - eth_blockNumber
[2020/04/04 22:57:32.651] - eth_blockNumber
[2020/04/04 22:57:51.564] - eth_blockNumber
[2020/04/04 22:57:52.666] - eth_blockNumber
[2020/04/04 22:58:11.575] - eth_blockNumber
[2020/04/04 22:58:12.674] - eth_blockNumber
[2020/04/04 22:58:31.589] - eth_blockNumber
[2020/04/04 22:58:32.680] - eth_blockNumber
[2020/04/04 22:58:51.600] - eth_blockNumber
[2020/04/04 22:58:52.695] - eth_blockNumber
[2020/04/04 22:59:11.611] - eth_blockNumber
[2020/04/04 22:59:12.715] - eth_blockNumber
[2020/04/04 22:59:31.626] - eth_blockNumber
[2020/04/04 22:59:32.727] - eth_blockNumber
[2020/04/04 22:59:51.640] - eth_blockNumber
[2020/04/04 22:59:52.737] - eth_blockNumber
[2020/04/04 23:00:11.648] - eth_blockNumber
[2020/04/04 23:00:12.748] - eth_blockNumber
[2020/04/04 23:00:31.659] - eth_blockNumber
[2020/04/04 23:00:32.757] - eth_blockNumber
[2020/04/04 23:00:51.670] - eth_blockNumber
[2020/04/04 23:00:52.770] - eth_blockNumber
[2020/04/04 23:01:11.683] - eth_blockNumber
[2020/04/04 23:01:12.780] - eth_blockNumber
[2020/04/04 23:01:31.702] - eth_blockNumber
[2020/04/04 23:01:32.792] - eth_blockNumber
[2020/04/04 23:01:51.715] - eth_blockNumber
[2020/04/04 23:01:52.805] - eth_blockNumber
[2020/04/04 23:02:11.728] - eth_blockNumber
[2020/04/04 23:02:12.816] - eth_blockNumber
[2020/04/04 23:02:31.738] - eth_blockNumber
[2020/04/04 23:02:32.825] - eth_blockNumber
[2020/04/04 23:02:51.746] - eth_blockNumber
[2020/04/04 23:02:52.840] - eth_blockNumber
[2020/04/04 23:03:11.755] - eth_blockNumber
[2020/04/04 23:03:12.854] - eth_blockNumber
[2020/04/04 23:03:31.769] - eth_blockNumber
[2020/04/04 23:03:32.873] - eth_blockNumber
[2020/04/04 23:03:51.787] - eth_blockNumber
[2020/04/04 23:03:52.888] - eth_blockNumber
[2020/04/04 23:04:11.798] - eth_blockNumber
[2020/04/04 23:04:12.902] - eth_blockNumber
[2020/04/04 23:04:31.807] - eth_blockNumber
[2020/04/04 23:04:32.915] - eth_blockNumber
[2020/04/04 23:04:51.823] - eth_blockNumber
[2020/04/04 23:04:52.931] - eth_blockNumber
[2020/04/04 23:05:11.836] - eth_blockNumber
[2020/04/04 23:05:12.945] - eth_blockNumber
[2020/04/04 23:05:31.848] - eth_blockNumber
[2020/04/04 23:05:32.956] - eth_blockNumber
[2020/04/04 23:05:51.859] - eth_blockNumber
[2020/04/04 23:05:52.966] - eth_blockNumber
[2020/04/04 23:06:11.869] - eth_blockNumber
[2020/04/04 23:06:12.975] - eth_blockNumber
[2020/04/04 23:06:31.880] - eth_blockNumber
[2020/04/04 23:06:32.983] - eth_blockNumber
[2020/04/04 23:06:51.892] - eth_blockNumber
[2020/04/04 23:06:52.996] - eth_blockNumber
[2020/04/04 23:07:11.904] - eth_blockNumber
[2020/04/04 23:07:13.006] - eth_blockNumber
[2020/04/04 23:07:31.914] - eth_blockNumber
[2020/04/04 23:07:33.013] - eth_blockNumber
[2020/04/04 23:07:51.926] - eth_blockNumber
[2020/04/04 23:07:53.020] - eth_blockNumber
[2020/04/04 23:08:11.937] - eth_blockNumber
[2020/04/04 23:08:13.034] - eth_blockNumber
[2020/04/04 23:08:31.950] - eth_blockNumber
[2020/04/04 23:08:33.045] - eth_blockNumber
[2020/04/04 23:08:51.961] - eth_blockNumber
[2020/04/04 23:08:53.055] - eth_blockNumber
[2020/04/04 23:09:11.972] - eth_blockNumber
[2020/04/04 23:09:13.064] - eth_blockNumber
[2020/04/04 23:09:31.981] - eth_blockNumber
[2020/04/04 23:09:33.080] - eth_blockNumber
[2020/04/04 23:09:51.992] - eth_blockNumber
[2020/04/04 23:09:53.099] - eth_blockNumber
[2020/04/04 23:10:12.002] - eth_blockNumber
[2020/04/04 23:10:13.110] - eth_blockNumber
[2020/04/04 23:10:32.012] - eth_blockNumber
[2020/04/04 23:10:33.121] - eth_blockNumber
[2020/04/04 23:10:52.022] - eth_blockNumber
[2020/04/04 23:10:53.131] - eth_blockNumber
[2020/04/04 23:11:12.034] - eth_blockNumber
[2020/04/04 23:11:13.144] - eth_blockNumber
[2020/04/04 23:11:32.044] - eth_blockNumber
[2020/04/04 23:11:33.157] - eth_blockNumber
[2020/04/04 23:11:52.053] - eth_blockNumber
[2020/04/04 23:11:53.166] - eth_blockNumber
[2020/04/04 23:12:12.063] - eth_blockNumber
[2020/04/04 23:12:13.176] - eth_blockNumber
[2020/04/04 23:12:32.072] - eth_blockNumber
[2020/04/04 23:12:33.186] - eth_blockNumber
[2020/04/04 23:12:52.083] - eth_blockNumber
[2020/04/04 23:12:53.192] - eth_blockNumber
[2020/04/04 23:13:12.095] - eth_blockNumber
[2020/04/04 23:13:13.199] - eth_blockNumber
[2020/04/04 23:13:32.115] - eth_blockNumber
[2020/04/04 23:13:33.211] - eth_blockNumber
[2020/04/04 23:13:52.129] - eth_blockNumber
[2020/04/04 23:13:53.221] - eth_blockNumber
[2020/04/04 23:14:12.143] - eth_blockNumber
[2020/04/04 23:14:13.230] - eth_blockNumber
[2020/04/04 23:14:32.157] - eth_blockNumber
[2020/04/04 23:14:33.242] - eth_blockNumber
[2020/04/04 23:14:52.169] - eth_blockNumber
[2020/04/04 23:14:53.258] - eth_blockNumber
[2020/04/04 23:15:12.180] - eth_blockNumber
[2020/04/04 23:15:13.268] - eth_blockNumber
[2020/04/04 23:15:32.192] - eth_blockNumber
[2020/04/04 23:15:33.278] - eth_blockNumber
[2020/04/04 23:15:52.205] - eth_blockNumber
[2020/04/04 23:15:53.288] - eth_blockNumber
[2020/04/04 23:16:12.215] - eth_blockNumber
[2020/04/04 23:16:13.299] - eth_blockNumber
[2020/04/04 23:16:32.225] - eth_blockNumber
[2020/04/04 23:16:33.310] - eth_blockNumber
[2020/04/04 23:16:52.236] - eth_blockNumber
[2020/04/04 23:16:53.321] - eth_blockNumber
[2020/04/04 23:17:12.250] - eth_blockNumber
[2020/04/04 23:17:13.335] - eth_blockNumber
[2020/04/04 23:17:32.266] - eth_blockNumber
[2020/04/04 23:17:33.356] - eth_blockNumber
[2020/04/04 23:17:52.289] - eth_blockNumber
[2020/04/04 23:17:53.373] - eth_blockNumber
[2020/04/04 23:18:12.305] - eth_blockNumber
[2020/04/04 23:18:13.389] - eth_blockNumber
[2020/04/04 23:18:32.326] - eth_blockNumber
[2020/04/04 23:18:33.407] - eth_blockNumber
[2020/04/04 23:18:52.343] - eth_blockNumber
[2020/04/04 23:18:53.426] - eth_blockNumber
[2020/04/04 23:19:12.359] - eth_blockNumber
[2020/04/04 23:19:13.439] - eth_blockNumber
[2020/04/04 23:19:32.372] - eth_blockNumber
[2020/04/04 23:19:33.454] - eth_blockNumber
[2020/04/04 23:19:52.383] - eth_blockNumber
[2020/04/04 23:19:53.464] - eth_blockNumber
[2020/04/04 23:20:12.394] - eth_blockNumber
[2020/04/04 23:20:13.479] - eth_blockNumber
[2020/04/04 23:20:32.406] - eth_blockNumber
[2020/04/04 23:20:33.492] - eth_blockNumber
[2020/04/04 23:20:52.421] - eth_blockNumber
[2020/04/04 23:20:53.503] - eth_blockNumber
[2020/04/04 23:21:12.435] - eth_blockNumber
[2020/04/04 23:21:13.513] - eth_blockNumber
[2020/04/04 23:21:32.445] - eth_blockNumber
[2020/04/04 23:21:33.526] - eth_blockNumber
[2020/04/04 23:21:52.453] - eth_blockNumber
[2020/04/04 23:21:53.534] - eth_blockNumber
[2020/04/04 23:22:12.465] - eth_blockNumber
[2020/04/04 23:22:13.540] - eth_blockNumber
[2020/04/04 23:22:32.478] - eth_blockNumber
[2020/04/04 23:22:33.546] - eth_blockNumber
[2020/04/04 23:22:52.490] - eth_blockNumber
[2020/04/04 23:22:53.553] - eth_blockNumber
[2020/04/04 23:23:12.504] - eth_blockNumber
[2020/04/04 23:23:13.562] - eth_blockNumber
[2020/04/04 23:23:32.519] - eth_blockNumber
[2020/04/04 23:23:33.578] - eth_blockNumber
[2020/04/04 23:23:52.531] - eth_blockNumber
[2020/04/04 23:23:53.587] - eth_blockNumber
[2020/04/04 23:24:12.542] - eth_blockNumber
[2020/04/04 23:24:13.598] - eth_blockNumber
[2020/04/04 23:24:32.558] - eth_blockNumber
[2020/04/04 23:24:33.608] - eth_blockNumber
[2020/04/04 23:24:52.570] - eth_blockNumber
[2020/04/04 23:24:53.618] - eth_blockNumber
[2020/04/04 23:25:12.581] - eth_blockNumber
[2020/04/04 23:25:13.626] - eth_blockNumber
[2020/04/04 23:25:32.592] - eth_blockNumber
[2020/04/04 23:25:33.635] - eth_blockNumber
[2020/04/04 23:25:52.603] - eth_blockNumber
[2020/04/04 23:25:53.641] - eth_blockNumber
[2020/04/04 23:26:12.614] - eth_blockNumber
[2020/04/04 23:26:13.649] - eth_blockNumber
[2020/04/04 23:26:32.624] - eth_blockNumber
[2020/04/04 23:26:33.661] - eth_blockNumber
[2020/04/04 23:26:52.638] - eth_blockNumber
[2020/04/04 23:26:53.675] - eth_blockNumber
[2020/04/04 23:27:12.650] - eth_blockNumber
[2020/04/04 23:27:13.685] - eth_blockNumber
[2020/04/04 23:27:32.659] - eth_blockNumber
[2020/04/04 23:27:33.697] - eth_blockNumber
[2020/04/04 23:27:52.670] - eth_blockNumber
[2020/04/04 23:27:53.708] - eth_blockNumber
[2020/04/04 23:28:12.684] - eth_blockNumber
[2020/04/04 23:28:13.722] - eth_blockNumber
[2020/04/04 23:28:32.693] - eth_blockNumber
[2020/04/04 23:28:33.734] - eth_blockNumber
[2020/04/04 23:28:52.703] - eth_blockNumber
[2020/04/04 23:28:53.748] - eth_blockNumber
[2020/04/04 23:29:12.712] - eth_blockNumber
[2020/04/04 23:29:13.769] - eth_blockNumber
[2020/04/04 23:29:32.727] - eth_blockNumber
[2020/04/04 23:29:33.792] - eth_blockNumber
[2020/04/04 23:29:52.746] - eth_blockNumber
[2020/04/04 23:29:53.818] - eth_blockNumber
[2020/04/04 23:30:12.757] - eth_blockNumber
[2020/04/04 23:30:13.840] - eth_blockNumber
[2020/04/04 23:30:32.765] - eth_blockNumber
[2020/04/04 23:30:33.880] - eth_blockNumber
[2020/04/04 23:30:52.776] - eth_blockNumber
[2020/04/04 23:30:53.889] - eth_blockNumber
[2020/04/04 23:31:12.789] - eth_blockNumber
[2020/04/04 23:31:13.898] - eth_blockNumber
[2020/04/04 23:31:32.800] - eth_blockNumber
[2020/04/04 23:31:33.908] - eth_blockNumber
[2020/04/04 23:31:52.810] - eth_blockNumber
[2020/04/04 23:31:53.915] - eth_blockNumber
[2020/04/04 23:32:12.823] - eth_blockNumber
[2020/04/04 23:32:13.926] - eth_blockNumber
[2020/04/04 23:32:32.833] - eth_blockNumber
[2020/04/04 23:32:33.936] - eth_blockNumber
[2020/04/04 23:32:52.846] - eth_blockNumber
[2020/04/04 23:32:53.944] - eth_blockNumber
[2020/04/04 23:33:12.859] - eth_blockNumber
[2020/04/04 23:33:13.955] - eth_blockNumber
[2020/04/04 23:33:32.872] - eth_blockNumber
[2020/04/04 23:33:33.964] - eth_blockNumber
[2020/04/04 23:33:52.882] - eth_blockNumber
[2020/04/04 23:33:53.972] - eth_blockNumber
[2020/04/04 23:34:12.892] - eth_blockNumber
[2020/04/04 23:34:13.983] - eth_blockNumber
[2020/04/04 23:34:32.902] - eth_blockNumber
[2020/04/04 23:34:33.990] - eth_blockNumber
[2020/04/04 23:34:52.916] - eth_blockNumber
[2020/04/04 23:34:53.996] - eth_blockNumber
[2020/04/04 23:35:12.927] - eth_blockNumber
[2020/04/04 23:35:14.004] - eth_blockNumber
[2020/04/04 23:35:32.937] - eth_blockNumber
[2020/04/04 23:35:34.015] - eth_blockNumber
[2020/04/04 23:35:52.946] - eth_blockNumber
[2020/04/04 23:35:54.026] - eth_blockNumber
[2020/04/04 23:36:12.957] - eth_blockNumber
[2020/04/04 23:36:14.033] - eth_blockNumber
[2020/04/04 23:36:32.973] - eth_blockNumber
[2020/04/04 23:36:34.042] - eth_blockNumber
[2020/04/04 23:36:52.984] - eth_blockNumber
[2020/04/04 23:36:54.051] - eth_blockNumber
[2020/04/04 23:37:12.995] - eth_blockNumber
[2020/04/04 23:37:14.057] - eth_blockNumber
[2020/04/04 23:37:33.005] - eth_blockNumber
[2020/04/04 23:37:34.067] - eth_blockNumber
[2020/04/04 23:37:53.016] - eth_blockNumber
[2020/04/04 23:37:54.077] - eth_blockNumber
[2020/04/04 23:38:13.026] - eth_blockNumber
[2020/04/04 23:38:14.086] - eth_blockNumber
[2020/04/04 23:38:25.473] - net_version
[2020/04/04 23:38:25.674] - eth_call
[2020/04/04 23:38:33.035] - eth_blockNumber
[2020/04/04 23:38:34.152] - eth_blockNumber
[2020/04/04 23:38:41.250] - eth_call
[2020/04/04 23:38:41.489] - eth_call
[2020/04/04 23:38:41.495] - eth_call
[2020/04/04 23:38:41.609] - eth_call
[2020/04/04 23:38:53.048] - eth_blockNumber
[2020/04/04 23:38:54.405] - eth_blockNumber
[2020/04/04 23:39:09.626] - net_version
[2020/04/04 23:39:13.060] - eth_blockNumber
[2020/04/04 23:39:14.654] - eth_blockNumber
[2020/04/04 23:39:33.071] - eth_blockNumber
[2020/04/04 23:39:35.222] - eth_blockNumber
[2020/04/04 23:39:53.084] - eth_blockNumber
[2020/04/04 23:39:55.241] - eth_blockNumber
[2020/04/04 23:40:12.719] - net_version
[2020/04/04 23:40:13.102] - eth_blockNumber
[2020/04/04 23:40:15.254] - eth_blockNumber
[2020/04/04 23:40:33.121] - eth_blockNumber
[2020/04/04 23:40:35.266] - eth_blockNumber
[2020/04/04 23:40:53.137] - eth_blockNumber
[2020/04/04 23:40:55.277] - eth_blockNumber
[2020/04/04 23:41:13.146] - eth_blockNumber
[2020/04/04 23:41:15.288] - eth_blockNumber
[2020/04/04 23:41:33.157] - eth_blockNumber
[2020/04/04 23:41:35.299] - eth_blockNumber
[2020/04/04 23:41:53.171] - eth_blockNumber
[2020/04/04 23:41:55.314] - eth_blockNumber
[2020/04/04 23:42:13.183] - eth_blockNumber
[2020/04/04 23:42:16.002] - eth_blockNumber
[2020/04/04 23:42:33.244] - eth_blockNumber
[2020/04/04 23:42:36.237] - eth_blockNumber
[2020/04/04 23:42:53.274] - eth_blockNumber
[2020/04/04 23:42:56.252] - eth_blockNumber
[2020/04/04 23:43:13.289] - eth_blockNumber
[2020/04/04 23:43:16.267] - eth_blockNumber
[2020/04/04 23:43:33.300] - eth_blockNumber
[2020/04/04 23:43:36.279] - eth_blockNumber
[2020/04/04 23:43:53.306] - eth_blockNumber
[2020/04/04 23:43:56.288] - eth_blockNumber
[2020/04/04 23:44:13.314] - eth_blockNumber
[2020/04/04 23:44:16.305] - eth_blockNumber
[2020/04/04 23:44:33.325] - eth_blockNumber
[2020/04/04 23:44:36.317] - eth_blockNumber
[2020/04/04 23:44:38.028] - net_version
[2020/04/04 23:44:38.287] - eth_call
[2020/04/04 23:44:38.293] - eth_call
[2020/04/04 23:44:38.294] - eth_call
[2020/04/04 23:44:38.300] - eth_call
[2020/04/04 23:44:38.530] - eth_call
[2020/04/04 23:44:42.279] - eth_call
[2020/04/04 23:44:53.340] - eth_blockNumber
[2020/04/04 23:44:56.326] - eth_blockNumber
[2020/04/04 23:45:13.350] - eth_blockNumber
[2020/04/04 23:45:16.345] - eth_blockNumber
[2020/04/04 23:45:21.197] - eth_gasPrice
[2020/04/04 23:45:21.266] - eth_getCode
[2020/04/04 23:45:21.557] - eth_estimateGas
[2020/04/04 23:45:23.962] - eth_getTransactionCount
[2020/04/04 23:45:25.356] - eth_sendRawTransaction
[2020/04/04 23:45:25.532] - 
[2020/04/04 23:45:25.533] -   Transaction: 0x6f7876f2b54153dd1bdff6f6da5e2b18abdbeca99a048755b4883cea267f1fac
[2020/04/04 23:45:25.533] -   Gas usage: 286945
[2020/04/04 23:45:25.533] -   Block Number: 339
[2020/04/04 23:45:25.534] -   Block Time: Sat Apr 04 2020 23:45:25 GMT+0100 (IST)
[2020/04/04 23:45:25.534] - 
[2020/04/04 23:45:25.537] - eth_getBlockByNumber
[2020/04/04 23:45:25.682] - eth_getBalance
[2020/04/04 23:45:25.721] - eth_getTransactionCount
[2020/04/04 23:45:25.770] - eth_getBalance
[2020/04/04 23:45:25.837] - eth_getTransactionCount
[2020/04/04 23:45:25.895] - eth_getBalance
[2020/04/04 23:45:25.934] - eth_getTransactionCount
[2020/04/04 23:45:25.974] - eth_getBalance
[2020/04/04 23:45:26.011] - eth_getTransactionCount
[2020/04/04 23:45:26.051] - eth_getBalance
[2020/04/04 23:45:26.089] - eth_getTransactionCount
[2020/04/04 23:45:26.160] - eth_getBalance
[2020/04/04 23:45:26.211] - eth_getTransactionCount
[2020/04/04 23:45:26.267] - eth_getBalance
[2020/04/04 23:45:26.345] - eth_getTransactionCount
[2020/04/04 23:45:26.377] - eth_getBalance
[2020/04/04 23:45:26.415] - eth_getTransactionCount
[2020/04/04 23:45:26.460] - eth_getBalance
[2020/04/04 23:45:26.506] - eth_getTransactionCount
[2020/04/04 23:45:26.544] - eth_getBalance
[2020/04/04 23:45:26.582] - eth_getTransactionCount
[2020/04/04 23:45:26.924] - eth_getTransactionReceipt
[2020/04/04 23:45:26.939] - eth_blockNumber
[2020/04/04 23:45:26.956] - eth_getBlockByNumber
[2020/04/04 23:45:26.957] - eth_getBlockByNumber
[2020/04/04 23:45:27.010] - eth_getTransactionReceipt
[2020/04/04 23:45:27.126] - eth_getTransactionCount
[2020/04/04 23:45:27.142] - eth_call
[2020/04/04 23:45:28.435] - eth_call
[2020/04/04 23:45:28.677] - eth_getBalance
[2020/04/04 23:45:28.945] - eth_call
[2020/04/04 23:45:33.364] - eth_blockNumber
[2020/04/04 23:45:33.373] - eth_getBlockByNumber
[2020/04/04 23:45:36.360] - eth_blockNumber
[2020/04/04 23:45:53.378] - eth_blockNumber
[2020/04/04 23:45:54.640] - eth_call
[2020/04/04 23:45:56.374] - eth_blockNumber
[2020/04/04 23:46:13.392] - eth_blockNumber
[2020/04/04 23:46:16.386] - eth_blockNumber
[2020/04/04 23:46:20.175] - eth_call
[2020/04/04 23:46:33.401] - eth_blockNumber
[2020/04/04 23:46:36.402] - eth_blockNumber
[2020/04/04 23:46:53.415] - eth_blockNumber
[2020/04/04 23:46:56.653] - eth_blockNumber
[2020/04/04 23:47:00.639] - net_version
[2020/04/04 23:47:00.896] - eth_call
[2020/04/04 23:47:13.431] - eth_blockNumber
[2020/04/04 23:47:16.800] - eth_blockNumber
[2020/04/04 23:47:33.441] - eth_blockNumber
[2020/04/04 23:47:36.814] - eth_blockNumber
[2020/04/04 23:47:53.451] - eth_blockNumber
[2020/04/04 23:47:56.827] - eth_blockNumber
[2020/04/04 23:48:13.468] - eth_blockNumber
[2020/04/04 23:48:16.840] - eth_blockNumber
[2020/04/04 23:48:33.482] - eth_blockNumber
[2020/04/04 23:48:36.851] - eth_blockNumber
[2020/04/04 23:48:53.495] - eth_blockNumber
[2020/04/04 23:48:56.859] - eth_blockNumber
[2020/04/04 23:49:13.509] - eth_blockNumber
[2020/04/04 23:49:16.870] - eth_blockNumber
[2020/04/04 23:49:33.521] - eth_blockNumber
[2020/04/04 23:49:36.879] - eth_blockNumber
[2020/04/04 23:49:53.534] - eth_blockNumber
[2020/04/04 23:49:56.892] - eth_blockNumber
[2020/04/04 23:50:06.415] - eth_gasPrice
[2020/04/04 23:50:06.594] - eth_getCode
[2020/04/04 23:50:06.798] - eth_estimateGas
[2020/04/04 23:50:12.444] - eth_sendRawTransaction
[2020/04/04 23:50:12.554] - 
[2020/04/04 23:50:12.554] -   Transaction: 0xd9bd5e650adb5a8b60ef044f3548885084a8564a4392743aed140c092cdca71a
[2020/04/04 23:50:12.554] -   Gas usage: 286817
[2020/04/04 23:50:12.554] -   Block Number: 340
[2020/04/04 23:50:12.554] -   Block Time: Sat Apr 04 2020 23:50:12 GMT+0100 (IST)
[2020/04/04 23:50:12.554] - 
[2020/04/04 23:50:12.555] - eth_getBlockByNumber
[2020/04/04 23:50:12.756] - eth_getBalance
[2020/04/04 23:50:12.829] - eth_getTransactionCount
[2020/04/04 23:50:12.904] - eth_getBalance
[2020/04/04 23:50:12.944] - eth_getTransactionCount
[2020/04/04 23:50:12.982] - eth_getBalance
[2020/04/04 23:50:13.022] - eth_getTransactionCount
[2020/04/04 23:50:13.073] - eth_getBalance
[2020/04/04 23:50:13.160] - eth_getTransactionCount
[2020/04/04 23:50:13.216] - eth_getBalance
[2020/04/04 23:50:13.255] - eth_getTransactionCount
[2020/04/04 23:50:13.293] - eth_getBalance
[2020/04/04 23:50:13.331] - eth_getTransactionCount
[2020/04/04 23:50:13.369] - eth_getBalance
[2020/04/04 23:50:13.408] - eth_getTransactionCount
[2020/04/04 23:50:13.446] - eth_getBalance
[2020/04/04 23:50:13.495] - eth_getTransactionCount
[2020/04/04 23:50:13.549] - eth_blockNumber
[2020/04/04 23:50:13.561] - eth_getBlockByNumber
[2020/04/04 23:50:13.590] - eth_getBalance
[2020/04/04 23:50:13.696] - eth_getTransactionCount
[2020/04/04 23:50:13.769] - eth_getBalance
[2020/04/04 23:50:13.955] - eth_getTransactionCount
[2020/04/04 23:50:14.419] - eth_getTransactionReceipt
[2020/04/04 23:50:14.480] - eth_blockNumber
[2020/04/04 23:50:14.493] - eth_getBlockByNumber
[2020/04/04 23:50:14.497] - eth_getBlockByNumber
[2020/04/04 23:50:14.524] - eth_call
[2020/04/04 23:50:14.528] - eth_call
[2020/04/04 23:50:14.591] - eth_getTransactionReceipt
[2020/04/04 23:50:14.743] - eth_getBalance
[2020/04/04 23:50:15.030] - eth_getTransactionCount
[2020/04/04 23:50:15.866] - eth_call
[2020/04/04 23:50:16.185] - eth_call
[2020/04/04 23:50:16.900] - eth_blockNumber
[2020/04/04 23:50:19.168] - eth_call
[2020/04/04 23:50:33.563] - eth_blockNumber
[2020/04/04 23:50:36.916] - eth_blockNumber
[2020/04/04 23:50:53.574] - eth_blockNumber
[2020/04/04 23:50:56.936] - eth_blockNumber
[2020/04/04 23:51:13.586] - eth_blockNumber
[2020/04/04 23:51:16.948] - eth_blockNumber
[2020/04/04 23:51:33.609] - eth_blockNumber
[2020/04/04 23:51:36.962] - eth_blockNumber
[2020/04/04 23:51:53.622] - eth_blockNumber
[2020/04/04 23:51:56.977] - eth_blockNumber
[2020/04/04 23:52:13.645] - eth_blockNumber
[2020/04/04 23:52:16.993] - eth_blockNumber
[2020/04/04 23:52:33.662] - eth_blockNumber
[2020/04/04 23:52:37.018] - eth_blockNumber
[2020/04/04 23:52:53.670] - eth_blockNumber
[2020/04/04 23:52:57.070] - eth_blockNumber
[2020/04/04 23:53:13.682] - eth_blockNumber
[2020/04/04 23:53:17.092] - eth_blockNumber
[2020/04/04 23:53:33.697] - eth_blockNumber
[2020/04/04 23:53:37.112] - eth_blockNumber
[2020/04/04 23:53:53.707] - eth_blockNumber
[2020/04/04 23:53:57.128] - eth_blockNumber
[2020/04/04 23:54:13.719] - eth_blockNumber
[2020/04/04 23:54:17.142] - eth_blockNumber
[2020/04/04 23:54:33.731] - eth_blockNumber
[2020/04/04 23:54:37.155] - eth_blockNumber
[2020/04/04 23:54:53.742] - eth_blockNumber
[2020/04/04 23:54:57.167] - eth_blockNumber
[2020/04/04 23:55:13.750] - eth_blockNumber
[2020/04/04 23:55:17.181] - eth_blockNumber
[2020/04/04 23:55:33.759] - eth_blockNumber
[2020/04/04 23:55:37.193] - eth_blockNumber
[2020/04/04 23:55:53.773] - eth_blockNumber
[2020/04/04 23:55:57.211] - eth_blockNumber
[2020/04/04 23:56:13.791] - eth_blockNumber
[2020/04/04 23:56:17.220] - eth_blockNumber
[2020/04/04 23:56:33.808] - eth_blockNumber
[2020/04/04 23:56:37.234] - eth_blockNumber
[2020/04/04 23:56:53.822] - eth_blockNumber
[2020/04/04 23:56:57.251] - eth_blockNumber
[2020/04/04 23:57:13.836] - eth_blockNumber
[2020/04/04 23:57:17.264] - eth_blockNumber
[2020/04/04 23:57:33.855] - eth_blockNumber
[2020/04/04 23:57:37.293] - eth_blockNumber
[2020/04/04 23:57:53.872] - eth_blockNumber
[2020/04/04 23:57:57.311] - eth_blockNumber
[2020/04/04 23:58:13.884] - eth_blockNumber
[2020/04/04 23:58:17.324] - eth_blockNumber
[2020/04/04 23:58:33.898] - eth_blockNumber
[2020/04/04 23:58:37.337] - eth_blockNumber
[2020/04/04 23:58:53.925] - eth_blockNumber
[2020/04/04 23:58:57.352] - eth_blockNumber
[2020/04/04 23:59:13.937] - eth_blockNumber
[2020/04/04 23:59:17.364] - eth_blockNumber
[2020/04/04 23:59:33.949] - eth_blockNumber
[2020/04/04 23:59:37.376] - eth_blockNumber
[2020/04/04 23:59:53.959] - eth_blockNumber
[2020/04/04 23:59:57.388] - eth_blockNumber
[2020/04/05 00:00:13.970] - eth_blockNumber
[2020/04/05 00:00:17.397] - eth_blockNumber
[2020/04/05 00:00:33.977] - eth_blockNumber
[2020/04/05 00:00:37.409] - eth_blockNumber
[2020/04/05 00:00:53.985] - eth_blockNumber
[2020/04/05 00:00:57.427] - eth_blockNumber
[2020/04/05 00:01:13.995] - eth_blockNumber
[2020/04/05 00:01:17.439] - eth_blockNumber
[2020/04/05 00:01:34.007] - eth_blockNumber
[2020/04/05 00:01:37.451] - eth_blockNumber
[2020/04/05 00:01:54.019] - eth_blockNumber
[2020/04/05 00:01:57.467] - eth_blockNumber
[2020/04/05 00:02:14.030] - eth_blockNumber
[2020/04/05 00:02:17.532] - eth_blockNumber
[2020/04/05 00:02:34.042] - eth_blockNumber
[2020/04/05 00:02:37.541] - eth_blockNumber
[2020/04/05 00:02:54.055] - eth_blockNumber
[2020/04/05 00:02:57.551] - eth_blockNumber
[2020/04/05 00:03:14.065] - eth_blockNumber
[2020/04/05 00:03:17.566] - eth_blockNumber
[2020/04/05 00:03:34.085] - eth_blockNumber
[2020/04/05 00:03:37.598] - eth_blockNumber
[2020/04/05 00:03:54.098] - eth_blockNumber
[2020/04/05 00:03:57.618] - eth_blockNumber
[2020/04/05 00:04:14.109] - eth_blockNumber
[2020/04/05 00:04:17.626] - eth_blockNumber
[2020/04/05 00:04:34.122] - eth_blockNumber
[2020/04/05 00:04:37.636] - eth_blockNumber
[2020/04/05 00:04:54.132] - eth_blockNumber
[2020/04/05 00:04:57.648] - eth_blockNumber
[2020/04/05 00:05:14.144] - eth_blockNumber
[2020/04/05 00:05:17.661] - eth_blockNumber
[2020/04/05 00:05:34.156] - eth_blockNumber
[2020/04/05 00:05:37.678] - eth_blockNumber
[2020/04/05 00:05:54.175] - eth_blockNumber
[2020/04/05 00:05:57.691] - eth_blockNumber
[2020/04/05 00:06:14.187] - eth_blockNumber
[2020/04/05 00:06:17.704] - eth_blockNumber
[2020/04/05 00:06:34.197] - eth_blockNumber
[2020/04/05 00:06:37.714] - eth_blockNumber
[2020/04/05 00:06:54.207] - eth_blockNumber
[2020/04/05 00:06:57.721] - eth_blockNumber
[2020/04/05 00:07:14.220] - eth_blockNumber
[2020/04/05 00:07:17.735] - eth_blockNumber
[2020/04/05 00:07:34.233] - eth_blockNumber
[2020/04/05 00:07:37.750] - eth_blockNumber
[2020/04/05 00:07:54.242] - eth_blockNumber
[2020/04/05 00:07:57.766] - eth_blockNumber
[2020/04/05 00:08:14.254] - eth_blockNumber
[2020/04/05 00:08:17.781] - eth_blockNumber
[2020/04/05 00:08:34.268] - eth_blockNumber
[2020/04/05 00:08:37.798] - eth_blockNumber
[2020/04/05 00:08:54.282] - eth_blockNumber
[2020/04/05 00:08:57.811] - eth_blockNumber
[2020/04/05 00:09:14.294] - eth_blockNumber
[2020/04/05 00:09:17.826] - eth_blockNumber
[2020/04/05 00:09:18.666] - net_version
[2020/04/05 00:09:34.309] - eth_blockNumber
[2020/04/05 00:09:37.838] - eth_blockNumber
[2020/04/05 00:09:47.020] - net_version
[2020/04/05 00:09:54.316] - eth_blockNumber
[2020/04/05 00:09:57.856] - eth_blockNumber
[2020/04/05 00:10:14.326] - eth_blockNumber
[2020/04/05 00:10:17.869] - eth_blockNumber
[2020/04/05 00:10:34.337] - eth_blockNumber
[2020/04/05 00:10:37.875] - eth_blockNumber
[2020/04/05 00:10:54.350] - eth_blockNumber
[2020/04/05 00:10:57.890] - eth_blockNumber
[2020/04/05 00:11:14.362] - eth_blockNumber
[2020/04/05 00:11:17.907] - eth_blockNumber
[2020/04/05 00:11:34.370] - eth_blockNumber
[2020/04/05 00:11:37.927] - eth_blockNumber
[2020/04/05 00:11:54.378] - eth_blockNumber
[2020/04/05 00:11:55.242] - net_version
[2020/04/05 00:11:57.946] - eth_blockNumber
[2020/04/05 00:12:14.387] - eth_blockNumber
[2020/04/05 00:12:18.135] - eth_blockNumber
[2020/04/05 00:12:20.352] - net_version
[2020/04/05 00:12:34.397] - eth_blockNumber
[2020/04/05 00:12:38.146] - eth_blockNumber
[2020/04/05 00:12:54.407] - eth_blockNumber
[2020/04/05 00:12:58.158] - eth_blockNumber
[2020/04/05 00:13:14.418] - eth_blockNumber
[2020/04/05 00:13:18.169] - eth_blockNumber
[2020/04/05 00:13:29.282] - net_version
[2020/04/05 00:13:34.438] - eth_blockNumber
[2020/04/05 00:13:38.179] - eth_blockNumber
[2020/04/05 00:13:54.454] - eth_blockNumber
[2020/04/05 00:13:58.194] - eth_blockNumber
[2020/04/05 00:14:14.466] - eth_blockNumber
[2020/04/05 00:14:18.203] - eth_blockNumber
[2020/04/05 00:14:34.480] - eth_blockNumber
[2020/04/05 00:14:38.216] - eth_blockNumber
[2020/04/05 00:14:54.491] - eth_blockNumber
[2020/04/05 00:14:58.235] - eth_blockNumber
[2020/04/05 00:15:14.503] - eth_blockNumber
[2020/04/05 00:15:18.253] - eth_blockNumber
[2020/04/05 00:15:28.116] - net_version
[2020/04/05 00:15:34.512] - eth_blockNumber
[2020/04/05 00:15:38.264] - eth_blockNumber
[2020/04/05 00:15:54.519] - eth_blockNumber
[2020/04/05 00:15:58.276] - eth_blockNumber
[2020/04/05 00:16:14.529] - eth_blockNumber
[2020/04/05 00:16:18.290] - eth_blockNumber
[2020/04/05 00:16:34.541] - eth_blockNumber
[2020/04/05 00:16:38.301] - eth_blockNumber
[2020/04/05 00:16:54.552] - eth_blockNumber
[2020/04/05 00:16:58.049] - net_version
[2020/04/05 00:16:58.677] - eth_blockNumber
[2020/04/05 00:17:14.563] - eth_blockNumber
[2020/04/05 00:17:18.707] - eth_blockNumber
[2020/04/05 00:17:34.574] - eth_blockNumber
[2020/04/05 00:17:38.723] - eth_blockNumber
[2020/04/05 00:17:54.585] - eth_blockNumber
[2020/04/05 00:17:58.745] - eth_blockNumber
[2020/04/05 00:18:14.595] - eth_blockNumber
[2020/04/05 00:18:18.764] - eth_blockNumber
[2020/04/05 00:18:34.608] - eth_blockNumber
[2020/04/05 00:18:38.784] - eth_blockNumber
[2020/04/05 00:18:54.620] - eth_blockNumber
[2020/04/05 00:18:58.823] - eth_blockNumber
[2020/04/05 00:19:00.742] - net_version
[2020/04/05 00:19:01.300] - eth_call
[2020/04/05 00:19:14.628] - eth_blockNumber
[2020/04/05 00:19:18.836] - eth_blockNumber
[2020/04/05 00:19:34.637] - eth_blockNumber
[2020/04/05 00:19:38.847] - eth_blockNumber
[2020/04/05 00:19:54.647] - eth_blockNumber
[2020/04/05 00:19:58.858] - eth_blockNumber
[2020/04/05 00:20:14.659] - eth_blockNumber
[2020/04/05 00:20:18.871] - eth_blockNumber
[2020/04/05 00:20:34.673] - eth_blockNumber
[2020/04/05 00:20:38.885] - eth_blockNumber
[2020/04/05 00:20:54.684] - eth_blockNumber
[2020/04/05 00:20:58.897] - eth_blockNumber
[2020/04/05 00:21:14.694] - eth_blockNumber
[2020/04/05 00:21:18.908] - eth_blockNumber
[2020/04/05 00:21:34.707] - eth_blockNumber
[2020/04/05 00:21:38.921] - eth_blockNumber
[2020/04/05 00:21:54.728] - eth_blockNumber
[2020/04/05 00:21:58.947] - eth_blockNumber
[2020/04/05 00:22:14.739] - eth_blockNumber
[2020/04/05 00:22:18.967] - eth_blockNumber
[2020/04/05 00:22:34.750] - eth_blockNumber
[2020/04/05 00:22:38.982] - eth_blockNumber
[2020/04/05 00:22:54.759] - eth_blockNumber
[2020/04/05 00:22:58.995] - eth_blockNumber
[2020/04/05 00:23:14.767] - eth_blockNumber
[2020/04/05 00:23:19.006] - eth_blockNumber
[2020/04/05 00:23:34.780] - eth_blockNumber
[2020/04/05 00:23:39.022] - eth_blockNumber
[2020/04/05 00:23:52.304] - net_version
[2020/04/05 00:23:54.790] - eth_blockNumber
[2020/04/05 00:23:59.031] - eth_blockNumber
[2020/04/05 00:24:14.802] - eth_blockNumber
[2020/04/05 00:24:19.047] - eth_blockNumber
[2020/04/05 00:24:34.812] - eth_blockNumber
[2020/04/05 00:24:39.152] - eth_blockNumber
[2020/04/05 00:24:54.820] - eth_blockNumber
[2020/04/05 00:24:59.399] - eth_blockNumber
[2020/04/05 00:25:14.831] - eth_blockNumber
[2020/04/05 00:25:19.415] - eth_blockNumber
[2020/04/05 00:25:34.849] - eth_blockNumber
[2020/04/05 00:25:39.434] - eth_blockNumber
[2020/04/05 00:25:54.868] - eth_blockNumber
[2020/04/05 00:25:59.448] - eth_blockNumber
[2020/04/05 00:26:14.886] - eth_blockNumber
[2020/04/05 00:26:19.464] - eth_blockNumber
[2020/04/05 00:26:34.908] - eth_blockNumber
[2020/04/05 00:26:39.478] - eth_blockNumber
[2020/04/05 00:26:54.915] - eth_blockNumber
[2020/04/05 00:26:59.488] - eth_blockNumber
[2020/04/05 00:27:14.923] - eth_blockNumber
[2020/04/05 00:27:19.499] - eth_blockNumber
[2020/04/05 00:27:34.933] - eth_blockNumber
[2020/04/05 00:27:39.511] - eth_blockNumber
[2020/04/05 00:27:54.947] - eth_blockNumber
[2020/04/05 00:27:59.523] - eth_blockNumber
[2020/04/05 00:28:14.957] - eth_blockNumber
[2020/04/05 00:28:19.538] - eth_blockNumber
[2020/04/05 00:28:34.972] - eth_blockNumber
[2020/04/05 00:28:36.125] - net_version
[2020/04/05 00:28:39.811] - eth_blockNumber
[2020/04/05 00:28:54.987] - eth_blockNumber
[2020/04/05 00:28:59.924] - eth_blockNumber
[2020/04/05 00:29:14.999] - eth_blockNumber
[2020/04/05 00:29:19.948] - eth_blockNumber
[2020/04/05 00:29:35.011] - eth_blockNumber
[2020/04/05 00:29:39.959] - eth_blockNumber
[2020/04/05 00:29:55.023] - eth_blockNumber
[2020/04/05 00:29:59.972] - eth_blockNumber
[2020/04/05 00:30:15.038] - eth_blockNumber
[2020/04/05 00:30:18.293] - net_version
[2020/04/05 00:30:20.020] - eth_blockNumber
[2020/04/05 00:30:35.053] - eth_blockNumber
[2020/04/05 00:30:40.146] - eth_blockNumber
[2020/04/05 00:30:46.335] - net_version
[2020/04/05 00:30:55.067] - eth_blockNumber
[2020/04/05 00:31:00.153] - eth_blockNumber
[2020/04/05 00:31:15.082] - eth_blockNumber
[2020/04/05 00:31:20.161] - eth_blockNumber
[2020/04/05 00:31:35.104] - eth_blockNumber
[2020/04/05 00:31:40.173] - eth_blockNumber
[2020/04/05 00:31:55.120] - eth_blockNumber
[2020/04/05 00:32:00.185] - eth_blockNumber
[2020/04/05 00:32:15.134] - eth_blockNumber
[2020/04/05 00:32:20.197] - eth_blockNumber
[2020/04/05 00:32:35.144] - eth_blockNumber
[2020/04/05 00:32:40.214] - eth_blockNumber
[2020/04/05 00:32:55.159] - eth_blockNumber
[2020/04/05 00:33:00.238] - eth_blockNumber
[2020/04/05 00:33:15.180] - eth_blockNumber
[2020/04/05 00:33:20.260] - eth_blockNumber
[2020/04/05 00:33:35.195] - eth_blockNumber
[2020/04/05 00:33:40.300] - eth_blockNumber
[2020/04/05 00:33:55.205] - eth_blockNumber
[2020/04/05 00:34:00.318] - eth_blockNumber
[2020/04/05 00:34:15.214] - eth_blockNumber
[2020/04/05 00:34:20.330] - eth_blockNumber
[2020/04/05 00:34:35.222] - eth_blockNumber
[2020/04/05 00:34:40.345] - eth_blockNumber
[2020/04/05 00:34:55.234] - eth_blockNumber
[2020/04/05 00:35:00.357] - eth_blockNumber
[2020/04/05 00:35:15.245] - eth_blockNumber
[2020/04/05 00:35:20.367] - eth_blockNumber
[2020/04/05 00:35:35.256] - eth_blockNumber
[2020/04/05 00:35:40.377] - eth_blockNumber
[2020/04/05 00:35:55.266] - eth_blockNumber
[2020/04/05 00:36:00.393] - eth_blockNumber
[2020/04/05 00:36:15.276] - eth_blockNumber
[2020/04/05 00:36:20.413] - eth_blockNumber
[2020/04/05 00:36:35.285] - eth_blockNumber
[2020/04/05 00:36:40.426] - eth_blockNumber
[2020/04/05 00:36:55.297] - eth_blockNumber
[2020/04/05 00:37:00.439] - eth_blockNumber
[2020/04/05 00:37:15.307] - eth_blockNumber
[2020/04/05 00:37:20.454] - eth_blockNumber
[2020/04/05 00:37:35.319] - eth_blockNumber
[2020/04/05 00:37:40.474] - eth_blockNumber
[2020/04/05 00:37:55.329] - eth_blockNumber
[2020/04/05 00:38:00.483] - eth_blockNumber
[2020/04/05 00:38:15.341] - eth_blockNumber
[2020/04/05 00:38:20.489] - eth_blockNumber
[2020/04/05 00:38:35.351] - eth_blockNumber
[2020/04/05 00:38:40.495] - eth_blockNumber
[2020/04/05 00:38:55.362] - eth_blockNumber
[2020/04/05 00:39:00.504] - eth_blockNumber
[2020/04/05 00:39:15.371] - eth_blockNumber
[2020/04/05 00:39:20.514] - eth_blockNumber
[2020/04/05 00:39:35.381] - eth_blockNumber
[2020/04/05 00:39:40.522] - eth_blockNumber
[2020/04/05 00:39:55.394] - eth_blockNumber
[2020/04/05 00:40:00.532] - eth_blockNumber
[2020/04/05 00:40:15.402] - eth_blockNumber
[2020/04/05 00:40:20.544] - eth_blockNumber
[2020/04/05 00:40:35.413] - eth_blockNumber
[2020/04/05 00:40:40.556] - eth_blockNumber
[2020/04/05 00:40:55.431] - eth_blockNumber
[2020/04/05 00:41:00.564] - eth_blockNumber
[2020/04/05 00:41:15.441] - eth_blockNumber
[2020/04/05 00:41:20.575] - eth_blockNumber
[2020/04/05 00:41:35.457] - eth_blockNumber
[2020/04/05 00:41:40.591] - eth_blockNumber
[2020/04/05 00:41:55.467] - eth_blockNumber
[2020/04/05 00:42:00.641] - eth_blockNumber
[2020/04/05 00:42:15.479] - eth_blockNumber
[2020/04/05 00:42:20.649] - eth_blockNumber
[2020/04/05 00:42:35.491] - eth_blockNumber
[2020/04/05 00:42:40.656] - eth_blockNumber
[2020/04/05 00:42:55.504] - eth_blockNumber
[2020/04/05 00:43:00.780] - eth_blockNumber
[2020/04/05 00:43:08.246] - net_version
[2020/04/05 00:43:15.519] - eth_blockNumber
[2020/04/05 00:43:20.807] - eth_blockNumber
[2020/04/05 00:43:35.537] - eth_blockNumber
[2020/04/05 00:43:40.817] - eth_blockNumber
[2020/04/05 00:43:55.552] - eth_blockNumber
[2020/04/05 00:44:00.824] - eth_blockNumber
[2020/04/05 00:44:15.566] - eth_blockNumber
[2020/04/05 00:44:20.831] - eth_blockNumber
[2020/04/05 00:44:35.581] - eth_blockNumber
[2020/04/05 00:44:40.841] - eth_blockNumber
[2020/04/05 00:44:55.596] - eth_blockNumber
[2020/04/05 00:45:00.850] - eth_blockNumber
[2020/04/05 00:45:01.347] - net_version
[2020/04/05 00:45:15.609] - eth_blockNumber
[2020/04/05 00:45:21.008] - eth_blockNumber
[2020/04/05 00:45:35.619] - eth_blockNumber
[2020/04/05 00:45:41.341] - eth_blockNumber
[2020/04/05 00:45:55.632] - eth_blockNumber
[2020/04/05 00:46:01.452] - eth_blockNumber
[2020/04/05 00:46:15.643] - eth_blockNumber
[2020/04/05 00:46:21.642] - eth_blockNumber
[2020/04/05 00:46:35.659] - eth_blockNumber
[2020/04/05 00:46:41.668] - eth_blockNumber
[2020/04/05 00:46:42.452] - net_version
[2020/04/05 00:46:55.668] - eth_blockNumber
[2020/04/05 00:47:01.679] - eth_blockNumber
[2020/04/05 00:47:15.677] - eth_blockNumber
[2020/04/05 00:47:21.693] - eth_blockNumber
[2020/04/05 00:47:35.689] - eth_blockNumber
[2020/04/05 00:47:41.705] - eth_blockNumber
[2020/04/05 00:47:49.358] - net_version
[2020/04/05 00:47:55.700] - eth_blockNumber
[2020/04/05 00:48:01.717] - eth_blockNumber
[2020/04/05 00:48:15.716] - eth_blockNumber
[2020/04/05 00:48:21.734] - eth_blockNumber
[2020/04/05 00:48:35.725] - eth_blockNumber
[2020/04/05 00:48:38.367] - net_version
[2020/04/05 00:48:41.759] - eth_blockNumber
[2020/04/05 00:48:55.736] - eth_blockNumber
[2020/04/05 00:49:01.773] - eth_blockNumber
[2020/04/05 00:49:15.746] - eth_blockNumber
[2020/04/05 00:49:21.801] - eth_blockNumber
[2020/04/05 00:49:35.756] - eth_blockNumber
[2020/04/05 00:49:39.919] - net_version
[2020/04/05 00:49:41.823] - eth_blockNumber
[2020/04/05 00:49:55.768] - eth_blockNumber
[2020/04/05 00:50:01.834] - eth_blockNumber
[2020/04/05 00:50:15.780] - eth_blockNumber
[2020/04/05 00:50:21.848] - eth_blockNumber
[2020/04/05 00:50:35.794] - eth_blockNumber
[2020/04/05 00:50:41.861] - eth_blockNumber
[2020/04/05 00:50:55.803] - eth_blockNumber
[2020/04/05 00:51:01.880] - eth_blockNumber
[2020/04/05 00:51:15.813] - eth_blockNumber
[2020/04/05 00:51:21.998] - eth_blockNumber
[2020/04/05 00:51:35.826] - eth_blockNumber
[2020/04/05 00:51:42.019] - eth_blockNumber
[2020/04/05 00:51:55.842] - eth_blockNumber
[2020/04/05 00:52:02.033] - eth_blockNumber
[2020/04/05 00:52:08.329] - net_version
[2020/04/05 00:52:15.853] - eth_blockNumber
[2020/04/05 00:52:22.045] - eth_blockNumber
[2020/04/05 00:52:35.862] - eth_blockNumber
[2020/04/05 00:52:42.063] - eth_blockNumber
[2020/04/05 00:52:55.871] - eth_blockNumber
[2020/04/05 00:53:02.079] - eth_blockNumber
[2020/04/05 00:53:13.492] - net_version
[2020/04/05 00:53:15.877] - eth_blockNumber
[2020/04/05 00:53:22.092] - eth_blockNumber
[2020/04/05 00:53:28.630] - net_version
[2020/04/05 00:53:35.888] - eth_blockNumber
[2020/04/05 00:53:42.114] - eth_blockNumber
[2020/04/05 00:53:44.361] - net_version
[2020/04/05 00:53:55.899] - eth_blockNumber
[2020/04/05 00:54:02.128] - eth_blockNumber
[2020/04/05 00:54:15.910] - eth_blockNumber
[2020/04/05 00:54:22.149] - eth_blockNumber
[2020/04/05 00:54:35.920] - eth_blockNumber
[2020/04/05 00:54:42.160] - eth_blockNumber
[2020/04/05 00:54:44.135] - net_version
[2020/04/05 00:54:55.296] - net_version
[2020/04/05 00:54:55.929] - eth_blockNumber
[2020/04/05 00:55:02.170] - eth_blockNumber
[2020/04/05 00:55:15.938] - eth_blockNumber
[2020/04/05 00:55:22.185] - eth_blockNumber
[2020/04/05 00:55:35.949] - eth_blockNumber
[2020/04/05 00:55:42.201] - eth_blockNumber
[2020/04/05 00:55:55.958] - eth_blockNumber
[2020/04/05 00:56:02.245] - eth_blockNumber
[2020/04/05 00:56:05.774] - net_version
[2020/04/05 00:56:15.966] - eth_blockNumber
[2020/04/05 00:56:22.265] - eth_blockNumber
[2020/04/05 00:56:35.974] - eth_blockNumber
[2020/04/05 00:56:42.275] - eth_blockNumber
[2020/04/05 00:56:55.982] - eth_blockNumber
[2020/04/05 00:57:02.304] - eth_blockNumber
[2020/04/05 00:57:15.990] - eth_blockNumber
[2020/04/05 00:57:22.325] - eth_blockNumber
[2020/04/05 00:57:36.008] - eth_blockNumber
[2020/04/05 00:57:42.358] - eth_blockNumber
[2020/04/05 00:57:56.047] - eth_blockNumber
[2020/04/05 00:58:02.373] - eth_blockNumber
[2020/04/05 00:58:16.057] - eth_blockNumber
[2020/04/05 00:58:22.385] - eth_blockNumber
[2020/04/05 00:58:36.069] - eth_blockNumber
[2020/04/05 00:58:42.401] - eth_blockNumber
[2020/04/05 00:58:56.082] - eth_blockNumber
[2020/04/05 00:59:02.411] - eth_blockNumber
[2020/04/05 00:59:16.093] - eth_blockNumber
[2020/04/05 00:59:22.424] - eth_blockNumber
[2020/04/05 00:59:36.104] - eth_blockNumber
[2020/04/05 00:59:42.437] - eth_blockNumber
[2020/04/05 00:59:56.115] - eth_blockNumber
[2020/04/05 01:00:02.448] - eth_blockNumber
[2020/04/05 01:00:16.126] - eth_blockNumber
[2020/04/05 01:00:22.458] - eth_blockNumber
[2020/04/05 01:00:36.135] - eth_blockNumber
[2020/04/05 01:00:42.467] - eth_blockNumber
[2020/04/05 01:00:49.356] - net_version
[2020/04/05 01:00:56.150] - eth_blockNumber
[2020/04/05 01:01:02.484] - eth_blockNumber
[2020/04/05 01:01:16.159] - eth_blockNumber
[2020/04/05 01:01:20.611] - net_version
[2020/04/05 01:01:22.650] - eth_blockNumber
[2020/04/05 01:01:36.166] - eth_blockNumber
[2020/04/05 01:01:42.669] - eth_blockNumber
[2020/04/05 01:01:56.174] - eth_blockNumber
[2020/04/05 01:02:02.685] - eth_blockNumber
[2020/04/05 01:02:16.189] - eth_blockNumber
[2020/04/05 01:02:22.707] - eth_blockNumber
[2020/04/05 01:02:36.200] - eth_blockNumber
[2020/04/05 01:02:42.721] - eth_blockNumber
[2020/04/05 01:02:56.210] - eth_blockNumber
[2020/04/05 01:03:02.738] - eth_blockNumber
[2020/04/05 01:03:16.221] - eth_blockNumber
[2020/04/05 01:03:22.760] - eth_blockNumber
[2020/04/05 01:03:36.233] - eth_blockNumber
[2020/04/05 01:03:42.776] - eth_blockNumber
[2020/04/05 01:03:56.244] - eth_blockNumber
[2020/04/05 01:04:02.785] - eth_blockNumber
[2020/04/05 01:04:16.254] - eth_blockNumber
[2020/04/05 01:04:22.814] - eth_blockNumber
[2020/04/05 01:04:36.268] - eth_blockNumber
[2020/04/05 01:04:42.832] - eth_blockNumber
[2020/04/05 01:04:56.283] - eth_blockNumber
[2020/04/05 01:05:02.854] - eth_blockNumber
[2020/04/05 01:05:16.294] - eth_blockNumber
[2020/04/05 01:05:22.863] - eth_blockNumber
[2020/04/05 01:05:36.306] - eth_blockNumber
[2020/04/05 01:05:42.876] - eth_blockNumber
[2020/04/05 01:05:56.319] - eth_blockNumber
[2020/04/05 01:06:02.889] - eth_blockNumber
[2020/04/05 01:06:16.387] - eth_blockNumber
[2020/04/05 01:06:22.905] - eth_blockNumber
[2020/04/05 01:06:36.410] - eth_blockNumber
[2020/04/05 01:06:42.925] - eth_blockNumber
[2020/04/05 01:06:56.423] - eth_blockNumber
[2020/04/05 01:07:02.937] - eth_blockNumber
[2020/04/05 01:07:16.436] - eth_blockNumber
[2020/04/05 01:07:22.954] - eth_blockNumber
[2020/04/05 01:07:36.452] - eth_blockNumber
[2020/04/05 01:07:42.973] - eth_blockNumber
[2020/04/05 01:07:56.468] - eth_blockNumber
[2020/04/05 01:08:02.986] - eth_blockNumber
[2020/04/05 01:08:16.489] - eth_blockNumber
[2020/04/05 01:08:23.001] - eth_blockNumber
[2020/04/05 01:08:36.503] - eth_blockNumber
[2020/04/05 01:08:43.014] - eth_blockNumber
[2020/04/05 01:08:56.533] - eth_blockNumber
[2020/04/05 01:09:03.032] - eth_blockNumber
[2020/04/05 01:09:16.547] - eth_blockNumber
[2020/04/05 01:09:21.136] - net_version
[2020/04/05 01:09:23.063] - eth_blockNumber
[2020/04/05 01:09:36.564] - eth_blockNumber
[2020/04/05 01:09:43.092] - eth_blockNumber
[2020/04/05 01:09:56.583] - eth_blockNumber
[2020/04/05 01:10:03.103] - eth_blockNumber
[2020/04/05 01:10:16.598] - eth_blockNumber
[2020/04/05 01:10:23.125] - eth_blockNumber
[2020/04/05 01:10:36.619] - eth_blockNumber
[2020/04/05 01:10:41.150] - net_version
[2020/04/05 01:10:43.239] - eth_blockNumber
[2020/04/05 01:10:56.642] - eth_blockNumber
[2020/04/05 01:11:03.287] - eth_blockNumber
[2020/04/05 01:11:16.673] - eth_blockNumber
[2020/04/05 01:11:23.387] - eth_blockNumber
[2020/04/05 01:11:36.685] - eth_blockNumber
[2020/04/05 01:11:43.413] - eth_blockNumber
[2020/04/05 01:11:56.697] - eth_blockNumber
[2020/04/05 01:12:03.448] - eth_blockNumber
[2020/04/05 01:12:16.708] - eth_blockNumber
[2020/04/05 01:12:23.476] - eth_blockNumber
[2020/04/05 01:12:36.719] - eth_blockNumber
[2020/04/05 01:12:43.490] - eth_blockNumber
[2020/04/05 01:12:56.731] - eth_blockNumber
[2020/04/05 01:13:03.497] - eth_blockNumber
[2020/04/05 01:13:16.743] - eth_blockNumber
[2020/04/05 01:13:23.512] - eth_blockNumber
[2020/04/05 01:13:36.757] - eth_blockNumber
[2020/04/05 01:13:39.186] - net_version
[2020/04/05 01:13:43.527] - eth_blockNumber
[2020/04/05 01:13:53.398] - net_version
[2020/04/05 01:13:56.776] - eth_blockNumber
[2020/04/05 01:14:03.575] - eth_blockNumber
[2020/04/05 01:14:16.789] - eth_blockNumber
[2020/04/05 01:14:23.636] - eth_blockNumber
[2020/04/05 01:14:36.800] - eth_blockNumber
[2020/04/05 01:14:43.658] - eth_blockNumber
[2020/04/05 01:14:56.814] - eth_blockNumber
[2020/04/05 01:15:03.672] - eth_blockNumber
[2020/04/05 01:15:16.833] - eth_blockNumber
[2020/04/05 01:15:23.694] - eth_blockNumber
[2020/04/05 01:15:36.848] - eth_blockNumber
[2020/04/05 01:15:43.725] - eth_blockNumber
[2020/04/05 01:15:56.855] - eth_blockNumber
[2020/04/05 01:16:03.742] - eth_blockNumber
[2020/04/05 01:16:16.864] - eth_blockNumber
[2020/04/05 01:16:23.753] - eth_blockNumber
[2020/04/05 01:16:36.874] - eth_blockNumber
[2020/04/05 01:16:43.765] - eth_blockNumber
[2020/04/05 01:16:56.885] - eth_blockNumber
[2020/04/05 01:17:03.777] - eth_blockNumber
[2020/04/05 01:17:16.896] - eth_blockNumber
[2020/04/05 01:17:23.790] - eth_blockNumber
[2020/04/05 01:17:36.907] - eth_blockNumber
[2020/04/05 01:17:43.801] - eth_blockNumber
[2020/04/05 01:17:56.915] - eth_blockNumber
[2020/04/05 01:18:03.813] - eth_blockNumber
[2020/04/05 01:18:16.924] - eth_blockNumber
[2020/04/05 01:18:23.825] - eth_blockNumber
[2020/04/05 01:18:36.935] - eth_blockNumber
[2020/04/05 01:18:43.833] - eth_blockNumber
[2020/04/05 01:18:56.948] - eth_blockNumber
[2020/04/05 01:19:03.846] - eth_blockNumber
[2020/04/05 01:19:16.963] - eth_blockNumber
[2020/04/05 01:19:23.858] - eth_blockNumber
[2020/04/05 01:19:36.986] - eth_blockNumber
[2020/04/05 01:19:43.868] - eth_blockNumber
[2020/04/05 01:19:57.003] - eth_blockNumber
[2020/04/05 01:20:03.877] - eth_blockNumber
[2020/04/05 01:20:17.015] - eth_blockNumber
[2020/04/05 01:20:23.891] - eth_blockNumber
[2020/04/05 01:20:37.030] - eth_blockNumber
[2020/04/05 01:20:43.905] - eth_blockNumber
[2020/04/05 01:20:57.045] - eth_blockNumber
[2020/04/05 01:21:03.921] - eth_blockNumber
[2020/04/05 01:21:17.061] - eth_blockNumber
[2020/04/05 01:21:23.938] - eth_blockNumber
[2020/04/05 01:21:37.079] - eth_blockNumber
[2020/04/05 01:21:43.952] - eth_blockNumber
[2020/04/05 01:21:57.096] - eth_blockNumber
[2020/04/05 01:22:03.966] - eth_blockNumber
[2020/04/05 01:22:17.111] - eth_blockNumber
[2020/04/05 01:22:23.982] - eth_blockNumber
[2020/04/05 01:22:37.127] - eth_blockNumber
[2020/04/05 01:22:43.997] - eth_blockNumber
[2020/04/05 01:22:57.142] - eth_blockNumber
[2020/04/05 01:23:04.014] - eth_blockNumber
[2020/04/05 01:23:17.156] - eth_blockNumber
[2020/04/05 01:23:24.028] - eth_blockNumber
[2020/04/05 01:23:37.173] - eth_blockNumber
[2020/04/05 01:23:44.046] - eth_blockNumber
[2020/04/05 01:23:57.186] - eth_blockNumber
[2020/04/05 01:24:04.061] - eth_blockNumber
[2020/04/05 01:24:17.199] - eth_blockNumber
[2020/04/05 01:24:24.085] - eth_blockNumber
[2020/04/05 01:24:37.211] - eth_blockNumber
[2020/04/05 01:24:44.099] - eth_blockNumber
[2020/04/05 01:24:57.225] - eth_blockNumber
[2020/04/05 01:25:04.112] - eth_blockNumber
[2020/04/05 01:25:17.239] - eth_blockNumber
[2020/04/05 01:25:24.125] - eth_blockNumber
[2020/04/05 01:25:37.253] - eth_blockNumber
[2020/04/05 01:25:44.139] - eth_blockNumber
[2020/04/05 01:25:57.265] - eth_blockNumber
[2020/04/05 01:26:04.151] - eth_blockNumber
[2020/04/05 01:26:17.277] - eth_blockNumber
[2020/04/05 01:26:24.164] - eth_blockNumber
[2020/04/05 01:26:37.290] - eth_blockNumber
[2020/04/05 01:26:44.177] - eth_blockNumber
[2020/04/05 01:26:57.302] - eth_blockNumber
[2020/04/05 01:27:04.191] - eth_blockNumber
[2020/04/05 01:27:17.314] - eth_blockNumber
[2020/04/05 01:27:24.207] - eth_blockNumber
[2020/04/05 01:27:29.263] - eth_unsubscribe
[2020/04/05 01:27:29.264] - eth_unsubscribe
