[2020/03/19 08:14:49.060] - Starting server (version 2.1.2) with initial configuration: {"gasLimit":6721975,"gasPrice":20000000000,"hardfork":"petersburg","hostname":"127.0.0.1","port":7545,"network_id":5777,"default_balance_ether":100,"total_accounts":10,"unlocked_accounts":[],"locked":false,"vmErrorsOnRPCResponse":true,"verbose":false,"db_path":"/home/nash/.config/Ganache/workspaces/identity-wallet/chaindata","logDirectory":"/home/nash/Documents/Projects/Blockchain/Project/identity-wallet/wallet-web-app/logs"}
[2020/03/19 08:14:49.510] - eth_blockNumber
[2020/03/19 08:14:49.681] - eth_getBlockByNumber
[2020/03/19 08:14:49.728] - eth_getBlockByNumber
[2020/03/19 08:14:49.734] - eth_getBlockByNumber
[2020/03/19 08:14:49.735] - eth_getBlockByNumber
[2020/03/19 08:14:49.737] - eth_getBlockByNumber
[2020/03/19 08:14:49.740] - eth_getBlockByNumber
[2020/03/19 08:14:49.772] - eth_getBlockByNumber
[2020/03/19 08:14:49.775] - eth_getBlockByNumber
[2020/03/19 08:14:49.809] - eth_getBlockByNumber
[2020/03/19 08:14:49.838] - eth_blockNumber
[2020/03/19 08:14:49.840] - eth_getBlockByNumber
[2020/03/19 08:14:49.847] - eth_getBlockByNumber
[2020/03/19 08:14:49.854] - eth_getBlockByNumber
[2020/03/19 08:14:49.864] - eth_getBlockByNumber
[2020/03/19 08:14:49.887] - eth_getBlockByNumber
[2020/03/19 08:14:49.909] - eth_getBlockByNumber
[2020/03/19 08:14:49.939] - eth_getBlockByNumber
[2020/03/19 08:14:49.982] - eth_getBlockByNumber
[2020/03/19 08:14:50.075] - eth_getBlockByNumber
[2020/03/19 08:14:50.102] - eth_getBlockByNumber
[2020/03/19 08:14:50.126] - eth_getBlockByNumber
[2020/03/19 08:14:50.130] - eth_getBlockByNumber
[2020/03/19 08:14:50.161] - eth_getBlockByNumber
[2020/03/19 08:14:50.167] - eth_getBlockByNumber
[2020/03/19 08:14:50.170] - eth_getBlockByNumber
[2020/03/19 08:14:50.172] - eth_getBlockByNumber
[2020/03/19 08:14:50.196] - eth_getBlockByNumber
[2020/03/19 08:14:50.206] - eth_getBlockByNumber
[2020/03/19 08:14:50.212] - eth_getBlockByNumber
[2020/03/19 08:14:50.222] - eth_getBlockByNumber
[2020/03/19 08:14:50.252] - eth_getBlockByNumber
[2020/03/19 08:14:50.278] - eth_getBlockByNumber
[2020/03/19 08:14:50.323] - eth_getBlockByNumber
[2020/03/19 08:14:50.350] - eth_getBlockByNumber
[2020/03/19 08:14:50.373] - eth_getBlockByNumber
[2020/03/19 08:14:50.383] - eth_getBlockByNumber
[2020/03/19 08:14:50.391] - eth_getBlockByNumber
[2020/03/19 08:14:50.405] - eth_getBlockByNumber
[2020/03/19 08:14:50.432] - eth_getBlockByNumber
[2020/03/19 08:14:50.436] - eth_getBlockByNumber
[2020/03/19 08:14:50.456] - eth_getBlockByNumber
[2020/03/19 08:14:50.469] - eth_getBlockByNumber
[2020/03/19 08:14:50.486] - eth_getBlockByNumber
[2020/03/19 08:14:50.534] - eth_getBlockByNumber
[2020/03/19 08:14:50.548] - eth_getBlockByNumber
[2020/03/19 08:14:50.563] - eth_getBlockByNumber
[2020/03/19 08:14:50.579] - eth_getBlockByNumber
[2020/03/19 08:14:50.602] - eth_getBlockByNumber
[2020/03/19 08:14:50.687] - eth_getBlockByNumber
[2020/03/19 08:14:50.727] - eth_subscribe
[2020/03/19 08:14:50.731] - eth_getBlockByNumber
[2020/03/19 08:14:50.734] - eth_getLogs
[2020/03/19 08:14:50.738] - eth_subscribe
[2020/03/19 08:14:50.740] - eth_getCode
[2020/03/19 08:14:50.754] - eth_getBlockByNumber
[2020/03/19 08:14:50.770] - eth_getBlockByNumber
[2020/03/19 08:14:50.788] - eth_getBlockByNumber
[2020/03/19 08:14:50.819] - eth_getBlockByNumber
[2020/03/19 08:14:50.840] - eth_getBlockByNumber
[2020/03/19 08:14:50.864] - eth_getBlockByNumber
[2020/03/19 08:14:50.886] - eth_getBlockByNumber
[2020/03/19 08:14:50.904] - eth_getBlockByNumber
[2020/03/19 08:14:50.915] - eth_getBlockByNumber
[2020/03/19 08:14:50.923] - eth_getBlockByNumber
[2020/03/19 08:14:50.937] - eth_getBlockByNumber
[2020/03/19 08:14:50.962] - eth_getBlockByNumber
[2020/03/19 08:14:51.068] - eth_getBlockByNumber
[2020/03/19 08:14:51.072] - eth_getBlockByNumber
[2020/03/19 08:14:51.092] - eth_getBlockByNumber
[2020/03/19 08:14:51.112] - eth_getBlockByNumber
[2020/03/19 08:14:51.192] - eth_getBlockByNumber
[2020/03/19 08:14:51.249] - eth_getBlockByNumber
[2020/03/19 08:14:51.263] - eth_getBlockByNumber
[2020/03/19 08:14:51.283] - eth_getBlockByNumber
[2020/03/19 08:14:51.323] - eth_getBlockByNumber
[2020/03/19 08:14:51.345] - eth_getBlockByNumber
[2020/03/19 08:14:51.351] - eth_getCode
[2020/03/19 08:14:51.381] - eth_getBlockByNumber
[2020/03/19 08:14:51.391] - eth_getBlockByNumber
[2020/03/19 08:14:51.406] - eth_getBlockByNumber
[2020/03/19 08:14:51.434] - eth_getBlockByNumber
[2020/03/19 08:14:51.451] - eth_getBlockByNumber
[2020/03/19 08:14:51.462] - eth_getBlockByNumber
[2020/03/19 08:14:51.476] - eth_getBlockByNumber
[2020/03/19 08:14:51.482] - eth_getBlockByNumber
[2020/03/19 08:14:51.485] - eth_getCode
[2020/03/19 08:14:51.486] - eth_getBlockByNumber
[2020/03/19 08:14:51.490] - eth_getBlockByNumber
[2020/03/19 08:14:51.495] - eth_getBlockByNumber
[2020/03/19 08:14:51.574] - eth_getCode
[2020/03/19 08:14:57.208] - eth_accounts
[2020/03/19 08:14:57.209] - eth_gasPrice
[2020/03/19 08:14:57.209] - eth_getBlockByNumber
[2020/03/19 08:14:57.210] - eth_subscribe
[2020/03/19 08:14:57.211] - eth_blockNumber
[2020/03/19 08:14:57.505] - eth_getBalance
[2020/03/19 08:14:57.551] - eth_getTransactionCount
[2020/03/19 08:14:57.595] - eth_getBalance
[2020/03/19 08:14:57.636] - eth_getTransactionCount
[2020/03/19 08:14:57.704] - eth_getBalance
[2020/03/19 08:14:57.769] - eth_getTransactionCount
[2020/03/19 08:14:57.828] - eth_getBalance
[2020/03/19 08:14:57.986] - eth_getTransactionCount
[2020/03/19 08:14:58.120] - eth_getBalance
[2020/03/19 08:14:58.316] - eth_getTransactionCount
[2020/03/19 08:14:58.590] - eth_getBalance
[2020/03/19 08:14:58.860] - eth_getTransactionCount
[2020/03/19 08:14:59.000] - eth_getBalance
[2020/03/19 08:14:59.083] - eth_getTransactionCount
[2020/03/19 08:14:59.159] - eth_getBalance
[2020/03/19 08:14:59.338] - eth_getTransactionCount
[2020/03/19 08:14:59.514] - eth_getBalance
[2020/03/19 08:14:59.684] - eth_getTransactionCount
[2020/03/19 08:14:59.864] - eth_getBalance
[2020/03/19 08:15:00.054] - eth_getTransactionCount
[2020/03/19 08:15:02.755] - eth_getBalance
[2020/03/19 08:15:03.049] - eth_getTransactionCount
[2020/03/19 08:15:03.191] - eth_getBalance
[2020/03/19 08:15:03.464] - eth_getTransactionCount
[2020/03/19 08:15:03.635] - eth_getBalance
[2020/03/19 08:15:03.775] - eth_getTransactionCount
[2020/03/19 08:15:04.039] - eth_getBalance
[2020/03/19 08:15:04.256] - eth_getTransactionCount
[2020/03/19 08:15:04.492] - eth_getBalance
[2020/03/19 08:15:04.730] - eth_getTransactionCount
[2020/03/19 08:15:05.186] - eth_getBalance
[2020/03/19 08:15:05.456] - eth_getTransactionCount
[2020/03/19 08:15:05.739] - eth_getBalance
[2020/03/19 08:15:05.888] - eth_getTransactionCount
[2020/03/19 08:15:06.179] - eth_getBalance
[2020/03/19 08:15:06.353] - eth_getTransactionCount
[2020/03/19 08:15:06.608] - eth_getBalance
[2020/03/19 08:15:06.810] - eth_getTransactionCount
[2020/03/19 08:15:07.004] - eth_getBalance
[2020/03/19 08:15:07.199] - eth_getTransactionCount
[2020/03/19 08:15:09.876] - eth_blockNumber
[2020/03/19 08:15:10.364] - eth_blockNumber
[2020/03/19 08:15:29.909] - eth_blockNumber
[2020/03/19 08:15:30.393] - eth_blockNumber
[2020/03/19 08:15:49.933] - eth_blockNumber
[2020/03/19 08:15:50.404] - eth_blockNumber
[2020/03/19 08:16:09.964] - eth_blockNumber
[2020/03/19 08:16:10.440] - eth_blockNumber
[2020/03/19 08:16:30.005] - eth_blockNumber
[2020/03/19 08:16:30.478] - eth_blockNumber
[2020/03/19 08:16:50.035] - eth_blockNumber
[2020/03/19 08:16:50.511] - eth_blockNumber
[2020/03/19 08:17:10.060] - eth_blockNumber
[2020/03/19 08:17:10.556] - eth_blockNumber
[2020/03/19 08:17:30.073] - eth_blockNumber
[2020/03/19 08:17:30.569] - eth_blockNumber
[2020/03/19 08:17:50.086] - eth_blockNumber
[2020/03/19 08:17:50.583] - eth_blockNumber
[2020/03/19 08:18:10.097] - eth_blockNumber
[2020/03/19 08:18:10.595] - eth_blockNumber
[2020/03/19 08:18:30.110] - eth_blockNumber
[2020/03/19 08:18:30.611] - eth_blockNumber
[2020/03/19 08:18:33.395] - eth_blockNumber
[2020/03/19 08:18:33.403] - net_version
[2020/03/19 08:18:33.452] - eth_getBlockByNumber
[2020/03/19 08:18:33.457] - eth_getBlockByNumber
[2020/03/19 08:18:36.180] - eth_getBalance
[2020/03/19 08:18:39.352] - net_version
[2020/03/19 08:18:39.958] - eth_getLogs
[2020/03/19 08:18:40.216] - eth_getLogs
[2020/03/19 08:18:40.233] - eth_getLogs
[2020/03/19 08:18:40.252] - eth_getLogs
[2020/03/19 08:18:40.289] - eth_call
[2020/03/19 08:18:40.978] - eth_call
[2020/03/19 08:18:40.983] - eth_call
[2020/03/19 08:18:40.985] - eth_call
[2020/03/19 08:18:40.994] - eth_call
[2020/03/19 08:18:40.995] - eth_call
[2020/03/19 08:18:40.996] - eth_call
[2020/03/19 08:18:41.066] - eth_call
[2020/03/19 08:18:41.131] - eth_call
[2020/03/19 08:18:50.126] - eth_blockNumber
[2020/03/19 08:18:53.459] - eth_blockNumber
[2020/03/19 08:19:10.145] - eth_blockNumber
[2020/03/19 08:19:13.476] - eth_blockNumber
[2020/03/19 08:19:30.169] - eth_blockNumber
[2020/03/19 08:19:33.497] - eth_blockNumber
[2020/03/19 08:19:50.194] - eth_blockNumber
[2020/03/19 08:19:53.521] - eth_blockNumber
[2020/03/19 08:20:04.393] - net_version
[2020/03/19 08:20:10.207] - eth_blockNumber
[2020/03/19 08:20:13.533] - eth_blockNumber
[2020/03/19 08:20:18.639] - net_version
[2020/03/19 08:20:30.220] - eth_blockNumber
[2020/03/19 08:20:33.546] - eth_blockNumber
[2020/03/19 08:20:50.232] - eth_blockNumber
[2020/03/19 08:20:53.569] - eth_blockNumber
[2020/03/19 08:21:10.242] - eth_blockNumber
[2020/03/19 08:21:13.589] - eth_blockNumber
[2020/03/19 08:21:30.253] - eth_blockNumber
[2020/03/19 08:21:33.605] - eth_blockNumber
[2020/03/19 08:21:50.266] - eth_blockNumber
[2020/03/19 08:21:53.622] - eth_blockNumber
[2020/03/19 08:22:10.276] - eth_blockNumber
[2020/03/19 08:22:13.636] - eth_blockNumber
[2020/03/19 08:22:30.293] - eth_blockNumber
[2020/03/19 08:22:33.652] - eth_blockNumber
[2020/03/19 08:22:50.306] - eth_blockNumber
[2020/03/19 08:22:53.676] - eth_blockNumber
[2020/03/19 08:23:10.320] - eth_blockNumber
[2020/03/19 08:23:13.690] - eth_blockNumber
[2020/03/19 08:23:30.356] - eth_blockNumber
[2020/03/19 08:23:33.702] - eth_blockNumber
[2020/03/19 08:23:50.371] - eth_blockNumber
[2020/03/19 08:23:53.716] - eth_blockNumber
[2020/03/19 08:24:10.386] - eth_blockNumber
[2020/03/19 08:24:13.744] - eth_blockNumber
[2020/03/19 08:24:30.397] - eth_blockNumber
[2020/03/19 08:24:33.969] - eth_blockNumber
[2020/03/19 08:24:50.411] - eth_blockNumber
[2020/03/19 08:24:56.761] - eth_blockNumber
[2020/03/19 08:25:10.422] - eth_blockNumber
[2020/03/19 08:25:10.759] - net_version
[2020/03/19 08:25:10.761] - eth_blockNumber
[2020/03/19 08:25:10.762] - net_version
[2020/03/19 08:25:11.227] - eth_getBlockByNumber
[2020/03/19 08:25:11.236] - eth_getBlockByNumber
[2020/03/19 08:25:11.245] - eth_getBlockByNumber
[2020/03/19 08:25:11.246] - eth_getBlockByNumber
[2020/03/19 08:25:11.248] - eth_getBlockByNumber
[2020/03/19 08:25:11.251] - eth_getBlockByNumber
[2020/03/19 08:25:11.261] - eth_getBlockByNumber
[2020/03/19 08:25:11.265] - eth_getBlockByNumber
[2020/03/19 08:25:11.291] - eth_getBlockByNumber
[2020/03/19 08:25:11.292] - eth_getBlockByNumber
[2020/03/19 08:25:11.292] - eth_getBlockByNumber
[2020/03/19 08:25:11.293] - eth_getBlockByNumber
[2020/03/19 08:25:11.295] - eth_getBlockByNumber
[2020/03/19 08:25:11.300] - eth_getBlockByNumber
[2020/03/19 08:25:11.301] - eth_getBlockByNumber
[2020/03/19 08:25:11.314] - eth_getBlockByNumber
[2020/03/19 08:25:11.315] - eth_getBlockByNumber
[2020/03/19 08:25:11.326] - eth_getBlockByNumber
[2020/03/19 08:25:11.329] - eth_getBlockByNumber
[2020/03/19 08:25:11.344] - eth_getBlockByNumber
[2020/03/19 08:25:11.354] - eth_getBlockByNumber
[2020/03/19 08:25:11.358] - eth_getBlockByNumber
[2020/03/19 08:25:11.366] - eth_getBlockByNumber
[2020/03/19 08:25:11.381] - eth_getBlockByNumber
[2020/03/19 08:25:11.385] - eth_getBlockByNumber
[2020/03/19 08:25:11.392] - eth_getBlockByNumber
[2020/03/19 08:25:11.394] - eth_getBlockByNumber
[2020/03/19 08:25:11.404] - eth_getBlockByNumber
[2020/03/19 08:25:11.409] - eth_getBlockByNumber
[2020/03/19 08:25:11.414] - eth_getBlockByNumber
[2020/03/19 08:25:11.416] - eth_getBlockByNumber
[2020/03/19 08:25:11.425] - eth_getBlockByNumber
[2020/03/19 08:25:11.430] - eth_getBlockByNumber
[2020/03/19 08:25:11.435] - eth_getBlockByNumber
[2020/03/19 08:25:11.442] - eth_getBlockByNumber
[2020/03/19 08:25:11.443] - eth_getBlockByNumber
[2020/03/19 08:25:11.453] - eth_getBlockByNumber
[2020/03/19 08:25:11.459] - eth_getBlockByNumber
[2020/03/19 08:25:11.464] - eth_getBlockByNumber
[2020/03/19 08:25:11.467] - eth_getBlockByNumber
[2020/03/19 08:25:11.474] - eth_getBlockByNumber
[2020/03/19 08:25:27.098] - eth_getBalance
[2020/03/19 08:25:29.103] - net_version
[2020/03/19 08:25:29.611] - eth_getLogs
[2020/03/19 08:25:29.630] - eth_getLogs
[2020/03/19 08:25:29.633] - eth_getLogs
[2020/03/19 08:25:29.679] - eth_getLogs
[2020/03/19 08:25:29.700] - eth_call
[2020/03/19 08:25:30.431] - eth_blockNumber
[2020/03/19 08:25:31.030] - eth_call
[2020/03/19 08:25:31.057] - eth_call
[2020/03/19 08:25:31.077] - eth_call
[2020/03/19 08:25:31.096] - eth_call
[2020/03/19 08:25:31.111] - eth_call
[2020/03/19 08:25:31.119] - eth_call
[2020/03/19 08:25:31.276] - eth_call
[2020/03/19 08:25:31.533] - eth_call
[2020/03/19 08:25:31.741] - eth_blockNumber
[2020/03/19 08:25:50.453] - eth_blockNumber
[2020/03/19 08:25:52.254] - eth_blockNumber
[2020/03/19 08:26:10.464] - eth_blockNumber
[2020/03/19 08:26:12.275] - eth_blockNumber
[2020/03/19 08:26:30.476] - eth_blockNumber
[2020/03/19 08:26:32.292] - eth_blockNumber
[2020/03/19 08:26:50.488] - eth_blockNumber
[2020/03/19 08:26:52.330] - eth_blockNumber
[2020/03/19 08:26:58.545] - net_version
[2020/03/19 08:27:10.498] - eth_blockNumber
[2020/03/19 08:27:12.350] - eth_blockNumber
[2020/03/19 08:27:30.508] - eth_blockNumber
[2020/03/19 08:27:32.364] - eth_blockNumber
[2020/03/19 08:27:50.518] - eth_blockNumber
[2020/03/19 08:27:52.378] - eth_blockNumber
[2020/03/19 08:28:10.527] - eth_blockNumber
[2020/03/19 08:28:12.404] - eth_blockNumber
[2020/03/19 08:28:30.544] - eth_blockNumber
[2020/03/19 08:28:32.434] - eth_blockNumber
[2020/03/19 08:28:50.570] - eth_blockNumber
[2020/03/19 08:28:52.461] - eth_blockNumber
[2020/03/19 08:29:10.583] - eth_blockNumber
[2020/03/19 08:29:12.474] - eth_blockNumber
[2020/03/19 08:29:30.609] - eth_blockNumber
[2020/03/19 08:29:32.496] - eth_blockNumber
[2020/03/19 08:29:50.630] - eth_blockNumber
[2020/03/19 08:29:52.513] - eth_blockNumber
[2020/03/19 08:30:10.642] - eth_blockNumber
[2020/03/19 08:30:12.524] - eth_blockNumber
[2020/03/19 08:30:30.652] - eth_blockNumber
[2020/03/19 08:30:32.540] - eth_blockNumber
[2020/03/19 08:30:50.664] - eth_blockNumber
[2020/03/19 08:30:52.565] - eth_blockNumber
[2020/03/19 08:31:10.680] - eth_blockNumber
[2020/03/19 08:31:12.579] - eth_blockNumber
[2020/03/19 08:31:30.695] - eth_blockNumber
[2020/03/19 08:31:32.593] - eth_blockNumber
[2020/03/19 08:31:50.707] - eth_blockNumber
[2020/03/19 08:31:52.607] - eth_blockNumber
[2020/03/19 08:32:10.718] - eth_blockNumber
[2020/03/19 08:32:12.619] - eth_blockNumber
[2020/03/19 08:32:30.732] - eth_blockNumber
[2020/03/19 08:32:32.639] - eth_blockNumber
[2020/03/19 08:32:50.745] - eth_blockNumber
[2020/03/19 08:32:52.654] - eth_blockNumber
[2020/03/19 08:33:10.764] - eth_blockNumber
[2020/03/19 08:33:12.671] - eth_blockNumber
[2020/03/19 08:33:30.784] - eth_blockNumber
[2020/03/19 08:33:32.690] - eth_blockNumber
[2020/03/19 08:33:50.802] - eth_blockNumber
[2020/03/19 08:33:52.701] - eth_blockNumber
[2020/03/19 08:34:10.819] - eth_blockNumber
[2020/03/19 08:34:12.713] - eth_blockNumber
[2020/03/19 08:34:30.831] - eth_blockNumber
[2020/03/19 08:34:32.726] - eth_blockNumber
[2020/03/19 08:34:50.851] - eth_blockNumber
[2020/03/19 08:34:52.739] - eth_blockNumber
[2020/03/19 08:35:10.861] - eth_blockNumber
[2020/03/19 08:35:12.755] - eth_blockNumber
[2020/03/19 08:35:30.874] - eth_blockNumber
[2020/03/19 08:35:32.770] - eth_blockNumber
[2020/03/19 08:35:50.885] - eth_blockNumber
[2020/03/19 08:35:52.785] - eth_blockNumber
[2020/03/19 08:36:10.898] - eth_blockNumber
[2020/03/19 08:36:12.803] - eth_blockNumber
[2020/03/19 08:36:30.912] - eth_blockNumber
[2020/03/19 08:36:32.818] - eth_blockNumber
[2020/03/19 08:36:50.925] - eth_blockNumber
[2020/03/19 08:36:52.832] - eth_blockNumber
[2020/03/19 08:37:10.937] - eth_blockNumber
[2020/03/19 08:37:12.844] - eth_blockNumber
[2020/03/19 08:37:30.949] - eth_blockNumber
[2020/03/19 08:37:32.857] - eth_blockNumber
[2020/03/19 08:37:50.961] - eth_blockNumber
[2020/03/19 08:37:52.869] - eth_blockNumber
[2020/03/19 08:38:10.973] - eth_blockNumber
[2020/03/19 08:38:12.883] - eth_blockNumber
[2020/03/19 08:38:30.997] - eth_blockNumber
[2020/03/19 08:38:32.894] - eth_blockNumber
[2020/03/19 08:38:51.017] - eth_blockNumber
[2020/03/19 08:38:52.910] - eth_blockNumber
[2020/03/19 08:39:11.027] - eth_blockNumber
[2020/03/19 08:39:12.930] - eth_blockNumber
[2020/03/19 08:39:31.041] - eth_blockNumber
[2020/03/19 08:39:32.942] - eth_blockNumber
[2020/03/19 08:39:51.059] - eth_blockNumber
[2020/03/19 08:39:52.952] - eth_blockNumber
[2020/03/19 08:40:11.077] - eth_blockNumber
[2020/03/19 08:40:12.964] - eth_blockNumber
[2020/03/19 08:40:31.088] - eth_blockNumber
[2020/03/19 08:40:32.982] - eth_blockNumber
[2020/03/19 08:40:51.105] - eth_blockNumber
[2020/03/19 08:40:53.001] - eth_blockNumber
[2020/03/19 08:41:11.125] - eth_blockNumber
[2020/03/19 08:41:13.020] - eth_blockNumber
[2020/03/19 08:41:31.137] - eth_blockNumber
[2020/03/19 08:41:33.033] - eth_blockNumber
[2020/03/19 08:41:51.152] - eth_blockNumber
[2020/03/19 08:41:53.045] - eth_blockNumber
[2020/03/19 08:42:11.164] - eth_blockNumber
[2020/03/19 08:42:13.057] - eth_blockNumber
[2020/03/19 08:42:31.176] - eth_blockNumber
[2020/03/19 08:42:33.073] - eth_blockNumber
[2020/03/19 08:42:51.186] - eth_blockNumber
[2020/03/19 08:42:53.084] - eth_blockNumber
[2020/03/19 08:43:11.198] - eth_blockNumber
[2020/03/19 08:43:13.096] - eth_blockNumber
[2020/03/19 08:43:31.209] - eth_blockNumber
[2020/03/19 08:43:33.109] - eth_blockNumber
[2020/03/19 08:43:51.220] - eth_blockNumber
[2020/03/19 08:43:53.122] - eth_blockNumber
[2020/03/19 08:44:11.231] - eth_blockNumber
[2020/03/19 08:44:13.134] - eth_blockNumber
[2020/03/19 08:44:31.241] - eth_blockNumber
[2020/03/19 08:44:33.148] - eth_blockNumber
[2020/03/19 08:44:51.253] - eth_blockNumber
[2020/03/19 08:44:53.159] - eth_blockNumber
[2020/03/19 08:45:11.263] - eth_blockNumber
[2020/03/19 08:45:13.178] - eth_blockNumber
[2020/03/19 08:45:31.273] - eth_blockNumber
[2020/03/19 08:45:33.194] - eth_blockNumber
[2020/03/19 08:45:51.288] - eth_blockNumber
[2020/03/19 08:45:53.207] - eth_blockNumber
[2020/03/19 08:46:11.298] - eth_blockNumber
[2020/03/19 08:46:13.226] - eth_blockNumber
[2020/03/19 08:46:13.743] - net_version
[2020/03/19 08:46:31.307] - eth_blockNumber
[2020/03/19 08:46:33.250] - eth_blockNumber
[2020/03/19 08:46:51.318] - eth_blockNumber
[2020/03/19 08:46:53.261] - eth_blockNumber
[2020/03/19 08:47:11.329] - eth_blockNumber
[2020/03/19 08:47:13.278] - eth_blockNumber
[2020/03/19 08:47:31.340] - eth_blockNumber
[2020/03/19 08:47:33.299] - eth_blockNumber
[2020/03/19 08:47:51.350] - eth_blockNumber
[2020/03/19 08:47:53.316] - eth_blockNumber
[2020/03/19 08:48:11.360] - eth_blockNumber
[2020/03/19 08:48:13.335] - eth_blockNumber
[2020/03/19 08:48:31.374] - eth_blockNumber
[2020/03/19 08:48:33.346] - eth_blockNumber
[2020/03/19 08:48:51.385] - eth_blockNumber
[2020/03/19 08:48:53.357] - eth_blockNumber
[2020/03/19 08:49:11.398] - eth_blockNumber
[2020/03/19 08:49:13.369] - eth_blockNumber
[2020/03/19 08:49:31.413] - eth_blockNumber
[2020/03/19 08:49:33.380] - eth_blockNumber
[2020/03/19 08:49:51.428] - eth_blockNumber
[2020/03/19 08:49:53.394] - eth_blockNumber
[2020/03/19 08:50:11.442] - eth_blockNumber
[2020/03/19 08:50:13.407] - eth_blockNumber
[2020/03/19 08:50:31.455] - eth_blockNumber
[2020/03/19 08:50:33.422] - eth_blockNumber
[2020/03/19 08:50:51.469] - eth_blockNumber
[2020/03/19 08:50:53.433] - eth_blockNumber
[2020/03/19 08:51:11.479] - eth_blockNumber
[2020/03/19 08:51:13.445] - eth_blockNumber
[2020/03/19 08:51:31.492] - eth_blockNumber
[2020/03/19 08:51:33.459] - eth_blockNumber
[2020/03/19 08:51:51.503] - eth_blockNumber
[2020/03/19 08:51:53.481] - eth_blockNumber
[2020/03/19 08:52:11.513] - eth_blockNumber
[2020/03/19 08:52:13.518] - eth_blockNumber
[2020/03/19 08:52:31.523] - eth_blockNumber
[2020/03/19 08:52:33.529] - eth_blockNumber
[2020/03/19 08:52:51.541] - eth_blockNumber
[2020/03/19 08:52:53.542] - eth_blockNumber
[2020/03/19 08:53:11.561] - eth_blockNumber
[2020/03/19 08:53:13.552] - eth_blockNumber
[2020/03/19 08:53:31.578] - eth_blockNumber
[2020/03/19 08:53:33.567] - eth_blockNumber
[2020/03/19 08:53:51.606] - eth_blockNumber
[2020/03/19 08:53:53.576] - eth_blockNumber
[2020/03/19 08:54:11.648] - eth_blockNumber
[2020/03/19 08:54:13.591] - eth_blockNumber
[2020/03/19 08:54:31.669] - eth_blockNumber
[2020/03/19 08:54:33.602] - eth_blockNumber
[2020/03/19 08:54:51.683] - eth_blockNumber
[2020/03/19 08:54:53.614] - eth_blockNumber
[2020/03/19 08:55:11.697] - eth_blockNumber
[2020/03/19 08:55:13.630] - eth_blockNumber
[2020/03/19 08:55:31.710] - eth_blockNumber
[2020/03/19 08:55:33.645] - eth_blockNumber
[2020/03/19 08:55:51.720] - eth_blockNumber
[2020/03/19 08:55:53.659] - eth_blockNumber
[2020/03/19 08:56:11.744] - eth_blockNumber
[2020/03/19 08:56:13.678] - eth_blockNumber
[2020/03/19 08:56:31.768] - eth_blockNumber
[2020/03/19 08:56:33.699] - eth_blockNumber
[2020/03/19 08:56:51.784] - eth_blockNumber
[2020/03/19 08:56:53.712] - eth_blockNumber
[2020/03/19 08:57:11.796] - eth_blockNumber
[2020/03/19 08:57:13.723] - eth_blockNumber
[2020/03/19 08:57:31.807] - eth_blockNumber
[2020/03/19 08:57:33.733] - eth_blockNumber
[2020/03/19 08:57:51.821] - eth_blockNumber
[2020/03/19 08:57:53.744] - eth_blockNumber
[2020/03/19 08:58:11.833] - eth_blockNumber
[2020/03/19 08:58:13.755] - eth_blockNumber
[2020/03/19 08:58:31.843] - eth_blockNumber
[2020/03/19 08:58:33.773] - eth_blockNumber
[2020/03/19 08:58:51.857] - eth_blockNumber
[2020/03/19 08:58:53.787] - eth_blockNumber
[2020/03/19 08:59:11.871] - eth_blockNumber
[2020/03/19 08:59:13.798] - eth_blockNumber
[2020/03/19 08:59:31.883] - eth_blockNumber
[2020/03/19 08:59:33.812] - eth_blockNumber
[2020/03/19 08:59:51.894] - eth_blockNumber
[2020/03/19 08:59:53.824] - eth_blockNumber
[2020/03/19 09:00:11.912] - eth_blockNumber
[2020/03/19 09:00:13.844] - eth_blockNumber
[2020/03/19 09:00:31.929] - eth_blockNumber
[2020/03/19 09:00:33.870] - eth_blockNumber
[2020/03/19 09:00:51.939] - eth_blockNumber
[2020/03/19 09:00:53.887] - eth_blockNumber
[2020/03/19 09:01:11.949] - eth_blockNumber
[2020/03/19 09:01:13.897] - eth_blockNumber
[2020/03/19 09:01:31.959] - eth_blockNumber
[2020/03/19 09:01:33.914] - eth_blockNumber
[2020/03/19 09:01:51.973] - eth_blockNumber
[2020/03/19 09:01:53.928] - eth_blockNumber
[2020/03/19 09:02:11.994] - eth_blockNumber
[2020/03/19 09:02:13.939] - eth_blockNumber
[2020/03/19 09:02:32.004] - eth_blockNumber
[2020/03/19 09:02:33.950] - eth_blockNumber
[2020/03/19 09:02:52.014] - eth_blockNumber
[2020/03/19 09:02:53.963] - eth_blockNumber
[2020/03/19 09:03:12.025] - eth_blockNumber
[2020/03/19 09:03:13.973] - eth_blockNumber
[2020/03/19 09:03:32.035] - eth_blockNumber
[2020/03/19 09:03:33.986] - eth_blockNumber
[2020/03/19 09:03:52.046] - eth_blockNumber
[2020/03/19 09:03:53.997] - eth_blockNumber
[2020/03/19 09:04:12.057] - eth_blockNumber
[2020/03/19 09:04:14.009] - eth_blockNumber
[2020/03/19 09:04:32.077] - eth_blockNumber
[2020/03/19 09:04:34.020] - eth_blockNumber
[2020/03/19 09:04:52.101] - eth_blockNumber
[2020/03/19 09:04:54.033] - eth_blockNumber
[2020/03/19 09:05:12.112] - eth_blockNumber
[2020/03/19 09:05:14.047] - eth_blockNumber
[2020/03/19 09:05:32.126] - eth_blockNumber
[2020/03/19 09:05:34.060] - eth_blockNumber
[2020/03/19 09:05:52.141] - eth_blockNumber
[2020/03/19 09:05:54.076] - eth_blockNumber
[2020/03/19 09:06:12.158] - eth_blockNumber
[2020/03/19 09:06:14.090] - eth_blockNumber
[2020/03/19 09:06:32.174] - eth_blockNumber
[2020/03/19 09:06:34.101] - eth_blockNumber
[2020/03/19 09:06:52.195] - eth_blockNumber
[2020/03/19 09:06:54.113] - eth_blockNumber
[2020/03/19 09:07:12.226] - eth_blockNumber
[2020/03/19 09:07:14.129] - eth_blockNumber
[2020/03/19 09:07:32.237] - eth_blockNumber
[2020/03/19 09:07:34.142] - eth_blockNumber
[2020/03/19 09:07:52.255] - eth_blockNumber
[2020/03/19 09:07:54.159] - eth_blockNumber
[2020/03/19 09:08:12.265] - eth_blockNumber
[2020/03/19 09:08:14.176] - eth_blockNumber
[2020/03/19 09:08:32.274] - eth_blockNumber
[2020/03/19 09:08:34.196] - eth_blockNumber
[2020/03/19 09:08:52.284] - eth_blockNumber
[2020/03/19 09:08:54.209] - eth_blockNumber
[2020/03/19 09:09:12.299] - eth_blockNumber
[2020/03/19 09:09:14.223] - eth_blockNumber
[2020/03/19 09:09:32.311] - eth_blockNumber
[2020/03/19 09:09:34.234] - eth_blockNumber
[2020/03/19 09:09:52.321] - eth_blockNumber
[2020/03/19 09:09:54.254] - eth_blockNumber
[2020/03/19 09:10:12.360] - eth_blockNumber
[2020/03/19 09:10:14.278] - eth_blockNumber
[2020/03/19 09:10:32.370] - eth_blockNumber
[2020/03/19 09:10:34.292] - eth_blockNumber
[2020/03/19 09:10:52.379] - eth_blockNumber
[2020/03/19 09:10:54.319] - eth_blockNumber
[2020/03/19 09:11:12.389] - eth_blockNumber
[2020/03/19 09:11:14.358] - eth_blockNumber
[2020/03/19 09:11:32.405] - eth_blockNumber
[2020/03/19 09:11:34.384] - eth_blockNumber
[2020/03/19 09:11:52.428] - eth_blockNumber
[2020/03/19 09:11:54.398] - eth_blockNumber
[2020/03/19 09:12:12.442] - eth_blockNumber
[2020/03/19 09:12:14.409] - eth_blockNumber
[2020/03/19 09:12:32.458] - eth_blockNumber
[2020/03/19 09:12:34.455] - eth_blockNumber
[2020/03/19 09:12:52.474] - eth_blockNumber
[2020/03/19 09:12:54.476] - eth_blockNumber
[2020/03/19 09:13:12.483] - eth_blockNumber
[2020/03/19 09:13:14.497] - eth_blockNumber
[2020/03/19 09:13:32.494] - eth_blockNumber
[2020/03/19 09:13:34.529] - eth_blockNumber
[2020/03/19 09:13:52.504] - eth_blockNumber
[2020/03/19 09:13:54.543] - eth_blockNumber
[2020/03/19 09:14:12.515] - eth_blockNumber
[2020/03/19 09:14:14.558] - eth_blockNumber
[2020/03/19 09:14:32.529] - eth_blockNumber
[2020/03/19 09:14:34.573] - eth_blockNumber
[2020/03/19 09:14:52.547] - eth_blockNumber
[2020/03/19 09:14:54.586] - eth_blockNumber
[2020/03/19 09:15:12.557] - eth_blockNumber
[2020/03/19 09:15:14.603] - eth_blockNumber
[2020/03/19 09:15:32.568] - eth_blockNumber
[2020/03/19 09:15:34.617] - eth_blockNumber
[2020/03/19 09:15:52.579] - eth_blockNumber
[2020/03/19 09:15:54.635] - eth_blockNumber
[2020/03/19 09:16:12.590] - eth_blockNumber
[2020/03/19 09:16:14.647] - eth_blockNumber
[2020/03/19 09:16:32.602] - eth_blockNumber
[2020/03/19 09:16:34.661] - eth_blockNumber
[2020/03/19 09:16:52.613] - eth_blockNumber
[2020/03/19 09:16:54.678] - eth_blockNumber
[2020/03/19 09:17:12.625] - eth_blockNumber
[2020/03/19 09:17:14.818] - eth_blockNumber
[2020/03/19 09:17:32.640] - eth_blockNumber
[2020/03/19 09:17:34.833] - eth_blockNumber
[2020/03/19 09:17:52.654] - eth_blockNumber
[2020/03/19 09:17:54.849] - eth_blockNumber
[2020/03/19 09:18:12.663] - eth_blockNumber
[2020/03/19 09:18:14.864] - eth_blockNumber
[2020/03/19 09:18:32.673] - eth_blockNumber
[2020/03/19 09:18:34.881] - eth_blockNumber
[2020/03/19 09:18:52.684] - eth_blockNumber
[2020/03/19 09:18:54.892] - eth_blockNumber
[2020/03/19 09:19:12.695] - eth_blockNumber
[2020/03/19 09:19:14.905] - eth_blockNumber
[2020/03/19 09:19:32.706] - eth_blockNumber
[2020/03/19 09:19:34.916] - eth_blockNumber
[2020/03/19 09:19:52.722] - eth_blockNumber
[2020/03/19 09:19:54.927] - eth_blockNumber
[2020/03/19 09:20:12.734] - eth_blockNumber
[2020/03/19 09:20:14.937] - eth_blockNumber
[2020/03/19 09:20:32.749] - eth_blockNumber
[2020/03/19 09:20:34.947] - eth_blockNumber
[2020/03/19 09:20:52.763] - eth_blockNumber
[2020/03/19 09:20:54.958] - eth_blockNumber
[2020/03/19 09:21:12.774] - eth_blockNumber
[2020/03/19 09:21:14.971] - eth_blockNumber
[2020/03/19 09:21:32.783] - eth_blockNumber
[2020/03/19 09:21:34.982] - eth_blockNumber
[2020/03/19 09:21:52.794] - eth_blockNumber
[2020/03/19 09:21:54.994] - eth_blockNumber
[2020/03/19 09:22:12.805] - eth_blockNumber
[2020/03/19 09:22:15.006] - eth_blockNumber
[2020/03/19 09:22:32.814] - eth_blockNumber
[2020/03/19 09:22:35.018] - eth_blockNumber
[2020/03/19 09:22:52.824] - eth_blockNumber
[2020/03/19 09:22:55.028] - eth_blockNumber
[2020/03/19 09:23:12.833] - eth_blockNumber
[2020/03/19 09:23:15.039] - eth_blockNumber
[2020/03/19 09:23:32.844] - eth_blockNumber
[2020/03/19 09:23:35.050] - eth_blockNumber
[2020/03/19 09:23:52.856] - eth_blockNumber
[2020/03/19 09:23:55.061] - eth_blockNumber
[2020/03/19 09:24:12.867] - eth_blockNumber
[2020/03/19 09:24:15.075] - eth_blockNumber
[2020/03/19 09:24:32.878] - eth_blockNumber
[2020/03/19 09:24:35.088] - eth_blockNumber
[2020/03/19 09:24:52.890] - eth_blockNumber
[2020/03/19 09:24:55.101] - eth_blockNumber
[2020/03/19 09:25:12.901] - eth_blockNumber
[2020/03/19 09:25:15.116] - eth_blockNumber
[2020/03/19 09:25:32.911] - eth_blockNumber
[2020/03/19 09:25:35.129] - eth_blockNumber
[2020/03/19 09:25:52.924] - eth_blockNumber
[2020/03/19 09:25:55.142] - eth_blockNumber
[2020/03/19 09:26:12.936] - eth_blockNumber
[2020/03/19 09:26:15.154] - eth_blockNumber
[2020/03/19 09:26:32.947] - eth_blockNumber
[2020/03/19 09:26:35.167] - eth_blockNumber
[2020/03/19 09:26:52.957] - eth_blockNumber
[2020/03/19 09:26:55.179] - eth_blockNumber
[2020/03/19 09:27:12.968] - eth_blockNumber
[2020/03/19 09:27:15.194] - eth_blockNumber
[2020/03/19 09:27:32.978] - eth_blockNumber
[2020/03/19 09:27:35.205] - eth_blockNumber
[2020/03/19 09:27:52.983] - eth_blockNumber
[2020/03/19 09:27:53.030] - eth_blockNumber
[2020/03/19 09:27:53.045] - net_version
[2020/03/19 09:27:53.050] - eth_accounts
[2020/03/19 09:27:53.080] - eth_getBlockByNumber
[2020/03/19 09:27:53.090] - eth_accounts
[2020/03/19 09:27:53.160] - eth_getBlockByNumber
[2020/03/19 09:27:53.166] - eth_getBlockByNumber
[2020/03/19 09:27:53.172] - eth_getBlockByNumber
[2020/03/19 09:27:53.184] - eth_estimateGas
[2020/03/19 09:27:54.609] - eth_getBlockByNumber
[2020/03/19 09:27:54.610] - eth_blockNumber
[2020/03/19 09:27:54.616] - eth_sendTransaction
[2020/03/19 09:27:54.653] - 
[2020/03/19 09:27:54.653] -   Transaction: 0x6cd60b5f0f7a174f90c75bb8b04f48ddfb85ef9c43d1ffb8c793c1527d1f5f5a
[2020/03/19 09:27:54.654] -   Contract created: 0xb5c517540457a2a69072f1e933a39f675a80a6b6
[2020/03/19 09:27:54.654] -   Gas usage: 188483
[2020/03/19 09:27:54.654] -   Block Number: 172
[2020/03/19 09:27:54.654] -   Block Time: Thu Mar 19 2020 09:27:54 GMT+0000 (GMT)
[2020/03/19 09:27:54.654] - 
[2020/03/19 09:27:54.655] - eth_getBlockByNumber
[2020/03/19 09:27:54.656] - eth_getTransactionReceipt
[2020/03/19 09:27:54.664] - eth_getCode
[2020/03/19 09:27:54.687] - eth_getTransactionByHash
[2020/03/19 09:27:54.706] - eth_getBlockByNumber
[2020/03/19 09:27:54.725] - eth_getBalance
[2020/03/19 09:27:54.751] - eth_getBlockByNumber
[2020/03/19 09:27:54.762] - eth_getBlockByNumber
[2020/03/19 09:27:54.776] - eth_sendTransaction
[2020/03/19 09:27:54.842] - 
[2020/03/19 09:27:54.843] -   Transaction: 0xee76fb8265153b760f85ebbf13dd3943b06bc345bc709f118c2a99b8cb1d37a9
[2020/03/19 09:27:54.843] -   Gas usage: 42001
[2020/03/19 09:27:54.843] -   Block Number: 173
[2020/03/19 09:27:54.845] -   Block Time: Thu Mar 19 2020 09:27:54 GMT+0000 (GMT)
[2020/03/19 09:27:54.846] - 
[2020/03/19 09:27:54.848] - eth_getBlockByNumber
[2020/03/19 09:27:54.851] - eth_getTransactionReceipt
[2020/03/19 09:27:54.916] - eth_getBlockByNumber
[2020/03/19 09:27:54.942] - eth_accounts
[2020/03/19 09:27:55.040] - eth_getBlockByNumber
[2020/03/19 09:27:55.047] - eth_getBlockByNumber
[2020/03/19 09:27:55.052] - eth_getBlockByNumber
[2020/03/19 09:27:55.060] - eth_estimateGas
[2020/03/19 09:27:55.082] - eth_getBlockByNumber
[2020/03/19 09:27:55.083] - eth_blockNumber
[2020/03/19 09:27:55.088] - eth_sendTransaction
[2020/03/19 09:27:55.141] - 
[2020/03/19 09:27:55.142] -   Transaction: 0xb52c8eac391413f7de5c9f5849ee43daa52ba8aa44d2852f8e8ae6362d0162a6
[2020/03/19 09:27:55.143] -   Contract created: 0x17264c9d1b602549aaa2d3433f0cadea2431fa09
[2020/03/19 09:27:55.143] -   Gas usage: 394012
[2020/03/19 09:27:55.143] -   Block Number: 174
[2020/03/19 09:27:55.144] -   Block Time: Thu Mar 19 2020 09:27:55 GMT+0000 (GMT)
[2020/03/19 09:27:55.144] - 
[2020/03/19 09:27:55.146] - eth_getTransactionReceipt
[2020/03/19 09:27:55.162] - eth_getCode
[2020/03/19 09:27:55.174] - eth_getTransactionByHash
[2020/03/19 09:27:55.184] - eth_getBlockByNumber
[2020/03/19 09:27:55.195] - eth_getBalance
[2020/03/19 09:27:55.213] - eth_getBalance
[2020/03/19 09:27:55.214] - eth_getBlockByNumber
[2020/03/19 09:27:55.234] - eth_blockNumber
[2020/03/19 09:27:55.247] - eth_getBlockByNumber
[2020/03/19 09:27:55.283] - eth_getBlockByNumber
[2020/03/19 09:27:55.308] - eth_getBlockByNumber
[2020/03/19 09:27:55.317] - eth_sendTransaction
[2020/03/19 09:27:55.348] - eth_getTransactionCount
[2020/03/19 09:27:55.382] - 
[2020/03/19 09:27:55.382] -   Transaction: 0x97edf590a2c54d2671e218c53625576963ad84400c9c1756d1da14edff8144d9
[2020/03/19 09:27:55.383] -   Gas usage: 27001
[2020/03/19 09:27:55.383] -   Block Number: 175
[2020/03/19 09:27:55.383] -   Block Time: Thu Mar 19 2020 09:27:55 GMT+0000 (GMT)
[2020/03/19 09:27:55.383] - 
[2020/03/19 09:27:55.384] - eth_getBlockByNumber
[2020/03/19 09:27:55.389] - eth_getTransactionReceipt
[2020/03/19 09:27:55.421] - eth_getBalance
[2020/03/19 09:27:55.422] - eth_getBlockByNumber
[2020/03/19 09:27:55.439] - eth_accounts
[2020/03/19 09:27:55.532] - eth_getTransactionCount
[2020/03/19 09:27:55.628] - eth_getBalance
[2020/03/19 09:27:55.770] - eth_getTransactionCount
[2020/03/19 09:27:55.843] - eth_getBalance
[2020/03/19 09:27:55.884] - eth_getTransactionCount
[2020/03/19 09:27:55.920] - eth_getBalance
[2020/03/19 09:27:55.945] - eth_getTransactionCount
[2020/03/19 09:27:55.982] - eth_getBalance
[2020/03/19 09:27:56.022] - eth_getTransactionCount
[2020/03/19 09:27:56.072] - eth_getBalance
[2020/03/19 09:27:56.150] - eth_getTransactionCount
[2020/03/19 09:27:56.214] - eth_getBalance
[2020/03/19 09:27:56.249] - eth_getTransactionCount
[2020/03/19 09:27:56.282] - eth_getBalance
[2020/03/19 09:27:56.315] - eth_getTransactionCount
[2020/03/19 09:27:56.360] - eth_getBalance
[2020/03/19 09:27:56.395] - eth_getTransactionCount
[2020/03/19 09:27:56.465] - eth_getBalance
[2020/03/19 09:27:56.499] - eth_getTransactionCount
[2020/03/19 09:27:56.524] - eth_getBalance
[2020/03/19 09:27:56.559] - eth_getTransactionCount
[2020/03/19 09:27:56.592] - eth_getBalance
[2020/03/19 09:27:56.627] - eth_getTransactionCount
[2020/03/19 09:27:56.661] - eth_getBalance
[2020/03/19 09:27:56.689] - eth_getTransactionCount
[2020/03/19 09:27:56.749] - eth_getBalance
[2020/03/19 09:27:56.831] - eth_getTransactionCount
[2020/03/19 09:27:56.860] - eth_getBalance
[2020/03/19 09:27:56.895] - eth_getTransactionCount
[2020/03/19 09:27:56.928] - eth_getBalance
[2020/03/19 09:27:56.962] - eth_getTransactionCount
[2020/03/19 09:27:56.995] - eth_getBalance
[2020/03/19 09:27:57.020] - eth_getTransactionCount
[2020/03/19 09:27:57.052] - eth_getBalance
[2020/03/19 09:27:57.085] - eth_getTransactionCount
[2020/03/19 09:27:57.118] - eth_getBalance
[2020/03/19 09:27:57.159] - eth_getTransactionCount
[2020/03/19 09:27:59.743] - eth_getBalance
[2020/03/19 09:27:59.952] - eth_getTransactionCount
[2020/03/19 09:28:00.052] - eth_getBalance
[2020/03/19 09:28:00.165] - eth_getTransactionCount
[2020/03/19 09:28:00.240] - eth_getBalance
[2020/03/19 09:28:00.320] - eth_getTransactionCount
[2020/03/19 09:28:00.369] - eth_getBalance
[2020/03/19 09:28:00.408] - eth_getTransactionCount
[2020/03/19 09:28:00.444] - eth_getBalance
[2020/03/19 09:28:00.480] - eth_getTransactionCount
[2020/03/19 09:28:00.515] - eth_getBalance
[2020/03/19 09:28:00.542] - eth_getTransactionCount
[2020/03/19 09:28:00.577] - eth_getBalance
[2020/03/19 09:28:00.614] - eth_getTransactionCount
[2020/03/19 09:28:00.649] - eth_getBalance
[2020/03/19 09:28:00.685] - eth_getTransactionCount
[2020/03/19 09:28:00.720] - eth_getBalance
[2020/03/19 09:28:00.755] - eth_getTransactionCount
[2020/03/19 09:28:00.786] - eth_getBalance
[2020/03/19 09:28:00.855] - eth_getTransactionCount
[2020/03/19 09:28:01.082] - eth_getBalance
[2020/03/19 09:28:01.118] - eth_getTransactionCount
[2020/03/19 09:28:01.165] - eth_getBalance
[2020/03/19 09:28:01.209] - eth_getTransactionCount
[2020/03/19 09:28:01.245] - eth_getBalance
[2020/03/19 09:28:01.272] - eth_getTransactionCount
[2020/03/19 09:28:01.308] - eth_getBalance
[2020/03/19 09:28:01.342] - eth_getTransactionCount
[2020/03/19 09:28:01.380] - eth_getBalance
[2020/03/19 09:28:01.430] - eth_getTransactionCount
[2020/03/19 09:28:01.505] - eth_getBalance
[2020/03/19 09:28:01.549] - eth_getTransactionCount
[2020/03/19 09:28:01.586] - eth_getBalance
[2020/03/19 09:28:01.623] - eth_getTransactionCount
[2020/03/19 09:28:01.659] - eth_getBalance
[2020/03/19 09:28:01.694] - eth_getTransactionCount
[2020/03/19 09:28:01.721] - eth_getBalance
[2020/03/19 09:28:01.756] - eth_getTransactionCount
[2020/03/19 09:28:01.810] - eth_getBalance
[2020/03/19 09:28:01.851] - eth_getTransactionCount
[2020/03/19 09:28:12.992] - eth_blockNumber
[2020/03/19 09:28:13.002] - eth_getBlockByNumber
[2020/03/19 09:28:15.251] - eth_blockNumber
[2020/03/19 09:28:15.280] - eth_getBlockByNumber
[2020/03/19 09:28:33.005] - eth_blockNumber
[2020/03/19 09:28:35.280] - eth_blockNumber
[2020/03/19 09:28:53.015] - eth_blockNumber
[2020/03/19 09:28:55.293] - eth_blockNumber
[2020/03/19 09:29:13.025] - eth_blockNumber
[2020/03/19 09:29:15.309] - eth_blockNumber
[2020/03/19 09:29:33.045] - eth_blockNumber
[2020/03/19 09:29:35.317] - eth_blockNumber
[2020/03/19 09:29:52.799] - eth_blockNumber
[2020/03/19 09:29:52.814] - net_version
[2020/03/19 09:29:52.829] - eth_accounts
[2020/03/19 09:29:52.875] - eth_getBlockByNumber
[2020/03/19 09:29:52.884] - eth_accounts
[2020/03/19 09:29:52.967] - eth_getBlockByNumber
[2020/03/19 09:29:52.982] - eth_getBlockByNumber
[2020/03/19 09:29:52.990] - eth_getBlockByNumber
[2020/03/19 09:29:53.004] - eth_estimateGas
[2020/03/19 09:29:53.067] - eth_blockNumber
[2020/03/19 09:29:54.626] - eth_getBlockByNumber
[2020/03/19 09:29:54.627] - eth_blockNumber
[2020/03/19 09:29:54.632] - eth_sendTransaction
[2020/03/19 09:29:54.677] - 
[2020/03/19 09:29:54.677] -   Transaction: 0x33698454f79ba9bd7de7824043e4ff51905bfcf343508c55c66022083ef7a98b
[2020/03/19 09:29:54.678] -   Contract created: 0x1b83e42b6bdfb9511c3ee956a7b4a293d4290a8e
[2020/03/19 09:29:54.678] -   Gas usage: 188483
[2020/03/19 09:29:54.678] -   Block Number: 176
[2020/03/19 09:29:54.678] -   Block Time: Thu Mar 19 2020 09:29:54 GMT+0000 (GMT)
[2020/03/19 09:29:54.678] - 
[2020/03/19 09:29:54.679] - eth_getBlockByNumber
[2020/03/19 09:29:54.680] - eth_getTransactionReceipt
[2020/03/19 09:29:54.689] - eth_getCode
[2020/03/19 09:29:54.698] - eth_getTransactionByHash
[2020/03/19 09:29:54.708] - eth_getBlockByNumber
[2020/03/19 09:29:54.719] - eth_getBalance
[2020/03/19 09:29:54.744] - eth_getBlockByNumber
[2020/03/19 09:29:54.755] - eth_getBlockByNumber
[2020/03/19 09:29:54.774] - eth_sendTransaction
[2020/03/19 09:29:54.840] - 
[2020/03/19 09:29:54.841] -   Transaction: 0xa60f1bc83f11340e40b82abcccf25ffc1aaf4f794e40d1a69caeff5a55fdbcd5
[2020/03/19 09:29:54.841] -   Gas usage: 42001
[2020/03/19 09:29:54.841] -   Block Number: 177
[2020/03/19 09:29:54.845] -   Block Time: Thu Mar 19 2020 09:29:54 GMT+0000 (GMT)
[2020/03/19 09:29:54.845] - 
[2020/03/19 09:29:54.846] - eth_getBlockByNumber
[2020/03/19 09:29:54.847] - eth_getTransactionReceipt
[2020/03/19 09:29:54.879] - eth_getBlockByNumber
[2020/03/19 09:29:54.886] - eth_accounts
[2020/03/19 09:29:54.974] - eth_getBlockByNumber
[2020/03/19 09:29:54.980] - eth_getBlockByNumber
[2020/03/19 09:29:54.985] - eth_getBlockByNumber
[2020/03/19 09:29:54.994] - eth_estimateGas
[2020/03/19 09:29:55.025] - eth_getBlockByNumber
[2020/03/19 09:29:55.025] - eth_blockNumber
[2020/03/19 09:29:55.078] - eth_sendTransaction
[2020/03/19 09:29:55.115] - 
[2020/03/19 09:29:55.115] -   Transaction: 0x6762aed6d9f0eb5508756fd90f1d29a3e5af5ae5aff7300d78334e9af0becd93
[2020/03/19 09:29:55.115] -   Contract created: 0x0ecfc51f858b1f2740c82659b183df6309d93f4e
[2020/03/19 09:29:55.115] -   Gas usage: 394012
[2020/03/19 09:29:55.115] -   Block Number: 178
[2020/03/19 09:29:55.116] -   Block Time: Thu Mar 19 2020 09:29:55 GMT+0000 (GMT)
[2020/03/19 09:29:55.116] - 
[2020/03/19 09:29:55.117] - eth_getBlockByNumber
[2020/03/19 09:29:55.118] - eth_getTransactionReceipt
[2020/03/19 09:29:55.129] - eth_getCode
[2020/03/19 09:29:55.137] - eth_getTransactionByHash
[2020/03/19 09:29:55.149] - eth_getBlockByNumber
[2020/03/19 09:29:55.164] - eth_getBalance
[2020/03/19 09:29:55.188] - eth_getBalance
[2020/03/19 09:29:55.235] - eth_getBlockByNumber
[2020/03/19 09:29:55.251] - eth_getBlockByNumber
[2020/03/19 09:29:55.259] - eth_sendTransaction
[2020/03/19 09:29:55.319] - 
[2020/03/19 09:29:55.319] -   Transaction: 0x4f0d90b94efe65d25e2766356b01b44d12a4917dfea2c2dabd55033bdca9984d
[2020/03/19 09:29:55.319] -   Gas usage: 27001
[2020/03/19 09:29:55.320] -   Block Number: 179
[2020/03/19 09:29:55.320] -   Block Time: Thu Mar 19 2020 09:29:55 GMT+0000 (GMT)
[2020/03/19 09:29:55.320] - 
[2020/03/19 09:29:55.320] - eth_getBlockByNumber
[2020/03/19 09:29:55.321] - eth_getTransactionReceipt
[2020/03/19 09:29:55.329] - eth_blockNumber
[2020/03/19 09:29:55.345] - eth_getBlockByNumber
[2020/03/19 09:29:55.361] - eth_getBlockByNumber
[2020/03/19 09:29:55.375] - eth_accounts
[2020/03/19 09:29:55.414] - eth_getTransactionCount
[2020/03/19 09:29:55.483] - net_version
[2020/03/19 09:29:55.486] - eth_getBlockByNumber
[2020/03/19 09:29:55.491] - eth_getBlockByNumber
[2020/03/19 09:29:55.495] - net_version
[2020/03/19 09:29:55.499] - eth_getBlockByNumber
[2020/03/19 09:29:55.505] - eth_estimateGas
[2020/03/19 09:29:55.530] - net_version
[2020/03/19 09:29:55.530] - eth_blockNumber
[2020/03/19 09:29:55.535] - eth_getBlockByNumber
[2020/03/19 09:29:55.541] - eth_sendTransaction
[2020/03/19 09:29:55.558] - eth_getBalance
[2020/03/19 09:29:55.600] - 
[2020/03/19 09:29:55.600] -   Transaction: 0x49cc1da666f0fda0ee388065e369d5fcfb4e2ea62277df41774fe8cb352ed0f6
[2020/03/19 09:29:55.600] -   Contract created: 0xab2c7f98a52b381bfd08779a1a98420dfb9e4e85
[2020/03/19 09:29:55.600] -   Gas usage: 1558356
[2020/03/19 09:29:55.600] -   Block Number: 180
[2020/03/19 09:29:55.601] -   Block Time: Thu Mar 19 2020 09:29:55 GMT+0000 (GMT)
[2020/03/19 09:29:55.601] - 
[2020/03/19 09:29:55.602] - eth_getTransactionReceipt
[2020/03/19 09:29:55.610] - eth_getCode
[2020/03/19 09:29:55.617] - eth_getTransactionByHash
[2020/03/19 09:29:55.630] - eth_getBlockByNumber
[2020/03/19 09:29:55.659] - eth_getBalance
[2020/03/19 09:29:55.719] - eth_getTransactionCount
[2020/03/19 09:29:55.752] - eth_getBlockByNumber
[2020/03/19 09:29:55.761] - eth_getBlockByNumber
[2020/03/19 09:29:55.768] - eth_sendTransaction
[2020/03/19 09:29:55.815] - eth_getBlockByNumber
[2020/03/19 09:29:55.828] - 
[2020/03/19 09:29:55.828] -   Transaction: 0xc69a9c8f9aeb1f56121b5e6060a89ff85b929c7f3cb3d9b050ced20f7de679d4
[2020/03/19 09:29:55.828] -   Gas usage: 27001
[2020/03/19 09:29:55.828] -   Block Number: 181
[2020/03/19 09:29:55.829] -   Block Time: Thu Mar 19 2020 09:29:55 GMT+0000 (GMT)
[2020/03/19 09:29:55.829] - 
[2020/03/19 09:29:55.830] - eth_getBlockByNumber
[2020/03/19 09:29:55.833] - eth_getTransactionReceipt
[2020/03/19 09:29:55.867] - eth_getBalance
[2020/03/19 09:29:55.870] - eth_getBlockByNumber
[2020/03/19 09:29:55.883] - eth_accounts
[2020/03/19 09:29:55.973] - eth_getBlockByNumber
[2020/03/19 09:29:55.978] - eth_getBlockByNumber
[2020/03/19 09:29:55.989] - eth_getBlockByNumber
[2020/03/19 09:29:55.999] - eth_estimateGas
[2020/03/19 09:29:56.007] - eth_getTransactionCount
[2020/03/19 09:29:56.023] - eth_getBlockByNumber
[2020/03/19 09:29:56.024] - eth_blockNumber
[2020/03/19 09:29:56.029] - eth_sendTransaction
[2020/03/19 09:29:56.086] - 
[2020/03/19 09:29:56.086] -   Transaction: 0x0a9c521ddcb29d50936d0aa77f0dca2e4f96c9bf7d6a2a14997c99b7314c0ce4
[2020/03/19 09:29:56.086] -   Contract created: 0xf85c5cb4f6af106b450889993bccb000236fe020
[2020/03/19 09:29:56.086] -   Gas usage: 923961
[2020/03/19 09:29:56.086] -   Block Number: 182
[2020/03/19 09:29:56.086] -   Block Time: Thu Mar 19 2020 09:29:56 GMT+0000 (GMT)
[2020/03/19 09:29:56.087] - 
[2020/03/19 09:29:56.088] - eth_getTransactionReceipt
[2020/03/19 09:29:56.094] - eth_getCode
[2020/03/19 09:29:56.100] - eth_getTransactionByHash
[2020/03/19 09:29:56.112] - eth_getBlockByNumber
[2020/03/19 09:29:56.119] - eth_getBalance
[2020/03/19 09:29:56.141] - eth_getBalance
[2020/03/19 09:29:56.217] - eth_getBlockByNumber
[2020/03/19 09:29:56.224] - eth_getBlockByNumber
[2020/03/19 09:29:56.231] - eth_sendTransaction
[2020/03/19 09:29:56.281] - eth_getBlockByNumber
[2020/03/19 09:29:56.296] - 
[2020/03/19 09:29:56.297] -   Transaction: 0xe7c19d6aadbe983201d30ced6d24f4a6ec1d9c12069554ad254240afe7459183
[2020/03/19 09:29:56.297] -   Gas usage: 27001
[2020/03/19 09:29:56.297] -   Block Number: 183
[2020/03/19 09:29:56.297] -   Block Time: Thu Mar 19 2020 09:29:56 GMT+0000 (GMT)
[2020/03/19 09:29:56.297] - 
[2020/03/19 09:29:56.301] - eth_getBlockByNumber
[2020/03/19 09:29:56.302] - eth_getTransactionReceipt
[2020/03/19 09:29:56.514] - eth_getTransactionCount
[2020/03/19 09:29:56.609] - eth_getBalance
[2020/03/19 09:29:56.653] - eth_getTransactionCount
[2020/03/19 09:29:56.709] - eth_getBalance
[2020/03/19 09:29:56.757] - eth_getTransactionCount
[2020/03/19 09:29:56.805] - eth_getBalance
[2020/03/19 09:29:56.854] - eth_getTransactionCount
[2020/03/19 09:29:56.899] - eth_getBalance
[2020/03/19 09:29:56.948] - eth_getTransactionCount
[2020/03/19 09:29:56.996] - eth_getBalance
[2020/03/19 09:29:57.043] - eth_getTransactionCount
[2020/03/19 09:29:57.096] - eth_getBalance
[2020/03/19 09:29:57.179] - eth_getTransactionCount
[2020/03/19 09:29:57.333] - eth_getBalance
[2020/03/19 09:29:57.382] - eth_getTransactionCount
[2020/03/19 09:29:57.419] - eth_getBalance
[2020/03/19 09:29:57.470] - eth_getTransactionCount
[2020/03/19 09:29:57.517] - eth_getBalance
[2020/03/19 09:29:57.562] - eth_getTransactionCount
[2020/03/19 09:29:57.616] - eth_getBalance
[2020/03/19 09:29:57.663] - eth_getTransactionCount
[2020/03/19 09:29:57.707] - eth_getBalance
[2020/03/19 09:29:57.757] - eth_getTransactionCount
[2020/03/19 09:29:57.807] - eth_getBalance
[2020/03/19 09:29:57.881] - eth_getTransactionCount
[2020/03/19 09:29:57.981] - eth_getBalance
[2020/03/19 09:29:58.021] - eth_getTransactionCount
[2020/03/19 09:29:58.067] - eth_getBalance
[2020/03/19 09:29:58.115] - eth_getTransactionCount
[2020/03/19 09:29:58.179] - eth_getBalance
[2020/03/19 09:29:58.229] - eth_getTransactionCount
[2020/03/19 09:29:58.276] - eth_getBalance
[2020/03/19 09:29:58.325] - eth_getTransactionCount
[2020/03/19 09:30:02.293] - eth_getBalance
[2020/03/19 09:30:02.338] - eth_getTransactionCount
[2020/03/19 09:30:02.411] - eth_getBalance
[2020/03/19 09:30:02.493] - eth_getTransactionCount
[2020/03/19 09:30:02.537] - eth_getBalance
[2020/03/19 09:30:02.581] - eth_getTransactionCount
[2020/03/19 09:30:02.622] - eth_getBalance
[2020/03/19 09:30:02.663] - eth_getTransactionCount
[2020/03/19 09:30:02.704] - eth_getBalance
[2020/03/19 09:30:02.746] - eth_getTransactionCount
[2020/03/19 09:30:02.793] - eth_getBalance
[2020/03/19 09:30:02.857] - eth_getTransactionCount
[2020/03/19 09:30:02.942] - eth_getBalance
[2020/03/19 09:30:02.984] - eth_getTransactionCount
[2020/03/19 09:30:03.028] - eth_getBalance
[2020/03/19 09:30:03.070] - eth_getTransactionCount
[2020/03/19 09:30:03.112] - eth_getBalance
[2020/03/19 09:30:03.165] - eth_getTransactionCount
[2020/03/19 09:30:03.213] - eth_getBalance
[2020/03/19 09:30:03.258] - eth_getTransactionCount
[2020/03/19 09:30:03.536] - eth_getBalance
[2020/03/19 09:30:03.579] - eth_getTransactionCount
[2020/03/19 09:30:03.620] - eth_getBalance
[2020/03/19 09:30:03.660] - eth_getTransactionCount
[2020/03/19 09:30:03.701] - eth_getBalance
[2020/03/19 09:30:03.749] - eth_getTransactionCount
[2020/03/19 09:30:03.828] - eth_getBalance
[2020/03/19 09:30:03.900] - eth_getTransactionCount
[2020/03/19 09:30:03.941] - eth_getBalance
[2020/03/19 09:30:03.985] - eth_getTransactionCount
[2020/03/19 09:30:04.026] - eth_getBalance
[2020/03/19 09:30:04.068] - eth_getTransactionCount
[2020/03/19 09:30:04.109] - eth_getBalance
[2020/03/19 09:30:04.158] - eth_getTransactionCount
[2020/03/19 09:30:04.209] - eth_getBalance
[2020/03/19 09:30:04.284] - eth_getTransactionCount
[2020/03/19 09:30:04.366] - eth_getBalance
[2020/03/19 09:30:04.407] - eth_getTransactionCount
[2020/03/19 09:30:04.450] - eth_getBalance
[2020/03/19 09:30:04.494] - eth_getTransactionCount
[2020/03/19 09:30:04.731] - eth_getBalance
[2020/03/19 09:30:04.818] - eth_getTransactionCount
[2020/03/19 09:30:04.860] - eth_getBalance
[2020/03/19 09:30:04.903] - eth_getTransactionCount
[2020/03/19 09:30:04.944] - eth_getBalance
[2020/03/19 09:30:04.985] - eth_getTransactionCount
[2020/03/19 09:30:05.027] - eth_getBalance
[2020/03/19 09:30:05.068] - eth_getTransactionCount
[2020/03/19 09:30:05.112] - eth_getBalance
[2020/03/19 09:30:05.185] - eth_getTransactionCount
[2020/03/19 09:30:05.286] - eth_getBalance
[2020/03/19 09:30:05.327] - eth_getTransactionCount
[2020/03/19 09:30:05.375] - eth_getBalance
[2020/03/19 09:30:05.419] - eth_getTransactionCount
[2020/03/19 09:30:05.461] - eth_getBalance
[2020/03/19 09:30:05.502] - eth_getTransactionCount
[2020/03/19 09:30:05.544] - eth_getBalance
[2020/03/19 09:30:05.586] - eth_getTransactionCount
[2020/03/19 09:30:05.638] - eth_getBalance
[2020/03/19 09:30:05.722] - eth_getTransactionCount
[2020/03/19 09:30:06.059] - eth_getBalance
[2020/03/19 09:30:06.135] - eth_getTransactionCount
[2020/03/19 09:30:06.228] - eth_getBalance
[2020/03/19 09:30:06.270] - eth_getTransactionCount
[2020/03/19 09:30:06.318] - eth_getTransactionCount
[2020/03/19 09:30:06.361] - eth_getBalance
[2020/03/19 09:30:06.404] - eth_getTransactionCount
[2020/03/19 09:30:06.446] - eth_getBalance
[2020/03/19 09:30:06.489] - eth_getTransactionCount
[2020/03/19 09:30:06.534] - eth_getBalance
[2020/03/19 09:30:06.603] - eth_getTransactionCount
[2020/03/19 09:30:06.692] - eth_getBalance
[2020/03/19 09:30:06.733] - eth_getTransactionCount
[2020/03/19 09:30:06.777] - eth_getBalance
[2020/03/19 09:30:06.820] - eth_getTransactionCount
[2020/03/19 09:30:06.863] - eth_getBalance
[2020/03/19 09:30:06.905] - eth_getTransactionCount
[2020/03/19 09:30:06.947] - eth_getBalance
[2020/03/19 09:30:06.991] - eth_getTransactionCount
[2020/03/19 09:30:07.440] - eth_getBalance
[2020/03/19 09:30:07.486] - eth_getTransactionCount
[2020/03/19 09:30:07.564] - eth_getBalance
[2020/03/19 09:30:07.637] - eth_getTransactionCount
[2020/03/19 09:30:07.677] - eth_getBalance
[2020/03/19 09:30:07.720] - eth_getTransactionCount
[2020/03/19 09:30:07.761] - eth_getBalance
[2020/03/19 09:30:07.803] - eth_getBalance
[2020/03/19 09:30:07.844] - eth_getTransactionCount
[2020/03/19 09:30:07.884] - eth_getBalance
[2020/03/19 09:30:07.928] - eth_getTransactionCount
[2020/03/19 09:30:07.994] - eth_getBalance
[2020/03/19 09:30:08.079] - eth_getTransactionCount
[2020/03/19 09:30:08.121] - eth_getBalance
[2020/03/19 09:30:08.176] - eth_getTransactionCount
[2020/03/19 09:30:08.223] - eth_getBalance
[2020/03/19 09:30:08.266] - eth_getTransactionCount
[2020/03/19 09:30:08.307] - eth_getBalance
[2020/03/19 09:30:08.348] - eth_getTransactionCount
[2020/03/19 09:30:08.393] - eth_getBalance
[2020/03/19 09:30:08.458] - eth_getTransactionCount
[2020/03/19 09:30:08.548] - eth_getBalance
[2020/03/19 09:30:08.592] - eth_getTransactionCount
[2020/03/19 09:30:08.694] - eth_getBalance
[2020/03/19 09:30:08.797] - eth_getTransactionCount
[2020/03/19 09:30:08.846] - eth_getBalance
[2020/03/19 09:30:08.893] - eth_getBalance
[2020/03/19 09:30:08.938] - eth_getTransactionCount
[2020/03/19 09:30:08.986] - eth_getBalance
[2020/03/19 09:30:09.050] - eth_getTransactionCount
[2020/03/19 09:30:09.159] - eth_getBalance
[2020/03/19 09:30:09.201] - eth_getTransactionCount
[2020/03/19 09:30:09.248] - eth_getBalance
[2020/03/19 09:30:09.370] - eth_getTransactionCount
[2020/03/19 09:30:09.553] - eth_getBalance
[2020/03/19 09:30:09.808] - eth_getTransactionCount
[2020/03/19 09:30:10.042] - eth_getBalance
[2020/03/19 09:30:10.312] - eth_getTransactionCount
[2020/03/19 09:30:13.088] - eth_blockNumber
[2020/03/19 09:30:13.108] - eth_getBlockByNumber
[2020/03/19 09:30:15.354] - eth_blockNumber
[2020/03/19 09:30:15.384] - eth_getBlockByNumber
[2020/03/19 09:30:33.108] - eth_blockNumber
[2020/03/19 09:30:35.382] - eth_blockNumber
[2020/03/19 09:30:53.118] - eth_blockNumber
[2020/03/19 09:30:55.391] - eth_blockNumber
[2020/03/19 09:31:13.135] - eth_blockNumber
[2020/03/19 09:31:15.402] - eth_blockNumber
[2020/03/19 09:31:33.161] - eth_blockNumber
[2020/03/19 09:31:35.415] - eth_blockNumber
[2020/03/19 09:31:53.184] - eth_blockNumber
[2020/03/19 09:31:55.429] - eth_blockNumber
[2020/03/19 09:32:13.210] - eth_blockNumber
[2020/03/19 09:32:15.442] - eth_blockNumber
[2020/03/19 09:32:33.224] - eth_blockNumber
[2020/03/19 09:32:35.453] - eth_blockNumber
[2020/03/19 09:32:53.240] - eth_blockNumber
[2020/03/19 09:32:55.464] - eth_blockNumber
[2020/03/19 09:33:13.252] - eth_blockNumber
[2020/03/19 09:33:15.483] - eth_blockNumber
[2020/03/19 09:33:33.262] - eth_blockNumber
[2020/03/19 09:33:35.499] - eth_blockNumber
[2020/03/19 09:33:42.270] - eth_unsubscribe
[2020/03/19 09:33:42.272] - eth_unsubscribe
[2020/03/19 09:33:43.372] - Warning: stopMining called when miner was already stopped
