[2020/03/25 13:33:05.921] - Starting server (version 2.1.2) with initial configuration: {"gasLimit":6721975,"gasPrice":20000000000,"hardfork":"petersburg","hostname":"127.0.0.1","port":7545,"network_id":5777,"default_balance_ether":100,"total_accounts":10,"unlocked_accounts":[],"locked":false,"vmErrorsOnRPCResponse":true,"verbose":false,"db_path":"/home/nash/.config/Ganache/workspaces/identity-wallet/chaindata","logDirectory":"/home/nash/Documents/Projects/Blockchain/Project/identity-wallet/wallet-web-app/logs"}
[2020/03/25 13:33:06.377] - eth_getCode
[2020/03/25 13:33:06.377] - eth_subscribe
[2020/03/25 13:33:06.378] - eth_getLogs
[2020/03/25 13:33:06.379] - eth_subscribe
[2020/03/25 13:33:06.387] - eth_getCode
[2020/03/25 13:33:06.434] - eth_getCode
[2020/03/25 13:33:06.447] - eth_getCode
[2020/03/25 13:33:06.451] - eth_getCode
[2020/03/25 13:33:07.050] - eth_blockNumber
[2020/03/25 13:33:07.051] - eth_accounts
[2020/03/25 13:33:07.051] - eth_gasPrice
[2020/03/25 13:33:07.051] - eth_getBlockByNumber
[2020/03/25 13:33:07.051] - eth_subscribe
[2020/03/25 13:33:07.172] - eth_accounts
[2020/03/25 13:33:07.307] - eth_getBalance
[2020/03/25 13:33:07.341] - eth_getTransactionCount
[2020/03/25 13:33:07.375] - eth_getBalance
[2020/03/25 13:33:07.410] - eth_getTransactionCount
[2020/03/25 13:33:07.445] - eth_getBalance
[2020/03/25 13:33:07.480] - eth_getTransactionCount
[2020/03/25 13:33:07.515] - eth_getBalance
[2020/03/25 13:33:07.549] - eth_getTransactionCount
[2020/03/25 13:33:07.575] - eth_getBalance
[2020/03/25 13:33:07.608] - eth_getTransactionCount
[2020/03/25 13:33:07.642] - eth_getBalance
[2020/03/25 13:33:07.677] - eth_getTransactionCount
[2020/03/25 13:33:07.712] - eth_getBalance
[2020/03/25 13:33:07.745] - eth_getTransactionCount
[2020/03/25 13:33:07.779] - eth_getBalance
[2020/03/25 13:33:07.816] - eth_getTransactionCount
[2020/03/25 13:33:07.852] - eth_getBalance
[2020/03/25 13:33:07.885] - eth_getTransactionCount
[2020/03/25 13:33:07.921] - eth_getBalance
[2020/03/25 13:33:07.956] - eth_getTransactionCount
[2020/03/25 13:33:08.326] - eth_getBalance
[2020/03/25 13:33:08.358] - eth_getTransactionCount
[2020/03/25 13:33:08.391] - eth_getBalance
[2020/03/25 13:33:08.424] - eth_getTransactionCount
[2020/03/25 13:33:08.448] - eth_getBalance
[2020/03/25 13:33:08.480] - eth_getTransactionCount
[2020/03/25 13:33:08.512] - eth_getBalance
[2020/03/25 13:33:08.543] - eth_getTransactionCount
[2020/03/25 13:33:08.575] - eth_getBalance
[2020/03/25 13:33:08.607] - eth_getTransactionCount
[2020/03/25 13:33:08.639] - eth_getBalance
[2020/03/25 13:33:08.670] - eth_getTransactionCount
[2020/03/25 13:33:08.702] - eth_getBalance
[2020/03/25 13:33:08.733] - eth_getTransactionCount
[2020/03/25 13:33:08.765] - eth_getBalance
[2020/03/25 13:33:08.798] - eth_getTransactionCount
[2020/03/25 13:33:08.829] - eth_getBalance
[2020/03/25 13:33:08.852] - eth_getTransactionCount
[2020/03/25 13:33:08.884] - eth_getBalance
[2020/03/25 13:33:08.915] - eth_getTransactionCount
[2020/03/25 13:33:18.513] - eth_blockNumber
[2020/03/25 13:33:19.377] - eth_blockNumber
[2020/03/25 13:33:38.527] - eth_blockNumber
[2020/03/25 13:33:39.392] - eth_blockNumber
[2020/03/25 13:33:58.544] - eth_blockNumber
[2020/03/25 13:33:59.406] - eth_blockNumber
[2020/03/25 13:34:18.558] - eth_blockNumber
[2020/03/25 13:34:19.422] - eth_blockNumber
[2020/03/25 13:34:38.571] - eth_blockNumber
[2020/03/25 13:34:39.438] - eth_blockNumber
[2020/03/25 13:34:58.582] - eth_blockNumber
[2020/03/25 13:34:59.450] - eth_blockNumber
[2020/03/25 13:35:18.591] - eth_blockNumber
[2020/03/25 13:35:19.457] - eth_blockNumber
[2020/03/25 13:35:38.605] - eth_blockNumber
[2020/03/25 13:35:39.472] - eth_blockNumber
[2020/03/25 13:35:46.546] - eth_getBlockByNumber
[2020/03/25 13:35:46.696] - eth_getTransactionReceipt
[2020/03/25 13:35:46.896] - eth_getBlockByNumber
[2020/03/25 13:35:47.036] - eth_getTransactionReceipt
[2020/03/25 13:35:47.219] - eth_getBlockByNumber
[2020/03/25 13:35:47.346] - eth_getTransactionReceipt
[2020/03/25 13:35:47.532] - eth_getBlockByNumber
[2020/03/25 13:35:47.728] - eth_getTransactionReceipt
[2020/03/25 13:35:47.920] - eth_getBlockByNumber
[2020/03/25 13:35:48.045] - eth_getTransactionReceipt
[2020/03/25 13:35:48.223] - eth_getBlockByNumber
[2020/03/25 13:35:48.356] - eth_getTransactionReceipt
[2020/03/25 13:35:48.538] - eth_getBlockByNumber
[2020/03/25 13:35:48.673] - eth_getTransactionReceipt
[2020/03/25 13:35:48.843] - eth_getBlockByNumber
[2020/03/25 13:35:49.026] - eth_getTransactionReceipt
[2020/03/25 13:35:49.202] - eth_getBlockByNumber
[2020/03/25 13:35:49.384] - eth_getTransactionReceipt
[2020/03/25 13:35:49.527] - eth_getBlockByNumber
[2020/03/25 13:35:49.644] - eth_getTransactionReceipt
[2020/03/25 13:35:49.794] - eth_getBlockByNumber
[2020/03/25 13:35:49.955] - eth_getTransactionReceipt
[2020/03/25 13:35:51.139] - eth_getBalance
[2020/03/25 13:35:51.589] - net_version
[2020/03/25 13:35:51.594] - eth_getCode
[2020/03/25 13:35:51.597] - eth_getBlockByNumber
[2020/03/25 13:35:51.601] - eth_getBalance
[2020/03/25 13:35:51.605] - eth_getTransactionCount
[2020/03/25 13:35:51.610] - eth_getStorageAt
[2020/03/25 13:35:58.614] - eth_blockNumber
[2020/03/25 13:35:59.484] - eth_blockNumber
[2020/03/25 13:36:18.624] - eth_blockNumber
[2020/03/25 13:36:19.491] - eth_blockNumber
[2020/03/25 13:36:38.636] - eth_blockNumber
[2020/03/25 13:36:39.518] - eth_blockNumber
[2020/03/25 13:36:50.448] - eth_gasPrice
[2020/03/25 13:36:50.693] - eth_getCode
[2020/03/25 13:36:50.778] - eth_getBlockByNumber
[2020/03/25 13:36:50.914] - eth_estimateGas
[2020/03/25 13:36:52.754] - eth_getTransactionCount
[2020/03/25 13:36:54.383] - eth_sendRawTransaction
[2020/03/25 13:36:54.448] - 
[2020/03/25 13:36:54.448] -   Transaction: 0x2f35a28b98ef377b7fee61743cd46200a8b67ef49c6107d594151fd7436ef911
[2020/03/25 13:36:54.448] -   Gas usage: 302369
[2020/03/25 13:36:54.448] -   Block Number: 224
[2020/03/25 13:36:54.448] -   Block Time: Wed Mar 25 2020 13:36:54 GMT+0000 (GMT)
[2020/03/25 13:36:54.448] - 
[2020/03/25 13:36:54.449] - eth_getBlockByNumber
[2020/03/25 13:36:54.527] - eth_getBalance
[2020/03/25 13:36:54.569] - eth_getTransactionCount
[2020/03/25 13:36:54.612] - eth_getBalance
[2020/03/25 13:36:54.655] - eth_getTransactionCount
[2020/03/25 13:36:54.697] - eth_getBalance
[2020/03/25 13:36:54.740] - eth_getTransactionCount
[2020/03/25 13:36:54.781] - eth_getBalance
[2020/03/25 13:36:54.823] - eth_getTransactionCount
[2020/03/25 13:36:54.870] - eth_getBalance
[2020/03/25 13:36:54.910] - eth_getTransactionCount
[2020/03/25 13:36:54.950] - eth_getBalance
[2020/03/25 13:36:54.990] - eth_getTransactionCount
[2020/03/25 13:36:55.032] - eth_getBalance
[2020/03/25 13:36:55.091] - eth_getTransactionCount
[2020/03/25 13:36:55.173] - eth_getBalance
[2020/03/25 13:36:55.219] - eth_getTransactionCount
[2020/03/25 13:36:55.264] - eth_getBalance
[2020/03/25 13:36:55.320] - eth_getTransactionCount
[2020/03/25 13:36:55.387] - eth_getBalance
[2020/03/25 13:36:55.442] - eth_getTransactionCount
[2020/03/25 13:36:55.783] - eth_getTransactionReceipt
[2020/03/25 13:36:55.936] - eth_blockNumber
[2020/03/25 13:36:56.000] - eth_getBlockByNumber
[2020/03/25 13:36:56.003] - eth_getBlockByNumber
[2020/03/25 13:36:56.008] - eth_getLogs
[2020/03/25 13:36:56.011] - eth_getLogs
[2020/03/25 13:36:56.058] - eth_getTransactionReceipt
[2020/03/25 13:36:56.274] - eth_getTransactionCount
[2020/03/25 13:36:57.022] - eth_getBalance
[2020/03/25 13:36:57.917] - eth_call
[2020/03/25 13:36:58.644] - eth_blockNumber
[2020/03/25 13:36:58.650] - eth_getBlockByNumber
[2020/03/25 13:36:59.131] - eth_call
[2020/03/25 13:36:59.525] - eth_blockNumber
[2020/03/25 13:37:18.657] - eth_blockNumber
[2020/03/25 13:37:19.630] - eth_blockNumber
[2020/03/25 13:37:36.002] - eth_getBalance
[2020/03/25 13:37:36.423] - net_version
[2020/03/25 13:37:36.426] - eth_getCode
[2020/03/25 13:37:36.430] - eth_getBlockByNumber
[2020/03/25 13:37:36.435] - eth_getBalance
[2020/03/25 13:37:36.438] - eth_getTransactionCount
[2020/03/25 13:37:36.440] - eth_getStorageAt
[2020/03/25 13:37:38.667] - eth_blockNumber
[2020/03/25 13:37:39.646] - eth_blockNumber
[2020/03/25 13:37:42.783] - eth_getBlockByNumber
[2020/03/25 13:37:42.938] - eth_getTransactionReceipt
[2020/03/25 13:37:43.102] - eth_getTransactionReceipt
[2020/03/25 13:37:43.258] - eth_getTransactionReceipt
[2020/03/25 13:37:43.437] - eth_getTransactionReceipt
[2020/03/25 13:37:43.588] - eth_getTransactionReceipt
[2020/03/25 13:37:43.748] - eth_getTransactionReceipt
[2020/03/25 13:37:43.901] - eth_getTransactionReceipt
[2020/03/25 13:37:44.055] - eth_getTransactionReceipt
[2020/03/25 13:37:44.239] - eth_getTransactionReceipt
[2020/03/25 13:37:44.402] - eth_getTransactionReceipt
[2020/03/25 13:37:48.524] - eth_getTransactionByHash
[2020/03/25 13:37:48.666] - eth_getBlockByNumber
[2020/03/25 13:37:53.795] - eth_getTransactionByHash
[2020/03/25 13:37:54.266] - net_version
[2020/03/25 13:37:54.270] - eth_getCode
[2020/03/25 13:37:58.675] - eth_blockNumber
[2020/03/25 13:37:59.662] - eth_blockNumber
[2020/03/25 13:38:00.325] - net_version
[2020/03/25 13:38:00.329] - eth_getCode
[2020/03/25 13:38:05.102] - net_version
[2020/03/25 13:38:05.104] - eth_getCode
[2020/03/25 13:38:05.109] - eth_getBlockByNumber
[2020/03/25 13:38:05.113] - eth_getBalance
[2020/03/25 13:38:05.116] - eth_getTransactionCount
[2020/03/25 13:38:05.121] - eth_getStorageAt
[2020/03/25 13:38:18.684] - eth_blockNumber
[2020/03/25 13:38:19.675] - eth_blockNumber
[2020/03/25 13:38:38.690] - eth_blockNumber
[2020/03/25 13:38:39.686] - eth_blockNumber
[2020/03/25 13:38:58.698] - eth_blockNumber
[2020/03/25 13:38:59.698] - eth_blockNumber
[2020/03/25 13:39:18.706] - eth_blockNumber
[2020/03/25 13:39:19.710] - eth_blockNumber
[2020/03/25 13:39:38.714] - eth_blockNumber
[2020/03/25 13:39:39.727] - eth_blockNumber
[2020/03/25 13:39:58.747] - eth_blockNumber
[2020/03/25 13:39:59.754] - eth_blockNumber
[2020/03/25 13:40:18.784] - eth_blockNumber
[2020/03/25 13:40:19.782] - eth_blockNumber
[2020/03/25 13:40:38.810] - eth_blockNumber
[2020/03/25 13:40:39.797] - eth_blockNumber
[2020/03/25 13:40:48.602] - eth_unsubscribe
[2020/03/25 13:40:48.603] - eth_unsubscribe
