[2020/03/25 12:27:36.593] - Starting server (version 2.1.2) with initial configuration: {"gasLimit":6721975,"gasPrice":20000000000,"hardfork":"petersburg","hostname":"127.0.0.1","port":7545,"network_id":5777,"default_balance_ether":100,"total_accounts":10,"unlocked_accounts":[],"locked":false,"vmErrorsOnRPCResponse":true,"verbose":false,"db_path":"/home/nash/.config/Ganache/workspaces/identity-wallet/chaindata","logDirectory":"/home/nash/Documents/Projects/Blockchain/Project/identity-wallet/wallet-web-app/logs"}
[2020/03/25 12:27:36.979] - eth_getCode
[2020/03/25 12:27:36.981] - eth_subscribe
[2020/03/25 12:27:36.983] - eth_getLogs
[2020/03/25 12:27:36.985] - eth_subscribe
[2020/03/25 12:27:36.998] - eth_getCode
[2020/03/25 12:27:37.042] - eth_getCode
[2020/03/25 12:27:37.056] - eth_getCode
[2020/03/25 12:27:37.060] - eth_getCode
[2020/03/25 12:27:37.828] - eth_blockNumber
[2020/03/25 12:27:37.829] - eth_accounts
[2020/03/25 12:27:37.829] - eth_gasPrice
[2020/03/25 12:27:37.829] - eth_getBlockByNumber
[2020/03/25 12:27:37.829] - eth_subscribe
[2020/03/25 12:27:37.976] - eth_accounts
[2020/03/25 12:27:38.129] - eth_getBalance
[2020/03/25 12:27:38.166] - eth_getTransactionCount
[2020/03/25 12:27:38.202] - eth_getBalance
[2020/03/25 12:27:38.243] - eth_getTransactionCount
[2020/03/25 12:27:38.279] - eth_getBalance
[2020/03/25 12:27:38.319] - eth_getTransactionCount
[2020/03/25 12:27:38.359] - eth_getBalance
[2020/03/25 12:27:38.400] - eth_getTransactionCount
[2020/03/25 12:27:38.442] - eth_getBalance
[2020/03/25 12:27:38.486] - eth_getTransactionCount
[2020/03/25 12:27:38.516] - eth_getBalance
[2020/03/25 12:27:38.562] - eth_getTransactionCount
[2020/03/25 12:27:38.606] - eth_getBalance
[2020/03/25 12:27:38.644] - eth_getTransactionCount
[2020/03/25 12:27:38.683] - eth_getBalance
[2020/03/25 12:27:38.722] - eth_getTransactionCount
[2020/03/25 12:27:38.762] - eth_getBalance
[2020/03/25 12:27:38.801] - eth_getTransactionCount
[2020/03/25 12:27:38.837] - eth_getBalance
[2020/03/25 12:27:38.873] - eth_getTransactionCount
[2020/03/25 12:27:39.252] - eth_getBalance
[2020/03/25 12:27:39.284] - eth_getTransactionCount
[2020/03/25 12:27:39.318] - eth_getBalance
[2020/03/25 12:27:39.351] - eth_getTransactionCount
[2020/03/25 12:27:39.383] - eth_getBalance
[2020/03/25 12:27:39.415] - eth_getTransactionCount
[2020/03/25 12:27:39.448] - eth_getBalance
[2020/03/25 12:27:39.481] - eth_getTransactionCount
[2020/03/25 12:27:39.513] - eth_getBalance
[2020/03/25 12:27:39.546] - eth_getTransactionCount
[2020/03/25 12:27:39.580] - eth_getBalance
[2020/03/25 12:27:39.613] - eth_getTransactionCount
[2020/03/25 12:27:39.647] - eth_getBalance
[2020/03/25 12:27:39.679] - eth_getTransactionCount
[2020/03/25 12:27:39.704] - eth_getBalance
[2020/03/25 12:27:39.737] - eth_getTransactionCount
[2020/03/25 12:27:39.770] - eth_getBalance
[2020/03/25 12:27:39.803] - eth_getTransactionCount
[2020/03/25 12:27:39.835] - eth_getBalance
[2020/03/25 12:27:39.867] - eth_getTransactionCount
[2020/03/25 12:27:55.245] - eth_blockNumber
[2020/03/25 12:27:56.007] - eth_blockNumber
[2020/03/25 12:28:14.867] - eth_getBalance
[2020/03/25 12:28:15.243] - net_version
[2020/03/25 12:28:15.247] - eth_getCode
[2020/03/25 12:28:15.250] - eth_getBlockByNumber
[2020/03/25 12:28:15.254] - eth_getBalance
[2020/03/25 12:28:15.259] - eth_getTransactionCount
[2020/03/25 12:28:15.261] - eth_blockNumber
[2020/03/25 12:28:15.263] - eth_getStorageAt
[2020/03/25 12:28:16.014] - eth_blockNumber
[2020/03/25 12:28:35.268] - eth_blockNumber
[2020/03/25 12:28:36.020] - eth_blockNumber
[2020/03/25 12:28:51.412] - eth_gasPrice
[2020/03/25 12:28:51.470] - eth_getCode
[2020/03/25 12:28:51.527] - eth_getBlockByNumber
[2020/03/25 12:28:51.646] - eth_estimateGas
[2020/03/25 12:28:53.256] - eth_getTransactionCount
[2020/03/25 12:28:54.903] - eth_sendRawTransaction
[2020/03/25 12:28:55.004] - 
[2020/03/25 12:28:55.005] -   Transaction: 0x1fd790dda5f3d127e5bb8abe857a770e6b176910ff4a22173bd12070869e7126
[2020/03/25 12:28:55.005] -   Gas usage: 287241
[2020/03/25 12:28:55.005] -   Block Number: 214
[2020/03/25 12:28:55.005] -   Block Time: Wed Mar 25 2020 12:28:54 GMT+0000 (GMT)
[2020/03/25 12:28:55.005] - 
[2020/03/25 12:28:55.010] - eth_getBlockByNumber
[2020/03/25 12:28:55.091] - eth_getBalance
[2020/03/25 12:28:55.132] - eth_getTransactionCount
[2020/03/25 12:28:55.171] - eth_getBalance
[2020/03/25 12:28:55.210] - eth_getTransactionCount
[2020/03/25 12:28:55.251] - eth_getBalance
[2020/03/25 12:28:55.293] - eth_getTransactionCount
[2020/03/25 12:28:55.335] - eth_getBalance
[2020/03/25 12:28:55.373] - eth_getTransactionCount
[2020/03/25 12:28:55.412] - eth_getBalance
[2020/03/25 12:28:55.451] - eth_getTransactionCount
[2020/03/25 12:28:55.492] - eth_getBalance
[2020/03/25 12:28:55.530] - eth_getTransactionCount
[2020/03/25 12:28:55.570] - eth_getBalance
[2020/03/25 12:28:55.628] - eth_getTransactionCount
[2020/03/25 12:28:55.717] - eth_getBalance
[2020/03/25 12:28:55.758] - eth_getTransactionCount
[2020/03/25 12:28:55.799] - eth_getBalance
[2020/03/25 12:28:55.853] - eth_getTransactionCount
[2020/03/25 12:28:55.915] - eth_getBalance
[2020/03/25 12:28:55.958] - eth_getTransactionCount
[2020/03/25 12:28:56.027] - eth_blockNumber
[2020/03/25 12:28:56.034] - eth_getBlockByNumber
[2020/03/25 12:28:56.468] - eth_getTransactionReceipt
[2020/03/25 12:28:56.477] - eth_blockNumber
[2020/03/25 12:28:56.767] - eth_blockNumber
[2020/03/25 12:28:56.772] - eth_getBlockByNumber
[2020/03/25 12:28:56.777] - eth_getBlockByNumber
[2020/03/25 12:28:56.786] - eth_getLogs
[2020/03/25 12:28:56.788] - eth_getLogs
[2020/03/25 12:28:56.791] - eth_call
[2020/03/25 12:28:56.942] - eth_getTransactionReceipt
[2020/03/25 12:28:57.051] - eth_getTransactionCount
[2020/03/25 12:28:57.827] - eth_call
[2020/03/25 12:28:58.022] - eth_call
[2020/03/25 12:28:58.546] - eth_getBalance
[2020/03/25 12:29:15.101] - eth_gasPrice
[2020/03/25 12:29:15.208] - eth_getCode
[2020/03/25 12:29:15.381] - eth_estimateGas
[2020/03/25 12:29:16.035] - eth_blockNumber
[2020/03/25 12:29:16.785] - eth_blockNumber
[2020/03/25 12:29:18.112] - eth_sendRawTransaction
[2020/03/25 12:29:18.137] - 
[2020/03/25 12:29:18.137] -   Transaction: 0xf9c8d0d00eb8bde2e4915426951276127cc7a79b25e4700cf161e6b19b1e86dc
[2020/03/25 12:29:18.137] -   Gas usage: 13553
[2020/03/25 12:29:18.137] -   Block Number: 215
[2020/03/25 12:29:18.137] -   Block Time: Wed Mar 25 2020 12:29:18 GMT+0000 (GMT)
[2020/03/25 12:29:18.137] - 
[2020/03/25 12:29:18.138] - eth_getBlockByNumber
[2020/03/25 12:29:18.233] - eth_getBalance
[2020/03/25 12:29:18.270] - eth_getTransactionCount
[2020/03/25 12:29:18.311] - eth_getBalance
[2020/03/25 12:29:18.350] - eth_getTransactionCount
[2020/03/25 12:29:18.391] - eth_getBalance
[2020/03/25 12:29:18.436] - eth_getTransactionCount
[2020/03/25 12:29:18.479] - eth_getBalance
[2020/03/25 12:29:18.521] - eth_getTransactionCount
[2020/03/25 12:29:18.564] - eth_getBalance
[2020/03/25 12:29:18.608] - eth_getTransactionCount
[2020/03/25 12:29:18.650] - eth_getBalance
[2020/03/25 12:29:18.689] - eth_getTransactionCount
[2020/03/25 12:29:18.729] - eth_getBalance
[2020/03/25 12:29:18.773] - eth_getTransactionCount
[2020/03/25 12:29:18.816] - eth_getBalance
[2020/03/25 12:29:18.856] - eth_getTransactionCount
[2020/03/25 12:29:18.897] - eth_getBalance
[2020/03/25 12:29:18.945] - eth_getTransactionCount
[2020/03/25 12:29:19.017] - eth_getBalance
[2020/03/25 12:29:19.077] - eth_getTransactionCount
[2020/03/25 12:29:19.126] - eth_getTransactionReceipt
[2020/03/25 12:29:19.164] - eth_blockNumber
[2020/03/25 12:29:19.177] - eth_getBlockByNumber
[2020/03/25 12:29:19.181] - eth_getBlockByNumber
[2020/03/25 12:29:19.184] - eth_getBalance
[2020/03/25 12:29:19.189] - eth_call
[2020/03/25 12:29:19.191] - eth_call
[2020/03/25 12:29:19.197] - eth_getLogs
[2020/03/25 12:29:19.200] - eth_getLogs
[2020/03/25 12:29:19.391] - eth_getTransactionReceipt
[2020/03/25 12:29:19.484] - eth_getTransactionCount
[2020/03/25 12:29:19.963] - eth_call
[2020/03/25 12:29:36.041] - eth_blockNumber
[2020/03/25 12:29:36.047] - eth_getBlockByNumber
[2020/03/25 12:29:36.799] - eth_blockNumber
[2020/03/25 12:29:56.048] - eth_blockNumber
[2020/03/25 12:29:56.807] - eth_blockNumber
[2020/03/25 12:30:16.055] - eth_blockNumber
[2020/03/25 12:30:16.814] - eth_blockNumber
[2020/03/25 12:30:36.061] - eth_blockNumber
[2020/03/25 12:30:36.822] - eth_blockNumber
[2020/03/25 12:30:42.573] - eth_getBalance
[2020/03/25 12:30:43.045] - net_version
[2020/03/25 12:30:43.049] - eth_getCode
[2020/03/25 12:30:43.053] - eth_getBlockByNumber
[2020/03/25 12:30:43.057] - eth_getBalance
[2020/03/25 12:30:43.061] - eth_getTransactionCount
[2020/03/25 12:30:43.067] - eth_getStorageAt
[2020/03/25 12:30:55.002] - net_version
[2020/03/25 12:30:55.242] - eth_getLogs
[2020/03/25 12:30:55.243] - eth_getLogs
[2020/03/25 12:30:55.245] - eth_getLogs
[2020/03/25 12:30:55.257] - eth_getLogs
[2020/03/25 12:30:55.259] - eth_call
[2020/03/25 12:30:56.068] - eth_blockNumber
[2020/03/25 12:30:56.830] - eth_blockNumber
[2020/03/25 12:31:11.872] - eth_unsubscribe
[2020/03/25 12:31:11.873] - eth_unsubscribe
[2020/03/25 12:31:12.265] - Warning: stopMining called when miner was already stopped
