[2020/03/30 12:56:48.275] - Starting server (version 2.1.2) with initial configuration: {"gasLimit":6721975,"gasPrice":20000000000,"hardfork":"petersburg","hostname":"127.0.0.1","port":7545,"network_id":5777,"default_balance_ether":100,"total_accounts":10,"unlocked_accounts":[],"locked":false,"vmErrorsOnRPCResponse":true,"verbose":false,"db_path":"/home/nash/.config/Ganache/workspaces/identity-wallet/chaindata","logDirectory":"/home/nash/Documents/Projects/Blockchain/Project/identity-wallet/wallet-web-app/logs"}
[2020/03/30 12:56:48.943] - eth_subscribe
[2020/03/30 12:56:48.951] - eth_getLogs
[2020/03/30 12:56:48.952] - eth_subscribe
[2020/03/30 12:56:48.966] - eth_getCode
[2020/03/30 12:56:49.026] - eth_getCode
[2020/03/30 12:56:49.132] - eth_getCode
[2020/03/30 12:56:49.162] - eth_getCode
[2020/03/30 12:56:49.176] - eth_getCode
[2020/03/30 12:56:49.216] - eth_getCode
[2020/03/30 12:56:49.799] - eth_blockNumber
[2020/03/30 12:56:49.834] - eth_getBlockByNumber
[2020/03/30 12:56:49.839] - eth_getBlockByNumber
[2020/03/30 12:56:49.840] - eth_getBlockByNumber
[2020/03/30 12:56:49.840] - eth_getBlockByNumber
[2020/03/30 12:56:49.841] - eth_getBlockByNumber
[2020/03/30 12:56:49.845] - eth_getBlockByNumber
[2020/03/30 12:56:49.845] - eth_getBlockByNumber
[2020/03/30 12:56:49.846] - eth_getBlockByNumber
[2020/03/30 12:56:49.849] - eth_getBlockByNumber
[2020/03/30 12:56:49.853] - eth_getBlockByNumber
[2020/03/30 12:56:49.862] - eth_getBlockByNumber
[2020/03/30 12:56:49.873] - eth_getBlockByNumber
[2020/03/30 12:56:49.895] - eth_getBlockByNumber
[2020/03/30 12:56:49.899] - eth_getBlockByNumber
[2020/03/30 12:56:49.903] - eth_getBlockByNumber
[2020/03/30 12:56:49.906] - eth_getBlockByNumber
[2020/03/30 12:56:49.910] - eth_getBlockByNumber
[2020/03/30 12:56:49.913] - eth_getBlockByNumber
[2020/03/30 12:56:49.916] - eth_getBlockByNumber
[2020/03/30 12:56:49.920] - eth_getBlockByNumber
[2020/03/30 12:56:49.933] - eth_getBlockByNumber
[2020/03/30 12:56:49.936] - eth_getBlockByNumber
[2020/03/30 12:56:49.947] - eth_getBlockByNumber
[2020/03/30 12:56:49.952] - eth_getBlockByNumber
[2020/03/30 12:56:49.956] - eth_getBlockByNumber
[2020/03/30 12:56:49.967] - eth_getBlockByNumber
[2020/03/30 12:56:49.983] - eth_getBlockByNumber
[2020/03/30 12:56:49.989] - eth_getBlockByNumber
[2020/03/30 12:56:49.993] - eth_getBlockByNumber
[2020/03/30 12:56:49.996] - eth_getBlockByNumber
[2020/03/30 12:56:50.000] - eth_getBlockByNumber
[2020/03/30 12:56:50.010] - eth_getBlockByNumber
[2020/03/30 12:56:50.017] - eth_getBlockByNumber
[2020/03/30 12:56:50.024] - eth_getBlockByNumber
[2020/03/30 12:56:50.032] - eth_getBlockByNumber
[2020/03/30 12:56:50.036] - eth_getBlockByNumber
[2020/03/30 12:56:50.040] - eth_getBlockByNumber
[2020/03/30 12:56:50.045] - eth_getBlockByNumber
[2020/03/30 12:56:50.049] - eth_getBlockByNumber
[2020/03/30 12:56:50.053] - eth_getBlockByNumber
[2020/03/30 12:56:50.057] - eth_getBlockByNumber
[2020/03/30 12:56:50.390] - eth_blockNumber
[2020/03/30 12:56:52.440] - eth_accounts
[2020/03/30 12:56:52.441] - eth_gasPrice
[2020/03/30 12:56:52.441] - eth_getBlockByNumber
[2020/03/30 12:56:52.441] - eth_subscribe
[2020/03/30 12:56:52.582] - eth_accounts
[2020/03/30 12:56:52.742] - eth_getBalance
[2020/03/30 12:56:52.777] - eth_getTransactionCount
[2020/03/30 12:56:52.812] - eth_getBalance
[2020/03/30 12:56:52.845] - eth_getTransactionCount
[2020/03/30 12:56:52.882] - eth_getBalance
[2020/03/30 12:56:52.917] - eth_getTransactionCount
[2020/03/30 12:56:52.956] - eth_getBalance
[2020/03/30 12:56:52.991] - eth_getTransactionCount
[2020/03/30 12:56:53.031] - eth_getBalance
[2020/03/30 12:56:53.069] - eth_getTransactionCount
[2020/03/30 12:56:53.104] - eth_getBalance
[2020/03/30 12:56:53.143] - eth_getTransactionCount
[2020/03/30 12:56:53.177] - eth_getBalance
[2020/03/30 12:56:53.211] - eth_getTransactionCount
[2020/03/30 12:56:53.249] - eth_getBalance
[2020/03/30 12:56:53.285] - eth_getTransactionCount
[2020/03/30 12:56:53.319] - eth_getBalance
[2020/03/30 12:56:53.353] - eth_getTransactionCount
[2020/03/30 12:56:53.387] - eth_getBalance
[2020/03/30 12:56:53.421] - eth_getTransactionCount
[2020/03/30 12:56:53.834] - eth_getBalance
[2020/03/30 12:56:53.868] - eth_getTransactionCount
[2020/03/30 12:56:53.909] - eth_getBalance
[2020/03/30 12:56:53.943] - eth_getTransactionCount
[2020/03/30 12:56:53.977] - eth_getBalance
[2020/03/30 12:56:54.012] - eth_getTransactionCount
[2020/03/30 12:56:54.049] - eth_getBalance
[2020/03/30 12:56:54.083] - eth_getTransactionCount
[2020/03/30 12:56:54.120] - eth_getBalance
[2020/03/30 12:56:54.158] - eth_getTransactionCount
[2020/03/30 12:56:54.192] - eth_getBalance
[2020/03/30 12:56:54.226] - eth_getTransactionCount
[2020/03/30 12:56:54.260] - eth_getBalance
[2020/03/30 12:56:54.294] - eth_getTransactionCount
[2020/03/30 12:56:54.329] - eth_getBalance
[2020/03/30 12:56:54.362] - eth_getTransactionCount
[2020/03/30 12:56:54.397] - eth_getBalance
[2020/03/30 12:56:54.431] - eth_getTransactionCount
[2020/03/30 12:56:54.465] - eth_getBalance
[2020/03/30 12:56:54.500] - eth_getTransactionCount
[2020/03/30 12:57:09.896] - eth_blockNumber
[2020/03/30 12:57:29.909] - eth_blockNumber
[2020/03/30 12:57:49.921] - eth_blockNumber
[2020/03/30 12:58:09.930] - eth_blockNumber
[2020/03/30 12:58:29.954] - eth_blockNumber
[2020/03/30 12:58:49.975] - eth_blockNumber
[2020/03/30 12:59:09.987] - eth_blockNumber
[2020/03/30 12:59:30.005] - eth_blockNumber
[2020/03/30 12:59:50.025] - eth_blockNumber
[2020/03/30 13:00:10.037] - eth_blockNumber
[2020/03/30 13:00:30.050] - eth_blockNumber
[2020/03/30 13:00:50.065] - eth_blockNumber
[2020/03/30 13:01:10.078] - eth_blockNumber
[2020/03/30 13:01:30.094] - eth_blockNumber
[2020/03/30 13:01:50.110] - eth_blockNumber
[2020/03/30 13:02:10.123] - eth_blockNumber
[2020/03/30 13:02:30.140] - eth_blockNumber
[2020/03/30 13:02:50.157] - eth_blockNumber
[2020/03/30 13:03:10.170] - eth_blockNumber
[2020/03/30 13:03:30.182] - eth_blockNumber
[2020/03/30 13:03:50.194] - eth_blockNumber
[2020/03/30 13:04:10.207] - eth_blockNumber
[2020/03/30 13:04:30.215] - eth_blockNumber
[2020/03/30 13:04:50.225] - eth_blockNumber
[2020/03/30 13:05:10.236] - eth_blockNumber
[2020/03/30 13:05:30.249] - eth_blockNumber
[2020/03/30 13:05:50.259] - eth_blockNumber
[2020/03/30 13:06:10.270] - eth_blockNumber
[2020/03/30 13:06:30.285] - eth_blockNumber
[2020/03/30 13:06:50.301] - eth_blockNumber
[2020/03/30 13:07:10.317] - eth_blockNumber
[2020/03/30 13:07:30.332] - eth_blockNumber
[2020/03/30 13:07:50.346] - eth_blockNumber
[2020/03/30 13:08:10.359] - eth_blockNumber
[2020/03/30 13:08:30.368] - eth_blockNumber
[2020/03/30 13:08:50.398] - eth_blockNumber
[2020/03/30 13:09:01.795] - net_version
[2020/03/30 13:09:01.808] - eth_blockNumber
[2020/03/30 13:09:01.880] - net_version
[2020/03/30 13:09:02.579] - eth_getBlockByNumber
[2020/03/30 13:09:02.589] - eth_getBlockByNumber
[2020/03/30 13:09:02.594] - eth_getBlockByNumber
[2020/03/30 13:09:02.594] - eth_getBlockByNumber
[2020/03/30 13:09:02.595] - eth_getBlockByNumber
[2020/03/30 13:09:02.595] - eth_getBlockByNumber
[2020/03/30 13:09:02.612] - eth_getBlockByNumber
[2020/03/30 13:09:02.614] - eth_getBlockByNumber
[2020/03/30 13:09:02.626] - eth_getBlockByNumber
[2020/03/30 13:09:02.638] - eth_getBlockByNumber
[2020/03/30 13:09:02.678] - eth_getBlockByNumber
[2020/03/30 13:09:02.698] - eth_getBlockByNumber
[2020/03/30 13:09:02.702] - eth_getBlockByNumber
[2020/03/30 13:09:02.708] - eth_getBlockByNumber
[2020/03/30 13:09:02.720] - eth_getBlockByNumber
[2020/03/30 13:09:02.725] - eth_getBlockByNumber
[2020/03/30 13:09:02.727] - eth_getBlockByNumber
[2020/03/30 13:09:02.732] - eth_getBlockByNumber
[2020/03/30 13:09:02.736] - eth_getBlockByNumber
[2020/03/30 13:09:02.739] - eth_getBlockByNumber
[2020/03/30 13:09:02.743] - eth_getBlockByNumber
[2020/03/30 13:09:02.747] - eth_getBlockByNumber
[2020/03/30 13:09:02.752] - eth_getBlockByNumber
[2020/03/30 13:09:02.756] - eth_getBlockByNumber
[2020/03/30 13:09:02.768] - eth_getBlockByNumber
[2020/03/30 13:09:02.789] - eth_getBlockByNumber
[2020/03/30 13:09:02.801] - eth_getBlockByNumber
[2020/03/30 13:09:02.814] - eth_getBlockByNumber
[2020/03/30 13:09:02.815] - eth_getBlockByNumber
[2020/03/30 13:09:02.815] - eth_getBlockByNumber
[2020/03/30 13:09:02.819] - eth_getBlockByNumber
[2020/03/30 13:09:02.820] - eth_getBlockByNumber
[2020/03/30 13:09:02.826] - eth_getBlockByNumber
[2020/03/30 13:09:02.830] - eth_getBlockByNumber
[2020/03/30 13:09:02.832] - eth_getBlockByNumber
[2020/03/30 13:09:02.833] - eth_getBlockByNumber
[2020/03/30 13:09:02.834] - eth_getBlockByNumber
[2020/03/30 13:09:02.838] - eth_getBlockByNumber
[2020/03/30 13:09:02.843] - eth_getBlockByNumber
[2020/03/30 13:09:02.847] - eth_getBlockByNumber
[2020/03/30 13:09:02.850] - eth_getBlockByNumber
[2020/03/30 13:09:09.839] - eth_getBalance
[2020/03/30 13:09:10.434] - eth_blockNumber
[2020/03/30 13:09:13.856] - net_version
[2020/03/30 13:09:14.120] - eth_call
[2020/03/30 13:09:14.371] - eth_call
[2020/03/30 13:09:14.388] - eth_call
[2020/03/30 13:09:22.509] - eth_blockNumber
[2020/03/30 13:09:30.452] - eth_blockNumber
[2020/03/30 13:09:42.522] - eth_blockNumber
[2020/03/30 13:09:50.465] - eth_blockNumber
[2020/03/30 13:10:02.540] - eth_blockNumber
[2020/03/30 13:10:10.475] - eth_blockNumber
[2020/03/30 13:10:22.563] - eth_blockNumber
[2020/03/30 13:10:30.485] - eth_blockNumber
[2020/03/30 13:10:42.574] - eth_blockNumber
[2020/03/30 13:10:50.497] - eth_blockNumber
[2020/03/30 13:10:53.847] - net_version
[2020/03/30 13:11:02.586] - eth_blockNumber
[2020/03/30 13:11:10.508] - eth_blockNumber
[2020/03/30 13:11:22.598] - eth_blockNumber
[2020/03/30 13:11:30.520] - eth_blockNumber
[2020/03/30 13:11:42.611] - eth_blockNumber
[2020/03/30 13:11:50.534] - eth_blockNumber
[2020/03/30 13:12:02.622] - eth_blockNumber
[2020/03/30 13:12:10.546] - eth_blockNumber
[2020/03/30 13:12:22.638] - eth_blockNumber
[2020/03/30 13:12:30.559] - eth_blockNumber
[2020/03/30 13:12:42.659] - eth_blockNumber
[2020/03/30 13:12:50.574] - eth_blockNumber
[2020/03/30 13:13:02.674] - eth_blockNumber
[2020/03/30 13:13:10.592] - eth_blockNumber
[2020/03/30 13:13:22.685] - eth_blockNumber
[2020/03/30 13:13:30.606] - eth_blockNumber
[2020/03/30 13:13:42.696] - eth_blockNumber
[2020/03/30 13:13:50.621] - eth_blockNumber
[2020/03/30 13:14:02.715] - eth_blockNumber
[2020/03/30 13:14:10.637] - eth_blockNumber
[2020/03/30 13:14:22.728] - eth_blockNumber
[2020/03/30 13:14:30.651] - eth_blockNumber
[2020/03/30 13:14:42.744] - eth_blockNumber
[2020/03/30 13:14:50.663] - eth_blockNumber
[2020/03/30 13:15:02.756] - eth_blockNumber
[2020/03/30 13:15:10.674] - eth_blockNumber
[2020/03/30 13:15:22.766] - eth_blockNumber
[2020/03/30 13:15:30.685] - eth_blockNumber
[2020/03/30 13:15:42.778] - eth_blockNumber
[2020/03/30 13:15:50.696] - eth_blockNumber
[2020/03/30 13:16:02.791] - eth_blockNumber
[2020/03/30 13:16:10.707] - eth_blockNumber
[2020/03/30 13:16:22.804] - eth_blockNumber
[2020/03/30 13:16:30.718] - eth_blockNumber
[2020/03/30 13:16:42.815] - eth_blockNumber
[2020/03/30 13:16:50.731] - eth_blockNumber
[2020/03/30 13:17:02.828] - eth_blockNumber
[2020/03/30 13:17:10.742] - eth_blockNumber
[2020/03/30 13:17:22.841] - eth_blockNumber
[2020/03/30 13:17:30.754] - eth_blockNumber
[2020/03/30 13:17:42.853] - eth_blockNumber
[2020/03/30 13:17:50.765] - eth_blockNumber
[2020/03/30 13:18:02.866] - eth_blockNumber
[2020/03/30 13:18:10.776] - eth_blockNumber
[2020/03/30 13:18:22.879] - eth_blockNumber
[2020/03/30 13:18:30.787] - eth_blockNumber
[2020/03/30 13:18:42.890] - eth_blockNumber
[2020/03/30 13:18:50.797] - eth_blockNumber
[2020/03/30 13:19:02.905] - eth_blockNumber
[2020/03/30 13:19:10.807] - eth_blockNumber
[2020/03/30 13:19:22.913] - eth_blockNumber
[2020/03/30 13:19:30.816] - eth_blockNumber
[2020/03/30 13:19:42.925] - eth_blockNumber
[2020/03/30 13:19:50.827] - eth_blockNumber
[2020/03/30 13:20:02.938] - eth_blockNumber
[2020/03/30 13:20:10.842] - eth_blockNumber
[2020/03/30 13:20:22.951] - eth_blockNumber
[2020/03/30 13:20:30.851] - eth_blockNumber
[2020/03/30 13:20:42.963] - eth_blockNumber
[2020/03/30 13:20:50.863] - eth_blockNumber
[2020/03/30 13:21:02.976] - eth_blockNumber
[2020/03/30 13:21:10.875] - eth_blockNumber
[2020/03/30 13:21:23.020] - eth_blockNumber
[2020/03/30 13:21:30.887] - eth_blockNumber
[2020/03/30 13:21:43.031] - eth_blockNumber
[2020/03/30 13:21:50.905] - eth_blockNumber
[2020/03/30 13:22:03.462] - eth_blockNumber
[2020/03/30 13:22:10.918] - eth_blockNumber
[2020/03/30 13:22:23.471] - eth_blockNumber
[2020/03/30 13:22:30.931] - eth_blockNumber
[2020/03/30 13:22:43.482] - eth_blockNumber
[2020/03/30 13:22:50.947] - eth_blockNumber
[2020/03/30 13:23:03.495] - eth_blockNumber
[2020/03/30 13:23:10.962] - eth_blockNumber
[2020/03/30 13:23:23.507] - eth_blockNumber
[2020/03/30 13:23:30.972] - eth_blockNumber
[2020/03/30 13:23:43.522] - eth_blockNumber
[2020/03/30 13:23:50.983] - eth_blockNumber
[2020/03/30 13:24:03.674] - eth_blockNumber
[2020/03/30 13:24:10.160] - net_version
[2020/03/30 13:24:10.997] - eth_blockNumber
[2020/03/30 13:24:23.689] - eth_blockNumber
[2020/03/30 13:24:31.008] - eth_blockNumber
[2020/03/30 13:24:43.704] - eth_blockNumber
[2020/03/30 13:24:51.022] - eth_blockNumber
[2020/03/30 13:24:52.128] - net_version
[2020/03/30 13:25:03.717] - eth_blockNumber
[2020/03/30 13:25:11.037] - eth_blockNumber
[2020/03/30 13:25:23.728] - eth_blockNumber
[2020/03/30 13:25:31.044] - eth_blockNumber
[2020/03/30 13:25:43.747] - eth_blockNumber
[2020/03/30 13:25:51.056] - eth_blockNumber
[2020/03/30 13:25:58.723] - net_version
[2020/03/30 13:26:03.760] - eth_blockNumber
[2020/03/30 13:26:11.079] - eth_blockNumber
[2020/03/30 13:26:23.771] - eth_blockNumber
[2020/03/30 13:26:31.092] - eth_blockNumber
[2020/03/30 13:26:43.784] - eth_blockNumber
[2020/03/30 13:26:51.111] - eth_blockNumber
[2020/03/30 13:27:03.797] - eth_blockNumber
[2020/03/30 13:27:11.127] - eth_blockNumber
[2020/03/30 13:27:23.807] - eth_blockNumber
[2020/03/30 13:27:31.143] - eth_blockNumber
[2020/03/30 13:27:43.819] - eth_blockNumber
[2020/03/30 13:27:51.161] - eth_blockNumber
[2020/03/30 13:28:03.831] - eth_blockNumber
[2020/03/30 13:28:11.176] - eth_blockNumber
[2020/03/30 13:28:23.842] - eth_blockNumber
[2020/03/30 13:28:31.191] - eth_blockNumber
[2020/03/30 13:28:43.854] - eth_blockNumber
[2020/03/30 13:28:51.211] - eth_blockNumber
[2020/03/30 13:29:03.867] - eth_blockNumber
[2020/03/30 13:29:11.229] - eth_blockNumber
[2020/03/30 13:29:23.881] - eth_blockNumber
[2020/03/30 13:29:31.242] - eth_blockNumber
[2020/03/30 13:29:43.900] - eth_blockNumber
[2020/03/30 13:29:51.256] - eth_blockNumber
[2020/03/30 13:30:03.912] - eth_blockNumber
[2020/03/30 13:30:11.271] - eth_blockNumber
[2020/03/30 13:30:23.927] - eth_blockNumber
[2020/03/30 13:30:31.290] - eth_blockNumber
[2020/03/30 13:30:43.952] - eth_blockNumber
[2020/03/30 13:30:51.302] - eth_blockNumber
[2020/03/30 13:31:03.973] - eth_blockNumber
[2020/03/30 13:31:11.313] - eth_blockNumber
[2020/03/30 13:31:23.985] - eth_blockNumber
[2020/03/30 13:31:31.326] - eth_blockNumber
[2020/03/30 13:31:44.003] - eth_blockNumber
[2020/03/30 13:31:51.336] - eth_blockNumber
[2020/03/30 13:32:04.019] - eth_blockNumber
[2020/03/30 13:32:11.346] - eth_blockNumber
[2020/03/30 13:32:24.032] - eth_blockNumber
[2020/03/30 13:32:31.357] - eth_blockNumber
[2020/03/30 13:32:44.044] - eth_blockNumber
[2020/03/30 13:32:51.372] - eth_blockNumber
[2020/03/30 13:33:04.058] - eth_blockNumber
[2020/03/30 13:33:11.380] - eth_blockNumber
[2020/03/30 13:33:24.067] - eth_blockNumber
[2020/03/30 13:33:31.392] - eth_blockNumber
[2020/03/30 13:33:44.077] - eth_blockNumber
[2020/03/30 13:33:51.402] - eth_blockNumber
[2020/03/30 13:34:04.087] - eth_blockNumber
[2020/03/30 13:34:11.412] - eth_blockNumber
[2020/03/30 13:34:24.099] - eth_blockNumber
[2020/03/30 13:34:31.421] - eth_blockNumber
[2020/03/30 13:34:44.110] - eth_blockNumber
[2020/03/30 13:34:51.431] - eth_blockNumber
[2020/03/30 13:35:04.121] - eth_blockNumber
[2020/03/30 13:35:11.441] - eth_blockNumber
[2020/03/30 13:35:24.134] - eth_blockNumber
[2020/03/30 13:35:31.452] - eth_blockNumber
[2020/03/30 13:35:44.148] - eth_blockNumber
[2020/03/30 13:35:51.462] - eth_blockNumber
[2020/03/30 13:36:04.155] - eth_blockNumber
[2020/03/30 13:36:11.471] - eth_blockNumber
[2020/03/30 13:36:24.167] - eth_blockNumber
[2020/03/30 13:36:31.481] - eth_blockNumber
[2020/03/30 13:36:44.177] - eth_blockNumber
[2020/03/30 13:36:51.493] - eth_blockNumber
[2020/03/30 13:37:04.188] - eth_blockNumber
[2020/03/30 13:37:11.504] - eth_blockNumber
[2020/03/30 13:37:24.199] - eth_blockNumber
[2020/03/30 13:37:31.514] - eth_blockNumber
[2020/03/30 13:37:44.211] - eth_blockNumber
[2020/03/30 13:37:51.524] - eth_blockNumber
[2020/03/30 13:38:04.223] - eth_blockNumber
[2020/03/30 13:38:11.534] - eth_blockNumber
[2020/03/30 13:38:24.238] - eth_blockNumber
[2020/03/30 13:38:31.545] - eth_blockNumber
[2020/03/30 13:38:44.251] - eth_blockNumber
[2020/03/30 13:38:51.554] - eth_blockNumber
[2020/03/30 13:39:04.265] - eth_blockNumber
[2020/03/30 13:39:11.564] - eth_blockNumber
[2020/03/30 13:39:24.276] - eth_blockNumber
[2020/03/30 13:39:31.574] - eth_blockNumber
[2020/03/30 13:39:44.288] - eth_blockNumber
[2020/03/30 13:39:51.584] - eth_blockNumber
[2020/03/30 13:40:04.297] - eth_blockNumber
[2020/03/30 13:40:11.596] - eth_blockNumber
[2020/03/30 13:40:24.309] - eth_blockNumber
[2020/03/30 13:40:31.607] - eth_blockNumber
[2020/03/30 13:40:44.323] - eth_blockNumber
[2020/03/30 13:40:51.616] - eth_blockNumber
[2020/03/30 13:41:04.334] - eth_blockNumber
[2020/03/30 13:41:11.630] - eth_blockNumber
[2020/03/30 13:41:24.344] - eth_blockNumber
[2020/03/30 13:41:31.638] - eth_blockNumber
[2020/03/30 13:41:44.358] - eth_blockNumber
[2020/03/30 13:41:51.649] - eth_blockNumber
[2020/03/30 13:42:04.371] - eth_blockNumber
[2020/03/30 13:42:11.661] - eth_blockNumber
[2020/03/30 13:42:24.381] - eth_blockNumber
[2020/03/30 13:42:31.674] - eth_blockNumber
[2020/03/30 13:42:44.391] - eth_blockNumber
[2020/03/30 13:42:51.687] - eth_blockNumber
[2020/03/30 13:43:04.402] - eth_blockNumber
[2020/03/30 13:43:11.700] - eth_blockNumber
[2020/03/30 13:43:24.415] - eth_blockNumber
[2020/03/30 13:43:31.714] - eth_blockNumber
[2020/03/30 13:43:44.427] - eth_blockNumber
[2020/03/30 13:43:51.724] - eth_blockNumber
[2020/03/30 13:44:04.437] - eth_blockNumber
[2020/03/30 13:44:11.735] - eth_blockNumber
[2020/03/30 13:44:24.461] - eth_blockNumber
[2020/03/30 13:44:31.757] - eth_blockNumber
[2020/03/30 13:44:44.482] - eth_blockNumber
[2020/03/30 13:44:51.773] - eth_blockNumber
[2020/03/30 13:45:04.494] - eth_blockNumber
[2020/03/30 13:45:11.784] - eth_blockNumber
[2020/03/30 13:45:24.506] - eth_blockNumber
[2020/03/30 13:45:31.795] - eth_blockNumber
[2020/03/30 13:45:44.518] - eth_blockNumber
[2020/03/30 13:45:51.806] - eth_blockNumber
[2020/03/30 13:46:04.529] - eth_blockNumber
[2020/03/30 13:46:11.815] - eth_blockNumber
[2020/03/30 13:46:24.541] - eth_blockNumber
[2020/03/30 13:46:31.826] - eth_blockNumber
[2020/03/30 13:46:44.551] - eth_blockNumber
[2020/03/30 13:46:51.841] - eth_blockNumber
[2020/03/30 13:47:04.561] - eth_blockNumber
[2020/03/30 13:47:11.852] - eth_blockNumber
[2020/03/30 13:47:24.573] - eth_blockNumber
[2020/03/30 13:47:31.866] - eth_blockNumber
[2020/03/30 13:47:44.586] - eth_blockNumber
[2020/03/30 13:47:51.880] - eth_blockNumber
[2020/03/30 13:48:04.602] - eth_blockNumber
[2020/03/30 13:48:11.891] - eth_blockNumber
[2020/03/30 13:48:24.623] - eth_blockNumber
[2020/03/30 13:48:31.902] - eth_blockNumber
[2020/03/30 13:48:44.637] - eth_blockNumber
[2020/03/30 13:48:51.910] - eth_blockNumber
[2020/03/30 13:49:04.650] - eth_blockNumber
[2020/03/30 13:49:11.923] - eth_blockNumber
[2020/03/30 13:49:24.659] - eth_blockNumber
[2020/03/30 13:49:31.939] - eth_blockNumber
[2020/03/30 13:49:44.671] - eth_blockNumber
[2020/03/30 13:49:51.958] - eth_blockNumber
[2020/03/30 13:50:04.690] - eth_blockNumber
[2020/03/30 13:50:11.970] - eth_blockNumber
[2020/03/30 13:50:24.711] - eth_blockNumber
[2020/03/30 13:50:31.986] - eth_blockNumber
[2020/03/30 13:50:44.727] - eth_blockNumber
[2020/03/30 13:50:51.997] - eth_blockNumber
[2020/03/30 13:51:04.737] - eth_blockNumber
[2020/03/30 13:51:12.007] - eth_blockNumber
[2020/03/30 13:51:24.748] - eth_blockNumber
[2020/03/30 13:51:32.015] - eth_blockNumber
[2020/03/30 13:51:44.756] - eth_blockNumber
[2020/03/30 13:51:52.022] - eth_blockNumber
[2020/03/30 13:52:04.769] - eth_blockNumber
[2020/03/30 13:52:12.031] - eth_blockNumber
[2020/03/30 13:52:24.791] - eth_blockNumber
[2020/03/30 13:52:32.043] - eth_blockNumber
[2020/03/30 13:52:44.802] - eth_blockNumber
[2020/03/30 13:52:52.062] - eth_blockNumber
[2020/03/30 13:53:04.815] - eth_blockNumber
[2020/03/30 13:53:12.081] - eth_blockNumber
[2020/03/30 13:53:24.833] - eth_blockNumber
[2020/03/30 13:53:32.098] - eth_blockNumber
[2020/03/30 13:53:44.843] - eth_blockNumber
[2020/03/30 13:53:52.110] - eth_blockNumber
[2020/03/30 13:54:04.852] - eth_blockNumber
[2020/03/30 13:54:12.122] - eth_blockNumber
[2020/03/30 13:54:24.932] - eth_blockNumber
[2020/03/30 13:54:32.131] - eth_blockNumber
[2020/03/30 13:54:44.950] - eth_blockNumber
[2020/03/30 13:54:52.147] - eth_blockNumber
[2020/03/30 13:55:04.963] - eth_blockNumber
[2020/03/30 13:55:12.160] - eth_blockNumber
[2020/03/30 13:55:24.978] - eth_blockNumber
[2020/03/30 13:55:32.172] - eth_blockNumber
[2020/03/30 13:55:44.995] - eth_blockNumber
[2020/03/30 13:55:52.185] - eth_blockNumber
[2020/03/30 13:56:05.010] - eth_blockNumber
[2020/03/30 13:56:12.196] - eth_blockNumber
[2020/03/30 13:56:25.022] - eth_blockNumber
[2020/03/30 13:56:32.207] - eth_blockNumber
[2020/03/30 13:56:45.034] - eth_blockNumber
[2020/03/30 13:56:52.219] - eth_blockNumber
[2020/03/30 13:57:05.047] - eth_blockNumber
[2020/03/30 13:57:12.228] - eth_blockNumber
[2020/03/30 13:57:25.057] - eth_blockNumber
[2020/03/30 13:57:32.239] - eth_blockNumber
[2020/03/30 13:57:45.068] - eth_blockNumber
[2020/03/30 13:57:52.249] - eth_blockNumber
[2020/03/30 13:58:05.078] - eth_blockNumber
[2020/03/30 13:58:12.260] - eth_blockNumber
[2020/03/30 13:58:25.089] - eth_blockNumber
[2020/03/30 13:58:32.269] - eth_blockNumber
[2020/03/30 13:58:45.100] - eth_blockNumber
[2020/03/30 13:58:52.281] - eth_blockNumber
[2020/03/30 13:59:05.113] - eth_blockNumber
[2020/03/30 13:59:12.290] - eth_blockNumber
[2020/03/30 13:59:25.123] - eth_blockNumber
[2020/03/30 13:59:32.300] - eth_blockNumber
[2020/03/30 13:59:45.134] - eth_blockNumber
[2020/03/30 13:59:52.311] - eth_blockNumber
[2020/03/30 14:00:05.149] - eth_blockNumber
[2020/03/30 14:00:12.320] - eth_blockNumber
[2020/03/30 14:00:25.161] - eth_blockNumber
[2020/03/30 14:00:32.329] - eth_blockNumber
[2020/03/30 14:00:45.173] - eth_blockNumber
[2020/03/30 14:00:52.337] - eth_blockNumber
[2020/03/30 14:01:05.184] - eth_blockNumber
[2020/03/30 14:01:12.347] - eth_blockNumber
[2020/03/30 14:01:25.195] - eth_blockNumber
[2020/03/30 14:01:32.357] - eth_blockNumber
[2020/03/30 14:01:45.205] - eth_blockNumber
[2020/03/30 14:01:52.367] - eth_blockNumber
[2020/03/30 14:02:05.216] - eth_blockNumber
[2020/03/30 14:02:12.377] - eth_blockNumber
[2020/03/30 14:02:25.227] - eth_blockNumber
[2020/03/30 14:02:32.387] - eth_blockNumber
[2020/03/30 14:02:45.239] - eth_blockNumber
[2020/03/30 14:02:52.397] - eth_blockNumber
[2020/03/30 14:03:05.250] - eth_blockNumber
[2020/03/30 14:03:12.407] - eth_blockNumber
[2020/03/30 14:03:25.265] - eth_blockNumber
[2020/03/30 14:03:32.417] - eth_blockNumber
[2020/03/30 14:03:45.277] - eth_blockNumber
[2020/03/30 14:03:52.426] - eth_blockNumber
[2020/03/30 14:04:05.287] - eth_blockNumber
[2020/03/30 14:04:12.436] - eth_blockNumber
[2020/03/30 14:04:25.302] - eth_blockNumber
[2020/03/30 14:04:32.446] - eth_blockNumber
[2020/03/30 14:04:45.313] - eth_blockNumber
[2020/03/30 14:04:52.456] - eth_blockNumber
[2020/03/30 14:05:05.323] - eth_blockNumber
[2020/03/30 14:05:12.466] - eth_blockNumber
[2020/03/30 14:05:25.334] - eth_blockNumber
[2020/03/30 14:05:32.475] - eth_blockNumber
[2020/03/30 14:05:45.344] - eth_blockNumber
[2020/03/30 14:05:52.486] - eth_blockNumber
[2020/03/30 14:06:05.354] - eth_blockNumber
[2020/03/30 14:06:12.496] - eth_blockNumber
[2020/03/30 14:06:25.365] - eth_blockNumber
[2020/03/30 14:06:32.507] - eth_blockNumber
[2020/03/30 14:06:45.376] - eth_blockNumber
[2020/03/30 14:06:52.521] - eth_blockNumber
[2020/03/30 14:07:05.388] - eth_blockNumber
[2020/03/30 14:07:12.532] - eth_blockNumber
[2020/03/30 14:07:25.399] - eth_blockNumber
[2020/03/30 14:07:32.543] - eth_blockNumber
[2020/03/30 14:07:45.407] - eth_blockNumber
[2020/03/30 14:07:52.554] - eth_blockNumber
[2020/03/30 14:08:05.416] - eth_blockNumber
[2020/03/30 14:08:12.565] - eth_blockNumber
[2020/03/30 14:08:25.427] - eth_blockNumber
[2020/03/30 14:08:32.576] - eth_blockNumber
[2020/03/30 14:08:45.439] - eth_blockNumber
[2020/03/30 14:08:52.587] - eth_blockNumber
[2020/03/30 14:09:05.453] - eth_blockNumber
[2020/03/30 14:09:12.597] - eth_blockNumber
[2020/03/30 14:09:25.463] - eth_blockNumber
[2020/03/30 14:09:32.610] - eth_blockNumber
[2020/03/30 14:09:45.474] - eth_blockNumber
[2020/03/30 14:09:52.618] - eth_blockNumber
[2020/03/30 14:10:05.485] - eth_blockNumber
[2020/03/30 14:10:12.625] - eth_blockNumber
[2020/03/30 14:10:25.497] - eth_blockNumber
[2020/03/30 14:10:32.632] - eth_blockNumber
[2020/03/30 14:10:45.505] - eth_blockNumber
[2020/03/30 14:10:52.642] - eth_blockNumber
[2020/03/30 14:11:05.514] - eth_blockNumber
[2020/03/30 14:11:12.654] - eth_blockNumber
[2020/03/30 14:11:25.525] - eth_blockNumber
[2020/03/30 14:11:32.663] - eth_blockNumber
[2020/03/30 14:11:45.536] - eth_blockNumber
[2020/03/30 14:11:52.675] - eth_blockNumber
[2020/03/30 14:12:05.547] - eth_blockNumber
[2020/03/30 14:12:12.687] - eth_blockNumber
[2020/03/30 14:12:25.557] - eth_blockNumber
[2020/03/30 14:12:32.698] - eth_blockNumber
[2020/03/30 14:12:45.565] - eth_blockNumber
[2020/03/30 14:12:52.710] - eth_blockNumber
[2020/03/30 14:13:05.573] - eth_blockNumber
[2020/03/30 14:13:12.722] - eth_blockNumber
[2020/03/30 14:13:25.583] - eth_blockNumber
[2020/03/30 14:13:32.733] - eth_blockNumber
[2020/03/30 14:13:45.594] - eth_blockNumber
[2020/03/30 14:13:52.744] - eth_blockNumber
[2020/03/30 14:14:05.609] - eth_blockNumber
[2020/03/30 14:14:12.755] - eth_blockNumber
[2020/03/30 14:14:25.616] - eth_blockNumber
[2020/03/30 14:14:32.766] - eth_blockNumber
[2020/03/30 14:14:45.624] - eth_blockNumber
[2020/03/30 14:14:52.778] - eth_blockNumber
[2020/03/30 14:15:05.631] - eth_blockNumber
[2020/03/30 14:15:12.790] - eth_blockNumber
[2020/03/30 14:15:25.641] - eth_blockNumber
[2020/03/30 14:15:32.801] - eth_blockNumber
[2020/03/30 14:15:45.655] - eth_blockNumber
[2020/03/30 14:15:52.812] - eth_blockNumber
[2020/03/30 14:16:05.666] - eth_blockNumber
[2020/03/30 14:16:12.823] - eth_blockNumber
[2020/03/30 14:16:25.678] - eth_blockNumber
[2020/03/30 14:16:32.834] - eth_blockNumber
[2020/03/30 14:16:45.688] - eth_blockNumber
[2020/03/30 14:16:52.845] - eth_blockNumber
[2020/03/30 14:17:05.700] - eth_blockNumber
[2020/03/30 14:17:12.855] - eth_blockNumber
[2020/03/30 14:17:25.712] - eth_blockNumber
[2020/03/30 14:17:32.864] - eth_blockNumber
[2020/03/30 14:17:45.724] - eth_blockNumber
[2020/03/30 14:17:52.874] - eth_blockNumber
[2020/03/30 14:18:05.736] - eth_blockNumber
[2020/03/30 14:18:12.885] - eth_blockNumber
[2020/03/30 14:18:25.747] - eth_blockNumber
[2020/03/30 14:18:32.896] - eth_blockNumber
[2020/03/30 14:18:45.757] - eth_blockNumber
[2020/03/30 14:18:52.907] - eth_blockNumber
[2020/03/30 14:19:05.771] - eth_blockNumber
[2020/03/30 14:19:12.918] - eth_blockNumber
[2020/03/30 14:19:25.782] - eth_blockNumber
[2020/03/30 14:19:32.931] - eth_blockNumber
[2020/03/30 14:19:45.793] - eth_blockNumber
[2020/03/30 14:19:52.942] - eth_blockNumber
[2020/03/30 14:20:05.804] - eth_blockNumber
[2020/03/30 14:20:12.951] - eth_blockNumber
[2020/03/30 14:20:25.815] - eth_blockNumber
[2020/03/30 14:20:32.960] - eth_blockNumber
[2020/03/30 14:20:45.825] - eth_blockNumber
[2020/03/30 14:20:52.970] - eth_blockNumber
[2020/03/30 14:21:05.834] - eth_blockNumber
[2020/03/30 14:21:12.980] - eth_blockNumber
[2020/03/30 14:21:25.844] - eth_blockNumber
[2020/03/30 14:21:32.990] - eth_blockNumber
[2020/03/30 14:21:45.854] - eth_blockNumber
[2020/03/30 14:21:53.002] - eth_blockNumber
[2020/03/30 14:22:05.865] - eth_blockNumber
[2020/03/30 14:22:13.014] - eth_blockNumber
[2020/03/30 14:22:25.875] - eth_blockNumber
[2020/03/30 14:22:33.026] - eth_blockNumber
[2020/03/30 14:22:45.884] - eth_blockNumber
[2020/03/30 14:22:53.036] - eth_blockNumber
[2020/03/30 14:23:05.895] - eth_blockNumber
[2020/03/30 14:23:13.049] - eth_blockNumber
[2020/03/30 14:23:25.904] - eth_blockNumber
[2020/03/30 14:23:33.061] - eth_blockNumber
[2020/03/30 14:23:45.915] - eth_blockNumber
[2020/03/30 14:23:53.072] - eth_blockNumber
[2020/03/30 14:24:05.925] - eth_blockNumber
[2020/03/30 14:24:13.083] - eth_blockNumber
[2020/03/30 14:24:25.937] - eth_blockNumber
[2020/03/30 14:24:33.094] - eth_blockNumber
[2020/03/30 14:24:45.946] - eth_blockNumber
[2020/03/30 14:24:53.104] - eth_blockNumber
[2020/03/30 14:25:05.955] - eth_blockNumber
[2020/03/30 14:25:13.118] - eth_blockNumber
[2020/03/30 14:25:25.964] - eth_blockNumber
[2020/03/30 14:25:33.129] - eth_blockNumber
[2020/03/30 14:25:45.974] - eth_blockNumber
[2020/03/30 14:25:53.141] - eth_blockNumber
[2020/03/30 14:26:05.984] - eth_blockNumber
[2020/03/30 14:26:13.151] - eth_blockNumber
[2020/03/30 14:26:25.995] - eth_blockNumber
[2020/03/30 14:26:33.162] - eth_blockNumber
[2020/03/30 14:26:46.005] - eth_blockNumber
[2020/03/30 14:26:53.177] - eth_blockNumber
[2020/03/30 14:27:06.015] - eth_blockNumber
[2020/03/30 14:27:13.188] - eth_blockNumber
[2020/03/30 14:27:26.024] - eth_blockNumber
[2020/03/30 14:27:33.200] - eth_blockNumber
[2020/03/30 14:27:46.036] - eth_blockNumber
[2020/03/30 14:27:53.210] - eth_blockNumber
[2020/03/30 14:28:06.048] - eth_blockNumber
[2020/03/30 14:28:13.220] - eth_blockNumber
[2020/03/30 14:28:26.062] - eth_blockNumber
[2020/03/30 14:28:33.231] - eth_blockNumber
[2020/03/30 14:28:46.075] - eth_blockNumber
[2020/03/30 14:28:53.242] - eth_blockNumber
[2020/03/30 14:29:06.089] - eth_blockNumber
[2020/03/30 14:29:13.252] - eth_blockNumber
[2020/03/30 14:29:26.097] - eth_blockNumber
[2020/03/30 14:29:33.263] - eth_blockNumber
[2020/03/30 14:29:46.109] - eth_blockNumber
[2020/03/30 14:29:53.274] - eth_blockNumber
[2020/03/30 14:30:06.118] - eth_blockNumber
[2020/03/30 14:30:13.284] - eth_blockNumber
[2020/03/30 14:30:26.127] - eth_blockNumber
[2020/03/30 14:30:33.296] - eth_blockNumber
[2020/03/30 14:30:46.139] - eth_blockNumber
[2020/03/30 14:30:53.307] - eth_blockNumber
[2020/03/30 14:31:06.151] - eth_blockNumber
[2020/03/30 14:31:13.317] - eth_blockNumber
[2020/03/30 14:31:26.163] - eth_blockNumber
[2020/03/30 14:31:33.326] - eth_blockNumber
[2020/03/30 14:31:46.174] - eth_blockNumber
[2020/03/30 14:31:53.334] - eth_blockNumber
[2020/03/30 14:32:06.190] - eth_blockNumber
[2020/03/30 14:32:13.345] - eth_blockNumber
[2020/03/30 14:32:26.198] - eth_blockNumber
[2020/03/30 14:32:33.355] - eth_blockNumber
[2020/03/30 14:32:46.210] - eth_blockNumber
[2020/03/30 14:32:53.365] - eth_blockNumber
[2020/03/30 14:33:06.221] - eth_blockNumber
[2020/03/30 14:33:13.376] - eth_blockNumber
[2020/03/30 14:33:26.232] - eth_blockNumber
[2020/03/30 14:33:33.387] - eth_blockNumber
[2020/03/30 14:33:46.243] - eth_blockNumber
[2020/03/30 14:33:53.396] - eth_blockNumber
[2020/03/30 14:34:06.254] - eth_blockNumber
[2020/03/30 14:34:13.405] - eth_blockNumber
[2020/03/30 14:34:26.265] - eth_blockNumber
[2020/03/30 14:34:33.416] - eth_blockNumber
[2020/03/30 14:34:46.273] - eth_blockNumber
[2020/03/30 14:34:53.427] - eth_blockNumber
[2020/03/30 14:35:06.282] - eth_blockNumber
[2020/03/30 14:35:13.437] - eth_blockNumber
[2020/03/30 14:35:26.293] - eth_blockNumber
[2020/03/30 14:35:33.451] - eth_blockNumber
[2020/03/30 14:35:46.305] - eth_blockNumber
[2020/03/30 14:35:53.461] - eth_blockNumber
[2020/03/30 14:36:06.315] - eth_blockNumber
[2020/03/30 14:36:13.472] - eth_blockNumber
[2020/03/30 14:36:26.325] - eth_blockNumber
[2020/03/30 14:36:33.482] - eth_blockNumber
[2020/03/30 14:36:46.337] - eth_blockNumber
[2020/03/30 14:36:53.495] - eth_blockNumber
[2020/03/30 14:37:06.347] - eth_blockNumber
[2020/03/30 14:37:13.541] - eth_blockNumber
[2020/03/30 14:37:26.358] - eth_blockNumber
[2020/03/30 14:37:33.554] - eth_blockNumber
[2020/03/30 14:37:46.370] - eth_blockNumber
[2020/03/30 14:37:53.565] - eth_blockNumber
[2020/03/30 14:38:06.384] - eth_blockNumber
[2020/03/30 14:38:13.578] - eth_blockNumber
[2020/03/30 14:38:26.396] - eth_blockNumber
[2020/03/30 14:38:33.588] - eth_blockNumber
[2020/03/30 14:38:46.404] - eth_blockNumber
[2020/03/30 14:38:53.599] - eth_blockNumber
[2020/03/30 14:39:06.415] - eth_blockNumber
[2020/03/30 14:39:13.613] - eth_blockNumber
[2020/03/30 14:39:26.425] - eth_blockNumber
[2020/03/30 14:39:33.635] - eth_blockNumber
[2020/03/30 14:39:46.438] - eth_blockNumber
[2020/03/30 14:39:53.652] - eth_blockNumber
[2020/03/30 14:40:06.452] - eth_blockNumber
[2020/03/30 14:40:13.664] - eth_blockNumber
[2020/03/30 14:40:26.465] - eth_blockNumber
[2020/03/30 14:40:33.681] - eth_blockNumber
[2020/03/30 14:40:46.476] - eth_blockNumber
[2020/03/30 14:40:53.698] - eth_blockNumber
[2020/03/30 14:41:06.495] - eth_blockNumber
[2020/03/30 14:41:13.716] - eth_blockNumber
[2020/03/30 14:41:26.515] - eth_blockNumber
[2020/03/30 14:41:33.737] - eth_blockNumber
[2020/03/30 14:41:46.528] - eth_blockNumber
[2020/03/30 14:41:53.747] - eth_blockNumber
[2020/03/30 14:42:06.541] - eth_blockNumber
[2020/03/30 14:42:13.757] - eth_blockNumber
[2020/03/30 14:42:26.553] - eth_blockNumber
[2020/03/30 14:42:33.773] - eth_blockNumber
[2020/03/30 14:42:46.565] - eth_blockNumber
[2020/03/30 14:42:53.785] - eth_blockNumber
[2020/03/30 14:43:06.578] - eth_blockNumber
[2020/03/30 14:43:13.800] - eth_blockNumber
[2020/03/30 14:43:26.596] - eth_blockNumber
[2020/03/30 14:43:33.813] - eth_blockNumber
[2020/03/30 14:43:46.613] - eth_blockNumber
[2020/03/30 14:43:53.828] - eth_blockNumber
[2020/03/30 14:44:06.621] - eth_blockNumber
[2020/03/30 14:44:13.838] - eth_blockNumber
[2020/03/30 14:44:26.633] - eth_blockNumber
[2020/03/30 14:44:33.850] - eth_blockNumber
[2020/03/30 14:44:46.644] - eth_blockNumber
[2020/03/30 14:44:53.863] - eth_blockNumber
[2020/03/30 14:45:06.659] - eth_blockNumber
[2020/03/30 14:45:13.884] - eth_blockNumber
[2020/03/30 14:45:26.670] - eth_blockNumber
[2020/03/30 14:45:33.899] - eth_blockNumber
[2020/03/30 14:45:46.681] - eth_blockNumber
[2020/03/30 14:45:53.923] - eth_blockNumber
[2020/03/30 14:46:06.691] - eth_blockNumber
[2020/03/30 14:46:13.946] - eth_blockNumber
[2020/03/30 14:46:26.701] - eth_blockNumber
[2020/03/30 14:46:33.956] - eth_blockNumber
[2020/03/30 14:46:46.717] - eth_blockNumber
[2020/03/30 14:46:54.017] - eth_blockNumber
[2020/03/30 14:47:06.730] - eth_blockNumber
[2020/03/30 14:47:14.030] - eth_blockNumber
[2020/03/30 14:47:26.741] - eth_blockNumber
[2020/03/30 14:47:34.052] - eth_blockNumber
[2020/03/30 14:47:46.753] - eth_blockNumber
[2020/03/30 14:47:54.066] - eth_blockNumber
[2020/03/30 14:48:06.766] - eth_blockNumber
[2020/03/30 14:48:14.080] - eth_blockNumber
[2020/03/30 14:48:26.779] - eth_blockNumber
[2020/03/30 14:48:34.094] - eth_blockNumber
[2020/03/30 14:48:46.795] - eth_blockNumber
[2020/03/30 14:48:54.109] - eth_blockNumber
[2020/03/30 14:49:06.810] - eth_blockNumber
[2020/03/30 14:49:14.130] - eth_blockNumber
[2020/03/30 14:49:26.824] - eth_blockNumber
[2020/03/30 14:49:34.144] - eth_blockNumber
[2020/03/30 14:49:46.838] - eth_blockNumber
[2020/03/30 14:49:54.160] - eth_blockNumber
[2020/03/30 14:50:06.852] - eth_blockNumber
[2020/03/30 14:50:14.173] - eth_blockNumber
[2020/03/30 14:50:26.866] - eth_blockNumber
[2020/03/30 14:50:34.183] - eth_blockNumber
[2020/03/30 14:50:46.879] - eth_blockNumber
[2020/03/30 14:50:54.195] - eth_blockNumber
[2020/03/30 14:51:06.890] - eth_blockNumber
[2020/03/30 14:51:14.207] - eth_blockNumber
[2020/03/30 14:51:26.903] - eth_blockNumber
[2020/03/30 14:51:34.222] - eth_blockNumber
[2020/03/30 14:51:46.919] - eth_blockNumber
[2020/03/30 14:51:54.238] - eth_blockNumber
[2020/03/30 14:52:06.934] - eth_blockNumber
[2020/03/30 14:52:14.254] - eth_blockNumber
[2020/03/30 14:52:26.948] - eth_blockNumber
[2020/03/30 14:52:34.265] - eth_blockNumber
[2020/03/30 14:52:46.963] - eth_blockNumber
[2020/03/30 14:52:54.279] - eth_blockNumber
[2020/03/30 14:53:06.979] - eth_blockNumber
[2020/03/30 14:53:14.292] - eth_blockNumber
[2020/03/30 14:53:26.993] - eth_blockNumber
[2020/03/30 14:53:34.308] - eth_blockNumber
[2020/03/30 14:53:47.006] - eth_blockNumber
[2020/03/30 14:53:54.322] - eth_blockNumber
[2020/03/30 14:54:07.020] - eth_blockNumber
[2020/03/30 14:54:14.335] - eth_blockNumber
[2020/03/30 14:54:27.033] - eth_blockNumber
[2020/03/30 14:54:34.348] - eth_blockNumber
[2020/03/30 14:54:47.049] - eth_blockNumber
[2020/03/30 14:54:54.364] - eth_blockNumber
[2020/03/30 14:55:07.065] - eth_blockNumber
[2020/03/30 14:55:14.379] - eth_blockNumber
[2020/03/30 14:55:27.079] - eth_blockNumber
[2020/03/30 14:55:34.391] - eth_blockNumber
[2020/03/30 14:55:47.092] - eth_blockNumber
[2020/03/30 14:55:54.399] - eth_blockNumber
[2020/03/30 14:56:07.107] - eth_blockNumber
[2020/03/30 14:56:14.412] - eth_blockNumber
[2020/03/30 14:56:27.120] - eth_blockNumber
[2020/03/30 14:56:34.426] - eth_blockNumber
[2020/03/30 14:56:47.135] - eth_blockNumber
[2020/03/30 14:56:54.444] - eth_blockNumber
[2020/03/30 14:57:07.147] - eth_blockNumber
[2020/03/30 14:57:14.458] - eth_blockNumber
[2020/03/30 14:57:27.156] - eth_blockNumber
[2020/03/30 14:57:34.470] - eth_blockNumber
[2020/03/30 14:57:47.166] - eth_blockNumber
[2020/03/30 14:57:54.481] - eth_blockNumber
[2020/03/30 14:58:07.179] - eth_blockNumber
[2020/03/30 14:58:14.492] - eth_blockNumber
[2020/03/30 14:58:27.192] - eth_blockNumber
[2020/03/30 14:58:34.507] - eth_blockNumber
[2020/03/30 14:58:47.208] - eth_blockNumber
[2020/03/30 14:58:54.519] - eth_blockNumber
[2020/03/30 14:59:07.222] - eth_blockNumber
[2020/03/30 14:59:14.529] - eth_blockNumber
[2020/03/30 14:59:27.235] - eth_blockNumber
[2020/03/30 14:59:34.546] - eth_blockNumber
[2020/03/30 14:59:47.249] - eth_blockNumber
[2020/03/30 14:59:54.560] - eth_blockNumber
[2020/03/30 15:00:07.264] - eth_blockNumber
[2020/03/30 15:00:14.571] - eth_blockNumber
[2020/03/30 15:00:27.278] - eth_blockNumber
[2020/03/30 15:00:34.583] - eth_blockNumber
[2020/03/30 15:00:47.295] - eth_blockNumber
[2020/03/30 15:00:54.592] - eth_blockNumber
[2020/03/30 15:01:07.311] - eth_blockNumber
[2020/03/30 15:01:14.602] - eth_blockNumber
[2020/03/30 15:01:27.328] - eth_blockNumber
[2020/03/30 15:01:34.620] - eth_blockNumber
[2020/03/30 15:01:47.344] - eth_blockNumber
[2020/03/30 15:01:54.630] - eth_blockNumber
[2020/03/30 15:02:07.359] - eth_blockNumber
[2020/03/30 15:02:14.648] - eth_blockNumber
[2020/03/30 15:02:27.375] - eth_blockNumber
[2020/03/30 15:02:34.660] - eth_blockNumber
[2020/03/30 15:02:47.394] - eth_blockNumber
[2020/03/30 15:02:54.669] - eth_blockNumber
[2020/03/30 15:03:07.409] - eth_blockNumber
[2020/03/30 15:03:14.696] - eth_blockNumber
[2020/03/30 15:03:27.423] - eth_blockNumber
[2020/03/30 15:03:34.707] - eth_blockNumber
[2020/03/30 15:03:47.437] - eth_blockNumber
[2020/03/30 15:03:54.716] - eth_blockNumber
[2020/03/30 15:04:07.449] - eth_blockNumber
[2020/03/30 15:04:14.729] - eth_blockNumber
[2020/03/30 15:04:27.463] - eth_blockNumber
[2020/03/30 15:04:34.740] - eth_blockNumber
[2020/03/30 15:04:47.484] - eth_blockNumber
[2020/03/30 15:04:54.750] - eth_blockNumber
[2020/03/30 15:05:07.498] - eth_blockNumber
[2020/03/30 15:05:14.762] - eth_blockNumber
[2020/03/30 15:05:27.511] - eth_blockNumber
[2020/03/30 15:05:34.773] - eth_blockNumber
[2020/03/30 15:05:47.525] - eth_blockNumber
[2020/03/30 15:05:54.786] - eth_blockNumber
[2020/03/30 15:06:07.538] - eth_blockNumber
[2020/03/30 15:06:14.799] - eth_blockNumber
[2020/03/30 15:06:27.553] - eth_blockNumber
[2020/03/30 15:06:34.814] - eth_blockNumber
[2020/03/30 15:06:47.570] - eth_blockNumber
[2020/03/30 15:06:54.831] - eth_blockNumber
[2020/03/30 15:07:07.585] - eth_blockNumber
[2020/03/30 15:07:14.845] - eth_blockNumber
[2020/03/30 15:07:27.599] - eth_blockNumber
[2020/03/30 15:07:34.858] - eth_blockNumber
[2020/03/30 15:07:47.614] - eth_blockNumber
[2020/03/30 15:07:54.873] - eth_blockNumber
[2020/03/30 15:08:07.627] - eth_blockNumber
[2020/03/30 15:08:14.883] - eth_blockNumber
[2020/03/30 15:08:27.640] - eth_blockNumber
[2020/03/30 15:08:34.895] - eth_blockNumber
[2020/03/30 15:08:47.658] - eth_blockNumber
[2020/03/30 15:08:54.906] - eth_blockNumber
[2020/03/30 15:09:07.670] - eth_blockNumber
[2020/03/30 15:09:14.916] - eth_blockNumber
[2020/03/30 15:09:27.680] - eth_blockNumber
[2020/03/30 15:09:34.927] - eth_blockNumber
[2020/03/30 15:09:47.695] - eth_blockNumber
[2020/03/30 15:09:54.941] - eth_blockNumber
[2020/03/30 15:10:07.710] - eth_blockNumber
[2020/03/30 15:10:14.957] - eth_blockNumber
[2020/03/30 15:10:27.724] - eth_blockNumber
[2020/03/30 15:10:34.973] - eth_blockNumber
[2020/03/30 15:10:47.738] - eth_blockNumber
[2020/03/30 15:10:54.985] - eth_blockNumber
[2020/03/30 15:11:07.749] - eth_blockNumber
[2020/03/30 15:11:14.996] - eth_blockNumber
[2020/03/30 15:11:27.760] - eth_blockNumber
[2020/03/30 15:11:35.002] - eth_blockNumber
[2020/03/30 15:11:47.773] - eth_blockNumber
[2020/03/30 15:11:55.009] - eth_blockNumber
[2020/03/30 15:12:07.786] - eth_blockNumber
[2020/03/30 15:12:15.019] - eth_blockNumber
[2020/03/30 15:12:27.801] - eth_blockNumber
[2020/03/30 15:12:35.032] - eth_blockNumber
[2020/03/30 15:12:47.814] - eth_blockNumber
[2020/03/30 15:12:55.048] - eth_blockNumber
[2020/03/30 15:13:07.830] - eth_blockNumber
[2020/03/30 15:13:15.065] - eth_blockNumber
[2020/03/30 15:13:27.842] - eth_blockNumber
[2020/03/30 15:13:35.078] - eth_blockNumber
[2020/03/30 15:13:47.857] - eth_blockNumber
[2020/03/30 15:13:55.093] - eth_blockNumber
[2020/03/30 15:14:07.870] - eth_blockNumber
[2020/03/30 15:14:15.108] - eth_blockNumber
[2020/03/30 15:14:27.885] - eth_blockNumber
[2020/03/30 15:14:35.121] - eth_blockNumber
[2020/03/30 15:14:47.901] - eth_blockNumber
[2020/03/30 15:14:55.136] - eth_blockNumber
[2020/03/30 15:15:07.916] - eth_blockNumber
[2020/03/30 15:15:15.148] - eth_blockNumber
[2020/03/30 15:15:27.932] - eth_blockNumber
[2020/03/30 15:15:35.161] - eth_blockNumber
[2020/03/30 15:15:47.948] - eth_blockNumber
[2020/03/30 15:15:55.173] - eth_blockNumber
[2020/03/30 15:16:07.965] - eth_blockNumber
[2020/03/30 15:16:15.188] - eth_blockNumber
[2020/03/30 15:16:27.975] - eth_blockNumber
[2020/03/30 15:16:35.202] - eth_blockNumber
[2020/03/30 15:16:47.982] - eth_blockNumber
[2020/03/30 15:16:55.221] - eth_blockNumber
[2020/03/30 15:17:07.993] - eth_blockNumber
[2020/03/30 15:17:15.235] - eth_blockNumber
[2020/03/30 15:17:27.999] - eth_blockNumber
[2020/03/30 15:17:35.245] - eth_blockNumber
[2020/03/30 15:17:48.009] - eth_blockNumber
[2020/03/30 15:17:55.256] - eth_blockNumber
[2020/03/30 15:18:08.017] - eth_blockNumber
[2020/03/30 15:18:15.269] - eth_blockNumber
[2020/03/30 15:18:28.028] - eth_blockNumber
[2020/03/30 15:18:35.282] - eth_blockNumber
[2020/03/30 15:18:48.039] - eth_blockNumber
[2020/03/30 15:18:55.294] - eth_blockNumber
[2020/03/30 15:19:08.054] - eth_blockNumber
[2020/03/30 15:19:15.305] - eth_blockNumber
[2020/03/30 15:19:28.068] - eth_blockNumber
[2020/03/30 15:19:35.317] - eth_blockNumber
[2020/03/30 15:19:48.078] - eth_blockNumber
[2020/03/30 15:19:55.332] - eth_blockNumber
[2020/03/30 15:20:08.094] - eth_blockNumber
[2020/03/30 15:20:15.345] - eth_blockNumber
[2020/03/30 15:20:28.109] - eth_blockNumber
[2020/03/30 15:20:35.358] - eth_blockNumber
[2020/03/30 15:20:48.118] - eth_blockNumber
[2020/03/30 15:20:55.370] - eth_blockNumber
[2020/03/30 15:21:08.130] - eth_blockNumber
[2020/03/30 15:21:15.383] - eth_blockNumber
[2020/03/30 15:21:28.148] - eth_blockNumber
[2020/03/30 15:21:35.400] - eth_blockNumber
[2020/03/30 15:21:48.158] - eth_blockNumber
[2020/03/30 15:21:55.413] - eth_blockNumber
[2020/03/30 15:22:08.168] - eth_blockNumber
[2020/03/30 15:22:15.421] - eth_blockNumber
[2020/03/30 15:22:28.180] - eth_blockNumber
[2020/03/30 15:22:35.432] - eth_blockNumber
[2020/03/30 15:22:48.192] - eth_blockNumber
[2020/03/30 15:22:55.446] - eth_blockNumber
[2020/03/30 15:23:08.202] - eth_blockNumber
[2020/03/30 15:23:15.460] - eth_blockNumber
[2020/03/30 15:23:28.209] - eth_blockNumber
[2020/03/30 15:23:35.475] - eth_blockNumber
[2020/03/30 15:23:48.224] - eth_blockNumber
[2020/03/30 15:23:55.487] - eth_blockNumber
[2020/03/30 15:24:08.233] - eth_blockNumber
[2020/03/30 15:24:15.496] - eth_blockNumber
[2020/03/30 15:24:28.245] - eth_blockNumber
[2020/03/30 15:24:35.511] - eth_blockNumber
[2020/03/30 15:24:48.255] - eth_blockNumber
[2020/03/30 15:24:55.519] - eth_blockNumber
[2020/03/30 15:25:08.265] - eth_blockNumber
[2020/03/30 15:25:15.531] - eth_blockNumber
[2020/03/30 15:25:28.277] - eth_blockNumber
[2020/03/30 15:25:35.545] - eth_blockNumber
[2020/03/30 15:25:48.287] - eth_blockNumber
[2020/03/30 15:25:55.559] - eth_blockNumber
[2020/03/30 15:26:08.295] - eth_blockNumber
[2020/03/30 15:26:15.572] - eth_blockNumber
[2020/03/30 15:26:28.306] - eth_blockNumber
[2020/03/30 15:26:35.588] - eth_blockNumber
[2020/03/30 15:26:48.314] - eth_blockNumber
[2020/03/30 15:26:55.600] - eth_blockNumber
[2020/03/30 15:27:08.326] - eth_blockNumber
[2020/03/30 15:27:15.616] - eth_blockNumber
[2020/03/30 15:27:28.333] - eth_blockNumber
[2020/03/30 15:27:35.635] - eth_blockNumber
[2020/03/30 15:27:48.350] - eth_blockNumber
[2020/03/30 15:27:55.650] - eth_blockNumber
[2020/03/30 15:28:08.362] - eth_blockNumber
[2020/03/30 15:28:15.662] - eth_blockNumber
[2020/03/30 15:28:28.372] - eth_blockNumber
[2020/03/30 15:28:35.671] - eth_blockNumber
[2020/03/30 15:28:48.379] - eth_blockNumber
[2020/03/30 15:28:55.680] - eth_blockNumber
[2020/03/30 15:29:08.387] - eth_blockNumber
[2020/03/30 15:29:15.690] - eth_blockNumber
[2020/03/30 15:29:28.396] - eth_blockNumber
[2020/03/30 15:29:35.703] - eth_blockNumber
[2020/03/30 15:29:48.410] - eth_blockNumber
[2020/03/30 15:29:55.722] - eth_blockNumber
[2020/03/30 15:30:08.419] - eth_blockNumber
[2020/03/30 15:30:15.736] - eth_blockNumber
[2020/03/30 15:30:28.428] - eth_blockNumber
[2020/03/30 15:30:35.746] - eth_blockNumber
[2020/03/30 15:30:48.435] - eth_blockNumber
[2020/03/30 15:30:55.754] - eth_blockNumber
[2020/03/30 15:31:08.451] - eth_blockNumber
[2020/03/30 15:31:15.766] - eth_blockNumber
[2020/03/30 15:31:28.481] - eth_blockNumber
[2020/03/30 15:31:35.779] - eth_blockNumber
[2020/03/30 15:31:48.494] - eth_blockNumber
[2020/03/30 15:31:55.791] - eth_blockNumber
[2020/03/30 15:32:08.504] - eth_blockNumber
[2020/03/30 15:32:15.801] - eth_blockNumber
[2020/03/30 15:32:28.515] - eth_blockNumber
[2020/03/30 15:32:35.818] - eth_blockNumber
[2020/03/30 15:32:48.522] - eth_blockNumber
[2020/03/30 15:32:55.832] - eth_blockNumber
[2020/03/30 15:33:08.529] - eth_blockNumber
[2020/03/30 15:33:15.845] - eth_blockNumber
[2020/03/30 15:33:28.539] - eth_blockNumber
[2020/03/30 15:33:35.855] - eth_blockNumber
[2020/03/30 15:33:48.550] - eth_blockNumber
[2020/03/30 15:33:55.864] - eth_blockNumber
[2020/03/30 15:34:08.561] - eth_blockNumber
[2020/03/30 15:34:15.874] - eth_blockNumber
[2020/03/30 15:34:28.569] - eth_blockNumber
[2020/03/30 15:34:35.887] - eth_blockNumber
[2020/03/30 15:34:48.576] - eth_blockNumber
[2020/03/30 15:34:55.900] - eth_blockNumber
[2020/03/30 15:35:08.583] - eth_blockNumber
[2020/03/30 15:35:15.915] - eth_blockNumber
[2020/03/30 15:35:28.600] - eth_blockNumber
[2020/03/30 15:35:35.925] - eth_blockNumber
[2020/03/30 15:35:48.610] - eth_blockNumber
[2020/03/30 15:35:55.935] - eth_blockNumber
[2020/03/30 15:36:08.622] - eth_blockNumber
[2020/03/30 15:36:15.947] - eth_blockNumber
[2020/03/30 15:36:28.629] - eth_blockNumber
[2020/03/30 15:36:35.960] - eth_blockNumber
[2020/03/30 15:36:48.643] - eth_blockNumber
[2020/03/30 15:36:55.980] - eth_blockNumber
[2020/03/30 15:37:08.652] - eth_blockNumber
[2020/03/30 15:37:15.989] - eth_blockNumber
[2020/03/30 15:37:28.661] - eth_blockNumber
[2020/03/30 15:37:35.998] - eth_blockNumber
[2020/03/30 15:37:48.672] - eth_blockNumber
[2020/03/30 15:37:56.010] - eth_blockNumber
[2020/03/30 15:38:08.684] - eth_blockNumber
[2020/03/30 15:38:16.024] - eth_blockNumber
[2020/03/30 15:38:28.696] - eth_blockNumber
[2020/03/30 15:38:36.038] - eth_blockNumber
[2020/03/30 15:38:48.709] - eth_blockNumber
[2020/03/30 15:38:56.049] - eth_blockNumber
[2020/03/30 15:39:08.727] - eth_blockNumber
[2020/03/30 15:39:16.061] - eth_blockNumber
[2020/03/30 15:39:28.738] - eth_blockNumber
[2020/03/30 15:39:36.074] - eth_blockNumber
[2020/03/30 15:39:48.752] - eth_blockNumber
[2020/03/30 15:39:56.085] - eth_blockNumber
[2020/03/30 15:40:08.768] - eth_blockNumber
[2020/03/30 15:40:16.100] - eth_blockNumber
[2020/03/30 15:40:28.779] - eth_blockNumber
[2020/03/30 15:40:36.116] - eth_blockNumber
[2020/03/30 15:40:48.791] - eth_blockNumber
[2020/03/30 15:40:56.129] - eth_blockNumber
[2020/03/30 15:41:08.803] - eth_blockNumber
[2020/03/30 15:41:16.137] - eth_blockNumber
[2020/03/30 15:41:28.818] - eth_blockNumber
[2020/03/30 15:41:36.149] - eth_blockNumber
[2020/03/30 15:41:48.829] - eth_blockNumber
[2020/03/30 15:41:56.166] - eth_blockNumber
[2020/03/30 15:42:08.840] - eth_blockNumber
[2020/03/30 15:42:16.179] - eth_blockNumber
[2020/03/30 15:42:28.849] - eth_blockNumber
[2020/03/30 15:42:36.191] - eth_blockNumber
[2020/03/30 15:42:48.858] - eth_blockNumber
[2020/03/30 15:42:56.204] - eth_blockNumber
[2020/03/30 15:43:08.873] - eth_blockNumber
[2020/03/30 15:43:16.221] - eth_blockNumber
[2020/03/30 15:43:28.889] - eth_blockNumber
[2020/03/30 15:43:36.233] - eth_blockNumber
[2020/03/30 15:43:48.902] - eth_blockNumber
[2020/03/30 15:43:56.244] - eth_blockNumber
[2020/03/30 15:44:08.915] - eth_blockNumber
[2020/03/30 15:44:16.259] - eth_blockNumber
[2020/03/30 15:44:28.924] - eth_blockNumber
[2020/03/30 15:44:36.269] - eth_blockNumber
[2020/03/30 15:44:48.931] - eth_blockNumber
[2020/03/30 15:44:56.276] - eth_blockNumber
[2020/03/30 15:45:08.942] - eth_blockNumber
[2020/03/30 15:45:16.291] - eth_blockNumber
[2020/03/30 15:45:28.952] - eth_blockNumber
[2020/03/30 15:45:36.300] - eth_blockNumber
[2020/03/30 15:45:48.969] - eth_blockNumber
[2020/03/30 15:45:56.308] - eth_blockNumber
[2020/03/30 15:46:08.979] - eth_blockNumber
[2020/03/30 15:46:16.321] - eth_blockNumber
[2020/03/30 15:46:28.991] - eth_blockNumber
[2020/03/30 15:46:36.332] - eth_blockNumber
[2020/03/30 15:46:49.003] - eth_blockNumber
[2020/03/30 15:46:56.340] - eth_blockNumber
[2020/03/30 15:47:09.010] - eth_blockNumber
[2020/03/30 15:47:16.352] - eth_blockNumber
[2020/03/30 15:47:29.017] - eth_blockNumber
[2020/03/30 15:47:36.373] - eth_blockNumber
[2020/03/30 15:47:49.027] - eth_blockNumber
[2020/03/30 15:47:56.385] - eth_blockNumber
[2020/03/30 15:48:09.040] - eth_blockNumber
[2020/03/30 15:48:16.391] - eth_blockNumber
[2020/03/30 15:48:29.046] - eth_blockNumber
[2020/03/30 15:48:36.403] - eth_blockNumber
[2020/03/30 15:48:49.054] - eth_blockNumber
[2020/03/30 15:48:56.411] - eth_blockNumber
[2020/03/30 15:49:09.063] - eth_blockNumber
[2020/03/30 15:49:16.423] - eth_blockNumber
[2020/03/30 15:49:29.076] - eth_blockNumber
[2020/03/30 15:49:36.437] - eth_blockNumber
[2020/03/30 15:49:49.090] - eth_blockNumber
[2020/03/30 15:49:56.447] - eth_blockNumber
[2020/03/30 15:50:09.101] - eth_blockNumber
[2020/03/30 15:50:16.457] - eth_blockNumber
[2020/03/30 15:50:29.111] - eth_blockNumber
[2020/03/30 15:50:36.465] - eth_blockNumber
[2020/03/30 15:50:49.120] - eth_blockNumber
[2020/03/30 15:50:56.475] - eth_blockNumber
[2020/03/30 15:51:09.129] - eth_blockNumber
[2020/03/30 15:51:16.492] - eth_blockNumber
[2020/03/30 15:51:29.138] - eth_blockNumber
[2020/03/30 15:51:36.500] - eth_blockNumber
[2020/03/30 15:51:49.149] - eth_blockNumber
[2020/03/30 15:51:56.555] - eth_blockNumber
[2020/03/30 15:52:09.163] - eth_blockNumber
[2020/03/30 15:52:16.563] - eth_blockNumber
[2020/03/30 15:52:29.171] - eth_blockNumber
[2020/03/30 15:52:36.578] - eth_blockNumber
[2020/03/30 15:52:49.177] - eth_blockNumber
[2020/03/30 15:52:56.591] - eth_blockNumber
[2020/03/30 15:53:09.187] - eth_blockNumber
[2020/03/30 15:53:16.601] - eth_blockNumber
[2020/03/30 15:53:29.201] - eth_blockNumber
[2020/03/30 15:53:36.611] - eth_blockNumber
[2020/03/30 15:53:49.211] - eth_blockNumber
[2020/03/30 15:53:56.625] - eth_blockNumber
[2020/03/30 15:54:09.222] - eth_blockNumber
[2020/03/30 15:54:16.634] - eth_blockNumber
[2020/03/30 15:54:29.231] - eth_blockNumber
[2020/03/30 15:54:36.645] - eth_blockNumber
[2020/03/30 15:54:49.251] - eth_blockNumber
[2020/03/30 15:54:56.659] - eth_blockNumber
[2020/03/30 15:55:09.263] - eth_blockNumber
[2020/03/30 15:55:16.668] - eth_blockNumber
[2020/03/30 15:55:29.276] - eth_blockNumber
[2020/03/30 15:55:36.679] - eth_blockNumber
[2020/03/30 15:55:49.290] - eth_blockNumber
[2020/03/30 15:55:56.692] - eth_blockNumber
[2020/03/30 15:56:09.308] - eth_blockNumber
[2020/03/30 15:56:16.704] - eth_blockNumber
[2020/03/30 15:56:29.321] - eth_blockNumber
[2020/03/30 15:56:36.719] - eth_blockNumber
[2020/03/30 15:56:49.334] - eth_blockNumber
[2020/03/30 15:56:56.733] - eth_blockNumber
[2020/03/30 15:57:09.343] - eth_blockNumber
[2020/03/30 15:57:16.742] - eth_blockNumber
[2020/03/30 15:57:29.352] - eth_blockNumber
[2020/03/30 15:57:36.752] - eth_blockNumber
[2020/03/30 15:57:49.363] - eth_blockNumber
[2020/03/30 15:57:56.762] - eth_blockNumber
[2020/03/30 15:58:09.375] - eth_blockNumber
[2020/03/30 15:58:16.775] - eth_blockNumber
[2020/03/30 15:58:29.390] - eth_blockNumber
[2020/03/30 15:58:36.782] - eth_blockNumber
[2020/03/30 15:58:49.401] - eth_blockNumber
[2020/03/30 15:58:56.792] - eth_blockNumber
[2020/03/30 15:59:09.414] - eth_blockNumber
[2020/03/30 15:59:16.804] - eth_blockNumber
[2020/03/30 15:59:29.428] - eth_blockNumber
[2020/03/30 15:59:36.817] - eth_blockNumber
[2020/03/30 15:59:49.440] - eth_blockNumber
[2020/03/30 15:59:56.829] - eth_blockNumber
[2020/03/30 16:00:09.452] - eth_blockNumber
[2020/03/30 16:00:16.839] - eth_blockNumber
[2020/03/30 16:00:29.466] - eth_blockNumber
[2020/03/30 16:00:36.847] - eth_blockNumber
[2020/03/30 16:00:49.480] - eth_blockNumber
[2020/03/30 16:00:56.857] - eth_blockNumber
[2020/03/30 16:01:09.494] - eth_blockNumber
[2020/03/30 16:01:16.867] - eth_blockNumber
[2020/03/30 16:01:29.508] - eth_blockNumber
[2020/03/30 16:01:36.878] - eth_blockNumber
[2020/03/30 16:01:49.522] - eth_blockNumber
[2020/03/30 16:01:56.891] - eth_blockNumber
[2020/03/30 16:02:09.534] - eth_blockNumber
[2020/03/30 16:02:16.901] - eth_blockNumber
[2020/03/30 16:02:29.544] - eth_blockNumber
[2020/03/30 16:02:36.910] - eth_blockNumber
[2020/03/30 16:02:49.554] - eth_blockNumber
[2020/03/30 16:02:56.920] - eth_blockNumber
[2020/03/30 16:03:09.565] - eth_blockNumber
[2020/03/30 16:03:16.927] - eth_blockNumber
[2020/03/30 16:03:29.578] - eth_blockNumber
[2020/03/30 16:03:36.936] - eth_blockNumber
[2020/03/30 16:03:49.592] - eth_blockNumber
[2020/03/30 16:03:56.949] - eth_blockNumber
[2020/03/30 16:04:09.602] - eth_blockNumber
[2020/03/30 16:04:16.961] - eth_blockNumber
[2020/03/30 16:04:29.614] - eth_blockNumber
[2020/03/30 16:04:36.979] - eth_blockNumber
[2020/03/30 16:04:49.627] - eth_blockNumber
[2020/03/30 16:04:56.994] - eth_blockNumber
[2020/03/30 16:05:09.638] - eth_blockNumber
[2020/03/30 16:05:17.005] - eth_blockNumber
[2020/03/30 16:05:29.649] - eth_blockNumber
[2020/03/30 16:05:37.011] - eth_blockNumber
[2020/03/30 16:05:49.663] - eth_blockNumber
[2020/03/30 16:05:57.019] - eth_blockNumber
[2020/03/30 16:06:09.678] - eth_blockNumber
[2020/03/30 16:06:17.026] - eth_blockNumber
[2020/03/30 16:06:29.691] - eth_blockNumber
[2020/03/30 16:06:37.040] - eth_blockNumber
[2020/03/30 16:06:49.706] - eth_blockNumber
[2020/03/30 16:06:57.056] - eth_blockNumber
[2020/03/30 16:07:09.720] - eth_blockNumber
[2020/03/30 16:07:17.067] - eth_blockNumber
[2020/03/30 16:07:29.730] - eth_blockNumber
[2020/03/30 16:07:37.077] - eth_blockNumber
[2020/03/30 16:07:49.745] - eth_blockNumber
[2020/03/30 16:07:57.092] - eth_blockNumber
[2020/03/30 16:08:09.757] - eth_blockNumber
[2020/03/30 16:08:17.103] - eth_blockNumber
[2020/03/30 16:08:29.766] - eth_blockNumber
[2020/03/30 16:08:37.112] - eth_blockNumber
[2020/03/30 16:08:49.774] - eth_blockNumber
[2020/03/30 16:08:57.125] - eth_blockNumber
[2020/03/30 16:09:09.789] - eth_blockNumber
[2020/03/30 16:09:17.133] - eth_blockNumber
[2020/03/30 16:09:29.800] - eth_blockNumber
[2020/03/30 16:09:37.140] - eth_blockNumber
[2020/03/30 16:09:49.817] - eth_blockNumber
[2020/03/30 16:09:57.149] - eth_blockNumber
[2020/03/30 16:10:09.829] - eth_blockNumber
[2020/03/30 16:10:17.158] - eth_blockNumber
[2020/03/30 16:10:29.845] - eth_blockNumber
[2020/03/30 16:10:37.173] - eth_blockNumber
[2020/03/30 16:10:49.857] - eth_blockNumber
[2020/03/30 16:10:57.179] - eth_blockNumber
[2020/03/30 16:11:09.868] - eth_blockNumber
[2020/03/30 16:11:17.190] - eth_blockNumber
[2020/03/30 16:11:29.882] - eth_blockNumber
[2020/03/30 16:11:37.199] - eth_blockNumber
[2020/03/30 16:11:49.902] - eth_blockNumber
[2020/03/30 16:11:57.210] - eth_blockNumber
[2020/03/30 16:12:09.923] - eth_blockNumber
[2020/03/30 16:12:17.222] - eth_blockNumber
[2020/03/30 16:12:29.939] - eth_blockNumber
[2020/03/30 16:12:37.229] - eth_blockNumber
[2020/03/30 16:12:49.954] - eth_blockNumber
[2020/03/30 16:12:57.241] - eth_blockNumber
[2020/03/30 16:13:09.968] - eth_blockNumber
[2020/03/30 16:13:17.248] - eth_blockNumber
[2020/03/30 16:13:29.985] - eth_blockNumber
[2020/03/30 16:13:37.259] - eth_blockNumber
[2020/03/30 16:13:50.002] - eth_blockNumber
[2020/03/30 16:13:57.271] - eth_blockNumber
[2020/03/30 16:14:10.010] - eth_blockNumber
[2020/03/30 16:14:17.278] - eth_blockNumber
[2020/03/30 16:14:30.021] - eth_blockNumber
[2020/03/30 16:14:37.289] - eth_blockNumber
[2020/03/30 16:14:50.041] - eth_blockNumber
[2020/03/30 16:14:57.295] - eth_blockNumber
[2020/03/30 16:15:10.053] - eth_blockNumber
[2020/03/30 16:15:17.307] - eth_blockNumber
[2020/03/30 16:15:30.066] - eth_blockNumber
[2020/03/30 16:15:37.314] - eth_blockNumber
[2020/03/30 16:15:50.080] - eth_blockNumber
[2020/03/30 16:15:57.324] - eth_blockNumber
[2020/03/30 16:16:10.095] - eth_blockNumber
[2020/03/30 16:16:17.336] - eth_blockNumber
[2020/03/30 16:16:30.110] - eth_blockNumber
[2020/03/30 16:16:37.343] - eth_blockNumber
[2020/03/30 16:16:50.127] - eth_blockNumber
[2020/03/30 16:16:57.355] - eth_blockNumber
[2020/03/30 16:17:10.137] - eth_blockNumber
[2020/03/30 16:17:17.371] - eth_blockNumber
[2020/03/30 16:17:30.144] - eth_blockNumber
[2020/03/30 16:17:37.382] - eth_blockNumber
[2020/03/30 16:17:50.159] - eth_blockNumber
[2020/03/30 16:17:57.395] - eth_blockNumber
[2020/03/30 16:18:10.174] - eth_blockNumber
[2020/03/30 16:18:17.407] - eth_blockNumber
[2020/03/30 16:18:30.185] - eth_blockNumber
[2020/03/30 16:18:37.415] - eth_blockNumber
[2020/03/30 16:18:50.203] - eth_blockNumber
[2020/03/30 16:18:57.423] - eth_blockNumber
[2020/03/30 16:19:10.220] - eth_blockNumber
[2020/03/30 16:19:17.430] - eth_blockNumber
[2020/03/30 16:19:30.235] - eth_blockNumber
[2020/03/30 16:19:37.440] - eth_blockNumber
[2020/03/30 16:19:50.247] - eth_blockNumber
[2020/03/30 16:19:57.453] - eth_blockNumber
[2020/03/30 16:20:10.259] - eth_blockNumber
[2020/03/30 16:20:17.463] - eth_blockNumber
[2020/03/30 16:20:30.271] - eth_blockNumber
[2020/03/30 16:20:37.478] - eth_blockNumber
[2020/03/30 16:20:50.283] - eth_blockNumber
[2020/03/30 16:20:57.490] - eth_blockNumber
[2020/03/30 16:21:10.293] - eth_blockNumber
[2020/03/30 16:21:17.501] - eth_blockNumber
[2020/03/30 16:21:30.304] - eth_blockNumber
[2020/03/30 16:21:37.512] - eth_blockNumber
[2020/03/30 16:21:50.313] - eth_blockNumber
[2020/03/30 16:21:57.524] - eth_blockNumber
[2020/03/30 16:22:10.323] - eth_blockNumber
[2020/03/30 16:22:17.534] - eth_blockNumber
[2020/03/30 16:22:30.334] - eth_blockNumber
[2020/03/30 16:22:37.547] - eth_blockNumber
[2020/03/30 16:22:50.345] - eth_blockNumber
[2020/03/30 16:22:57.559] - eth_blockNumber
[2020/03/30 16:23:10.356] - eth_blockNumber
[2020/03/30 16:23:17.573] - eth_blockNumber
[2020/03/30 16:23:30.366] - eth_blockNumber
[2020/03/30 16:23:37.585] - eth_blockNumber
[2020/03/30 16:23:50.378] - eth_blockNumber
[2020/03/30 16:23:57.602] - eth_blockNumber
[2020/03/30 16:24:10.388] - eth_blockNumber
[2020/03/30 16:24:17.615] - eth_blockNumber
[2020/03/30 16:24:30.399] - eth_blockNumber
[2020/03/30 16:24:37.626] - eth_blockNumber
[2020/03/30 16:24:50.409] - eth_blockNumber
[2020/03/30 16:24:57.636] - eth_blockNumber
[2020/03/30 16:25:10.421] - eth_blockNumber
[2020/03/30 16:25:17.652] - eth_blockNumber
[2020/03/30 16:25:30.442] - eth_blockNumber
[2020/03/30 16:25:37.668] - eth_blockNumber
[2020/03/30 16:25:50.460] - eth_blockNumber
[2020/03/30 16:25:57.700] - eth_blockNumber
[2020/03/30 16:26:10.471] - eth_blockNumber
[2020/03/30 16:26:17.726] - eth_blockNumber
[2020/03/30 16:26:30.480] - eth_blockNumber
[2020/03/30 16:26:37.762] - eth_blockNumber
[2020/03/30 16:26:50.487] - eth_blockNumber
[2020/03/30 16:26:57.790] - eth_blockNumber
[2020/03/30 16:27:01.075] - net_version
[2020/03/30 16:27:10.495] - eth_blockNumber
[2020/03/30 16:27:17.813] - eth_blockNumber
[2020/03/30 16:27:30.502] - eth_blockNumber
[2020/03/30 16:27:37.826] - eth_blockNumber
[2020/03/30 16:27:50.513] - eth_blockNumber
[2020/03/30 16:27:57.844] - eth_blockNumber
[2020/03/30 16:28:10.524] - eth_blockNumber
[2020/03/30 16:28:17.857] - eth_blockNumber
[2020/03/30 16:28:30.535] - eth_blockNumber
[2020/03/30 16:28:37.869] - eth_blockNumber
[2020/03/30 16:28:50.545] - eth_blockNumber
[2020/03/30 16:28:57.882] - eth_blockNumber
[2020/03/30 16:29:05.255] - net_version
[2020/03/30 16:29:10.559] - eth_blockNumber
[2020/03/30 16:29:17.895] - eth_blockNumber
[2020/03/30 16:29:30.568] - eth_blockNumber
[2020/03/30 16:29:37.907] - eth_blockNumber
[2020/03/30 16:29:50.576] - eth_blockNumber
[2020/03/30 16:29:57.921] - eth_blockNumber
[2020/03/30 16:30:10.587] - eth_blockNumber
[2020/03/30 16:30:17.934] - eth_blockNumber
[2020/03/30 16:30:30.594] - eth_blockNumber
[2020/03/30 16:30:37.944] - eth_blockNumber
[2020/03/30 16:30:50.606] - eth_blockNumber
[2020/03/30 16:30:57.953] - eth_blockNumber
[2020/03/30 16:31:10.625] - eth_blockNumber
[2020/03/30 16:31:17.963] - eth_blockNumber
[2020/03/30 16:31:30.642] - eth_blockNumber
[2020/03/30 16:31:37.971] - eth_blockNumber
[2020/03/30 16:31:50.653] - eth_blockNumber
[2020/03/30 16:31:57.986] - eth_blockNumber
[2020/03/30 16:32:10.661] - eth_blockNumber
[2020/03/30 16:32:18.000] - eth_blockNumber
[2020/03/30 16:32:30.666] - eth_blockNumber
[2020/03/30 16:32:38.012] - eth_blockNumber
[2020/03/30 16:32:50.675] - eth_blockNumber
[2020/03/30 16:32:58.023] - eth_blockNumber
[2020/03/30 16:33:10.687] - eth_blockNumber
[2020/03/30 16:33:18.034] - eth_blockNumber
[2020/03/30 16:33:30.696] - eth_blockNumber
[2020/03/30 16:33:38.042] - eth_blockNumber
[2020/03/30 16:33:50.705] - eth_blockNumber
[2020/03/30 16:33:58.051] - eth_blockNumber
[2020/03/30 16:34:10.717] - eth_blockNumber
[2020/03/30 16:34:18.061] - eth_blockNumber
[2020/03/30 16:34:30.728] - eth_blockNumber
[2020/03/30 16:34:38.075] - eth_blockNumber
[2020/03/30 16:34:50.743] - eth_blockNumber
[2020/03/30 16:34:58.086] - eth_blockNumber
[2020/03/30 16:35:10.755] - eth_blockNumber
[2020/03/30 16:35:18.099] - eth_blockNumber
[2020/03/30 16:35:30.766] - eth_blockNumber
[2020/03/30 16:35:38.115] - eth_blockNumber
[2020/03/30 16:35:50.779] - eth_blockNumber
[2020/03/30 16:35:58.135] - eth_blockNumber
[2020/03/30 16:36:10.792] - eth_blockNumber
[2020/03/30 16:36:18.162] - eth_blockNumber
[2020/03/30 16:36:30.800] - eth_blockNumber
[2020/03/30 16:36:38.180] - eth_blockNumber
[2020/03/30 16:36:50.806] - eth_blockNumber
[2020/03/30 16:36:50.847] - eth_blockNumber
[2020/03/30 16:36:50.867] - net_version
[2020/03/30 16:36:50.870] - eth_accounts
[2020/03/30 16:36:50.890] - eth_getBlockByNumber
[2020/03/30 16:36:50.906] - eth_accounts
[2020/03/30 16:36:50.968] - eth_getBlockByNumber
[2020/03/30 16:36:50.973] - eth_getBlockByNumber
[2020/03/30 16:36:50.978] - eth_getBlockByNumber
[2020/03/30 16:36:50.985] - eth_estimateGas
[2020/03/30 16:36:52.415] - eth_getBlockByNumber
[2020/03/30 16:36:52.416] - eth_blockNumber
[2020/03/30 16:36:52.420] - eth_sendTransaction
[2020/03/30 16:36:52.454] - 
[2020/03/30 16:36:52.454] -   Transaction: 0xd3126a34c372ab88c875be39df7dd4189d912c009b3f507957a08566fd899c25
[2020/03/30 16:36:52.454] -   Contract created: 0xa6fe57f28cb4590278a9b28baa671275ddc9bf8b
[2020/03/30 16:36:52.455] -   Gas usage: 188483
[2020/03/30 16:36:52.455] -   Block Number: 261
[2020/03/30 16:36:52.455] -   Block Time: Mon Mar 30 2020 16:36:52 GMT+0100 (IST)
[2020/03/30 16:36:52.455] - 
[2020/03/30 16:36:52.456] - eth_getBlockByNumber
[2020/03/30 16:36:52.457] - eth_getTransactionReceipt
[2020/03/30 16:36:52.467] - eth_getCode
[2020/03/30 16:36:52.476] - eth_getTransactionByHash
[2020/03/30 16:36:52.488] - eth_getBlockByNumber
[2020/03/30 16:36:52.499] - eth_getBalance
[2020/03/30 16:36:52.514] - eth_getBlockByNumber
[2020/03/30 16:36:52.520] - eth_getBlockByNumber
[2020/03/30 16:36:52.529] - eth_sendTransaction
[2020/03/30 16:36:52.573] - 
[2020/03/30 16:36:52.573] -   Transaction: 0x95c0fde8f48fc292d4d905285dac85ac44442ba155a6fe7ab72c3abfb98e925d
[2020/03/30 16:36:52.573] -   Gas usage: 42001
[2020/03/30 16:36:52.573] -   Block Number: 262
[2020/03/30 16:36:52.574] -   Block Time: Mon Mar 30 2020 16:36:52 GMT+0100 (IST)
[2020/03/30 16:36:52.574] - 
[2020/03/30 16:36:52.577] - eth_getBlockByNumber
[2020/03/30 16:36:52.578] - eth_getTransactionReceipt
[2020/03/30 16:36:52.591] - eth_getBlockByNumber
[2020/03/30 16:36:52.598] - eth_accounts
[2020/03/30 16:36:52.670] - eth_getBlockByNumber
[2020/03/30 16:36:52.680] - eth_getBlockByNumber
[2020/03/30 16:36:52.684] - eth_getBlockByNumber
[2020/03/30 16:36:52.691] - eth_estimateGas
[2020/03/30 16:36:52.780] - eth_getBlockByNumber
[2020/03/30 16:36:52.781] - eth_blockNumber
[2020/03/30 16:36:52.786] - eth_sendTransaction
[2020/03/30 16:36:52.857] - 
[2020/03/30 16:36:52.857] -   Transaction: 0xde67279282b68f3da5501a54f76cafcd2e4b96f69f29022a2f9e709dde332730
[2020/03/30 16:36:52.857] -   Contract created: 0x35d2e6db4db05302643966076f2fcf19e7a968d0
[2020/03/30 16:36:52.857] -   Gas usage: 1535224
[2020/03/30 16:36:52.857] -   Block Number: 263
[2020/03/30 16:36:52.857] -   Block Time: Mon Mar 30 2020 16:36:52 GMT+0100 (IST)
[2020/03/30 16:36:52.857] - 
[2020/03/30 16:36:52.858] - eth_getBlockByNumber
[2020/03/30 16:36:52.860] - eth_getTransactionReceipt
[2020/03/30 16:36:52.868] - eth_getCode
[2020/03/30 16:36:52.871] - eth_getBalance
[2020/03/30 16:36:52.877] - eth_getTransactionByHash
[2020/03/30 16:36:52.892] - eth_getBlockByNumber
[2020/03/30 16:36:52.905] - eth_getBalance
[2020/03/30 16:36:52.958] - eth_getBlockByNumber
[2020/03/30 16:36:52.964] - eth_getBlockByNumber
[2020/03/30 16:36:52.969] - eth_sendTransaction
[2020/03/30 16:36:52.987] - eth_getTransactionCount
[2020/03/30 16:36:53.030] - 
[2020/03/30 16:36:53.030] -   Transaction: 0xecde88b4986d4afc1f330e865eb64dab816bd5e740186d75a9f4cf107078bcbb
[2020/03/30 16:36:53.030] -   Gas usage: 27001
[2020/03/30 16:36:53.030] -   Block Number: 264
[2020/03/30 16:36:53.030] -   Block Time: Mon Mar 30 2020 16:36:52 GMT+0100 (IST)
[2020/03/30 16:36:53.030] - 
[2020/03/30 16:36:53.032] - eth_getBlockByNumber
[2020/03/30 16:36:53.033] - eth_getTransactionReceipt
[2020/03/30 16:36:53.048] - eth_getBlockByNumber
[2020/03/30 16:36:53.052] - eth_accounts
[2020/03/30 16:36:53.113] - eth_getBlockByNumber
[2020/03/30 16:36:53.117] - eth_getBlockByNumber
[2020/03/30 16:36:53.122] - eth_getBlockByNumber
[2020/03/30 16:36:53.129] - eth_estimateGas
[2020/03/30 16:36:53.158] - eth_getBlockByNumber
[2020/03/30 16:36:53.159] - eth_blockNumber
[2020/03/30 16:36:53.169] - eth_sendTransaction
[2020/03/30 16:36:53.202] - 
[2020/03/30 16:36:53.203] -   Transaction: 0xa1941906d1017983ed41b57dfaef5efca89b3f4e201d4c0235f2c53e76506cd4
[2020/03/30 16:36:53.203] -   Contract created: 0xe7af22ef02fc4cafdf8b56df8f006d381275fa97
[2020/03/30 16:36:53.203] -   Gas usage: 1299883
[2020/03/30 16:36:53.203] -   Block Number: 265
[2020/03/30 16:36:53.204] -   Block Time: Mon Mar 30 2020 16:36:53 GMT+0100 (IST)
[2020/03/30 16:36:53.204] - 
[2020/03/30 16:36:53.208] - eth_getTransactionReceipt
[2020/03/30 16:36:53.214] - eth_getCode
[2020/03/30 16:36:53.219] - eth_getBalance
[2020/03/30 16:36:53.224] - eth_getTransactionByHash
[2020/03/30 16:36:53.245] - eth_getBlockByNumber
[2020/03/30 16:36:53.257] - eth_getBalance
[2020/03/30 16:36:53.309] - eth_getBlockByNumber
[2020/03/30 16:36:53.322] - eth_getBlockByNumber
[2020/03/30 16:36:53.330] - eth_sendTransaction
[2020/03/30 16:36:53.352] - 
[2020/03/30 16:36:53.352] -   Transaction: 0x6ee11a4df555a9cd92c5a40be724fdf6ffe4d861ded5a0a4e6e0af10626f7860
[2020/03/30 16:36:53.356] -   Gas usage: 27001
[2020/03/30 16:36:53.356] -   Block Number: 266
[2020/03/30 16:36:53.356] -   Block Time: Mon Mar 30 2020 16:36:53 GMT+0100 (IST)
[2020/03/30 16:36:53.356] - 
[2020/03/30 16:36:53.357] - eth_getTransactionCount
[2020/03/30 16:36:53.357] - eth_getTransactionReceipt
[2020/03/30 16:36:53.386] - eth_getBlockByNumber
[2020/03/30 16:36:53.394] - eth_accounts
[2020/03/30 16:36:53.458] - eth_getBlockByNumber
[2020/03/30 16:36:53.462] - eth_getBlockByNumber
[2020/03/30 16:36:53.467] - eth_getBlockByNumber
[2020/03/30 16:36:53.474] - eth_estimateGas
[2020/03/30 16:36:53.478] - eth_getBalance
[2020/03/30 16:36:53.492] - eth_getBlockByNumber
[2020/03/30 16:36:53.493] - eth_blockNumber
[2020/03/30 16:36:53.498] - eth_sendTransaction
[2020/03/30 16:36:53.538] - 
[2020/03/30 16:36:53.538] -   Transaction: 0x727386305cad2ef6f3232596da7b7b1a3da36e1fdf2d9bfb814e3c7d4b6a9fc9
[2020/03/30 16:36:53.538] -   Contract created: 0x221bde591d1380a2f02c7656e55384e9166d8913
[2020/03/30 16:36:53.538] -   Gas usage: 1238825
[2020/03/30 16:36:53.538] -   Block Number: 267
[2020/03/30 16:36:53.539] -   Block Time: Mon Mar 30 2020 16:36:53 GMT+0100 (IST)
[2020/03/30 16:36:53.539] - 
[2020/03/30 16:36:53.542] - eth_getTransactionReceipt
[2020/03/30 16:36:53.546] - eth_getBlockByNumber
[2020/03/30 16:36:53.548] - eth_getBlockByNumber
[2020/03/30 16:36:53.552] - eth_getBlockByNumber
[2020/03/30 16:36:53.554] - eth_getCode
[2020/03/30 16:36:53.575] - eth_getTransactionByHash
[2020/03/30 16:36:53.586] - eth_getTransactionCount
[2020/03/30 16:36:53.594] - eth_getBlockByNumber
[2020/03/30 16:36:53.602] - eth_getBalance
[2020/03/30 16:36:53.636] - eth_getBlockByNumber
[2020/03/30 16:36:53.653] - eth_getBlockByNumber
[2020/03/30 16:36:53.665] - eth_sendTransaction
[2020/03/30 16:36:53.692] - eth_getBalance
[2020/03/30 16:36:53.719] - 
[2020/03/30 16:36:53.719] -   Transaction: 0x0dbf4851957e15c88eedf7d9ab6691bc9cb4e7556418c07ca38548bc8d2a32ab
[2020/03/30 16:36:53.719] -   Gas usage: 27001
[2020/03/30 16:36:53.719] -   Block Number: 268
[2020/03/30 16:36:53.720] -   Block Time: Mon Mar 30 2020 16:36:53 GMT+0100 (IST)
[2020/03/30 16:36:53.720] - 
[2020/03/30 16:36:53.721] - eth_getBlockByNumber
[2020/03/30 16:36:53.724] - eth_getTransactionReceipt
[2020/03/30 16:36:53.840] - eth_getTransactionCount
[2020/03/30 16:36:53.978] - eth_getBalance
[2020/03/30 16:36:54.035] - eth_getTransactionCount
[2020/03/30 16:36:54.087] - eth_getBalance
[2020/03/30 16:36:54.160] - eth_getTransactionCount
[2020/03/30 16:36:54.238] - eth_getBalance
[2020/03/30 16:36:54.285] - eth_getTransactionCount
[2020/03/30 16:36:54.330] - eth_getBalance
[2020/03/30 16:36:54.374] - eth_getTransactionCount
[2020/03/30 16:36:54.434] - eth_getBalance
[2020/03/30 16:36:54.482] - eth_getTransactionCount
[2020/03/30 16:36:54.530] - eth_getBalance
[2020/03/30 16:36:54.576] - eth_getTransactionCount
[2020/03/30 16:36:54.743] - eth_getBalance
[2020/03/30 16:36:54.783] - eth_getTransactionCount
[2020/03/30 16:36:54.844] - eth_getBalance
[2020/03/30 16:36:54.902] - eth_getTransactionCount
[2020/03/30 16:36:54.949] - eth_getBalance
[2020/03/30 16:36:54.994] - eth_getTransactionCount
[2020/03/30 16:36:55.039] - eth_getBalance
[2020/03/30 16:36:55.086] - eth_getTransactionCount
[2020/03/30 16:36:55.135] - eth_getBalance
[2020/03/30 16:36:55.206] - eth_getTransactionCount
[2020/03/30 16:36:55.291] - eth_getBalance
[2020/03/30 16:36:55.336] - eth_getTransactionCount
[2020/03/30 16:36:55.382] - eth_getBalance
[2020/03/30 16:36:55.424] - eth_getTransactionCount
[2020/03/30 16:36:55.468] - eth_getBalance
[2020/03/30 16:36:55.511] - eth_getTransactionCount
[2020/03/30 16:36:55.554] - eth_getBalance
[2020/03/30 16:36:55.619] - eth_getTransactionCount
[2020/03/30 16:36:55.710] - eth_getBalance
[2020/03/30 16:36:55.795] - eth_getTransactionCount
[2020/03/30 16:36:58.189] - eth_blockNumber
[2020/03/30 16:36:58.195] - eth_getBlockByNumber
[2020/03/30 16:37:01.433] - eth_getBalance
[2020/03/30 16:37:01.636] - eth_getTransactionCount
[2020/03/30 16:37:01.741] - eth_getBalance
[2020/03/30 16:37:01.944] - eth_getTransactionCount
[2020/03/30 16:37:02.422] - eth_getBalance
[2020/03/30 16:37:02.601] - eth_getTransactionCount
[2020/03/30 16:37:02.649] - eth_getBalance
[2020/03/30 16:37:02.687] - eth_getTransactionCount
[2020/03/30 16:37:02.725] - eth_getBalance
[2020/03/30 16:37:02.764] - eth_getTransactionCount
[2020/03/30 16:37:02.801] - eth_getBalance
[2020/03/30 16:37:02.857] - eth_getTransactionCount
[2020/03/30 16:37:02.925] - eth_getBalance
[2020/03/30 16:37:02.987] - eth_getTransactionCount
[2020/03/30 16:37:03.022] - eth_getBalance
[2020/03/30 16:37:03.060] - eth_getTransactionCount
[2020/03/30 16:37:03.097] - eth_getBalance
[2020/03/30 16:37:03.142] - eth_getTransactionCount
[2020/03/30 16:37:03.178] - eth_getBalance
[2020/03/30 16:37:03.215] - eth_getTransactionCount
[2020/03/30 16:37:03.569] - eth_getBalance
[2020/03/30 16:37:03.606] - eth_getTransactionCount
[2020/03/30 16:37:03.655] - eth_getBalance
[2020/03/30 16:37:03.708] - eth_getTransactionCount
[2020/03/30 16:37:03.748] - eth_getBalance
[2020/03/30 16:37:03.787] - eth_getTransactionCount
[2020/03/30 16:37:03.828] - eth_getBalance
[2020/03/30 16:37:03.877] - eth_getTransactionCount
[2020/03/30 16:37:03.916] - eth_getBalance
[2020/03/30 16:37:03.954] - eth_getTransactionCount
[2020/03/30 16:37:03.993] - eth_getBalance
[2020/03/30 16:37:04.030] - eth_getTransactionCount
[2020/03/30 16:37:04.069] - eth_getBalance
[2020/03/30 16:37:04.108] - eth_getTransactionCount
[2020/03/30 16:37:04.149] - eth_getBalance
[2020/03/30 16:37:04.189] - eth_getTransactionCount
[2020/03/30 16:37:04.228] - eth_getBalance
[2020/03/30 16:37:04.275] - eth_getTransactionCount
[2020/03/30 16:37:04.314] - eth_getBalance
[2020/03/30 16:37:04.353] - eth_getTransactionCount
[2020/03/30 16:37:04.563] - eth_getBalance
[2020/03/30 16:37:04.658] - eth_getTransactionCount
[2020/03/30 16:37:04.698] - eth_getBalance
[2020/03/30 16:37:04.736] - eth_getTransactionCount
[2020/03/30 16:37:04.774] - eth_getBalance
[2020/03/30 16:37:04.811] - eth_getTransactionCount
[2020/03/30 16:37:04.863] - eth_getBalance
[2020/03/30 16:37:04.899] - eth_getTransactionCount
[2020/03/30 16:37:04.943] - eth_getBalance
[2020/03/30 16:37:04.981] - eth_getTransactionCount
[2020/03/30 16:37:05.018] - eth_getBalance
[2020/03/30 16:37:05.056] - eth_getTransactionCount
[2020/03/30 16:37:05.102] - eth_getBalance
[2020/03/30 16:37:05.139] - eth_getTransactionCount
[2020/03/30 16:37:05.176] - eth_getBalance
[2020/03/30 16:37:05.212] - eth_getTransactionCount
[2020/03/30 16:37:05.249] - eth_getBalance
[2020/03/30 16:37:05.285] - eth_getTransactionCount
[2020/03/30 16:37:05.324] - eth_getBalance
[2020/03/30 16:37:05.364] - eth_getTransactionCount
[2020/03/30 16:37:05.720] - eth_getBalance
[2020/03/30 16:37:05.761] - eth_getTransactionCount
[2020/03/30 16:37:05.807] - eth_getBalance
[2020/03/30 16:37:05.850] - eth_getTransactionCount
[2020/03/30 16:37:05.889] - eth_getBalance
[2020/03/30 16:37:05.936] - eth_getTransactionCount
[2020/03/30 16:37:05.975] - eth_getBalance
[2020/03/30 16:37:06.014] - eth_getTransactionCount
[2020/03/30 16:37:06.052] - eth_getBalance
[2020/03/30 16:37:06.089] - eth_getTransactionCount
[2020/03/30 16:37:06.126] - eth_getBalance
[2020/03/30 16:37:06.164] - eth_getTransactionCount
[2020/03/30 16:37:06.204] - eth_getBalance
[2020/03/30 16:37:06.243] - eth_getTransactionCount
[2020/03/30 16:37:06.281] - eth_getBalance
[2020/03/30 16:37:06.319] - eth_getTransactionCount
[2020/03/30 16:37:06.368] - eth_getBalance
[2020/03/30 16:37:06.425] - eth_getTransactionCount
[2020/03/30 16:37:06.510] - eth_getBalance
[2020/03/30 16:37:06.548] - eth_getTransactionCount
[2020/03/30 16:37:06.586] - eth_getBalance
[2020/03/30 16:37:06.637] - eth_getTransactionCount
[2020/03/30 16:37:06.680] - eth_getBalance
[2020/03/30 16:37:06.719] - eth_getTransactionCount
[2020/03/30 16:37:06.759] - eth_getBalance
[2020/03/30 16:37:06.807] - eth_getTransactionCount
[2020/03/30 16:37:06.855] - eth_getBalance
[2020/03/30 16:37:06.900] - eth_getTransactionCount
[2020/03/30 16:37:06.939] - eth_getBalance
[2020/03/30 16:37:06.979] - eth_getTransactionCount
[2020/03/30 16:37:07.018] - eth_getBalance
[2020/03/30 16:37:07.059] - eth_getTransactionCount
[2020/03/30 16:37:07.098] - eth_getBalance
[2020/03/30 16:37:07.136] - eth_getTransactionCount
[2020/03/30 16:37:07.175] - eth_getBalance
[2020/03/30 16:37:07.214] - eth_getTransactionCount
[2020/03/30 16:37:07.261] - eth_getBalance
[2020/03/30 16:37:07.300] - eth_getTransactionCount
[2020/03/30 16:37:07.607] - eth_getBalance
[2020/03/30 16:37:07.661] - eth_getTransactionCount
[2020/03/30 16:37:07.701] - eth_getBalance
[2020/03/30 16:37:07.740] - eth_getTransactionCount
[2020/03/30 16:37:07.779] - eth_getBalance
[2020/03/30 16:37:07.817] - eth_getTransactionCount
[2020/03/30 16:37:07.868] - eth_getBalance
[2020/03/30 16:37:07.909] - eth_getTransactionCount
[2020/03/30 16:37:07.947] - eth_getBalance
[2020/03/30 16:37:07.987] - eth_getTransactionCount
[2020/03/30 16:37:08.026] - eth_getBalance
[2020/03/30 16:37:08.064] - eth_getTransactionCount
[2020/03/30 16:37:08.112] - eth_getBalance
[2020/03/30 16:37:08.151] - eth_getTransactionCount
[2020/03/30 16:37:08.190] - eth_getBalance
[2020/03/30 16:37:08.229] - eth_getTransactionCount
[2020/03/30 16:37:08.267] - eth_getBalance
[2020/03/30 16:37:08.328] - eth_getTransactionCount
[2020/03/30 16:37:08.384] - eth_unsubscribe
[2020/03/30 16:37:08.384] - eth_unsubscribe
[2020/03/30 16:37:08.774] - Warning: stopMining called when miner was already stopped
