[2020/04/05 13:47:14.966] - Starting server (version 2.1.2) with initial configuration: {"gasLimit":6721975,"gasPrice":20000000000,"hardfork":"petersburg","hostname":"127.0.0.1","port":7545,"network_id":5777,"default_balance_ether":100,"total_accounts":10,"unlocked_accounts":[],"locked":false,"vmErrorsOnRPCResponse":true,"verbose":false,"db_path":"/home/nash/.config/Ganache/workspaces/identity-wallet/chaindata","logDirectory":"/home/nash/Documents/Projects/Blockchain/Project/identity-wallet/wallet-web-app/logs"}
[2020/04/05 13:47:15.953] - eth_getCode
[2020/04/05 13:47:15.960] - eth_subscribe
[2020/04/05 13:47:15.962] - eth_getLogs
[2020/04/05 13:47:15.976] - eth_subscribe
[2020/04/05 13:47:16.036] - eth_getCode
[2020/04/05 13:47:16.153] - eth_getCode
[2020/04/05 13:47:16.192] - eth_getCode
[2020/04/05 13:47:16.239] - eth_getCode
[2020/04/05 13:47:16.278] - eth_getCode
[2020/04/05 13:47:17.993] - eth_blockNumber
[2020/04/05 13:47:17.994] - eth_accounts
[2020/04/05 13:47:17.994] - eth_gasPrice
[2020/04/05 13:47:17.995] - eth_getBlockByNumber
[2020/04/05 13:47:17.996] - eth_subscribe
[2020/04/05 13:47:18.353] - eth_accounts
[2020/04/05 13:47:18.781] - eth_getBalance
[2020/04/05 13:47:18.922] - eth_getTransactionCount
[2020/04/05 13:47:19.055] - eth_getBalance
[2020/04/05 13:47:19.146] - eth_getTransactionCount
[2020/04/05 13:47:19.278] - eth_getBalance
[2020/04/05 13:47:19.389] - eth_getTransactionCount
[2020/04/05 13:47:19.479] - eth_getBalance
[2020/04/05 13:47:19.545] - eth_getTransactionCount
[2020/04/05 13:47:19.646] - eth_getBalance
[2020/04/05 13:47:19.749] - eth_getTransactionCount
[2020/04/05 13:47:19.848] - eth_getBalance
[2020/04/05 13:47:19.938] - eth_getTransactionCount
[2020/04/05 13:47:20.034] - eth_getBalance
[2020/04/05 13:47:20.130] - eth_getTransactionCount
[2020/04/05 13:47:20.208] - eth_getBalance
[2020/04/05 13:47:20.267] - eth_getTransactionCount
[2020/04/05 13:47:20.317] - eth_getBalance
[2020/04/05 13:47:20.361] - eth_getTransactionCount
[2020/04/05 13:47:20.407] - eth_getBalance
[2020/04/05 13:47:20.450] - eth_getTransactionCount
[2020/04/05 13:47:21.057] - eth_getBalance
[2020/04/05 13:47:21.110] - eth_getTransactionCount
[2020/04/05 13:47:21.160] - eth_getBalance
[2020/04/05 13:47:21.207] - eth_getTransactionCount
[2020/04/05 13:47:21.249] - eth_getBalance
[2020/04/05 13:47:21.290] - eth_getTransactionCount
[2020/04/05 13:47:21.331] - eth_getBalance
[2020/04/05 13:47:21.372] - eth_getTransactionCount
[2020/04/05 13:47:21.412] - eth_getBalance
[2020/04/05 13:47:21.453] - eth_getTransactionCount
[2020/04/05 13:47:21.493] - eth_getBalance
[2020/04/05 13:47:21.534] - eth_getTransactionCount
[2020/04/05 13:47:21.585] - eth_getBalance
[2020/04/05 13:47:21.629] - eth_getTransactionCount
[2020/04/05 13:47:21.685] - eth_getBalance
[2020/04/05 13:47:21.728] - eth_getTransactionCount
[2020/04/05 13:47:21.777] - eth_getBalance
[2020/04/05 13:47:21.823] - eth_getTransactionCount
[2020/04/05 13:47:21.865] - eth_getBalance
[2020/04/05 13:47:21.906] - eth_getTransactionCount
[2020/04/05 13:52:00.615] - net_version
[2020/04/05 13:52:00.616] - eth_blockNumber
[2020/04/05 13:52:00.619] - net_version
[2020/04/05 13:52:01.372] - eth_getBlockByNumber
[2020/04/05 13:52:01.373] - eth_getBlockByNumber
[2020/04/05 13:52:01.378] - eth_getBlockByNumber
[2020/04/05 13:52:01.379] - eth_getBlockByNumber
[2020/04/05 13:52:01.380] - eth_getBlockByNumber
[2020/04/05 13:52:01.385] - eth_getBlockByNumber
[2020/04/05 13:52:01.387] - eth_getBlockByNumber
[2020/04/05 13:52:01.388] - eth_getBlockByNumber
[2020/04/05 13:52:01.392] - eth_getBlockByNumber
[2020/04/05 13:52:01.414] - eth_getBlockByNumber
[2020/04/05 13:52:01.415] - eth_getBlockByNumber
[2020/04/05 13:52:01.416] - eth_getBlockByNumber
[2020/04/05 13:52:01.427] - eth_getBlockByNumber
[2020/04/05 13:52:01.437] - eth_getBlockByNumber
[2020/04/05 13:52:01.442] - eth_getBlockByNumber
[2020/04/05 13:52:01.449] - eth_getBlockByNumber
[2020/04/05 13:52:01.460] - eth_getBlockByNumber
[2020/04/05 13:52:01.461] - eth_getBlockByNumber
[2020/04/05 13:52:01.474] - eth_getBlockByNumber
[2020/04/05 13:52:01.478] - eth_getBlockByNumber
[2020/04/05 13:52:01.483] - eth_getBlockByNumber
[2020/04/05 13:52:01.485] - eth_getBlockByNumber
[2020/04/05 13:52:01.492] - eth_getBlockByNumber
[2020/04/05 13:52:01.496] - eth_getBlockByNumber
[2020/04/05 13:52:01.498] - eth_getBlockByNumber
[2020/04/05 13:52:01.507] - eth_getBlockByNumber
[2020/04/05 13:52:01.516] - eth_getBlockByNumber
[2020/04/05 13:52:01.521] - eth_getBlockByNumber
[2020/04/05 13:52:01.522] - eth_getBlockByNumber
[2020/04/05 13:52:01.532] - eth_getBlockByNumber
[2020/04/05 13:52:01.535] - eth_getBlockByNumber
[2020/04/05 13:52:01.543] - eth_getBlockByNumber
[2020/04/05 13:52:01.547] - eth_getBlockByNumber
[2020/04/05 13:52:01.548] - eth_getBlockByNumber
[2020/04/05 13:52:01.562] - eth_getBlockByNumber
[2020/04/05 13:52:01.574] - eth_getBlockByNumber
[2020/04/05 13:52:01.581] - eth_getBlockByNumber
[2020/04/05 13:52:01.585] - eth_getBlockByNumber
[2020/04/05 13:52:01.591] - eth_getBlockByNumber
[2020/04/05 13:52:01.596] - eth_getBlockByNumber
[2020/04/05 13:52:01.605] - eth_getBlockByNumber
[2020/04/05 13:52:21.417] - eth_blockNumber
[2020/04/05 13:52:41.451] - eth_blockNumber
[2020/04/05 13:53:01.482] - eth_blockNumber
[2020/04/05 13:53:21.509] - eth_blockNumber
[2020/04/05 13:53:41.539] - eth_blockNumber
[2020/04/05 13:54:01.572] - eth_blockNumber
[2020/04/05 13:54:21.596] - eth_blockNumber
[2020/04/05 13:54:41.610] - eth_blockNumber
[2020/04/05 13:55:01.624] - eth_blockNumber
[2020/04/05 13:55:21.637] - eth_blockNumber
[2020/04/05 13:55:41.652] - eth_blockNumber
[2020/04/05 13:56:01.670] - eth_blockNumber
[2020/04/05 13:56:21.690] - eth_blockNumber
[2020/04/05 13:56:41.706] - eth_blockNumber
[2020/04/05 13:57:01.722] - eth_blockNumber
[2020/04/05 13:57:21.738] - eth_blockNumber
[2020/04/05 13:57:41.750] - eth_blockNumber
[2020/04/05 13:58:01.766] - eth_blockNumber
[2020/04/05 13:58:10.959] - net_version
[2020/04/05 13:58:10.963] - eth_blockNumber
[2020/04/05 13:58:10.979] - net_version
[2020/04/05 13:58:11.426] - eth_getBlockByNumber
[2020/04/05 13:58:11.427] - eth_getBlockByNumber
[2020/04/05 13:58:11.432] - eth_getBlockByNumber
[2020/04/05 13:58:11.433] - eth_getBlockByNumber
[2020/04/05 13:58:11.434] - eth_getBlockByNumber
[2020/04/05 13:58:11.436] - eth_getBlockByNumber
[2020/04/05 13:58:11.438] - eth_getBlockByNumber
[2020/04/05 13:58:11.444] - eth_getBlockByNumber
[2020/04/05 13:58:11.464] - eth_getBlockByNumber
[2020/04/05 13:58:11.469] - eth_getBlockByNumber
[2020/04/05 13:58:11.471] - eth_getBlockByNumber
[2020/04/05 13:58:11.478] - eth_getBlockByNumber
[2020/04/05 13:58:11.543] - eth_getBlockByNumber
[2020/04/05 13:58:11.554] - eth_getBlockByNumber
[2020/04/05 13:58:11.555] - eth_getBlockByNumber
[2020/04/05 13:58:11.556] - eth_getBlockByNumber
[2020/04/05 13:58:11.562] - eth_getBlockByNumber
[2020/04/05 13:58:11.563] - eth_getBlockByNumber
[2020/04/05 13:58:11.564] - eth_getBlockByNumber
[2020/04/05 13:58:11.567] - eth_getBlockByNumber
[2020/04/05 13:58:11.572] - eth_getBlockByNumber
[2020/04/05 13:58:11.577] - eth_getBlockByNumber
[2020/04/05 13:58:11.591] - eth_getBlockByNumber
[2020/04/05 13:58:11.592] - eth_getBlockByNumber
[2020/04/05 13:58:11.597] - eth_getBlockByNumber
[2020/04/05 13:58:11.609] - eth_getBlockByNumber
[2020/04/05 13:58:11.626] - eth_getBlockByNumber
[2020/04/05 13:58:11.628] - eth_getBlockByNumber
[2020/04/05 13:58:11.632] - eth_getBlockByNumber
[2020/04/05 13:58:11.647] - eth_getBlockByNumber
[2020/04/05 13:58:11.668] - eth_getBlockByNumber
[2020/04/05 13:58:11.670] - eth_getBlockByNumber
[2020/04/05 13:58:11.685] - eth_getBlockByNumber
[2020/04/05 13:58:11.688] - eth_getBlockByNumber
[2020/04/05 13:58:11.708] - eth_getBlockByNumber
[2020/04/05 13:58:11.713] - eth_getBlockByNumber
[2020/04/05 13:58:11.722] - eth_getBlockByNumber
[2020/04/05 13:58:11.730] - eth_getBlockByNumber
[2020/04/05 13:58:11.763] - eth_getBlockByNumber
[2020/04/05 13:58:11.789] - eth_getBlockByNumber
[2020/04/05 13:58:11.796] - eth_getBlockByNumber
[2020/04/05 13:58:21.783] - eth_blockNumber
[2020/04/05 13:58:31.489] - eth_blockNumber
[2020/04/05 13:58:41.802] - eth_blockNumber
[2020/04/05 13:58:51.505] - eth_blockNumber
[2020/04/05 13:59:01.816] - eth_blockNumber
[2020/04/05 13:59:11.521] - eth_blockNumber
[2020/04/05 13:59:21.830] - eth_blockNumber
[2020/04/05 13:59:31.548] - eth_blockNumber
[2020/04/05 13:59:41.845] - eth_blockNumber
[2020/04/05 13:59:51.566] - eth_blockNumber
[2020/04/05 14:00:01.861] - eth_blockNumber
[2020/04/05 14:00:11.590] - eth_blockNumber
[2020/04/05 14:00:21.875] - eth_blockNumber
[2020/04/05 14:00:31.605] - eth_blockNumber
[2020/04/05 14:00:41.889] - eth_blockNumber
[2020/04/05 14:00:51.622] - eth_blockNumber
[2020/04/05 14:01:01.902] - eth_blockNumber
[2020/04/05 14:01:11.637] - eth_blockNumber
[2020/04/05 14:01:21.915] - eth_blockNumber
[2020/04/05 14:01:31.651] - eth_blockNumber
[2020/04/05 14:01:41.926] - eth_blockNumber
[2020/04/05 14:01:51.668] - eth_blockNumber
[2020/04/05 14:02:01.946] - eth_blockNumber
[2020/04/05 14:02:11.681] - eth_blockNumber
[2020/04/05 14:02:21.959] - eth_blockNumber
[2020/04/05 14:02:31.698] - eth_blockNumber
[2020/04/05 14:02:41.971] - eth_blockNumber
[2020/04/05 14:02:51.713] - eth_blockNumber
[2020/04/05 14:03:01.983] - eth_blockNumber
[2020/04/05 14:03:11.726] - eth_blockNumber
[2020/04/05 14:03:22.000] - eth_blockNumber
[2020/04/05 14:03:31.743] - eth_blockNumber
[2020/04/05 14:03:42.014] - eth_blockNumber
[2020/04/05 14:03:51.763] - eth_blockNumber
[2020/04/05 14:04:02.029] - eth_blockNumber
[2020/04/05 14:04:11.779] - eth_blockNumber
[2020/04/05 14:04:22.045] - eth_blockNumber
[2020/04/05 14:04:31.795] - eth_blockNumber
[2020/04/05 14:04:42.059] - eth_blockNumber
[2020/04/05 14:04:51.810] - eth_blockNumber
[2020/04/05 14:05:02.075] - eth_blockNumber
[2020/04/05 14:05:11.832] - eth_blockNumber
[2020/04/05 14:05:22.090] - eth_blockNumber
[2020/04/05 14:05:31.852] - eth_blockNumber
[2020/04/05 14:05:42.104] - eth_blockNumber
[2020/04/05 14:05:51.866] - eth_blockNumber
[2020/04/05 14:06:02.115] - eth_blockNumber
[2020/04/05 14:06:11.884] - eth_blockNumber
[2020/04/05 14:06:22.131] - eth_blockNumber
[2020/04/05 14:06:31.896] - eth_blockNumber
[2020/04/05 14:06:42.147] - eth_blockNumber
[2020/04/05 14:06:51.914] - eth_blockNumber
[2020/04/05 14:07:02.169] - eth_blockNumber
[2020/04/05 14:07:11.938] - eth_blockNumber
[2020/04/05 14:07:22.193] - eth_blockNumber
[2020/04/05 14:07:31.967] - eth_blockNumber
[2020/04/05 14:07:42.217] - eth_blockNumber
[2020/04/05 14:07:52.454] - eth_blockNumber
[2020/04/05 14:07:55.481] - eth_getBalance
[2020/04/05 14:07:57.599] - net_version
[2020/04/05 14:08:02.230] - eth_blockNumber
[2020/04/05 14:08:12.819] - eth_blockNumber
[2020/04/05 14:08:22.242] - eth_blockNumber
[2020/04/05 14:08:32.838] - eth_blockNumber
[2020/04/05 14:08:42.252] - eth_blockNumber
[2020/04/05 14:08:52.851] - eth_blockNumber
[2020/04/05 14:09:02.266] - eth_blockNumber
[2020/04/05 14:09:07.729] - net_version
[2020/04/05 14:09:13.049] - eth_blockNumber
[2020/04/05 14:09:22.282] - eth_blockNumber
[2020/04/05 14:09:32.376] - eth_call
[2020/04/05 14:09:33.160] - eth_blockNumber
[2020/04/05 14:09:35.658] - net_version
[2020/04/05 14:09:42.303] - eth_blockNumber
[2020/04/05 14:09:53.197] - eth_blockNumber
[2020/04/05 14:09:55.434] - eth_getBalance
[2020/04/05 14:09:55.603] - eth_getTransactionByHash
[2020/04/05 14:09:55.918] - eth_getTransactionReceipt
[2020/04/05 14:09:56.237] - eth_getTransactionByHash
[2020/04/05 14:09:56.507] - eth_getTransactionReceipt
[2020/04/05 14:09:56.832] - eth_getTransactionByHash
[2020/04/05 14:09:57.100] - eth_getTransactionReceipt
[2020/04/05 14:09:57.964] - net_version
[2020/04/05 14:09:57.980] - eth_getCode
[2020/04/05 14:09:57.991] - eth_getBlockByNumber
[2020/04/05 14:09:58.003] - eth_getBalance
[2020/04/05 14:09:58.009] - eth_getTransactionCount
[2020/04/05 14:09:58.030] - eth_getStorageAt
[2020/04/05 14:10:01.049] - eth_getBlockByNumber
[2020/04/05 14:10:01.356] - eth_getBlockByNumber
[2020/04/05 14:10:01.405] - net_version
[2020/04/05 14:10:01.412] - eth_getCode
[2020/04/05 14:10:01.601] - eth_getBlockByNumber
[2020/04/05 14:10:01.913] - eth_getBlockByNumber
[2020/04/05 14:10:02.075] - eth_getTransactionReceipt
[2020/04/05 14:10:02.277] - eth_getBlockByNumber
[2020/04/05 14:10:02.317] - eth_blockNumber
[2020/04/05 14:10:02.405] - eth_getTransactionReceipt
[2020/04/05 14:10:02.613] - eth_getBlockByNumber
[2020/04/05 14:10:02.769] - eth_getTransactionReceipt
[2020/04/05 14:10:03.007] - eth_getBlockByNumber
[2020/04/05 14:10:03.239] - eth_getTransactionReceipt
[2020/04/05 14:10:03.408] - eth_getBlockByNumber
[2020/04/05 14:10:03.536] - eth_getTransactionReceipt
[2020/04/05 14:10:03.712] - eth_getBlockByNumber
[2020/04/05 14:10:03.839] - eth_getTransactionReceipt
[2020/04/05 14:10:04.008] - eth_getBlockByNumber
[2020/04/05 14:10:04.138] - eth_getTransactionReceipt
[2020/04/05 14:10:04.334] - eth_getBlockByNumber
[2020/04/05 14:10:04.466] - eth_getTransactionReceipt
[2020/04/05 14:10:13.231] - eth_blockNumber
[2020/04/05 14:10:19.607] - eth_call
[2020/04/05 14:10:19.629] - eth_call
[2020/04/05 14:10:19.639] - eth_call
[2020/04/05 14:10:19.657] - eth_call
[2020/04/05 14:10:22.326] - eth_blockNumber
[2020/04/05 14:10:33.243] - eth_blockNumber
[2020/04/05 14:10:42.348] - eth_blockNumber
[2020/04/05 14:10:53.256] - eth_blockNumber
[2020/04/05 14:11:02.375] - eth_blockNumber
[2020/04/05 14:11:13.270] - eth_blockNumber
[2020/04/05 14:11:22.385] - eth_blockNumber
[2020/04/05 14:11:33.287] - eth_blockNumber
[2020/04/05 14:11:42.398] - eth_blockNumber
[2020/04/05 14:11:53.306] - eth_blockNumber
[2020/04/05 14:12:02.423] - eth_blockNumber
[2020/04/05 14:12:13.321] - eth_blockNumber
[2020/04/05 14:12:22.437] - eth_blockNumber
[2020/04/05 14:12:33.334] - eth_blockNumber
[2020/04/05 14:12:38.612] - net_version
[2020/04/05 14:12:42.446] - eth_blockNumber
[2020/04/05 14:12:53.346] - eth_blockNumber
[2020/04/05 14:13:02.465] - eth_blockNumber
[2020/04/05 14:13:13.358] - eth_blockNumber
[2020/04/05 14:13:22.485] - eth_blockNumber
[2020/04/05 14:13:33.375] - eth_blockNumber
[2020/04/05 14:13:42.498] - eth_blockNumber
[2020/04/05 14:13:53.403] - eth_blockNumber
[2020/04/05 14:14:02.510] - eth_blockNumber
[2020/04/05 14:14:13.428] - eth_blockNumber
[2020/04/05 14:14:22.530] - eth_blockNumber
[2020/04/05 14:14:33.448] - eth_blockNumber
[2020/04/05 14:14:42.551] - eth_blockNumber
[2020/04/05 14:14:53.476] - eth_blockNumber
[2020/04/05 14:15:02.561] - eth_blockNumber
[2020/04/05 14:15:13.490] - eth_blockNumber
[2020/04/05 14:15:22.570] - eth_blockNumber
[2020/04/05 14:15:26.172] - net_version
[2020/04/05 14:15:33.503] - eth_blockNumber
[2020/04/05 14:15:42.580] - eth_blockNumber
[2020/04/05 14:15:53.517] - eth_blockNumber
[2020/04/05 14:16:02.599] - eth_blockNumber
[2020/04/05 14:16:13.533] - eth_blockNumber
[2020/04/05 14:16:22.626] - eth_blockNumber
[2020/04/05 14:16:33.785] - eth_blockNumber
[2020/04/05 14:16:42.658] - eth_blockNumber
[2020/04/05 14:16:53.819] - eth_blockNumber
[2020/04/05 14:17:02.669] - eth_blockNumber
[2020/04/05 14:17:13.841] - eth_blockNumber
[2020/04/05 14:17:19.338] - net_version
[2020/04/05 14:17:22.680] - eth_blockNumber
[2020/04/05 14:17:33.854] - eth_blockNumber
[2020/04/05 14:17:42.691] - eth_blockNumber
[2020/04/05 14:17:53.867] - eth_blockNumber
[2020/04/05 14:18:02.704] - eth_blockNumber
[2020/04/05 14:18:13.882] - eth_blockNumber
[2020/04/05 14:18:22.719] - eth_blockNumber
[2020/04/05 14:18:33.893] - eth_blockNumber
[2020/04/05 14:18:42.731] - eth_blockNumber
[2020/04/05 14:18:53.905] - eth_blockNumber
[2020/04/05 14:19:02.744] - eth_blockNumber
[2020/04/05 14:19:13.916] - eth_blockNumber
[2020/04/05 14:19:22.756] - eth_blockNumber
[2020/04/05 14:19:33.929] - eth_blockNumber
[2020/04/05 14:19:42.772] - eth_blockNumber
[2020/04/05 14:19:53.940] - eth_blockNumber
[2020/04/05 14:20:02.791] - eth_blockNumber
[2020/04/05 14:20:13.951] - eth_blockNumber
[2020/04/05 14:20:22.824] - eth_blockNumber
[2020/04/05 14:20:33.963] - eth_blockNumber
[2020/04/05 14:20:42.841] - eth_blockNumber
[2020/04/05 14:20:53.975] - eth_blockNumber
[2020/04/05 14:21:02.851] - eth_blockNumber
[2020/04/05 14:21:13.992] - eth_blockNumber
[2020/04/05 14:21:22.870] - eth_blockNumber
[2020/04/05 14:21:34.007] - eth_blockNumber
[2020/04/05 14:21:42.897] - eth_blockNumber
[2020/04/05 14:21:54.026] - eth_blockNumber
[2020/04/05 14:22:02.915] - eth_blockNumber
[2020/04/05 14:22:14.039] - eth_blockNumber
[2020/04/05 14:22:22.936] - eth_blockNumber
[2020/04/05 14:22:34.056] - eth_blockNumber
[2020/04/05 14:22:42.961] - eth_blockNumber
[2020/04/05 14:22:54.075] - eth_blockNumber
[2020/04/05 14:23:02.973] - eth_blockNumber
[2020/04/05 14:23:14.086] - eth_blockNumber
[2020/04/05 14:23:22.984] - eth_blockNumber
[2020/04/05 14:23:34.097] - eth_blockNumber
[2020/04/05 14:23:42.993] - eth_blockNumber
[2020/04/05 14:23:54.109] - eth_blockNumber
[2020/04/05 14:24:03.004] - eth_blockNumber
[2020/04/05 14:24:14.123] - eth_blockNumber
[2020/04/05 14:24:23.017] - eth_blockNumber
[2020/04/05 14:24:34.148] - eth_blockNumber
[2020/04/05 14:24:43.031] - eth_blockNumber
[2020/04/05 14:24:54.168] - eth_blockNumber
[2020/04/05 14:25:03.043] - eth_blockNumber
[2020/04/05 14:25:14.182] - eth_blockNumber
[2020/04/05 14:25:23.059] - eth_blockNumber
[2020/04/05 14:25:34.195] - eth_blockNumber
[2020/04/05 14:25:43.078] - eth_blockNumber
[2020/04/05 14:25:54.212] - eth_blockNumber
[2020/04/05 14:26:03.093] - eth_blockNumber
[2020/04/05 14:26:14.226] - eth_blockNumber
[2020/04/05 14:26:20.755] - net_version
[2020/04/05 14:26:23.105] - eth_blockNumber
[2020/04/05 14:26:34.237] - eth_blockNumber
[2020/04/05 14:26:43.116] - eth_blockNumber
[2020/04/05 14:26:54.251] - eth_blockNumber
[2020/04/05 14:26:58.392] - net_version
[2020/04/05 14:27:03.131] - eth_blockNumber
[2020/04/05 14:27:14.281] - eth_blockNumber
[2020/04/05 14:27:23.147] - eth_blockNumber
[2020/04/05 14:27:34.307] - eth_blockNumber
[2020/04/05 14:27:43.165] - eth_blockNumber
[2020/04/05 14:27:54.331] - eth_blockNumber
[2020/04/05 14:28:03.177] - eth_blockNumber
[2020/04/05 14:28:14.437] - eth_blockNumber
[2020/04/05 14:28:23.189] - eth_blockNumber
[2020/04/05 14:28:34.445] - eth_blockNumber
[2020/04/05 14:28:43.206] - eth_blockNumber
[2020/04/05 14:28:54.458] - eth_blockNumber
[2020/04/05 14:29:03.228] - eth_blockNumber
[2020/04/05 14:29:14.477] - eth_blockNumber
[2020/04/05 14:29:23.241] - eth_blockNumber
[2020/04/05 14:29:34.491] - eth_blockNumber
[2020/04/05 14:29:43.258] - eth_blockNumber
[2020/04/05 14:29:54.509] - eth_blockNumber
[2020/04/05 14:30:03.274] - eth_blockNumber
[2020/04/05 14:30:14.529] - eth_blockNumber
[2020/04/05 14:30:23.285] - eth_blockNumber
[2020/04/05 14:30:33.186] - net_version
[2020/04/05 14:30:34.539] - eth_blockNumber
[2020/04/05 14:30:43.019] - net_version
[2020/04/05 14:30:43.298] - eth_blockNumber
[2020/04/05 14:30:54.571] - eth_blockNumber
[2020/04/05 14:31:03.326] - eth_blockNumber
[2020/04/05 14:31:06.083] - net_version
[2020/04/05 14:31:14.677] - eth_blockNumber
[2020/04/05 14:31:23.340] - eth_blockNumber
[2020/04/05 14:31:31.019] - net_version
[2020/04/05 14:31:34.696] - eth_blockNumber
[2020/04/05 14:31:43.350] - eth_blockNumber
[2020/04/05 14:31:54.703] - eth_blockNumber
[2020/04/05 14:32:03.367] - eth_blockNumber
[2020/04/05 14:32:14.720] - eth_blockNumber
[2020/04/05 14:32:23.387] - eth_blockNumber
[2020/04/05 14:32:34.739] - eth_blockNumber
[2020/04/05 14:32:43.404] - eth_blockNumber
[2020/04/05 14:32:54.751] - eth_blockNumber
[2020/04/05 14:33:03.425] - eth_blockNumber
[2020/04/05 14:33:14.765] - eth_blockNumber
[2020/04/05 14:33:23.445] - eth_blockNumber
[2020/04/05 14:33:34.783] - eth_blockNumber
[2020/04/05 14:33:43.469] - eth_blockNumber
[2020/04/05 14:33:54.805] - eth_blockNumber
[2020/04/05 14:34:03.493] - eth_blockNumber
[2020/04/05 14:34:14.820] - eth_blockNumber
[2020/04/05 14:34:23.514] - eth_blockNumber
[2020/04/05 14:34:34.838] - eth_blockNumber
[2020/04/05 14:34:43.531] - eth_blockNumber
[2020/04/05 14:34:54.852] - eth_blockNumber
[2020/04/05 14:35:03.547] - eth_blockNumber
[2020/04/05 14:35:14.866] - eth_blockNumber
[2020/04/05 14:35:23.568] - eth_blockNumber
[2020/04/05 14:35:34.889] - eth_blockNumber
[2020/04/05 14:35:43.588] - eth_blockNumber
[2020/04/05 14:35:54.903] - eth_blockNumber
[2020/04/05 14:36:03.611] - eth_blockNumber
[2020/04/05 14:36:14.922] - eth_blockNumber
[2020/04/05 14:36:23.638] - eth_blockNumber
[2020/04/05 14:36:34.935] - eth_blockNumber
[2020/04/05 14:36:43.656] - eth_blockNumber
[2020/04/05 14:36:54.946] - eth_blockNumber
[2020/04/05 14:37:03.672] - eth_blockNumber
[2020/04/05 14:37:14.962] - eth_blockNumber
[2020/04/05 14:37:23.688] - eth_blockNumber
[2020/04/05 14:37:34.972] - eth_blockNumber
[2020/04/05 14:37:43.701] - eth_blockNumber
[2020/04/05 14:37:54.983] - eth_blockNumber
[2020/04/05 14:38:03.718] - eth_blockNumber
[2020/04/05 14:38:14.996] - eth_blockNumber
[2020/04/05 14:38:23.729] - eth_blockNumber
[2020/04/05 14:38:35.007] - eth_blockNumber
[2020/04/05 14:38:43.739] - eth_blockNumber
[2020/04/05 14:38:55.018] - eth_blockNumber
[2020/04/05 14:39:03.749] - eth_blockNumber
[2020/04/05 14:39:15.028] - eth_blockNumber
[2020/04/05 14:39:23.760] - eth_blockNumber
[2020/04/05 14:39:35.041] - eth_blockNumber
[2020/04/05 14:39:43.776] - eth_blockNumber
[2020/04/05 14:39:55.054] - eth_blockNumber
[2020/04/05 14:40:03.787] - eth_blockNumber
[2020/04/05 14:40:15.065] - eth_blockNumber
[2020/04/05 14:40:23.797] - eth_blockNumber
[2020/04/05 14:40:35.078] - eth_blockNumber
[2020/04/05 14:40:43.807] - eth_blockNumber
[2020/04/05 14:40:55.113] - eth_blockNumber
[2020/04/05 14:41:03.817] - eth_blockNumber
[2020/04/05 14:41:15.124] - eth_blockNumber
[2020/04/05 14:41:23.827] - eth_blockNumber
[2020/04/05 14:41:35.137] - eth_blockNumber
[2020/04/05 14:41:43.837] - eth_blockNumber
[2020/04/05 14:41:55.150] - eth_blockNumber
[2020/04/05 14:42:03.849] - eth_blockNumber
[2020/04/05 14:42:15.168] - eth_blockNumber
[2020/04/05 14:42:23.859] - eth_blockNumber
[2020/04/05 14:42:35.186] - eth_blockNumber
[2020/04/05 14:42:43.869] - eth_blockNumber
[2020/04/05 14:42:55.199] - eth_blockNumber
[2020/04/05 14:43:03.881] - eth_blockNumber
[2020/04/05 14:43:15.215] - eth_blockNumber
[2020/04/05 14:43:23.892] - eth_blockNumber
[2020/04/05 14:43:35.228] - eth_blockNumber
[2020/04/05 14:43:43.904] - eth_blockNumber
[2020/04/05 14:43:55.236] - eth_blockNumber
[2020/04/05 14:44:03.915] - eth_blockNumber
[2020/04/05 14:44:15.249] - eth_blockNumber
[2020/04/05 14:44:23.928] - eth_blockNumber
[2020/04/05 14:44:35.262] - eth_blockNumber
[2020/04/05 14:44:43.943] - eth_blockNumber
[2020/04/05 14:44:55.275] - eth_blockNumber
[2020/04/05 14:45:03.956] - eth_blockNumber
[2020/04/05 14:45:15.284] - eth_blockNumber
[2020/04/05 14:45:23.969] - eth_blockNumber
[2020/04/05 14:45:35.297] - eth_blockNumber
[2020/04/05 14:45:43.982] - eth_blockNumber
[2020/04/05 14:45:55.309] - eth_blockNumber
[2020/04/05 14:46:03.996] - eth_blockNumber
[2020/04/05 14:46:15.321] - eth_blockNumber
[2020/04/05 14:46:24.010] - eth_blockNumber
[2020/04/05 14:46:35.334] - eth_blockNumber
[2020/04/05 14:46:44.021] - eth_blockNumber
[2020/04/05 14:46:55.346] - eth_blockNumber
[2020/04/05 14:47:04.032] - eth_blockNumber
[2020/04/05 14:47:15.358] - eth_blockNumber
[2020/04/05 14:47:24.044] - eth_blockNumber
[2020/04/05 14:47:35.370] - eth_blockNumber
