[2020/03/29 23:58:39.541] - Starting server (version 2.1.2) with initial configuration: {"gasLimit":6721975,"gasPrice":20000000000,"hardfork":"petersburg","hostname":"127.0.0.1","port":7545,"network_id":5777,"default_balance_ether":100,"total_accounts":10,"unlocked_accounts":[],"locked":false,"vmErrorsOnRPCResponse":true,"verbose":false,"db_path":"/home/nash/.config/Ganache/workspaces/identity-wallet/chaindata","logDirectory":"/home/nash/Documents/Projects/Blockchain/Project/identity-wallet/wallet-web-app/logs"}
[2020/03/29 23:58:39.847] - eth_getCode
[2020/03/29 23:58:39.850] - eth_subscribe
[2020/03/29 23:58:39.851] - eth_getLogs
[2020/03/29 23:58:39.855] - eth_subscribe
[2020/03/29 23:58:39.874] - eth_getCode
[2020/03/29 23:58:39.907] - eth_getCode
[2020/03/29 23:58:39.921] - eth_getCode
[2020/03/29 23:58:39.926] - eth_getCode
[2020/03/29 23:58:39.950] - eth_getCode
[2020/03/29 23:58:41.173] - eth_blockNumber
[2020/03/29 23:58:41.174] - eth_accounts
[2020/03/29 23:58:41.175] - eth_gasPrice
[2020/03/29 23:58:41.177] - eth_getBlockByNumber
[2020/03/29 23:58:41.178] - eth_subscribe
[2020/03/29 23:58:41.405] - eth_accounts
[2020/03/29 23:58:41.473] - eth_blockNumber
[2020/03/29 23:58:41.489] - eth_getBlockByNumber
[2020/03/29 23:58:41.493] - eth_getBlockByNumber
[2020/03/29 23:58:41.493] - eth_getBlockByNumber
[2020/03/29 23:58:41.494] - eth_getBlockByNumber
[2020/03/29 23:58:41.495] - eth_getBlockByNumber
[2020/03/29 23:58:41.499] - eth_getBlockByNumber
[2020/03/29 23:58:41.499] - eth_getBlockByNumber
[2020/03/29 23:58:41.500] - eth_getBlockByNumber
[2020/03/29 23:58:41.504] - eth_getBlockByNumber
[2020/03/29 23:58:41.509] - eth_getBlockByNumber
[2020/03/29 23:58:41.514] - eth_getBlockByNumber
[2020/03/29 23:58:41.518] - eth_getBlockByNumber
[2020/03/29 23:58:41.522] - eth_getBlockByNumber
[2020/03/29 23:58:41.526] - eth_getBlockByNumber
[2020/03/29 23:58:41.530] - eth_getBlockByNumber
[2020/03/29 23:58:41.534] - eth_getBlockByNumber
[2020/03/29 23:58:41.539] - eth_getBlockByNumber
[2020/03/29 23:58:41.543] - eth_getBlockByNumber
[2020/03/29 23:58:41.547] - eth_getBlockByNumber
[2020/03/29 23:58:41.551] - eth_getBlockByNumber
[2020/03/29 23:58:41.556] - eth_getBlockByNumber
[2020/03/29 23:58:41.559] - eth_getBlockByNumber
[2020/03/29 23:58:41.564] - eth_getBlockByNumber
[2020/03/29 23:58:41.569] - eth_getBlockByNumber
[2020/03/29 23:58:41.573] - eth_getBlockByNumber
[2020/03/29 23:58:41.578] - eth_getBlockByNumber
[2020/03/29 23:58:41.583] - eth_getBlockByNumber
[2020/03/29 23:58:41.586] - eth_getBlockByNumber
[2020/03/29 23:58:41.589] - eth_getBlockByNumber
[2020/03/29 23:58:41.593] - eth_getBlockByNumber
[2020/03/29 23:58:41.597] - eth_getBlockByNumber
[2020/03/29 23:58:41.602] - eth_getBlockByNumber
[2020/03/29 23:58:41.612] - eth_getBlockByNumber
[2020/03/29 23:58:41.618] - eth_getBlockByNumber
[2020/03/29 23:58:41.622] - eth_getBlockByNumber
[2020/03/29 23:58:41.625] - eth_getBlockByNumber
[2020/03/29 23:58:41.631] - eth_getBlockByNumber
[2020/03/29 23:58:41.636] - eth_getBlockByNumber
[2020/03/29 23:58:41.639] - eth_getBlockByNumber
[2020/03/29 23:58:41.643] - eth_getBlockByNumber
[2020/03/29 23:58:41.646] - eth_getBlockByNumber
[2020/03/29 23:58:41.665] - eth_getBalance
[2020/03/29 23:58:41.701] - eth_getTransactionCount
[2020/03/29 23:58:41.737] - eth_getBalance
[2020/03/29 23:58:41.772] - eth_getTransactionCount
[2020/03/29 23:58:41.810] - eth_getBalance
[2020/03/29 23:58:41.846] - eth_getTransactionCount
[2020/03/29 23:58:41.880] - eth_getBalance
[2020/03/29 23:58:41.926] - eth_getTransactionCount
[2020/03/29 23:58:41.962] - eth_getBalance
[2020/03/29 23:58:41.997] - eth_getTransactionCount
[2020/03/29 23:58:42.039] - eth_getBalance
[2020/03/29 23:58:42.074] - eth_getTransactionCount
[2020/03/29 23:58:42.114] - eth_getBalance
[2020/03/29 23:58:42.156] - eth_getTransactionCount
[2020/03/29 23:58:42.197] - eth_getBalance
[2020/03/29 23:58:42.232] - eth_getTransactionCount
[2020/03/29 23:58:42.266] - eth_getBalance
[2020/03/29 23:58:42.301] - eth_getTransactionCount
[2020/03/29 23:58:42.344] - eth_getBalance
[2020/03/29 23:58:42.380] - eth_getTransactionCount
[2020/03/29 23:58:44.549] - eth_getBalance
[2020/03/29 23:58:44.583] - eth_getTransactionCount
[2020/03/29 23:58:44.616] - eth_getBalance
[2020/03/29 23:58:44.649] - eth_getTransactionCount
[2020/03/29 23:58:44.680] - eth_getBalance
[2020/03/29 23:58:44.714] - eth_getTransactionCount
[2020/03/29 23:58:44.749] - eth_getBalance
[2020/03/29 23:58:44.785] - eth_getTransactionCount
[2020/03/29 23:58:44.820] - eth_getBalance
[2020/03/29 23:58:44.855] - eth_getTransactionCount
[2020/03/29 23:58:44.894] - eth_getBalance
[2020/03/29 23:58:44.966] - eth_getTransactionCount
[2020/03/29 23:58:45.034] - eth_getBalance
[2020/03/29 23:58:45.098] - eth_getTransactionCount
[2020/03/29 23:58:45.215] - eth_getBalance
[2020/03/29 23:58:45.251] - eth_getTransactionCount
[2020/03/29 23:58:45.324] - eth_getBalance
[2020/03/29 23:58:45.363] - eth_getTransactionCount
[2020/03/29 23:58:45.411] - eth_getBalance
[2020/03/29 23:58:45.459] - eth_getTransactionCount
[2020/03/29 23:59:01.515] - eth_blockNumber
[2020/03/29 23:59:21.525] - eth_blockNumber
[2020/03/29 23:59:41.538] - eth_blockNumber
[2020/03/30 00:00:01.552] - eth_blockNumber
[2020/03/30 00:00:21.580] - eth_blockNumber
[2020/03/30 00:00:35.812] - net_version
[2020/03/30 00:00:35.813] - eth_blockNumber
[2020/03/30 00:00:35.827] - net_version
[2020/03/30 00:00:36.092] - eth_getBlockByNumber
[2020/03/30 00:00:36.093] - eth_getBlockByNumber
[2020/03/30 00:00:36.096] - eth_getBlockByNumber
[2020/03/30 00:00:36.097] - eth_getBlockByNumber
[2020/03/30 00:00:36.100] - eth_getBlockByNumber
[2020/03/30 00:00:36.101] - eth_getBlockByNumber
[2020/03/30 00:00:36.108] - eth_getBlockByNumber
[2020/03/30 00:00:36.121] - eth_getBlockByNumber
[2020/03/30 00:00:36.124] - eth_getBlockByNumber
[2020/03/30 00:00:36.125] - eth_getBlockByNumber
[2020/03/30 00:00:36.131] - eth_getBlockByNumber
[2020/03/30 00:00:36.133] - eth_getBlockByNumber
[2020/03/30 00:00:36.134] - eth_getBlockByNumber
[2020/03/30 00:00:36.134] - eth_getBlockByNumber
[2020/03/30 00:00:36.139] - eth_getBlockByNumber
[2020/03/30 00:00:36.143] - eth_getBlockByNumber
[2020/03/30 00:00:36.147] - eth_getBlockByNumber
[2020/03/30 00:00:36.151] - eth_getBlockByNumber
[2020/03/30 00:00:36.159] - eth_getBlockByNumber
[2020/03/30 00:00:36.163] - eth_getBlockByNumber
[2020/03/30 00:00:36.166] - eth_getBlockByNumber
[2020/03/30 00:00:36.169] - eth_getBlockByNumber
[2020/03/30 00:00:36.177] - eth_getBlockByNumber
[2020/03/30 00:00:36.182] - eth_getBlockByNumber
[2020/03/30 00:00:36.183] - eth_getBlockByNumber
[2020/03/30 00:00:36.189] - eth_getBlockByNumber
[2020/03/30 00:00:36.193] - eth_getBlockByNumber
[2020/03/30 00:00:36.206] - eth_getBlockByNumber
[2020/03/30 00:00:36.211] - eth_getBlockByNumber
[2020/03/30 00:00:36.212] - eth_getBlockByNumber
[2020/03/30 00:00:36.217] - eth_getBlockByNumber
[2020/03/30 00:00:36.222] - eth_getBlockByNumber
[2020/03/30 00:00:36.232] - eth_getBlockByNumber
[2020/03/30 00:00:36.238] - eth_getBlockByNumber
[2020/03/30 00:00:36.249] - eth_getBlockByNumber
[2020/03/30 00:00:36.250] - eth_getBlockByNumber
[2020/03/30 00:00:36.256] - eth_getBlockByNumber
[2020/03/30 00:00:36.264] - eth_getBlockByNumber
[2020/03/30 00:00:36.270] - eth_getBlockByNumber
[2020/03/30 00:00:36.275] - eth_getBlockByNumber
[2020/03/30 00:00:36.278] - eth_getBlockByNumber
[2020/03/30 00:00:41.595] - eth_blockNumber
[2020/03/30 00:00:53.313] - eth_getBalance
[2020/03/30 00:00:56.148] - eth_blockNumber
[2020/03/30 00:01:01.605] - eth_blockNumber
[2020/03/30 00:01:06.080] - net_version
[2020/03/30 00:01:06.346] - eth_call
[2020/03/30 00:01:06.995] - eth_call
[2020/03/30 00:01:07.022] - eth_call
[2020/03/30 00:01:16.162] - eth_blockNumber
[2020/03/30 00:01:21.621] - eth_blockNumber
[2020/03/30 00:01:36.183] - eth_blockNumber
[2020/03/30 00:01:41.636] - eth_blockNumber
[2020/03/30 00:01:56.201] - eth_blockNumber
[2020/03/30 00:02:01.649] - eth_blockNumber
[2020/03/30 00:02:16.213] - eth_blockNumber
[2020/03/30 00:02:21.666] - eth_blockNumber
[2020/03/30 00:02:36.225] - eth_blockNumber
[2020/03/30 00:02:41.684] - eth_blockNumber
[2020/03/30 00:02:56.243] - eth_blockNumber
[2020/03/30 00:03:01.704] - eth_blockNumber
[2020/03/30 00:03:16.256] - eth_blockNumber
[2020/03/30 00:03:21.713] - eth_blockNumber
[2020/03/30 00:03:36.266] - eth_blockNumber
[2020/03/30 00:03:41.724] - eth_blockNumber
[2020/03/30 00:03:56.277] - eth_blockNumber
[2020/03/30 00:04:01.735] - eth_blockNumber
[2020/03/30 00:04:16.289] - eth_blockNumber
[2020/03/30 00:04:21.745] - eth_blockNumber
[2020/03/30 00:04:36.299] - eth_blockNumber
[2020/03/30 00:04:41.756] - eth_blockNumber
[2020/03/30 00:04:56.311] - eth_blockNumber
[2020/03/30 00:05:01.764] - eth_blockNumber
[2020/03/30 00:05:16.320] - eth_blockNumber
[2020/03/30 00:05:21.772] - eth_blockNumber
[2020/03/30 00:05:36.330] - eth_blockNumber
[2020/03/30 00:05:41.783] - eth_blockNumber
[2020/03/30 00:05:56.341] - eth_blockNumber
[2020/03/30 00:06:01.795] - eth_blockNumber
[2020/03/30 00:06:16.353] - eth_blockNumber
[2020/03/30 00:06:21.805] - eth_blockNumber
[2020/03/30 00:06:36.364] - eth_blockNumber
[2020/03/30 00:06:41.816] - eth_blockNumber
[2020/03/30 00:06:56.377] - eth_blockNumber
[2020/03/30 00:07:01.825] - eth_blockNumber
[2020/03/30 00:07:16.388] - eth_blockNumber
[2020/03/30 00:07:21.839] - eth_blockNumber
[2020/03/30 00:07:36.402] - eth_blockNumber
[2020/03/30 00:07:41.847] - eth_blockNumber
[2020/03/30 00:07:56.415] - eth_blockNumber
[2020/03/30 00:08:01.856] - eth_blockNumber
[2020/03/30 00:08:16.426] - eth_blockNumber
[2020/03/30 00:08:21.867] - eth_blockNumber
[2020/03/30 00:08:36.440] - eth_blockNumber
[2020/03/30 00:08:41.880] - eth_blockNumber
[2020/03/30 00:08:56.453] - eth_blockNumber
[2020/03/30 00:09:01.891] - eth_blockNumber
[2020/03/30 00:09:16.465] - eth_blockNumber
[2020/03/30 00:09:21.902] - eth_blockNumber
[2020/03/30 00:09:36.478] - eth_blockNumber
[2020/03/30 00:09:41.916] - eth_blockNumber
[2020/03/30 00:09:56.493] - eth_blockNumber
[2020/03/30 00:10:01.943] - eth_blockNumber
[2020/03/30 00:10:16.510] - eth_blockNumber
[2020/03/30 00:10:21.959] - eth_blockNumber
[2020/03/30 00:10:36.522] - eth_blockNumber
[2020/03/30 00:10:41.977] - eth_blockNumber
[2020/03/30 00:10:56.537] - eth_blockNumber
[2020/03/30 00:11:01.994] - eth_blockNumber
[2020/03/30 00:11:16.546] - eth_blockNumber
[2020/03/30 00:11:22.005] - eth_blockNumber
[2020/03/30 00:11:36.554] - eth_blockNumber
[2020/03/30 00:11:42.021] - eth_blockNumber
[2020/03/30 00:11:56.563] - eth_blockNumber
[2020/03/30 00:12:02.037] - eth_blockNumber
[2020/03/30 00:12:16.580] - eth_blockNumber
[2020/03/30 00:12:22.044] - eth_blockNumber
[2020/03/30 00:12:36.596] - eth_blockNumber
[2020/03/30 00:12:42.053] - eth_blockNumber
[2020/03/30 00:12:56.606] - eth_blockNumber
[2020/03/30 00:13:02.061] - eth_blockNumber
[2020/03/30 00:13:08.615] - net_version
[2020/03/30 00:13:16.615] - eth_blockNumber
[2020/03/30 00:13:22.076] - eth_blockNumber
[2020/03/30 00:13:36.627] - eth_blockNumber
[2020/03/30 00:13:42.090] - eth_blockNumber
[2020/03/30 00:13:56.639] - eth_blockNumber
[2020/03/30 00:14:02.099] - eth_blockNumber
[2020/03/30 00:14:16.651] - eth_blockNumber
[2020/03/30 00:14:22.114] - eth_blockNumber
[2020/03/30 00:14:36.663] - eth_blockNumber
[2020/03/30 00:14:42.122] - eth_blockNumber
[2020/03/30 00:14:56.676] - eth_blockNumber
[2020/03/30 00:15:02.138] - eth_blockNumber
[2020/03/30 00:15:16.683] - eth_blockNumber
[2020/03/30 00:15:22.153] - eth_blockNumber
[2020/03/30 00:15:36.692] - eth_blockNumber
[2020/03/30 00:15:42.167] - eth_blockNumber
[2020/03/30 00:15:56.703] - eth_blockNumber
[2020/03/30 00:16:00.959] - net_version
[2020/03/30 00:16:02.180] - eth_blockNumber
[2020/03/30 00:16:16.715] - eth_blockNumber
[2020/03/30 00:16:22.192] - eth_blockNumber
[2020/03/30 00:16:36.725] - eth_blockNumber
[2020/03/30 00:16:42.204] - eth_blockNumber
[2020/03/30 00:16:56.735] - eth_blockNumber
[2020/03/30 00:17:02.213] - eth_blockNumber
[2020/03/30 00:17:16.751] - eth_blockNumber
[2020/03/30 00:17:22.223] - eth_blockNumber
[2020/03/30 00:17:36.762] - eth_blockNumber
[2020/03/30 00:17:42.235] - eth_blockNumber
[2020/03/30 00:17:56.775] - eth_blockNumber
[2020/03/30 00:18:02.249] - eth_blockNumber
[2020/03/30 00:18:16.785] - eth_blockNumber
[2020/03/30 00:18:22.259] - eth_blockNumber
[2020/03/30 00:18:36.796] - eth_blockNumber
[2020/03/30 00:18:42.272] - eth_blockNumber
[2020/03/30 00:18:56.808] - eth_blockNumber
[2020/03/30 00:19:02.283] - eth_blockNumber
[2020/03/30 00:19:16.819] - eth_blockNumber
[2020/03/30 00:19:22.291] - eth_blockNumber
[2020/03/30 00:19:36.830] - eth_blockNumber
[2020/03/30 00:19:42.300] - eth_blockNumber
[2020/03/30 00:19:56.841] - eth_blockNumber
[2020/03/30 00:20:02.312] - eth_blockNumber
[2020/03/30 00:20:16.852] - eth_blockNumber
[2020/03/30 00:20:22.328] - eth_blockNumber
[2020/03/30 00:20:36.873] - eth_blockNumber
[2020/03/30 00:20:42.343] - eth_blockNumber
[2020/03/30 00:20:56.890] - eth_blockNumber
[2020/03/30 00:21:02.364] - eth_blockNumber
[2020/03/30 00:21:16.909] - eth_blockNumber
[2020/03/30 00:21:22.382] - eth_blockNumber
[2020/03/30 00:21:36.929] - eth_blockNumber
[2020/03/30 00:21:42.393] - eth_blockNumber
[2020/03/30 00:21:56.943] - eth_blockNumber
[2020/03/30 00:22:02.406] - eth_blockNumber
[2020/03/30 00:22:16.954] - eth_blockNumber
[2020/03/30 00:22:22.423] - eth_blockNumber
[2020/03/30 00:22:36.964] - eth_blockNumber
[2020/03/30 00:22:42.438] - eth_blockNumber
[2020/03/30 00:22:56.973] - eth_blockNumber
[2020/03/30 00:23:02.449] - eth_blockNumber
[2020/03/30 00:23:16.986] - eth_blockNumber
[2020/03/30 00:23:22.459] - eth_blockNumber
[2020/03/30 00:23:37.011] - eth_blockNumber
[2020/03/30 00:23:42.469] - eth_blockNumber
[2020/03/30 00:23:57.068] - eth_blockNumber
[2020/03/30 00:24:02.480] - eth_blockNumber
[2020/03/30 00:24:17.089] - eth_blockNumber
[2020/03/30 00:24:22.492] - eth_blockNumber
[2020/03/30 00:24:37.102] - eth_blockNumber
[2020/03/30 00:24:41.615] - net_version
[2020/03/30 00:24:42.508] - eth_blockNumber
[2020/03/30 00:24:57.116] - eth_blockNumber
[2020/03/30 00:25:02.520] - eth_blockNumber
[2020/03/30 00:25:17.128] - eth_blockNumber
[2020/03/30 00:25:22.529] - eth_blockNumber
[2020/03/30 00:25:37.140] - eth_blockNumber
[2020/03/30 00:25:42.541] - eth_blockNumber
[2020/03/30 00:25:57.152] - eth_blockNumber
[2020/03/30 00:26:02.551] - eth_blockNumber
[2020/03/30 00:26:17.163] - eth_blockNumber
[2020/03/30 00:26:22.565] - eth_blockNumber
[2020/03/30 00:26:37.174] - eth_blockNumber
[2020/03/30 00:26:42.581] - eth_blockNumber
[2020/03/30 00:26:51.996] - net_version
[2020/03/30 00:26:57.182] - eth_blockNumber
[2020/03/30 00:27:02.594] - eth_blockNumber
[2020/03/30 00:27:17.191] - eth_blockNumber
[2020/03/30 00:27:22.603] - eth_blockNumber
[2020/03/30 00:27:37.203] - eth_blockNumber
[2020/03/30 00:27:42.611] - eth_blockNumber
[2020/03/30 00:27:57.213] - eth_blockNumber
[2020/03/30 00:28:02.627] - eth_blockNumber
[2020/03/30 00:28:17.225] - eth_blockNumber
[2020/03/30 00:28:22.644] - eth_blockNumber
[2020/03/30 00:28:37.235] - eth_blockNumber
[2020/03/30 00:28:42.665] - eth_blockNumber
[2020/03/30 00:28:57.247] - eth_blockNumber
[2020/03/30 00:29:02.678] - eth_blockNumber
[2020/03/30 00:29:17.260] - eth_blockNumber
[2020/03/30 00:29:22.688] - eth_blockNumber
[2020/03/30 00:29:37.271] - eth_blockNumber
[2020/03/30 00:29:42.702] - eth_blockNumber
[2020/03/30 00:29:57.282] - eth_blockNumber
[2020/03/30 00:30:02.714] - eth_blockNumber
[2020/03/30 00:30:17.293] - eth_blockNumber
[2020/03/30 00:30:22.730] - eth_blockNumber
[2020/03/30 00:30:37.318] - eth_blockNumber
[2020/03/30 00:30:42.746] - eth_blockNumber
[2020/03/30 00:30:57.338] - eth_blockNumber
[2020/03/30 00:31:02.763] - eth_blockNumber
[2020/03/30 00:31:17.349] - eth_blockNumber
[2020/03/30 00:31:22.774] - eth_blockNumber
[2020/03/30 00:31:37.360] - eth_blockNumber
[2020/03/30 00:31:42.786] - eth_blockNumber
[2020/03/30 00:31:57.371] - eth_blockNumber
[2020/03/30 00:32:02.797] - eth_blockNumber
[2020/03/30 00:32:17.382] - eth_blockNumber
[2020/03/30 00:32:22.811] - eth_blockNumber
[2020/03/30 00:32:37.392] - eth_blockNumber
[2020/03/30 00:32:42.824] - eth_blockNumber
[2020/03/30 00:32:57.401] - eth_blockNumber
[2020/03/30 00:33:02.832] - eth_blockNumber
[2020/03/30 00:33:17.414] - eth_blockNumber
[2020/03/30 00:33:22.842] - eth_blockNumber
[2020/03/30 00:33:37.424] - eth_blockNumber
[2020/03/30 00:33:42.851] - eth_blockNumber
[2020/03/30 00:33:57.435] - eth_blockNumber
[2020/03/30 00:34:02.860] - eth_blockNumber
[2020/03/30 00:34:17.445] - eth_blockNumber
[2020/03/30 00:34:22.872] - eth_blockNumber
[2020/03/30 00:34:37.456] - eth_blockNumber
[2020/03/30 00:34:42.882] - eth_blockNumber
[2020/03/30 00:34:57.466] - eth_blockNumber
[2020/03/30 00:35:02.890] - eth_blockNumber
[2020/03/30 00:35:17.476] - eth_blockNumber
[2020/03/30 00:35:22.901] - eth_blockNumber
[2020/03/30 00:35:37.487] - eth_blockNumber
[2020/03/30 00:35:42.913] - eth_blockNumber
[2020/03/30 00:35:57.497] - eth_blockNumber
[2020/03/30 00:36:02.922] - eth_blockNumber
[2020/03/30 00:36:17.507] - eth_blockNumber
[2020/03/30 00:36:22.931] - eth_blockNumber
[2020/03/30 00:36:37.519] - eth_blockNumber
[2020/03/30 00:36:42.946] - eth_blockNumber
[2020/03/30 00:36:57.532] - eth_blockNumber
[2020/03/30 00:37:02.964] - eth_blockNumber
[2020/03/30 00:37:17.546] - eth_blockNumber
[2020/03/30 00:37:22.976] - eth_blockNumber
[2020/03/30 00:37:37.559] - eth_blockNumber
[2020/03/30 00:37:42.996] - eth_blockNumber
[2020/03/30 00:37:57.574] - eth_blockNumber
[2020/03/30 00:38:03.016] - eth_blockNumber
[2020/03/30 00:38:17.585] - eth_blockNumber
[2020/03/30 00:38:23.026] - eth_blockNumber
[2020/03/30 00:38:37.597] - eth_blockNumber
[2020/03/30 00:38:43.039] - eth_blockNumber
[2020/03/30 00:38:57.615] - eth_blockNumber
[2020/03/30 00:39:03.050] - eth_blockNumber
[2020/03/30 00:39:17.635] - eth_blockNumber
[2020/03/30 00:39:23.060] - eth_blockNumber
[2020/03/30 00:39:37.654] - eth_blockNumber
[2020/03/30 00:39:43.074] - eth_blockNumber
[2020/03/30 00:39:57.673] - eth_blockNumber
[2020/03/30 00:40:03.086] - eth_blockNumber
[2020/03/30 00:40:17.691] - eth_blockNumber
[2020/03/30 00:40:23.098] - eth_blockNumber
[2020/03/30 00:40:37.704] - eth_blockNumber
[2020/03/30 00:40:43.115] - eth_blockNumber
[2020/03/30 00:40:57.714] - eth_blockNumber
[2020/03/30 00:41:03.131] - eth_blockNumber
[2020/03/30 00:41:17.724] - eth_blockNumber
[2020/03/30 00:41:23.146] - eth_blockNumber
[2020/03/30 00:41:37.735] - eth_blockNumber
[2020/03/30 00:41:43.186] - eth_blockNumber
[2020/03/30 00:41:57.746] - eth_blockNumber
[2020/03/30 00:42:03.196] - eth_blockNumber
[2020/03/30 00:42:17.759] - eth_blockNumber
[2020/03/30 00:42:23.207] - eth_blockNumber
[2020/03/30 00:42:37.778] - eth_blockNumber
[2020/03/30 00:42:43.218] - eth_blockNumber
[2020/03/30 00:42:57.797] - eth_blockNumber
[2020/03/30 00:43:03.228] - eth_blockNumber
[2020/03/30 00:43:17.820] - eth_blockNumber
[2020/03/30 00:43:23.240] - eth_blockNumber
[2020/03/30 00:43:37.831] - eth_blockNumber
[2020/03/30 00:43:43.252] - eth_blockNumber
[2020/03/30 00:43:57.842] - eth_blockNumber
[2020/03/30 00:44:03.264] - eth_blockNumber
[2020/03/30 00:44:17.853] - eth_blockNumber
[2020/03/30 00:44:23.275] - eth_blockNumber
[2020/03/30 00:44:37.863] - eth_blockNumber
[2020/03/30 00:44:43.286] - eth_blockNumber
[2020/03/30 00:44:57.877] - eth_blockNumber
[2020/03/30 00:45:03.299] - eth_blockNumber
[2020/03/30 00:45:17.890] - eth_blockNumber
[2020/03/30 00:45:23.310] - eth_blockNumber
[2020/03/30 00:45:37.902] - eth_blockNumber
[2020/03/30 00:45:43.323] - eth_blockNumber
[2020/03/30 00:45:57.917] - eth_blockNumber
[2020/03/30 00:46:03.336] - eth_blockNumber
[2020/03/30 00:46:17.928] - eth_blockNumber
[2020/03/30 00:46:23.353] - eth_blockNumber
[2020/03/30 00:46:37.938] - eth_blockNumber
[2020/03/30 00:46:43.367] - eth_blockNumber
[2020/03/30 00:46:57.949] - eth_blockNumber
[2020/03/30 00:47:03.383] - eth_blockNumber
[2020/03/30 00:47:17.962] - eth_blockNumber
[2020/03/30 00:47:23.401] - eth_blockNumber
[2020/03/30 00:47:37.995] - eth_blockNumber
[2020/03/30 00:47:43.414] - eth_blockNumber
[2020/03/30 00:47:58.015] - eth_blockNumber
[2020/03/30 00:48:03.426] - eth_blockNumber
[2020/03/30 00:48:18.033] - eth_blockNumber
[2020/03/30 00:48:23.446] - eth_blockNumber
[2020/03/30 00:48:38.155] - eth_blockNumber
[2020/03/30 00:48:43.460] - eth_blockNumber
[2020/03/30 00:48:58.229] - eth_blockNumber
[2020/03/30 00:49:03.471] - eth_blockNumber
[2020/03/30 00:49:18.240] - eth_blockNumber
[2020/03/30 00:49:23.485] - eth_blockNumber
[2020/03/30 00:49:38.260] - eth_blockNumber
[2020/03/30 00:49:43.500] - eth_blockNumber
[2020/03/30 00:49:58.281] - eth_blockNumber
[2020/03/30 00:50:03.512] - eth_blockNumber
[2020/03/30 00:50:18.294] - eth_blockNumber
[2020/03/30 00:50:23.524] - eth_blockNumber
[2020/03/30 00:50:38.308] - eth_blockNumber
[2020/03/30 00:50:43.535] - eth_blockNumber
[2020/03/30 00:50:58.319] - eth_blockNumber
[2020/03/30 00:51:03.545] - eth_blockNumber
[2020/03/30 00:51:18.330] - eth_blockNumber
[2020/03/30 00:51:23.558] - eth_blockNumber
[2020/03/30 00:51:38.411] - eth_blockNumber
[2020/03/30 00:51:43.574] - eth_blockNumber
[2020/03/30 00:51:58.438] - eth_blockNumber
[2020/03/30 00:52:03.585] - eth_blockNumber
[2020/03/30 00:52:18.451] - eth_blockNumber
[2020/03/30 00:52:23.596] - eth_blockNumber
[2020/03/30 00:52:38.471] - eth_blockNumber
[2020/03/30 00:52:43.605] - eth_blockNumber
[2020/03/30 00:52:58.485] - eth_blockNumber
[2020/03/30 00:53:03.615] - eth_blockNumber
[2020/03/30 00:53:18.498] - eth_blockNumber
[2020/03/30 00:53:23.632] - eth_blockNumber
[2020/03/30 00:53:38.511] - eth_blockNumber
[2020/03/30 00:53:43.649] - eth_blockNumber
[2020/03/30 00:53:58.524] - eth_blockNumber
[2020/03/30 00:54:03.661] - eth_blockNumber
[2020/03/30 00:54:18.536] - eth_blockNumber
[2020/03/30 00:54:23.674] - eth_blockNumber
[2020/03/30 00:54:26.195] - net_version
[2020/03/30 00:54:38.549] - eth_blockNumber
[2020/03/30 00:54:43.690] - eth_blockNumber
[2020/03/30 00:54:58.570] - eth_blockNumber
[2020/03/30 00:55:03.711] - eth_blockNumber
[2020/03/30 00:55:18.434] - net_version
[2020/03/30 00:55:18.596] - eth_blockNumber
[2020/03/30 00:55:23.722] - eth_blockNumber
[2020/03/30 00:55:38.620] - eth_blockNumber
[2020/03/30 00:55:43.733] - eth_blockNumber
[2020/03/30 00:55:58.637] - eth_blockNumber
[2020/03/30 00:56:03.748] - eth_blockNumber
[2020/03/30 00:56:18.648] - eth_blockNumber
[2020/03/30 00:56:23.758] - eth_blockNumber
[2020/03/30 00:56:38.665] - eth_blockNumber
[2020/03/30 00:56:43.769] - eth_blockNumber
[2020/03/30 00:56:58.682] - eth_blockNumber
[2020/03/30 00:57:03.780] - eth_blockNumber
[2020/03/30 00:57:18.699] - eth_blockNumber
[2020/03/30 00:57:23.791] - eth_blockNumber
[2020/03/30 00:57:38.718] - eth_blockNumber
[2020/03/30 00:57:43.801] - eth_blockNumber
[2020/03/30 00:57:58.739] - eth_blockNumber
[2020/03/30 00:58:03.812] - eth_blockNumber
[2020/03/30 00:58:18.763] - eth_blockNumber
[2020/03/30 00:58:23.821] - eth_blockNumber
[2020/03/30 00:58:38.773] - eth_blockNumber
[2020/03/30 00:58:43.833] - eth_blockNumber
[2020/03/30 00:58:58.786] - eth_blockNumber
[2020/03/30 00:59:03.843] - eth_blockNumber
[2020/03/30 00:59:18.796] - eth_blockNumber
[2020/03/30 00:59:23.853] - eth_blockNumber
[2020/03/30 00:59:38.807] - eth_blockNumber
[2020/03/30 00:59:43.863] - eth_blockNumber
[2020/03/30 00:59:58.817] - eth_blockNumber
[2020/03/30 01:00:03.874] - eth_blockNumber
[2020/03/30 01:00:18.830] - eth_blockNumber
[2020/03/30 01:00:23.884] - eth_blockNumber
[2020/03/30 01:00:38.843] - eth_blockNumber
[2020/03/30 01:00:43.897] - eth_blockNumber
[2020/03/30 01:00:58.853] - eth_blockNumber
[2020/03/30 01:01:03.908] - eth_blockNumber
[2020/03/30 01:01:18.870] - eth_blockNumber
[2020/03/30 01:01:23.919] - eth_blockNumber
[2020/03/30 01:01:38.891] - eth_blockNumber
[2020/03/30 01:01:43.934] - eth_blockNumber
[2020/03/30 01:01:58.909] - eth_blockNumber
[2020/03/30 01:02:03.952] - eth_blockNumber
[2020/03/30 01:02:18.922] - eth_blockNumber
[2020/03/30 01:02:23.969] - eth_blockNumber
[2020/03/30 01:02:38.932] - eth_blockNumber
[2020/03/30 01:02:43.980] - eth_blockNumber
[2020/03/30 01:02:58.948] - eth_blockNumber
[2020/03/30 01:03:03.991] - eth_blockNumber
[2020/03/30 01:03:18.965] - eth_blockNumber
[2020/03/30 01:03:24.002] - eth_blockNumber
[2020/03/30 01:03:27.261] - net_version
[2020/03/30 01:03:38.973] - eth_blockNumber
[2020/03/30 01:03:44.011] - eth_blockNumber
[2020/03/30 01:03:58.985] - eth_blockNumber
[2020/03/30 01:04:04.022] - eth_blockNumber
[2020/03/30 01:04:18.995] - eth_blockNumber
[2020/03/30 01:04:24.035] - eth_blockNumber
[2020/03/30 01:04:39.017] - eth_blockNumber
[2020/03/30 01:04:44.057] - eth_blockNumber
[2020/03/30 01:04:59.038] - eth_blockNumber
[2020/03/30 01:05:04.068] - eth_blockNumber
[2020/03/30 01:05:19.049] - eth_blockNumber
[2020/03/30 01:05:24.079] - eth_blockNumber
[2020/03/30 01:05:39.065] - eth_blockNumber
[2020/03/30 01:05:44.089] - eth_blockNumber
[2020/03/30 01:05:56.981] - net_version
[2020/03/30 01:05:59.078] - eth_blockNumber
[2020/03/30 01:06:04.097] - eth_blockNumber
[2020/03/30 01:06:19.089] - eth_blockNumber
[2020/03/30 01:06:24.106] - eth_blockNumber
[2020/03/30 01:06:39.102] - eth_blockNumber
[2020/03/30 01:06:44.119] - eth_blockNumber
[2020/03/30 01:06:59.119] - eth_blockNumber
[2020/03/30 01:07:04.132] - eth_blockNumber
[2020/03/30 01:07:19.135] - eth_blockNumber
[2020/03/30 01:07:24.144] - eth_blockNumber
[2020/03/30 01:07:39.152] - eth_blockNumber
[2020/03/30 01:07:44.167] - eth_blockNumber
[2020/03/30 01:07:59.163] - eth_blockNumber
[2020/03/30 01:08:04.198] - eth_blockNumber
[2020/03/30 01:08:19.182] - eth_blockNumber
[2020/03/30 01:08:24.218] - eth_blockNumber
[2020/03/30 01:08:39.200] - eth_blockNumber
[2020/03/30 01:08:44.240] - eth_blockNumber
[2020/03/30 01:08:59.218] - eth_blockNumber
[2020/03/30 01:09:04.259] - eth_blockNumber
[2020/03/30 01:09:19.237] - eth_blockNumber
[2020/03/30 01:09:24.270] - eth_blockNumber
[2020/03/30 01:09:26.269] - net_version
[2020/03/30 01:09:39.252] - eth_blockNumber
[2020/03/30 01:09:44.284] - eth_blockNumber
[2020/03/30 01:09:59.270] - eth_blockNumber
[2020/03/30 01:10:04.310] - eth_blockNumber
[2020/03/30 01:10:19.287] - eth_blockNumber
[2020/03/30 01:10:24.333] - eth_blockNumber
[2020/03/30 01:10:39.300] - eth_blockNumber
[2020/03/30 01:10:44.345] - eth_blockNumber
[2020/03/30 01:10:59.313] - eth_blockNumber
[2020/03/30 01:11:04.359] - eth_blockNumber
[2020/03/30 01:11:19.328] - eth_blockNumber
[2020/03/30 01:11:24.377] - eth_blockNumber
[2020/03/30 01:11:39.364] - eth_blockNumber
[2020/03/30 01:11:44.390] - eth_blockNumber
[2020/03/30 01:11:59.376] - eth_blockNumber
[2020/03/30 01:12:04.408] - eth_blockNumber
[2020/03/30 01:12:19.398] - eth_blockNumber
[2020/03/30 01:12:24.431] - eth_blockNumber
[2020/03/30 01:12:39.429] - eth_blockNumber
[2020/03/30 01:12:44.444] - eth_blockNumber
[2020/03/30 01:12:59.440] - eth_blockNumber
[2020/03/30 01:13:04.461] - eth_blockNumber
[2020/03/30 01:13:19.450] - eth_blockNumber
[2020/03/30 01:13:24.483] - eth_blockNumber
[2020/03/30 01:13:39.470] - eth_blockNumber
[2020/03/30 01:13:44.495] - eth_blockNumber
[2020/03/30 01:13:59.498] - eth_blockNumber
[2020/03/30 01:14:04.505] - eth_blockNumber
[2020/03/30 01:14:19.512] - eth_blockNumber
[2020/03/30 01:14:24.519] - eth_blockNumber
[2020/03/30 01:14:36.659] - eth_unsubscribe
[2020/03/30 01:14:36.660] - eth_unsubscribe
