[2020/03/25 13:41:03.108] - Starting server (version 2.1.2) with initial configuration: {"gasLimit":6721975,"gasPrice":20000000000,"hardfork":"petersburg","hostname":"127.0.0.1","port":7545,"network_id":5777,"default_balance_ether":100,"total_accounts":10,"unlocked_accounts":[],"locked":false,"vmErrorsOnRPCResponse":true,"verbose":false,"db_path":"/home/nash/.config/Ganache/workspaces/identity-wallet/chaindata","logDirectory":"/home/nash/Documents/Projects/Blockchain/Project/identity-wallet/wallet-web-app/logs"}
[2020/03/25 13:41:03.454] - eth_subscribe
[2020/03/25 13:41:03.457] - eth_getLogs
[2020/03/25 13:41:03.457] - eth_subscribe
[2020/03/25 13:41:03.462] - eth_getCode
[2020/03/25 13:41:03.485] - eth_getCode
[2020/03/25 13:41:03.515] - eth_getCode
[2020/03/25 13:41:03.525] - eth_getCode
[2020/03/25 13:41:03.534] - eth_getCode
[2020/03/25 13:41:03.853] - eth_blockNumber
[2020/03/25 13:41:04.334] - eth_blockNumber
[2020/03/25 13:41:04.335] - eth_accounts
[2020/03/25 13:41:04.335] - eth_gasPrice
[2020/03/25 13:41:04.336] - eth_getBlockByNumber
[2020/03/25 13:41:04.336] - eth_subscribe
[2020/03/25 13:41:04.489] - eth_accounts
[2020/03/25 13:41:04.661] - eth_getBalance
[2020/03/25 13:41:04.698] - eth_getTransactionCount
[2020/03/25 13:41:04.732] - eth_getBalance
[2020/03/25 13:41:04.765] - eth_getTransactionCount
[2020/03/25 13:41:04.801] - eth_getBalance
[2020/03/25 13:41:04.837] - eth_getTransactionCount
[2020/03/25 13:41:04.863] - eth_getBalance
[2020/03/25 13:41:04.867] - eth_blockNumber
[2020/03/25 13:41:04.898] - eth_getTransactionCount
[2020/03/25 13:41:04.931] - eth_getBalance
[2020/03/25 13:41:04.964] - eth_getTransactionCount
[2020/03/25 13:41:04.998] - eth_getBalance
[2020/03/25 13:41:05.031] - eth_getTransactionCount
[2020/03/25 13:41:05.066] - eth_getBalance
[2020/03/25 13:41:05.104] - eth_getTransactionCount
[2020/03/25 13:41:05.138] - eth_getBalance
[2020/03/25 13:41:05.171] - eth_getTransactionCount
[2020/03/25 13:41:05.205] - eth_getBalance
[2020/03/25 13:41:05.241] - eth_getTransactionCount
[2020/03/25 13:41:05.267] - eth_getBalance
[2020/03/25 13:41:05.303] - eth_getTransactionCount
[2020/03/25 13:41:05.759] - eth_getBalance
[2020/03/25 13:41:05.794] - eth_getTransactionCount
[2020/03/25 13:41:05.833] - eth_getBalance
[2020/03/25 13:41:05.867] - eth_getTransactionCount
[2020/03/25 13:41:05.901] - eth_getBalance
[2020/03/25 13:41:05.936] - eth_getTransactionCount
[2020/03/25 13:41:05.970] - eth_getBalance
[2020/03/25 13:41:06.004] - eth_getTransactionCount
[2020/03/25 13:41:06.040] - eth_getBalance
[2020/03/25 13:41:06.074] - eth_getTransactionCount
[2020/03/25 13:41:06.121] - eth_getBalance
[2020/03/25 13:41:06.165] - eth_getTransactionCount
[2020/03/25 13:41:06.198] - eth_getBalance
[2020/03/25 13:41:06.241] - eth_getTransactionCount
[2020/03/25 13:41:06.287] - eth_getBalance
[2020/03/25 13:41:06.333] - eth_getTransactionCount
[2020/03/25 13:41:06.405] - eth_getBalance
[2020/03/25 13:41:06.445] - eth_getTransactionCount
[2020/03/25 13:41:06.479] - eth_getBalance
[2020/03/25 13:41:06.548] - eth_getTransactionCount
[2020/03/25 13:42:49.178] - eth_blockNumber
[2020/03/25 13:42:49.179] - eth_blockNumber
[2020/03/25 13:43:02.482] - eth_getBalance
[2020/03/25 13:43:02.954] - net_version
[2020/03/25 13:43:02.963] - eth_getCode
[2020/03/25 13:43:02.969] - eth_getBlockByNumber
[2020/03/25 13:43:02.974] - eth_getBalance
[2020/03/25 13:43:02.983] - eth_getTransactionCount
[2020/03/25 13:43:02.992] - eth_getStorageAt
[2020/03/25 13:43:09.191] - eth_blockNumber
[2020/03/25 13:43:09.230] - eth_blockNumber
[2020/03/25 13:43:29.197] - eth_blockNumber
[2020/03/25 13:43:29.238] - eth_blockNumber
[2020/03/25 13:43:49.279] - eth_blockNumber
[2020/03/25 13:43:49.284] - eth_blockNumber
[2020/03/25 13:46:31.936] - eth_blockNumber
[2020/03/25 13:46:32.039] - eth_blockNumber
