[2020/04/03 11:18:19.198] - Starting server (version 2.1.2) with initial configuration: {"gasLimit":6721975,"gasPrice":20000000000,"hardfork":"petersburg","hostname":"127.0.0.1","port":7545,"network_id":5777,"default_balance_ether":100,"total_accounts":10,"unlocked_accounts":[],"locked":false,"vmErrorsOnRPCResponse":true,"verbose":false,"db_path":"/home/nash/.config/Ganache/workspaces/identity-wallet/chaindata","logDirectory":"/home/nash/Documents/Projects/Blockchain/Project/identity-wallet/wallet-web-app/logs"}
[2020/04/03 11:18:19.968] - eth_subscribe
[2020/04/03 11:18:19.972] - eth_getLogs
[2020/04/03 11:18:19.974] - eth_subscribe
[2020/04/03 11:18:19.985] - eth_getCode
[2020/04/03 11:18:20.049] - eth_getCode
[2020/04/03 11:18:20.109] - eth_getCode
[2020/04/03 11:18:20.135] - eth_getCode
[2020/04/03 11:18:20.151] - eth_getCode
[2020/04/03 11:18:20.192] - eth_getCode
[2020/04/03 11:18:21.513] - eth_accounts
[2020/04/03 11:18:21.513] - eth_gasPrice
[2020/04/03 11:18:21.514] - eth_getBlockByNumber
[2020/04/03 11:18:21.514] - eth_subscribe
[2020/04/03 11:18:21.696] - eth_getBalance
[2020/04/03 11:18:21.742] - eth_getTransactionCount
[2020/04/03 11:18:21.782] - eth_getBalance
[2020/04/03 11:18:21.822] - eth_getTransactionCount
[2020/04/03 11:18:21.863] - eth_getBalance
[2020/04/03 11:18:21.903] - eth_getTransactionCount
[2020/04/03 11:18:21.943] - eth_getBalance
[2020/04/03 11:18:21.984] - eth_getTransactionCount
[2020/04/03 11:18:22.023] - eth_getBalance
[2020/04/03 11:18:22.062] - eth_getTransactionCount
[2020/04/03 11:18:22.101] - eth_getBalance
[2020/04/03 11:18:22.141] - eth_getTransactionCount
[2020/04/03 11:18:22.180] - eth_getBalance
[2020/04/03 11:18:22.219] - eth_getTransactionCount
[2020/04/03 11:18:22.259] - eth_getBalance
[2020/04/03 11:18:22.298] - eth_getTransactionCount
[2020/04/03 11:18:22.338] - eth_getBalance
[2020/04/03 11:18:22.377] - eth_getTransactionCount
[2020/04/03 11:18:22.416] - eth_getBalance
[2020/04/03 11:18:22.454] - eth_getTransactionCount
[2020/04/03 11:18:22.579] - eth_blockNumber
[2020/04/03 11:18:25.471] - eth_getBalance
[2020/04/03 11:18:25.510] - eth_getTransactionCount
[2020/04/03 11:18:25.550] - eth_getBalance
[2020/04/03 11:18:25.588] - eth_getTransactionCount
[2020/04/03 11:18:25.628] - eth_getBalance
[2020/04/03 11:18:25.674] - eth_getTransactionCount
[2020/04/03 11:18:25.716] - eth_getBalance
[2020/04/03 11:18:25.759] - eth_getTransactionCount
[2020/04/03 11:18:25.797] - eth_getBalance
[2020/04/03 11:18:25.836] - eth_getTransactionCount
[2020/04/03 11:18:25.876] - eth_getBalance
[2020/04/03 11:18:25.915] - eth_getTransactionCount
[2020/04/03 11:18:25.954] - eth_getBalance
[2020/04/03 11:18:25.993] - eth_getTransactionCount
[2020/04/03 11:18:26.033] - eth_getBalance
[2020/04/03 11:18:26.071] - eth_getTransactionCount
[2020/04/03 11:18:26.110] - eth_getBalance
[2020/04/03 11:18:26.149] - eth_getTransactionCount
[2020/04/03 11:18:26.188] - eth_getBalance
[2020/04/03 11:18:26.235] - eth_getTransactionCount
[2020/04/03 11:23:06.786] - net_version
[2020/04/03 11:23:06.787] - eth_blockNumber
[2020/04/03 11:23:06.787] - net_version
[2020/04/03 11:23:07.154] - eth_getBlockByNumber
[2020/04/03 11:23:07.164] - eth_getBlockByNumber
[2020/04/03 11:23:07.164] - eth_getBlockByNumber
[2020/04/03 11:23:07.171] - eth_getBlockByNumber
[2020/04/03 11:23:07.173] - eth_getBlockByNumber
[2020/04/03 11:23:07.176] - eth_getBlockByNumber
[2020/04/03 11:23:07.178] - eth_getBlockByNumber
[2020/04/03 11:23:07.210] - eth_getBlockByNumber
[2020/04/03 11:23:07.217] - eth_getBlockByNumber
[2020/04/03 11:23:07.223] - eth_getBlockByNumber
[2020/04/03 11:23:07.242] - eth_getBlockByNumber
[2020/04/03 11:23:07.256] - eth_getBlockByNumber
[2020/04/03 11:23:07.283] - eth_getBlockByNumber
[2020/04/03 11:23:07.285] - eth_getBlockByNumber
[2020/04/03 11:23:07.291] - eth_getBlockByNumber
[2020/04/03 11:23:07.297] - eth_getBlockByNumber
[2020/04/03 11:23:07.312] - eth_getBlockByNumber
[2020/04/03 11:23:07.327] - eth_getBlockByNumber
[2020/04/03 11:23:07.339] - eth_getBlockByNumber
[2020/04/03 11:23:07.348] - eth_getBlockByNumber
[2020/04/03 11:23:07.362] - eth_getBlockByNumber
[2020/04/03 11:23:07.368] - eth_getBlockByNumber
[2020/04/03 11:23:07.378] - eth_getBlockByNumber
[2020/04/03 11:23:07.398] - eth_getBlockByNumber
[2020/04/03 11:23:07.406] - eth_getBlockByNumber
[2020/04/03 11:23:07.417] - eth_getBlockByNumber
[2020/04/03 11:23:07.423] - eth_getBlockByNumber
[2020/04/03 11:23:07.436] - eth_getBlockByNumber
[2020/04/03 11:23:07.443] - eth_getBlockByNumber
[2020/04/03 11:23:07.451] - eth_getBlockByNumber
[2020/04/03 11:23:07.460] - eth_getBlockByNumber
[2020/04/03 11:23:07.470] - eth_getBlockByNumber
[2020/04/03 11:23:07.478] - eth_getBlockByNumber
[2020/04/03 11:23:07.485] - eth_getBlockByNumber
[2020/04/03 11:23:07.492] - eth_getBlockByNumber
[2020/04/03 11:23:07.500] - eth_getBlockByNumber
[2020/04/03 11:23:07.508] - eth_getBlockByNumber
[2020/04/03 11:23:07.522] - eth_getBlockByNumber
[2020/04/03 11:23:07.528] - eth_getBlockByNumber
[2020/04/03 11:23:07.533] - eth_getBlockByNumber
[2020/04/03 11:23:07.544] - eth_getBlockByNumber
[2020/04/03 11:23:27.241] - eth_blockNumber
[2020/04/03 11:23:36.189] - eth_getBalance
[2020/04/03 11:23:38.395] - net_version
[2020/04/03 11:23:38.646] - eth_call
[2020/04/03 11:23:47.255] - eth_blockNumber
[2020/04/03 11:24:07.270] - eth_blockNumber
[2020/04/03 11:24:27.288] - eth_blockNumber
[2020/04/03 11:24:47.301] - eth_blockNumber
[2020/04/03 11:24:56.662] - net_version
[2020/04/03 11:25:07.313] - eth_blockNumber
[2020/04/03 11:25:27.327] - eth_blockNumber
[2020/04/03 11:25:47.344] - eth_blockNumber
[2020/04/03 11:26:07.360] - eth_blockNumber
[2020/04/03 11:26:27.374] - eth_blockNumber
[2020/04/03 11:26:47.391] - eth_blockNumber
[2020/04/03 11:26:58.287] - net_version
[2020/04/03 11:27:07.404] - eth_blockNumber
[2020/04/03 11:27:27.418] - eth_blockNumber
[2020/04/03 11:27:45.394] - eth_gasPrice
[2020/04/03 11:27:45.466] - eth_getCode
[2020/04/03 11:27:45.517] - eth_getBlockByNumber
[2020/04/03 11:27:45.654] - eth_estimateGas
[2020/04/03 11:27:47.466] - eth_blockNumber
[2020/04/03 11:27:47.488] - eth_getTransactionCount
[2020/04/03 11:27:49.439] - eth_sendRawTransaction
[2020/04/03 11:27:49.627] - 
[2020/04/03 11:27:49.627] -   Transaction: 0x2c1212f0fcba90d074bbbf7d1a015ed9134d69573ee73c18a257d19631dd47ec
[2020/04/03 11:27:49.627] -   Gas usage: 286298
[2020/04/03 11:27:49.627] -   Block Number: 325
[2020/04/03 11:27:49.627] -   Block Time: Fri Apr 03 2020 11:27:49 GMT+0100 (IST)
[2020/04/03 11:27:49.627] - 
[2020/04/03 11:27:49.630] - eth_getBlockByNumber
[2020/04/03 11:27:49.789] - eth_getBalance
[2020/04/03 11:27:49.833] - eth_getTransactionCount
[2020/04/03 11:27:49.885] - eth_getBalance
[2020/04/03 11:27:49.930] - eth_getTransactionCount
[2020/04/03 11:27:49.980] - eth_getBalance
[2020/04/03 11:27:50.060] - eth_getTransactionCount
[2020/04/03 11:27:50.115] - eth_getBalance
[2020/04/03 11:27:50.163] - eth_getTransactionCount
[2020/04/03 11:27:50.209] - eth_getBalance
[2020/04/03 11:27:50.250] - eth_getTransactionCount
[2020/04/03 11:27:50.304] - eth_getBalance
[2020/04/03 11:27:50.376] - eth_getTransactionCount
[2020/04/03 11:27:50.427] - eth_getBalance
[2020/04/03 11:27:50.487] - eth_getTransactionCount
[2020/04/03 11:27:50.577] - eth_getBalance
[2020/04/03 11:27:50.617] - eth_getTransactionCount
[2020/04/03 11:27:50.668] - eth_getBalance
[2020/04/03 11:27:50.727] - eth_getTransactionCount
[2020/04/03 11:27:50.771] - eth_getBalance
[2020/04/03 11:27:50.811] - eth_getTransactionCount
[2020/04/03 11:27:51.571] - eth_getTransactionReceipt
[2020/04/03 11:27:51.635] - eth_blockNumber
[2020/04/03 11:27:51.655] - eth_getBlockByNumber
[2020/04/03 11:27:51.664] - eth_getBlockByNumber
[2020/04/03 11:27:51.730] - eth_getTransactionReceipt
[2020/04/03 11:27:51.820] - eth_getTransactionCount
[2020/04/03 11:27:51.874] - eth_call
[2020/04/03 11:27:52.136] - eth_call
[2020/04/03 11:27:52.768] - eth_getBalance
[2020/04/03 11:28:07.499] - eth_blockNumber
[2020/04/03 11:28:27.514] - eth_blockNumber
[2020/04/03 11:28:47.527] - eth_blockNumber
[2020/04/03 11:29:07.545] - eth_blockNumber
[2020/04/03 11:29:27.560] - eth_blockNumber
[2020/04/03 11:29:47.576] - eth_blockNumber
[2020/04/03 11:30:07.591] - eth_blockNumber
[2020/04/03 11:30:27.603] - eth_blockNumber
[2020/04/03 11:30:47.614] - eth_blockNumber
[2020/04/03 11:31:07.627] - eth_blockNumber
[2020/04/03 11:31:27.643] - eth_blockNumber
[2020/04/03 11:31:47.659] - eth_blockNumber
[2020/04/03 11:31:52.789] - eth_blockNumber
[2020/04/03 11:31:52.804] - net_version
[2020/04/03 11:31:52.811] - eth_accounts
[2020/04/03 11:31:52.846] - eth_getBlockByNumber
[2020/04/03 11:31:52.857] - eth_accounts
[2020/04/03 11:31:52.945] - eth_getBlockByNumber
[2020/04/03 11:31:52.957] - eth_getBlockByNumber
[2020/04/03 11:31:52.970] - eth_getBlockByNumber
[2020/04/03 11:31:52.990] - eth_estimateGas
[2020/04/03 11:31:55.255] - eth_getBlockByNumber
[2020/04/03 11:31:55.255] - eth_blockNumber
[2020/04/03 11:31:55.265] - eth_sendTransaction
[2020/04/03 11:31:55.302] - 
[2020/04/03 11:31:55.302] -   Transaction: 0xcb724ed2d5defd04e8aafa0b8fa3100b8ec7c356a6a56aaf76bdc0fb8833181b
[2020/04/03 11:31:55.302] -   Contract created: 0x6e017ed41de4ff705785f1813af1774d073bfa1c
[2020/04/03 11:31:55.302] -   Gas usage: 188483
[2020/04/03 11:31:55.303] -   Block Number: 326
[2020/04/03 11:31:55.303] -   Block Time: Fri Apr 03 2020 11:31:55 GMT+0100 (IST)
[2020/04/03 11:31:55.303] - 
[2020/04/03 11:31:55.304] - eth_getBlockByNumber
[2020/04/03 11:31:55.306] - eth_getTransactionReceipt
[2020/04/03 11:31:55.316] - eth_getCode
[2020/04/03 11:31:55.323] - eth_getTransactionByHash
[2020/04/03 11:31:55.335] - eth_getBlockByNumber
[2020/04/03 11:31:55.345] - eth_getBalance
[2020/04/03 11:31:55.364] - eth_getBlockByNumber
[2020/04/03 11:31:55.380] - eth_getBlockByNumber
[2020/04/03 11:31:55.391] - eth_sendTransaction
[2020/04/03 11:31:55.444] - 
[2020/04/03 11:31:55.444] -   Transaction: 0x627cec17c1902471e22075ae0139422d77afb5ec930590b53f1a8394b06d6a0b
[2020/04/03 11:31:55.444] -   Gas usage: 42001
[2020/04/03 11:31:55.444] -   Block Number: 327
[2020/04/03 11:31:55.444] -   Block Time: Fri Apr 03 2020 11:31:55 GMT+0100 (IST)
[2020/04/03 11:31:55.445] - 
[2020/04/03 11:31:55.446] - eth_getBlockByNumber
[2020/04/03 11:31:55.447] - eth_getTransactionReceipt
[2020/04/03 11:31:55.485] - eth_getBlockByNumber
[2020/04/03 11:31:55.507] - eth_accounts
[2020/04/03 11:31:55.594] - eth_getBlockByNumber
[2020/04/03 11:31:55.600] - eth_getBlockByNumber
[2020/04/03 11:31:55.609] - eth_getBlockByNumber
[2020/04/03 11:31:55.615] - eth_estimateGas
[2020/04/03 11:31:55.655] - eth_getBlockByNumber
[2020/04/03 11:31:55.657] - eth_blockNumber
[2020/04/03 11:31:55.664] - eth_sendTransaction
[2020/04/03 11:31:55.736] - 
[2020/04/03 11:31:55.736] -   Transaction: 0x3945082b3c50f5cb480efbb3edb6d174a178aa8b34cd55daeb84ebf63928b3b4
[2020/04/03 11:31:55.737] -   Contract created: 0x370d78ec9c662d82fd9a6f5214aaab02d7d9d917
[2020/04/03 11:31:55.737] -   Gas usage: 1524611
[2020/04/03 11:31:55.737] -   Block Number: 328
[2020/04/03 11:31:55.737] -   Block Time: Fri Apr 03 2020 11:31:55 GMT+0100 (IST)
[2020/04/03 11:31:55.737] - 
[2020/04/03 11:31:55.738] - eth_getBlockByNumber
[2020/04/03 11:31:55.739] - eth_getTransactionReceipt
[2020/04/03 11:31:55.751] - eth_getCode
[2020/04/03 11:31:55.762] - eth_getTransactionByHash
[2020/04/03 11:31:55.774] - eth_getBlockByNumber
[2020/04/03 11:31:55.782] - eth_getBalance
[2020/04/03 11:31:55.794] - eth_getBalance
[2020/04/03 11:31:55.832] - eth_getBlockByNumber
[2020/04/03 11:31:55.842] - eth_getBlockByNumber
[2020/04/03 11:31:55.849] - eth_sendTransaction
[2020/04/03 11:31:55.898] - eth_getTransactionCount
[2020/04/03 11:31:55.910] - 
[2020/04/03 11:31:55.910] -   Transaction: 0xc4efc33b1c03f6b740ca0e41ecb277336933c20cf446bacc9c3eb442329d7143
[2020/04/03 11:31:55.910] -   Gas usage: 27001
[2020/04/03 11:31:55.910] -   Block Number: 329
[2020/04/03 11:31:55.910] -   Block Time: Fri Apr 03 2020 11:31:55 GMT+0100 (IST)
[2020/04/03 11:31:55.911] - 
[2020/04/03 11:31:55.914] - eth_getBlockByNumber
[2020/04/03 11:31:55.915] - eth_getTransactionReceipt
[2020/04/03 11:31:55.937] - eth_getBlockByNumber
[2020/04/03 11:31:55.944] - eth_accounts
[2020/04/03 11:31:55.993] - eth_getBalance
[2020/04/03 11:31:56.015] - eth_getBlockByNumber
[2020/04/03 11:31:56.020] - eth_getBlockByNumber
[2020/04/03 11:31:56.024] - eth_getBlockByNumber
[2020/04/03 11:31:56.033] - eth_estimateGas
[2020/04/03 11:31:56.060] - eth_getBlockByNumber
[2020/04/03 11:31:56.060] - eth_blockNumber
[2020/04/03 11:31:56.070] - eth_sendTransaction
[2020/04/03 11:31:56.079] - eth_getTransactionCount
[2020/04/03 11:31:56.109] - 
[2020/04/03 11:31:56.109] -   Transaction: 0xfbf09f596c52e9a5b354940ba11e48991f0a20dfe3229332a1acc9e9ddfa2505
[2020/04/03 11:31:56.109] -   Contract created: 0xf080b0bbbd1baee9e5620e82d01ddae52a518003
[2020/04/03 11:31:56.109] -   Gas usage: 1274971
[2020/04/03 11:31:56.109] -   Block Number: 330
[2020/04/03 11:31:56.109] -   Block Time: Fri Apr 03 2020 11:31:56 GMT+0100 (IST)
[2020/04/03 11:31:56.110] - 
[2020/04/03 11:31:56.112] - eth_getTransactionReceipt
[2020/04/03 11:31:56.121] - eth_getCode
[2020/04/03 11:31:56.128] - eth_getTransactionByHash
[2020/04/03 11:31:56.140] - eth_getBlockByNumber
[2020/04/03 11:31:56.148] - eth_getBalance
[2020/04/03 11:31:56.167] - eth_getBalance
[2020/04/03 11:31:56.219] - eth_getBlockByNumber
[2020/04/03 11:31:56.230] - eth_getBlockByNumber
[2020/04/03 11:31:56.239] - eth_sendTransaction
[2020/04/03 11:31:56.263] - eth_getTransactionCount
[2020/04/03 11:31:56.288] - 
[2020/04/03 11:31:56.288] -   Transaction: 0x098f087392c08d9b2d71c28d383145c931eeabe8aac891fab1e9ce60c1d69ad1
[2020/04/03 11:31:56.288] -   Gas usage: 27001
[2020/04/03 11:31:56.288] -   Block Number: 331
[2020/04/03 11:31:56.289] -   Block Time: Fri Apr 03 2020 11:31:56 GMT+0100 (IST)
[2020/04/03 11:31:56.289] - 
[2020/04/03 11:31:56.291] - eth_getTransactionReceipt
[2020/04/03 11:31:56.312] - eth_getBlockByNumber
[2020/04/03 11:31:56.319] - eth_accounts
[2020/04/03 11:31:56.353] - eth_getBalance
[2020/04/03 11:31:56.392] - eth_getBlockByNumber
[2020/04/03 11:31:56.397] - eth_getBlockByNumber
[2020/04/03 11:31:56.402] - eth_getBlockByNumber
[2020/04/03 11:31:56.408] - eth_estimateGas
[2020/04/03 11:31:56.424] - eth_getTransactionCount
[2020/04/03 11:31:56.430] - eth_getBlockByNumber
[2020/04/03 11:31:56.430] - eth_blockNumber
[2020/04/03 11:31:56.435] - eth_sendTransaction
[2020/04/03 11:31:56.484] - 
[2020/04/03 11:31:56.484] -   Transaction: 0x539b862bec23c32866f42f97c0831b6e46f42a3c497922a04ae5363929de5663
[2020/04/03 11:31:56.484] -   Contract created: 0xb4496523162626f401a6da799218036db98c742f
[2020/04/03 11:31:56.484] -   Gas usage: 1464548
[2020/04/03 11:31:56.484] -   Block Number: 332
[2020/04/03 11:31:56.485] -   Block Time: Fri Apr 03 2020 11:31:56 GMT+0100 (IST)
[2020/04/03 11:31:56.485] - 
[2020/04/03 11:31:56.486] - eth_getTransactionReceipt
[2020/04/03 11:31:56.494] - eth_getCode
[2020/04/03 11:31:56.501] - eth_getTransactionByHash
[2020/04/03 11:31:56.503] - eth_getBlockByNumber
[2020/04/03 11:31:56.507] - eth_getBlockByNumber
[2020/04/03 11:31:56.508] - eth_getBlockByNumber
[2020/04/03 11:31:56.515] - eth_getBlockByNumber
[2020/04/03 11:31:56.538] - eth_getBalance
[2020/04/03 11:31:56.571] - eth_getBalance
[2020/04/03 11:31:56.590] - eth_getBlockByNumber
[2020/04/03 11:31:56.599] - eth_getBlockByNumber
[2020/04/03 11:31:56.608] - eth_sendTransaction
[2020/04/03 11:31:56.723] - 
[2020/04/03 11:31:56.723] -   Transaction: 0xd41b91168afaec0267de54437ea6b48a5a5442d315d623ca4940df3269c9a6fc
[2020/04/03 11:31:56.723] -   Gas usage: 27001
[2020/04/03 11:31:56.723] -   Block Number: 333
[2020/04/03 11:31:56.724] -   Block Time: Fri Apr 03 2020 11:31:56 GMT+0100 (IST)
[2020/04/03 11:31:56.724] - 
[2020/04/03 11:31:56.725] - eth_getBlockByNumber
[2020/04/03 11:31:56.726] - eth_getTransactionCount
[2020/04/03 11:31:56.726] - eth_getTransactionReceipt
[2020/04/03 11:31:56.803] - eth_getBalance
[2020/04/03 11:31:56.891] - eth_getTransactionCount
[2020/04/03 11:31:56.942] - eth_getBalance
[2020/04/03 11:31:56.992] - eth_getTransactionCount
[2020/04/03 11:31:57.037] - eth_getBalance
[2020/04/03 11:31:57.078] - eth_getTransactionCount
[2020/04/03 11:31:57.132] - eth_getBalance
[2020/04/03 11:31:57.214] - eth_getTransactionCount
[2020/04/03 11:31:57.245] - eth_getBalance
[2020/04/03 11:31:57.289] - eth_getTransactionCount
[2020/04/03 11:31:57.376] - eth_getBalance
[2020/04/03 11:31:57.458] - eth_getTransactionCount
[2020/04/03 11:31:57.532] - eth_getBalance
[2020/04/03 11:31:57.627] - eth_getTransactionCount
[2020/04/03 11:31:57.831] - eth_getBalance
[2020/04/03 11:31:58.067] - eth_getTransactionCount
[2020/04/03 11:31:58.186] - eth_getBalance
[2020/04/03 11:31:58.274] - eth_getTransactionCount
[2020/04/03 11:31:58.344] - eth_getBalance
[2020/04/03 11:31:58.411] - eth_getTransactionCount
[2020/04/03 11:31:58.455] - eth_getBalance
[2020/04/03 11:31:58.495] - eth_getTransactionCount
[2020/04/03 11:31:58.540] - eth_getBalance
[2020/04/03 11:31:58.599] - eth_getTransactionCount
[2020/04/03 11:31:58.762] - eth_getBalance
[2020/04/03 11:31:58.894] - eth_getTransactionCount
[2020/04/03 11:31:59.100] - eth_getBalance
[2020/04/03 11:31:59.408] - eth_getTransactionCount
[2020/04/03 11:31:59.572] - eth_getBalance
[2020/04/03 11:31:59.622] - eth_getTransactionCount
[2020/04/03 11:32:03.977] - eth_getBalance
[2020/04/03 11:32:04.021] - eth_getTransactionCount
[2020/04/03 11:32:04.066] - eth_getBalance
[2020/04/03 11:32:04.119] - eth_getTransactionCount
[2020/04/03 11:32:04.167] - eth_getBalance
[2020/04/03 11:32:04.212] - eth_getTransactionCount
[2020/04/03 11:32:04.256] - eth_getBalance
[2020/04/03 11:32:04.304] - eth_getTransactionCount
[2020/04/03 11:32:04.352] - eth_getBalance
[2020/04/03 11:32:04.426] - eth_getTransactionCount
[2020/04/03 11:32:04.509] - eth_getBalance
[2020/04/03 11:32:04.552] - eth_getTransactionCount
[2020/04/03 11:32:04.598] - eth_getBalance
[2020/04/03 11:32:04.643] - eth_getTransactionCount
[2020/04/03 11:32:04.712] - eth_getBalance
[2020/04/03 11:32:04.759] - eth_getTransactionCount
[2020/04/03 11:32:04.804] - eth_getBalance
[2020/04/03 11:32:04.848] - eth_getTransactionCount
[2020/04/03 11:32:04.893] - eth_getBalance
[2020/04/03 11:32:04.937] - eth_getTransactionCount
[2020/04/03 11:32:05.200] - eth_getBalance
[2020/04/03 11:32:05.246] - eth_getTransactionCount
[2020/04/03 11:32:05.291] - eth_getBalance
[2020/04/03 11:32:05.336] - eth_getTransactionCount
[2020/04/03 11:32:05.382] - eth_getBalance
[2020/04/03 11:32:05.437] - eth_getTransactionCount
[2020/04/03 11:32:05.483] - eth_getBalance
[2020/04/03 11:32:05.531] - eth_getTransactionCount
[2020/04/03 11:32:05.576] - eth_getBalance
[2020/04/03 11:32:05.621] - eth_getTransactionCount
[2020/04/03 11:32:05.679] - eth_getBalance
[2020/04/03 11:32:05.730] - eth_getTransactionCount
[2020/04/03 11:32:05.776] - eth_getBalance
[2020/04/03 11:32:05.831] - eth_getTransactionCount
[2020/04/03 11:32:05.876] - eth_getBalance
[2020/04/03 11:32:05.921] - eth_getTransactionCount
[2020/04/03 11:32:05.968] - eth_getBalance
[2020/04/03 11:32:06.014] - eth_getTransactionCount
[2020/04/03 11:32:06.059] - eth_getBalance
[2020/04/03 11:32:06.104] - eth_getTransactionCount
[2020/04/03 11:32:06.551] - eth_getBalance
[2020/04/03 11:32:06.714] - eth_getTransactionCount
[2020/04/03 11:32:06.781] - eth_getBalance
[2020/04/03 11:32:06.840] - eth_getTransactionCount
[2020/04/03 11:32:06.886] - eth_getBalance
[2020/04/03 11:32:06.932] - eth_getTransactionCount
[2020/04/03 11:32:06.977] - eth_getBalance
[2020/04/03 11:32:07.022] - eth_getTransactionCount
[2020/04/03 11:32:07.077] - eth_getBalance
[2020/04/03 11:32:07.157] - eth_getTransactionCount
[2020/04/03 11:32:07.253] - eth_getBalance
[2020/04/03 11:32:07.354] - eth_getTransactionCount
[2020/04/03 11:32:07.420] - eth_getBalance
[2020/04/03 11:32:07.474] - eth_getTransactionCount
[2020/04/03 11:32:07.523] - eth_getBalance
[2020/04/03 11:32:07.571] - eth_getTransactionCount
[2020/04/03 11:32:07.616] - eth_getBalance
[2020/04/03 11:32:07.671] - eth_blockNumber
[2020/04/03 11:32:07.672] - eth_getTransactionCount
[2020/04/03 11:32:07.682] - eth_getBlockByNumber
[2020/04/03 11:32:07.686] - eth_getBlockByNumber
[2020/04/03 11:32:07.687] - eth_getBlockByNumber
[2020/04/03 11:32:07.687] - eth_getBlockByNumber
[2020/04/03 11:32:07.690] - eth_getBlockByNumber
[2020/04/03 11:32:07.695] - eth_getBlockByNumber
[2020/04/03 11:32:07.695] - eth_getBlockByNumber
[2020/04/03 11:32:07.696] - eth_getBlockByNumber
[2020/04/03 11:32:07.697] - eth_getBlockByNumber
[2020/04/03 11:32:07.747] - eth_getBalance
[2020/04/03 11:32:07.791] - eth_getBlockByNumber
[2020/04/03 11:32:07.798] - eth_getBlockByNumber
[2020/04/03 11:32:07.817] - eth_getTransactionCount
[2020/04/03 11:32:07.822] - eth_getBlockByNumber
[2020/04/03 11:32:07.822] - eth_getBlockByNumber
[2020/04/03 11:32:07.823] - eth_getBlockByNumber
[2020/04/03 11:32:07.826] - eth_getBlockByNumber
[2020/04/03 11:32:07.833] - eth_getBlockByNumber
[2020/04/03 11:32:08.112] - eth_getBalance
[2020/04/03 11:32:08.158] - eth_getTransactionCount
[2020/04/03 11:32:08.257] - eth_getBalance
[2020/04/03 11:32:08.316] - eth_getTransactionCount
[2020/04/03 11:32:08.370] - eth_getBalance
[2020/04/03 11:32:08.417] - eth_getTransactionCount
[2020/04/03 11:32:08.462] - eth_getBalance
[2020/04/03 11:32:08.507] - eth_getTransactionCount
[2020/04/03 11:32:08.551] - eth_getBalance
[2020/04/03 11:32:08.596] - eth_getTransactionCount
[2020/04/03 11:32:08.641] - eth_getBalance
[2020/04/03 11:32:08.651] - eth_getBalance
[2020/04/03 11:32:08.702] - eth_getTransactionCount
[2020/04/03 11:32:08.759] - eth_getBalance
[2020/04/03 11:32:08.805] - eth_getTransactionCount
[2020/04/03 11:32:08.849] - eth_getBalance
[2020/04/03 11:32:08.894] - eth_getTransactionCount
[2020/04/03 11:32:08.939] - eth_getBalance
[2020/04/03 11:32:08.984] - eth_getTransactionCount
[2020/04/03 11:32:09.030] - eth_getBalance
[2020/04/03 11:32:09.076] - eth_getTransactionCount
[2020/04/03 11:32:09.136] - eth_unsubscribe
[2020/04/03 11:32:09.136] - eth_unsubscribe
[2020/04/03 11:32:09.762] - Warning: stopMining called when miner was already stopped
