[2020/04/05 13:23:50.438] - Starting server (version 2.1.2) with initial configuration: {"gasLimit":6721975,"gasPrice":20000000000,"hardfork":"petersburg","hostname":"127.0.0.1","port":7545,"network_id":5777,"default_balance_ether":100,"total_accounts":10,"unlocked_accounts":[],"locked":false,"vmErrorsOnRPCResponse":true,"verbose":false,"db_path":"/home/nash/.config/Ganache/workspaces/identity-wallet/chaindata","logDirectory":"/home/nash/Documents/Projects/Blockchain/Project/identity-wallet/wallet-web-app/logs"}
[2020/04/05 13:23:50.954] - eth_subscribe
[2020/04/05 13:23:50.957] - eth_getLogs
[2020/04/05 13:23:50.958] - eth_subscribe
[2020/04/05 13:23:50.967] - eth_getCode
[2020/04/05 13:23:51.013] - eth_getCode
[2020/04/05 13:23:51.082] - eth_getCode
[2020/04/05 13:23:51.110] - eth_getCode
[2020/04/05 13:23:51.122] - eth_getCode
[2020/04/05 13:23:51.161] - eth_getCode
[2020/04/05 13:23:51.887] - eth_blockNumber
[2020/04/05 13:23:51.912] - eth_getBlockByNumber
[2020/04/05 13:23:51.918] - eth_getBlockByNumber
[2020/04/05 13:23:51.918] - eth_getBlockByNumber
[2020/04/05 13:23:51.919] - eth_getBlockByNumber
[2020/04/05 13:23:51.919] - eth_getBlockByNumber
[2020/04/05 13:23:51.920] - eth_getBlockByNumber
[2020/04/05 13:23:51.921] - eth_getBlockByNumber
[2020/04/05 13:23:51.924] - eth_getBlockByNumber
[2020/04/05 13:23:51.938] - eth_getBlockByNumber
[2020/04/05 13:23:51.943] - eth_getBlockByNumber
[2020/04/05 13:23:51.947] - eth_getBlockByNumber
[2020/04/05 13:23:51.953] - eth_getBlockByNumber
[2020/04/05 13:23:51.957] - eth_getBlockByNumber
[2020/04/05 13:23:51.961] - eth_getBlockByNumber
[2020/04/05 13:23:51.964] - eth_getBlockByNumber
[2020/04/05 13:23:51.968] - eth_getBlockByNumber
[2020/04/05 13:23:51.972] - eth_getBlockByNumber
[2020/04/05 13:23:51.976] - eth_getBlockByNumber
[2020/04/05 13:23:51.980] - eth_getBlockByNumber
[2020/04/05 13:23:51.985] - eth_getBlockByNumber
[2020/04/05 13:23:51.988] - eth_getBlockByNumber
[2020/04/05 13:23:51.992] - eth_getBlockByNumber
[2020/04/05 13:23:51.996] - eth_getBlockByNumber
[2020/04/05 13:23:52.001] - eth_getBlockByNumber
[2020/04/05 13:23:52.005] - eth_getBlockByNumber
[2020/04/05 13:23:52.009] - eth_getBlockByNumber
[2020/04/05 13:23:52.013] - eth_getBlockByNumber
[2020/04/05 13:23:52.017] - eth_getBlockByNumber
[2020/04/05 13:23:52.020] - eth_getBlockByNumber
[2020/04/05 13:23:52.024] - eth_getBlockByNumber
[2020/04/05 13:23:52.027] - eth_getBlockByNumber
[2020/04/05 13:23:52.031] - eth_getBlockByNumber
[2020/04/05 13:23:52.035] - eth_getBlockByNumber
[2020/04/05 13:23:52.039] - eth_getBlockByNumber
[2020/04/05 13:23:52.043] - eth_getBlockByNumber
[2020/04/05 13:23:52.047] - eth_getBlockByNumber
[2020/04/05 13:23:52.051] - eth_getBlockByNumber
[2020/04/05 13:23:52.057] - eth_getBlockByNumber
[2020/04/05 13:23:52.060] - eth_getBlockByNumber
[2020/04/05 13:23:52.065] - eth_getBlockByNumber
[2020/04/05 13:23:52.070] - eth_getBlockByNumber
[2020/04/05 13:23:52.147] - eth_blockNumber
[2020/04/05 13:23:54.030] - eth_accounts
[2020/04/05 13:23:54.031] - eth_gasPrice
[2020/04/05 13:23:54.031] - eth_getBlockByNumber
[2020/04/05 13:23:54.031] - eth_subscribe
[2020/04/05 13:23:54.207] - eth_accounts
[2020/04/05 13:23:54.406] - eth_getBalance
[2020/04/05 13:23:54.447] - eth_getTransactionCount
[2020/04/05 13:23:54.487] - eth_getBalance
[2020/04/05 13:23:54.529] - eth_getTransactionCount
[2020/04/05 13:23:54.573] - eth_getBalance
[2020/04/05 13:23:54.614] - eth_getTransactionCount
[2020/04/05 13:23:54.665] - eth_getBalance
[2020/04/05 13:23:54.710] - eth_getTransactionCount
[2020/04/05 13:23:54.752] - eth_getBalance
[2020/04/05 13:23:54.793] - eth_getTransactionCount
[2020/04/05 13:23:54.834] - eth_getBalance
[2020/04/05 13:23:54.874] - eth_getTransactionCount
[2020/04/05 13:23:54.915] - eth_getBalance
[2020/04/05 13:23:54.955] - eth_getTransactionCount
[2020/04/05 13:23:54.997] - eth_getBalance
[2020/04/05 13:23:55.039] - eth_getTransactionCount
[2020/04/05 13:23:55.079] - eth_getBalance
[2020/04/05 13:23:55.120] - eth_getTransactionCount
[2020/04/05 13:23:55.171] - eth_getBalance
[2020/04/05 13:23:55.214] - eth_getTransactionCount
[2020/04/05 13:23:55.735] - eth_getBalance
[2020/04/05 13:23:55.776] - eth_getTransactionCount
[2020/04/05 13:23:55.817] - eth_getBalance
[2020/04/05 13:23:55.858] - eth_getTransactionCount
[2020/04/05 13:23:55.900] - eth_getBalance
[2020/04/05 13:23:55.943] - eth_getTransactionCount
[2020/04/05 13:23:55.988] - eth_getBalance
[2020/04/05 13:23:56.029] - eth_getTransactionCount
[2020/04/05 13:23:56.072] - eth_getBalance
[2020/04/05 13:23:56.113] - eth_getTransactionCount
[2020/04/05 13:23:56.167] - eth_getBalance
[2020/04/05 13:23:56.211] - eth_getTransactionCount
[2020/04/05 13:23:56.253] - eth_getBalance
[2020/04/05 13:23:56.295] - eth_getTransactionCount
[2020/04/05 13:23:56.336] - eth_getBalance
[2020/04/05 13:23:56.378] - eth_getTransactionCount
[2020/04/05 13:23:56.420] - eth_getBalance
[2020/04/05 13:23:56.461] - eth_getTransactionCount
[2020/04/05 13:23:56.503] - eth_getBalance
[2020/04/05 13:23:56.546] - eth_getTransactionCount
[2020/04/05 13:24:11.958] - eth_blockNumber
[2020/04/05 13:24:31.971] - eth_blockNumber
[2020/04/05 13:24:51.985] - eth_blockNumber
[2020/04/05 13:25:11.999] - eth_blockNumber
[2020/04/05 13:25:32.020] - eth_blockNumber
[2020/04/05 13:25:52.044] - eth_blockNumber
[2020/04/05 13:26:12.057] - eth_blockNumber
[2020/04/05 13:26:32.068] - eth_blockNumber
[2020/04/05 13:26:52.086] - eth_blockNumber
[2020/04/05 13:27:12.106] - eth_blockNumber
[2020/04/05 13:27:32.120] - eth_blockNumber
[2020/04/05 13:27:52.137] - eth_blockNumber
[2020/04/05 13:28:12.157] - eth_blockNumber
[2020/04/05 13:28:21.645] - net_version
[2020/04/05 13:28:21.650] - eth_blockNumber
[2020/04/05 13:28:21.658] - net_version
[2020/04/05 13:28:22.046] - eth_getBlockByNumber
[2020/04/05 13:28:22.048] - eth_getBlockByNumber
[2020/04/05 13:28:22.054] - eth_getBlockByNumber
[2020/04/05 13:28:22.065] - eth_getBlockByNumber
[2020/04/05 13:28:22.067] - eth_getBlockByNumber
[2020/04/05 13:28:22.073] - eth_getBlockByNumber
[2020/04/05 13:28:22.087] - eth_getBlockByNumber
[2020/04/05 13:28:22.095] - eth_getBlockByNumber
[2020/04/05 13:28:22.098] - eth_getBlockByNumber
[2020/04/05 13:28:22.100] - eth_getBlockByNumber
[2020/04/05 13:28:22.103] - eth_getBlockByNumber
[2020/04/05 13:28:22.108] - eth_getBlockByNumber
[2020/04/05 13:28:22.122] - eth_getBlockByNumber
[2020/04/05 13:28:22.136] - eth_getBlockByNumber
[2020/04/05 13:28:22.176] - eth_getBlockByNumber
[2020/04/05 13:28:22.185] - eth_getBlockByNumber
[2020/04/05 13:28:22.194] - eth_getBlockByNumber
[2020/04/05 13:28:22.206] - eth_getBlockByNumber
[2020/04/05 13:28:22.213] - eth_getBlockByNumber
[2020/04/05 13:28:22.220] - eth_getBlockByNumber
[2020/04/05 13:28:22.258] - eth_getBlockByNumber
[2020/04/05 13:28:22.276] - eth_getBlockByNumber
[2020/04/05 13:28:22.296] - eth_getBlockByNumber
[2020/04/05 13:28:22.315] - eth_getBlockByNumber
[2020/04/05 13:28:22.319] - eth_getBlockByNumber
[2020/04/05 13:28:22.323] - eth_getBlockByNumber
[2020/04/05 13:28:22.366] - eth_getBlockByNumber
[2020/04/05 13:28:22.437] - eth_getBlockByNumber
[2020/04/05 13:28:22.491] - eth_getBlockByNumber
[2020/04/05 13:28:22.511] - eth_getBlockByNumber
[2020/04/05 13:28:22.513] - eth_getBlockByNumber
[2020/04/05 13:28:22.522] - eth_getBlockByNumber
[2020/04/05 13:28:22.525] - eth_getBlockByNumber
[2020/04/05 13:28:22.528] - eth_getBlockByNumber
[2020/04/05 13:28:22.531] - eth_getBlockByNumber
[2020/04/05 13:28:22.536] - eth_getBlockByNumber
[2020/04/05 13:28:22.610] - eth_getBlockByNumber
[2020/04/05 13:28:22.615] - eth_getBlockByNumber
[2020/04/05 13:28:22.621] - eth_getBlockByNumber
[2020/04/05 13:28:22.742] - eth_getBlockByNumber
[2020/04/05 13:28:22.744] - eth_getBlockByNumber
[2020/04/05 13:28:32.184] - eth_blockNumber
[2020/04/05 13:28:42.158] - eth_blockNumber
[2020/04/05 13:28:52.209] - eth_blockNumber
[2020/04/05 13:29:02.192] - eth_blockNumber
[2020/04/05 13:29:12.229] - eth_blockNumber
[2020/04/05 13:29:22.218] - eth_blockNumber
[2020/04/05 13:29:32.261] - eth_blockNumber
[2020/04/05 13:29:42.236] - eth_blockNumber
[2020/04/05 13:29:52.291] - eth_blockNumber
[2020/04/05 13:30:02.246] - eth_blockNumber
[2020/04/05 13:30:12.316] - eth_blockNumber
[2020/04/05 13:30:22.258] - eth_blockNumber
[2020/04/05 13:30:32.328] - eth_blockNumber
[2020/04/05 13:30:42.271] - eth_blockNumber
[2020/04/05 13:30:52.341] - eth_blockNumber
[2020/04/05 13:31:02.283] - eth_blockNumber
[2020/04/05 13:31:12.352] - eth_blockNumber
[2020/04/05 13:31:22.293] - eth_blockNumber
[2020/04/05 13:31:32.365] - eth_blockNumber
[2020/04/05 13:31:42.304] - eth_blockNumber
[2020/04/05 13:31:52.377] - eth_blockNumber
[2020/04/05 13:32:02.318] - eth_blockNumber
[2020/04/05 13:32:12.389] - eth_blockNumber
[2020/04/05 13:32:22.329] - eth_blockNumber
[2020/04/05 13:32:32.399] - eth_blockNumber
[2020/04/05 13:32:42.341] - eth_blockNumber
[2020/04/05 13:32:52.410] - eth_blockNumber
[2020/04/05 13:33:02.353] - eth_blockNumber
[2020/04/05 13:33:12.421] - eth_blockNumber
[2020/04/05 13:33:22.412] - eth_blockNumber
[2020/04/05 13:33:32.432] - eth_blockNumber
[2020/04/05 13:33:42.429] - eth_blockNumber
[2020/04/05 13:33:52.445] - eth_blockNumber
[2020/04/05 13:34:02.444] - eth_blockNumber
[2020/04/05 13:34:12.456] - eth_blockNumber
[2020/04/05 13:34:22.458] - eth_blockNumber
[2020/04/05 13:34:32.468] - eth_blockNumber
[2020/04/05 13:34:42.514] - eth_blockNumber
[2020/04/05 13:34:52.480] - eth_blockNumber
[2020/04/05 13:35:02.529] - eth_blockNumber
[2020/04/05 13:35:12.491] - eth_blockNumber
[2020/04/05 13:35:22.544] - eth_blockNumber
[2020/04/05 13:35:32.501] - eth_blockNumber
[2020/04/05 13:35:42.556] - eth_blockNumber
[2020/04/05 13:35:52.513] - eth_blockNumber
[2020/04/05 13:36:02.569] - eth_blockNumber
[2020/04/05 13:36:12.524] - eth_blockNumber
[2020/04/05 13:36:22.582] - eth_blockNumber
[2020/04/05 13:36:32.535] - eth_blockNumber
[2020/04/05 13:36:42.596] - eth_blockNumber
[2020/04/05 13:36:52.546] - eth_blockNumber
[2020/04/05 13:37:02.610] - eth_blockNumber
[2020/04/05 13:37:12.557] - eth_blockNumber
[2020/04/05 13:37:22.624] - eth_blockNumber
[2020/04/05 13:37:32.569] - eth_blockNumber
[2020/04/05 13:37:42.638] - eth_blockNumber
[2020/04/05 13:37:52.580] - eth_blockNumber
[2020/04/05 13:38:02.652] - eth_blockNumber
[2020/04/05 13:38:12.591] - eth_blockNumber
[2020/04/05 13:38:22.673] - eth_blockNumber
[2020/04/05 13:38:32.602] - eth_blockNumber
[2020/04/05 13:38:42.687] - eth_blockNumber
