[2020/05/11 16:32:45.853] - Starting server (version 2.1.2) with initial configuration: {"gasLimit":6721975,"gasPrice":20000000000,"hardfork":"petersburg","hostname":"127.0.0.1","port":7545,"network_id":5777,"default_balance_ether":100,"total_accounts":10,"unlocked_accounts":[],"locked":false,"vmErrorsOnRPCResponse":true,"verbose":false,"db_path":"/home/nash/.config/Ganache/workspaces/identity-wallet/chaindata","logDirectory":"/home/nash/Documents/Projects/Blockchain/Project/identity-wallet/wallet-web-app/logs"}
[2020/05/11 16:32:46.804] - eth_blockNumber
[2020/05/11 16:32:48.251] - eth_getCode
[2020/05/11 16:32:48.254] - eth_subscribe
[2020/05/11 16:32:48.263] - eth_getLogs
[2020/05/11 16:32:48.265] - eth_subscribe
[2020/05/11 16:32:48.305] - eth_getCode
[2020/05/11 16:32:48.565] - eth_getCode
[2020/05/11 16:32:48.611] - eth_getCode
[2020/05/11 16:32:48.621] - eth_getCode
[2020/05/11 16:32:48.664] - eth_getCode
[2020/05/11 16:32:52.585] - eth_blockNumber
[2020/05/11 16:32:52.589] - eth_accounts
[2020/05/11 16:32:52.591] - eth_gasPrice
[2020/05/11 16:32:52.598] - eth_getBlockByNumber
[2020/05/11 16:32:52.633] - eth_subscribe
[2020/05/11 16:32:53.972] - eth_accounts
[2020/05/11 16:32:54.732] - eth_getBalance
[2020/05/11 16:32:55.071] - eth_getTransactionCount
[2020/05/11 16:32:55.266] - eth_getBalance
[2020/05/11 16:32:55.626] - eth_getTransactionCount
[2020/05/11 16:32:56.077] - eth_getBalance
[2020/05/11 16:32:56.505] - eth_getTransactionCount
[2020/05/11 16:32:56.842] - eth_getBalance
[2020/05/11 16:32:57.210] - eth_getTransactionCount
[2020/05/11 16:32:57.383] - eth_getBalance
[2020/05/11 16:32:57.521] - eth_getTransactionCount
[2020/05/11 16:32:57.639] - eth_getBalance
[2020/05/11 16:32:57.779] - eth_getTransactionCount
[2020/05/11 16:32:58.375] - eth_getBalance
[2020/05/11 16:32:58.701] - eth_getTransactionCount
[2020/05/11 16:32:59.041] - eth_getBalance
[2020/05/11 16:32:59.411] - eth_getTransactionCount
[2020/05/11 16:32:59.562] - eth_getBalance
[2020/05/11 16:32:59.889] - eth_getTransactionCount
[2020/05/11 16:33:00.071] - eth_getBalance
[2020/05/11 16:33:00.533] - eth_getTransactionCount
[2020/05/11 16:33:04.559] - eth_getBalance
[2020/05/11 16:33:04.848] - eth_getTransactionCount
[2020/05/11 16:33:05.300] - eth_getBalance
[2020/05/11 16:33:05.743] - eth_getTransactionCount
[2020/05/11 16:33:06.092] - eth_getBalance
[2020/05/11 16:33:06.625] - eth_getTransactionCount
[2020/05/11 16:33:06.926] - eth_getBalance
[2020/05/11 16:33:06.951] - eth_blockNumber
[2020/05/11 16:33:07.267] - eth_getTransactionCount
[2020/05/11 16:33:07.575] - eth_getBalance
[2020/05/11 16:33:07.953] - eth_getTransactionCount
[2020/05/11 16:33:08.332] - eth_getBalance
[2020/05/11 16:33:08.896] - eth_getTransactionCount
[2020/05/11 16:33:09.486] - eth_getBalance
[2020/05/11 16:33:09.841] - eth_getTransactionCount
[2020/05/11 16:33:10.140] - eth_getBalance
[2020/05/11 16:33:10.542] - eth_getTransactionCount
[2020/05/11 16:33:10.953] - eth_getBalance
[2020/05/11 16:33:11.375] - eth_getTransactionCount
[2020/05/11 16:33:11.773] - eth_getBalance
[2020/05/11 16:33:12.497] - eth_getTransactionCount
[2020/05/11 16:33:27.099] - eth_blockNumber
[2020/05/11 16:33:47.150] - eth_blockNumber
[2020/05/11 16:34:07.173] - eth_blockNumber
[2020/05/11 16:34:27.188] - eth_blockNumber
[2020/05/11 16:34:47.213] - eth_blockNumber
[2020/05/11 16:35:07.228] - eth_blockNumber
[2020/05/11 16:35:27.260] - eth_blockNumber
[2020/05/11 16:35:47.281] - eth_blockNumber
[2020/05/11 16:36:07.303] - eth_blockNumber
[2020/05/11 16:36:27.337] - eth_blockNumber
[2020/05/11 16:36:47.359] - eth_blockNumber
[2020/05/11 16:37:07.371] - eth_blockNumber
[2020/05/11 16:37:27.385] - eth_blockNumber
[2020/05/11 16:37:47.399] - eth_blockNumber
[2020/05/11 16:38:07.416] - eth_blockNumber
[2020/05/11 16:38:27.429] - eth_blockNumber
[2020/05/11 16:38:32.934] - eth_unsubscribe
[2020/05/11 16:38:32.936] - eth_unsubscribe
