[2020/04/13 14:52:16.341] - Starting server (version 2.1.2) with initial configuration: {"gasLimit":6721975,"gasPrice":20000000000,"hardfork":"petersburg","hostname":"127.0.0.1","port":7545,"network_id":5777,"default_balance_ether":100,"total_accounts":10,"unlocked_accounts":[],"locked":false,"vmErrorsOnRPCResponse":true,"verbose":false,"db_path":"/home/nash/.config/Ganache/workspaces/identity-wallet/chaindata","logDirectory":"/home/nash/Documents/Projects/Blockchain/Project/identity-wallet/wallet-web-app/logs"}
[2020/04/13 14:52:16.721] - eth_subscribe
[2020/04/13 14:52:16.723] - eth_getLogs
[2020/04/13 14:52:16.724] - eth_subscribe
[2020/04/13 14:52:16.730] - eth_getCode
[2020/04/13 14:52:16.765] - eth_getCode
[2020/04/13 14:52:16.814] - eth_getCode
[2020/04/13 14:52:16.845] - eth_getCode
[2020/04/13 14:52:16.853] - eth_getCode
[2020/04/13 14:52:16.869] - eth_getCode
[2020/04/13 14:52:17.000] - eth_blockNumber
[2020/04/13 14:52:17.019] - eth_getBlockByNumber
[2020/04/13 14:52:17.024] - eth_getBlockByNumber
[2020/04/13 14:52:17.025] - eth_getBlockByNumber
[2020/04/13 14:52:17.026] - eth_getBlockByNumber
[2020/04/13 14:52:17.026] - eth_getBlockByNumber
[2020/04/13 14:52:17.030] - eth_getBlockByNumber
[2020/04/13 14:52:17.031] - eth_getBlockByNumber
[2020/04/13 14:52:17.034] - eth_getBlockByNumber
[2020/04/13 14:52:17.035] - eth_getBlockByNumber
[2020/04/13 14:52:17.039] - eth_getBlockByNumber
[2020/04/13 14:52:17.043] - eth_getBlockByNumber
[2020/04/13 14:52:17.047] - eth_getBlockByNumber
[2020/04/13 14:52:17.050] - eth_getBlockByNumber
[2020/04/13 14:52:17.055] - eth_getBlockByNumber
[2020/04/13 14:52:17.062] - eth_getBlockByNumber
[2020/04/13 14:52:17.066] - eth_getBlockByNumber
[2020/04/13 14:52:17.076] - eth_getBlockByNumber
[2020/04/13 14:52:17.091] - eth_getBlockByNumber
[2020/04/13 14:52:17.100] - eth_getBlockByNumber
[2020/04/13 14:52:17.116] - eth_getBlockByNumber
[2020/04/13 14:52:17.131] - eth_getBlockByNumber
[2020/04/13 14:52:17.139] - eth_getBlockByNumber
[2020/04/13 14:52:17.153] - eth_getBlockByNumber
[2020/04/13 14:52:17.164] - eth_getBlockByNumber
[2020/04/13 14:52:17.168] - eth_getBlockByNumber
[2020/04/13 14:52:17.185] - eth_getBlockByNumber
[2020/04/13 14:52:17.207] - eth_getBlockByNumber
[2020/04/13 14:52:17.220] - eth_getBlockByNumber
[2020/04/13 14:52:17.225] - eth_getBlockByNumber
[2020/04/13 14:52:17.231] - eth_getBlockByNumber
[2020/04/13 14:52:17.236] - eth_getBlockByNumber
[2020/04/13 14:52:17.245] - eth_getBlockByNumber
[2020/04/13 14:52:17.254] - eth_getBlockByNumber
[2020/04/13 14:52:17.264] - eth_getBlockByNumber
[2020/04/13 14:52:17.278] - eth_getBlockByNumber
[2020/04/13 14:52:17.288] - eth_getBlockByNumber
[2020/04/13 14:52:17.322] - eth_getBlockByNumber
[2020/04/13 14:52:17.341] - eth_getBlockByNumber
[2020/04/13 14:52:17.356] - eth_getBlockByNumber
[2020/04/13 14:52:17.382] - eth_getBlockByNumber
[2020/04/13 14:52:17.395] - eth_blockNumber
[2020/04/13 14:52:17.399] - eth_getBlockByNumber
[2020/04/13 14:52:17.496] - eth_getBlockByNumber
[2020/04/13 14:52:17.502] - eth_getBlockByNumber
[2020/04/13 14:52:17.503] - eth_getBlockByNumber
[2020/04/13 14:52:17.503] - eth_getBlockByNumber
[2020/04/13 14:52:17.507] - eth_getBlockByNumber
[2020/04/13 14:52:17.511] - eth_getBlockByNumber
[2020/04/13 14:52:17.515] - eth_getBlockByNumber
[2020/04/13 14:52:17.523] - eth_getBlockByNumber
[2020/04/13 14:52:17.535] - eth_getBlockByNumber
[2020/04/13 14:52:17.546] - eth_getBlockByNumber
[2020/04/13 14:52:17.556] - eth_getBlockByNumber
[2020/04/13 14:52:17.569] - eth_getBlockByNumber
[2020/04/13 14:52:17.570] - eth_getBlockByNumber
[2020/04/13 14:52:17.592] - eth_getBlockByNumber
[2020/04/13 14:52:17.595] - eth_getBlockByNumber
[2020/04/13 14:52:17.644] - eth_getBlockByNumber
[2020/04/13 14:52:17.647] - eth_getBlockByNumber
[2020/04/13 14:52:17.648] - eth_getBlockByNumber
[2020/04/13 14:52:17.658] - eth_getBlockByNumber
[2020/04/13 14:52:17.667] - eth_getBlockByNumber
[2020/04/13 14:52:17.677] - eth_getBlockByNumber
[2020/04/13 14:52:17.688] - eth_getBlockByNumber
[2020/04/13 14:52:17.699] - eth_getBlockByNumber
[2020/04/13 14:52:17.719] - eth_getBlockByNumber
[2020/04/13 14:52:17.730] - eth_getBlockByNumber
[2020/04/13 14:52:17.733] - eth_getBlockByNumber
[2020/04/13 14:52:17.750] - eth_getBlockByNumber
[2020/04/13 14:52:17.751] - eth_getBlockByNumber
[2020/04/13 14:52:17.756] - eth_getBlockByNumber
[2020/04/13 14:52:17.760] - eth_getBlockByNumber
[2020/04/13 14:52:17.764] - eth_getBlockByNumber
[2020/04/13 14:52:17.768] - eth_getBlockByNumber
[2020/04/13 14:52:17.778] - eth_getBlockByNumber
[2020/04/13 14:52:17.781] - eth_getBlockByNumber
[2020/04/13 14:52:17.784] - eth_getBlockByNumber
[2020/04/13 14:52:17.788] - eth_getBlockByNumber
[2020/04/13 14:52:17.791] - eth_getBlockByNumber
[2020/04/13 14:52:17.796] - eth_getBlockByNumber
[2020/04/13 14:52:17.799] - eth_getBlockByNumber
[2020/04/13 14:52:17.806] - eth_getBlockByNumber
[2020/04/13 14:52:17.810] - eth_getBlockByNumber
[2020/04/13 14:52:20.618] - eth_blockNumber
[2020/04/13 14:52:20.618] - eth_accounts
[2020/04/13 14:52:20.618] - eth_gasPrice
[2020/04/13 14:52:20.619] - eth_getBlockByNumber
[2020/04/13 14:52:20.619] - eth_subscribe
[2020/04/13 14:52:20.768] - eth_accounts
[2020/04/13 14:52:20.993] - eth_getBalance
[2020/04/13 14:52:21.032] - eth_getTransactionCount
[2020/04/13 14:52:21.082] - eth_getBalance
[2020/04/13 14:52:21.135] - eth_getTransactionCount
[2020/04/13 14:52:21.173] - eth_getBalance
[2020/04/13 14:52:21.209] - eth_getTransactionCount
[2020/04/13 14:52:21.244] - eth_getBalance
[2020/04/13 14:52:21.280] - eth_getTransactionCount
[2020/04/13 14:52:21.316] - eth_getBalance
[2020/04/13 14:52:21.351] - eth_getTransactionCount
[2020/04/13 14:52:21.386] - eth_getBalance
[2020/04/13 14:52:21.421] - eth_getTransactionCount
[2020/04/13 14:52:21.456] - eth_getBalance
[2020/04/13 14:52:21.492] - eth_getTransactionCount
[2020/04/13 14:52:21.528] - eth_getBalance
[2020/04/13 14:52:21.564] - eth_getTransactionCount
[2020/04/13 14:52:21.599] - eth_getBalance
[2020/04/13 14:52:21.635] - eth_getTransactionCount
[2020/04/13 14:52:21.678] - eth_getBalance
[2020/04/13 14:52:21.712] - eth_getTransactionCount
[2020/04/13 14:52:22.147] - eth_getBalance
[2020/04/13 14:52:22.183] - eth_getTransactionCount
[2020/04/13 14:52:22.218] - eth_getBalance
[2020/04/13 14:52:22.252] - eth_getTransactionCount
[2020/04/13 14:52:22.291] - eth_getBalance
[2020/04/13 14:52:22.327] - eth_getTransactionCount
[2020/04/13 14:52:22.363] - eth_getBalance
[2020/04/13 14:52:22.399] - eth_getTransactionCount
[2020/04/13 14:52:22.435] - eth_getBalance
[2020/04/13 14:52:22.471] - eth_getTransactionCount
[2020/04/13 14:52:22.507] - eth_getBalance
[2020/04/13 14:52:22.543] - eth_getTransactionCount
[2020/04/13 14:52:22.580] - eth_getBalance
[2020/04/13 14:52:22.617] - eth_getTransactionCount
[2020/04/13 14:52:22.653] - eth_getBalance
[2020/04/13 14:52:22.689] - eth_getTransactionCount
[2020/04/13 14:52:22.726] - eth_getBalance
[2020/04/13 14:52:22.761] - eth_getTransactionCount
[2020/04/13 14:52:22.799] - eth_getBalance
[2020/04/13 14:52:22.836] - eth_getTransactionCount
[2020/04/13 14:52:37.070] - eth_blockNumber
[2020/04/13 14:52:37.596] - eth_blockNumber
[2020/04/13 14:52:57.089] - eth_blockNumber
[2020/04/13 14:52:57.617] - eth_blockNumber
[2020/04/13 14:53:17.106] - eth_blockNumber
[2020/04/13 14:53:17.627] - eth_blockNumber
[2020/04/13 14:53:37.129] - eth_blockNumber
[2020/04/13 14:53:37.652] - eth_blockNumber
[2020/04/13 14:53:57.159] - eth_blockNumber
[2020/04/13 14:53:57.698] - eth_blockNumber
[2020/04/13 14:54:17.168] - eth_blockNumber
[2020/04/13 14:54:17.711] - eth_blockNumber
[2020/04/13 14:54:37.181] - eth_blockNumber
[2020/04/13 14:54:37.724] - eth_blockNumber
[2020/04/13 14:54:57.199] - eth_blockNumber
[2020/04/13 14:54:57.736] - eth_blockNumber
[2020/04/13 14:55:17.212] - eth_blockNumber
[2020/04/13 14:55:17.747] - eth_blockNumber
[2020/04/13 14:55:37.225] - eth_blockNumber
[2020/04/13 14:55:37.765] - eth_blockNumber
[2020/04/13 14:55:57.237] - eth_blockNumber
[2020/04/13 14:55:57.785] - eth_blockNumber
[2020/04/13 14:56:17.253] - eth_blockNumber
[2020/04/13 14:56:17.801] - eth_blockNumber
[2020/04/13 14:56:37.269] - eth_blockNumber
[2020/04/13 14:56:37.815] - eth_blockNumber
[2020/04/13 14:56:57.285] - eth_blockNumber
[2020/04/13 14:56:57.831] - eth_blockNumber
[2020/04/13 14:57:17.313] - eth_blockNumber
[2020/04/13 14:57:17.849] - eth_blockNumber
[2020/04/13 14:57:37.867] - eth_blockNumber
[2020/04/13 14:57:57.887] - eth_blockNumber
[2020/04/13 14:58:12.203] - eth_blockNumber
[2020/04/13 14:58:12.209] - net_version
[2020/04/13 14:58:12.251] - eth_getBlockByNumber
[2020/04/13 14:58:12.251] - eth_getBalance
[2020/04/13 14:58:17.914] - eth_blockNumber
[2020/04/13 14:58:37.928] - eth_blockNumber
[2020/04/13 14:58:38.774] - eth_blockNumber
[2020/04/13 14:58:46.207] - eth_blockNumber
[2020/04/13 14:58:57.942] - eth_blockNumber
[2020/04/13 14:58:58.684] - eth_blockNumber
[2020/04/13 14:59:03.160] - eth_blockNumber
[2020/04/13 14:59:06.334] - eth_blockNumber
[2020/04/13 14:59:07.941] - net_version
[2020/04/13 14:59:08.477] - eth_getTransactionCount
[2020/04/13 14:59:17.949] - eth_blockNumber
[2020/04/13 14:59:18.865] - eth_blockNumber
[2020/04/13 14:59:23.293] - eth_blockNumber
[2020/04/13 14:59:26.353] - eth_blockNumber
[2020/04/13 14:59:37.958] - eth_blockNumber
[2020/04/13 14:59:39.078] - eth_blockNumber
[2020/04/13 14:59:41.537] - eth_blockNumber
[2020/04/13 14:59:43.307] - eth_blockNumber
[2020/04/13 14:59:46.366] - eth_blockNumber
[2020/04/13 14:59:57.972] - eth_blockNumber
[2020/04/13 14:59:59.157] - eth_blockNumber
[2020/04/13 15:00:03.321] - eth_blockNumber
[2020/04/13 15:00:06.475] - eth_blockNumber
[2020/04/13 15:00:17.994] - eth_blockNumber
[2020/04/13 15:00:19.180] - eth_blockNumber
[2020/04/13 15:00:23.331] - eth_blockNumber
[2020/04/13 15:00:26.500] - eth_blockNumber
[2020/04/13 15:00:38.009] - eth_blockNumber
[2020/04/13 15:00:39.196] - eth_blockNumber
[2020/04/13 15:00:43.345] - eth_blockNumber
[2020/04/13 15:00:46.516] - eth_blockNumber
[2020/04/13 15:00:58.022] - eth_blockNumber
[2020/04/13 15:00:59.210] - eth_blockNumber
[2020/04/13 15:01:03.357] - eth_blockNumber
[2020/04/13 15:01:06.531] - eth_blockNumber
[2020/04/13 15:01:18.035] - eth_blockNumber
[2020/04/13 15:01:19.229] - eth_blockNumber
[2020/04/13 15:01:23.370] - eth_blockNumber
[2020/04/13 15:01:26.544] - eth_blockNumber
[2020/04/13 15:01:38.048] - eth_blockNumber
[2020/04/13 15:01:39.244] - eth_blockNumber
[2020/04/13 15:01:43.382] - eth_blockNumber
[2020/04/13 15:01:46.592] - eth_blockNumber
[2020/04/13 15:01:58.065] - eth_blockNumber
[2020/04/13 15:01:59.257] - eth_blockNumber
[2020/04/13 15:02:03.396] - eth_blockNumber
[2020/04/13 15:02:06.603] - eth_blockNumber
[2020/04/13 15:02:18.082] - eth_blockNumber
[2020/04/13 15:02:19.277] - eth_blockNumber
[2020/04/13 15:02:23.412] - eth_blockNumber
[2020/04/13 15:02:26.614] - eth_blockNumber
[2020/04/13 15:02:38.092] - eth_blockNumber
[2020/04/13 15:02:39.291] - eth_blockNumber
[2020/04/13 15:02:43.424] - eth_blockNumber
[2020/04/13 15:02:46.628] - eth_blockNumber
[2020/04/13 15:02:58.102] - eth_blockNumber
[2020/04/13 15:02:59.337] - eth_blockNumber
[2020/04/13 15:03:03.439] - eth_blockNumber
[2020/04/13 15:03:06.642] - eth_blockNumber
[2020/04/13 15:03:08.132] - eth_call
[2020/04/13 15:03:08.332] - eth_call
[2020/04/13 15:03:08.339] - eth_call
[2020/04/13 15:03:08.341] - eth_call
[2020/04/13 15:03:08.343] - eth_call
[2020/04/13 15:03:08.598] - eth_call
[2020/04/13 15:03:08.736] - eth_call
[2020/04/13 15:03:18.111] - eth_blockNumber
[2020/04/13 15:03:19.357] - eth_blockNumber
[2020/04/13 15:03:23.452] - eth_blockNumber
[2020/04/13 15:03:26.658] - eth_blockNumber
[2020/04/13 15:03:38.124] - eth_blockNumber
[2020/04/13 15:03:39.368] - eth_blockNumber
[2020/04/13 15:03:43.480] - eth_blockNumber
[2020/04/13 15:03:46.670] - eth_blockNumber
[2020/04/13 15:03:49.381] - eth_call
[2020/04/13 15:03:49.775] - eth_call
[2020/04/13 15:03:49.779] - eth_call
[2020/04/13 15:03:49.783] - eth_call
[2020/04/13 15:03:58.143] - eth_blockNumber
[2020/04/13 15:03:59.382] - eth_blockNumber
[2020/04/13 15:04:03.494] - eth_blockNumber
[2020/04/13 15:04:06.684] - eth_blockNumber
[2020/04/13 15:04:18.155] - eth_blockNumber
[2020/04/13 15:04:19.394] - eth_blockNumber
[2020/04/13 15:04:23.505] - eth_blockNumber
[2020/04/13 15:04:26.696] - eth_blockNumber
[2020/04/13 15:04:38.168] - eth_blockNumber
[2020/04/13 15:04:39.405] - eth_blockNumber
[2020/04/13 15:04:43.515] - eth_blockNumber
[2020/04/13 15:04:46.710] - eth_blockNumber
[2020/04/13 15:04:58.182] - eth_blockNumber
[2020/04/13 15:04:59.416] - eth_blockNumber
[2020/04/13 15:05:03.528] - eth_blockNumber
[2020/04/13 15:05:06.726] - eth_blockNumber
[2020/04/13 15:05:18.194] - eth_blockNumber
[2020/04/13 15:05:19.423] - eth_blockNumber
[2020/04/13 15:05:23.537] - eth_blockNumber
[2020/04/13 15:05:26.748] - eth_blockNumber
[2020/04/13 15:05:37.467] - eth_getBalance
[2020/04/13 15:05:37.792] - eth_getTransactionByHash
[2020/04/13 15:05:38.141] - eth_getTransactionReceipt
[2020/04/13 15:05:38.212] - eth_blockNumber
[2020/04/13 15:05:38.469] - eth_getTransactionByHash
[2020/04/13 15:05:38.882] - eth_getTransactionReceipt
[2020/04/13 15:05:39.212] - eth_getTransactionByHash
[2020/04/13 15:05:39.432] - eth_blockNumber
[2020/04/13 15:05:39.500] - eth_getTransactionReceipt
[2020/04/13 15:05:40.049] - eth_getTransactionByHash
[2020/04/13 15:05:40.416] - eth_getTransactionReceipt
[2020/04/13 15:05:41.169] - net_version
[2020/04/13 15:05:41.197] - eth_getCode
[2020/04/13 15:05:41.209] - eth_getBlockByNumber
[2020/04/13 15:05:41.227] - eth_getBalance
[2020/04/13 15:05:41.238] - eth_getTransactionCount
[2020/04/13 15:05:41.274] - eth_getStorageAt
[2020/04/13 15:05:43.546] - eth_blockNumber
[2020/04/13 15:05:46.770] - eth_blockNumber
[2020/04/13 15:05:58.229] - eth_blockNumber
[2020/04/13 15:05:59.448] - eth_blockNumber
[2020/04/13 15:06:03.557] - eth_blockNumber
[2020/04/13 15:06:06.781] - eth_blockNumber
[2020/04/13 15:06:18.241] - eth_blockNumber
[2020/04/13 15:06:19.464] - eth_blockNumber
[2020/04/13 15:06:23.567] - eth_blockNumber
[2020/04/13 15:06:26.801] - eth_blockNumber
[2020/04/13 15:06:38.253] - eth_blockNumber
[2020/04/13 15:06:39.485] - eth_blockNumber
[2020/04/13 15:06:43.579] - eth_blockNumber
[2020/04/13 15:06:46.820] - eth_blockNumber
[2020/04/13 15:06:58.264] - eth_blockNumber
[2020/04/13 15:06:59.500] - eth_blockNumber
[2020/04/13 15:07:03.593] - eth_blockNumber
[2020/04/13 15:07:06.835] - eth_blockNumber
[2020/04/13 15:07:18.274] - eth_blockNumber
[2020/04/13 15:07:19.516] - eth_blockNumber
[2020/04/13 15:07:23.608] - eth_blockNumber
[2020/04/13 15:07:26.851] - eth_blockNumber
[2020/04/13 15:07:38.280] - eth_blockNumber
[2020/04/13 15:07:39.529] - eth_blockNumber
[2020/04/13 15:07:43.622] - eth_blockNumber
[2020/04/13 15:07:46.864] - eth_blockNumber
[2020/04/13 15:07:58.291] - eth_blockNumber
[2020/04/13 15:07:59.540] - eth_blockNumber
[2020/04/13 15:08:03.638] - eth_blockNumber
[2020/04/13 15:08:06.877] - eth_blockNumber
[2020/04/13 15:08:18.328] - eth_blockNumber
[2020/04/13 15:08:19.554] - eth_blockNumber
[2020/04/13 15:08:23.651] - eth_blockNumber
[2020/04/13 15:08:26.895] - eth_blockNumber
[2020/04/13 15:08:38.340] - eth_blockNumber
[2020/04/13 15:08:39.567] - eth_blockNumber
[2020/04/13 15:08:43.667] - eth_blockNumber
[2020/04/13 15:08:46.917] - eth_blockNumber
[2020/04/13 15:08:58.349] - eth_blockNumber
[2020/04/13 15:08:59.588] - eth_blockNumber
[2020/04/13 15:09:03.683] - eth_blockNumber
[2020/04/13 15:09:06.935] - eth_blockNumber
[2020/04/13 15:09:18.355] - eth_blockNumber
[2020/04/13 15:09:19.602] - eth_blockNumber
[2020/04/13 15:09:23.697] - eth_blockNumber
[2020/04/13 15:09:26.947] - eth_blockNumber
[2020/04/13 15:09:38.364] - eth_blockNumber
[2020/04/13 15:09:39.613] - eth_blockNumber
[2020/04/13 15:09:43.712] - eth_blockNumber
[2020/04/13 15:09:46.960] - eth_blockNumber
[2020/04/13 15:09:58.376] - eth_blockNumber
[2020/04/13 15:09:59.629] - eth_blockNumber
[2020/04/13 15:10:03.726] - eth_blockNumber
[2020/04/13 15:10:06.970] - eth_blockNumber
[2020/04/13 15:10:18.392] - eth_blockNumber
[2020/04/13 15:10:19.653] - eth_blockNumber
[2020/04/13 15:10:23.737] - eth_blockNumber
[2020/04/13 15:10:26.986] - eth_blockNumber
[2020/04/13 15:10:38.406] - eth_blockNumber
[2020/04/13 15:10:39.675] - eth_blockNumber
[2020/04/13 15:10:43.751] - eth_blockNumber
[2020/04/13 15:10:47.011] - eth_blockNumber
[2020/04/13 15:10:58.414] - eth_blockNumber
[2020/04/13 15:10:59.687] - eth_blockNumber
[2020/04/13 15:11:03.763] - eth_blockNumber
[2020/04/13 15:11:07.034] - eth_blockNumber
[2020/04/13 15:11:18.430] - eth_blockNumber
[2020/04/13 15:11:19.699] - eth_blockNumber
[2020/04/13 15:11:23.776] - eth_blockNumber
[2020/04/13 15:11:27.047] - eth_blockNumber
[2020/04/13 15:11:38.444] - eth_blockNumber
[2020/04/13 15:11:39.720] - eth_blockNumber
[2020/04/13 15:11:43.787] - eth_blockNumber
[2020/04/13 15:11:47.062] - eth_blockNumber
[2020/04/13 15:11:58.455] - eth_blockNumber
[2020/04/13 15:11:59.729] - eth_blockNumber
[2020/04/13 15:12:03.801] - eth_blockNumber
[2020/04/13 15:12:07.077] - eth_blockNumber
[2020/04/13 15:12:18.465] - eth_blockNumber
[2020/04/13 15:12:19.442] - net_version
[2020/04/13 15:12:19.744] - eth_blockNumber
[2020/04/13 15:12:23.810] - eth_blockNumber
[2020/04/13 15:12:27.089] - eth_blockNumber
[2020/04/13 15:12:38.474] - eth_blockNumber
[2020/04/13 15:12:39.762] - eth_blockNumber
[2020/04/13 15:12:43.819] - eth_blockNumber
[2020/04/13 15:12:47.155] - eth_blockNumber
[2020/04/13 15:12:58.486] - eth_blockNumber
[2020/04/13 15:12:59.778] - eth_blockNumber
[2020/04/13 15:13:03.833] - eth_blockNumber
[2020/04/13 15:13:07.222] - eth_blockNumber
[2020/04/13 15:13:18.497] - eth_blockNumber
[2020/04/13 15:13:19.796] - eth_blockNumber
[2020/04/13 15:13:23.845] - eth_blockNumber
[2020/04/13 15:13:27.237] - eth_blockNumber
[2020/04/13 15:13:38.509] - eth_blockNumber
[2020/04/13 15:13:39.814] - eth_blockNumber
[2020/04/13 15:13:43.863] - eth_blockNumber
[2020/04/13 15:13:47.249] - eth_blockNumber
[2020/04/13 15:13:58.527] - eth_blockNumber
[2020/04/13 15:13:59.828] - eth_blockNumber
[2020/04/13 15:14:03.886] - eth_blockNumber
[2020/04/13 15:14:07.263] - eth_blockNumber
[2020/04/13 15:14:18.543] - eth_blockNumber
[2020/04/13 15:14:19.846] - eth_blockNumber
[2020/04/13 15:14:23.906] - eth_blockNumber
[2020/04/13 15:14:27.276] - eth_blockNumber
[2020/04/13 15:14:38.554] - eth_blockNumber
[2020/04/13 15:14:39.859] - eth_blockNumber
[2020/04/13 15:14:43.917] - eth_blockNumber
[2020/04/13 15:14:47.288] - eth_blockNumber
[2020/04/13 15:14:58.565] - eth_blockNumber
[2020/04/13 15:14:59.870] - eth_blockNumber
[2020/04/13 15:15:03.930] - eth_blockNumber
[2020/04/13 15:15:07.308] - eth_blockNumber
[2020/04/13 15:15:18.578] - eth_blockNumber
[2020/04/13 15:15:19.889] - eth_blockNumber
[2020/04/13 15:15:23.944] - eth_blockNumber
[2020/04/13 15:15:27.327] - eth_blockNumber
[2020/04/13 15:15:38.598] - eth_blockNumber
[2020/04/13 15:15:39.912] - eth_blockNumber
[2020/04/13 15:15:43.960] - eth_blockNumber
[2020/04/13 15:15:47.382] - eth_blockNumber
[2020/04/13 15:15:58.615] - eth_blockNumber
[2020/04/13 15:15:59.949] - eth_blockNumber
[2020/04/13 15:16:03.981] - eth_blockNumber
[2020/04/13 15:16:07.445] - eth_blockNumber
[2020/04/13 15:16:18.634] - eth_blockNumber
[2020/04/13 15:16:19.971] - eth_blockNumber
[2020/04/13 15:16:23.996] - eth_blockNumber
[2020/04/13 15:16:27.457] - eth_blockNumber
[2020/04/13 15:16:38.645] - eth_blockNumber
[2020/04/13 15:16:39.985] - eth_blockNumber
[2020/04/13 15:16:44.009] - eth_blockNumber
[2020/04/13 15:16:47.469] - eth_blockNumber
[2020/04/13 15:16:58.657] - eth_blockNumber
[2020/04/13 15:17:00.000] - eth_blockNumber
[2020/04/13 15:17:04.021] - eth_blockNumber
[2020/04/13 15:17:07.481] - eth_blockNumber
[2020/04/13 15:17:18.670] - eth_blockNumber
[2020/04/13 15:17:20.012] - eth_blockNumber
[2020/04/13 15:17:24.033] - eth_blockNumber
[2020/04/13 15:17:27.491] - eth_blockNumber
[2020/04/13 15:17:38.683] - eth_blockNumber
[2020/04/13 15:17:40.024] - eth_blockNumber
[2020/04/13 15:17:44.045] - eth_blockNumber
[2020/04/13 15:17:47.500] - eth_blockNumber
[2020/04/13 15:17:58.693] - eth_blockNumber
[2020/04/13 15:18:00.038] - eth_blockNumber
[2020/04/13 15:18:04.058] - eth_blockNumber
[2020/04/13 15:18:07.511] - eth_blockNumber
[2020/04/13 15:18:18.703] - eth_blockNumber
[2020/04/13 15:18:20.050] - eth_blockNumber
[2020/04/13 15:18:24.069] - eth_blockNumber
[2020/04/13 15:18:27.526] - eth_blockNumber
[2020/04/13 15:18:38.712] - eth_blockNumber
[2020/04/13 15:18:40.062] - eth_blockNumber
[2020/04/13 15:18:44.081] - eth_blockNumber
[2020/04/13 15:18:47.538] - eth_blockNumber
[2020/04/13 15:18:58.722] - eth_blockNumber
[2020/04/13 15:19:00.074] - eth_blockNumber
[2020/04/13 15:19:04.095] - eth_blockNumber
[2020/04/13 15:19:07.553] - eth_blockNumber
[2020/04/13 15:19:18.734] - eth_blockNumber
[2020/04/13 15:19:20.094] - eth_blockNumber
[2020/04/13 15:19:24.108] - eth_blockNumber
[2020/04/13 15:19:27.565] - eth_blockNumber
[2020/04/13 15:19:38.747] - eth_blockNumber
[2020/04/13 15:19:40.111] - eth_blockNumber
[2020/04/13 15:19:44.124] - eth_blockNumber
[2020/04/13 15:19:47.577] - eth_blockNumber
[2020/04/13 15:19:58.758] - eth_blockNumber
[2020/04/13 15:20:00.124] - eth_blockNumber
[2020/04/13 15:20:04.141] - eth_blockNumber
[2020/04/13 15:20:07.589] - eth_blockNumber
[2020/04/13 15:20:18.774] - eth_blockNumber
[2020/04/13 15:20:20.143] - eth_blockNumber
[2020/04/13 15:20:24.161] - eth_blockNumber
[2020/04/13 15:20:28.080] - eth_blockNumber
[2020/04/13 15:20:38.797] - eth_blockNumber
[2020/04/13 15:20:40.158] - eth_blockNumber
[2020/04/13 15:20:44.183] - eth_blockNumber
[2020/04/13 15:20:48.116] - eth_blockNumber
[2020/04/13 15:20:58.806] - eth_blockNumber
[2020/04/13 15:21:00.187] - eth_blockNumber
[2020/04/13 15:21:04.198] - eth_blockNumber
[2020/04/13 15:21:08.138] - eth_blockNumber
[2020/04/13 15:21:18.819] - eth_blockNumber
[2020/04/13 15:21:20.217] - eth_blockNumber
[2020/04/13 15:21:24.215] - eth_blockNumber
[2020/04/13 15:21:28.152] - eth_blockNumber
[2020/04/13 15:21:38.841] - eth_blockNumber
[2020/04/13 15:21:40.240] - eth_blockNumber
[2020/04/13 15:21:44.228] - eth_blockNumber
[2020/04/13 15:21:48.165] - eth_blockNumber
[2020/04/13 15:21:58.857] - eth_blockNumber
[2020/04/13 15:22:00.253] - eth_blockNumber
[2020/04/13 15:22:04.239] - eth_blockNumber
[2020/04/13 15:22:08.174] - eth_blockNumber
[2020/04/13 15:22:18.874] - eth_blockNumber
[2020/04/13 15:22:20.268] - eth_blockNumber
[2020/04/13 15:22:24.249] - eth_blockNumber
[2020/04/13 15:22:28.186] - eth_blockNumber
[2020/04/13 15:22:38.884] - eth_blockNumber
[2020/04/13 15:22:40.279] - eth_blockNumber
[2020/04/13 15:22:44.265] - eth_blockNumber
[2020/04/13 15:22:48.206] - eth_blockNumber
[2020/04/13 15:22:58.896] - eth_blockNumber
[2020/04/13 15:23:00.303] - eth_blockNumber
[2020/04/13 15:23:04.278] - eth_blockNumber
[2020/04/13 15:23:08.225] - eth_blockNumber
[2020/04/13 15:23:18.938] - eth_blockNumber
[2020/04/13 15:23:20.321] - eth_blockNumber
[2020/04/13 15:23:24.291] - eth_blockNumber
[2020/04/13 15:23:28.327] - eth_blockNumber
[2020/04/13 15:23:38.951] - eth_blockNumber
[2020/04/13 15:23:40.332] - eth_blockNumber
[2020/04/13 15:23:44.303] - eth_blockNumber
[2020/04/13 15:23:48.338] - eth_blockNumber
[2020/04/13 15:23:58.969] - eth_blockNumber
[2020/04/13 15:24:00.346] - eth_blockNumber
[2020/04/13 15:24:04.315] - eth_blockNumber
[2020/04/13 15:24:08.353] - eth_blockNumber
[2020/04/13 15:24:09.846] - eth_getBlockByNumber
[2020/04/13 15:24:10.183] - eth_getTransactionReceipt
[2020/04/13 15:24:10.186] - net_version
[2020/04/13 15:24:10.194] - eth_getCode
[2020/04/13 15:24:10.398] - eth_getBlockByNumber
[2020/04/13 15:24:10.629] - eth_getTransactionReceipt
[2020/04/13 15:24:10.773] - eth_getBlockByNumber
[2020/04/13 15:24:10.939] - eth_getTransactionReceipt
[2020/04/13 15:24:11.086] - eth_getBlockByNumber
[2020/04/13 15:24:11.248] - eth_getBlockByNumber
[2020/04/13 15:24:11.385] - eth_getBlockByNumber
[2020/04/13 15:24:11.530] - eth_getBlockByNumber
[2020/04/13 15:24:11.669] - eth_getBlockByNumber
[2020/04/13 15:24:11.779] - eth_getTransactionReceipt
[2020/04/13 15:24:11.920] - eth_getBlockByNumber
[2020/04/13 15:24:12.031] - eth_getTransactionReceipt
[2020/04/13 15:24:12.351] - eth_getBlockByNumber
[2020/04/13 15:24:12.523] - eth_getTransactionReceipt
[2020/04/13 15:24:12.667] - eth_getBlockByNumber
[2020/04/13 15:24:12.784] - eth_getTransactionReceipt
[2020/04/13 15:24:18.980] - eth_blockNumber
[2020/04/13 15:24:20.362] - eth_blockNumber
[2020/04/13 15:24:24.327] - eth_blockNumber
[2020/04/13 15:24:28.365] - eth_blockNumber
[2020/04/13 15:24:38.992] - eth_blockNumber
[2020/04/13 15:24:40.376] - eth_blockNumber
[2020/04/13 15:24:44.338] - eth_blockNumber
[2020/04/13 15:24:48.379] - eth_blockNumber
[2020/04/13 15:24:59.005] - eth_blockNumber
[2020/04/13 15:25:00.389] - eth_blockNumber
[2020/04/13 15:25:04.352] - eth_blockNumber
[2020/04/13 15:25:08.391] - eth_blockNumber
[2020/04/13 15:25:19.016] - eth_blockNumber
[2020/04/13 15:25:20.403] - eth_blockNumber
[2020/04/13 15:25:24.366] - eth_blockNumber
[2020/04/13 15:25:28.403] - eth_blockNumber
[2020/04/13 15:25:39.030] - eth_blockNumber
[2020/04/13 15:25:40.415] - eth_blockNumber
[2020/04/13 15:25:44.374] - eth_blockNumber
[2020/04/13 15:25:48.415] - eth_blockNumber
[2020/04/13 15:25:59.042] - eth_blockNumber
[2020/04/13 15:26:00.433] - eth_blockNumber
[2020/04/13 15:26:04.392] - eth_blockNumber
[2020/04/13 15:26:08.431] - eth_blockNumber
[2020/04/13 15:26:19.057] - eth_blockNumber
[2020/04/13 15:26:20.457] - eth_blockNumber
[2020/04/13 15:26:24.411] - eth_blockNumber
[2020/04/13 15:26:28.442] - eth_blockNumber
[2020/04/13 15:26:39.070] - eth_blockNumber
[2020/04/13 15:26:40.472] - eth_blockNumber
[2020/04/13 15:26:44.433] - eth_blockNumber
[2020/04/13 15:26:48.451] - eth_blockNumber
[2020/04/13 15:26:59.080] - eth_blockNumber
[2020/04/13 15:27:00.492] - eth_blockNumber
[2020/04/13 15:27:04.453] - eth_blockNumber
[2020/04/13 15:27:08.465] - eth_blockNumber
[2020/04/13 15:27:19.098] - eth_blockNumber
[2020/04/13 15:27:20.505] - eth_blockNumber
[2020/04/13 15:27:24.466] - eth_blockNumber
[2020/04/13 15:27:28.477] - eth_blockNumber
[2020/04/13 15:27:39.112] - eth_blockNumber
[2020/04/13 15:27:40.515] - eth_blockNumber
[2020/04/13 15:27:44.474] - eth_blockNumber
[2020/04/13 15:27:48.486] - eth_blockNumber
[2020/04/13 15:27:59.128] - eth_blockNumber
[2020/04/13 15:28:00.527] - eth_blockNumber
[2020/04/13 15:28:04.492] - eth_blockNumber
[2020/04/13 15:28:08.497] - eth_blockNumber
[2020/04/13 15:28:19.149] - eth_blockNumber
[2020/04/13 15:28:20.539] - eth_blockNumber
[2020/04/13 15:28:24.509] - eth_blockNumber
[2020/04/13 15:28:28.508] - eth_blockNumber
[2020/04/13 15:28:39.160] - eth_blockNumber
[2020/04/13 15:28:40.549] - eth_blockNumber
[2020/04/13 15:28:44.520] - eth_blockNumber
[2020/04/13 15:28:48.517] - eth_blockNumber
[2020/04/13 15:28:59.219] - eth_blockNumber
[2020/04/13 15:29:00.562] - eth_blockNumber
[2020/04/13 15:29:04.535] - eth_blockNumber
[2020/04/13 15:29:08.530] - eth_blockNumber
[2020/04/13 15:29:19.232] - eth_blockNumber
[2020/04/13 15:29:20.574] - eth_blockNumber
[2020/04/13 15:29:24.548] - eth_blockNumber
[2020/04/13 15:29:28.621] - eth_blockNumber
[2020/04/13 15:29:39.245] - eth_blockNumber
[2020/04/13 15:29:40.594] - eth_blockNumber
[2020/04/13 15:29:44.559] - eth_blockNumber
[2020/04/13 15:29:48.628] - eth_blockNumber
[2020/04/13 15:29:59.259] - eth_blockNumber
[2020/04/13 15:30:00.612] - eth_blockNumber
[2020/04/13 15:30:04.575] - eth_blockNumber
[2020/04/13 15:30:08.641] - eth_blockNumber
[2020/04/13 15:30:19.273] - eth_blockNumber
[2020/04/13 15:30:20.626] - eth_blockNumber
[2020/04/13 15:30:24.588] - eth_blockNumber
[2020/04/13 15:30:28.649] - eth_blockNumber
[2020/04/13 15:30:39.287] - eth_blockNumber
[2020/04/13 15:30:40.636] - eth_blockNumber
[2020/04/13 15:30:44.599] - eth_blockNumber
[2020/04/13 15:30:48.659] - eth_blockNumber
[2020/04/13 15:30:59.303] - eth_blockNumber
[2020/04/13 15:31:00.649] - eth_blockNumber
[2020/04/13 15:31:04.609] - eth_blockNumber
[2020/04/13 15:31:08.669] - eth_blockNumber
[2020/04/13 15:31:19.316] - eth_blockNumber
[2020/04/13 15:31:20.661] - eth_blockNumber
[2020/04/13 15:31:24.619] - eth_blockNumber
[2020/04/13 15:31:28.690] - eth_blockNumber
[2020/04/13 15:31:39.331] - eth_blockNumber
[2020/04/13 15:31:40.673] - eth_blockNumber
[2020/04/13 15:31:44.637] - eth_blockNumber
[2020/04/13 15:31:48.701] - eth_blockNumber
[2020/04/13 15:31:59.345] - eth_blockNumber
[2020/04/13 15:32:00.685] - eth_blockNumber
[2020/04/13 15:32:04.652] - eth_blockNumber
[2020/04/13 15:32:08.713] - eth_blockNumber
[2020/04/13 15:32:19.360] - eth_blockNumber
[2020/04/13 15:32:20.699] - eth_blockNumber
[2020/04/13 15:32:24.664] - eth_blockNumber
[2020/04/13 15:32:28.778] - eth_blockNumber
[2020/04/13 15:32:39.372] - eth_blockNumber
[2020/04/13 15:32:40.708] - eth_blockNumber
[2020/04/13 15:32:44.675] - eth_blockNumber
[2020/04/13 15:32:48.923] - eth_blockNumber
[2020/04/13 15:32:59.384] - eth_blockNumber
[2020/04/13 15:33:00.722] - eth_blockNumber
[2020/04/13 15:33:04.689] - eth_blockNumber
[2020/04/13 15:33:08.934] - eth_blockNumber
[2020/04/13 15:33:19.395] - eth_blockNumber
[2020/04/13 15:33:20.736] - eth_blockNumber
[2020/04/13 15:33:24.701] - eth_blockNumber
[2020/04/13 15:33:28.946] - eth_blockNumber
[2020/04/13 15:33:39.405] - eth_blockNumber
[2020/04/13 15:33:40.748] - eth_blockNumber
[2020/04/13 15:33:44.714] - eth_blockNumber
[2020/04/13 15:33:48.957] - eth_blockNumber
[2020/04/13 15:33:59.420] - eth_blockNumber
[2020/04/13 15:34:00.764] - eth_blockNumber
[2020/04/13 15:34:04.728] - eth_blockNumber
[2020/04/13 15:34:08.971] - eth_blockNumber
[2020/04/13 15:34:19.433] - eth_blockNumber
[2020/04/13 15:34:20.778] - eth_blockNumber
[2020/04/13 15:34:24.741] - eth_blockNumber
[2020/04/13 15:34:28.986] - eth_blockNumber
[2020/04/13 15:34:39.443] - eth_blockNumber
[2020/04/13 15:34:40.793] - eth_blockNumber
[2020/04/13 15:34:44.754] - eth_blockNumber
[2020/04/13 15:34:48.999] - eth_blockNumber
[2020/04/13 15:34:59.456] - eth_blockNumber
[2020/04/13 15:35:00.802] - eth_blockNumber
[2020/04/13 15:35:04.766] - eth_blockNumber
[2020/04/13 15:35:09.012] - eth_blockNumber
[2020/04/13 15:35:19.470] - eth_blockNumber
[2020/04/13 15:35:20.812] - eth_blockNumber
[2020/04/13 15:35:24.776] - eth_blockNumber
[2020/04/13 15:35:29.089] - eth_blockNumber
[2020/04/13 15:35:39.483] - eth_blockNumber
[2020/04/13 15:35:40.831] - eth_blockNumber
[2020/04/13 15:35:44.788] - eth_blockNumber
[2020/04/13 15:35:49.282] - eth_blockNumber
[2020/04/13 15:35:59.497] - eth_blockNumber
[2020/04/13 15:36:00.847] - eth_blockNumber
[2020/04/13 15:36:04.803] - eth_blockNumber
[2020/04/13 15:36:09.295] - eth_blockNumber
[2020/04/13 15:36:19.511] - eth_blockNumber
[2020/04/13 15:36:20.861] - eth_blockNumber
[2020/04/13 15:36:24.817] - eth_blockNumber
[2020/04/13 15:36:29.308] - eth_blockNumber
[2020/04/13 15:36:39.524] - eth_blockNumber
[2020/04/13 15:36:40.877] - eth_blockNumber
[2020/04/13 15:36:44.832] - eth_blockNumber
[2020/04/13 15:36:49.320] - eth_blockNumber
[2020/04/13 15:36:59.537] - eth_blockNumber
[2020/04/13 15:37:00.890] - eth_blockNumber
[2020/04/13 15:37:04.855] - eth_blockNumber
[2020/04/13 15:37:09.334] - eth_blockNumber
[2020/04/13 15:37:19.549] - eth_blockNumber
[2020/04/13 15:37:20.898] - eth_blockNumber
[2020/04/13 15:37:24.866] - eth_blockNumber
[2020/04/13 15:37:29.345] - eth_blockNumber
[2020/04/13 15:37:39.559] - eth_blockNumber
[2020/04/13 15:37:40.910] - eth_blockNumber
[2020/04/13 15:37:44.880] - eth_blockNumber
[2020/04/13 15:37:49.356] - eth_blockNumber
[2020/04/13 15:37:59.573] - eth_blockNumber
[2020/04/13 15:38:00.923] - eth_blockNumber
[2020/04/13 15:38:04.892] - eth_blockNumber
[2020/04/13 15:38:09.367] - eth_blockNumber
[2020/04/13 15:38:19.583] - eth_blockNumber
[2020/04/13 15:38:20.938] - eth_blockNumber
[2020/04/13 15:38:24.904] - eth_blockNumber
[2020/04/13 15:38:29.546] - eth_blockNumber
[2020/04/13 15:38:39.597] - eth_blockNumber
[2020/04/13 15:38:40.950] - eth_blockNumber
[2020/04/13 15:38:44.917] - eth_blockNumber
[2020/04/13 15:38:49.563] - eth_blockNumber
[2020/04/13 15:38:59.609] - eth_blockNumber
[2020/04/13 15:39:00.964] - eth_blockNumber
[2020/04/13 15:39:04.929] - eth_blockNumber
[2020/04/13 15:39:09.576] - eth_blockNumber
[2020/04/13 15:39:19.625] - eth_blockNumber
[2020/04/13 15:39:20.980] - eth_blockNumber
[2020/04/13 15:39:24.940] - eth_blockNumber
[2020/04/13 15:39:29.590] - eth_blockNumber
[2020/04/13 15:39:39.640] - eth_blockNumber
[2020/04/13 15:39:40.993] - eth_blockNumber
[2020/04/13 15:39:44.946] - eth_blockNumber
[2020/04/13 15:39:49.602] - eth_blockNumber
[2020/04/13 15:39:59.653] - eth_blockNumber
[2020/04/13 15:40:01.009] - eth_blockNumber
[2020/04/13 15:40:04.953] - eth_blockNumber
[2020/04/13 15:40:09.616] - eth_blockNumber
[2020/04/13 15:40:19.666] - eth_blockNumber
[2020/04/13 15:40:21.023] - eth_blockNumber
[2020/04/13 15:40:24.963] - eth_blockNumber
[2020/04/13 15:40:29.634] - eth_blockNumber
[2020/04/13 15:40:39.677] - eth_blockNumber
[2020/04/13 15:40:41.033] - eth_blockNumber
[2020/04/13 15:40:44.975] - eth_blockNumber
[2020/04/13 15:40:49.650] - eth_blockNumber
[2020/04/13 15:40:59.690] - eth_blockNumber
[2020/04/13 15:41:01.039] - eth_blockNumber
[2020/04/13 15:41:04.982] - eth_blockNumber
[2020/04/13 15:41:09.662] - eth_blockNumber
[2020/04/13 15:41:19.703] - eth_blockNumber
[2020/04/13 15:41:21.056] - eth_blockNumber
[2020/04/13 15:41:24.994] - eth_blockNumber
[2020/04/13 15:41:29.843] - eth_blockNumber
[2020/04/13 15:41:39.716] - eth_blockNumber
[2020/04/13 15:41:41.070] - eth_blockNumber
[2020/04/13 15:41:45.009] - eth_blockNumber
[2020/04/13 15:41:49.852] - eth_blockNumber
[2020/04/13 15:41:59.727] - eth_blockNumber
[2020/04/13 15:42:01.084] - eth_blockNumber
[2020/04/13 15:42:05.026] - eth_blockNumber
[2020/04/13 15:42:09.864] - eth_blockNumber
[2020/04/13 15:42:19.740] - eth_blockNumber
[2020/04/13 15:42:21.100] - eth_blockNumber
[2020/04/13 15:42:25.036] - eth_blockNumber
[2020/04/13 15:42:29.880] - eth_blockNumber
[2020/04/13 15:42:39.751] - eth_blockNumber
[2020/04/13 15:42:41.115] - eth_blockNumber
[2020/04/13 15:42:45.045] - eth_blockNumber
[2020/04/13 15:42:49.898] - eth_blockNumber
[2020/04/13 15:42:59.766] - eth_blockNumber
[2020/04/13 15:43:01.132] - eth_blockNumber
[2020/04/13 15:43:05.059] - eth_blockNumber
[2020/04/13 15:43:09.913] - eth_blockNumber
[2020/04/13 15:43:19.784] - eth_blockNumber
[2020/04/13 15:43:21.143] - eth_blockNumber
[2020/04/13 15:43:25.072] - eth_blockNumber
[2020/04/13 15:43:29.926] - eth_blockNumber
[2020/04/13 15:43:39.795] - eth_blockNumber
[2020/04/13 15:43:41.154] - eth_blockNumber
[2020/04/13 15:43:45.084] - eth_blockNumber
[2020/04/13 15:43:49.938] - eth_blockNumber
[2020/04/13 15:43:59.808] - eth_blockNumber
[2020/04/13 15:44:01.169] - eth_blockNumber
[2020/04/13 15:44:05.098] - eth_blockNumber
[2020/04/13 15:44:09.963] - eth_blockNumber
[2020/04/13 15:44:19.821] - eth_blockNumber
[2020/04/13 15:44:21.183] - eth_blockNumber
[2020/04/13 15:44:25.109] - eth_blockNumber
[2020/04/13 15:44:30.070] - eth_blockNumber
[2020/04/13 15:44:39.830] - eth_blockNumber
[2020/04/13 15:44:41.193] - eth_blockNumber
[2020/04/13 15:44:45.126] - eth_blockNumber
[2020/04/13 15:44:50.083] - eth_blockNumber
[2020/04/13 15:44:59.839] - eth_blockNumber
[2020/04/13 15:45:01.208] - eth_blockNumber
[2020/04/13 15:45:05.142] - eth_blockNumber
[2020/04/13 15:45:10.096] - eth_blockNumber
[2020/04/13 15:45:19.850] - eth_blockNumber
[2020/04/13 15:45:21.222] - eth_blockNumber
[2020/04/13 15:45:25.156] - eth_blockNumber
[2020/04/13 15:45:30.106] - eth_blockNumber
[2020/04/13 15:45:39.861] - eth_blockNumber
[2020/04/13 15:45:41.236] - eth_blockNumber
[2020/04/13 15:45:45.175] - eth_blockNumber
[2020/04/13 15:45:50.118] - eth_blockNumber
[2020/04/13 15:45:59.873] - eth_blockNumber
[2020/04/13 15:46:01.250] - eth_blockNumber
[2020/04/13 15:46:05.188] - eth_blockNumber
[2020/04/13 15:46:10.137] - eth_blockNumber
[2020/04/13 15:46:19.886] - eth_blockNumber
[2020/04/13 15:46:21.267] - eth_blockNumber
[2020/04/13 15:46:25.201] - eth_blockNumber
[2020/04/13 15:46:30.148] - eth_blockNumber
[2020/04/13 15:46:39.897] - eth_blockNumber
[2020/04/13 15:46:41.284] - eth_blockNumber
[2020/04/13 15:46:45.213] - eth_blockNumber
[2020/04/13 15:46:50.158] - eth_blockNumber
[2020/04/13 15:46:59.906] - eth_blockNumber
[2020/04/13 15:47:01.296] - eth_blockNumber
[2020/04/13 15:47:05.227] - eth_blockNumber
[2020/04/13 15:47:10.172] - eth_blockNumber
[2020/04/13 15:47:19.919] - eth_blockNumber
[2020/04/13 15:47:21.309] - eth_blockNumber
[2020/04/13 15:47:25.242] - eth_blockNumber
[2020/04/13 15:47:30.211] - eth_blockNumber
[2020/04/13 15:47:39.943] - eth_blockNumber
[2020/04/13 15:47:41.326] - eth_blockNumber
[2020/04/13 15:47:45.259] - eth_blockNumber
[2020/04/13 15:47:50.391] - eth_blockNumber
[2020/04/13 15:47:59.955] - eth_blockNumber
[2020/04/13 15:48:01.346] - eth_blockNumber
[2020/04/13 15:48:05.284] - eth_blockNumber
[2020/04/13 15:48:10.411] - eth_blockNumber
[2020/04/13 15:48:19.967] - eth_blockNumber
[2020/04/13 15:48:21.361] - eth_blockNumber
[2020/04/13 15:48:25.299] - eth_blockNumber
[2020/04/13 15:48:30.425] - eth_blockNumber
[2020/04/13 15:48:39.979] - eth_blockNumber
[2020/04/13 15:48:41.375] - eth_blockNumber
[2020/04/13 15:48:45.321] - eth_blockNumber
[2020/04/13 15:48:50.437] - eth_blockNumber
[2020/04/13 15:48:59.991] - eth_blockNumber
[2020/04/13 15:49:01.386] - eth_blockNumber
[2020/04/13 15:49:05.336] - eth_blockNumber
[2020/04/13 15:49:10.452] - eth_blockNumber
[2020/04/13 15:49:20.002] - eth_blockNumber
[2020/04/13 15:49:21.400] - eth_blockNumber
[2020/04/13 15:49:25.354] - eth_blockNumber
[2020/04/13 15:49:30.466] - eth_blockNumber
[2020/04/13 15:49:40.017] - eth_blockNumber
[2020/04/13 15:49:41.415] - eth_blockNumber
[2020/04/13 15:49:45.378] - eth_blockNumber
[2020/04/13 15:49:50.475] - eth_blockNumber
[2020/04/13 15:50:00.040] - eth_blockNumber
[2020/04/13 15:50:01.432] - eth_blockNumber
[2020/04/13 15:50:05.394] - eth_blockNumber
[2020/04/13 15:50:10.484] - eth_blockNumber
[2020/04/13 15:50:20.060] - eth_blockNumber
[2020/04/13 15:50:21.450] - eth_blockNumber
[2020/04/13 15:50:25.414] - eth_blockNumber
[2020/04/13 15:50:30.833] - eth_blockNumber
[2020/04/13 15:50:40.077] - eth_blockNumber
[2020/04/13 15:50:41.464] - eth_blockNumber
[2020/04/13 15:50:45.427] - eth_blockNumber
[2020/04/13 15:50:50.891] - eth_blockNumber
[2020/04/13 15:51:00.088] - eth_blockNumber
[2020/04/13 15:51:01.482] - eth_blockNumber
[2020/04/13 15:51:05.445] - eth_blockNumber
[2020/04/13 15:51:10.905] - eth_blockNumber
[2020/04/13 15:51:20.100] - eth_blockNumber
[2020/04/13 15:51:21.495] - eth_blockNumber
[2020/04/13 15:51:25.459] - eth_blockNumber
[2020/04/13 15:51:30.922] - eth_blockNumber
[2020/04/13 15:51:40.112] - eth_blockNumber
[2020/04/13 15:51:41.514] - eth_blockNumber
[2020/04/13 15:51:45.473] - eth_blockNumber
[2020/04/13 15:51:50.935] - eth_blockNumber
[2020/04/13 15:52:00.128] - eth_blockNumber
[2020/04/13 15:52:01.531] - eth_blockNumber
[2020/04/13 15:52:05.484] - eth_blockNumber
[2020/04/13 15:52:10.951] - eth_blockNumber
[2020/04/13 15:52:20.147] - eth_blockNumber
[2020/04/13 15:52:21.542] - eth_blockNumber
[2020/04/13 15:52:25.498] - eth_blockNumber
[2020/04/13 15:52:30.964] - eth_blockNumber
[2020/04/13 15:52:40.159] - eth_blockNumber
[2020/04/13 15:52:41.557] - eth_blockNumber
[2020/04/13 15:52:45.508] - eth_blockNumber
[2020/04/13 15:52:50.975] - eth_blockNumber
[2020/04/13 15:53:00.171] - eth_blockNumber
[2020/04/13 15:53:01.574] - eth_blockNumber
[2020/04/13 15:53:05.519] - eth_blockNumber
[2020/04/13 15:53:10.988] - eth_blockNumber
[2020/04/13 15:53:20.193] - eth_blockNumber
[2020/04/13 15:53:21.586] - eth_blockNumber
[2020/04/13 15:53:25.532] - eth_blockNumber
[2020/04/13 15:53:31.004] - eth_blockNumber
[2020/04/13 15:53:40.206] - eth_blockNumber
[2020/04/13 15:53:41.599] - eth_blockNumber
[2020/04/13 15:53:45.545] - eth_blockNumber
[2020/04/13 15:53:51.011] - eth_blockNumber
[2020/04/13 15:54:00.221] - eth_blockNumber
[2020/04/13 15:54:01.611] - eth_blockNumber
[2020/04/13 15:54:05.555] - eth_blockNumber
[2020/04/13 15:54:11.022] - eth_blockNumber
[2020/04/13 15:54:20.236] - eth_blockNumber
[2020/04/13 15:54:21.624] - eth_blockNumber
[2020/04/13 15:54:25.567] - eth_blockNumber
[2020/04/13 15:54:31.036] - eth_blockNumber
[2020/04/13 15:54:40.251] - eth_blockNumber
[2020/04/13 15:54:41.639] - eth_blockNumber
[2020/04/13 15:54:45.581] - eth_blockNumber
[2020/04/13 15:54:51.050] - eth_blockNumber
[2020/04/13 15:55:00.265] - eth_blockNumber
[2020/04/13 15:55:01.653] - eth_blockNumber
[2020/04/13 15:55:05.596] - eth_blockNumber
[2020/04/13 15:55:11.064] - eth_blockNumber
[2020/04/13 15:55:20.281] - eth_blockNumber
[2020/04/13 15:55:21.666] - eth_blockNumber
[2020/04/13 15:55:25.608] - eth_blockNumber
[2020/04/13 15:55:31.081] - eth_blockNumber
[2020/04/13 15:55:40.301] - eth_blockNumber
[2020/04/13 15:55:41.680] - eth_blockNumber
[2020/04/13 15:55:45.623] - eth_blockNumber
[2020/04/13 15:55:51.106] - eth_blockNumber
[2020/04/13 15:56:00.320] - eth_blockNumber
[2020/04/13 15:56:01.696] - eth_blockNumber
[2020/04/13 15:56:05.640] - eth_blockNumber
[2020/04/13 15:56:11.120] - eth_blockNumber
[2020/04/13 15:56:20.345] - eth_blockNumber
[2020/04/13 15:56:21.714] - eth_blockNumber
[2020/04/13 15:56:25.651] - eth_blockNumber
[2020/04/13 15:56:31.162] - eth_blockNumber
[2020/04/13 15:56:40.365] - eth_blockNumber
[2020/04/13 15:56:41.726] - eth_blockNumber
[2020/04/13 15:56:45.673] - eth_blockNumber
[2020/04/13 15:56:51.430] - eth_blockNumber
[2020/04/13 15:57:00.387] - eth_blockNumber
[2020/04/13 15:57:01.736] - eth_blockNumber
[2020/04/13 15:57:05.687] - eth_blockNumber
[2020/04/13 15:57:11.442] - eth_blockNumber
[2020/04/13 15:57:20.402] - eth_blockNumber
[2020/04/13 15:57:21.747] - eth_blockNumber
[2020/04/13 15:57:25.707] - eth_blockNumber
[2020/04/13 15:57:31.455] - eth_blockNumber
[2020/04/13 15:57:40.419] - eth_blockNumber
[2020/04/13 15:57:41.760] - eth_blockNumber
[2020/04/13 15:57:45.724] - eth_blockNumber
[2020/04/13 15:57:51.468] - eth_blockNumber
[2020/04/13 15:58:00.433] - eth_blockNumber
[2020/04/13 15:58:01.773] - eth_blockNumber
[2020/04/13 15:58:05.738] - eth_blockNumber
[2020/04/13 15:58:11.485] - eth_blockNumber
[2020/04/13 15:58:20.452] - eth_blockNumber
[2020/04/13 15:58:21.782] - eth_blockNumber
[2020/04/13 15:58:25.754] - eth_blockNumber
[2020/04/13 15:58:31.496] - eth_blockNumber
[2020/04/13 15:58:40.472] - eth_blockNumber
[2020/04/13 15:58:41.791] - eth_blockNumber
[2020/04/13 15:58:45.774] - eth_blockNumber
[2020/04/13 15:58:51.508] - eth_blockNumber
[2020/04/13 15:59:00.485] - eth_blockNumber
[2020/04/13 15:59:01.803] - eth_blockNumber
[2020/04/13 15:59:05.786] - eth_blockNumber
[2020/04/13 15:59:11.524] - eth_blockNumber
[2020/04/13 15:59:20.498] - eth_blockNumber
[2020/04/13 15:59:21.816] - eth_blockNumber
[2020/04/13 15:59:25.799] - eth_blockNumber
[2020/04/13 15:59:31.543] - eth_blockNumber
[2020/04/13 15:59:40.514] - eth_blockNumber
[2020/04/13 15:59:41.827] - eth_blockNumber
[2020/04/13 15:59:45.816] - eth_blockNumber
[2020/04/13 15:59:51.816] - eth_blockNumber
[2020/04/13 16:00:00.532] - eth_blockNumber
[2020/04/13 16:00:01.843] - eth_blockNumber
[2020/04/13 16:00:05.832] - eth_blockNumber
[2020/04/13 16:00:11.828] - eth_blockNumber
[2020/04/13 16:00:20.547] - eth_blockNumber
[2020/04/13 16:00:21.854] - eth_blockNumber
[2020/04/13 16:00:25.846] - eth_blockNumber
[2020/04/13 16:00:31.842] - eth_blockNumber
[2020/04/13 16:00:40.560] - eth_blockNumber
[2020/04/13 16:00:41.860] - eth_blockNumber
[2020/04/13 16:00:45.860] - eth_blockNumber
[2020/04/13 16:00:51.860] - eth_blockNumber
[2020/04/13 16:01:00.575] - eth_blockNumber
[2020/04/13 16:01:01.870] - eth_blockNumber
[2020/04/13 16:01:05.876] - eth_blockNumber
[2020/04/13 16:01:11.876] - eth_blockNumber
[2020/04/13 16:01:20.586] - eth_blockNumber
[2020/04/13 16:01:21.884] - eth_blockNumber
[2020/04/13 16:01:25.892] - eth_blockNumber
[2020/04/13 16:01:31.895] - eth_blockNumber
[2020/04/13 16:01:40.600] - eth_blockNumber
[2020/04/13 16:01:41.899] - eth_blockNumber
[2020/04/13 16:01:45.904] - eth_blockNumber
[2020/04/13 16:01:51.913] - eth_blockNumber
[2020/04/13 16:02:00.612] - eth_blockNumber
[2020/04/13 16:02:01.914] - eth_blockNumber
[2020/04/13 16:02:05.916] - eth_blockNumber
[2020/04/13 16:02:11.926] - eth_blockNumber
[2020/04/13 16:02:20.628] - eth_blockNumber
[2020/04/13 16:02:21.932] - eth_blockNumber
[2020/04/13 16:02:25.933] - eth_blockNumber
[2020/04/13 16:02:31.939] - eth_blockNumber
[2020/04/13 16:02:40.644] - eth_blockNumber
[2020/04/13 16:02:41.943] - eth_blockNumber
[2020/04/13 16:02:45.947] - eth_blockNumber
[2020/04/13 16:02:51.952] - eth_blockNumber
[2020/04/13 16:03:00.704] - eth_blockNumber
[2020/04/13 16:03:01.955] - eth_blockNumber
[2020/04/13 16:03:05.959] - eth_blockNumber
[2020/04/13 16:03:11.966] - eth_blockNumber
[2020/04/13 16:03:20.719] - eth_blockNumber
[2020/04/13 16:03:21.968] - eth_blockNumber
[2020/04/13 16:03:25.972] - eth_blockNumber
[2020/04/13 16:03:31.981] - eth_blockNumber
[2020/04/13 16:03:40.732] - eth_blockNumber
[2020/04/13 16:03:41.980] - eth_blockNumber
[2020/04/13 16:03:45.983] - eth_blockNumber
[2020/04/13 16:03:51.994] - eth_blockNumber
[2020/04/13 16:04:00.745] - eth_blockNumber
[2020/04/13 16:04:01.992] - eth_blockNumber
[2020/04/13 16:04:05.996] - eth_blockNumber
[2020/04/13 16:04:12.007] - eth_blockNumber
[2020/04/13 16:04:20.756] - eth_blockNumber
[2020/04/13 16:04:22.007] - eth_blockNumber
[2020/04/13 16:04:26.009] - eth_blockNumber
[2020/04/13 16:04:32.021] - eth_blockNumber
[2020/04/13 16:04:40.771] - eth_blockNumber
[2020/04/13 16:04:42.020] - eth_blockNumber
[2020/04/13 16:04:46.022] - eth_blockNumber
[2020/04/13 16:04:52.034] - eth_blockNumber
[2020/04/13 16:05:00.784] - eth_blockNumber
[2020/04/13 16:05:02.033] - eth_blockNumber
[2020/04/13 16:05:06.035] - eth_blockNumber
[2020/04/13 16:05:12.052] - eth_blockNumber
[2020/04/13 16:05:20.797] - eth_blockNumber
[2020/04/13 16:05:22.042] - eth_blockNumber
[2020/04/13 16:05:26.047] - eth_blockNumber
[2020/04/13 16:05:32.065] - eth_blockNumber
[2020/04/13 16:05:40.813] - eth_blockNumber
[2020/04/13 16:05:42.053] - eth_blockNumber
[2020/04/13 16:05:46.060] - eth_blockNumber
[2020/04/13 16:05:52.077] - eth_blockNumber
[2020/04/13 16:06:00.824] - eth_blockNumber
[2020/04/13 16:06:02.076] - eth_blockNumber
[2020/04/13 16:06:06.072] - eth_blockNumber
[2020/04/13 16:06:12.091] - eth_blockNumber
[2020/04/13 16:06:20.835] - eth_blockNumber
[2020/04/13 16:06:22.091] - eth_blockNumber
[2020/04/13 16:06:26.081] - eth_blockNumber
[2020/04/13 16:06:32.103] - eth_blockNumber
[2020/04/13 16:06:40.847] - eth_blockNumber
[2020/04/13 16:06:42.106] - eth_blockNumber
[2020/04/13 16:06:46.093] - eth_blockNumber
[2020/04/13 16:06:52.119] - eth_blockNumber
[2020/04/13 16:07:00.859] - eth_blockNumber
[2020/04/13 16:07:02.125] - eth_blockNumber
[2020/04/13 16:07:06.108] - eth_blockNumber
[2020/04/13 16:07:12.133] - eth_blockNumber
[2020/04/13 16:07:20.872] - eth_blockNumber
[2020/04/13 16:07:22.175] - eth_blockNumber
[2020/04/13 16:07:26.122] - eth_blockNumber
[2020/04/13 16:07:32.143] - eth_blockNumber
[2020/04/13 16:07:40.883] - eth_blockNumber
[2020/04/13 16:07:42.193] - eth_blockNumber
[2020/04/13 16:07:46.142] - eth_blockNumber
[2020/04/13 16:07:52.156] - eth_blockNumber
[2020/04/13 16:08:00.896] - eth_blockNumber
[2020/04/13 16:08:02.205] - eth_blockNumber
[2020/04/13 16:08:06.157] - eth_blockNumber
[2020/04/13 16:08:12.171] - eth_blockNumber
[2020/04/13 16:08:20.905] - eth_blockNumber
[2020/04/13 16:08:22.219] - eth_blockNumber
[2020/04/13 16:08:26.170] - eth_blockNumber
[2020/04/13 16:08:32.184] - eth_blockNumber
[2020/04/13 16:08:40.913] - eth_blockNumber
[2020/04/13 16:08:42.233] - eth_blockNumber
[2020/04/13 16:08:46.184] - eth_blockNumber
[2020/04/13 16:08:52.197] - eth_blockNumber
[2020/04/13 16:09:00.924] - eth_blockNumber
[2020/04/13 16:09:02.247] - eth_blockNumber
[2020/04/13 16:09:06.197] - eth_blockNumber
[2020/04/13 16:09:12.212] - eth_blockNumber
[2020/04/13 16:09:20.935] - eth_blockNumber
[2020/04/13 16:09:22.257] - eth_blockNumber
[2020/04/13 16:09:26.209] - eth_blockNumber
[2020/04/13 16:09:32.225] - eth_blockNumber
[2020/04/13 16:09:40.946] - eth_blockNumber
[2020/04/13 16:09:42.271] - eth_blockNumber
[2020/04/13 16:09:46.221] - eth_blockNumber
[2020/04/13 16:09:52.237] - eth_blockNumber
[2020/04/13 16:10:00.960] - eth_blockNumber
[2020/04/13 16:10:02.284] - eth_blockNumber
[2020/04/13 16:10:06.233] - eth_blockNumber
[2020/04/13 16:10:12.250] - eth_blockNumber
[2020/04/13 16:10:20.971] - eth_blockNumber
[2020/04/13 16:10:22.297] - eth_blockNumber
[2020/04/13 16:10:26.246] - eth_blockNumber
[2020/04/13 16:10:32.263] - eth_blockNumber
[2020/04/13 16:10:40.983] - eth_blockNumber
[2020/04/13 16:10:42.309] - eth_blockNumber
[2020/04/13 16:10:46.258] - eth_blockNumber
[2020/04/13 16:10:52.276] - eth_blockNumber
[2020/04/13 16:11:00.993] - eth_blockNumber
[2020/04/13 16:11:02.321] - eth_blockNumber
[2020/04/13 16:11:06.272] - eth_blockNumber
[2020/04/13 16:11:12.289] - eth_blockNumber
[2020/04/13 16:11:21.004] - eth_blockNumber
[2020/04/13 16:11:22.333] - eth_blockNumber
[2020/04/13 16:11:26.285] - eth_blockNumber
[2020/04/13 16:11:32.301] - eth_blockNumber
[2020/04/13 16:11:41.012] - eth_blockNumber
[2020/04/13 16:11:42.345] - eth_blockNumber
[2020/04/13 16:11:46.296] - eth_blockNumber
[2020/04/13 16:11:52.314] - eth_blockNumber
[2020/04/13 16:12:01.022] - eth_blockNumber
[2020/04/13 16:12:02.359] - eth_blockNumber
[2020/04/13 16:12:06.308] - eth_blockNumber
[2020/04/13 16:12:12.326] - eth_blockNumber
[2020/04/13 16:12:21.038] - eth_blockNumber
[2020/04/13 16:12:22.375] - eth_blockNumber
[2020/04/13 16:12:26.321] - eth_blockNumber
[2020/04/13 16:12:32.339] - eth_blockNumber
[2020/04/13 16:12:41.052] - eth_blockNumber
[2020/04/13 16:12:42.387] - eth_blockNumber
[2020/04/13 16:12:46.330] - eth_blockNumber
[2020/04/13 16:12:52.351] - eth_blockNumber
[2020/04/13 16:13:01.066] - eth_blockNumber
[2020/04/13 16:13:02.400] - eth_blockNumber
[2020/04/13 16:13:06.344] - eth_blockNumber
[2020/04/13 16:13:12.365] - eth_blockNumber
[2020/04/13 16:13:21.080] - eth_blockNumber
[2020/04/13 16:13:22.413] - eth_blockNumber
[2020/04/13 16:13:26.356] - eth_blockNumber
[2020/04/13 16:13:32.377] - eth_blockNumber
[2020/04/13 16:13:41.094] - eth_blockNumber
[2020/04/13 16:13:42.424] - eth_blockNumber
[2020/04/13 16:13:46.370] - eth_blockNumber
[2020/04/13 16:13:52.389] - eth_blockNumber
[2020/04/13 16:14:01.103] - eth_blockNumber
[2020/04/13 16:14:02.437] - eth_blockNumber
[2020/04/13 16:14:06.380] - eth_blockNumber
[2020/04/13 16:14:12.400] - eth_blockNumber
[2020/04/13 16:14:21.116] - eth_blockNumber
[2020/04/13 16:14:22.456] - eth_blockNumber
[2020/04/13 16:14:26.391] - eth_blockNumber
[2020/04/13 16:14:32.410] - eth_blockNumber
[2020/04/13 16:14:41.130] - eth_blockNumber
[2020/04/13 16:14:42.466] - eth_blockNumber
[2020/04/13 16:14:46.402] - eth_blockNumber
[2020/04/13 16:14:52.421] - eth_blockNumber
[2020/04/13 16:15:01.143] - eth_blockNumber
[2020/04/13 16:15:02.473] - eth_blockNumber
[2020/04/13 16:15:06.413] - eth_blockNumber
[2020/04/13 16:15:12.432] - eth_blockNumber
[2020/04/13 16:15:21.156] - eth_blockNumber
[2020/04/13 16:15:22.481] - eth_blockNumber
[2020/04/13 16:15:26.424] - eth_blockNumber
[2020/04/13 16:15:32.443] - eth_blockNumber
[2020/04/13 16:15:41.171] - eth_blockNumber
[2020/04/13 16:15:42.488] - eth_blockNumber
[2020/04/13 16:15:46.435] - eth_blockNumber
[2020/04/13 16:15:52.455] - eth_blockNumber
[2020/04/13 16:16:01.182] - eth_blockNumber
[2020/04/13 16:16:02.495] - eth_blockNumber
[2020/04/13 16:16:06.447] - eth_blockNumber
[2020/04/13 16:16:12.463] - eth_blockNumber
[2020/04/13 16:16:21.204] - eth_blockNumber
[2020/04/13 16:16:22.510] - eth_blockNumber
[2020/04/13 16:16:26.460] - eth_blockNumber
[2020/04/13 16:16:32.481] - eth_blockNumber
[2020/04/13 16:16:41.221] - eth_blockNumber
[2020/04/13 16:16:42.529] - eth_blockNumber
[2020/04/13 16:16:46.482] - eth_blockNumber
[2020/04/13 16:16:52.488] - eth_blockNumber
[2020/04/13 16:17:01.233] - eth_blockNumber
[2020/04/13 16:17:02.542] - eth_blockNumber
[2020/04/13 16:17:06.501] - eth_blockNumber
[2020/04/13 16:17:12.502] - eth_blockNumber
[2020/04/13 16:17:21.241] - eth_blockNumber
[2020/04/13 16:17:22.557] - eth_blockNumber
[2020/04/13 16:17:26.515] - eth_blockNumber
[2020/04/13 16:17:32.510] - eth_blockNumber
[2020/04/13 16:17:41.250] - eth_blockNumber
[2020/04/13 16:17:42.569] - eth_blockNumber
[2020/04/13 16:17:46.528] - eth_blockNumber
[2020/04/13 16:17:52.520] - eth_blockNumber
[2020/04/13 16:18:01.261] - eth_blockNumber
[2020/04/13 16:18:02.584] - eth_blockNumber
[2020/04/13 16:18:06.538] - eth_blockNumber
[2020/04/13 16:18:12.531] - eth_blockNumber
[2020/04/13 16:18:21.274] - eth_blockNumber
[2020/04/13 16:18:22.597] - eth_blockNumber
[2020/04/13 16:18:26.547] - eth_blockNumber
[2020/04/13 16:18:32.541] - eth_blockNumber
[2020/04/13 16:18:41.286] - eth_blockNumber
[2020/04/13 16:18:42.610] - eth_blockNumber
[2020/04/13 16:18:46.559] - eth_blockNumber
[2020/04/13 16:18:52.550] - eth_blockNumber
[2020/04/13 16:19:01.299] - eth_blockNumber
[2020/04/13 16:19:02.624] - eth_blockNumber
[2020/04/13 16:19:06.571] - eth_blockNumber
[2020/04/13 16:19:12.562] - eth_blockNumber
[2020/04/13 16:19:21.317] - eth_blockNumber
[2020/04/13 16:19:22.638] - eth_blockNumber
[2020/04/13 16:19:26.580] - eth_blockNumber
[2020/04/13 16:19:32.575] - eth_blockNumber
[2020/04/13 16:19:41.330] - eth_blockNumber
[2020/04/13 16:19:42.652] - eth_blockNumber
[2020/04/13 16:19:46.590] - eth_blockNumber
[2020/04/13 16:19:52.588] - eth_blockNumber
[2020/04/13 16:20:01.342] - eth_blockNumber
[2020/04/13 16:20:02.665] - eth_blockNumber
[2020/04/13 16:20:06.600] - eth_blockNumber
[2020/04/13 16:20:12.597] - eth_blockNumber
[2020/04/13 16:20:21.351] - eth_blockNumber
[2020/04/13 16:20:22.677] - eth_blockNumber
[2020/04/13 16:20:26.608] - eth_blockNumber
[2020/04/13 16:20:32.607] - eth_blockNumber
[2020/04/13 16:20:41.361] - eth_blockNumber
[2020/04/13 16:20:42.689] - eth_blockNumber
[2020/04/13 16:20:46.620] - eth_blockNumber
[2020/04/13 16:20:52.619] - eth_blockNumber
[2020/04/13 16:21:01.375] - eth_blockNumber
[2020/04/13 16:21:02.704] - eth_blockNumber
[2020/04/13 16:21:06.633] - eth_blockNumber
[2020/04/13 16:21:12.633] - eth_blockNumber
[2020/04/13 16:21:21.390] - eth_blockNumber
[2020/04/13 16:21:22.729] - eth_blockNumber
[2020/04/13 16:21:26.646] - eth_blockNumber
[2020/04/13 16:21:32.645] - eth_blockNumber
[2020/04/13 16:21:41.407] - eth_blockNumber
[2020/04/13 16:21:42.748] - eth_blockNumber
[2020/04/13 16:21:46.658] - eth_blockNumber
[2020/04/13 16:21:52.657] - eth_blockNumber
[2020/04/13 16:22:01.418] - eth_blockNumber
[2020/04/13 16:22:02.762] - eth_blockNumber
[2020/04/13 16:22:06.673] - eth_blockNumber
[2020/04/13 16:22:12.672] - eth_blockNumber
[2020/04/13 16:22:21.431] - eth_blockNumber
[2020/04/13 16:22:22.779] - eth_blockNumber
[2020/04/13 16:22:26.694] - eth_blockNumber
[2020/04/13 16:22:32.687] - eth_blockNumber
[2020/04/13 16:22:41.442] - eth_blockNumber
[2020/04/13 16:22:42.792] - eth_blockNumber
[2020/04/13 16:22:46.707] - eth_blockNumber
[2020/04/13 16:22:52.703] - eth_blockNumber
[2020/04/13 16:23:01.453] - eth_blockNumber
[2020/04/13 16:23:02.806] - eth_blockNumber
[2020/04/13 16:23:06.720] - eth_blockNumber
[2020/04/13 16:23:12.716] - eth_blockNumber
[2020/04/13 16:23:21.465] - eth_blockNumber
[2020/04/13 16:23:22.818] - eth_blockNumber
[2020/04/13 16:23:26.733] - eth_blockNumber
[2020/04/13 16:23:32.728] - eth_blockNumber
[2020/04/13 16:23:41.478] - eth_blockNumber
[2020/04/13 16:23:42.829] - eth_blockNumber
[2020/04/13 16:23:46.749] - eth_blockNumber
[2020/04/13 16:23:52.740] - eth_blockNumber
[2020/04/13 16:24:01.490] - eth_blockNumber
[2020/04/13 16:24:02.843] - eth_blockNumber
[2020/04/13 16:24:06.761] - eth_blockNumber
[2020/04/13 16:24:12.755] - eth_blockNumber
[2020/04/13 16:24:21.501] - eth_blockNumber
[2020/04/13 16:24:22.856] - eth_blockNumber
[2020/04/13 16:24:26.774] - eth_blockNumber
[2020/04/13 16:24:32.768] - eth_blockNumber
[2020/04/13 16:24:41.512] - eth_blockNumber
[2020/04/13 16:24:42.868] - eth_blockNumber
[2020/04/13 16:24:46.786] - eth_blockNumber
[2020/04/13 16:24:52.781] - eth_blockNumber
[2020/04/13 16:25:01.524] - eth_blockNumber
[2020/04/13 16:25:02.880] - eth_blockNumber
[2020/04/13 16:25:06.799] - eth_blockNumber
[2020/04/13 16:25:12.797] - eth_blockNumber
[2020/04/13 16:25:21.535] - eth_blockNumber
[2020/04/13 16:25:22.893] - eth_blockNumber
[2020/04/13 16:25:26.811] - eth_blockNumber
[2020/04/13 16:25:32.812] - eth_blockNumber
[2020/04/13 16:25:41.548] - eth_blockNumber
[2020/04/13 16:25:42.905] - eth_blockNumber
[2020/04/13 16:25:46.821] - eth_blockNumber
[2020/04/13 16:25:52.825] - eth_blockNumber
[2020/04/13 16:26:01.561] - eth_blockNumber
[2020/04/13 16:26:02.918] - eth_blockNumber
[2020/04/13 16:26:06.833] - eth_blockNumber
[2020/04/13 16:26:12.839] - eth_blockNumber
[2020/04/13 16:26:21.572] - eth_blockNumber
[2020/04/13 16:26:22.930] - eth_blockNumber
[2020/04/13 16:26:26.844] - eth_blockNumber
[2020/04/13 16:26:32.851] - eth_blockNumber
[2020/04/13 16:26:41.587] - eth_blockNumber
[2020/04/13 16:26:42.942] - eth_blockNumber
[2020/04/13 16:26:46.854] - eth_blockNumber
[2020/04/13 16:26:52.863] - eth_blockNumber
[2020/04/13 16:27:01.607] - eth_blockNumber
[2020/04/13 16:27:02.955] - eth_blockNumber
[2020/04/13 16:27:06.870] - eth_blockNumber
[2020/04/13 16:27:12.875] - eth_blockNumber
[2020/04/13 16:27:21.622] - eth_blockNumber
[2020/04/13 16:27:22.971] - eth_blockNumber
[2020/04/13 16:27:26.881] - eth_blockNumber
[2020/04/13 16:27:32.889] - eth_blockNumber
[2020/04/13 16:27:41.633] - eth_blockNumber
[2020/04/13 16:27:42.984] - eth_blockNumber
[2020/04/13 16:27:46.893] - eth_blockNumber
[2020/04/13 16:27:52.900] - eth_blockNumber
[2020/04/13 16:28:01.647] - eth_blockNumber
[2020/04/13 16:28:02.998] - eth_blockNumber
[2020/04/13 16:28:06.906] - eth_blockNumber
[2020/04/13 16:28:12.913] - eth_blockNumber
[2020/04/13 16:28:21.664] - eth_blockNumber
[2020/04/13 16:28:23.011] - eth_blockNumber
[2020/04/13 16:28:26.918] - eth_blockNumber
[2020/04/13 16:28:32.926] - eth_blockNumber
[2020/04/13 16:28:41.682] - eth_blockNumber
[2020/04/13 16:28:43.023] - eth_blockNumber
[2020/04/13 16:28:46.930] - eth_blockNumber
[2020/04/13 16:28:52.938] - eth_blockNumber
[2020/04/13 16:29:01.695] - eth_blockNumber
[2020/04/13 16:29:03.038] - eth_blockNumber
[2020/04/13 16:29:06.943] - eth_blockNumber
[2020/04/13 16:29:12.949] - eth_blockNumber
[2020/04/13 16:29:21.708] - eth_blockNumber
[2020/04/13 16:29:23.050] - eth_blockNumber
[2020/04/13 16:29:26.954] - eth_blockNumber
[2020/04/13 16:29:32.961] - eth_blockNumber
[2020/04/13 16:29:41.720] - eth_blockNumber
[2020/04/13 16:29:43.062] - eth_blockNumber
[2020/04/13 16:29:46.968] - eth_blockNumber
[2020/04/13 16:29:52.973] - eth_blockNumber
[2020/04/13 16:30:01.733] - eth_blockNumber
[2020/04/13 16:30:03.075] - eth_blockNumber
[2020/04/13 16:30:06.980] - eth_blockNumber
[2020/04/13 16:30:12.986] - eth_blockNumber
[2020/04/13 16:30:21.745] - eth_blockNumber
[2020/04/13 16:30:23.089] - eth_blockNumber
[2020/04/13 16:30:26.993] - eth_blockNumber
[2020/04/13 16:30:32.999] - eth_blockNumber
[2020/04/13 16:30:41.757] - eth_blockNumber
[2020/04/13 16:30:43.101] - eth_blockNumber
[2020/04/13 16:30:47.005] - eth_blockNumber
[2020/04/13 16:30:53.011] - eth_blockNumber
[2020/04/13 16:31:01.768] - eth_blockNumber
[2020/04/13 16:31:03.115] - eth_blockNumber
[2020/04/13 16:31:07.018] - eth_blockNumber
[2020/04/13 16:31:13.024] - eth_blockNumber
[2020/04/13 16:31:21.780] - eth_blockNumber
[2020/04/13 16:31:23.129] - eth_blockNumber
[2020/04/13 16:31:27.029] - eth_blockNumber
[2020/04/13 16:31:33.037] - eth_blockNumber
