[2020/03/21 12:02:41.543] - Starting server (version 2.1.2) with initial configuration: {"gasLimit":6721975,"gasPrice":20000000000,"hardfork":"petersburg","hostname":"127.0.0.1","port":7545,"network_id":5777,"default_balance_ether":100,"total_accounts":10,"unlocked_accounts":[],"locked":false,"vmErrorsOnRPCResponse":true,"verbose":false,"db_path":"/home/nash/.config/Ganache/workspaces/identity-wallet/chaindata","logDirectory":"/home/nash/Documents/Projects/Blockchain/Project/identity-wallet/wallet-web-app/logs"}
[2020/03/21 12:02:42.706] - eth_getCode
[2020/03/21 12:02:42.707] - eth_subscribe
[2020/03/21 12:02:42.707] - eth_getLogs
[2020/03/21 12:02:42.707] - eth_subscribe
[2020/03/21 12:02:42.725] - eth_getCode
[2020/03/21 12:02:42.875] - eth_getCode
[2020/03/21 12:02:43.062] - eth_getCode
[2020/03/21 12:02:43.082] - eth_getCode
[2020/03/21 12:02:44.251] - eth_blockNumber
[2020/03/21 12:02:44.251] - eth_accounts
[2020/03/21 12:02:44.251] - eth_gasPrice
[2020/03/21 12:02:44.252] - eth_getBlockByNumber
[2020/03/21 12:02:44.252] - eth_subscribe
[2020/03/21 12:02:44.439] - eth_accounts
[2020/03/21 12:02:44.645] - eth_getBalance
[2020/03/21 12:02:44.690] - eth_getTransactionCount
[2020/03/21 12:02:44.725] - eth_getBalance
[2020/03/21 12:02:44.781] - eth_getTransactionCount
[2020/03/21 12:02:44.823] - eth_getBalance
[2020/03/21 12:02:44.866] - eth_getTransactionCount
[2020/03/21 12:02:44.920] - eth_getBalance
[2020/03/21 12:02:44.965] - eth_getTransactionCount
[2020/03/21 12:02:45.017] - eth_getBalance
[2020/03/21 12:02:45.061] - eth_getTransactionCount
[2020/03/21 12:02:45.112] - eth_getBalance
[2020/03/21 12:02:45.156] - eth_getTransactionCount
[2020/03/21 12:02:45.209] - eth_getBalance
[2020/03/21 12:02:45.254] - eth_getTransactionCount
[2020/03/21 12:02:45.293] - eth_getBalance
[2020/03/21 12:02:45.357] - eth_getTransactionCount
[2020/03/21 12:02:45.419] - eth_getBalance
[2020/03/21 12:02:45.492] - eth_getTransactionCount
[2020/03/21 12:02:45.557] - eth_getBalance
[2020/03/21 12:02:45.630] - eth_getTransactionCount
[2020/03/21 12:02:46.311] - eth_getBalance
[2020/03/21 12:02:46.358] - eth_getTransactionCount
[2020/03/21 12:02:46.410] - eth_getBalance
[2020/03/21 12:02:46.456] - eth_getTransactionCount
[2020/03/21 12:02:46.503] - eth_getBalance
[2020/03/21 12:02:46.555] - eth_getTransactionCount
[2020/03/21 12:02:46.588] - eth_getBalance
[2020/03/21 12:02:46.658] - eth_getTransactionCount
[2020/03/21 12:02:46.717] - eth_getBalance
[2020/03/21 12:02:46.776] - eth_getTransactionCount
[2020/03/21 12:02:46.832] - eth_getBalance
[2020/03/21 12:02:46.882] - eth_getTransactionCount
[2020/03/21 12:02:46.927] - eth_getBalance
[2020/03/21 12:02:46.978] - eth_getTransactionCount
[2020/03/21 12:02:47.012] - eth_getBalance
[2020/03/21 12:02:47.074] - eth_getTransactionCount
[2020/03/21 12:02:47.118] - eth_getBalance
[2020/03/21 12:02:47.162] - eth_getTransactionCount
[2020/03/21 12:02:47.201] - eth_getBalance
[2020/03/21 12:02:47.250] - eth_getTransactionCount
[2020/03/21 12:02:53.790] - eth_getBalance
[2020/03/21 12:02:54.623] - net_version
[2020/03/21 12:02:54.641] - eth_getCode
[2020/03/21 12:02:54.652] - eth_getBlockByNumber
[2020/03/21 12:02:54.677] - eth_getBalance
[2020/03/21 12:02:54.691] - eth_getTransactionCount
[2020/03/21 12:02:54.715] - eth_getStorageAt
[2020/03/21 12:02:57.470] - eth_blockNumber
[2020/03/21 12:02:58.101] - eth_blockNumber
[2020/03/21 12:03:17.483] - eth_blockNumber
[2020/03/21 12:03:18.116] - eth_blockNumber
[2020/03/21 12:03:23.653] - net_version
[2020/03/21 12:03:25.682] - eth_getBalance
[2020/03/21 12:03:26.795] - eth_getLogs
[2020/03/21 12:03:26.810] - eth_getLogs
[2020/03/21 12:03:26.815] - eth_getLogs
[2020/03/21 12:03:26.821] - eth_getLogs
[2020/03/21 12:03:26.824] - eth_call
[2020/03/21 12:03:37.492] - eth_blockNumber
[2020/03/21 12:03:38.128] - eth_blockNumber
[2020/03/21 12:03:57.503] - eth_blockNumber
[2020/03/21 12:03:58.192] - eth_blockNumber
[2020/03/21 12:04:15.277] - eth_gasPrice
[2020/03/21 12:04:15.379] - eth_getCode
[2020/03/21 12:04:15.450] - eth_getBlockByNumber
[2020/03/21 12:04:15.625] - eth_estimateGas
[2020/03/21 12:04:17.515] - eth_blockNumber
[2020/03/21 12:04:17.966] - eth_getTransactionCount
[2020/03/21 12:04:18.451] - eth_blockNumber
[2020/03/21 12:04:19.421] - eth_sendRawTransaction
[2020/03/21 12:04:19.626] - 
[2020/03/21 12:04:19.626] -   Transaction: 0xb043856fea4fb653716148f0fc44d066e44a7b3f2a703d96a29e3c863d0d745f
[2020/03/21 12:04:19.627] -   Gas usage: 302177
[2020/03/21 12:04:19.627] -   Block Number: 194
[2020/03/21 12:04:19.627] -   Block Time: Sat Mar 21 2020 12:04:19 GMT+0000 (GMT)
[2020/03/21 12:04:19.627] - 
[2020/03/21 12:04:19.634] - eth_getBlockByNumber
[2020/03/21 12:04:19.782] - eth_getBalance
[2020/03/21 12:04:19.891] - eth_getTransactionCount
[2020/03/21 12:04:20.014] - eth_getBalance
[2020/03/21 12:04:20.058] - eth_getTransactionCount
[2020/03/21 12:04:20.129] - eth_getBalance
[2020/03/21 12:04:20.192] - eth_getTransactionCount
[2020/03/21 12:04:20.265] - eth_getBalance
[2020/03/21 12:04:20.322] - eth_getTransactionCount
[2020/03/21 12:04:20.422] - eth_getBalance
[2020/03/21 12:04:20.482] - eth_getTransactionCount
[2020/03/21 12:04:20.541] - eth_getBalance
[2020/03/21 12:04:20.622] - eth_getTransactionCount
[2020/03/21 12:04:20.749] - eth_getBalance
[2020/03/21 12:04:20.809] - eth_getTransactionCount
[2020/03/21 12:04:20.855] - eth_getBalance
[2020/03/21 12:04:20.926] - eth_getTransactionCount
[2020/03/21 12:04:20.983] - eth_getBalance
[2020/03/21 12:04:21.037] - eth_getTransactionCount
[2020/03/21 12:04:21.088] - eth_getBalance
[2020/03/21 12:04:21.137] - eth_getTransactionCount
[2020/03/21 12:04:22.628] - eth_getTransactionReceipt
[2020/03/21 12:04:22.676] - eth_blockNumber
[2020/03/21 12:04:22.704] - eth_getBlockByNumber
[2020/03/21 12:04:22.712] - eth_getBlockByNumber
[2020/03/21 12:04:22.716] - eth_getLogs
[2020/03/21 12:04:22.720] - eth_getLogs
[2020/03/21 12:04:22.768] - eth_getTransactionReceipt
[2020/03/21 12:04:22.916] - eth_getTransactionCount
[2020/03/21 12:04:23.091] - eth_call
[2020/03/21 12:04:23.767] - eth_call
[2020/03/21 12:04:24.565] - eth_call
[2020/03/21 12:04:27.056] - eth_getBalance
[2020/03/21 12:04:37.529] - eth_blockNumber
[2020/03/21 12:04:37.547] - eth_getBlockByNumber
[2020/03/21 12:04:38.624] - eth_blockNumber
[2020/03/21 12:04:57.547] - eth_blockNumber
[2020/03/21 12:04:58.637] - eth_blockNumber
[2020/03/21 12:05:17.582] - eth_blockNumber
[2020/03/21 12:05:18.650] - eth_blockNumber
[2020/03/21 12:05:32.239] - net_version
[2020/03/21 12:05:32.554] - eth_getLogs
[2020/03/21 12:05:32.559] - eth_getLogs
[2020/03/21 12:05:37.600] - eth_blockNumber
[2020/03/21 12:05:38.667] - eth_blockNumber
[2020/03/21 12:05:57.612] - eth_blockNumber
[2020/03/21 12:05:58.689] - eth_blockNumber
[2020/03/21 12:06:17.629] - eth_blockNumber
[2020/03/21 12:06:18.707] - eth_blockNumber
[2020/03/21 12:06:37.667] - eth_blockNumber
[2020/03/21 12:06:38.725] - eth_blockNumber
[2020/03/21 12:06:57.685] - eth_blockNumber
[2020/03/21 12:06:58.740] - eth_blockNumber
[2020/03/21 12:07:17.692] - eth_blockNumber
[2020/03/21 12:07:18.757] - eth_blockNumber
[2020/03/21 12:07:37.709] - eth_blockNumber
[2020/03/21 12:07:38.772] - eth_blockNumber
[2020/03/21 12:07:57.728] - eth_blockNumber
[2020/03/21 12:07:58.785] - eth_blockNumber
[2020/03/21 12:08:17.747] - eth_blockNumber
[2020/03/21 12:08:18.801] - eth_blockNumber
[2020/03/21 12:08:37.770] - eth_blockNumber
[2020/03/21 12:08:38.817] - eth_blockNumber
[2020/03/21 12:08:57.790] - eth_blockNumber
[2020/03/21 12:08:58.842] - eth_blockNumber
[2020/03/21 12:09:17.803] - eth_blockNumber
[2020/03/21 12:09:18.855] - eth_blockNumber
[2020/03/21 12:09:37.813] - eth_blockNumber
[2020/03/21 12:09:38.864] - eth_blockNumber
[2020/03/21 12:09:57.823] - eth_blockNumber
[2020/03/21 12:09:58.878] - eth_blockNumber
[2020/03/21 12:10:17.836] - eth_blockNumber
[2020/03/21 12:10:18.902] - eth_blockNumber
[2020/03/21 12:10:37.846] - eth_blockNumber
[2020/03/21 12:10:38.924] - eth_blockNumber
[2020/03/21 12:10:57.854] - eth_blockNumber
[2020/03/21 12:10:58.940] - eth_blockNumber
[2020/03/21 12:11:17.864] - eth_blockNumber
[2020/03/21 12:11:18.953] - eth_blockNumber
[2020/03/21 12:11:37.881] - eth_blockNumber
[2020/03/21 12:11:38.961] - eth_blockNumber
[2020/03/21 12:11:57.897] - eth_blockNumber
[2020/03/21 12:11:58.976] - eth_blockNumber
[2020/03/21 12:12:17.922] - eth_blockNumber
[2020/03/21 12:12:18.991] - eth_blockNumber
[2020/03/21 12:12:37.945] - eth_blockNumber
[2020/03/21 12:12:39.005] - eth_blockNumber
[2020/03/21 12:12:57.958] - eth_blockNumber
[2020/03/21 12:12:59.019] - eth_blockNumber
[2020/03/21 12:13:17.974] - eth_blockNumber
[2020/03/21 12:13:19.039] - eth_blockNumber
[2020/03/21 12:13:37.989] - eth_blockNumber
[2020/03/21 12:13:39.054] - eth_blockNumber
[2020/03/21 12:13:58.002] - eth_blockNumber
[2020/03/21 12:13:59.069] - eth_blockNumber
[2020/03/21 12:14:18.015] - eth_blockNumber
[2020/03/21 12:14:19.081] - eth_blockNumber
[2020/03/21 12:14:38.030] - eth_blockNumber
[2020/03/21 12:14:39.093] - eth_blockNumber
[2020/03/21 12:14:58.044] - eth_blockNumber
[2020/03/21 12:14:59.106] - eth_blockNumber
[2020/03/21 12:15:18.059] - eth_blockNumber
[2020/03/21 12:15:19.117] - eth_blockNumber
[2020/03/21 12:15:38.073] - eth_blockNumber
[2020/03/21 12:15:39.131] - eth_blockNumber
[2020/03/21 12:15:58.085] - eth_blockNumber
[2020/03/21 12:15:59.148] - eth_blockNumber
[2020/03/21 12:16:18.098] - eth_blockNumber
[2020/03/21 12:16:19.162] - eth_blockNumber
[2020/03/21 12:16:38.112] - eth_blockNumber
[2020/03/21 12:16:39.176] - eth_blockNumber
[2020/03/21 12:16:58.126] - eth_blockNumber
[2020/03/21 12:16:59.189] - eth_blockNumber
[2020/03/21 12:17:18.142] - eth_blockNumber
[2020/03/21 12:17:19.202] - eth_blockNumber
[2020/03/21 12:17:38.156] - eth_blockNumber
[2020/03/21 12:17:39.215] - eth_blockNumber
[2020/03/21 12:17:58.177] - eth_blockNumber
[2020/03/21 12:17:59.227] - eth_blockNumber
[2020/03/21 12:18:18.192] - eth_blockNumber
[2020/03/21 12:18:19.242] - eth_blockNumber
[2020/03/21 12:18:38.207] - eth_blockNumber
[2020/03/21 12:18:39.253] - eth_blockNumber
[2020/03/21 12:18:58.217] - eth_blockNumber
[2020/03/21 12:18:59.264] - eth_blockNumber
[2020/03/21 12:19:18.232] - eth_blockNumber
[2020/03/21 12:19:19.280] - eth_blockNumber
[2020/03/21 12:19:38.255] - eth_blockNumber
[2020/03/21 12:19:39.292] - eth_blockNumber
[2020/03/21 12:19:58.266] - eth_blockNumber
[2020/03/21 12:19:59.303] - eth_blockNumber
[2020/03/21 12:20:18.283] - eth_blockNumber
[2020/03/21 12:20:19.336] - eth_blockNumber
[2020/03/21 12:20:38.303] - eth_blockNumber
[2020/03/21 12:20:39.387] - eth_blockNumber
[2020/03/21 12:20:58.321] - eth_blockNumber
[2020/03/21 12:20:59.410] - eth_blockNumber
[2020/03/21 12:21:18.332] - eth_blockNumber
[2020/03/21 12:21:19.422] - eth_blockNumber
[2020/03/21 12:21:38.347] - eth_blockNumber
[2020/03/21 12:21:39.434] - eth_blockNumber
[2020/03/21 12:21:58.358] - eth_blockNumber
[2020/03/21 12:21:59.458] - eth_blockNumber
[2020/03/21 12:22:18.372] - eth_blockNumber
[2020/03/21 12:22:19.478] - eth_blockNumber
[2020/03/21 12:22:38.388] - eth_blockNumber
[2020/03/21 12:22:39.493] - eth_blockNumber
[2020/03/21 12:22:58.397] - eth_blockNumber
[2020/03/21 12:22:59.516] - eth_blockNumber
[2020/03/21 12:23:18.408] - eth_blockNumber
[2020/03/21 12:23:19.531] - eth_blockNumber
[2020/03/21 12:23:38.419] - eth_blockNumber
[2020/03/21 12:23:39.543] - eth_blockNumber
[2020/03/21 12:23:58.441] - eth_blockNumber
[2020/03/21 12:23:59.559] - eth_blockNumber
[2020/03/21 12:24:03.940] - net_version
[2020/03/21 12:24:18.484] - eth_blockNumber
[2020/03/21 12:24:19.574] - eth_blockNumber
[2020/03/21 12:24:38.498] - eth_blockNumber
[2020/03/21 12:24:39.586] - eth_blockNumber
[2020/03/21 12:24:58.515] - eth_blockNumber
[2020/03/21 12:24:59.600] - eth_blockNumber
[2020/03/21 12:25:06.900] - net_version
[2020/03/21 12:25:18.530] - eth_blockNumber
[2020/03/21 12:25:19.620] - eth_blockNumber
[2020/03/21 12:25:38.543] - eth_blockNumber
[2020/03/21 12:25:39.640] - eth_blockNumber
[2020/03/21 12:25:58.561] - eth_blockNumber
[2020/03/21 12:25:59.658] - eth_blockNumber
[2020/03/21 12:26:18.575] - eth_blockNumber
[2020/03/21 12:26:19.670] - eth_blockNumber
[2020/03/21 12:26:38.599] - eth_blockNumber
[2020/03/21 12:26:39.685] - eth_blockNumber
[2020/03/21 12:26:58.620] - eth_blockNumber
[2020/03/21 12:26:59.697] - eth_blockNumber
[2020/03/21 12:27:18.630] - eth_blockNumber
[2020/03/21 12:27:19.708] - eth_blockNumber
[2020/03/21 12:27:38.642] - eth_blockNumber
[2020/03/21 12:27:39.721] - eth_blockNumber
[2020/03/21 12:27:58.655] - eth_blockNumber
[2020/03/21 12:27:59.733] - eth_blockNumber
[2020/03/21 12:28:18.671] - eth_blockNumber
[2020/03/21 12:28:19.750] - eth_blockNumber
[2020/03/21 12:28:38.687] - eth_blockNumber
[2020/03/21 12:28:39.765] - eth_blockNumber
[2020/03/21 12:28:58.699] - eth_blockNumber
[2020/03/21 12:28:59.782] - eth_blockNumber
[2020/03/21 12:29:18.711] - eth_blockNumber
[2020/03/21 12:29:19.796] - eth_blockNumber
[2020/03/21 12:29:38.718] - eth_blockNumber
[2020/03/21 12:29:39.808] - eth_blockNumber
[2020/03/21 12:29:58.728] - eth_blockNumber
[2020/03/21 12:29:59.830] - eth_blockNumber
[2020/03/21 12:30:18.749] - eth_blockNumber
[2020/03/21 12:30:19.864] - eth_blockNumber
[2020/03/21 12:30:38.762] - eth_blockNumber
[2020/03/21 12:30:39.880] - eth_blockNumber
[2020/03/21 12:30:58.769] - eth_blockNumber
[2020/03/21 12:30:59.894] - eth_blockNumber
[2020/03/21 12:31:18.781] - eth_blockNumber
[2020/03/21 12:31:19.907] - eth_blockNumber
[2020/03/21 12:31:38.796] - eth_blockNumber
[2020/03/21 12:31:39.920] - eth_blockNumber
[2020/03/21 12:31:58.810] - eth_blockNumber
[2020/03/21 12:31:59.932] - eth_blockNumber
[2020/03/21 12:32:18.824] - eth_blockNumber
[2020/03/21 12:32:19.945] - eth_blockNumber
[2020/03/21 12:32:38.837] - eth_blockNumber
[2020/03/21 12:32:39.961] - eth_blockNumber
[2020/03/21 12:32:58.847] - eth_blockNumber
[2020/03/21 12:32:59.977] - eth_blockNumber
[2020/03/21 12:33:18.857] - eth_blockNumber
[2020/03/21 12:33:19.989] - eth_blockNumber
[2020/03/21 12:33:38.875] - eth_blockNumber
[2020/03/21 12:33:40.003] - eth_blockNumber
[2020/03/21 12:33:58.887] - eth_blockNumber
[2020/03/21 12:34:00.018] - eth_blockNumber
[2020/03/21 12:34:18.905] - eth_blockNumber
[2020/03/21 12:34:20.030] - eth_blockNumber
[2020/03/21 12:34:38.913] - eth_blockNumber
[2020/03/21 12:34:40.039] - eth_blockNumber
[2020/03/21 12:34:58.925] - eth_blockNumber
[2020/03/21 12:35:00.049] - eth_blockNumber
[2020/03/21 12:35:18.941] - eth_blockNumber
[2020/03/21 12:35:20.061] - eth_blockNumber
[2020/03/21 12:35:38.955] - eth_blockNumber
[2020/03/21 12:35:40.073] - eth_blockNumber
[2020/03/21 12:35:58.968] - eth_blockNumber
[2020/03/21 12:36:00.083] - eth_blockNumber
[2020/03/21 12:36:18.977] - eth_blockNumber
[2020/03/21 12:36:20.093] - eth_blockNumber
[2020/03/21 12:36:38.987] - eth_blockNumber
[2020/03/21 12:36:40.109] - eth_blockNumber
[2020/03/21 12:36:58.998] - eth_blockNumber
[2020/03/21 12:37:00.126] - eth_blockNumber
[2020/03/21 12:37:19.010] - eth_blockNumber
[2020/03/21 12:37:20.138] - eth_blockNumber
[2020/03/21 12:37:39.022] - eth_blockNumber
[2020/03/21 12:37:40.149] - eth_blockNumber
[2020/03/21 12:37:59.035] - eth_blockNumber
[2020/03/21 12:38:00.158] - eth_blockNumber
[2020/03/21 12:38:19.047] - eth_blockNumber
[2020/03/21 12:38:20.167] - eth_blockNumber
[2020/03/21 12:38:39.059] - eth_blockNumber
[2020/03/21 12:38:40.183] - eth_blockNumber
[2020/03/21 12:38:59.068] - eth_blockNumber
[2020/03/21 12:39:00.194] - eth_blockNumber
[2020/03/21 12:39:19.076] - eth_blockNumber
[2020/03/21 12:39:20.207] - eth_blockNumber
[2020/03/21 12:39:39.087] - eth_blockNumber
[2020/03/21 12:39:40.223] - eth_blockNumber
[2020/03/21 12:39:59.097] - eth_blockNumber
[2020/03/21 12:40:00.236] - eth_blockNumber
[2020/03/21 12:40:19.110] - eth_blockNumber
[2020/03/21 12:40:20.250] - eth_blockNumber
[2020/03/21 12:40:39.121] - eth_blockNumber
[2020/03/21 12:40:40.259] - eth_blockNumber
[2020/03/21 12:40:59.133] - eth_blockNumber
[2020/03/21 12:41:00.269] - eth_blockNumber
[2020/03/21 12:41:19.144] - eth_blockNumber
[2020/03/21 12:41:20.284] - eth_blockNumber
[2020/03/21 12:41:39.159] - eth_blockNumber
[2020/03/21 12:41:40.298] - eth_blockNumber
[2020/03/21 12:41:59.170] - eth_blockNumber
[2020/03/21 12:42:00.310] - eth_blockNumber
[2020/03/21 12:42:19.183] - eth_blockNumber
[2020/03/21 12:42:20.324] - eth_blockNumber
[2020/03/21 12:42:39.194] - eth_blockNumber
[2020/03/21 12:42:40.336] - eth_blockNumber
[2020/03/21 12:42:59.207] - eth_blockNumber
[2020/03/21 12:43:00.346] - eth_blockNumber
[2020/03/21 12:43:19.218] - eth_blockNumber
[2020/03/21 12:43:20.358] - eth_blockNumber
[2020/03/21 12:43:39.233] - eth_blockNumber
[2020/03/21 12:43:40.367] - eth_blockNumber
[2020/03/21 12:43:59.240] - eth_blockNumber
[2020/03/21 12:44:00.376] - eth_blockNumber
[2020/03/21 12:44:19.256] - eth_blockNumber
[2020/03/21 12:44:20.392] - eth_blockNumber
[2020/03/21 12:44:39.269] - eth_blockNumber
[2020/03/21 12:44:40.411] - eth_blockNumber
[2020/03/21 12:44:59.279] - eth_blockNumber
[2020/03/21 12:45:00.420] - eth_blockNumber
[2020/03/21 12:45:19.297] - eth_blockNumber
[2020/03/21 12:45:20.439] - eth_blockNumber
[2020/03/21 12:45:39.306] - eth_blockNumber
[2020/03/21 12:45:40.451] - eth_blockNumber
[2020/03/21 12:45:59.316] - eth_blockNumber
[2020/03/21 12:46:00.479] - eth_blockNumber
[2020/03/21 12:46:19.327] - eth_blockNumber
[2020/03/21 12:46:20.500] - eth_blockNumber
[2020/03/21 12:46:39.342] - eth_blockNumber
[2020/03/21 12:46:40.512] - eth_blockNumber
[2020/03/21 12:46:59.358] - eth_blockNumber
[2020/03/21 12:47:00.522] - eth_blockNumber
[2020/03/21 12:47:19.364] - eth_blockNumber
[2020/03/21 12:47:20.535] - eth_blockNumber
[2020/03/21 12:47:39.373] - eth_blockNumber
[2020/03/21 12:47:40.553] - eth_blockNumber
[2020/03/21 12:47:59.385] - eth_blockNumber
[2020/03/21 12:48:00.568] - eth_blockNumber
[2020/03/21 12:48:19.396] - eth_blockNumber
[2020/03/21 12:48:20.583] - eth_blockNumber
[2020/03/21 12:48:39.407] - eth_blockNumber
[2020/03/21 12:48:40.595] - eth_blockNumber
[2020/03/21 12:48:59.415] - eth_blockNumber
[2020/03/21 12:49:00.611] - eth_blockNumber
[2020/03/21 12:49:19.427] - eth_blockNumber
[2020/03/21 12:49:20.629] - eth_blockNumber
[2020/03/21 12:49:39.442] - eth_blockNumber
[2020/03/21 12:49:40.642] - eth_blockNumber
[2020/03/21 12:49:59.456] - eth_blockNumber
[2020/03/21 12:50:00.655] - eth_blockNumber
[2020/03/21 12:50:19.470] - eth_blockNumber
[2020/03/21 12:50:20.669] - eth_blockNumber
[2020/03/21 12:50:39.482] - eth_blockNumber
[2020/03/21 12:50:40.680] - eth_blockNumber
[2020/03/21 12:50:59.496] - eth_blockNumber
[2020/03/21 12:51:00.691] - eth_blockNumber
[2020/03/21 12:51:19.511] - eth_blockNumber
[2020/03/21 12:51:20.703] - eth_blockNumber
[2020/03/21 12:51:39.524] - eth_blockNumber
[2020/03/21 12:51:40.715] - eth_blockNumber
[2020/03/21 12:51:59.544] - eth_blockNumber
[2020/03/21 12:52:00.723] - eth_blockNumber
[2020/03/21 12:52:19.561] - eth_blockNumber
[2020/03/21 12:52:20.733] - eth_blockNumber
[2020/03/21 12:52:38.537] - net_version
[2020/03/21 12:52:39.575] - eth_blockNumber
[2020/03/21 12:52:40.749] - eth_blockNumber
[2020/03/21 12:52:59.599] - eth_blockNumber
[2020/03/21 12:53:00.780] - eth_blockNumber
[2020/03/21 12:53:19.615] - eth_blockNumber
[2020/03/21 12:53:20.790] - eth_blockNumber
[2020/03/21 12:53:21.062] - net_version
[2020/03/21 12:53:39.621] - eth_blockNumber
[2020/03/21 12:53:40.798] - eth_blockNumber
[2020/03/21 12:53:59.637] - eth_blockNumber
[2020/03/21 12:54:00.815] - eth_blockNumber
[2020/03/21 12:54:19.651] - eth_blockNumber
[2020/03/21 12:54:20.843] - eth_blockNumber
[2020/03/21 12:54:39.663] - eth_blockNumber
[2020/03/21 12:54:40.851] - eth_blockNumber
[2020/03/21 12:54:59.674] - eth_blockNumber
[2020/03/21 12:55:00.860] - eth_blockNumber
[2020/03/21 12:55:19.686] - eth_blockNumber
[2020/03/21 12:55:20.867] - eth_blockNumber
[2020/03/21 12:55:39.700] - eth_blockNumber
[2020/03/21 12:55:40.879] - eth_blockNumber
[2020/03/21 12:55:59.708] - eth_blockNumber
[2020/03/21 12:56:00.895] - eth_blockNumber
[2020/03/21 12:56:19.717] - eth_blockNumber
[2020/03/21 12:56:20.906] - eth_blockNumber
[2020/03/21 12:56:39.731] - eth_blockNumber
[2020/03/21 12:56:40.943] - eth_blockNumber
[2020/03/21 12:56:43.863] - net_version
[2020/03/21 12:56:59.747] - eth_blockNumber
[2020/03/21 12:57:00.957] - eth_blockNumber
[2020/03/21 12:57:19.757] - eth_blockNumber
[2020/03/21 12:57:20.972] - eth_blockNumber
[2020/03/21 12:57:31.766] - eth_getBalance
[2020/03/21 12:57:31.885] - eth_getTransactionByHash
[2020/03/21 12:57:32.085] - eth_getTransactionReceipt
[2020/03/21 12:57:32.253] - eth_getBlockByNumber
[2020/03/21 12:57:32.714] - net_version
[2020/03/21 12:57:32.719] - eth_getCode
[2020/03/21 12:57:33.184] - net_version
[2020/03/21 12:57:33.188] - eth_getCode
[2020/03/21 12:57:33.194] - eth_getBlockByNumber
[2020/03/21 12:57:33.197] - eth_getBalance
[2020/03/21 12:57:33.201] - eth_getTransactionCount
[2020/03/21 12:57:33.205] - eth_getStorageAt
[2020/03/21 12:57:35.444] - eth_getBlockByNumber
[2020/03/21 12:57:35.751] - eth_getBlockByNumber
[2020/03/21 12:57:35.767] - net_version
[2020/03/21 12:57:35.770] - eth_getCode
[2020/03/21 12:57:35.865] - eth_getTransactionReceipt
[2020/03/21 12:57:36.142] - eth_getBlockByNumber
[2020/03/21 12:57:36.164] - net_version
[2020/03/21 12:57:36.167] - eth_getCode
[2020/03/21 12:57:36.242] - eth_getTransactionReceipt
[2020/03/21 12:57:36.492] - eth_getBlockByNumber
[2020/03/21 12:57:36.584] - eth_getTransactionReceipt
[2020/03/21 12:57:36.778] - eth_getBlockByNumber
[2020/03/21 12:57:36.917] - eth_getTransactionReceipt
[2020/03/21 12:57:37.092] - eth_getBlockByNumber
[2020/03/21 12:57:37.291] - eth_getTransactionReceipt
[2020/03/21 12:57:37.466] - eth_getBlockByNumber
[2020/03/21 12:57:37.618] - eth_getTransactionReceipt
[2020/03/21 12:57:37.781] - eth_getBlockByNumber
[2020/03/21 12:57:37.919] - eth_getTransactionReceipt
[2020/03/21 12:57:38.112] - eth_getBlockByNumber
[2020/03/21 12:57:38.233] - eth_getTransactionReceipt
[2020/03/21 12:57:38.401] - eth_getBlockByNumber
[2020/03/21 12:57:38.528] - eth_getTransactionReceipt
[2020/03/21 12:57:38.708] - eth_getBlockByNumber
[2020/03/21 12:57:38.827] - eth_getTransactionReceipt
[2020/03/21 12:57:39.769] - eth_blockNumber
[2020/03/21 12:57:40.986] - eth_blockNumber
[2020/03/21 12:57:59.784] - eth_blockNumber
[2020/03/21 12:58:01.000] - eth_blockNumber
[2020/03/21 12:58:19.797] - eth_blockNumber
[2020/03/21 12:58:21.019] - eth_blockNumber
[2020/03/21 12:58:39.809] - eth_blockNumber
[2020/03/21 12:58:41.035] - eth_blockNumber
[2020/03/21 12:58:59.823] - eth_blockNumber
[2020/03/21 12:59:00.284] - net_version
[2020/03/21 12:59:01.051] - eth_blockNumber
[2020/03/21 12:59:19.833] - eth_blockNumber
[2020/03/21 12:59:21.072] - eth_blockNumber
[2020/03/21 12:59:39.844] - eth_blockNumber
[2020/03/21 12:59:41.082] - eth_blockNumber
[2020/03/21 12:59:59.854] - eth_blockNumber
[2020/03/21 13:00:01.092] - eth_blockNumber
[2020/03/21 13:00:19.868] - eth_blockNumber
[2020/03/21 13:00:21.108] - eth_blockNumber
[2020/03/21 13:00:39.878] - eth_blockNumber
[2020/03/21 13:00:41.118] - eth_blockNumber
[2020/03/21 13:00:59.887] - eth_blockNumber
[2020/03/21 13:01:01.128] - eth_blockNumber
[2020/03/21 13:01:19.897] - eth_blockNumber
[2020/03/21 13:01:21.147] - eth_blockNumber
[2020/03/21 13:01:39.918] - eth_blockNumber
[2020/03/21 13:01:41.172] - eth_blockNumber
[2020/03/21 13:01:59.937] - eth_blockNumber
[2020/03/21 13:02:01.183] - eth_blockNumber
[2020/03/21 13:02:19.947] - eth_blockNumber
[2020/03/21 13:02:21.199] - eth_blockNumber
[2020/03/21 13:02:39.958] - eth_blockNumber
[2020/03/21 13:02:41.222] - eth_blockNumber
[2020/03/21 13:02:59.971] - eth_blockNumber
[2020/03/21 13:03:01.236] - eth_blockNumber
[2020/03/21 13:03:19.984] - eth_blockNumber
[2020/03/21 13:03:21.248] - eth_blockNumber
[2020/03/21 13:03:39.994] - eth_blockNumber
[2020/03/21 13:03:41.263] - eth_blockNumber
[2020/03/21 13:04:00.002] - eth_blockNumber
[2020/03/21 13:04:01.278] - eth_blockNumber
[2020/03/21 13:04:20.016] - eth_blockNumber
[2020/03/21 13:04:21.294] - eth_blockNumber
[2020/03/21 13:04:40.030] - eth_blockNumber
[2020/03/21 13:04:41.308] - eth_blockNumber
[2020/03/21 13:05:00.042] - eth_blockNumber
[2020/03/21 13:05:01.320] - eth_blockNumber
[2020/03/21 13:05:20.060] - eth_blockNumber
[2020/03/21 13:05:21.340] - eth_blockNumber
[2020/03/21 13:05:40.073] - eth_blockNumber
[2020/03/21 13:05:41.383] - eth_blockNumber
[2020/03/21 13:06:00.087] - eth_blockNumber
[2020/03/21 13:06:01.432] - eth_blockNumber
[2020/03/21 13:06:20.100] - eth_blockNumber
[2020/03/21 13:06:21.459] - eth_blockNumber
[2020/03/21 13:06:40.113] - eth_blockNumber
[2020/03/21 13:06:41.502] - eth_blockNumber
[2020/03/21 13:07:00.120] - eth_blockNumber
[2020/03/21 13:07:01.518] - eth_blockNumber
[2020/03/21 13:07:20.131] - eth_blockNumber
[2020/03/21 13:07:21.528] - eth_blockNumber
[2020/03/21 13:07:40.143] - eth_blockNumber
[2020/03/21 13:07:41.540] - eth_blockNumber
[2020/03/21 13:08:00.156] - eth_blockNumber
[2020/03/21 13:08:01.550] - eth_blockNumber
[2020/03/21 13:08:20.180] - eth_blockNumber
[2020/03/21 13:08:21.560] - eth_blockNumber
[2020/03/21 13:08:40.191] - eth_blockNumber
[2020/03/21 13:08:41.572] - eth_blockNumber
[2020/03/21 13:09:00.202] - eth_blockNumber
[2020/03/21 13:09:01.584] - eth_blockNumber
[2020/03/21 13:09:16.951] - net_version
[2020/03/21 13:09:20.212] - eth_blockNumber
[2020/03/21 13:09:21.597] - eth_blockNumber
[2020/03/21 13:09:40.222] - eth_blockNumber
[2020/03/21 13:09:41.612] - eth_blockNumber
[2020/03/21 13:10:00.230] - eth_blockNumber
[2020/03/21 13:10:01.628] - eth_blockNumber
[2020/03/21 13:10:20.243] - eth_blockNumber
[2020/03/21 13:10:21.649] - eth_blockNumber
[2020/03/21 13:10:40.256] - eth_blockNumber
[2020/03/21 13:10:41.663] - eth_blockNumber
[2020/03/21 13:11:00.267] - eth_blockNumber
[2020/03/21 13:11:01.676] - eth_blockNumber
[2020/03/21 13:11:20.280] - eth_blockNumber
[2020/03/21 13:11:21.687] - eth_blockNumber
[2020/03/21 13:11:40.291] - eth_blockNumber
[2020/03/21 13:11:41.703] - eth_blockNumber
[2020/03/21 13:12:00.304] - eth_blockNumber
[2020/03/21 13:12:01.718] - eth_blockNumber
[2020/03/21 13:12:20.320] - eth_blockNumber
[2020/03/21 13:12:21.732] - eth_blockNumber
[2020/03/21 13:12:40.330] - eth_blockNumber
[2020/03/21 13:12:41.744] - eth_blockNumber
[2020/03/21 13:13:00.340] - eth_blockNumber
[2020/03/21 13:13:01.755] - eth_blockNumber
[2020/03/21 13:13:20.350] - eth_blockNumber
[2020/03/21 13:13:21.767] - eth_blockNumber
[2020/03/21 13:13:40.361] - eth_blockNumber
[2020/03/21 13:13:41.778] - eth_blockNumber
[2020/03/21 13:14:00.371] - eth_blockNumber
[2020/03/21 13:14:01.793] - eth_blockNumber
[2020/03/21 13:14:20.384] - eth_blockNumber
[2020/03/21 13:14:21.861] - eth_blockNumber
[2020/03/21 13:14:40.392] - eth_blockNumber
[2020/03/21 13:14:41.873] - eth_blockNumber
[2020/03/21 13:15:00.399] - eth_blockNumber
[2020/03/21 13:15:01.885] - eth_blockNumber
[2020/03/21 13:15:20.409] - eth_blockNumber
[2020/03/21 13:15:21.896] - eth_blockNumber
[2020/03/21 13:15:40.419] - eth_blockNumber
[2020/03/21 13:15:41.909] - eth_blockNumber
[2020/03/21 13:16:00.429] - eth_blockNumber
[2020/03/21 13:16:01.921] - eth_blockNumber
[2020/03/21 13:16:20.440] - eth_blockNumber
[2020/03/21 13:16:21.934] - eth_blockNumber
[2020/03/21 13:16:40.451] - eth_blockNumber
[2020/03/21 13:16:41.947] - eth_blockNumber
[2020/03/21 13:17:00.463] - eth_blockNumber
[2020/03/21 13:17:01.960] - eth_blockNumber
[2020/03/21 13:17:20.477] - eth_blockNumber
[2020/03/21 13:17:21.975] - eth_blockNumber
[2020/03/21 13:17:40.489] - eth_blockNumber
[2020/03/21 13:17:41.987] - eth_blockNumber
[2020/03/21 13:18:00.501] - eth_blockNumber
[2020/03/21 13:18:02.004] - eth_blockNumber
[2020/03/21 13:18:20.514] - eth_blockNumber
[2020/03/21 13:18:22.022] - eth_blockNumber
[2020/03/21 13:18:40.524] - eth_blockNumber
[2020/03/21 13:18:42.034] - eth_blockNumber
[2020/03/21 13:19:00.532] - eth_blockNumber
[2020/03/21 13:19:02.047] - eth_blockNumber
[2020/03/21 13:19:20.541] - eth_blockNumber
[2020/03/21 13:19:22.061] - eth_blockNumber
[2020/03/21 13:19:40.553] - eth_blockNumber
[2020/03/21 13:19:42.076] - eth_blockNumber
[2020/03/21 13:20:00.565] - eth_blockNumber
[2020/03/21 13:20:02.094] - eth_blockNumber
[2020/03/21 13:20:20.580] - eth_blockNumber
[2020/03/21 13:20:22.114] - eth_blockNumber
[2020/03/21 13:20:40.594] - eth_blockNumber
[2020/03/21 13:20:42.125] - eth_blockNumber
[2020/03/21 13:21:00.609] - eth_blockNumber
[2020/03/21 13:21:02.142] - eth_blockNumber
[2020/03/21 13:21:20.632] - eth_blockNumber
[2020/03/21 13:21:22.169] - eth_blockNumber
[2020/03/21 13:21:40.648] - eth_blockNumber
[2020/03/21 13:21:42.185] - eth_blockNumber
[2020/03/21 13:22:00.664] - eth_blockNumber
[2020/03/21 13:22:02.202] - eth_blockNumber
[2020/03/21 13:22:20.674] - eth_blockNumber
[2020/03/21 13:22:22.215] - eth_blockNumber
[2020/03/21 13:22:40.683] - eth_blockNumber
[2020/03/21 13:22:42.240] - eth_blockNumber
[2020/03/21 13:23:00.703] - eth_blockNumber
[2020/03/21 13:23:02.252] - eth_blockNumber
[2020/03/21 13:23:20.718] - eth_blockNumber
[2020/03/21 13:23:22.265] - eth_blockNumber
[2020/03/21 13:23:40.729] - eth_blockNumber
[2020/03/21 13:23:42.282] - eth_blockNumber
[2020/03/21 13:24:00.736] - eth_blockNumber
[2020/03/21 13:24:02.298] - eth_blockNumber
[2020/03/21 13:24:20.749] - eth_blockNumber
[2020/03/21 13:24:22.318] - eth_blockNumber
[2020/03/21 13:24:40.764] - eth_blockNumber
[2020/03/21 13:24:42.330] - eth_blockNumber
[2020/03/21 13:25:00.781] - eth_blockNumber
[2020/03/21 13:25:02.351] - eth_blockNumber
[2020/03/21 13:25:20.810] - eth_blockNumber
[2020/03/21 13:25:22.372] - eth_blockNumber
[2020/03/21 13:25:40.829] - eth_blockNumber
[2020/03/21 13:25:42.385] - eth_blockNumber
[2020/03/21 13:26:00.840] - eth_blockNumber
[2020/03/21 13:26:02.427] - eth_blockNumber
