[2020/03/25 10:34:30.268] - Starting server (version 2.1.2) with initial configuration: {"gasLimit":6721975,"gasPrice":20000000000,"hardfork":"petersburg","hostname":"127.0.0.1","port":7545,"network_id":5777,"default_balance_ether":100,"total_accounts":10,"unlocked_accounts":[],"locked":false,"vmErrorsOnRPCResponse":true,"verbose":false,"db_path":"/home/nash/.config/Ganache/workspaces/identity-wallet/chaindata","logDirectory":"/home/nash/Documents/Projects/Blockchain/Project/identity-wallet/wallet-web-app/logs"}
[2020/03/25 10:34:30.591] - eth_getCode
[2020/03/25 10:34:30.593] - eth_subscribe
[2020/03/25 10:34:30.594] - eth_getLogs
[2020/03/25 10:34:30.599] - eth_subscribe
[2020/03/25 10:34:30.623] - eth_getCode
[2020/03/25 10:34:30.666] - eth_getCode
[2020/03/25 10:34:30.681] - eth_getCode
[2020/03/25 10:34:30.688] - eth_getCode
[2020/03/25 10:34:31.391] - eth_blockNumber
[2020/03/25 10:34:31.418] - eth_getBlockByNumber
[2020/03/25 10:34:31.423] - eth_getBlockByNumber
[2020/03/25 10:34:31.424] - eth_getBlockByNumber
[2020/03/25 10:34:31.424] - eth_getBlockByNumber
[2020/03/25 10:34:31.425] - eth_getBlockByNumber
[2020/03/25 10:34:31.426] - eth_getBlockByNumber
[2020/03/25 10:34:31.430] - eth_getBlockByNumber
[2020/03/25 10:34:31.430] - eth_getBlockByNumber
[2020/03/25 10:34:31.435] - eth_getBlockByNumber
[2020/03/25 10:34:31.440] - eth_getBlockByNumber
[2020/03/25 10:34:31.445] - eth_getBlockByNumber
[2020/03/25 10:34:31.449] - eth_getBlockByNumber
[2020/03/25 10:34:31.464] - eth_getBlockByNumber
[2020/03/25 10:34:31.470] - eth_getBlockByNumber
[2020/03/25 10:34:31.477] - eth_getBlockByNumber
[2020/03/25 10:34:31.481] - eth_getBlockByNumber
[2020/03/25 10:34:31.486] - eth_getBlockByNumber
[2020/03/25 10:34:31.491] - eth_getBlockByNumber
[2020/03/25 10:34:31.495] - eth_getBlockByNumber
[2020/03/25 10:34:31.499] - eth_getBlockByNumber
[2020/03/25 10:34:31.505] - eth_getBlockByNumber
[2020/03/25 10:34:31.508] - eth_getBlockByNumber
[2020/03/25 10:34:31.513] - eth_getBlockByNumber
[2020/03/25 10:34:31.518] - eth_getBlockByNumber
[2020/03/25 10:34:31.521] - eth_getBlockByNumber
[2020/03/25 10:34:31.528] - eth_blockNumber
[2020/03/25 10:34:31.529] - eth_getBlockByNumber
[2020/03/25 10:34:31.532] - eth_getBlockByNumber
[2020/03/25 10:34:31.537] - eth_getBlockByNumber
[2020/03/25 10:34:31.541] - eth_getBlockByNumber
[2020/03/25 10:34:31.546] - eth_getBlockByNumber
[2020/03/25 10:34:31.549] - eth_getBlockByNumber
[2020/03/25 10:34:31.557] - eth_getBlockByNumber
[2020/03/25 10:34:31.563] - eth_getBlockByNumber
[2020/03/25 10:34:31.567] - eth_getBlockByNumber
[2020/03/25 10:34:31.571] - eth_getBlockByNumber
[2020/03/25 10:34:31.575] - eth_getBlockByNumber
[2020/03/25 10:34:31.581] - eth_getBlockByNumber
[2020/03/25 10:34:31.585] - eth_getBlockByNumber
[2020/03/25 10:34:31.590] - eth_getBlockByNumber
[2020/03/25 10:34:31.595] - eth_getBlockByNumber
[2020/03/25 10:34:31.599] - eth_getBlockByNumber
[2020/03/25 10:34:32.054] - eth_accounts
[2020/03/25 10:34:32.054] - eth_gasPrice
[2020/03/25 10:34:32.055] - eth_getBlockByNumber
[2020/03/25 10:34:32.096] - eth_subscribe
[2020/03/25 10:34:32.778] - eth_accounts
[2020/03/25 10:34:32.949] - eth_getBalance
[2020/03/25 10:34:32.989] - eth_getTransactionCount
[2020/03/25 10:34:33.029] - eth_getBalance
[2020/03/25 10:34:33.069] - eth_getTransactionCount
[2020/03/25 10:34:33.113] - eth_getBalance
[2020/03/25 10:34:33.153] - eth_getTransactionCount
[2020/03/25 10:34:33.192] - eth_getBalance
[2020/03/25 10:34:33.235] - eth_getTransactionCount
[2020/03/25 10:34:33.276] - eth_getBalance
[2020/03/25 10:34:33.316] - eth_getTransactionCount
[2020/03/25 10:34:33.357] - eth_getBalance
[2020/03/25 10:34:33.398] - eth_getTransactionCount
[2020/03/25 10:34:33.439] - eth_getBalance
[2020/03/25 10:34:33.469] - eth_getTransactionCount
[2020/03/25 10:34:33.508] - eth_getBalance
[2020/03/25 10:34:33.550] - eth_getTransactionCount
[2020/03/25 10:34:33.593] - eth_getBalance
[2020/03/25 10:34:33.685] - eth_getTransactionCount
[2020/03/25 10:34:33.735] - eth_getBalance
[2020/03/25 10:34:33.776] - eth_getTransactionCount
[2020/03/25 10:34:34.884] - eth_getTransactionCount
[2020/03/25 10:34:34.923] - eth_getBalance
[2020/03/25 10:34:34.962] - eth_getTransactionCount
[2020/03/25 10:34:35.001] - eth_getBalance
[2020/03/25 10:34:35.040] - eth_getTransactionCount
[2020/03/25 10:34:35.079] - eth_getBalance
[2020/03/25 10:34:35.109] - eth_getTransactionCount
[2020/03/25 10:34:35.147] - eth_getBalance
[2020/03/25 10:34:35.186] - eth_getTransactionCount
[2020/03/25 10:34:35.227] - eth_getBalance
[2020/03/25 10:34:35.266] - eth_getTransactionCount
[2020/03/25 10:34:35.304] - eth_getBalance
[2020/03/25 10:34:35.341] - eth_getTransactionCount
[2020/03/25 10:34:35.380] - eth_getBalance
[2020/03/25 10:34:35.420] - eth_getTransactionCount
[2020/03/25 10:34:35.461] - eth_getBalance
[2020/03/25 10:34:35.501] - eth_getTransactionCount
[2020/03/25 10:34:35.540] - eth_getBalance
[2020/03/25 10:34:35.579] - eth_getTransactionCount
[2020/03/25 10:34:51.474] - eth_blockNumber
[2020/03/25 10:35:11.486] - eth_blockNumber
[2020/03/25 10:35:31.497] - eth_blockNumber
[2020/03/25 10:35:51.509] - eth_blockNumber
[2020/03/25 10:36:11.555] - eth_blockNumber
[2020/03/25 10:36:31.577] - eth_blockNumber
[2020/03/25 10:36:51.594] - eth_blockNumber
[2020/03/25 10:37:11.611] - eth_blockNumber
[2020/03/25 10:37:31.629] - eth_blockNumber
[2020/03/25 10:37:51.644] - eth_blockNumber
[2020/03/25 10:38:11.654] - eth_blockNumber
[2020/03/25 10:38:31.664] - eth_blockNumber
[2020/03/25 10:38:49.385] - net_version
[2020/03/25 10:38:49.386] - eth_blockNumber
[2020/03/25 10:38:49.387] - net_version
[2020/03/25 10:38:49.858] - eth_getBlockByNumber
[2020/03/25 10:38:49.864] - eth_getBlockByNumber
[2020/03/25 10:38:49.866] - eth_getBlockByNumber
[2020/03/25 10:38:49.873] - eth_getBlockByNumber
[2020/03/25 10:38:49.879] - eth_getBlockByNumber
[2020/03/25 10:38:49.884] - eth_getBlockByNumber
[2020/03/25 10:38:49.889] - eth_getBlockByNumber
[2020/03/25 10:38:49.890] - eth_getBlockByNumber
[2020/03/25 10:38:49.892] - eth_getBlockByNumber
[2020/03/25 10:38:49.899] - eth_getBlockByNumber
[2020/03/25 10:38:49.910] - eth_getBlockByNumber
[2020/03/25 10:38:49.930] - eth_getBlockByNumber
[2020/03/25 10:38:49.936] - eth_getBlockByNumber
[2020/03/25 10:38:49.946] - eth_getBlockByNumber
[2020/03/25 10:38:49.958] - eth_getBlockByNumber
[2020/03/25 10:38:49.966] - eth_getBlockByNumber
[2020/03/25 10:38:49.974] - eth_getBlockByNumber
[2020/03/25 10:38:49.975] - eth_getBlockByNumber
[2020/03/25 10:38:49.988] - eth_getBlockByNumber
[2020/03/25 10:38:49.993] - eth_getBlockByNumber
[2020/03/25 10:38:49.999] - eth_getBlockByNumber
[2020/03/25 10:38:50.005] - eth_getBlockByNumber
[2020/03/25 10:38:50.011] - eth_getBlockByNumber
[2020/03/25 10:38:50.017] - eth_getBlockByNumber
[2020/03/25 10:38:50.022] - eth_getBlockByNumber
[2020/03/25 10:38:50.023] - eth_getBlockByNumber
[2020/03/25 10:38:50.037] - eth_getBlockByNumber
[2020/03/25 10:38:50.038] - eth_getBlockByNumber
[2020/03/25 10:38:50.044] - eth_getBlockByNumber
[2020/03/25 10:38:50.049] - eth_getBlockByNumber
[2020/03/25 10:38:50.055] - eth_getBlockByNumber
[2020/03/25 10:38:50.060] - eth_getBlockByNumber
[2020/03/25 10:38:50.061] - eth_getBlockByNumber
[2020/03/25 10:38:50.069] - eth_getBlockByNumber
[2020/03/25 10:38:50.075] - eth_getBlockByNumber
[2020/03/25 10:38:50.081] - eth_getBlockByNumber
[2020/03/25 10:38:50.087] - eth_getBlockByNumber
[2020/03/25 10:38:50.093] - eth_getBlockByNumber
[2020/03/25 10:38:50.098] - eth_getBlockByNumber
[2020/03/25 10:38:50.107] - eth_getBlockByNumber
[2020/03/25 10:38:50.114] - eth_getBlockByNumber
[2020/03/25 10:38:51.673] - eth_blockNumber
[2020/03/25 10:39:00.702] - eth_getBalance
[2020/03/25 10:39:02.106] - net_version
[2020/03/25 10:39:02.388] - eth_getLogs
[2020/03/25 10:39:02.391] - eth_getLogs
[2020/03/25 10:39:02.392] - eth_getLogs
[2020/03/25 10:39:02.393] - eth_getLogs
[2020/03/25 10:39:02.394] - eth_call
[2020/03/25 10:39:02.883] - eth_call
[2020/03/25 10:39:09.940] - eth_blockNumber
[2020/03/25 10:39:11.680] - eth_blockNumber
[2020/03/25 10:39:29.998] - eth_blockNumber
[2020/03/25 10:39:31.692] - eth_blockNumber
[2020/03/25 10:39:50.017] - eth_blockNumber
[2020/03/25 10:39:51.706] - eth_blockNumber
[2020/03/25 10:40:10.034] - eth_blockNumber
[2020/03/25 10:40:11.721] - eth_blockNumber
[2020/03/25 10:40:30.050] - eth_blockNumber
[2020/03/25 10:40:31.735] - eth_blockNumber
[2020/03/25 10:40:50.065] - eth_blockNumber
[2020/03/25 10:40:51.748] - eth_blockNumber
[2020/03/25 10:41:10.078] - eth_blockNumber
[2020/03/25 10:41:11.762] - eth_blockNumber
[2020/03/25 10:41:30.093] - eth_blockNumber
[2020/03/25 10:41:31.779] - eth_blockNumber
[2020/03/25 10:41:50.108] - eth_blockNumber
[2020/03/25 10:41:51.800] - eth_blockNumber
[2020/03/25 10:42:10.122] - eth_blockNumber
[2020/03/25 10:42:11.813] - eth_blockNumber
[2020/03/25 10:42:30.136] - eth_blockNumber
[2020/03/25 10:42:31.827] - eth_blockNumber
[2020/03/25 10:42:50.148] - eth_blockNumber
[2020/03/25 10:42:51.840] - eth_blockNumber
[2020/03/25 10:43:10.161] - eth_blockNumber
[2020/03/25 10:43:11.855] - eth_blockNumber
[2020/03/25 10:43:30.174] - eth_blockNumber
[2020/03/25 10:43:31.868] - eth_blockNumber
[2020/03/25 10:43:50.200] - eth_blockNumber
[2020/03/25 10:43:51.882] - eth_blockNumber
[2020/03/25 10:44:10.214] - eth_blockNumber
[2020/03/25 10:44:11.896] - eth_blockNumber
[2020/03/25 10:44:30.227] - eth_blockNumber
[2020/03/25 10:44:31.915] - eth_blockNumber
[2020/03/25 10:44:50.245] - eth_blockNumber
[2020/03/25 10:44:51.930] - eth_blockNumber
[2020/03/25 10:45:10.264] - eth_blockNumber
[2020/03/25 10:45:11.943] - eth_blockNumber
[2020/03/25 10:45:30.281] - eth_blockNumber
[2020/03/25 10:45:31.957] - eth_blockNumber
[2020/03/25 10:45:50.298] - eth_blockNumber
[2020/03/25 10:45:51.972] - eth_blockNumber
[2020/03/25 10:46:10.314] - eth_blockNumber
[2020/03/25 10:46:11.985] - eth_blockNumber
[2020/03/25 10:46:30.330] - eth_blockNumber
[2020/03/25 10:46:32.000] - eth_blockNumber
[2020/03/25 10:46:50.351] - eth_blockNumber
[2020/03/25 10:46:52.011] - eth_blockNumber
[2020/03/25 10:47:10.366] - eth_blockNumber
[2020/03/25 10:47:12.023] - eth_blockNumber
[2020/03/25 10:47:30.381] - eth_blockNumber
[2020/03/25 10:47:32.037] - eth_blockNumber
[2020/03/25 10:47:50.396] - eth_blockNumber
[2020/03/25 10:47:52.050] - eth_blockNumber
[2020/03/25 10:47:58.054] - net_version
[2020/03/25 10:48:10.410] - eth_blockNumber
[2020/03/25 10:48:12.064] - eth_blockNumber
[2020/03/25 10:48:30.427] - eth_blockNumber
[2020/03/25 10:48:32.077] - eth_blockNumber
[2020/03/25 10:48:50.493] - eth_blockNumber
[2020/03/25 10:48:52.090] - eth_blockNumber
[2020/03/25 10:49:10.507] - eth_blockNumber
[2020/03/25 10:49:12.102] - eth_blockNumber
[2020/03/25 10:49:30.521] - eth_blockNumber
[2020/03/25 10:49:32.114] - eth_blockNumber
[2020/03/25 10:49:50.535] - eth_blockNumber
[2020/03/25 10:49:52.125] - eth_blockNumber
[2020/03/25 10:50:10.545] - eth_blockNumber
[2020/03/25 10:50:11.892] - net_version
[2020/03/25 10:50:12.141] - eth_blockNumber
[2020/03/25 10:50:30.557] - eth_blockNumber
[2020/03/25 10:50:32.167] - eth_blockNumber
[2020/03/25 10:50:50.571] - eth_blockNumber
[2020/03/25 10:50:52.183] - eth_blockNumber
[2020/03/25 10:51:10.587] - eth_blockNumber
[2020/03/25 10:51:12.195] - eth_blockNumber
[2020/03/25 10:51:30.603] - eth_blockNumber
[2020/03/25 10:51:32.210] - eth_blockNumber
[2020/03/25 10:51:50.620] - eth_blockNumber
[2020/03/25 10:51:52.227] - eth_blockNumber
[2020/03/25 10:52:10.636] - eth_blockNumber
[2020/03/25 10:52:12.240] - eth_blockNumber
[2020/03/25 10:52:30.652] - eth_blockNumber
[2020/03/25 10:52:32.256] - eth_blockNumber
[2020/03/25 10:52:50.667] - eth_blockNumber
[2020/03/25 10:52:52.277] - eth_blockNumber
[2020/03/25 10:53:10.681] - eth_blockNumber
[2020/03/25 10:53:12.291] - eth_blockNumber
[2020/03/25 10:53:30.694] - eth_blockNumber
[2020/03/25 10:53:32.300] - eth_blockNumber
[2020/03/25 10:53:50.709] - eth_blockNumber
[2020/03/25 10:53:52.311] - eth_blockNumber
[2020/03/25 10:54:10.724] - eth_blockNumber
[2020/03/25 10:54:12.324] - eth_blockNumber
[2020/03/25 10:54:30.738] - eth_blockNumber
[2020/03/25 10:54:32.342] - eth_blockNumber
[2020/03/25 10:54:50.752] - eth_blockNumber
[2020/03/25 10:54:52.353] - eth_blockNumber
[2020/03/25 10:55:10.765] - eth_blockNumber
[2020/03/25 10:55:12.364] - eth_blockNumber
[2020/03/25 10:55:30.781] - eth_blockNumber
[2020/03/25 10:55:32.374] - eth_blockNumber
[2020/03/25 10:55:50.797] - eth_blockNumber
[2020/03/25 10:55:52.388] - eth_blockNumber
[2020/03/25 10:56:07.452] - net_version
[2020/03/25 10:56:10.810] - eth_blockNumber
[2020/03/25 10:56:12.400] - eth_blockNumber
[2020/03/25 10:56:30.824] - eth_blockNumber
[2020/03/25 10:56:32.413] - eth_blockNumber
[2020/03/25 10:56:50.837] - eth_blockNumber
[2020/03/25 10:56:52.425] - eth_blockNumber
[2020/03/25 10:57:10.852] - eth_blockNumber
[2020/03/25 10:57:12.437] - eth_blockNumber
[2020/03/25 10:57:30.869] - eth_blockNumber
[2020/03/25 10:57:32.449] - eth_blockNumber
[2020/03/25 10:57:50.885] - eth_blockNumber
[2020/03/25 10:57:52.461] - eth_blockNumber
[2020/03/25 10:58:10.901] - eth_blockNumber
[2020/03/25 10:58:12.473] - eth_blockNumber
[2020/03/25 10:58:30.918] - eth_blockNumber
[2020/03/25 10:58:32.485] - eth_blockNumber
[2020/03/25 10:58:50.938] - eth_blockNumber
[2020/03/25 10:58:52.498] - eth_blockNumber
[2020/03/25 10:59:10.953] - eth_blockNumber
[2020/03/25 10:59:12.511] - eth_blockNumber
[2020/03/25 10:59:30.967] - eth_blockNumber
[2020/03/25 10:59:32.523] - eth_blockNumber
[2020/03/25 10:59:50.981] - eth_blockNumber
[2020/03/25 10:59:52.535] - eth_blockNumber
[2020/03/25 11:00:10.994] - eth_blockNumber
[2020/03/25 11:00:12.547] - eth_blockNumber
[2020/03/25 11:00:31.007] - eth_blockNumber
[2020/03/25 11:00:32.559] - eth_blockNumber
[2020/03/25 11:00:51.021] - eth_blockNumber
[2020/03/25 11:00:52.571] - eth_blockNumber
[2020/03/25 11:01:11.034] - eth_blockNumber
[2020/03/25 11:01:12.585] - eth_blockNumber
[2020/03/25 11:01:31.048] - eth_blockNumber
[2020/03/25 11:01:32.599] - eth_blockNumber
[2020/03/25 11:01:51.062] - eth_blockNumber
[2020/03/25 11:01:52.614] - eth_blockNumber
[2020/03/25 11:02:11.076] - eth_blockNumber
[2020/03/25 11:02:12.628] - eth_blockNumber
[2020/03/25 11:02:31.090] - eth_blockNumber
[2020/03/25 11:02:32.644] - eth_blockNumber
[2020/03/25 11:02:51.103] - eth_blockNumber
[2020/03/25 11:02:52.662] - eth_blockNumber
[2020/03/25 11:03:11.116] - eth_blockNumber
[2020/03/25 11:03:12.677] - eth_blockNumber
[2020/03/25 11:03:31.131] - eth_blockNumber
[2020/03/25 11:03:32.691] - eth_blockNumber
[2020/03/25 11:03:51.144] - eth_blockNumber
[2020/03/25 11:03:52.705] - eth_blockNumber
[2020/03/25 11:04:11.157] - eth_blockNumber
[2020/03/25 11:04:12.719] - eth_blockNumber
[2020/03/25 11:04:31.170] - eth_blockNumber
[2020/03/25 11:04:32.737] - eth_blockNumber
[2020/03/25 11:04:51.184] - eth_blockNumber
[2020/03/25 11:04:52.750] - eth_blockNumber
[2020/03/25 11:05:11.197] - eth_blockNumber
[2020/03/25 11:05:12.763] - eth_blockNumber
[2020/03/25 11:05:31.210] - eth_blockNumber
[2020/03/25 11:05:32.776] - eth_blockNumber
[2020/03/25 11:05:51.224] - eth_blockNumber
[2020/03/25 11:05:52.790] - eth_blockNumber
[2020/03/25 11:06:11.239] - eth_blockNumber
[2020/03/25 11:06:12.805] - eth_blockNumber
[2020/03/25 11:06:31.252] - eth_blockNumber
[2020/03/25 11:06:32.820] - eth_blockNumber
[2020/03/25 11:06:51.263] - eth_blockNumber
[2020/03/25 11:06:52.833] - eth_blockNumber
[2020/03/25 11:07:11.276] - eth_blockNumber
[2020/03/25 11:07:12.846] - eth_blockNumber
[2020/03/25 11:07:31.289] - eth_blockNumber
[2020/03/25 11:07:32.860] - eth_blockNumber
[2020/03/25 11:07:51.302] - eth_blockNumber
[2020/03/25 11:07:52.877] - eth_blockNumber
[2020/03/25 11:08:11.316] - eth_blockNumber
[2020/03/25 11:08:12.890] - eth_blockNumber
[2020/03/25 11:08:31.329] - eth_blockNumber
[2020/03/25 11:08:32.903] - eth_blockNumber
[2020/03/25 11:08:51.346] - eth_blockNumber
[2020/03/25 11:08:52.917] - eth_blockNumber
[2020/03/25 11:09:11.357] - eth_blockNumber
[2020/03/25 11:09:12.932] - eth_blockNumber
[2020/03/25 11:09:31.369] - eth_blockNumber
[2020/03/25 11:09:32.947] - eth_blockNumber
[2020/03/25 11:09:51.382] - eth_blockNumber
[2020/03/25 11:09:52.959] - eth_blockNumber
[2020/03/25 11:10:11.395] - eth_blockNumber
[2020/03/25 11:10:12.973] - eth_blockNumber
[2020/03/25 11:10:31.408] - eth_blockNumber
[2020/03/25 11:10:32.988] - eth_blockNumber
[2020/03/25 11:10:51.423] - eth_blockNumber
[2020/03/25 11:10:53.001] - eth_blockNumber
[2020/03/25 11:11:11.438] - eth_blockNumber
[2020/03/25 11:11:13.014] - eth_blockNumber
[2020/03/25 11:11:31.451] - eth_blockNumber
[2020/03/25 11:11:33.027] - eth_blockNumber
[2020/03/25 11:11:51.464] - eth_blockNumber
[2020/03/25 11:11:53.039] - eth_blockNumber
[2020/03/25 11:12:11.477] - eth_blockNumber
[2020/03/25 11:12:13.052] - eth_blockNumber
[2020/03/25 11:12:31.490] - eth_blockNumber
[2020/03/25 11:12:33.066] - eth_blockNumber
[2020/03/25 11:12:51.503] - eth_blockNumber
[2020/03/25 11:12:53.079] - eth_blockNumber
[2020/03/25 11:13:11.517] - eth_blockNumber
[2020/03/25 11:13:13.092] - eth_blockNumber
[2020/03/25 11:13:31.531] - eth_blockNumber
[2020/03/25 11:13:33.104] - eth_blockNumber
[2020/03/25 11:13:51.544] - eth_blockNumber
[2020/03/25 11:13:53.116] - eth_blockNumber
[2020/03/25 11:14:11.557] - eth_blockNumber
[2020/03/25 11:14:13.129] - eth_blockNumber
[2020/03/25 11:14:31.569] - eth_blockNumber
[2020/03/25 11:14:33.144] - eth_blockNumber
[2020/03/25 11:14:51.583] - eth_blockNumber
[2020/03/25 11:14:53.156] - eth_blockNumber
[2020/03/25 11:15:11.596] - eth_blockNumber
[2020/03/25 11:15:13.167] - eth_blockNumber
[2020/03/25 11:15:31.610] - eth_blockNumber
[2020/03/25 11:15:33.178] - eth_blockNumber
[2020/03/25 11:15:51.622] - eth_blockNumber
[2020/03/25 11:15:53.190] - eth_blockNumber
[2020/03/25 11:16:11.634] - eth_blockNumber
[2020/03/25 11:16:13.202] - eth_blockNumber
[2020/03/25 11:16:31.645] - eth_blockNumber
[2020/03/25 11:16:33.216] - eth_blockNumber
[2020/03/25 11:16:51.658] - eth_blockNumber
[2020/03/25 11:16:53.230] - eth_blockNumber
[2020/03/25 11:17:11.671] - eth_blockNumber
[2020/03/25 11:17:13.242] - eth_blockNumber
[2020/03/25 11:17:31.682] - eth_blockNumber
[2020/03/25 11:17:33.255] - eth_blockNumber
[2020/03/25 11:17:51.694] - eth_blockNumber
[2020/03/25 11:17:53.268] - eth_blockNumber
[2020/03/25 11:18:11.706] - eth_blockNumber
[2020/03/25 11:18:13.279] - eth_blockNumber
[2020/03/25 11:18:31.718] - eth_blockNumber
[2020/03/25 11:18:33.294] - eth_blockNumber
[2020/03/25 11:18:51.734] - eth_blockNumber
[2020/03/25 11:18:53.308] - eth_blockNumber
[2020/03/25 11:19:11.745] - eth_blockNumber
[2020/03/25 11:19:13.319] - eth_blockNumber
[2020/03/25 11:19:31.758] - eth_blockNumber
[2020/03/25 11:19:33.330] - eth_blockNumber
[2020/03/25 11:29:12.349] - eth_blockNumber
[2020/03/25 11:29:13.922] - eth_blockNumber
[2020/03/25 11:29:32.362] - eth_blockNumber
[2020/03/25 11:29:33.934] - eth_blockNumber
[2020/03/25 11:29:52.373] - eth_blockNumber
[2020/03/25 11:29:53.943] - eth_blockNumber
[2020/03/25 11:30:12.385] - eth_blockNumber
[2020/03/25 11:30:13.961] - eth_blockNumber
[2020/03/25 11:30:22.842] - net_version
[2020/03/25 11:30:32.396] - eth_blockNumber
[2020/03/25 11:30:33.973] - eth_blockNumber
[2020/03/25 11:30:52.403] - eth_blockNumber
[2020/03/25 11:30:53.984] - eth_blockNumber
[2020/03/25 11:31:12.416] - eth_blockNumber
[2020/03/25 11:31:13.993] - eth_blockNumber
[2020/03/25 11:31:32.431] - eth_blockNumber
[2020/03/25 11:31:34.007] - eth_blockNumber
[2020/03/25 11:31:52.447] - eth_blockNumber
[2020/03/25 11:31:54.020] - eth_blockNumber
[2020/03/25 11:32:12.459] - eth_blockNumber
[2020/03/25 11:32:14.030] - eth_blockNumber
[2020/03/25 11:32:32.471] - eth_blockNumber
[2020/03/25 11:32:34.040] - eth_blockNumber
[2020/03/25 11:32:52.486] - eth_blockNumber
[2020/03/25 11:32:54.049] - eth_blockNumber
[2020/03/25 11:33:12.501] - eth_blockNumber
[2020/03/25 11:33:14.058] - eth_blockNumber
[2020/03/25 11:33:29.298] - net_version
[2020/03/25 11:33:32.514] - eth_blockNumber
[2020/03/25 11:33:34.070] - eth_blockNumber
[2020/03/25 11:33:48.763] - net_version
[2020/03/25 11:33:52.529] - eth_blockNumber
[2020/03/25 11:33:54.083] - eth_blockNumber
[2020/03/25 11:34:12.541] - eth_blockNumber
[2020/03/25 11:34:14.093] - eth_blockNumber
[2020/03/25 11:34:32.554] - eth_blockNumber
[2020/03/25 11:34:34.105] - eth_blockNumber
[2020/03/25 11:34:52.568] - eth_blockNumber
[2020/03/25 11:34:54.117] - eth_blockNumber
[2020/03/25 11:35:12.578] - eth_blockNumber
[2020/03/25 11:35:14.124] - eth_blockNumber
[2020/03/25 11:35:32.591] - eth_blockNumber
[2020/03/25 11:35:34.139] - eth_blockNumber
[2020/03/25 11:35:42.331] - net_version
[2020/03/25 11:35:52.602] - eth_blockNumber
[2020/03/25 11:35:54.151] - eth_blockNumber
[2020/03/25 11:36:12.611] - eth_blockNumber
[2020/03/25 11:36:14.163] - eth_blockNumber
[2020/03/25 11:36:32.622] - eth_blockNumber
[2020/03/25 11:36:34.177] - eth_blockNumber
[2020/03/25 11:36:52.632] - eth_blockNumber
[2020/03/25 11:36:54.186] - eth_blockNumber
[2020/03/25 11:37:12.643] - eth_blockNumber
[2020/03/25 11:37:14.196] - eth_blockNumber
[2020/03/25 11:37:32.657] - eth_blockNumber
[2020/03/25 11:37:34.204] - eth_blockNumber
[2020/03/25 11:37:52.668] - eth_blockNumber
[2020/03/25 11:37:54.214] - eth_blockNumber
[2020/03/25 11:38:04.801] - net_version
[2020/03/25 11:38:12.676] - eth_blockNumber
[2020/03/25 11:38:13.572] - eth_blockNumber
[2020/03/25 11:38:13.583] - net_version
[2020/03/25 11:38:13.587] - eth_accounts
[2020/03/25 11:38:13.609] - eth_getBlockByNumber
[2020/03/25 11:38:13.618] - eth_accounts
[2020/03/25 11:38:13.679] - eth_getBlockByNumber
[2020/03/25 11:38:13.685] - eth_getBlockByNumber
[2020/03/25 11:38:13.690] - eth_getBlockByNumber
[2020/03/25 11:38:13.699] - eth_estimateGas
[2020/03/25 11:38:14.224] - eth_blockNumber
[2020/03/25 11:38:15.448] - eth_getBlockByNumber
[2020/03/25 11:38:15.448] - eth_blockNumber
[2020/03/25 11:38:15.459] - eth_sendTransaction
[2020/03/25 11:38:15.506] - 
[2020/03/25 11:38:15.506] -   Transaction: 0x73ea79a046e36a0f5e4cc7f8c8b33e6432ec3969ce0d9a4cde140a4a9b9aa322
[2020/03/25 11:38:15.506] -   Contract created: 0x037f46e8c4ca7ab1a8c358f31ac8a6e98265be1b
[2020/03/25 11:38:15.506] -   Gas usage: 188483
[2020/03/25 11:38:15.506] -   Block Number: 195
[2020/03/25 11:38:15.506] -   Block Time: Wed Mar 25 2020 11:38:15 GMT+0000 (GMT)
[2020/03/25 11:38:15.506] - 
[2020/03/25 11:38:15.507] - eth_getBlockByNumber
[2020/03/25 11:38:15.511] - eth_getTransactionReceipt
[2020/03/25 11:38:15.519] - eth_getCode
[2020/03/25 11:38:15.529] - eth_getTransactionByHash
[2020/03/25 11:38:15.539] - eth_getBlockByNumber
[2020/03/25 11:38:15.544] - eth_getBalance
[2020/03/25 11:38:15.555] - eth_getBlockByNumber
[2020/03/25 11:38:15.561] - eth_getBlockByNumber
[2020/03/25 11:38:15.570] - eth_sendTransaction
[2020/03/25 11:38:15.623] - 
[2020/03/25 11:38:15.623] -   Transaction: 0xd94bb5462aa19e97105811988e4f3ed6685493db214246e31bb9d94d43b6787e
[2020/03/25 11:38:15.623] -   Gas usage: 42001
[2020/03/25 11:38:15.624] -   Block Number: 196
[2020/03/25 11:38:15.624] -   Block Time: Wed Mar 25 2020 11:38:15 GMT+0000 (GMT)
[2020/03/25 11:38:15.624] - 
[2020/03/25 11:38:15.625] - eth_getBlockByNumber
[2020/03/25 11:38:15.626] - eth_getTransactionReceipt
[2020/03/25 11:38:15.639] - eth_getBlockByNumber
[2020/03/25 11:38:15.643] - eth_accounts
[2020/03/25 11:38:15.677] - eth_getBlockByNumber
[2020/03/25 11:38:15.684] - eth_getBlockByNumber
[2020/03/25 11:38:15.691] - eth_getBlockByNumber
[2020/03/25 11:38:15.700] - eth_estimateGas
[2020/03/25 11:38:15.726] - eth_getBalance
[2020/03/25 11:38:15.731] - eth_getBlockByNumber
[2020/03/25 11:38:15.732] - eth_blockNumber
[2020/03/25 11:38:15.736] - eth_sendTransaction
[2020/03/25 11:38:15.774] - 
[2020/03/25 11:38:15.774] -   Transaction: 0x0eb8c34feacece93b6bf2321dd6b3a9be9318c3c8cd35d43856376cb00380025
[2020/03/25 11:38:15.774] -   Contract created: 0x972baeed6553826f3027e4aed4e86f22c1a06147
[2020/03/25 11:38:15.774] -   Gas usage: 394012
[2020/03/25 11:38:15.775] -   Block Number: 197
[2020/03/25 11:38:15.775] -   Block Time: Wed Mar 25 2020 11:38:15 GMT+0000 (GMT)
[2020/03/25 11:38:15.775] - 
[2020/03/25 11:38:15.775] - eth_getBlockByNumber
[2020/03/25 11:38:15.776] - eth_getTransactionReceipt
[2020/03/25 11:38:15.786] - eth_getTransactionCount
[2020/03/25 11:38:15.790] - eth_getCode
[2020/03/25 11:38:15.844] - eth_getTransactionByHash
[2020/03/25 11:38:15.852] - eth_getBalance
[2020/03/25 11:38:15.853] - eth_getBlockByNumber
[2020/03/25 11:38:15.860] - eth_getBalance
[2020/03/25 11:38:15.904] - eth_getBlockByNumber
[2020/03/25 11:38:15.905] - eth_getTransactionCount
[2020/03/25 11:38:15.913] - eth_getBlockByNumber
[2020/03/25 11:38:15.935] - eth_sendTransaction
[2020/03/25 11:38:15.967] - eth_getBalance
[2020/03/25 11:38:15.975] - 
[2020/03/25 11:38:15.975] -   Transaction: 0x825dd43c5a82ec1d9936229ccfccffbabb04695a49d3db62abb1edde74c9a59d
[2020/03/25 11:38:15.976] -   Gas usage: 27001
[2020/03/25 11:38:15.976] -   Block Number: 198
[2020/03/25 11:38:15.976] -   Block Time: Wed Mar 25 2020 11:38:15 GMT+0000 (GMT)
[2020/03/25 11:38:15.976] - 
[2020/03/25 11:38:15.976] - eth_getBlockByNumber
[2020/03/25 11:38:15.978] - eth_getTransactionReceipt
[2020/03/25 11:38:16.007] - eth_getBlockByNumber
[2020/03/25 11:38:16.017] - eth_accounts
[2020/03/25 11:38:16.028] - eth_getTransactionCount
[2020/03/25 11:38:16.075] - eth_getBlockByNumber
[2020/03/25 11:38:16.080] - eth_getBlockByNumber
[2020/03/25 11:38:16.086] - eth_getBlockByNumber
[2020/03/25 11:38:16.091] - eth_estimateGas
[2020/03/25 11:38:16.095] - eth_getBalance
[2020/03/25 11:38:16.131] - eth_getBlockByNumber
[2020/03/25 11:38:16.131] - eth_blockNumber
[2020/03/25 11:38:16.138] - eth_sendTransaction
[2020/03/25 11:38:16.140] - eth_getTransactionCount
[2020/03/25 11:38:16.196] - 
[2020/03/25 11:38:16.197] -   Transaction: 0xd06d2ba772f3c8823888de277dfb05f7773c74809f313e15c35ae0fc030e201c
[2020/03/25 11:38:16.197] -   Contract created: 0x02cafa818f6b162b2ce9b21cc0ccb257ebdf4b11
[2020/03/25 11:38:16.197] -   Gas usage: 1555338
[2020/03/25 11:38:16.197] -   Block Number: 199
[2020/03/25 11:38:16.197] -   Block Time: Wed Mar 25 2020 11:38:16 GMT+0000 (GMT)
[2020/03/25 11:38:16.197] - 
[2020/03/25 11:38:16.198] - eth_getBalance
[2020/03/25 11:38:16.200] - eth_getTransactionReceipt
[2020/03/25 11:38:16.223] - eth_getCode
[2020/03/25 11:38:16.237] - eth_getTransactionByHash
[2020/03/25 11:38:16.244] - eth_getBlockByNumber
[2020/03/25 11:38:16.255] - eth_getBalance
[2020/03/25 11:38:16.261] - eth_getBlockByNumber
[2020/03/25 11:38:16.276] - eth_getTransactionCount
[2020/03/25 11:38:16.316] - eth_getBlockByNumber
[2020/03/25 11:38:16.325] - eth_getBlockByNumber
[2020/03/25 11:38:16.333] - eth_sendTransaction
[2020/03/25 11:38:16.357] - eth_getBalance
[2020/03/25 11:38:16.402] - 
[2020/03/25 11:38:16.405] -   Transaction: 0xa1d41e0f6b55cb4e694cd564d2e533e30721449808c2305d02b1471cc9c03ed8
[2020/03/25 11:38:16.405] -   Gas usage: 27001
[2020/03/25 11:38:16.405] -   Block Number: 200
[2020/03/25 11:38:16.405] -   Block Time: Wed Mar 25 2020 11:38:16 GMT+0000 (GMT)
[2020/03/25 11:38:16.405] - 
[2020/03/25 11:38:16.410] - eth_getBlockByNumber
[2020/03/25 11:38:16.412] - eth_getTransactionReceipt
[2020/03/25 11:38:16.434] - eth_getTransactionCount
[2020/03/25 11:38:16.453] - eth_getBlockByNumber
[2020/03/25 11:38:16.460] - eth_accounts
[2020/03/25 11:38:16.508] - eth_getBalance
[2020/03/25 11:38:16.524] - eth_getBlockByNumber
[2020/03/25 11:38:16.532] - eth_getBlockByNumber
[2020/03/25 11:38:16.541] - eth_getBlockByNumber
[2020/03/25 11:38:16.549] - eth_estimateGas
[2020/03/25 11:38:16.576] - eth_getTransactionCount
[2020/03/25 11:38:16.583] - eth_getBlockByNumber
[2020/03/25 11:38:16.584] - eth_blockNumber
[2020/03/25 11:38:16.591] - eth_sendTransaction
[2020/03/25 11:38:16.627] - 
[2020/03/25 11:38:16.628] -   Transaction: 0x554fc6c84a70ffe05a345134068b88a8804d170d7e9c8f58816ac29bb56fa546
[2020/03/25 11:38:16.629] -   Contract created: 0xd42a5b126640c407ae0ca3d629dbfd6c6cb7b7de
[2020/03/25 11:38:16.630] -   Gas usage: 923961
[2020/03/25 11:38:16.631] -   Block Number: 201
[2020/03/25 11:38:16.631] -   Block Time: Wed Mar 25 2020 11:38:16 GMT+0000 (GMT)
[2020/03/25 11:38:16.631] - 
[2020/03/25 11:38:16.632] - eth_getBlockByNumber
[2020/03/25 11:38:16.635] - eth_getTransactionReceipt
[2020/03/25 11:38:16.641] - eth_getBalance
[2020/03/25 11:38:16.646] - eth_getCode
[2020/03/25 11:38:16.663] - eth_getTransactionByHash
[2020/03/25 11:38:16.672] - eth_getBlockByNumber
[2020/03/25 11:38:16.677] - eth_getBalance
[2020/03/25 11:38:16.726] - eth_getTransactionCount
[2020/03/25 11:38:16.754] - eth_getBlockByNumber
[2020/03/25 11:38:16.761] - eth_getBlockByNumber
[2020/03/25 11:38:16.771] - eth_sendTransaction
[2020/03/25 11:38:16.805] - 
[2020/03/25 11:38:16.806] -   Transaction: 0x6fdcb38d7488678d4199eb75a9e1604e14d000643be7f6dc4c6ebb6b69c091e3
[2020/03/25 11:38:16.806] -   Gas usage: 27001
[2020/03/25 11:38:16.806] -   Block Number: 202
[2020/03/25 11:38:16.806] -   Block Time: Wed Mar 25 2020 11:38:16 GMT+0000 (GMT)
[2020/03/25 11:38:16.806] - 
[2020/03/25 11:38:16.807] - eth_getBlockByNumber
[2020/03/25 11:38:16.808] - eth_getBalance
[2020/03/25 11:38:16.809] - eth_getTransactionReceipt
[2020/03/25 11:38:16.894] - eth_getTransactionCount
[2020/03/25 11:38:16.958] - eth_getBalance
[2020/03/25 11:38:17.009] - eth_getTransactionCount
[2020/03/25 11:38:18.563] - net_version
[2020/03/25 11:38:19.246] - eth_getBalance
[2020/03/25 11:38:19.283] - eth_getTransactionCount
[2020/03/25 11:38:19.326] - eth_getBalance
[2020/03/25 11:38:19.363] - eth_getTransactionCount
[2020/03/25 11:38:19.400] - eth_getBalance
[2020/03/25 11:38:19.444] - eth_getTransactionCount
[2020/03/25 11:38:19.482] - eth_getBalance
[2020/03/25 11:38:19.527] - eth_getTransactionCount
[2020/03/25 11:38:19.568] - eth_getBalance
[2020/03/25 11:38:19.606] - eth_getTransactionCount
[2020/03/25 11:38:19.643] - eth_getBalance
[2020/03/25 11:38:19.679] - eth_getTransactionCount
[2020/03/25 11:38:19.716] - eth_getBalance
[2020/03/25 11:38:19.752] - eth_getTransactionCount
[2020/03/25 11:38:19.789] - eth_getBalance
[2020/03/25 11:38:19.827] - eth_getTransactionCount
[2020/03/25 11:38:19.865] - eth_getBalance
[2020/03/25 11:38:19.934] - eth_getTransactionCount
[2020/03/25 11:38:19.983] - eth_getBalance
[2020/03/25 11:38:20.019] - eth_getTransactionCount
[2020/03/25 11:38:21.269] - eth_getBalance
[2020/03/25 11:38:21.307] - eth_getTransactionCount
[2020/03/25 11:38:21.346] - eth_getBalance
[2020/03/25 11:38:21.385] - eth_getTransactionCount
[2020/03/25 11:38:21.429] - eth_getBalance
[2020/03/25 11:38:21.467] - eth_getTransactionCount
[2020/03/25 11:38:21.505] - eth_getBalance
[2020/03/25 11:38:21.544] - eth_getTransactionCount
[2020/03/25 11:38:21.586] - eth_getBalance
[2020/03/25 11:38:21.627] - eth_getTransactionCount
[2020/03/25 11:38:21.675] - eth_getBalance
[2020/03/25 11:38:21.717] - eth_getTransactionCount
[2020/03/25 11:38:21.757] - eth_getBalance
[2020/03/25 11:38:21.796] - eth_getTransactionCount
[2020/03/25 11:38:21.836] - eth_getBalance
[2020/03/25 11:38:21.875] - eth_getTransactionCount
[2020/03/25 11:38:21.914] - eth_getBalance
[2020/03/25 11:38:21.954] - eth_getTransactionCount
[2020/03/25 11:38:21.996] - eth_getBalance
[2020/03/25 11:38:22.041] - eth_getTransactionCount
[2020/03/25 11:38:22.634] - eth_getBalance
[2020/03/25 11:38:22.676] - eth_getTransactionCount
[2020/03/25 11:38:22.715] - eth_getBalance
[2020/03/25 11:38:22.752] - eth_getTransactionCount
[2020/03/25 11:38:22.801] - eth_getBalance
[2020/03/25 11:38:22.891] - eth_getTransactionCount
[2020/03/25 11:38:22.931] - eth_getBalance
[2020/03/25 11:38:22.974] - eth_getTransactionCount
[2020/03/25 11:38:23.013] - eth_getBalance
[2020/03/25 11:38:23.052] - eth_getTransactionCount
[2020/03/25 11:38:23.089] - eth_getBalance
[2020/03/25 11:38:23.127] - eth_getTransactionCount
[2020/03/25 11:38:23.166] - eth_getBalance
[2020/03/25 11:38:23.203] - eth_getTransactionCount
[2020/03/25 11:38:23.240] - eth_getBalance
[2020/03/25 11:38:23.282] - eth_getTransactionCount
[2020/03/25 11:38:23.321] - eth_getBalance
[2020/03/25 11:38:23.370] - eth_getTransactionCount
[2020/03/25 11:38:24.207] - eth_getBalance
[2020/03/25 11:38:24.309] - eth_getTransactionCount
[2020/03/25 11:38:24.370] - eth_getBalance
[2020/03/25 11:38:24.433] - eth_getTransactionCount
[2020/03/25 11:38:24.476] - eth_getBalance
[2020/03/25 11:38:24.519] - eth_getTransactionCount
[2020/03/25 11:38:24.562] - eth_getBalance
[2020/03/25 11:38:24.604] - eth_getBalance
[2020/03/25 11:38:24.657] - eth_getTransactionCount
[2020/03/25 11:38:24.699] - eth_getBalance
[2020/03/25 11:38:24.740] - eth_getTransactionCount
[2020/03/25 11:38:24.780] - eth_getBalance
[2020/03/25 11:38:24.819] - eth_getTransactionCount
[2020/03/25 11:38:24.860] - eth_getBalance
[2020/03/25 11:38:24.899] - eth_getTransactionCount
[2020/03/25 11:38:24.936] - eth_getBalance
[2020/03/25 11:38:24.974] - eth_getTransactionCount
[2020/03/25 11:38:25.054] - eth_getBalance
[2020/03/25 11:38:25.091] - eth_getTransactionCount
[2020/03/25 11:38:25.129] - eth_getBalance
[2020/03/25 11:38:25.168] - eth_getTransactionCount
[2020/03/25 11:38:25.205] - eth_getBalance
[2020/03/25 11:38:25.243] - eth_getTransactionCount
[2020/03/25 11:38:25.281] - eth_getBalance
[2020/03/25 11:38:25.319] - eth_getTransactionCount
[2020/03/25 11:38:25.366] - eth_getBalance
[2020/03/25 11:38:25.405] - eth_getTransactionCount
[2020/03/25 11:38:25.446] - eth_getBalance
[2020/03/25 11:38:25.486] - eth_getTransactionCount
[2020/03/25 11:38:25.523] - eth_getBalance
[2020/03/25 11:38:25.561] - eth_getTransactionCount
[2020/03/25 11:38:25.600] - eth_getBalance
[2020/03/25 11:38:25.638] - eth_getTransactionCount
[2020/03/25 11:38:25.677] - eth_getBalance
[2020/03/25 11:38:25.714] - eth_getTransactionCount
[2020/03/25 11:38:25.753] - eth_getBalance
[2020/03/25 11:38:25.793] - eth_getTransactionCount
[2020/03/25 11:38:26.245] - eth_getBalance
[2020/03/25 11:38:26.288] - eth_getTransactionCount
[2020/03/25 11:38:26.329] - eth_getBalance
[2020/03/25 11:38:26.373] - eth_getTransactionCount
[2020/03/25 11:38:26.435] - eth_getBalance
[2020/03/25 11:38:26.499] - eth_getTransactionCount
[2020/03/25 11:38:26.564] - eth_getBalance
[2020/03/25 11:38:26.635] - eth_getTransactionCount
[2020/03/25 11:38:26.705] - eth_getBalance
[2020/03/25 11:38:26.773] - eth_getTransactionCount
[2020/03/25 11:38:26.844] - eth_getBalance
[2020/03/25 11:38:26.907] - eth_getTransactionCount
[2020/03/25 11:38:26.980] - eth_getBalance
[2020/03/25 11:38:27.050] - eth_getTransactionCount
[2020/03/25 11:38:27.116] - eth_getBalance
[2020/03/25 11:38:27.175] - eth_getTransactionCount
[2020/03/25 11:38:27.228] - eth_getBalance
[2020/03/25 11:38:27.278] - eth_getTransactionCount
[2020/03/25 11:38:27.327] - eth_getBalance
[2020/03/25 11:38:27.394] - eth_getTransactionCount
[2020/03/25 11:38:28.040] - eth_getBalance
[2020/03/25 11:38:28.079] - eth_getTransactionCount
[2020/03/25 11:38:28.117] - eth_getBalance
[2020/03/25 11:38:28.155] - eth_getTransactionCount
[2020/03/25 11:38:28.194] - eth_getBalance
[2020/03/25 11:38:28.233] - eth_getTransactionCount
[2020/03/25 11:38:28.271] - eth_getBalance
[2020/03/25 11:38:28.311] - eth_getTransactionCount
[2020/03/25 11:38:28.351] - eth_getBalance
[2020/03/25 11:38:28.391] - eth_getTransactionCount
[2020/03/25 11:38:28.436] - eth_getBalance
[2020/03/25 11:38:28.479] - eth_getTransactionCount
[2020/03/25 11:38:28.518] - eth_getBalance
[2020/03/25 11:38:28.556] - eth_getTransactionCount
[2020/03/25 11:38:28.596] - eth_getBalance
[2020/03/25 11:38:28.644] - eth_getTransactionCount
[2020/03/25 11:38:30.606] - eth_unsubscribe
[2020/03/25 11:38:30.607] - eth_unsubscribe
[2020/03/25 11:38:30.964] - Warning: stopMining called when miner was already stopped
