[2020/03/18 23:56:35.102] - Starting server (version 2.1.2) with initial configuration: {"gasLimit":6721975,"gasPrice":20000000000,"hardfork":"petersburg","hostname":"127.0.0.1","port":7545,"network_id":5777,"default_balance_ether":100,"total_accounts":10,"unlocked_accounts":[],"locked":false,"vmErrorsOnRPCResponse":true,"verbose":false,"db_path":"/home/nash/.config/Ganache/workspaces/identity-wallet/chaindata","logDirectory":"/home/nash/Documents/Projects/Blockchain/Project/identity-wallet/wallet-web-app/logs"}
[2020/03/18 23:56:35.418] - eth_getCode
[2020/03/18 23:56:35.419] - eth_subscribe
[2020/03/18 23:56:35.420] - eth_getLogs
[2020/03/18 23:56:35.423] - eth_subscribe
[2020/03/18 23:56:35.454] - eth_getCode
[2020/03/18 23:56:35.465] - eth_getCode
[2020/03/18 23:56:35.471] - eth_getCode
[2020/03/18 23:56:36.046] - eth_getBlockByNumber
[2020/03/18 23:56:36.046] - eth_subscribe
[2020/03/18 23:56:36.617] - eth_blockNumber
[2020/03/18 23:56:36.617] - eth_accounts
[2020/03/18 23:56:36.617] - eth_gasPrice
[2020/03/18 23:56:36.751] - eth_blockNumber
[2020/03/18 23:56:36.774] - eth_getBlockByNumber
[2020/03/18 23:56:36.779] - eth_getBlockByNumber
[2020/03/18 23:56:36.780] - eth_getBlockByNumber
[2020/03/18 23:56:36.781] - eth_getBlockByNumber
[2020/03/18 23:56:36.782] - eth_getBlockByNumber
[2020/03/18 23:56:36.784] - eth_getBlockByNumber
[2020/03/18 23:56:36.788] - eth_getBlockByNumber
[2020/03/18 23:56:36.788] - eth_getBlockByNumber
[2020/03/18 23:56:36.792] - eth_getBlockByNumber
[2020/03/18 23:56:36.796] - eth_getBlockByNumber
[2020/03/18 23:56:36.802] - eth_getBlockByNumber
[2020/03/18 23:56:36.806] - eth_getBlockByNumber
[2020/03/18 23:56:36.813] - eth_getBlockByNumber
[2020/03/18 23:56:36.831] - eth_getBlockByNumber
[2020/03/18 23:56:36.838] - eth_getBlockByNumber
[2020/03/18 23:56:36.843] - eth_getBlockByNumber
[2020/03/18 23:56:36.848] - eth_accounts
[2020/03/18 23:56:36.849] - eth_getBlockByNumber
[2020/03/18 23:56:36.854] - eth_getBlockByNumber
[2020/03/18 23:56:36.860] - eth_getBlockByNumber
[2020/03/18 23:56:36.869] - eth_getBlockByNumber
[2020/03/18 23:56:36.875] - eth_getBlockByNumber
[2020/03/18 23:56:36.880] - eth_getBlockByNumber
[2020/03/18 23:56:36.885] - eth_getBlockByNumber
[2020/03/18 23:56:36.891] - eth_getBlockByNumber
[2020/03/18 23:56:36.896] - eth_getBlockByNumber
[2020/03/18 23:56:36.900] - eth_getBlockByNumber
[2020/03/18 23:56:36.904] - eth_getBlockByNumber
[2020/03/18 23:56:36.910] - eth_getBlockByNumber
[2020/03/18 23:56:36.914] - eth_getBlockByNumber
[2020/03/18 23:56:36.919] - eth_getBlockByNumber
[2020/03/18 23:56:36.927] - eth_getBlockByNumber
[2020/03/18 23:56:36.931] - eth_getBlockByNumber
[2020/03/18 23:56:36.936] - eth_getBlockByNumber
[2020/03/18 23:56:36.942] - eth_getBlockByNumber
[2020/03/18 23:56:36.946] - eth_getBlockByNumber
[2020/03/18 23:56:36.950] - eth_getBlockByNumber
[2020/03/18 23:56:36.958] - eth_getBlockByNumber
[2020/03/18 23:56:36.962] - eth_getBlockByNumber
[2020/03/18 23:56:36.966] - eth_getBlockByNumber
[2020/03/18 23:56:36.971] - eth_getBlockByNumber
[2020/03/18 23:56:36.974] - eth_getBlockByNumber
[2020/03/18 23:56:36.978] - eth_getBlockByNumber
[2020/03/18 23:56:37.849] - eth_getBalance
[2020/03/18 23:56:37.886] - eth_getTransactionCount
[2020/03/18 23:56:37.923] - eth_getBalance
[2020/03/18 23:56:37.960] - eth_getTransactionCount
[2020/03/18 23:56:37.987] - eth_getBalance
[2020/03/18 23:56:38.022] - eth_getTransactionCount
[2020/03/18 23:56:38.059] - eth_getBalance
[2020/03/18 23:56:38.095] - eth_getTransactionCount
[2020/03/18 23:56:38.129] - eth_getBalance
[2020/03/18 23:56:38.172] - eth_getTransactionCount
[2020/03/18 23:56:38.207] - eth_getBalance
[2020/03/18 23:56:38.250] - eth_getTransactionCount
[2020/03/18 23:56:38.291] - eth_getBalance
[2020/03/18 23:56:38.341] - eth_getTransactionCount
[2020/03/18 23:56:38.427] - eth_getBalance
[2020/03/18 23:56:38.476] - eth_getTransactionCount
[2020/03/18 23:56:38.514] - eth_getBalance
[2020/03/18 23:56:38.553] - eth_getTransactionCount
[2020/03/18 23:56:38.593] - eth_getBalance
[2020/03/18 23:56:38.620] - eth_getTransactionCount
[2020/03/18 23:56:39.871] - eth_getBalance
[2020/03/18 23:56:39.907] - eth_getTransactionCount
[2020/03/18 23:56:39.941] - eth_getBalance
[2020/03/18 23:56:39.967] - eth_getTransactionCount
[2020/03/18 23:56:40.001] - eth_getBalance
[2020/03/18 23:56:40.037] - eth_getTransactionCount
[2020/03/18 23:56:40.074] - eth_getBalance
[2020/03/18 23:56:40.110] - eth_getTransactionCount
[2020/03/18 23:56:40.163] - eth_getBalance
[2020/03/18 23:56:40.233] - eth_getTransactionCount
[2020/03/18 23:56:40.306] - eth_getBalance
[2020/03/18 23:56:40.345] - eth_getTransactionCount
[2020/03/18 23:56:40.393] - eth_getBalance
[2020/03/18 23:56:40.434] - eth_getTransactionCount
[2020/03/18 23:56:40.484] - eth_getBalance
[2020/03/18 23:56:40.523] - eth_getTransactionCount
[2020/03/18 23:56:40.558] - eth_getBalance
[2020/03/18 23:56:40.594] - eth_getTransactionCount
[2020/03/18 23:56:40.619] - eth_getBalance
[2020/03/18 23:56:40.652] - eth_getTransactionCount
[2020/03/18 23:56:56.884] - eth_blockNumber
[2020/03/18 23:57:16.903] - eth_blockNumber
[2020/03/19 00:01:33.215] - eth_blockNumber
[2020/03/19 00:01:33.229] - net_version
[2020/03/19 00:01:33.273] - eth_getBlockByNumber
[2020/03/19 00:01:33.278] - eth_getBalance
[2020/03/19 00:01:41.547] - net_version
[2020/03/19 00:01:42.157] - eth_getLogs
[2020/03/19 00:01:42.166] - eth_getLogs
[2020/03/19 00:01:42.169] - eth_getLogs
[2020/03/19 00:01:42.172] - eth_getLogs
[2020/03/19 00:01:42.176] - eth_blockNumber
[2020/03/19 00:01:42.177] - eth_call
[2020/03/19 00:01:42.809] - eth_call
[2020/03/19 00:01:42.814] - eth_call
[2020/03/19 00:01:42.819] - eth_call
[2020/03/19 00:01:42.823] - eth_call
[2020/03/19 00:01:42.825] - eth_call
[2020/03/19 00:01:42.837] - eth_call
[2020/03/19 00:01:42.928] - eth_call
[2020/03/19 00:01:43.018] - eth_call
[2020/03/19 00:01:53.276] - eth_blockNumber
[2020/03/19 00:02:02.399] - eth_blockNumber
[2020/03/19 00:02:13.304] - eth_blockNumber
[2020/03/19 00:02:22.422] - eth_blockNumber
[2020/03/19 00:02:33.323] - eth_blockNumber
[2020/03/19 00:02:42.434] - eth_blockNumber
[2020/03/19 00:02:53.350] - eth_blockNumber
[2020/03/19 00:03:02.447] - eth_blockNumber
[2020/03/19 00:03:13.391] - eth_blockNumber
[2020/03/19 00:03:22.460] - eth_blockNumber
[2020/03/19 00:03:33.407] - eth_blockNumber
[2020/03/19 00:03:42.471] - eth_blockNumber
[2020/03/19 00:03:53.416] - eth_blockNumber
[2020/03/19 00:04:02.482] - eth_blockNumber
[2020/03/19 00:04:13.428] - eth_blockNumber
[2020/03/19 00:04:22.500] - eth_blockNumber
[2020/03/19 00:04:33.444] - eth_blockNumber
[2020/03/19 00:04:42.513] - eth_blockNumber
[2020/03/19 00:04:53.465] - eth_blockNumber
[2020/03/19 00:05:02.532] - eth_blockNumber
[2020/03/19 00:05:13.515] - eth_blockNumber
[2020/03/19 00:05:22.555] - eth_blockNumber
[2020/03/19 00:05:33.540] - eth_blockNumber
[2020/03/19 00:05:42.570] - eth_blockNumber
[2020/03/19 00:05:53.553] - eth_blockNumber
[2020/03/19 00:06:02.588] - eth_blockNumber
[2020/03/19 00:06:13.566] - eth_blockNumber
[2020/03/19 00:06:22.604] - eth_blockNumber
[2020/03/19 00:06:33.581] - eth_blockNumber
[2020/03/19 00:06:42.619] - eth_blockNumber
[2020/03/19 00:06:53.594] - eth_blockNumber
[2020/03/19 00:07:02.638] - eth_blockNumber
[2020/03/19 00:07:13.611] - eth_blockNumber
[2020/03/19 00:07:22.660] - eth_blockNumber
[2020/03/19 00:07:33.624] - eth_blockNumber
[2020/03/19 00:07:42.679] - eth_blockNumber
[2020/03/19 00:07:53.637] - eth_blockNumber
[2020/03/19 00:08:02.692] - eth_blockNumber
[2020/03/19 00:08:13.652] - eth_blockNumber
[2020/03/19 00:08:22.713] - eth_blockNumber
[2020/03/19 00:08:33.678] - eth_blockNumber
[2020/03/19 00:08:42.734] - eth_blockNumber
[2020/03/19 00:08:53.705] - eth_blockNumber
[2020/03/19 00:09:02.748] - eth_blockNumber
[2020/03/19 00:09:13.765] - eth_blockNumber
[2020/03/19 00:09:22.760] - eth_blockNumber
[2020/03/19 00:09:24.854] - net_version
[2020/03/19 00:09:34.585] - eth_blockNumber
[2020/03/19 00:09:42.768] - eth_blockNumber
[2020/03/19 00:09:54.592] - eth_blockNumber
[2020/03/19 00:10:02.775] - eth_blockNumber
[2020/03/19 00:10:16.377] - eth_blockNumber
[2020/03/19 00:10:22.783] - eth_blockNumber
[2020/03/19 00:10:24.280] - net_version
[2020/03/19 00:10:36.453] - eth_blockNumber
[2020/03/19 00:10:42.813] - eth_blockNumber
[2020/03/19 00:10:56.464] - eth_blockNumber
[2020/03/19 00:11:02.852] - eth_blockNumber
[2020/03/19 00:11:16.477] - eth_blockNumber
[2020/03/19 00:11:23.582] - eth_blockNumber
[2020/03/19 00:11:24.800] - eth_getTransactionCount
[2020/03/19 00:11:36.499] - eth_blockNumber
[2020/03/19 00:11:43.640] - eth_blockNumber
[2020/03/19 00:11:56.531] - eth_blockNumber
[2020/03/19 00:12:03.663] - eth_blockNumber
[2020/03/19 00:12:16.550] - eth_blockNumber
[2020/03/19 00:12:23.676] - eth_blockNumber
[2020/03/19 00:12:36.559] - eth_blockNumber
[2020/03/19 00:12:40.211] - net_version
[2020/03/19 00:12:43.687] - eth_blockNumber
[2020/03/19 00:12:54.978] - net_version
[2020/03/19 00:12:56.574] - eth_blockNumber
[2020/03/19 00:13:03.701] - eth_blockNumber
[2020/03/19 00:13:16.596] - eth_blockNumber
[2020/03/19 00:13:23.715] - eth_blockNumber
[2020/03/19 00:13:27.583] - net_version
[2020/03/19 00:13:36.614] - eth_blockNumber
[2020/03/19 00:13:43.732] - eth_blockNumber
[2020/03/19 00:13:56.630] - eth_blockNumber
[2020/03/19 00:14:03.745] - eth_blockNumber
[2020/03/19 00:14:16.658] - eth_blockNumber
[2020/03/19 00:14:23.759] - eth_blockNumber
[2020/03/19 00:14:36.677] - eth_blockNumber
[2020/03/19 00:14:50.161] - net_version
[2020/03/19 00:14:50.162] - eth_blockNumber
[2020/03/19 00:14:50.163] - net_version
[2020/03/19 00:14:50.638] - eth_getBlockByNumber
[2020/03/19 00:14:50.639] - eth_getBlockByNumber
[2020/03/19 00:14:50.643] - eth_getBlockByNumber
[2020/03/19 00:14:50.647] - eth_getBlockByNumber
[2020/03/19 00:14:50.651] - eth_getBlockByNumber
[2020/03/19 00:14:50.652] - eth_getBlockByNumber
[2020/03/19 00:14:50.652] - eth_getBlockByNumber
[2020/03/19 00:14:50.661] - eth_getBlockByNumber
[2020/03/19 00:14:50.663] - eth_getBlockByNumber
[2020/03/19 00:14:50.685] - eth_getBlockByNumber
[2020/03/19 00:14:50.689] - eth_getBlockByNumber
[2020/03/19 00:14:50.692] - eth_getBlockByNumber
[2020/03/19 00:14:50.701] - eth_getBlockByNumber
[2020/03/19 00:14:50.709] - eth_getBlockByNumber
[2020/03/19 00:14:50.713] - eth_getBlockByNumber
[2020/03/19 00:14:50.730] - eth_getBlockByNumber
[2020/03/19 00:14:50.731] - eth_getBlockByNumber
[2020/03/19 00:14:50.741] - eth_getBlockByNumber
[2020/03/19 00:14:50.759] - eth_getBlockByNumber
[2020/03/19 00:14:50.769] - eth_getBlockByNumber
[2020/03/19 00:14:50.780] - eth_getBlockByNumber
[2020/03/19 00:14:50.793] - eth_getBlockByNumber
[2020/03/19 00:14:50.799] - eth_getBlockByNumber
[2020/03/19 00:14:50.813] - eth_getBlockByNumber
[2020/03/19 00:14:50.827] - eth_getBlockByNumber
[2020/03/19 00:14:50.839] - eth_getBlockByNumber
[2020/03/19 00:14:50.860] - eth_getBlockByNumber
[2020/03/19 00:14:50.867] - eth_getBlockByNumber
[2020/03/19 00:14:50.879] - eth_getBlockByNumber
[2020/03/19 00:14:50.885] - eth_getBlockByNumber
[2020/03/19 00:14:50.897] - eth_getBlockByNumber
[2020/03/19 00:14:50.907] - eth_getBlockByNumber
[2020/03/19 00:14:50.921] - eth_getBlockByNumber
[2020/03/19 00:14:50.932] - eth_getBlockByNumber
[2020/03/19 00:14:50.938] - eth_getBlockByNumber
[2020/03/19 00:14:50.951] - eth_getBlockByNumber
[2020/03/19 00:14:50.964] - eth_getBlockByNumber
[2020/03/19 00:14:50.971] - eth_getBlockByNumber
[2020/03/19 00:14:50.980] - eth_getBlockByNumber
[2020/03/19 00:14:50.988] - eth_getBlockByNumber
[2020/03/19 00:14:50.993] - eth_getBlockByNumber
[2020/03/19 00:14:58.886] - eth_getBalance
[2020/03/19 00:15:00.639] - net_version
[2020/03/19 00:15:01.177] - eth_getLogs
[2020/03/19 00:15:01.217] - eth_getLogs
[2020/03/19 00:15:01.238] - eth_getLogs
[2020/03/19 00:15:01.256] - eth_getLogs
[2020/03/19 00:15:10.708] - eth_blockNumber
[2020/03/19 00:15:30.724] - eth_blockNumber
[2020/03/19 00:15:50.739] - eth_blockNumber
[2020/03/19 00:16:10.757] - eth_blockNumber
[2020/03/19 00:16:15.856] - net_version
[2020/03/19 00:16:15.928] - eth_accounts
[2020/03/19 00:16:16.011] - eth_getBalance
[2020/03/19 00:16:16.044] - eth_getBalance
[2020/03/19 00:16:16.066] - eth_getBalance
[2020/03/19 00:16:16.091] - eth_getBalance
[2020/03/19 00:16:16.113] - eth_getBalance
[2020/03/19 00:16:16.144] - eth_getBalance
[2020/03/19 00:16:16.180] - eth_getBalance
[2020/03/19 00:16:16.191] - eth_getBalance
[2020/03/19 00:16:16.201] - eth_getBalance
[2020/03/19 00:16:16.211] - eth_getBalance
[2020/03/19 00:16:16.284] - eth_getLogs
[2020/03/19 00:16:16.284] - eth_subscribe
[2020/03/19 00:16:16.286] - eth_getLogs
[2020/03/19 00:16:16.286] - eth_subscribe
[2020/03/19 00:16:16.289] - eth_subscribe
[2020/03/19 00:16:21.294] - eth_accounts
[2020/03/19 00:16:21.334] - eth_getBalance
[2020/03/19 00:16:21.351] - eth_getBalance
[2020/03/19 00:16:21.367] - eth_getBalance
[2020/03/19 00:16:21.380] - eth_getBalance
[2020/03/19 00:16:21.395] - eth_getBalance
[2020/03/19 00:16:21.412] - eth_getBalance
[2020/03/19 00:16:21.425] - eth_getBalance
[2020/03/19 00:16:21.432] - eth_getBalance
[2020/03/19 00:16:21.441] - eth_getBalance
[2020/03/19 00:16:21.448] - eth_getBalance
[2020/03/19 00:16:26.654] - eth_accounts
[2020/03/19 00:16:26.786] - eth_getBalance
[2020/03/19 00:16:26.814] - eth_getBalance
[2020/03/19 00:16:26.832] - eth_getBalance
[2020/03/19 00:16:26.844] - eth_getBalance
[2020/03/19 00:16:26.857] - eth_getBalance
[2020/03/19 00:16:26.878] - eth_getBalance
[2020/03/19 00:16:26.904] - eth_getBalance
[2020/03/19 00:16:26.921] - eth_getBalance
[2020/03/19 00:16:26.937] - eth_getBalance
[2020/03/19 00:16:26.950] - eth_getBalance
[2020/03/19 00:16:30.772] - eth_blockNumber
[2020/03/19 00:16:31.645] - eth_accounts
[2020/03/19 00:16:31.677] - eth_getBalance
[2020/03/19 00:16:31.704] - eth_getBalance
[2020/03/19 00:16:31.727] - eth_getBalance
[2020/03/19 00:16:31.749] - eth_getBalance
[2020/03/19 00:16:31.774] - eth_getBalance
[2020/03/19 00:16:31.796] - eth_getBalance
[2020/03/19 00:16:31.813] - eth_getBalance
[2020/03/19 00:16:31.829] - eth_getBalance
[2020/03/19 00:16:31.850] - eth_getBalance
[2020/03/19 00:16:31.873] - eth_getBalance
[2020/03/19 00:16:36.696] - eth_accounts
[2020/03/19 00:16:36.759] - eth_getBalance
[2020/03/19 00:16:36.828] - eth_getBalance
[2020/03/19 00:16:36.841] - eth_getBalance
[2020/03/19 00:16:36.896] - eth_getBalance
[2020/03/19 00:16:36.907] - eth_getBalance
[2020/03/19 00:16:36.923] - eth_getBalance
[2020/03/19 00:16:36.938] - eth_getBalance
[2020/03/19 00:16:36.951] - eth_getBalance
[2020/03/19 00:16:36.994] - eth_getBalance
[2020/03/19 00:16:37.011] - eth_getBalance
[2020/03/19 00:16:41.645] - eth_accounts
[2020/03/19 00:16:41.661] - eth_getBalance
[2020/03/19 00:16:41.671] - eth_getBalance
[2020/03/19 00:16:41.693] - eth_getBalance
[2020/03/19 00:16:41.712] - eth_getBalance
[2020/03/19 00:16:41.740] - eth_getBalance
[2020/03/19 00:16:41.769] - eth_getBalance
[2020/03/19 00:16:41.789] - eth_getBalance
[2020/03/19 00:16:41.819] - eth_getBalance
[2020/03/19 00:16:41.837] - eth_getBalance
[2020/03/19 00:16:41.853] - eth_getBalance
[2020/03/19 00:16:46.646] - eth_accounts
[2020/03/19 00:16:46.661] - eth_getBalance
[2020/03/19 00:16:46.681] - eth_getBalance
[2020/03/19 00:16:46.696] - eth_getBalance
[2020/03/19 00:16:46.713] - eth_getBalance
[2020/03/19 00:16:46.730] - eth_getBalance
[2020/03/19 00:16:46.748] - eth_getBalance
[2020/03/19 00:16:46.768] - eth_getBalance
[2020/03/19 00:16:46.784] - eth_getBalance
[2020/03/19 00:16:46.806] - eth_getBalance
[2020/03/19 00:16:46.819] - eth_getBalance
[2020/03/19 00:16:50.796] - eth_blockNumber
[2020/03/19 00:16:51.644] - eth_accounts
[2020/03/19 00:16:51.651] - eth_getBalance
[2020/03/19 00:16:51.658] - eth_getBalance
[2020/03/19 00:16:51.664] - eth_getBalance
[2020/03/19 00:16:51.670] - eth_getBalance
[2020/03/19 00:16:51.678] - eth_getBalance
[2020/03/19 00:16:51.705] - eth_getBalance
[2020/03/19 00:16:51.717] - eth_getBalance
[2020/03/19 00:16:51.738] - eth_getBalance
[2020/03/19 00:16:51.758] - eth_getBalance
[2020/03/19 00:16:51.778] - eth_getBalance
[2020/03/19 00:16:56.645] - eth_accounts
[2020/03/19 00:16:56.660] - eth_getBalance
[2020/03/19 00:16:56.683] - eth_getBalance
[2020/03/19 00:16:56.700] - eth_getBalance
[2020/03/19 00:16:56.719] - eth_getBalance
[2020/03/19 00:16:56.736] - eth_getBalance
[2020/03/19 00:16:56.750] - eth_getBalance
[2020/03/19 00:16:56.768] - eth_getBalance
[2020/03/19 00:16:56.788] - eth_getBalance
[2020/03/19 00:16:56.813] - eth_getBalance
[2020/03/19 00:16:56.834] - eth_getBalance
[2020/03/19 00:17:03.802] - eth_accounts
[2020/03/19 00:17:03.815] - eth_getBalance
[2020/03/19 00:17:03.834] - eth_getBalance
[2020/03/19 00:17:03.853] - eth_getBalance
[2020/03/19 00:17:03.878] - eth_getBalance
[2020/03/19 00:17:03.898] - eth_getBalance
[2020/03/19 00:17:03.926] - eth_getBalance
[2020/03/19 00:17:03.942] - eth_getBalance
[2020/03/19 00:17:03.960] - eth_getBalance
[2020/03/19 00:17:03.986] - eth_getBalance
[2020/03/19 00:17:04.004] - eth_getBalance
[2020/03/19 00:17:08.803] - eth_accounts
[2020/03/19 00:17:08.815] - eth_getBalance
[2020/03/19 00:17:08.824] - eth_getBalance
[2020/03/19 00:17:08.840] - eth_getBalance
[2020/03/19 00:17:08.849] - eth_getBalance
[2020/03/19 00:17:08.860] - eth_getBalance
[2020/03/19 00:17:08.874] - eth_getBalance
[2020/03/19 00:17:08.884] - eth_getBalance
[2020/03/19 00:17:08.926] - eth_getBalance
[2020/03/19 00:17:08.949] - eth_getBalance
[2020/03/19 00:17:08.965] - eth_getBalance
[2020/03/19 00:17:10.813] - eth_blockNumber
[2020/03/19 00:17:13.800] - eth_accounts
[2020/03/19 00:17:13.810] - eth_getBalance
[2020/03/19 00:17:13.819] - eth_getBalance
[2020/03/19 00:17:13.829] - eth_getBalance
[2020/03/19 00:17:13.838] - eth_getBalance
[2020/03/19 00:17:13.849] - eth_getBalance
[2020/03/19 00:17:13.861] - eth_getBalance
[2020/03/19 00:17:13.870] - eth_getBalance
[2020/03/19 00:17:13.879] - eth_getBalance
[2020/03/19 00:17:13.888] - eth_getBalance
[2020/03/19 00:17:13.897] - eth_getBalance
[2020/03/19 00:17:18.801] - eth_accounts
[2020/03/19 00:17:18.818] - eth_getBalance
[2020/03/19 00:17:18.835] - eth_getBalance
[2020/03/19 00:17:18.843] - eth_getBalance
[2020/03/19 00:17:18.852] - eth_getBalance
[2020/03/19 00:17:18.870] - eth_getBalance
[2020/03/19 00:17:18.887] - eth_getBalance
[2020/03/19 00:17:18.897] - eth_getBalance
[2020/03/19 00:17:18.908] - eth_getBalance
[2020/03/19 00:17:18.921] - eth_getBalance
[2020/03/19 00:17:18.938] - eth_getBalance
[2020/03/19 00:17:23.801] - eth_accounts
[2020/03/19 00:17:23.813] - eth_getBalance
[2020/03/19 00:17:23.830] - eth_getBalance
[2020/03/19 00:17:23.841] - eth_getBalance
[2020/03/19 00:17:23.852] - eth_getBalance
[2020/03/19 00:17:23.873] - eth_getBalance
[2020/03/19 00:17:23.897] - eth_getBalance
[2020/03/19 00:17:23.913] - eth_getBalance
[2020/03/19 00:17:23.929] - eth_getBalance
[2020/03/19 00:17:23.944] - eth_getBalance
[2020/03/19 00:17:23.957] - eth_getBalance
[2020/03/19 00:17:28.802] - eth_accounts
[2020/03/19 00:17:28.812] - eth_getBalance
[2020/03/19 00:17:28.826] - eth_getBalance
[2020/03/19 00:17:28.835] - eth_getBalance
[2020/03/19 00:17:28.848] - eth_getBalance
[2020/03/19 00:17:28.857] - eth_getBalance
[2020/03/19 00:17:28.867] - eth_getBalance
[2020/03/19 00:17:28.882] - eth_getBalance
[2020/03/19 00:17:28.893] - eth_getBalance
[2020/03/19 00:17:28.904] - eth_getBalance
[2020/03/19 00:17:28.916] - eth_getBalance
[2020/03/19 00:17:30.825] - eth_blockNumber
[2020/03/19 00:17:33.800] - eth_accounts
[2020/03/19 00:17:33.811] - eth_getBalance
[2020/03/19 00:17:33.818] - eth_getBalance
[2020/03/19 00:17:33.827] - eth_getBalance
[2020/03/19 00:17:33.835] - eth_getBalance
[2020/03/19 00:17:33.843] - eth_getBalance
[2020/03/19 00:17:33.855] - eth_getBalance
[2020/03/19 00:17:33.864] - eth_getBalance
[2020/03/19 00:17:33.879] - eth_getBalance
[2020/03/19 00:17:33.887] - eth_getBalance
[2020/03/19 00:17:33.939] - eth_getBalance
[2020/03/19 00:17:38.800] - eth_accounts
[2020/03/19 00:17:38.809] - eth_getBalance
[2020/03/19 00:17:38.820] - eth_getBalance
[2020/03/19 00:17:38.832] - eth_getBalance
[2020/03/19 00:17:38.840] - eth_getBalance
[2020/03/19 00:17:38.852] - eth_getBalance
[2020/03/19 00:17:38.863] - eth_getBalance
[2020/03/19 00:17:38.872] - eth_getBalance
[2020/03/19 00:17:38.880] - eth_getBalance
[2020/03/19 00:17:38.890] - eth_getBalance
[2020/03/19 00:17:38.903] - eth_getBalance
[2020/03/19 00:17:50.856] - eth_blockNumber
[2020/03/19 00:18:10.891] - eth_blockNumber
[2020/03/19 00:18:30.903] - eth_blockNumber
[2020/03/19 00:18:50.918] - eth_blockNumber
[2020/03/19 00:19:02.995] - eth_getTransactionCount
[2020/03/19 00:19:06.861] - eth_blockNumber
[2020/03/19 00:19:06.866] - net_version
[2020/03/19 00:19:06.971] - eth_getBlockByNumber
[2020/03/19 00:19:06.976] - eth_getBlockByNumber
[2020/03/19 00:19:06.977] - eth_getBalance
[2020/03/19 00:19:06.982] - eth_getLogs
[2020/03/19 00:19:06.986] - eth_getLogs
[2020/03/19 00:19:12.617] - eth_blockNumber
[2020/03/19 00:19:26.980] - eth_blockNumber
[2020/03/19 00:19:40.953] - eth_blockNumber
[2020/03/19 00:19:40.956] - net_version
[2020/03/19 00:19:41.044] - eth_getBlockByNumber
[2020/03/19 00:19:41.048] - eth_getBalance
[2020/03/19 00:19:47.004] - eth_blockNumber
[2020/03/19 00:19:47.690] - net_version
[2020/03/19 00:19:47.990] - eth_getLogs
[2020/03/19 00:19:47.996] - eth_getLogs
[2020/03/19 00:19:47.999] - eth_getLogs
[2020/03/19 00:19:48.007] - eth_getLogs
[2020/03/19 00:19:50.469] - eth_getTransactionCount
[2020/03/19 00:19:59.935] - net_version
[2020/03/19 00:20:01.048] - eth_blockNumber
[2020/03/19 00:20:07.029] - eth_blockNumber
[2020/03/19 00:20:21.061] - eth_blockNumber
[2020/03/19 00:20:27.043] - eth_blockNumber
[2020/03/19 00:20:41.081] - eth_blockNumber
[2020/03/19 00:20:47.056] - eth_blockNumber
[2020/03/19 00:21:01.123] - eth_blockNumber
[2020/03/19 00:21:07.069] - eth_blockNumber
[2020/03/19 00:21:21.147] - eth_blockNumber
[2020/03/19 00:21:27.083] - eth_blockNumber
[2020/03/19 00:21:34.647] - net_version
[2020/03/19 00:21:41.167] - eth_blockNumber
[2020/03/19 00:21:47.097] - eth_blockNumber
[2020/03/19 00:22:01.207] - eth_blockNumber
[2020/03/19 00:22:07.189] - eth_blockNumber
[2020/03/19 00:22:21.237] - eth_blockNumber
[2020/03/19 00:22:27.223] - eth_blockNumber
[2020/03/19 00:22:41.255] - eth_blockNumber
[2020/03/19 00:22:47.245] - eth_blockNumber
[2020/03/19 00:23:01.270] - eth_blockNumber
[2020/03/19 00:23:07.278] - eth_blockNumber
[2020/03/19 00:23:21.282] - eth_blockNumber
[2020/03/19 00:23:27.291] - eth_blockNumber
[2020/03/19 00:23:41.295] - eth_blockNumber
[2020/03/19 00:23:47.304] - eth_blockNumber
[2020/03/19 00:24:01.310] - eth_blockNumber
[2020/03/19 00:24:07.321] - eth_blockNumber
[2020/03/19 00:24:11.433] - net_version
[2020/03/19 00:24:12.216] - eth_getLogs
[2020/03/19 00:24:12.245] - eth_getLogs
[2020/03/19 00:24:21.335] - eth_blockNumber
[2020/03/19 00:24:27.343] - eth_blockNumber
[2020/03/19 00:24:41.363] - eth_blockNumber
[2020/03/19 00:24:47.501] - eth_blockNumber
[2020/03/19 00:24:57.256] - net_version
[2020/03/19 00:25:01.391] - eth_blockNumber
[2020/03/19 00:25:21.458] - eth_blockNumber
[2020/03/19 00:25:41.494] - eth_blockNumber
[2020/03/19 00:26:01.534] - eth_blockNumber
[2020/03/19 00:26:21.554] - eth_blockNumber
[2020/03/19 00:26:41.573] - eth_blockNumber
[2020/03/19 00:27:00.948] - net_version
[2020/03/19 00:27:00.950] - eth_blockNumber
[2020/03/19 00:27:00.953] - net_version
[2020/03/19 00:27:01.135] - eth_getBlockByNumber
[2020/03/19 00:27:01.151] - eth_getBlockByNumber
[2020/03/19 00:27:01.160] - eth_getBlockByNumber
[2020/03/19 00:27:01.167] - eth_getBlockByNumber
[2020/03/19 00:27:01.205] - eth_getBlockByNumber
[2020/03/19 00:27:01.216] - eth_getBlockByNumber
[2020/03/19 00:27:01.218] - eth_getBlockByNumber
[2020/03/19 00:27:01.226] - eth_getBlockByNumber
[2020/03/19 00:27:01.242] - eth_getBlockByNumber
[2020/03/19 00:27:01.245] - eth_getBlockByNumber
[2020/03/19 00:27:01.246] - eth_getBlockByNumber
[2020/03/19 00:27:01.253] - eth_getBlockByNumber
[2020/03/19 00:27:01.272] - eth_getBlockByNumber
[2020/03/19 00:27:01.280] - eth_getBlockByNumber
[2020/03/19 00:27:01.284] - eth_getBlockByNumber
[2020/03/19 00:27:01.290] - eth_getBlockByNumber
[2020/03/19 00:27:01.297] - eth_getBlockByNumber
[2020/03/19 00:27:01.304] - eth_getBlockByNumber
[2020/03/19 00:27:01.310] - eth_getBlockByNumber
[2020/03/19 00:27:01.315] - eth_getBlockByNumber
[2020/03/19 00:27:01.326] - eth_getBlockByNumber
[2020/03/19 00:27:01.327] - eth_getBlockByNumber
[2020/03/19 00:27:01.340] - eth_getBlockByNumber
[2020/03/19 00:27:01.352] - eth_getBlockByNumber
[2020/03/19 00:27:01.354] - eth_getBlockByNumber
[2020/03/19 00:27:01.362] - eth_getBlockByNumber
[2020/03/19 00:27:01.366] - eth_getBlockByNumber
[2020/03/19 00:27:01.380] - eth_getBlockByNumber
[2020/03/19 00:27:01.392] - eth_getBlockByNumber
[2020/03/19 00:27:01.399] - eth_getBlockByNumber
[2020/03/19 00:27:01.414] - eth_getBlockByNumber
[2020/03/19 00:27:01.426] - eth_getBlockByNumber
[2020/03/19 00:27:01.439] - eth_getBlockByNumber
[2020/03/19 00:27:01.453] - eth_getBlockByNumber
[2020/03/19 00:27:01.459] - eth_getBlockByNumber
[2020/03/19 00:27:01.465] - eth_getBlockByNumber
[2020/03/19 00:27:01.469] - eth_getBlockByNumber
[2020/03/19 00:27:01.474] - eth_getBlockByNumber
[2020/03/19 00:27:01.479] - eth_getBlockByNumber
[2020/03/19 00:27:01.492] - eth_getBlockByNumber
[2020/03/19 00:27:01.498] - eth_getBlockByNumber
[2020/03/19 00:27:01.595] - eth_blockNumber
[2020/03/19 00:27:11.295] - eth_getBalance
[2020/03/19 00:27:15.668] - net_version
[2020/03/19 00:27:16.156] - eth_getLogs
[2020/03/19 00:27:16.182] - eth_getLogs
[2020/03/19 00:27:16.199] - eth_getLogs
[2020/03/19 00:27:16.216] - eth_getLogs
[2020/03/19 00:27:21.612] - eth_blockNumber
[2020/03/19 00:27:21.905] - eth_blockNumber
[2020/03/19 00:27:21.916] - eth_getTransactionCount
[2020/03/19 00:27:41.635] - eth_blockNumber
[2020/03/19 00:27:42.315] - eth_blockNumber
[2020/03/19 00:28:01.661] - eth_blockNumber
[2020/03/19 00:28:02.871] - eth_blockNumber
[2020/03/19 00:28:21.698] - eth_blockNumber
[2020/03/19 00:28:22.892] - eth_blockNumber
[2020/03/19 00:28:41.724] - eth_blockNumber
[2020/03/19 00:28:42.909] - eth_blockNumber
[2020/03/19 00:29:01.756] - eth_blockNumber
[2020/03/19 00:29:02.939] - eth_blockNumber
[2020/03/19 00:29:06.025] - net_version
[2020/03/19 00:29:21.795] - eth_blockNumber
[2020/03/19 00:29:22.963] - eth_blockNumber
[2020/03/19 00:29:41.843] - eth_blockNumber
[2020/03/19 00:29:44.220] - eth_blockNumber
[2020/03/19 00:29:44.983] - net_version
[2020/03/19 00:30:01.872] - eth_blockNumber
[2020/03/19 00:30:06.260] - eth_blockNumber
[2020/03/19 00:30:06.376] - net_version
[2020/03/19 00:30:21.896] - eth_blockNumber
[2020/03/19 00:30:26.343] - eth_blockNumber
[2020/03/19 00:30:41.915] - eth_blockNumber
[2020/03/19 00:30:46.368] - eth_blockNumber
[2020/03/19 00:31:01.938] - eth_blockNumber
[2020/03/19 00:31:06.383] - eth_blockNumber
[2020/03/19 00:31:21.955] - eth_blockNumber
[2020/03/19 00:31:26.401] - eth_blockNumber
[2020/03/19 00:31:41.974] - eth_blockNumber
[2020/03/19 00:31:46.628] - eth_blockNumber
[2020/03/19 00:31:46.636] - net_version
[2020/03/19 00:32:01.990] - eth_blockNumber
[2020/03/19 00:32:06.670] - eth_blockNumber
[2020/03/19 00:32:22.004] - eth_blockNumber
[2020/03/19 00:32:26.691] - eth_blockNumber
[2020/03/19 00:32:42.025] - eth_blockNumber
[2020/03/19 00:32:46.740] - eth_blockNumber
[2020/03/19 00:33:02.047] - eth_blockNumber
[2020/03/19 00:33:06.794] - eth_blockNumber
[2020/03/19 00:33:22.060] - eth_blockNumber
[2020/03/19 00:33:26.814] - eth_blockNumber
[2020/03/19 00:33:42.073] - eth_blockNumber
[2020/03/19 00:33:46.829] - eth_blockNumber
[2020/03/19 00:34:02.088] - eth_blockNumber
[2020/03/19 00:34:06.841] - eth_blockNumber
[2020/03/19 00:34:22.102] - eth_blockNumber
[2020/03/19 00:34:26.854] - eth_blockNumber
[2020/03/19 00:34:42.122] - eth_blockNumber
[2020/03/19 00:34:46.871] - eth_blockNumber
[2020/03/19 00:35:02.149] - eth_blockNumber
[2020/03/19 00:35:06.885] - eth_blockNumber
[2020/03/19 00:35:22.163] - eth_blockNumber
[2020/03/19 00:35:26.898] - eth_blockNumber
[2020/03/19 00:35:42.186] - eth_blockNumber
[2020/03/19 00:35:46.911] - eth_blockNumber
[2020/03/19 00:36:02.223] - eth_blockNumber
[2020/03/19 00:36:06.931] - eth_blockNumber
[2020/03/19 00:36:22.231] - net_version
[2020/03/19 00:36:22.240] - eth_blockNumber
[2020/03/19 00:36:27.796] - eth_blockNumber
[2020/03/19 00:36:35.936] - net_version
[2020/03/19 00:36:42.255] - eth_blockNumber
[2020/03/19 00:36:47.837] - eth_blockNumber
[2020/03/19 00:37:02.265] - eth_blockNumber
[2020/03/19 00:37:07.855] - eth_blockNumber
[2020/03/19 00:37:22.285] - eth_blockNumber
[2020/03/19 00:37:23.471] - net_version
[2020/03/19 00:37:27.868] - eth_blockNumber
[2020/03/19 00:37:42.308] - eth_blockNumber
[2020/03/19 00:37:47.880] - eth_blockNumber
[2020/03/19 00:38:02.324] - eth_blockNumber
[2020/03/19 00:38:07.893] - eth_blockNumber
[2020/03/19 00:38:22.341] - eth_blockNumber
[2020/03/19 00:38:27.907] - eth_blockNumber
[2020/03/19 00:38:42.360] - eth_blockNumber
[2020/03/19 00:38:47.922] - eth_blockNumber
[2020/03/19 00:39:02.381] - eth_blockNumber
[2020/03/19 00:39:07.937] - eth_blockNumber
[2020/03/19 00:39:22.394] - eth_blockNumber
[2020/03/19 00:39:26.228] - net_version
[2020/03/19 00:39:28.258] - eth_blockNumber
[2020/03/19 00:39:42.408] - eth_blockNumber
[2020/03/19 00:39:48.620] - eth_blockNumber
[2020/03/19 00:40:02.419] - eth_blockNumber
[2020/03/19 00:40:08.634] - eth_blockNumber
[2020/03/19 00:40:22.429] - eth_blockNumber
[2020/03/19 00:40:28.647] - eth_blockNumber
[2020/03/19 00:40:42.447] - eth_blockNumber
[2020/03/19 00:40:48.674] - eth_blockNumber
[2020/03/19 00:40:52.444] - net_version
[2020/03/19 00:41:02.464] - eth_blockNumber
[2020/03/19 00:41:08.715] - eth_blockNumber
[2020/03/19 00:41:22.042] - net_version
[2020/03/19 00:41:22.477] - eth_blockNumber
[2020/03/19 00:41:28.729] - eth_blockNumber
[2020/03/19 00:41:42.500] - eth_blockNumber
[2020/03/19 00:41:48.705] - eth_call
[2020/03/19 00:41:48.740] - eth_blockNumber
[2020/03/19 00:41:51.012] - eth_call
[2020/03/19 00:41:51.022] - eth_call
[2020/03/19 00:41:51.029] - eth_call
[2020/03/19 00:41:51.051] - eth_call
[2020/03/19 00:41:51.057] - eth_call
[2020/03/19 00:41:51.062] - eth_call
[2020/03/19 00:41:51.114] - eth_call
[2020/03/19 00:41:51.187] - eth_call
[2020/03/19 00:42:02.518] - eth_blockNumber
[2020/03/19 00:42:08.762] - eth_blockNumber
[2020/03/19 00:42:22.525] - eth_blockNumber
[2020/03/19 00:42:28.769] - eth_blockNumber
[2020/03/19 00:42:42.530] - eth_blockNumber
[2020/03/19 00:42:48.776] - eth_blockNumber
[2020/03/19 00:43:02.536] - eth_blockNumber
[2020/03/19 00:43:08.783] - eth_blockNumber
[2020/03/19 00:43:22.542] - eth_blockNumber
[2020/03/19 00:43:25.637] - net_version
[2020/03/19 00:43:28.827] - eth_blockNumber
[2020/03/19 00:43:42.551] - eth_blockNumber
[2020/03/19 00:43:48.914] - eth_blockNumber
[2020/03/19 00:44:02.561] - eth_blockNumber
[2020/03/19 00:44:08.927] - eth_blockNumber
[2020/03/19 00:44:22.572] - eth_blockNumber
[2020/03/19 00:44:28.937] - eth_blockNumber
[2020/03/19 00:44:42.582] - eth_blockNumber
[2020/03/19 00:44:48.957] - eth_blockNumber
[2020/03/19 00:45:02.592] - eth_blockNumber
[2020/03/19 00:45:08.970] - eth_blockNumber
[2020/03/19 00:45:22.603] - eth_blockNumber
[2020/03/19 00:45:28.982] - eth_blockNumber
[2020/03/19 00:45:42.613] - eth_blockNumber
[2020/03/19 00:45:48.995] - eth_blockNumber
[2020/03/19 00:46:02.627] - eth_blockNumber
[2020/03/19 00:46:09.006] - eth_blockNumber
[2020/03/19 00:46:22.639] - eth_blockNumber
[2020/03/19 00:46:29.017] - eth_blockNumber
[2020/03/19 00:46:42.650] - eth_blockNumber
[2020/03/19 00:46:49.028] - eth_blockNumber
[2020/03/19 00:47:02.661] - eth_blockNumber
[2020/03/19 00:47:09.043] - eth_blockNumber
[2020/03/19 00:47:22.674] - eth_blockNumber
[2020/03/19 00:47:29.057] - eth_blockNumber
[2020/03/19 00:47:42.683] - eth_blockNumber
[2020/03/19 00:47:49.075] - eth_blockNumber
[2020/03/19 00:48:02.691] - eth_blockNumber
[2020/03/19 00:48:09.098] - eth_blockNumber
[2020/03/19 00:48:22.703] - eth_blockNumber
[2020/03/19 00:48:29.110] - eth_blockNumber
[2020/03/19 00:48:42.720] - eth_blockNumber
[2020/03/19 00:48:49.123] - eth_blockNumber
[2020/03/19 00:49:02.731] - eth_blockNumber
[2020/03/19 00:49:09.136] - eth_blockNumber
[2020/03/19 00:49:22.741] - eth_blockNumber
[2020/03/19 00:49:29.148] - eth_blockNumber
[2020/03/19 00:49:42.753] - eth_blockNumber
[2020/03/19 00:49:49.172] - eth_blockNumber
[2020/03/19 00:50:02.794] - eth_blockNumber
[2020/03/19 00:50:09.186] - eth_blockNumber
[2020/03/19 00:50:22.812] - eth_blockNumber
[2020/03/19 00:50:29.195] - eth_blockNumber
[2020/03/19 00:50:42.830] - eth_blockNumber
[2020/03/19 00:50:49.206] - eth_blockNumber
[2020/03/19 00:51:02.839] - eth_blockNumber
[2020/03/19 00:51:09.216] - eth_blockNumber
[2020/03/19 00:51:22.856] - eth_blockNumber
[2020/03/19 00:51:29.228] - eth_blockNumber
[2020/03/19 00:51:42.879] - eth_blockNumber
[2020/03/19 00:51:49.241] - eth_blockNumber
[2020/03/19 00:52:02.904] - eth_blockNumber
[2020/03/19 00:52:09.257] - eth_blockNumber
[2020/03/19 00:52:22.914] - eth_blockNumber
[2020/03/19 00:52:29.270] - eth_blockNumber
[2020/03/19 00:52:42.924] - eth_blockNumber
[2020/03/19 00:52:49.284] - eth_blockNumber
[2020/03/19 00:53:02.935] - eth_blockNumber
[2020/03/19 00:53:09.298] - eth_blockNumber
[2020/03/19 00:53:22.951] - eth_blockNumber
[2020/03/19 00:53:29.319] - eth_blockNumber
[2020/03/19 00:53:42.967] - eth_blockNumber
[2020/03/19 00:53:49.333] - eth_blockNumber
[2020/03/19 00:54:02.974] - eth_blockNumber
[2020/03/19 00:54:09.339] - eth_blockNumber
[2020/03/19 00:54:22.981] - eth_blockNumber
[2020/03/19 00:54:29.378] - eth_blockNumber
[2020/03/19 00:54:42.987] - eth_blockNumber
[2020/03/19 00:54:49.542] - eth_blockNumber
[2020/03/19 00:55:02.993] - eth_blockNumber
[2020/03/19 00:55:09.556] - eth_blockNumber
[2020/03/19 00:55:23.002] - eth_blockNumber
[2020/03/19 00:55:29.608] - eth_blockNumber
[2020/03/19 00:55:43.008] - eth_blockNumber
[2020/03/19 00:55:49.631] - eth_blockNumber
[2020/03/19 00:57:15.151] - eth_blockNumber
[2020/03/19 00:57:35.235] - eth_blockNumber
[2020/03/19 00:57:55.245] - eth_blockNumber
[2020/03/19 00:58:15.254] - eth_blockNumber
[2020/03/19 00:58:35.262] - eth_blockNumber
[2020/03/19 00:58:55.273] - eth_blockNumber
[2020/03/19 00:59:15.282] - eth_blockNumber
[2020/03/19 00:59:35.290] - eth_blockNumber
[2020/03/19 00:59:55.308] - eth_blockNumber
[2020/03/19 01:00:15.318] - eth_blockNumber
[2020/03/19 01:00:35.329] - eth_blockNumber
[2020/03/19 01:00:55.340] - eth_blockNumber
[2020/03/19 01:01:15.350] - eth_blockNumber
[2020/03/19 01:01:35.361] - eth_blockNumber
[2020/03/19 01:01:55.375] - eth_blockNumber
[2020/03/19 01:02:15.385] - eth_blockNumber
[2020/03/19 01:02:35.398] - eth_blockNumber
[2020/03/19 01:02:46.377] - eth_unsubscribe
[2020/03/19 01:02:46.377] - eth_unsubscribe
