[2020/03/28 10:43:08.066] - Starting server (version 2.1.2) with initial configuration: {"gasLimit":6721975,"gasPrice":20000000000,"hardfork":"petersburg","hostname":"127.0.0.1","port":7545,"network_id":5777,"default_balance_ether":100,"total_accounts":10,"unlocked_accounts":[],"locked":false,"vmErrorsOnRPCResponse":true,"verbose":false,"db_path":"/home/nash/.config/Ganache/workspaces/identity-wallet/chaindata","logDirectory":"/home/nash/Documents/Projects/Blockchain/Project/identity-wallet/wallet-web-app/logs"}
[2020/03/28 10:43:08.920] - eth_subscribe
[2020/03/28 10:43:08.929] - eth_getLogs
[2020/03/28 10:43:08.931] - eth_subscribe
[2020/03/28 10:43:08.947] - eth_getCode
[2020/03/28 10:43:09.030] - eth_getCode
[2020/03/28 10:43:09.143] - eth_getCode
[2020/03/28 10:43:09.156] - eth_getCode
[2020/03/28 10:43:09.163] - eth_getCode
[2020/03/28 10:43:10.042] - eth_blockNumber
[2020/03/28 10:43:10.043] - eth_accounts
[2020/03/28 10:43:10.043] - eth_gasPrice
[2020/03/28 10:43:10.043] - eth_getBlockByNumber
[2020/03/28 10:43:10.043] - eth_subscribe
[2020/03/28 10:43:10.288] - eth_accounts
[2020/03/28 10:43:10.747] - eth_getBalance
[2020/03/28 10:43:10.811] - eth_getTransactionCount
[2020/03/28 10:43:10.870] - eth_getBalance
[2020/03/28 10:43:10.968] - eth_getTransactionCount
[2020/03/28 10:43:11.013] - eth_getBalance
[2020/03/28 10:43:11.086] - eth_getTransactionCount
[2020/03/28 10:43:11.171] - eth_getBalance
[2020/03/28 10:43:11.320] - eth_getTransactionCount
[2020/03/28 10:43:11.398] - eth_getBalance
[2020/03/28 10:43:11.481] - eth_getTransactionCount
[2020/03/28 10:43:11.510] - eth_getBalance
[2020/03/28 10:43:11.567] - eth_getTransactionCount
[2020/03/28 10:43:11.683] - eth_getBalance
[2020/03/28 10:43:11.764] - eth_getTransactionCount
[2020/03/28 10:43:11.821] - eth_getBalance
[2020/03/28 10:43:11.856] - eth_getTransactionCount
[2020/03/28 10:43:11.891] - eth_getBalance
[2020/03/28 10:43:11.945] - eth_getTransactionCount
[2020/03/28 10:43:12.016] - eth_getBalance
[2020/03/28 10:43:12.213] - eth_getTransactionCount
[2020/03/28 10:43:13.684] - eth_getBalance
[2020/03/28 10:43:13.723] - eth_getTransactionCount
[2020/03/28 10:43:13.758] - eth_getBalance
[2020/03/28 10:43:13.809] - eth_getTransactionCount
[2020/03/28 10:43:13.844] - eth_getBalance
[2020/03/28 10:43:13.869] - eth_getTransactionCount
[2020/03/28 10:43:13.921] - eth_getBalance
[2020/03/28 10:43:13.958] - eth_getTransactionCount
[2020/03/28 10:43:14.010] - eth_getBalance
[2020/03/28 10:43:14.044] - eth_getTransactionCount
[2020/03/28 10:43:14.086] - eth_getBalance
[2020/03/28 10:43:14.153] - eth_getTransactionCount
[2020/03/28 10:43:14.213] - eth_getBalance
[2020/03/28 10:43:14.294] - eth_getTransactionCount
[2020/03/28 10:43:14.368] - eth_getBalance
[2020/03/28 10:43:14.413] - eth_getTransactionCount
[2020/03/28 10:43:14.472] - eth_getBalance
[2020/03/28 10:43:14.541] - eth_getTransactionCount
[2020/03/28 10:43:14.603] - eth_getBalance
[2020/03/28 10:43:14.861] - eth_getTransactionCount
[2020/03/28 10:43:59.824] - net_version
[2020/03/28 10:43:59.826] - eth_blockNumber
[2020/03/28 10:43:59.828] - net_version
[2020/03/28 10:44:00.007] - eth_getBlockByNumber
[2020/03/28 10:44:00.010] - eth_getBlockByNumber
[2020/03/28 10:44:00.025] - eth_getBlockByNumber
[2020/03/28 10:44:00.045] - eth_getBlockByNumber
[2020/03/28 10:44:00.054] - eth_getBlockByNumber
[2020/03/28 10:44:00.070] - eth_getBlockByNumber
[2020/03/28 10:44:00.071] - eth_getBlockByNumber
[2020/03/28 10:44:00.081] - eth_getBlockByNumber
[2020/03/28 10:44:00.086] - eth_getBlockByNumber
[2020/03/28 10:44:00.094] - eth_getBlockByNumber
[2020/03/28 10:44:00.101] - eth_getBlockByNumber
[2020/03/28 10:44:00.115] - eth_getBlockByNumber
[2020/03/28 10:44:00.125] - eth_getBlockByNumber
[2020/03/28 10:44:00.142] - eth_getBlockByNumber
[2020/03/28 10:44:00.148] - eth_getBlockByNumber
[2020/03/28 10:44:00.175] - eth_getBlockByNumber
[2020/03/28 10:44:00.198] - eth_getBlockByNumber
[2020/03/28 10:44:00.219] - eth_getBlockByNumber
[2020/03/28 10:44:00.237] - eth_getBlockByNumber
[2020/03/28 10:44:00.250] - eth_getBlockByNumber
[2020/03/28 10:44:00.258] - eth_getBlockByNumber
[2020/03/28 10:44:00.264] - eth_getBlockByNumber
[2020/03/28 10:44:00.270] - eth_getBlockByNumber
[2020/03/28 10:44:00.276] - eth_getBlockByNumber
[2020/03/28 10:44:00.287] - eth_getBlockByNumber
[2020/03/28 10:44:00.301] - eth_getBlockByNumber
[2020/03/28 10:44:00.312] - eth_getBlockByNumber
[2020/03/28 10:44:00.318] - eth_getBlockByNumber
[2020/03/28 10:44:00.323] - eth_getBlockByNumber
[2020/03/28 10:44:00.331] - eth_getBlockByNumber
[2020/03/28 10:44:00.337] - eth_getBlockByNumber
[2020/03/28 10:44:00.341] - eth_getBlockByNumber
[2020/03/28 10:44:00.350] - eth_getBlockByNumber
[2020/03/28 10:44:00.351] - eth_getBlockByNumber
[2020/03/28 10:44:00.355] - eth_getBlockByNumber
[2020/03/28 10:44:00.364] - eth_getBlockByNumber
[2020/03/28 10:44:00.372] - eth_getBlockByNumber
[2020/03/28 10:44:00.381] - eth_getBlockByNumber
[2020/03/28 10:44:00.390] - eth_getBlockByNumber
[2020/03/28 10:44:00.397] - eth_getBlockByNumber
[2020/03/28 10:44:00.404] - eth_getBlockByNumber
[2020/03/28 10:44:20.131] - eth_blockNumber
[2020/03/28 10:44:40.156] - eth_blockNumber
[2020/03/28 10:45:00.174] - eth_blockNumber
[2020/03/28 10:45:20.437] - eth_getBalance
[2020/03/28 10:45:20.444] - eth_blockNumber
[2020/03/28 10:45:40.578] - eth_blockNumber
[2020/03/28 10:45:51.056] - net_version
[2020/03/28 10:45:51.812] - eth_getLogs
[2020/03/28 10:45:51.867] - eth_getLogs
[2020/03/28 10:45:51.892] - eth_getLogs
[2020/03/28 10:45:51.910] - eth_getLogs
[2020/03/28 10:45:51.929] - eth_call
[2020/03/28 10:45:52.956] - eth_call
[2020/03/28 10:45:52.960] - eth_call
[2020/03/28 10:45:52.961] - eth_call
[2020/03/28 10:45:52.963] - eth_call
[2020/03/28 10:45:52.966] - eth_call
[2020/03/28 10:45:52.972] - eth_call
[2020/03/28 10:45:53.103] - eth_call
[2020/03/28 10:46:00.593] - eth_blockNumber
[2020/03/28 10:46:20.615] - eth_blockNumber
[2020/03/28 10:46:40.633] - eth_blockNumber
[2020/03/28 10:47:00.646] - eth_blockNumber
[2020/03/28 10:47:20.659] - eth_blockNumber
[2020/03/28 10:47:40.672] - eth_blockNumber
[2020/03/28 10:47:51.836] - net_version
[2020/03/28 10:48:00.684] - eth_blockNumber
[2020/03/28 10:48:20.696] - eth_blockNumber
[2020/03/28 10:48:40.718] - eth_blockNumber
[2020/03/28 10:49:00.744] - eth_blockNumber
[2020/03/28 10:49:20.756] - eth_blockNumber
[2020/03/28 10:49:40.768] - eth_blockNumber
[2020/03/28 10:50:00.780] - eth_blockNumber
[2020/03/28 10:50:20.798] - eth_blockNumber
[2020/03/28 10:50:40.823] - eth_blockNumber
[2020/03/28 10:51:00.834] - eth_blockNumber
[2020/03/28 10:51:20.852] - eth_blockNumber
[2020/03/28 10:51:40.868] - eth_blockNumber
[2020/03/28 10:52:00.883] - eth_blockNumber
[2020/03/28 10:52:20.898] - eth_blockNumber
[2020/03/28 10:52:40.910] - eth_blockNumber
[2020/03/28 10:53:00.922] - eth_blockNumber
[2020/03/28 10:53:20.933] - eth_blockNumber
[2020/03/28 10:53:40.945] - eth_blockNumber
[2020/03/28 10:54:00.958] - eth_blockNumber
[2020/03/28 10:54:20.968] - eth_blockNumber
[2020/03/28 10:54:40.980] - eth_blockNumber
[2020/03/28 10:55:00.991] - eth_blockNumber
[2020/03/28 10:55:21.002] - eth_blockNumber
[2020/03/28 10:55:41.013] - eth_blockNumber
[2020/03/28 10:56:01.025] - eth_blockNumber
[2020/03/28 10:56:21.034] - eth_blockNumber
[2020/03/28 10:56:41.045] - eth_blockNumber
[2020/03/28 10:57:01.063] - eth_blockNumber
[2020/03/28 10:57:21.085] - eth_blockNumber
[2020/03/28 10:57:41.097] - eth_blockNumber
[2020/03/28 10:58:01.108] - eth_blockNumber
[2020/03/28 10:58:21.125] - eth_blockNumber
[2020/03/28 10:58:41.139] - eth_blockNumber
[2020/03/28 10:59:01.154] - eth_blockNumber
[2020/03/28 10:59:21.167] - eth_blockNumber
[2020/03/28 10:59:41.178] - eth_blockNumber
[2020/03/28 11:00:01.187] - eth_blockNumber
[2020/03/28 11:00:21.196] - eth_blockNumber
[2020/03/28 11:00:41.208] - eth_blockNumber
[2020/03/28 11:01:01.218] - eth_blockNumber
[2020/03/28 11:01:21.228] - eth_blockNumber
[2020/03/28 11:01:41.240] - eth_blockNumber
[2020/03/28 11:02:01.250] - eth_blockNumber
[2020/03/28 11:02:21.262] - eth_blockNumber
[2020/03/28 11:02:41.273] - eth_blockNumber
[2020/03/28 11:03:01.285] - eth_blockNumber
[2020/03/28 11:03:21.296] - eth_blockNumber
[2020/03/28 11:03:41.307] - eth_blockNumber
[2020/03/28 11:04:01.320] - eth_blockNumber
[2020/03/28 11:04:21.332] - eth_blockNumber
[2020/03/28 11:04:41.344] - eth_blockNumber
[2020/03/28 11:05:01.353] - eth_blockNumber
[2020/03/28 11:05:21.365] - eth_blockNumber
[2020/03/28 11:05:41.376] - eth_blockNumber
[2020/03/28 11:06:01.392] - eth_blockNumber
[2020/03/28 11:06:21.408] - eth_blockNumber
[2020/03/28 11:06:41.418] - eth_blockNumber
[2020/03/28 11:07:01.429] - eth_blockNumber
[2020/03/28 11:07:21.442] - eth_blockNumber
[2020/03/28 11:07:41.453] - eth_blockNumber
[2020/03/28 11:08:01.464] - eth_blockNumber
[2020/03/28 11:08:21.477] - eth_blockNumber
[2020/03/28 11:08:41.489] - eth_blockNumber
[2020/03/28 11:09:01.501] - eth_blockNumber
[2020/03/28 11:09:21.511] - eth_blockNumber
[2020/03/28 11:09:41.525] - eth_blockNumber
[2020/03/28 11:10:01.541] - eth_blockNumber
[2020/03/28 11:10:21.553] - eth_blockNumber
[2020/03/28 11:10:41.566] - eth_blockNumber
[2020/03/28 11:10:44.295] - net_version
[2020/03/28 11:11:01.583] - eth_blockNumber
[2020/03/28 11:11:21.592] - eth_blockNumber
[2020/03/28 11:11:41.600] - eth_blockNumber
[2020/03/28 11:12:01.609] - eth_blockNumber
[2020/03/28 11:12:21.622] - eth_blockNumber
[2020/03/28 11:12:41.633] - eth_blockNumber
[2020/03/28 11:13:01.644] - eth_blockNumber
[2020/03/28 11:13:21.656] - eth_blockNumber
[2020/03/28 11:13:41.665] - eth_blockNumber
[2020/03/28 11:14:01.682] - eth_blockNumber
[2020/03/28 11:14:21.710] - eth_blockNumber
[2020/03/28 11:14:41.728] - eth_blockNumber
[2020/03/28 11:15:01.744] - eth_blockNumber
[2020/03/28 11:15:21.750] - eth_blockNumber
[2020/03/28 11:15:41.759] - eth_blockNumber
[2020/03/28 11:15:52.681] - eth_blockNumber
[2020/03/28 11:15:52.696] - net_version
[2020/03/28 11:15:52.704] - eth_accounts
[2020/03/28 11:15:52.732] - eth_getBlockByNumber
[2020/03/28 11:15:52.741] - eth_accounts
[2020/03/28 11:15:52.809] - eth_getBlockByNumber
[2020/03/28 11:15:52.815] - eth_getBlockByNumber
[2020/03/28 11:15:52.821] - eth_getBlockByNumber
[2020/03/28 11:15:52.830] - eth_estimateGas
[2020/03/28 11:15:54.188] - eth_getBlockByNumber
[2020/03/28 11:15:54.189] - eth_blockNumber
[2020/03/28 11:15:54.203] - eth_sendTransaction
[2020/03/28 11:15:54.236] - 
[2020/03/28 11:15:54.236] -   Transaction: 0xce9862162928d568414c385afb870f5d93f12a6ead4eb3376989e6b37b6c3921
[2020/03/28 11:15:54.236] -   Contract created: 0x1636f93fe22c55b08bdb2589b5ea3ce7345c3bd8
[2020/03/28 11:15:54.236] -   Gas usage: 188483
[2020/03/28 11:15:54.236] -   Block Number: 234
[2020/03/28 11:15:54.236] -   Block Time: Sat Mar 28 2020 11:15:54 GMT+0000 (GMT)
[2020/03/28 11:15:54.237] - 
[2020/03/28 11:15:54.238] - eth_getBlockByNumber
[2020/03/28 11:15:54.238] - eth_getTransactionReceipt
[2020/03/28 11:15:54.250] - eth_getCode
[2020/03/28 11:15:54.262] - eth_getTransactionByHash
[2020/03/28 11:15:54.276] - eth_getBlockByNumber
[2020/03/28 11:15:54.285] - eth_getBalance
[2020/03/28 11:15:54.296] - eth_getBlockByNumber
[2020/03/28 11:15:54.302] - eth_getBlockByNumber
[2020/03/28 11:15:54.308] - eth_sendTransaction
[2020/03/28 11:15:54.332] - 
[2020/03/28 11:15:54.332] -   Transaction: 0x58a71a71c4553357e94eb309cc0506cf10e4675e05a80d5257be4298707f57c1
[2020/03/28 11:15:54.332] -   Gas usage: 42001
[2020/03/28 11:15:54.332] -   Block Number: 235
[2020/03/28 11:15:54.332] -   Block Time: Sat Mar 28 2020 11:15:54 GMT+0000 (GMT)
[2020/03/28 11:15:54.332] - 
[2020/03/28 11:15:54.333] - eth_getBlockByNumber
[2020/03/28 11:15:54.336] - eth_getTransactionReceipt
[2020/03/28 11:15:54.356] - eth_getBlockByNumber
[2020/03/28 11:15:54.361] - eth_accounts
[2020/03/28 11:15:54.416] - eth_getBlockByNumber
[2020/03/28 11:15:54.423] - eth_getBlockByNumber
[2020/03/28 11:15:54.427] - eth_getBlockByNumber
[2020/03/28 11:15:54.432] - eth_estimateGas
[2020/03/28 11:15:54.455] - eth_getBlockByNumber
[2020/03/28 11:15:54.457] - eth_blockNumber
[2020/03/28 11:15:54.469] - eth_sendTransaction
[2020/03/28 11:15:54.519] - 
[2020/03/28 11:15:54.519] -   Transaction: 0x72cf0ec2be8dbbec50ff7618aa95974ec9aa3fd99684eb16de454f25d61f3efa
[2020/03/28 11:15:54.520] -   Contract created: 0x21ce3178cfef15b24c7fca5383a90dae19232a5e
[2020/03/28 11:15:54.521] -   Gas usage: 394012
[2020/03/28 11:15:54.522] -   Block Number: 236
[2020/03/28 11:15:54.523] -   Block Time: Sat Mar 28 2020 11:15:54 GMT+0000 (GMT)
[2020/03/28 11:15:54.523] - 
[2020/03/28 11:15:54.524] - eth_getBalance
[2020/03/28 11:15:54.525] - eth_getTransactionReceipt
[2020/03/28 11:15:54.533] - eth_getCode
[2020/03/28 11:15:54.538] - eth_getTransactionByHash
[2020/03/28 11:15:54.546] - eth_getBlockByNumber
[2020/03/28 11:15:54.553] - eth_getBlockByNumber
[2020/03/28 11:15:54.563] - eth_getBalance
[2020/03/28 11:15:54.625] - eth_getBlockByNumber
[2020/03/28 11:15:54.654] - eth_getBlockByNumber
[2020/03/28 11:15:54.664] - eth_sendTransaction
[2020/03/28 11:15:54.712] - eth_getTransactionCount
[2020/03/28 11:15:54.722] - 
[2020/03/28 11:15:54.722] -   Transaction: 0x8e85ab2978af551e43e8c8ece1a6ef736b7c1e7bc49a9c71a4b7cf1e38cf2307
[2020/03/28 11:15:54.722] -   Gas usage: 27001
[2020/03/28 11:15:54.722] -   Block Number: 237
[2020/03/28 11:15:54.722] -   Block Time: Sat Mar 28 2020 11:15:54 GMT+0000 (GMT)
[2020/03/28 11:15:54.722] - 
[2020/03/28 11:15:54.725] - eth_getBlockByNumber
[2020/03/28 11:15:54.729] - eth_getTransactionReceipt
[2020/03/28 11:15:54.764] - eth_getBlockByNumber
[2020/03/28 11:15:54.773] - eth_accounts
[2020/03/28 11:15:54.811] - eth_getBalance
[2020/03/28 11:15:54.842] - eth_getBlockByNumber
[2020/03/28 11:15:54.854] - eth_getBlockByNumber
[2020/03/28 11:15:54.868] - eth_getBlockByNumber
[2020/03/28 11:15:54.874] - eth_getTransactionCount
[2020/03/28 11:15:54.875] - eth_estimateGas
[2020/03/28 11:15:54.904] - eth_getBlockByNumber
[2020/03/28 11:15:54.905] - eth_blockNumber
[2020/03/28 11:15:54.905] - eth_getBalance
[2020/03/28 11:15:54.910] - eth_sendTransaction
[2020/03/28 11:15:54.952] - 
[2020/03/28 11:15:54.952] -   Transaction: 0x98b3169bebe2923a713ceb28234d741c4d51cf76285d0928d94d84735f85777d
[2020/03/28 11:15:54.953] -   Contract created: 0x21657228c6a3be7e6e1fcac7c6e242d6b29c6447
[2020/03/28 11:15:54.953] -   Gas usage: 1535224
[2020/03/28 11:15:54.953] -   Block Number: 238
[2020/03/28 11:15:54.954] -   Block Time: Sat Mar 28 2020 11:15:54 GMT+0000 (GMT)
[2020/03/28 11:15:54.954] - 
[2020/03/28 11:15:54.955] - eth_getTransactionReceipt
[2020/03/28 11:15:54.961] - eth_getCode
[2020/03/28 11:15:54.970] - eth_getTransactionByHash
[2020/03/28 11:15:54.975] - eth_getTransactionCount
[2020/03/28 11:15:54.980] - eth_getBlockByNumber
[2020/03/28 11:15:54.986] - eth_getBalance
[2020/03/28 11:15:55.036] - eth_getBlockByNumber
[2020/03/28 11:15:55.055] - eth_getBalance
[2020/03/28 11:15:55.055] - eth_getBlockByNumber
[2020/03/28 11:15:55.056] - eth_getBlockByNumber
[2020/03/28 11:15:55.074] - eth_sendTransaction
[2020/03/28 11:15:55.109] - 
[2020/03/28 11:15:55.109] -   Transaction: 0xdda30297d005de28db966efd7502984b820526320f92090f00be9d5c16369458
[2020/03/28 11:15:55.109] -   Gas usage: 27001
[2020/03/28 11:15:55.109] -   Block Number: 239
[2020/03/28 11:15:55.110] -   Block Time: Sat Mar 28 2020 11:15:55 GMT+0000 (GMT)
[2020/03/28 11:15:55.110] - 
[2020/03/28 11:15:55.110] - eth_getBlockByNumber
[2020/03/28 11:15:55.112] - eth_getTransactionReceipt
[2020/03/28 11:15:55.148] - eth_getBlockByNumber
[2020/03/28 11:15:55.160] - eth_accounts
[2020/03/28 11:15:55.169] - eth_getTransactionCount
[2020/03/28 11:15:55.237] - eth_getBlockByNumber
[2020/03/28 11:15:55.240] - eth_getBlockByNumber
[2020/03/28 11:15:55.244] - eth_getBlockByNumber
[2020/03/28 11:15:55.249] - eth_estimateGas
[2020/03/28 11:15:55.257] - eth_getBalance
[2020/03/28 11:15:55.294] - eth_getBlockByNumber
[2020/03/28 11:15:55.295] - eth_blockNumber
[2020/03/28 11:15:55.300] - eth_sendTransaction
[2020/03/28 11:15:55.302] - eth_getTransactionCount
[2020/03/28 11:15:55.335] - 
[2020/03/28 11:15:55.336] -   Transaction: 0x448c0ffe5701309f62b3890d80e614891de07a1265dabdcddbf8263771ed47ef
[2020/03/28 11:15:55.336] -   Contract created: 0x698b595d2f76e8bc7ee42df6146e18219e407fe3
[2020/03/28 11:15:55.336] -   Gas usage: 1202887
[2020/03/28 11:15:55.337] -   Block Number: 240
[2020/03/28 11:15:55.337] -   Block Time: Sat Mar 28 2020 11:15:55 GMT+0000 (GMT)
[2020/03/28 11:15:55.337] - 
[2020/03/28 11:15:55.343] - eth_getTransactionReceipt
[2020/03/28 11:15:55.352] - eth_getCode
[2020/03/28 11:15:55.360] - eth_getTransactionByHash
[2020/03/28 11:15:55.365] - eth_getBlockByNumber
[2020/03/28 11:15:55.373] - eth_getBalance
[2020/03/28 11:15:55.375] - eth_getBalance
[2020/03/28 11:15:55.405] - eth_getBlockByNumber
[2020/03/28 11:15:55.442] - eth_getBlockByNumber
[2020/03/28 11:15:55.454] - eth_getBlockByNumber
[2020/03/28 11:15:55.463] - eth_sendTransaction
[2020/03/28 11:15:55.473] - eth_getTransactionCount
[2020/03/28 11:15:55.500] - 
[2020/03/28 11:15:55.501] -   Transaction: 0xfde1f6cadda6ee71dad1ac883ecbaaa787af36f47bcb56e80cfd63127e6c04d8
[2020/03/28 11:15:55.502] -   Gas usage: 27001
[2020/03/28 11:15:55.502] -   Block Number: 241
[2020/03/28 11:15:55.503] -   Block Time: Sat Mar 28 2020 11:15:55 GMT+0000 (GMT)
[2020/03/28 11:15:55.503] - 
[2020/03/28 11:15:55.504] - eth_getBlockByNumber
[2020/03/28 11:15:55.508] - eth_getTransactionReceipt
[2020/03/28 11:15:55.545] - eth_getBalance
[2020/03/28 11:15:55.725] - eth_getTransactionCount
[2020/03/28 11:15:55.773] - eth_getBalance
[2020/03/28 11:15:55.805] - eth_getTransactionCount
[2020/03/28 11:15:55.837] - eth_getBalance
[2020/03/28 11:15:55.871] - eth_getTransactionCount
[2020/03/28 11:15:55.902] - eth_getBalance
[2020/03/28 11:15:55.933] - eth_getTransactionCount
[2020/03/28 11:15:56.000] - eth_getBalance
[2020/03/28 11:15:56.029] - eth_getTransactionCount
[2020/03/28 11:15:56.059] - eth_getBalance
[2020/03/28 11:15:56.096] - eth_getTransactionCount
[2020/03/28 11:15:56.125] - eth_getBalance
[2020/03/28 11:15:56.188] - eth_getTransactionCount
[2020/03/28 11:15:56.255] - eth_getBalance
[2020/03/28 11:15:56.286] - eth_getTransactionCount
[2020/03/28 11:15:56.321] - eth_getBalance
[2020/03/28 11:15:56.352] - eth_getTransactionCount
[2020/03/28 11:15:56.383] - eth_getBalance
[2020/03/28 11:15:56.406] - eth_getTransactionCount
[2020/03/28 11:15:56.440] - eth_getBalance
[2020/03/28 11:15:56.474] - eth_getTransactionCount
[2020/03/28 11:15:56.504] - eth_getBalance
[2020/03/28 11:15:56.532] - eth_getTransactionCount
[2020/03/28 11:15:56.562] - eth_getBalance
[2020/03/28 11:15:56.601] - eth_getTransactionCount
[2020/03/28 11:15:56.644] - eth_getBalance
[2020/03/28 11:15:56.704] - eth_getTransactionCount
[2020/03/28 11:16:01.519] - eth_getBalance
[2020/03/28 11:16:01.570] - eth_getTransactionCount
[2020/03/28 11:16:01.619] - eth_getBalance
[2020/03/28 11:16:01.668] - eth_getTransactionCount
[2020/03/28 11:16:01.712] - eth_getBalance
[2020/03/28 11:16:01.767] - eth_blockNumber
[2020/03/28 11:16:01.772] - eth_getTransactionCount
[2020/03/28 11:16:01.774] - eth_getBlockByNumber
[2020/03/28 11:16:01.777] - eth_getBlockByNumber
[2020/03/28 11:16:01.777] - eth_getBlockByNumber
[2020/03/28 11:16:01.780] - eth_getBlockByNumber
[2020/03/28 11:16:01.780] - eth_getBlockByNumber
[2020/03/28 11:16:01.781] - eth_getBlockByNumber
[2020/03/28 11:16:01.783] - eth_getBlockByNumber
[2020/03/28 11:16:01.786] - eth_getBlockByNumber
[2020/03/28 11:16:01.787] - eth_getBlockByNumber
[2020/03/28 11:16:01.790] - eth_getLogs
[2020/03/28 11:16:01.867] - eth_getBalance
[2020/03/28 11:16:01.882] - eth_getBlockByNumber
[2020/03/28 11:16:01.889] - eth_getBlockByNumber
[2020/03/28 11:16:01.896] - eth_getBlockByNumber
[2020/03/28 11:16:01.901] - eth_getBlockByNumber
[2020/03/28 11:16:01.906] - eth_getBlockByNumber
[2020/03/28 11:16:01.907] - eth_getBlockByNumber
[2020/03/28 11:16:01.916] - eth_getBlockByNumber
[2020/03/28 11:16:01.926] - eth_getTransactionCount
[2020/03/28 11:16:01.979] - eth_getBalance
[2020/03/28 11:16:02.017] - eth_getTransactionCount
[2020/03/28 11:16:02.056] - eth_getBalance
[2020/03/28 11:16:02.095] - eth_getTransactionCount
[2020/03/28 11:16:02.141] - eth_getBalance
[2020/03/28 11:16:02.187] - eth_getTransactionCount
[2020/03/28 11:16:02.253] - eth_getBalance
[2020/03/28 11:16:02.323] - eth_getTransactionCount
[2020/03/28 11:16:02.359] - eth_getBalance
[2020/03/28 11:16:02.398] - eth_getTransactionCount
[2020/03/28 11:16:02.436] - eth_getBalance
[2020/03/28 11:16:02.473] - eth_getTransactionCount
[2020/03/28 11:16:03.440] - eth_getBalance
[2020/03/28 11:16:03.477] - eth_getTransactionCount
[2020/03/28 11:16:03.519] - eth_getBalance
[2020/03/28 11:16:03.561] - eth_getTransactionCount
[2020/03/28 11:16:03.600] - eth_getBalance
[2020/03/28 11:16:03.638] - eth_getTransactionCount
[2020/03/28 11:16:03.676] - eth_getBalance
[2020/03/28 11:16:03.715] - eth_getTransactionCount
[2020/03/28 11:16:03.762] - eth_getBalance
[2020/03/28 11:16:03.801] - eth_getTransactionCount
[2020/03/28 11:16:03.839] - eth_getBalance
[2020/03/28 11:16:03.878] - eth_getTransactionCount
[2020/03/28 11:16:03.916] - eth_getBalance
[2020/03/28 11:16:03.954] - eth_getTransactionCount
[2020/03/28 11:16:03.993] - eth_getBalance
[2020/03/28 11:16:04.031] - eth_getTransactionCount
[2020/03/28 11:16:04.073] - eth_getBalance
[2020/03/28 11:16:04.113] - eth_getTransactionCount
[2020/03/28 11:16:04.161] - eth_getBalance
[2020/03/28 11:16:04.200] - eth_getTransactionCount
[2020/03/28 11:16:04.739] - eth_getBalance
[2020/03/28 11:16:04.778] - eth_getTransactionCount
[2020/03/28 11:16:04.817] - eth_getBalance
[2020/03/28 11:16:04.855] - eth_getTransactionCount
[2020/03/28 11:16:04.894] - eth_getBalance
[2020/03/28 11:16:04.933] - eth_getBalance
[2020/03/28 11:16:04.972] - eth_getTransactionCount
[2020/03/28 11:16:05.010] - eth_getBalance
[2020/03/28 11:16:05.049] - eth_getTransactionCount
[2020/03/28 11:16:05.088] - eth_getBalance
[2020/03/28 11:16:05.130] - eth_getTransactionCount
[2020/03/28 11:16:05.174] - eth_getBalance
[2020/03/28 11:16:05.222] - eth_getTransactionCount
[2020/03/28 11:16:05.260] - eth_getBalance
[2020/03/28 11:16:05.299] - eth_getTransactionCount
[2020/03/28 11:16:05.337] - eth_getBalance
[2020/03/28 11:16:05.375] - eth_getTransactionCount
[2020/03/28 11:16:05.413] - eth_getBalance
[2020/03/28 11:16:05.452] - eth_getTransactionCount
[2020/03/28 11:16:05.826] - eth_getBalance
[2020/03/28 11:16:05.865] - eth_getTransactionCount
[2020/03/28 11:16:05.904] - eth_getBalance
[2020/03/28 11:16:05.944] - eth_getTransactionCount
[2020/03/28 11:16:05.986] - eth_getBalance
[2020/03/28 11:16:06.026] - eth_getTransactionCount
[2020/03/28 11:16:06.066] - eth_getBalance
[2020/03/28 11:16:06.105] - eth_getTransactionCount
[2020/03/28 11:16:06.151] - eth_getBalance
[2020/03/28 11:16:06.200] - eth_getTransactionCount
[2020/03/28 11:16:06.239] - eth_getBalance
[2020/03/28 11:16:06.277] - eth_getTransactionCount
[2020/03/28 11:16:06.315] - eth_getBalance
[2020/03/28 11:16:06.354] - eth_getTransactionCount
[2020/03/28 11:16:06.393] - eth_getBalance
[2020/03/28 11:16:06.432] - eth_getTransactionCount
[2020/03/28 11:16:06.471] - eth_getBalance
[2020/03/28 11:16:06.509] - eth_getTransactionCount
[2020/03/28 11:16:06.548] - eth_getBalance
[2020/03/28 11:16:06.586] - eth_getTransactionCount
[2020/03/28 11:16:06.628] - eth_getBalance
[2020/03/28 11:16:06.682] - eth_getTransactionCount
[2020/03/28 11:16:06.721] - eth_getBalance
[2020/03/28 11:16:06.760] - eth_getTransactionCount
[2020/03/28 11:16:06.799] - eth_getBalance
[2020/03/28 11:16:06.837] - eth_getTransactionCount
[2020/03/28 11:16:06.875] - eth_getBalance
[2020/03/28 11:16:06.914] - eth_getTransactionCount
[2020/03/28 11:16:06.953] - eth_getBalance
[2020/03/28 11:16:06.992] - eth_getTransactionCount
[2020/03/28 11:16:07.031] - eth_getBalance
[2020/03/28 11:16:07.069] - eth_getTransactionCount
[2020/03/28 11:16:07.108] - eth_getBalance
[2020/03/28 11:16:07.163] - eth_getTransactionCount
[2020/03/28 11:16:07.202] - eth_getBalance
[2020/03/28 11:16:07.241] - eth_getTransactionCount
[2020/03/28 11:16:07.279] - eth_getBalance
[2020/03/28 11:16:07.325] - eth_getTransactionCount
[2020/03/28 11:16:07.410] - eth_getBalance
[2020/03/28 11:16:07.445] - eth_getTransactionCount
[2020/03/28 11:16:07.490] - eth_unsubscribe
[2020/03/28 11:16:07.490] - eth_unsubscribe
[2020/03/28 11:16:07.888] - Warning: stopMining called when miner was already stopped
