[2020/03/26 18:12:39.817] - Starting server (version 2.1.2) with initial configuration: {"gasLimit":6721975,"gasPrice":20000000000,"hardfork":"petersburg","hostname":"127.0.0.1","port":7545,"network_id":5777,"default_balance_ether":100,"total_accounts":10,"unlocked_accounts":[],"locked":false,"vmErrorsOnRPCResponse":true,"verbose":false,"db_path":"/home/nash/.config/Ganache/workspaces/identity-wallet/chaindata","logDirectory":"/home/nash/Documents/Projects/Blockchain/Project/identity-wallet/wallet-web-app/logs"}
[2020/03/26 18:12:40.026] - eth_getCode
[2020/03/26 18:12:40.028] - eth_subscribe
[2020/03/26 18:12:40.028] - eth_getLogs
[2020/03/26 18:12:40.031] - eth_subscribe
[2020/03/26 18:12:40.043] - eth_getCode
[2020/03/26 18:12:40.069] - eth_getCode
[2020/03/26 18:12:40.078] - eth_getCode
[2020/03/26 18:12:40.083] - eth_getCode
[2020/03/26 18:12:40.409] - eth_blockNumber
[2020/03/26 18:12:40.425] - eth_getBlockByNumber
[2020/03/26 18:12:40.430] - eth_getBlockByNumber
[2020/03/26 18:12:40.430] - eth_getBlockByNumber
[2020/03/26 18:12:40.431] - eth_getBlockByNumber
[2020/03/26 18:12:40.431] - eth_getBlockByNumber
[2020/03/26 18:12:40.437] - eth_getBlockByNumber
[2020/03/26 18:12:40.437] - eth_getBlockByNumber
[2020/03/26 18:12:40.438] - eth_getBlockByNumber
[2020/03/26 18:12:40.441] - eth_getBlockByNumber
[2020/03/26 18:12:40.444] - eth_getBlockByNumber
[2020/03/26 18:12:40.448] - eth_getBlockByNumber
[2020/03/26 18:12:40.452] - eth_getBlockByNumber
[2020/03/26 18:12:40.456] - eth_getBlockByNumber
[2020/03/26 18:12:40.466] - eth_getBlockByNumber
[2020/03/26 18:12:40.470] - eth_getBlockByNumber
[2020/03/26 18:12:40.474] - eth_getBlockByNumber
[2020/03/26 18:12:40.478] - eth_getBlockByNumber
[2020/03/26 18:12:40.481] - eth_getBlockByNumber
[2020/03/26 18:12:40.484] - eth_getBlockByNumber
[2020/03/26 18:12:40.489] - eth_getBlockByNumber
[2020/03/26 18:12:40.493] - eth_getBlockByNumber
[2020/03/26 18:12:40.496] - eth_getBlockByNumber
[2020/03/26 18:12:40.500] - eth_getBlockByNumber
[2020/03/26 18:12:40.503] - eth_getBlockByNumber
[2020/03/26 18:12:40.507] - eth_getBlockByNumber
[2020/03/26 18:12:40.511] - eth_getBlockByNumber
[2020/03/26 18:12:40.515] - eth_getBlockByNumber
[2020/03/26 18:12:40.518] - eth_getBlockByNumber
[2020/03/26 18:12:40.521] - eth_getBlockByNumber
[2020/03/26 18:12:40.524] - eth_getBlockByNumber
[2020/03/26 18:12:40.527] - eth_getBlockByNumber
[2020/03/26 18:12:40.530] - eth_getBlockByNumber
[2020/03/26 18:12:40.533] - eth_getBlockByNumber
[2020/03/26 18:12:40.536] - eth_getBlockByNumber
[2020/03/26 18:12:40.539] - eth_getBlockByNumber
[2020/03/26 18:12:40.543] - eth_getBlockByNumber
[2020/03/26 18:12:40.548] - eth_getBlockByNumber
[2020/03/26 18:12:40.552] - eth_getBlockByNumber
[2020/03/26 18:12:40.556] - eth_getBlockByNumber
[2020/03/26 18:12:40.560] - eth_getBlockByNumber
[2020/03/26 18:12:40.564] - eth_getBlockByNumber
[2020/03/26 18:12:40.671] - eth_blockNumber
[2020/03/26 18:12:40.672] - eth_accounts
[2020/03/26 18:12:40.672] - eth_gasPrice
[2020/03/26 18:12:40.673] - eth_getBlockByNumber
[2020/03/26 18:12:40.706] - eth_subscribe
[2020/03/26 18:12:42.132] - eth_accounts
[2020/03/26 18:12:42.287] - eth_getBalance
[2020/03/26 18:12:42.320] - eth_getTransactionCount
[2020/03/26 18:12:42.351] - eth_getBalance
[2020/03/26 18:12:42.382] - eth_getTransactionCount
[2020/03/26 18:12:42.415] - eth_getBalance
[2020/03/26 18:12:42.447] - eth_getTransactionCount
[2020/03/26 18:12:42.478] - eth_getBalance
[2020/03/26 18:12:42.514] - eth_getTransactionCount
[2020/03/26 18:12:42.587] - eth_getBalance
[2020/03/26 18:12:42.619] - eth_getTransactionCount
[2020/03/26 18:12:42.651] - eth_getBalance
[2020/03/26 18:12:42.681] - eth_getTransactionCount
[2020/03/26 18:12:42.704] - eth_getBalance
[2020/03/26 18:12:42.734] - eth_getTransactionCount
[2020/03/26 18:12:42.763] - eth_getBalance
[2020/03/26 18:12:42.794] - eth_getTransactionCount
[2020/03/26 18:12:42.824] - eth_getBalance
[2020/03/26 18:12:42.854] - eth_getTransactionCount
[2020/03/26 18:12:42.883] - eth_getBalance
[2020/03/26 18:12:42.915] - eth_getTransactionCount
[2020/03/26 18:12:43.298] - eth_getBalance
[2020/03/26 18:12:43.328] - eth_getTransactionCount
[2020/03/26 18:12:43.357] - eth_getBalance
[2020/03/26 18:12:43.386] - eth_getTransactionCount
[2020/03/26 18:12:43.417] - eth_getBalance
[2020/03/26 18:12:43.460] - eth_getTransactionCount
[2020/03/26 18:12:43.521] - eth_getBalance
[2020/03/26 18:12:43.564] - eth_getTransactionCount
[2020/03/26 18:12:43.596] - eth_getBalance
[2020/03/26 18:12:43.631] - eth_getTransactionCount
[2020/03/26 18:12:43.661] - eth_getBalance
[2020/03/26 18:12:43.691] - eth_getTransactionCount
[2020/03/26 18:12:43.720] - eth_getBalance
[2020/03/26 18:12:43.750] - eth_getTransactionCount
[2020/03/26 18:12:43.780] - eth_getBalance
[2020/03/26 18:12:43.809] - eth_getTransactionCount
[2020/03/26 18:12:43.839] - eth_getBalance
[2020/03/26 18:12:43.861] - eth_getTransactionCount
[2020/03/26 18:12:43.893] - eth_getBalance
[2020/03/26 18:12:43.939] - eth_getTransactionCount
[2020/03/26 18:13:00.453] - eth_blockNumber
[2020/03/26 18:13:20.462] - eth_blockNumber
[2020/03/26 18:13:40.470] - eth_blockNumber
[2020/03/26 18:14:00.481] - eth_blockNumber
[2020/03/26 18:14:20.491] - eth_blockNumber
[2020/03/26 18:14:40.503] - eth_blockNumber
[2020/03/26 18:15:00.515] - eth_blockNumber
[2020/03/26 18:15:20.527] - eth_blockNumber
[2020/03/26 18:15:40.539] - eth_blockNumber
[2020/03/26 18:16:00.550] - eth_blockNumber
[2020/03/26 18:16:20.563] - eth_blockNumber
[2020/03/26 18:16:40.577] - eth_blockNumber
[2020/03/26 18:17:00.586] - eth_blockNumber
[2020/03/26 18:17:20.595] - eth_blockNumber
[2020/03/26 18:17:40.606] - eth_blockNumber
[2020/03/26 18:18:00.617] - eth_blockNumber
[2020/03/26 18:18:20.626] - eth_blockNumber
[2020/03/26 18:18:40.633] - eth_blockNumber
[2020/03/26 18:19:00.649] - eth_blockNumber
[2020/03/26 18:19:20.665] - eth_blockNumber
[2020/03/26 18:19:40.675] - eth_blockNumber
[2020/03/26 18:20:00.688] - eth_blockNumber
[2020/03/26 18:20:15.485] - net_version
[2020/03/26 18:20:15.486] - net_version
[2020/03/26 18:20:15.486] - eth_blockNumber
[2020/03/26 18:20:15.825] - eth_getBlockByNumber
[2020/03/26 18:20:15.826] - eth_getBlockByNumber
[2020/03/26 18:20:15.829] - eth_getBlockByNumber
[2020/03/26 18:20:15.840] - eth_getBlockByNumber
[2020/03/26 18:20:15.843] - eth_getBlockByNumber
[2020/03/26 18:20:15.846] - eth_getBlockByNumber
[2020/03/26 18:20:15.857] - eth_getBlockByNumber
[2020/03/26 18:20:15.866] - eth_getBlockByNumber
[2020/03/26 18:20:15.874] - eth_getBlockByNumber
[2020/03/26 18:20:15.886] - eth_getBlockByNumber
[2020/03/26 18:20:15.902] - eth_getBlockByNumber
[2020/03/26 18:20:15.913] - eth_getBlockByNumber
[2020/03/26 18:20:15.931] - eth_getBlockByNumber
[2020/03/26 18:20:15.950] - eth_getBlockByNumber
[2020/03/26 18:20:15.952] - eth_getBlockByNumber
[2020/03/26 18:20:15.963] - eth_getBlockByNumber
[2020/03/26 18:20:15.970] - eth_getBlockByNumber
[2020/03/26 18:20:15.977] - eth_getBlockByNumber
[2020/03/26 18:20:15.984] - eth_getBlockByNumber
[2020/03/26 18:20:15.997] - eth_getBlockByNumber
[2020/03/26 18:20:16.000] - eth_getBlockByNumber
[2020/03/26 18:20:16.008] - eth_getBlockByNumber
[2020/03/26 18:20:16.017] - eth_getBlockByNumber
[2020/03/26 18:20:16.027] - eth_getBlockByNumber
[2020/03/26 18:20:16.028] - eth_getBlockByNumber
[2020/03/26 18:20:16.031] - eth_getBlockByNumber
[2020/03/26 18:20:16.036] - eth_getBlockByNumber
[2020/03/26 18:20:16.039] - eth_getBlockByNumber
[2020/03/26 18:20:16.043] - eth_getBlockByNumber
[2020/03/26 18:20:16.046] - eth_getBlockByNumber
[2020/03/26 18:20:16.049] - eth_getBlockByNumber
[2020/03/26 18:20:16.052] - eth_getBlockByNumber
[2020/03/26 18:20:16.056] - eth_getBlockByNumber
[2020/03/26 18:20:16.059] - eth_getBlockByNumber
[2020/03/26 18:20:16.062] - eth_getBlockByNumber
[2020/03/26 18:20:16.069] - eth_getBlockByNumber
[2020/03/26 18:20:16.073] - eth_getBlockByNumber
[2020/03/26 18:20:16.079] - eth_getBlockByNumber
[2020/03/26 18:20:16.082] - eth_getBlockByNumber
[2020/03/26 18:20:16.086] - eth_getBlockByNumber
[2020/03/26 18:20:16.090] - eth_getBlockByNumber
[2020/03/26 18:20:20.697] - eth_blockNumber
[2020/03/26 18:20:25.595] - eth_getBalance
[2020/03/26 18:20:27.270] - net_version
[2020/03/26 18:20:27.489] - eth_getLogs
[2020/03/26 18:20:27.501] - eth_getLogs
[2020/03/26 18:20:27.509] - eth_getLogs
[2020/03/26 18:20:27.519] - eth_getLogs
[2020/03/26 18:20:27.532] - eth_call
[2020/03/26 18:20:28.107] - eth_call
[2020/03/26 18:20:28.112] - eth_call
[2020/03/26 18:20:28.117] - eth_call
[2020/03/26 18:20:28.389] - eth_call
[2020/03/26 18:20:35.900] - eth_blockNumber
[2020/03/26 18:20:40.708] - eth_blockNumber
[2020/03/26 18:20:55.917] - eth_blockNumber
[2020/03/26 18:21:00.723] - eth_blockNumber
[2020/03/26 18:21:15.929] - eth_blockNumber
[2020/03/26 18:21:20.733] - eth_blockNumber
[2020/03/26 18:21:35.941] - eth_blockNumber
[2020/03/26 18:21:40.742] - eth_blockNumber
[2020/03/26 18:21:55.956] - eth_blockNumber
[2020/03/26 18:22:00.750] - eth_blockNumber
[2020/03/26 18:22:15.969] - eth_blockNumber
[2020/03/26 18:22:18.013] - eth_gasPrice
[2020/03/26 18:22:18.071] - eth_getCode
[2020/03/26 18:22:18.134] - eth_getBlockByNumber
[2020/03/26 18:22:18.248] - eth_estimateGas
[2020/03/26 18:22:20.003] - eth_getTransactionCount
[2020/03/26 18:22:20.760] - eth_blockNumber
[2020/03/26 18:22:35.406] - eth_sendRawTransaction
[2020/03/26 18:22:35.615] - 
[2020/03/26 18:22:35.615] -   Transaction: 0x115931dceccbc6a7da7cf43b0a2884d4b41ee6279c601b7515f70eb6808ecd39
[2020/03/26 18:22:35.616] -   Gas usage: 288137
[2020/03/26 18:22:35.616] -   Block Number: 229
[2020/03/26 18:22:35.617] -   Block Time: Thu Mar 26 2020 18:22:35 GMT+0000 (GMT)
[2020/03/26 18:22:35.617] - 
[2020/03/26 18:22:35.626] - eth_getBlockByNumber
[2020/03/26 18:22:35.754] - eth_getBalance
[2020/03/26 18:22:35.788] - eth_getTransactionCount
[2020/03/26 18:22:35.825] - eth_getBalance
[2020/03/26 18:22:35.869] - eth_getTransactionCount
[2020/03/26 18:22:35.931] - eth_getBalance
[2020/03/26 18:22:35.982] - eth_getTransactionCount
[2020/03/26 18:22:36.017] - eth_getBalance
[2020/03/26 18:22:36.051] - eth_blockNumber
[2020/03/26 18:22:36.062] - eth_getTransactionCount
[2020/03/26 18:22:36.080] - eth_getBlockByNumber
[2020/03/26 18:22:36.087] - eth_getBlockByNumber
[2020/03/26 18:22:36.100] - eth_getLogs
[2020/03/26 18:22:36.111] - eth_getLogs
[2020/03/26 18:22:36.171] - eth_getBalance
[2020/03/26 18:22:36.208] - eth_getTransactionCount
[2020/03/26 18:22:36.254] - eth_getTransactionCount
[2020/03/26 18:22:36.280] - eth_getBalance
[2020/03/26 18:22:36.360] - eth_getTransactionCount
[2020/03/26 18:22:36.403] - eth_getBalance
[2020/03/26 18:22:36.434] - eth_getTransactionCount
[2020/03/26 18:22:36.467] - eth_getBalance
[2020/03/26 18:22:36.500] - eth_getTransactionCount
[2020/03/26 18:22:36.541] - eth_getBalance
[2020/03/26 18:22:36.585] - eth_getTransactionCount
[2020/03/26 18:22:36.629] - eth_getBalance
[2020/03/26 18:22:36.664] - eth_getTransactionCount
[2020/03/26 18:22:37.037] - eth_getBalance
[2020/03/26 18:22:37.112] - eth_getTransactionReceipt
[2020/03/26 18:22:37.133] - eth_call
[2020/03/26 18:22:37.137] - eth_call
[2020/03/26 18:22:37.166] - eth_call
[2020/03/26 18:22:38.181] - eth_call
[2020/03/26 18:22:38.314] - eth_call
[2020/03/26 18:22:40.768] - eth_blockNumber
[2020/03/26 18:22:40.774] - eth_getBlockByNumber
[2020/03/26 18:22:56.087] - eth_blockNumber
[2020/03/26 18:23:00.778] - eth_blockNumber
[2020/03/26 18:23:16.100] - eth_blockNumber
[2020/03/26 18:23:20.789] - eth_blockNumber
[2020/03/26 18:23:36.118] - eth_blockNumber
[2020/03/26 18:23:40.799] - eth_blockNumber
[2020/03/26 18:23:56.135] - eth_blockNumber
[2020/03/26 18:24:00.810] - eth_blockNumber
[2020/03/26 18:24:16.148] - eth_blockNumber
[2020/03/26 18:24:20.820] - eth_blockNumber
[2020/03/26 18:24:36.162] - eth_blockNumber
[2020/03/26 18:24:40.827] - eth_blockNumber
[2020/03/26 18:24:56.174] - eth_blockNumber
[2020/03/26 18:25:00.836] - eth_blockNumber
[2020/03/26 18:25:16.187] - eth_blockNumber
[2020/03/26 18:25:20.844] - eth_blockNumber
[2020/03/26 18:25:36.200] - eth_blockNumber
[2020/03/26 18:25:40.853] - eth_blockNumber
[2020/03/26 18:25:56.211] - eth_blockNumber
[2020/03/26 18:26:00.863] - eth_blockNumber
[2020/03/26 18:26:16.223] - eth_blockNumber
[2020/03/26 18:26:20.874] - eth_blockNumber
[2020/03/26 18:26:36.237] - eth_blockNumber
[2020/03/26 18:26:40.886] - eth_blockNumber
[2020/03/26 18:26:56.249] - eth_blockNumber
[2020/03/26 18:27:00.894] - eth_blockNumber
[2020/03/26 18:27:16.261] - eth_blockNumber
[2020/03/26 18:27:20.912] - eth_blockNumber
[2020/03/26 18:27:36.272] - eth_blockNumber
[2020/03/26 18:27:40.925] - eth_blockNumber
[2020/03/26 18:27:56.287] - eth_blockNumber
[2020/03/26 18:28:00.936] - eth_blockNumber
[2020/03/26 18:28:16.300] - eth_blockNumber
[2020/03/26 18:28:20.950] - eth_blockNumber
[2020/03/26 18:28:28.691] - eth_gasPrice
[2020/03/26 18:28:28.753] - eth_getCode
[2020/03/26 18:28:28.969] - eth_estimateGas
[2020/03/26 18:28:33.762] - eth_sendRawTransaction
[2020/03/26 18:28:33.886] - 
[2020/03/26 18:28:33.887] -   Transaction: 0xe724c47fc0231316c69744335011f44ae96ca3e8a91a6f79efeccd21cedcbdf6
[2020/03/26 18:28:33.887] -   Gas usage: 288073
[2020/03/26 18:28:33.887] -   Block Number: 230
[2020/03/26 18:28:33.887] -   Block Time: Thu Mar 26 2020 18:28:33 GMT+0000 (GMT)
[2020/03/26 18:28:33.888] - 
[2020/03/26 18:28:33.894] - eth_getBlockByNumber
[2020/03/26 18:28:34.065] - eth_getBalance
[2020/03/26 18:28:34.148] - eth_getTransactionCount
[2020/03/26 18:28:34.229] - eth_getBalance
[2020/03/26 18:28:34.278] - eth_getTransactionCount
[2020/03/26 18:28:34.314] - eth_getBalance
[2020/03/26 18:28:34.349] - eth_getTransactionCount
[2020/03/26 18:28:34.379] - eth_getBalance
[2020/03/26 18:28:34.448] - eth_getTransactionCount
[2020/03/26 18:28:34.517] - eth_getBalance
[2020/03/26 18:28:34.554] - eth_getTransactionCount
[2020/03/26 18:28:34.589] - eth_getBalance
[2020/03/26 18:28:34.622] - eth_getTransactionCount
[2020/03/26 18:28:34.646] - eth_getBalance
[2020/03/26 18:28:34.694] - eth_getTransactionCount
[2020/03/26 18:28:34.742] - eth_getBalance
[2020/03/26 18:28:34.802] - eth_getTransactionCount
[2020/03/26 18:28:34.844] - eth_getBalance
[2020/03/26 18:28:34.899] - eth_getTransactionReceipt
[2020/03/26 18:28:34.936] - eth_blockNumber
[2020/03/26 18:28:34.974] - eth_getBlockByNumber
[2020/03/26 18:28:34.986] - eth_getBlockByNumber
[2020/03/26 18:28:35.002] - eth_getLogs
[2020/03/26 18:28:35.020] - eth_getLogs
[2020/03/26 18:28:35.094] - eth_getTransactionCount
[2020/03/26 18:28:35.188] - eth_getTransactionReceipt
[2020/03/26 18:28:35.203] - eth_call
[2020/03/26 18:28:35.212] - eth_call
[2020/03/26 18:28:35.230] - eth_call
[2020/03/26 18:28:35.250] - eth_call
[2020/03/26 18:28:35.334] - eth_getTransactionReceipt
[2020/03/26 18:28:35.392] - eth_getBalance
[2020/03/26 18:28:35.441] - eth_call
[2020/03/26 18:28:35.511] - eth_getTransactionCount
[2020/03/26 18:28:35.611] - eth_call
[2020/03/26 18:28:35.717] - eth_getTransactionCount
[2020/03/26 18:28:36.308] - eth_blockNumber
[2020/03/26 18:28:36.739] - eth_call
[2020/03/26 18:28:36.888] - eth_call
[2020/03/26 18:28:37.784] - eth_getBalance
[2020/03/26 18:28:40.967] - eth_blockNumber
[2020/03/26 18:28:40.973] - eth_getBlockByNumber
[2020/03/26 18:28:56.319] - eth_blockNumber
[2020/03/26 18:29:00.977] - eth_blockNumber
[2020/03/26 18:29:16.333] - eth_blockNumber
[2020/03/26 18:29:20.989] - eth_blockNumber
[2020/03/26 18:29:36.354] - eth_blockNumber
[2020/03/26 18:29:40.999] - eth_blockNumber
[2020/03/26 18:29:56.372] - eth_blockNumber
[2020/03/26 18:30:01.010] - eth_blockNumber
[2020/03/26 18:30:16.394] - eth_blockNumber
[2020/03/26 18:30:21.020] - eth_blockNumber
[2020/03/26 18:30:36.417] - eth_blockNumber
[2020/03/26 18:30:41.037] - eth_blockNumber
[2020/03/26 18:30:56.433] - eth_blockNumber
[2020/03/26 18:31:01.049] - eth_blockNumber
[2020/03/26 18:31:16.451] - eth_blockNumber
[2020/03/26 18:31:21.071] - eth_blockNumber
[2020/03/26 18:31:36.481] - eth_blockNumber
[2020/03/26 18:31:41.089] - eth_blockNumber
[2020/03/26 18:31:56.504] - eth_blockNumber
[2020/03/26 18:32:01.100] - eth_blockNumber
[2020/03/26 18:32:04.783] - net_version
[2020/03/26 18:32:05.026] - eth_getLogs
[2020/03/26 18:32:05.038] - eth_getLogs
[2020/03/26 18:32:16.517] - eth_blockNumber
[2020/03/26 18:32:18.320] - net_version
[2020/03/26 18:32:21.110] - eth_blockNumber
[2020/03/26 18:32:36.528] - eth_blockNumber
[2020/03/26 18:32:41.129] - eth_blockNumber
[2020/03/26 18:32:56.544] - eth_blockNumber
[2020/03/26 18:33:01.140] - eth_blockNumber
[2020/03/26 18:33:16.556] - eth_blockNumber
[2020/03/26 18:33:21.161] - eth_blockNumber
[2020/03/26 18:33:36.569] - eth_blockNumber
[2020/03/26 18:33:41.177] - eth_blockNumber
[2020/03/26 18:33:56.580] - eth_blockNumber
[2020/03/26 18:34:01.185] - eth_blockNumber
[2020/03/26 18:34:16.591] - eth_blockNumber
[2020/03/26 18:34:21.200] - eth_blockNumber
[2020/03/26 18:34:29.659] - net_version
[2020/03/26 18:34:36.604] - eth_blockNumber
[2020/03/26 18:34:41.218] - eth_blockNumber
[2020/03/26 18:34:56.621] - eth_blockNumber
[2020/03/26 18:35:01.233] - eth_blockNumber
[2020/03/26 18:35:16.639] - eth_blockNumber
[2020/03/26 18:35:21.252] - eth_blockNumber
[2020/03/26 18:35:36.653] - eth_blockNumber
[2020/03/26 18:35:41.267] - eth_blockNumber
[2020/03/26 18:35:56.670] - eth_blockNumber
[2020/03/26 18:36:01.289] - eth_blockNumber
[2020/03/26 18:36:16.688] - eth_blockNumber
[2020/03/26 18:36:21.304] - eth_blockNumber
[2020/03/26 18:36:23.548] - net_version
[2020/03/26 18:36:36.719] - eth_blockNumber
[2020/03/26 18:36:40.283] - net_version
[2020/03/26 18:36:41.321] - eth_blockNumber
[2020/03/26 18:36:56.739] - eth_blockNumber
[2020/03/26 18:37:01.336] - eth_blockNumber
[2020/03/26 18:37:16.748] - eth_blockNumber
[2020/03/26 18:37:21.352] - eth_blockNumber
[2020/03/26 18:37:36.759] - eth_blockNumber
[2020/03/26 18:37:41.364] - eth_blockNumber
[2020/03/26 18:37:56.792] - eth_blockNumber
[2020/03/26 18:38:01.373] - eth_blockNumber
[2020/03/26 18:38:16.808] - eth_blockNumber
[2020/03/26 18:38:21.390] - eth_blockNumber
[2020/03/26 18:38:36.818] - eth_blockNumber
[2020/03/26 18:38:41.410] - eth_blockNumber
[2020/03/26 18:38:56.828] - eth_blockNumber
[2020/03/26 18:39:01.420] - eth_blockNumber
[2020/03/26 18:39:16.836] - eth_blockNumber
[2020/03/26 18:39:21.435] - eth_blockNumber
[2020/03/26 18:39:36.851] - eth_blockNumber
[2020/03/26 18:39:41.449] - eth_blockNumber
[2020/03/26 18:39:56.866] - eth_blockNumber
[2020/03/26 18:40:01.470] - eth_blockNumber
[2020/03/26 18:40:16.917] - eth_blockNumber
[2020/03/26 18:40:21.490] - eth_blockNumber
[2020/03/26 18:40:26.138] - net_version
[2020/03/26 18:40:36.928] - eth_blockNumber
[2020/03/26 18:40:41.499] - eth_blockNumber
[2020/03/26 18:40:56.936] - eth_blockNumber
[2020/03/26 18:41:01.509] - eth_blockNumber
[2020/03/26 18:41:16.944] - eth_blockNumber
[2020/03/26 18:41:21.522] - eth_blockNumber
[2020/03/26 18:41:36.962] - eth_blockNumber
[2020/03/26 18:41:40.866] - net_version
[2020/03/26 18:41:41.536] - eth_blockNumber
[2020/03/26 18:41:56.978] - eth_blockNumber
[2020/03/26 18:42:01.546] - eth_blockNumber
[2020/03/26 18:42:16.992] - eth_blockNumber
[2020/03/26 18:42:21.557] - eth_blockNumber
[2020/03/26 18:42:37.002] - eth_blockNumber
[2020/03/26 18:42:41.568] - eth_blockNumber
[2020/03/26 18:42:57.012] - eth_blockNumber
[2020/03/26 18:43:01.587] - eth_blockNumber
[2020/03/26 18:43:17.023] - eth_blockNumber
[2020/03/26 18:43:21.595] - eth_blockNumber
[2020/03/26 18:43:37.034] - eth_blockNumber
[2020/03/26 18:43:41.605] - eth_blockNumber
[2020/03/26 18:43:57.042] - eth_blockNumber
[2020/03/26 18:44:01.624] - eth_blockNumber
[2020/03/26 18:44:17.050] - eth_blockNumber
[2020/03/26 18:44:21.644] - eth_blockNumber
[2020/03/26 18:44:37.058] - eth_blockNumber
[2020/03/26 18:44:41.656] - eth_blockNumber
[2020/03/26 18:44:57.066] - eth_blockNumber
[2020/03/26 18:45:01.674] - eth_blockNumber
[2020/03/26 18:45:17.077] - eth_blockNumber
[2020/03/26 18:45:21.687] - eth_blockNumber
[2020/03/26 18:45:37.087] - eth_blockNumber
[2020/03/26 18:45:41.699] - eth_blockNumber
[2020/03/26 18:45:57.100] - eth_blockNumber
[2020/03/26 18:46:01.714] - eth_blockNumber
[2020/03/26 18:46:17.119] - eth_blockNumber
[2020/03/26 18:46:21.731] - eth_blockNumber
[2020/03/26 18:46:37.139] - eth_blockNumber
[2020/03/26 18:46:41.744] - eth_blockNumber
[2020/03/26 18:46:57.151] - eth_blockNumber
[2020/03/26 18:47:01.756] - eth_blockNumber
[2020/03/26 18:47:17.162] - eth_blockNumber
[2020/03/26 18:47:21.768] - eth_blockNumber
[2020/03/26 18:47:37.174] - eth_blockNumber
[2020/03/26 18:47:41.780] - eth_blockNumber
[2020/03/26 18:47:57.186] - eth_blockNumber
[2020/03/26 18:48:01.791] - eth_blockNumber
[2020/03/26 18:48:17.195] - eth_blockNumber
[2020/03/26 18:48:21.806] - eth_blockNumber
[2020/03/26 18:48:37.206] - eth_blockNumber
[2020/03/26 18:48:41.817] - eth_blockNumber
[2020/03/26 18:48:57.217] - eth_blockNumber
[2020/03/26 18:49:01.828] - eth_blockNumber
[2020/03/26 18:49:17.228] - eth_blockNumber
[2020/03/26 18:49:21.838] - eth_blockNumber
[2020/03/26 18:49:37.238] - eth_blockNumber
[2020/03/26 18:49:41.849] - eth_blockNumber
[2020/03/26 18:49:57.248] - eth_blockNumber
[2020/03/26 18:50:01.859] - eth_blockNumber
[2020/03/26 18:50:17.261] - eth_blockNumber
[2020/03/26 18:50:21.870] - eth_blockNumber
[2020/03/26 18:50:37.272] - eth_blockNumber
[2020/03/26 18:50:41.880] - eth_blockNumber
[2020/03/26 18:50:57.283] - eth_blockNumber
[2020/03/26 18:51:01.890] - eth_blockNumber
[2020/03/26 18:51:17.292] - eth_blockNumber
[2020/03/26 18:51:21.901] - eth_blockNumber
[2020/03/26 18:51:37.302] - eth_blockNumber
[2020/03/26 18:51:41.912] - eth_blockNumber
[2020/03/26 18:51:57.312] - eth_blockNumber
[2020/03/26 18:52:01.922] - eth_blockNumber
[2020/03/26 18:52:17.324] - eth_blockNumber
[2020/03/26 18:52:21.933] - eth_blockNumber
[2020/03/26 18:52:37.333] - eth_blockNumber
[2020/03/26 18:52:41.945] - eth_blockNumber
[2020/03/26 18:52:57.344] - eth_blockNumber
[2020/03/26 18:53:01.955] - eth_blockNumber
[2020/03/26 18:53:17.354] - eth_blockNumber
[2020/03/26 18:53:21.965] - eth_blockNumber
[2020/03/26 18:53:37.365] - eth_blockNumber
[2020/03/26 18:53:41.975] - eth_blockNumber
[2020/03/26 18:53:57.375] - eth_blockNumber
[2020/03/26 18:54:01.985] - eth_blockNumber
[2020/03/26 18:54:17.386] - eth_blockNumber
[2020/03/26 18:54:21.999] - eth_blockNumber
[2020/03/26 18:54:37.396] - eth_blockNumber
[2020/03/26 18:54:42.010] - eth_blockNumber
[2020/03/26 18:54:57.406] - eth_blockNumber
[2020/03/26 18:55:02.020] - eth_blockNumber
[2020/03/26 18:55:17.417] - eth_blockNumber
[2020/03/26 18:55:22.030] - eth_blockNumber
[2020/03/26 18:55:37.427] - eth_blockNumber
[2020/03/26 18:55:42.040] - eth_blockNumber
[2020/03/26 18:55:57.436] - eth_blockNumber
[2020/03/26 18:56:02.050] - eth_blockNumber
[2020/03/26 18:56:17.445] - eth_blockNumber
[2020/03/26 18:56:22.057] - eth_blockNumber
[2020/03/26 18:56:37.455] - eth_blockNumber
[2020/03/26 18:56:42.065] - eth_blockNumber
[2020/03/26 18:56:57.465] - eth_blockNumber
[2020/03/26 18:57:02.076] - eth_blockNumber
[2020/03/26 18:57:17.475] - eth_blockNumber
[2020/03/26 18:57:22.086] - eth_blockNumber
[2020/03/26 18:57:37.486] - eth_blockNumber
[2020/03/26 18:57:42.094] - eth_blockNumber
[2020/03/26 18:57:57.496] - eth_blockNumber
[2020/03/26 18:58:02.104] - eth_blockNumber
[2020/03/26 18:58:17.507] - eth_blockNumber
[2020/03/26 18:58:22.116] - eth_blockNumber
[2020/03/26 18:58:37.518] - eth_blockNumber
[2020/03/26 18:58:42.128] - eth_blockNumber
[2020/03/26 18:58:57.526] - eth_blockNumber
[2020/03/26 18:59:02.138] - eth_blockNumber
[2020/03/26 18:59:17.541] - eth_blockNumber
[2020/03/26 18:59:22.149] - eth_blockNumber
[2020/03/26 18:59:37.549] - eth_blockNumber
[2020/03/26 18:59:42.159] - eth_blockNumber
[2020/03/26 18:59:57.558] - eth_blockNumber
[2020/03/26 19:00:02.170] - eth_blockNumber
[2020/03/26 19:00:17.571] - eth_blockNumber
[2020/03/26 19:00:22.180] - eth_blockNumber
[2020/03/26 19:00:37.579] - eth_blockNumber
[2020/03/26 19:00:42.190] - eth_blockNumber
[2020/03/26 19:00:57.592] - eth_blockNumber
[2020/03/26 19:01:02.200] - eth_blockNumber
[2020/03/26 19:01:17.603] - eth_blockNumber
[2020/03/26 19:01:22.209] - eth_blockNumber
[2020/03/26 19:01:37.613] - eth_blockNumber
[2020/03/26 19:01:42.216] - eth_blockNumber
[2020/03/26 19:01:57.623] - eth_blockNumber
[2020/03/26 19:02:02.225] - eth_blockNumber
[2020/03/26 19:02:17.643] - eth_blockNumber
[2020/03/26 19:02:22.236] - eth_blockNumber
[2020/03/26 19:02:37.654] - eth_blockNumber
[2020/03/26 19:02:42.248] - eth_blockNumber
[2020/03/26 19:02:57.667] - eth_blockNumber
[2020/03/26 19:03:02.258] - eth_blockNumber
[2020/03/26 19:03:17.679] - eth_blockNumber
[2020/03/26 19:03:22.268] - eth_blockNumber
[2020/03/26 19:03:37.690] - eth_blockNumber
[2020/03/26 19:03:42.277] - eth_blockNumber
[2020/03/26 19:03:57.702] - eth_blockNumber
[2020/03/26 19:04:02.287] - eth_blockNumber
[2020/03/26 19:04:17.715] - eth_blockNumber
[2020/03/26 19:04:22.297] - eth_blockNumber
[2020/03/26 19:04:37.731] - eth_blockNumber
[2020/03/26 19:04:42.309] - eth_blockNumber
[2020/03/26 19:04:57.749] - eth_blockNumber
[2020/03/26 19:05:02.326] - eth_blockNumber
[2020/03/26 19:05:17.766] - eth_blockNumber
[2020/03/26 19:05:22.339] - eth_blockNumber
[2020/03/26 19:05:37.806] - eth_blockNumber
[2020/03/26 19:05:42.350] - eth_blockNumber
[2020/03/26 19:05:57.819] - eth_blockNumber
[2020/03/26 19:06:02.371] - eth_blockNumber
[2020/03/26 19:06:17.837] - eth_blockNumber
[2020/03/26 19:06:22.382] - eth_blockNumber
[2020/03/26 19:06:37.853] - eth_blockNumber
[2020/03/26 19:06:42.397] - eth_blockNumber
[2020/03/26 19:06:57.865] - eth_blockNumber
[2020/03/26 19:07:02.413] - eth_blockNumber
[2020/03/26 19:07:17.878] - eth_blockNumber
[2020/03/26 19:07:22.427] - eth_blockNumber
[2020/03/26 19:07:37.889] - eth_blockNumber
[2020/03/26 19:07:42.437] - eth_blockNumber
[2020/03/26 19:07:57.900] - eth_blockNumber
[2020/03/26 19:08:02.447] - eth_blockNumber
[2020/03/26 19:08:17.912] - eth_blockNumber
[2020/03/26 19:08:22.457] - eth_blockNumber
[2020/03/26 19:08:37.922] - eth_blockNumber
[2020/03/26 19:08:42.467] - eth_blockNumber
[2020/03/26 19:08:57.931] - eth_blockNumber
[2020/03/26 19:09:02.478] - eth_blockNumber
[2020/03/26 19:09:17.943] - eth_blockNumber
[2020/03/26 19:09:22.486] - eth_blockNumber
[2020/03/26 19:09:37.952] - eth_blockNumber
[2020/03/26 19:09:42.496] - eth_blockNumber
[2020/03/26 19:09:57.963] - eth_blockNumber
[2020/03/26 19:10:02.506] - eth_blockNumber
[2020/03/26 19:10:17.975] - eth_blockNumber
[2020/03/26 19:10:22.517] - eth_blockNumber
[2020/03/26 19:10:37.981] - eth_blockNumber
[2020/03/26 19:10:42.527] - eth_blockNumber
[2020/03/26 19:10:57.989] - eth_blockNumber
[2020/03/26 19:11:02.537] - eth_blockNumber
[2020/03/26 19:11:18.000] - eth_blockNumber
[2020/03/26 19:11:22.546] - eth_blockNumber
[2020/03/26 19:11:38.012] - eth_blockNumber
[2020/03/26 19:11:42.556] - eth_blockNumber
[2020/03/26 19:11:58.022] - eth_blockNumber
[2020/03/26 19:12:02.567] - eth_blockNumber
[2020/03/26 19:12:18.031] - eth_blockNumber
[2020/03/26 19:12:22.577] - eth_blockNumber
[2020/03/26 19:12:38.038] - eth_blockNumber
[2020/03/26 19:12:42.595] - eth_blockNumber
[2020/03/26 19:12:58.048] - eth_blockNumber
[2020/03/26 19:13:02.605] - eth_blockNumber
[2020/03/26 19:13:18.059] - eth_blockNumber
[2020/03/26 19:13:22.615] - eth_blockNumber
[2020/03/26 19:13:38.069] - eth_blockNumber
[2020/03/26 19:13:42.625] - eth_blockNumber
[2020/03/26 19:13:58.077] - eth_blockNumber
[2020/03/26 19:14:02.635] - eth_blockNumber
[2020/03/26 19:14:18.088] - eth_blockNumber
[2020/03/26 19:14:22.645] - eth_blockNumber
[2020/03/26 19:14:38.100] - eth_blockNumber
[2020/03/26 19:14:42.655] - eth_blockNumber
[2020/03/26 19:14:58.111] - eth_blockNumber
[2020/03/26 19:15:02.664] - eth_blockNumber
[2020/03/26 19:15:18.125] - eth_blockNumber
[2020/03/26 19:15:22.674] - eth_blockNumber
[2020/03/26 19:15:38.137] - eth_blockNumber
[2020/03/26 19:15:42.682] - eth_blockNumber
[2020/03/26 19:15:58.148] - eth_blockNumber
[2020/03/26 19:16:02.690] - eth_blockNumber
[2020/03/26 19:16:18.162] - eth_blockNumber
[2020/03/26 19:16:22.699] - eth_blockNumber
[2020/03/26 19:16:38.184] - eth_blockNumber
[2020/03/26 19:16:42.721] - eth_blockNumber
[2020/03/26 19:16:58.194] - eth_blockNumber
[2020/03/26 19:17:02.742] - eth_blockNumber
[2020/03/26 19:17:18.207] - eth_blockNumber
[2020/03/26 19:17:22.750] - eth_blockNumber
[2020/03/26 19:17:38.220] - eth_blockNumber
[2020/03/26 19:17:42.758] - eth_blockNumber
[2020/03/26 19:17:58.231] - eth_blockNumber
[2020/03/26 19:18:02.769] - eth_blockNumber
[2020/03/26 19:18:18.247] - eth_blockNumber
[2020/03/26 19:18:22.779] - eth_blockNumber
[2020/03/26 19:18:38.264] - eth_blockNumber
[2020/03/26 19:18:42.789] - eth_blockNumber
[2020/03/26 19:18:58.276] - eth_blockNumber
[2020/03/26 19:19:02.800] - eth_blockNumber
[2020/03/26 19:19:18.299] - eth_blockNumber
[2020/03/26 19:19:22.811] - eth_blockNumber
[2020/03/26 19:19:38.313] - eth_blockNumber
[2020/03/26 19:19:42.831] - eth_blockNumber
[2020/03/26 19:19:58.324] - eth_blockNumber
[2020/03/26 19:20:02.850] - eth_blockNumber
[2020/03/26 19:20:18.343] - eth_blockNumber
[2020/03/26 19:20:22.864] - eth_blockNumber
[2020/03/26 19:20:38.359] - eth_blockNumber
[2020/03/26 19:20:42.883] - eth_blockNumber
[2020/03/26 19:20:58.368] - eth_blockNumber
[2020/03/26 19:21:02.896] - eth_blockNumber
[2020/03/26 19:21:18.381] - eth_blockNumber
[2020/03/26 19:21:22.909] - eth_blockNumber
[2020/03/26 19:21:38.392] - eth_blockNumber
[2020/03/26 19:21:42.922] - eth_blockNumber
[2020/03/26 19:21:58.405] - eth_blockNumber
[2020/03/26 19:22:02.938] - eth_blockNumber
[2020/03/26 19:22:18.430] - eth_blockNumber
[2020/03/26 19:22:22.957] - eth_blockNumber
[2020/03/26 19:22:38.458] - eth_blockNumber
[2020/03/26 19:22:42.977] - eth_blockNumber
[2020/03/26 19:22:58.470] - eth_blockNumber
[2020/03/26 19:22:59.894] - net_version
[2020/03/26 19:23:02.988] - eth_blockNumber
[2020/03/26 19:23:18.482] - eth_blockNumber
[2020/03/26 19:23:23.003] - eth_blockNumber
[2020/03/26 19:23:38.492] - eth_blockNumber
[2020/03/26 19:23:43.023] - eth_blockNumber
[2020/03/26 19:23:58.503] - eth_blockNumber
[2020/03/26 19:24:03.041] - eth_blockNumber
[2020/03/26 19:24:18.514] - eth_blockNumber
[2020/03/26 19:24:23.052] - eth_blockNumber
[2020/03/26 19:24:38.525] - eth_blockNumber
[2020/03/26 19:24:43.064] - eth_blockNumber
[2020/03/26 19:24:58.539] - eth_blockNumber
[2020/03/26 19:25:03.079] - eth_blockNumber
[2020/03/26 19:25:18.549] - eth_blockNumber
[2020/03/26 19:25:23.090] - eth_blockNumber
[2020/03/26 19:25:38.561] - eth_blockNumber
[2020/03/26 19:25:43.102] - eth_blockNumber
[2020/03/26 19:25:58.570] - eth_blockNumber
[2020/03/26 19:26:03.121] - eth_blockNumber
[2020/03/26 19:26:18.582] - eth_blockNumber
[2020/03/26 19:26:23.135] - eth_blockNumber
[2020/03/26 19:26:38.593] - eth_blockNumber
[2020/03/26 19:26:43.146] - eth_blockNumber
[2020/03/26 19:26:58.604] - eth_blockNumber
[2020/03/26 19:27:03.157] - eth_blockNumber
[2020/03/26 19:27:18.617] - eth_blockNumber
[2020/03/26 19:27:23.165] - eth_blockNumber
[2020/03/26 19:27:38.631] - eth_blockNumber
[2020/03/26 19:27:43.177] - eth_blockNumber
[2020/03/26 19:27:58.643] - eth_blockNumber
[2020/03/26 19:28:03.191] - eth_blockNumber
[2020/03/26 19:28:18.655] - eth_blockNumber
[2020/03/26 19:28:23.198] - eth_blockNumber
[2020/03/26 19:28:38.668] - eth_blockNumber
[2020/03/26 19:28:43.206] - eth_blockNumber
[2020/03/26 19:28:58.684] - eth_blockNumber
[2020/03/26 19:29:03.224] - eth_blockNumber
[2020/03/26 19:29:18.697] - eth_blockNumber
[2020/03/26 19:29:23.236] - eth_blockNumber
[2020/03/26 19:29:38.710] - eth_blockNumber
[2020/03/26 19:29:43.246] - eth_blockNumber
[2020/03/26 19:29:58.719] - eth_blockNumber
[2020/03/26 19:30:03.255] - eth_blockNumber
[2020/03/26 19:30:18.732] - eth_blockNumber
[2020/03/26 19:30:23.264] - eth_blockNumber
[2020/03/26 19:30:38.743] - eth_blockNumber
[2020/03/26 19:30:43.274] - eth_blockNumber
[2020/03/26 19:30:58.753] - eth_blockNumber
[2020/03/26 19:31:03.284] - eth_blockNumber
[2020/03/26 19:31:18.763] - eth_blockNumber
[2020/03/26 19:31:23.294] - eth_blockNumber
[2020/03/26 19:31:38.774] - eth_blockNumber
[2020/03/26 19:31:43.307] - eth_blockNumber
[2020/03/26 19:31:58.784] - eth_blockNumber
[2020/03/26 19:32:03.316] - eth_blockNumber
[2020/03/26 19:32:18.793] - eth_blockNumber
[2020/03/26 19:32:23.390] - eth_blockNumber
[2020/03/26 19:32:38.804] - eth_blockNumber
[2020/03/26 19:32:43.430] - eth_blockNumber
[2020/03/26 19:32:58.816] - eth_blockNumber
[2020/03/26 19:33:03.454] - eth_blockNumber
[2020/03/26 19:33:18.829] - eth_blockNumber
[2020/03/26 19:33:23.470] - eth_blockNumber
[2020/03/26 19:33:38.844] - eth_blockNumber
[2020/03/26 19:33:43.485] - eth_blockNumber
[2020/03/26 19:33:58.856] - eth_blockNumber
[2020/03/26 19:34:03.498] - eth_blockNumber
[2020/03/26 19:34:18.870] - eth_blockNumber
[2020/03/26 19:34:23.516] - eth_blockNumber
[2020/03/26 19:34:38.887] - eth_blockNumber
[2020/03/26 19:34:43.529] - eth_blockNumber
[2020/03/26 19:34:58.904] - eth_blockNumber
[2020/03/26 19:35:03.542] - eth_blockNumber
[2020/03/26 19:35:18.918] - eth_blockNumber
[2020/03/26 19:35:23.565] - eth_blockNumber
[2020/03/26 19:35:38.928] - eth_blockNumber
[2020/03/26 19:35:43.576] - eth_blockNumber
[2020/03/26 19:35:58.941] - eth_blockNumber
[2020/03/26 19:36:03.588] - eth_blockNumber
[2020/03/26 19:36:18.954] - eth_blockNumber
[2020/03/26 19:36:23.601] - eth_blockNumber
[2020/03/26 19:36:38.969] - eth_blockNumber
[2020/03/26 19:36:43.617] - eth_blockNumber
[2020/03/26 19:36:58.983] - eth_blockNumber
[2020/03/26 19:37:03.631] - eth_blockNumber
[2020/03/26 19:37:18.999] - eth_blockNumber
[2020/03/26 19:37:23.643] - eth_blockNumber
[2020/03/26 19:37:39.015] - eth_blockNumber
[2020/03/26 19:37:43.656] - eth_blockNumber
[2020/03/26 19:37:59.030] - eth_blockNumber
[2020/03/26 19:38:03.675] - eth_blockNumber
[2020/03/26 19:38:19.044] - eth_blockNumber
[2020/03/26 19:38:23.687] - eth_blockNumber
[2020/03/26 19:38:39.060] - eth_blockNumber
[2020/03/26 19:38:43.697] - eth_blockNumber
[2020/03/26 19:38:59.074] - eth_blockNumber
[2020/03/26 19:39:03.712] - eth_blockNumber
[2020/03/26 19:39:19.091] - eth_blockNumber
[2020/03/26 19:39:23.730] - eth_blockNumber
[2020/03/26 19:39:39.103] - eth_blockNumber
[2020/03/26 19:39:43.744] - eth_blockNumber
[2020/03/26 19:39:59.116] - eth_blockNumber
[2020/03/26 19:40:03.758] - eth_blockNumber
[2020/03/26 19:40:19.126] - eth_blockNumber
[2020/03/26 19:40:23.772] - eth_blockNumber
[2020/03/26 19:40:39.140] - eth_blockNumber
[2020/03/26 19:40:43.788] - eth_blockNumber
[2020/03/26 19:40:59.154] - eth_blockNumber
[2020/03/26 19:41:03.806] - eth_blockNumber
[2020/03/26 19:41:19.167] - eth_blockNumber
[2020/03/26 19:41:23.824] - eth_blockNumber
[2020/03/26 19:41:39.180] - eth_blockNumber
[2020/03/26 19:41:43.836] - eth_blockNumber
[2020/03/26 19:41:59.193] - eth_blockNumber
[2020/03/26 19:42:03.848] - eth_blockNumber
[2020/03/26 19:42:19.204] - eth_blockNumber
[2020/03/26 19:42:23.859] - eth_blockNumber
[2020/03/26 19:42:39.215] - eth_blockNumber
[2020/03/26 19:42:43.877] - eth_blockNumber
[2020/03/26 19:42:59.229] - eth_blockNumber
[2020/03/26 19:43:03.890] - eth_blockNumber
[2020/03/26 19:43:19.244] - eth_blockNumber
[2020/03/26 19:43:23.905] - eth_blockNumber
[2020/03/26 19:43:39.255] - eth_blockNumber
[2020/03/26 19:43:43.919] - eth_blockNumber
[2020/03/26 19:43:59.269] - eth_blockNumber
[2020/03/26 19:44:03.932] - eth_blockNumber
[2020/03/26 19:44:19.282] - eth_blockNumber
[2020/03/26 19:44:23.946] - eth_blockNumber
[2020/03/26 19:44:39.293] - eth_blockNumber
[2020/03/26 19:44:43.959] - eth_blockNumber
[2020/03/26 19:44:59.305] - eth_blockNumber
[2020/03/26 19:45:03.973] - eth_blockNumber
[2020/03/26 19:45:19.320] - eth_blockNumber
[2020/03/26 19:45:23.986] - eth_blockNumber
[2020/03/26 19:45:39.337] - eth_blockNumber
[2020/03/26 19:45:44.001] - eth_blockNumber
[2020/03/26 19:45:59.350] - eth_blockNumber
[2020/03/26 19:46:04.012] - eth_blockNumber
[2020/03/26 19:46:19.360] - eth_blockNumber
[2020/03/26 19:46:24.023] - eth_blockNumber
[2020/03/26 19:46:39.370] - eth_blockNumber
[2020/03/26 19:46:44.034] - eth_blockNumber
[2020/03/26 19:46:59.384] - eth_blockNumber
[2020/03/26 19:47:04.047] - eth_blockNumber
[2020/03/26 19:47:19.395] - eth_blockNumber
[2020/03/26 19:47:24.061] - eth_blockNumber
[2020/03/26 19:47:39.409] - eth_blockNumber
[2020/03/26 19:47:44.074] - eth_blockNumber
[2020/03/26 19:47:59.422] - eth_blockNumber
[2020/03/26 19:48:04.088] - eth_blockNumber
[2020/03/26 19:48:19.435] - eth_blockNumber
[2020/03/26 19:48:24.101] - eth_blockNumber
[2020/03/26 19:48:39.455] - eth_blockNumber
[2020/03/26 19:48:44.118] - eth_blockNumber
[2020/03/26 19:48:59.469] - eth_blockNumber
[2020/03/26 19:49:04.130] - eth_blockNumber
[2020/03/26 19:49:19.486] - eth_blockNumber
[2020/03/26 19:49:24.140] - eth_blockNumber
[2020/03/26 19:49:39.502] - eth_blockNumber
[2020/03/26 19:49:44.151] - eth_blockNumber
[2020/03/26 19:49:59.516] - eth_blockNumber
[2020/03/26 19:50:04.164] - eth_blockNumber
[2020/03/26 19:50:19.533] - eth_blockNumber
[2020/03/26 19:50:24.176] - eth_blockNumber
[2020/03/26 19:50:39.546] - eth_blockNumber
[2020/03/26 19:50:44.190] - eth_blockNumber
[2020/03/26 19:50:59.560] - eth_blockNumber
[2020/03/26 19:51:04.205] - eth_blockNumber
[2020/03/26 19:51:19.574] - eth_blockNumber
[2020/03/26 19:51:24.219] - eth_blockNumber
[2020/03/26 19:51:39.591] - eth_blockNumber
[2020/03/26 19:51:44.231] - eth_blockNumber
[2020/03/26 19:51:59.604] - eth_blockNumber
[2020/03/26 19:52:04.245] - eth_blockNumber
[2020/03/26 19:52:19.617] - eth_blockNumber
[2020/03/26 19:52:24.254] - eth_blockNumber
[2020/03/26 19:52:39.639] - eth_blockNumber
[2020/03/26 19:52:44.270] - eth_blockNumber
[2020/03/26 19:52:59.655] - eth_blockNumber
[2020/03/26 19:53:04.287] - eth_blockNumber
[2020/03/26 19:53:19.670] - eth_blockNumber
[2020/03/26 19:53:24.301] - eth_blockNumber
[2020/03/26 19:53:39.684] - eth_blockNumber
[2020/03/26 19:53:44.316] - eth_blockNumber
[2020/03/26 19:53:59.697] - eth_blockNumber
[2020/03/26 19:54:04.331] - eth_blockNumber
[2020/03/26 19:54:19.712] - eth_blockNumber
[2020/03/26 19:54:24.349] - eth_blockNumber
[2020/03/26 19:54:39.725] - eth_blockNumber
[2020/03/26 19:54:44.366] - eth_blockNumber
[2020/03/26 19:54:59.738] - eth_blockNumber
[2020/03/26 19:55:04.383] - eth_blockNumber
[2020/03/26 19:55:19.751] - eth_blockNumber
[2020/03/26 19:55:24.398] - eth_blockNumber
[2020/03/26 19:55:39.765] - eth_blockNumber
[2020/03/26 19:55:44.413] - eth_blockNumber
[2020/03/26 19:55:59.779] - eth_blockNumber
[2020/03/26 19:56:04.431] - eth_blockNumber
[2020/03/26 19:56:19.802] - eth_blockNumber
[2020/03/26 19:56:24.449] - eth_blockNumber
[2020/03/26 19:56:39.825] - eth_blockNumber
[2020/03/26 19:56:44.462] - eth_blockNumber
[2020/03/26 19:56:59.840] - eth_blockNumber
[2020/03/26 19:57:04.476] - eth_blockNumber
[2020/03/26 19:57:19.853] - eth_blockNumber
[2020/03/26 19:57:24.488] - eth_blockNumber
[2020/03/26 19:57:39.870] - eth_blockNumber
[2020/03/26 19:57:44.500] - eth_blockNumber
[2020/03/26 19:57:59.887] - eth_blockNumber
[2020/03/26 19:58:04.514] - eth_blockNumber
[2020/03/26 19:58:19.902] - eth_blockNumber
[2020/03/26 19:58:24.527] - eth_blockNumber
[2020/03/26 19:58:39.917] - eth_blockNumber
[2020/03/26 19:58:44.541] - eth_blockNumber
[2020/03/26 19:58:59.927] - eth_blockNumber
[2020/03/26 19:59:04.554] - eth_blockNumber
[2020/03/26 19:59:19.940] - eth_blockNumber
[2020/03/26 19:59:24.563] - eth_blockNumber
[2020/03/26 19:59:39.952] - eth_blockNumber
[2020/03/26 19:59:44.577] - eth_blockNumber
[2020/03/26 19:59:59.965] - eth_blockNumber
[2020/03/26 20:00:04.590] - eth_blockNumber
[2020/03/26 20:00:19.985] - eth_blockNumber
[2020/03/26 20:00:24.605] - eth_blockNumber
[2020/03/26 20:00:39.998] - eth_blockNumber
[2020/03/26 20:00:44.617] - eth_blockNumber
[2020/03/26 20:01:00.009] - eth_blockNumber
[2020/03/26 20:01:04.630] - eth_blockNumber
[2020/03/26 20:01:20.024] - eth_blockNumber
[2020/03/26 20:01:24.644] - eth_blockNumber
[2020/03/26 20:01:40.037] - eth_blockNumber
[2020/03/26 20:01:44.657] - eth_blockNumber
[2020/03/26 20:02:00.050] - eth_blockNumber
[2020/03/26 20:02:04.674] - eth_blockNumber
[2020/03/26 20:02:20.067] - eth_blockNumber
[2020/03/26 20:02:24.688] - eth_blockNumber
[2020/03/26 20:02:40.090] - eth_blockNumber
[2020/03/26 20:02:44.703] - eth_blockNumber
[2020/03/26 20:03:00.104] - eth_blockNumber
[2020/03/26 20:03:04.717] - eth_blockNumber
[2020/03/26 20:03:20.120] - eth_blockNumber
[2020/03/26 20:03:24.730] - eth_blockNumber
[2020/03/26 20:03:40.132] - eth_blockNumber
[2020/03/26 20:03:44.743] - eth_blockNumber
[2020/03/26 20:04:00.142] - eth_blockNumber
[2020/03/26 20:04:04.759] - eth_blockNumber
[2020/03/26 20:04:20.156] - eth_blockNumber
[2020/03/26 20:04:24.771] - eth_blockNumber
[2020/03/26 20:04:40.169] - eth_blockNumber
[2020/03/26 20:04:44.786] - eth_blockNumber
[2020/03/26 20:05:00.180] - eth_blockNumber
[2020/03/26 20:05:04.798] - eth_blockNumber
[2020/03/26 20:05:20.199] - eth_blockNumber
[2020/03/26 20:05:24.807] - eth_blockNumber
[2020/03/26 20:05:40.215] - eth_blockNumber
[2020/03/26 20:05:44.815] - eth_blockNumber
[2020/03/26 20:06:00.230] - eth_blockNumber
[2020/03/26 20:06:04.824] - eth_blockNumber
[2020/03/26 20:06:20.244] - eth_blockNumber
[2020/03/26 20:06:24.835] - eth_blockNumber
[2020/03/26 20:06:40.258] - eth_blockNumber
[2020/03/26 20:06:44.848] - eth_blockNumber
[2020/03/26 20:07:00.271] - eth_blockNumber
[2020/03/26 20:07:04.860] - eth_blockNumber
[2020/03/26 20:07:20.284] - eth_blockNumber
[2020/03/26 20:07:24.877] - eth_blockNumber
[2020/03/26 20:07:40.294] - eth_blockNumber
[2020/03/26 20:07:44.892] - eth_blockNumber
[2020/03/26 20:08:00.306] - eth_blockNumber
[2020/03/26 20:08:04.913] - eth_blockNumber
[2020/03/26 20:08:20.322] - eth_blockNumber
[2020/03/26 20:08:24.926] - eth_blockNumber
[2020/03/26 20:08:40.334] - eth_blockNumber
[2020/03/26 20:08:44.938] - eth_blockNumber
[2020/03/26 20:09:00.347] - eth_blockNumber
[2020/03/26 20:09:04.950] - eth_blockNumber
[2020/03/26 20:09:20.360] - eth_blockNumber
[2020/03/26 20:09:24.963] - eth_blockNumber
[2020/03/26 20:09:40.372] - eth_blockNumber
[2020/03/26 20:09:44.976] - eth_blockNumber
[2020/03/26 20:10:00.386] - eth_blockNumber
[2020/03/26 20:10:04.991] - eth_blockNumber
[2020/03/26 20:10:20.398] - eth_blockNumber
[2020/03/26 20:10:25.011] - eth_blockNumber
[2020/03/26 20:10:40.407] - eth_blockNumber
[2020/03/26 20:10:45.027] - eth_blockNumber
[2020/03/26 20:11:00.425] - eth_blockNumber
[2020/03/26 20:11:05.039] - eth_blockNumber
[2020/03/26 20:11:20.447] - eth_blockNumber
[2020/03/26 20:11:25.053] - eth_blockNumber
[2020/03/26 20:11:40.457] - eth_blockNumber
[2020/03/26 20:11:45.066] - eth_blockNumber
[2020/03/26 20:12:00.477] - eth_blockNumber
[2020/03/26 20:12:05.078] - eth_blockNumber
[2020/03/26 20:12:20.491] - eth_blockNumber
[2020/03/26 20:12:25.094] - eth_blockNumber
[2020/03/26 20:12:40.503] - eth_blockNumber
[2020/03/26 20:12:45.110] - eth_blockNumber
[2020/03/26 20:13:00.516] - eth_blockNumber
[2020/03/26 20:13:05.128] - eth_blockNumber
[2020/03/26 20:13:20.530] - eth_blockNumber
[2020/03/26 20:13:25.139] - eth_blockNumber
[2020/03/26 20:13:40.544] - eth_blockNumber
[2020/03/26 20:13:45.152] - eth_blockNumber
[2020/03/26 20:14:00.560] - eth_blockNumber
[2020/03/26 20:14:05.164] - eth_blockNumber
[2020/03/26 20:14:20.586] - eth_blockNumber
[2020/03/26 20:14:25.175] - eth_blockNumber
[2020/03/26 20:14:40.597] - eth_blockNumber
[2020/03/26 20:14:45.187] - eth_blockNumber
[2020/03/26 20:15:00.610] - eth_blockNumber
[2020/03/26 20:15:05.200] - eth_blockNumber
[2020/03/26 20:15:20.624] - eth_blockNumber
[2020/03/26 20:15:25.213] - eth_blockNumber
[2020/03/26 20:15:40.637] - eth_blockNumber
[2020/03/26 20:15:45.227] - eth_blockNumber
[2020/03/26 20:16:00.649] - eth_blockNumber
[2020/03/26 20:16:05.240] - eth_blockNumber
[2020/03/26 20:16:20.661] - eth_blockNumber
[2020/03/26 20:16:25.251] - eth_blockNumber
[2020/03/26 20:16:40.677] - eth_blockNumber
[2020/03/26 20:16:45.274] - eth_blockNumber
[2020/03/26 20:17:00.690] - eth_blockNumber
[2020/03/26 20:17:05.290] - eth_blockNumber
[2020/03/26 20:17:20.711] - eth_blockNumber
[2020/03/26 20:17:25.305] - eth_blockNumber
[2020/03/26 20:17:40.720] - eth_blockNumber
[2020/03/26 20:17:45.320] - eth_blockNumber
[2020/03/26 20:18:00.729] - eth_blockNumber
[2020/03/26 20:18:05.339] - eth_blockNumber
[2020/03/26 20:18:20.741] - eth_blockNumber
[2020/03/26 20:18:25.355] - eth_blockNumber
[2020/03/26 20:18:40.756] - eth_blockNumber
[2020/03/26 20:18:45.369] - eth_blockNumber
[2020/03/26 20:19:00.770] - eth_blockNumber
[2020/03/26 20:19:05.382] - eth_blockNumber
[2020/03/26 20:19:20.785] - eth_blockNumber
[2020/03/26 20:19:25.393] - eth_blockNumber
[2020/03/26 20:19:40.798] - eth_blockNumber
[2020/03/26 20:19:45.406] - eth_blockNumber
[2020/03/26 20:20:00.812] - eth_blockNumber
[2020/03/26 20:20:05.418] - eth_blockNumber
[2020/03/26 20:20:20.828] - eth_blockNumber
[2020/03/26 20:20:25.432] - eth_blockNumber
[2020/03/26 20:20:40.840] - eth_blockNumber
[2020/03/26 20:20:45.443] - eth_blockNumber
[2020/03/26 20:21:00.852] - eth_blockNumber
[2020/03/26 20:21:05.457] - eth_blockNumber
[2020/03/26 20:21:20.868] - eth_blockNumber
[2020/03/26 20:21:25.471] - eth_blockNumber
[2020/03/26 20:21:40.882] - eth_blockNumber
[2020/03/26 20:21:45.484] - eth_blockNumber
[2020/03/26 20:22:00.896] - eth_blockNumber
[2020/03/26 20:22:05.500] - eth_blockNumber
[2020/03/26 20:22:20.911] - eth_blockNumber
[2020/03/26 20:22:25.515] - eth_blockNumber
[2020/03/26 20:22:40.926] - eth_blockNumber
[2020/03/26 20:22:45.536] - eth_blockNumber
[2020/03/26 20:23:00.938] - eth_blockNumber
[2020/03/26 20:23:05.553] - eth_blockNumber
[2020/03/26 20:23:20.949] - eth_blockNumber
[2020/03/26 20:23:25.568] - eth_blockNumber
[2020/03/26 20:23:41.007] - eth_blockNumber
[2020/03/26 20:23:45.582] - eth_blockNumber
[2020/03/26 20:24:01.020] - eth_blockNumber
[2020/03/26 20:24:05.595] - eth_blockNumber
[2020/03/26 20:24:21.032] - eth_blockNumber
[2020/03/26 20:24:25.607] - eth_blockNumber
[2020/03/26 20:24:41.048] - eth_blockNumber
[2020/03/26 20:24:45.620] - eth_blockNumber
[2020/03/26 20:25:01.060] - eth_blockNumber
[2020/03/26 20:25:05.639] - eth_blockNumber
[2020/03/26 20:25:21.075] - eth_blockNumber
[2020/03/26 20:25:25.658] - eth_blockNumber
[2020/03/26 20:25:41.099] - eth_blockNumber
[2020/03/26 20:25:45.675] - eth_blockNumber
[2020/03/26 20:26:01.118] - eth_blockNumber
[2020/03/26 20:26:05.691] - eth_blockNumber
[2020/03/26 20:26:21.135] - eth_blockNumber
[2020/03/26 20:26:25.707] - eth_blockNumber
[2020/03/26 20:26:41.152] - eth_blockNumber
[2020/03/26 20:26:45.720] - eth_blockNumber
[2020/03/26 20:27:01.168] - eth_blockNumber
[2020/03/26 20:27:05.737] - eth_blockNumber
[2020/03/26 20:27:21.182] - eth_blockNumber
[2020/03/26 20:27:25.755] - eth_blockNumber
[2020/03/26 20:27:41.191] - eth_blockNumber
[2020/03/26 20:27:45.770] - eth_blockNumber
[2020/03/26 20:28:01.201] - eth_blockNumber
[2020/03/26 20:28:05.785] - eth_blockNumber
[2020/03/26 20:28:21.216] - eth_blockNumber
[2020/03/26 20:28:25.796] - eth_blockNumber
[2020/03/26 20:28:41.230] - eth_blockNumber
[2020/03/26 20:28:45.807] - eth_blockNumber
[2020/03/26 20:29:01.243] - eth_blockNumber
[2020/03/26 20:29:05.821] - eth_blockNumber
[2020/03/26 20:29:21.258] - eth_blockNumber
[2020/03/26 20:29:25.834] - eth_blockNumber
[2020/03/26 20:29:41.273] - eth_blockNumber
[2020/03/26 20:29:45.845] - eth_blockNumber
[2020/03/26 20:30:01.288] - eth_blockNumber
[2020/03/26 20:30:05.854] - eth_blockNumber
[2020/03/26 20:30:21.297] - eth_blockNumber
[2020/03/26 20:30:25.860] - eth_blockNumber
[2020/03/26 20:30:41.313] - eth_blockNumber
[2020/03/26 20:30:45.868] - eth_blockNumber
[2020/03/26 20:31:01.325] - eth_blockNumber
[2020/03/26 20:31:05.876] - eth_blockNumber
[2020/03/26 20:31:21.337] - eth_blockNumber
[2020/03/26 20:31:25.886] - eth_blockNumber
[2020/03/26 20:31:41.351] - eth_blockNumber
[2020/03/26 20:31:45.895] - eth_blockNumber
[2020/03/26 20:32:01.364] - eth_blockNumber
[2020/03/26 20:32:05.904] - eth_blockNumber
[2020/03/26 20:32:21.379] - eth_blockNumber
[2020/03/26 20:32:25.919] - eth_blockNumber
[2020/03/26 20:32:41.393] - eth_blockNumber
[2020/03/26 20:32:45.937] - eth_blockNumber
[2020/03/26 20:33:01.406] - eth_blockNumber
[2020/03/26 20:33:05.948] - eth_blockNumber
[2020/03/26 20:33:21.420] - eth_blockNumber
[2020/03/26 20:33:25.961] - eth_blockNumber
[2020/03/26 20:33:41.434] - eth_blockNumber
[2020/03/26 20:33:45.976] - eth_blockNumber
[2020/03/26 20:34:01.448] - eth_blockNumber
[2020/03/26 20:34:05.989] - eth_blockNumber
[2020/03/26 20:34:21.461] - eth_blockNumber
[2020/03/26 20:34:26.002] - eth_blockNumber
[2020/03/26 20:34:41.476] - eth_blockNumber
[2020/03/26 20:34:46.016] - eth_blockNumber
[2020/03/26 20:35:01.492] - eth_blockNumber
[2020/03/26 20:35:06.028] - eth_blockNumber
[2020/03/26 20:35:21.507] - eth_blockNumber
[2020/03/26 20:35:26.042] - eth_blockNumber
[2020/03/26 20:35:41.521] - eth_blockNumber
[2020/03/26 20:35:46.059] - eth_blockNumber
[2020/03/26 20:36:01.534] - eth_blockNumber
[2020/03/26 20:36:06.073] - eth_blockNumber
[2020/03/26 20:36:21.546] - eth_blockNumber
[2020/03/26 20:36:26.085] - eth_blockNumber
[2020/03/26 20:36:41.557] - eth_blockNumber
[2020/03/26 20:36:46.100] - eth_blockNumber
[2020/03/26 20:37:01.571] - eth_blockNumber
[2020/03/26 20:37:06.114] - eth_blockNumber
[2020/03/26 20:37:21.586] - eth_blockNumber
[2020/03/26 20:37:26.129] - eth_blockNumber
[2020/03/26 20:37:41.600] - eth_blockNumber
[2020/03/26 20:37:46.142] - eth_blockNumber
[2020/03/26 20:38:01.615] - eth_blockNumber
[2020/03/26 20:38:06.156] - eth_blockNumber
[2020/03/26 20:38:21.631] - eth_blockNumber
[2020/03/26 20:38:26.167] - eth_blockNumber
[2020/03/26 20:38:41.648] - eth_blockNumber
[2020/03/26 20:38:46.180] - eth_blockNumber
[2020/03/26 20:39:01.662] - eth_blockNumber
[2020/03/26 20:39:06.193] - eth_blockNumber
[2020/03/26 20:39:21.676] - eth_blockNumber
[2020/03/26 20:39:26.207] - eth_blockNumber
[2020/03/26 20:39:41.689] - eth_blockNumber
[2020/03/26 20:39:46.215] - eth_blockNumber
[2020/03/26 20:40:01.703] - eth_blockNumber
[2020/03/26 20:40:06.228] - eth_blockNumber
[2020/03/26 20:40:21.722] - eth_blockNumber
[2020/03/26 20:40:26.245] - eth_blockNumber
[2020/03/26 20:40:41.737] - eth_blockNumber
[2020/03/26 20:40:46.260] - eth_blockNumber
[2020/03/26 20:41:01.750] - eth_blockNumber
[2020/03/26 20:41:06.274] - eth_blockNumber
[2020/03/26 20:41:21.763] - eth_blockNumber
[2020/03/26 20:41:26.296] - eth_blockNumber
[2020/03/26 20:41:41.776] - eth_blockNumber
[2020/03/26 20:41:46.309] - eth_blockNumber
[2020/03/26 20:42:01.789] - eth_blockNumber
[2020/03/26 20:42:06.323] - eth_blockNumber
[2020/03/26 20:42:21.802] - eth_blockNumber
[2020/03/26 20:42:26.335] - eth_blockNumber
[2020/03/26 20:42:41.816] - eth_blockNumber
[2020/03/26 20:42:46.350] - eth_blockNumber
[2020/03/26 20:43:01.828] - eth_blockNumber
[2020/03/26 20:43:06.362] - eth_blockNumber
[2020/03/26 20:43:21.842] - eth_blockNumber
[2020/03/26 20:43:26.375] - eth_blockNumber
[2020/03/26 20:43:41.856] - eth_blockNumber
[2020/03/26 20:43:46.388] - eth_blockNumber
[2020/03/26 20:44:01.869] - eth_blockNumber
[2020/03/26 20:44:06.404] - eth_blockNumber
[2020/03/26 20:44:21.884] - eth_blockNumber
[2020/03/26 20:44:26.420] - eth_blockNumber
[2020/03/26 20:44:41.899] - eth_blockNumber
[2020/03/26 20:44:46.433] - eth_blockNumber
[2020/03/26 20:45:01.917] - eth_blockNumber
[2020/03/26 20:45:06.447] - eth_blockNumber
[2020/03/26 20:45:21.932] - eth_blockNumber
[2020/03/26 20:45:26.461] - eth_blockNumber
[2020/03/26 20:45:41.945] - eth_blockNumber
[2020/03/26 20:45:46.473] - eth_blockNumber
[2020/03/26 20:46:01.960] - eth_blockNumber
[2020/03/26 20:46:06.488] - eth_blockNumber
[2020/03/26 20:46:21.971] - eth_blockNumber
[2020/03/26 20:46:26.498] - eth_blockNumber
[2020/03/26 20:46:41.981] - eth_blockNumber
[2020/03/26 20:46:46.506] - eth_blockNumber
[2020/03/26 20:47:01.992] - eth_blockNumber
[2020/03/26 20:47:06.519] - eth_blockNumber
[2020/03/26 20:47:22.007] - eth_blockNumber
[2020/03/26 20:47:26.532] - eth_blockNumber
[2020/03/26 20:47:42.018] - eth_blockNumber
[2020/03/26 20:47:46.543] - eth_blockNumber
[2020/03/26 20:48:02.029] - eth_blockNumber
[2020/03/26 20:48:06.558] - eth_blockNumber
[2020/03/26 20:48:22.043] - eth_blockNumber
[2020/03/26 20:48:26.572] - eth_blockNumber
[2020/03/26 20:48:42.058] - eth_blockNumber
[2020/03/26 20:48:46.585] - eth_blockNumber
[2020/03/26 20:49:02.073] - eth_blockNumber
[2020/03/26 20:49:06.598] - eth_blockNumber
[2020/03/26 20:49:22.085] - eth_blockNumber
[2020/03/26 20:49:26.614] - eth_blockNumber
[2020/03/26 20:49:42.097] - eth_blockNumber
[2020/03/26 20:49:46.628] - eth_blockNumber
[2020/03/26 20:50:02.111] - eth_blockNumber
[2020/03/26 20:50:06.641] - eth_blockNumber
[2020/03/26 20:50:22.129] - eth_blockNumber
[2020/03/26 20:50:26.651] - eth_blockNumber
[2020/03/26 20:50:42.142] - eth_blockNumber
[2020/03/26 20:50:46.662] - eth_blockNumber
[2020/03/26 20:51:02.156] - eth_blockNumber
[2020/03/26 20:51:06.674] - eth_blockNumber
[2020/03/26 20:51:22.168] - eth_blockNumber
[2020/03/26 20:51:26.689] - eth_blockNumber
[2020/03/26 20:51:42.175] - eth_blockNumber
[2020/03/26 20:51:46.704] - eth_blockNumber
[2020/03/26 20:52:02.186] - eth_blockNumber
[2020/03/26 20:52:06.716] - eth_blockNumber
[2020/03/26 20:52:22.200] - eth_blockNumber
[2020/03/26 20:52:26.727] - eth_blockNumber
[2020/03/26 20:52:42.210] - eth_blockNumber
[2020/03/26 20:52:46.742] - eth_blockNumber
[2020/03/26 20:53:02.219] - eth_blockNumber
[2020/03/26 20:53:06.752] - eth_blockNumber
[2020/03/26 20:53:22.230] - eth_blockNumber
[2020/03/26 20:53:26.762] - eth_blockNumber
[2020/03/26 20:53:42.244] - eth_blockNumber
[2020/03/26 20:53:46.779] - eth_blockNumber
[2020/03/26 20:54:02.258] - eth_blockNumber
[2020/03/26 20:54:06.800] - eth_blockNumber
[2020/03/26 20:54:22.268] - eth_blockNumber
[2020/03/26 20:54:26.813] - eth_blockNumber
[2020/03/26 20:54:42.281] - eth_blockNumber
[2020/03/26 20:54:46.824] - eth_blockNumber
[2020/03/26 20:55:02.291] - eth_blockNumber
[2020/03/26 20:55:06.839] - eth_blockNumber
[2020/03/26 20:55:21.199] - net_version
[2020/03/26 20:55:22.300] - eth_blockNumber
[2020/03/26 20:55:26.856] - eth_blockNumber
[2020/03/26 20:55:42.310] - eth_blockNumber
[2020/03/26 20:55:46.864] - eth_blockNumber
[2020/03/26 20:56:02.320] - eth_blockNumber
[2020/03/26 20:56:06.875] - eth_blockNumber
[2020/03/26 20:56:22.338] - eth_blockNumber
[2020/03/26 20:56:26.886] - eth_blockNumber
[2020/03/26 20:56:42.348] - eth_blockNumber
[2020/03/26 20:56:46.897] - eth_blockNumber
[2020/03/26 20:57:02.357] - eth_blockNumber
[2020/03/26 20:57:06.907] - eth_blockNumber
[2020/03/26 20:57:22.369] - eth_blockNumber
[2020/03/26 20:57:26.917] - eth_blockNumber
[2020/03/26 20:57:42.389] - eth_blockNumber
[2020/03/26 20:57:46.933] - eth_blockNumber
[2020/03/26 20:58:02.408] - eth_blockNumber
[2020/03/26 20:58:06.950] - eth_blockNumber
[2020/03/26 20:58:22.416] - eth_blockNumber
[2020/03/26 20:58:26.966] - eth_blockNumber
[2020/03/26 20:58:42.425] - eth_blockNumber
[2020/03/26 20:58:46.978] - eth_blockNumber
[2020/03/26 20:59:02.445] - eth_blockNumber
[2020/03/26 20:59:06.992] - eth_blockNumber
[2020/03/26 20:59:22.462] - eth_blockNumber
[2020/03/26 20:59:27.014] - eth_blockNumber
[2020/03/26 20:59:42.481] - eth_blockNumber
[2020/03/26 20:59:47.032] - eth_blockNumber
[2020/03/26 21:00:02.501] - eth_blockNumber
[2020/03/26 21:00:07.045] - eth_blockNumber
[2020/03/26 21:00:22.516] - eth_blockNumber
[2020/03/26 21:00:27.058] - eth_blockNumber
[2020/03/26 21:00:42.526] - eth_blockNumber
[2020/03/26 21:00:47.068] - eth_blockNumber
[2020/03/26 21:01:02.539] - eth_blockNumber
[2020/03/26 21:01:07.077] - eth_blockNumber
[2020/03/26 21:01:22.552] - eth_blockNumber
[2020/03/26 21:01:27.088] - eth_blockNumber
[2020/03/26 21:01:42.565] - eth_blockNumber
[2020/03/26 21:01:47.099] - eth_blockNumber
[2020/03/26 21:02:02.577] - eth_blockNumber
[2020/03/26 21:02:07.113] - eth_blockNumber
[2020/03/26 21:02:22.590] - eth_blockNumber
[2020/03/26 21:02:27.128] - eth_blockNumber
[2020/03/26 21:02:42.605] - eth_blockNumber
[2020/03/26 21:02:47.142] - eth_blockNumber
[2020/03/26 21:03:02.621] - eth_blockNumber
[2020/03/26 21:03:07.154] - eth_blockNumber
[2020/03/26 21:03:22.633] - eth_blockNumber
[2020/03/26 21:03:27.166] - eth_blockNumber
[2020/03/26 21:03:42.645] - eth_blockNumber
[2020/03/26 21:03:47.178] - eth_blockNumber
[2020/03/26 21:04:02.657] - eth_blockNumber
[2020/03/26 21:04:07.190] - eth_blockNumber
[2020/03/26 21:04:22.670] - eth_blockNumber
[2020/03/26 21:04:27.201] - eth_blockNumber
[2020/03/26 21:04:42.682] - eth_blockNumber
[2020/03/26 21:04:47.212] - eth_blockNumber
[2020/03/26 21:05:02.692] - eth_blockNumber
[2020/03/26 21:05:07.225] - eth_blockNumber
[2020/03/26 21:05:22.698] - eth_blockNumber
[2020/03/26 21:05:27.238] - eth_blockNumber
[2020/03/26 21:05:42.708] - eth_blockNumber
[2020/03/26 21:05:47.251] - eth_blockNumber
[2020/03/26 21:06:02.720] - eth_blockNumber
[2020/03/26 21:06:07.268] - eth_blockNumber
[2020/03/26 21:06:22.731] - eth_blockNumber
[2020/03/26 21:06:27.285] - eth_blockNumber
[2020/03/26 21:06:42.741] - eth_blockNumber
[2020/03/26 21:06:47.297] - eth_blockNumber
[2020/03/26 21:07:02.753] - eth_blockNumber
[2020/03/26 21:07:07.308] - eth_blockNumber
[2020/03/26 21:07:22.763] - eth_blockNumber
[2020/03/26 21:07:27.322] - eth_blockNumber
[2020/03/26 21:07:42.774] - eth_blockNumber
[2020/03/26 21:07:47.341] - eth_blockNumber
[2020/03/26 21:08:02.784] - eth_blockNumber
[2020/03/26 21:08:07.354] - eth_blockNumber
[2020/03/26 21:08:22.792] - eth_blockNumber
[2020/03/26 21:08:27.364] - eth_blockNumber
[2020/03/26 21:08:42.806] - eth_blockNumber
[2020/03/26 21:08:47.374] - eth_blockNumber
[2020/03/26 21:08:55.935] - net_version
[2020/03/26 21:09:02.820] - eth_blockNumber
[2020/03/26 21:09:07.390] - eth_blockNumber
[2020/03/26 21:09:22.833] - eth_blockNumber
[2020/03/26 21:09:27.406] - eth_blockNumber
[2020/03/26 21:09:42.844] - eth_blockNumber
[2020/03/26 21:09:47.417] - eth_blockNumber
[2020/03/26 21:10:02.853] - eth_blockNumber
[2020/03/26 21:10:07.438] - eth_blockNumber
[2020/03/26 21:10:22.867] - eth_blockNumber
[2020/03/26 21:10:27.460] - eth_blockNumber
[2020/03/26 21:10:42.880] - eth_blockNumber
[2020/03/26 21:10:47.474] - eth_blockNumber
[2020/03/26 21:11:02.897] - eth_blockNumber
[2020/03/26 21:11:07.496] - eth_blockNumber
[2020/03/26 21:11:22.914] - eth_blockNumber
[2020/03/26 21:11:27.515] - eth_blockNumber
[2020/03/26 21:11:42.925] - eth_blockNumber
[2020/03/26 21:11:47.525] - eth_blockNumber
[2020/03/26 21:12:02.936] - eth_blockNumber
[2020/03/26 21:12:07.532] - eth_blockNumber
[2020/03/26 21:12:22.947] - eth_blockNumber
[2020/03/26 21:12:27.539] - eth_blockNumber
[2020/03/26 21:12:27.711] - net_version
[2020/03/26 21:12:42.961] - eth_blockNumber
[2020/03/26 21:12:47.551] - eth_blockNumber
[2020/03/26 21:13:02.979] - eth_blockNumber
[2020/03/26 21:13:07.564] - eth_blockNumber
[2020/03/26 21:13:23.006] - eth_blockNumber
[2020/03/26 21:13:27.579] - eth_blockNumber
[2020/03/26 21:13:43.024] - eth_blockNumber
[2020/03/26 21:13:47.588] - eth_blockNumber
[2020/03/26 21:14:03.035] - eth_blockNumber
[2020/03/26 21:14:07.598] - eth_blockNumber
[2020/03/26 21:14:23.063] - eth_blockNumber
[2020/03/26 21:14:27.608] - eth_blockNumber
[2020/03/26 21:14:43.081] - eth_blockNumber
[2020/03/26 21:14:47.619] - eth_blockNumber
[2020/03/26 21:15:03.090] - eth_blockNumber
[2020/03/26 21:15:07.628] - eth_blockNumber
[2020/03/26 21:15:23.111] - eth_blockNumber
[2020/03/26 21:15:27.650] - eth_blockNumber
[2020/03/26 21:15:43.131] - eth_blockNumber
[2020/03/26 21:15:47.660] - eth_blockNumber
[2020/03/26 21:16:03.143] - eth_blockNumber
[2020/03/26 21:16:07.670] - eth_blockNumber
[2020/03/26 21:16:23.155] - eth_blockNumber
[2020/03/26 21:16:27.682] - eth_blockNumber
[2020/03/26 21:16:43.168] - eth_blockNumber
[2020/03/26 21:16:47.693] - eth_blockNumber
[2020/03/26 21:17:03.179] - eth_blockNumber
[2020/03/26 21:17:07.705] - eth_blockNumber
[2020/03/26 21:17:23.187] - eth_blockNumber
[2020/03/26 21:17:27.714] - eth_blockNumber
[2020/03/26 21:17:43.200] - eth_blockNumber
[2020/03/26 21:17:47.725] - eth_blockNumber
[2020/03/26 21:18:03.206] - eth_blockNumber
[2020/03/26 21:18:07.735] - eth_blockNumber
[2020/03/26 21:18:23.215] - eth_blockNumber
[2020/03/26 21:18:27.747] - eth_blockNumber
[2020/03/26 21:18:43.222] - eth_blockNumber
[2020/03/26 21:18:47.759] - eth_blockNumber
[2020/03/26 21:19:03.233] - eth_blockNumber
[2020/03/26 21:19:07.776] - eth_blockNumber
[2020/03/26 21:19:23.250] - eth_blockNumber
[2020/03/26 21:19:27.791] - eth_blockNumber
[2020/03/26 21:19:43.258] - eth_blockNumber
[2020/03/26 21:19:47.800] - eth_blockNumber
[2020/03/26 21:20:03.267] - eth_blockNumber
[2020/03/26 21:20:07.811] - eth_blockNumber
[2020/03/26 21:20:23.281] - eth_blockNumber
[2020/03/26 21:20:27.822] - eth_blockNumber
[2020/03/26 21:20:43.290] - eth_blockNumber
[2020/03/26 21:20:47.838] - eth_blockNumber
[2020/03/26 21:21:03.301] - eth_blockNumber
[2020/03/26 21:21:07.850] - eth_blockNumber
[2020/03/26 21:21:23.313] - eth_blockNumber
[2020/03/26 21:21:27.863] - eth_blockNumber
[2020/03/26 21:21:43.324] - eth_blockNumber
[2020/03/26 21:21:47.877] - eth_blockNumber
[2020/03/26 21:22:03.336] - eth_blockNumber
[2020/03/26 21:22:07.892] - eth_blockNumber
[2020/03/26 21:22:23.348] - eth_blockNumber
[2020/03/26 21:22:27.905] - eth_blockNumber
[2020/03/26 21:22:43.359] - eth_blockNumber
[2020/03/26 21:22:47.918] - eth_blockNumber
[2020/03/26 21:23:03.370] - eth_blockNumber
[2020/03/26 21:23:07.929] - eth_blockNumber
[2020/03/26 21:23:23.380] - eth_blockNumber
[2020/03/26 21:23:27.939] - eth_blockNumber
[2020/03/26 21:23:43.397] - eth_blockNumber
[2020/03/26 21:23:47.948] - eth_blockNumber
[2020/03/26 21:23:55.744] - net_version
[2020/03/26 21:24:02.275] - net_version
[2020/03/26 21:24:03.415] - eth_blockNumber
[2020/03/26 21:24:07.963] - eth_blockNumber
[2020/03/26 21:24:23.426] - eth_blockNumber
[2020/03/26 21:24:27.978] - eth_blockNumber
[2020/03/26 21:24:43.437] - eth_blockNumber
[2020/03/26 21:24:47.996] - eth_blockNumber
[2020/03/26 21:25:03.457] - eth_blockNumber
[2020/03/26 21:25:08.010] - eth_blockNumber
[2020/03/26 21:25:11.006] - net_version
[2020/03/26 21:25:23.493] - eth_blockNumber
[2020/03/26 21:25:28.022] - eth_blockNumber
[2020/03/26 21:25:43.500] - eth_blockNumber
[2020/03/26 21:25:48.032] - eth_blockNumber
[2020/03/26 21:26:03.507] - eth_blockNumber
[2020/03/26 21:26:08.054] - eth_blockNumber
[2020/03/26 21:26:22.833] - net_version
[2020/03/26 21:26:23.642] - eth_blockNumber
[2020/03/26 21:26:28.072] - eth_blockNumber
[2020/03/26 21:26:30.055] - net_version
[2020/03/26 21:26:43.680] - eth_blockNumber
[2020/03/26 21:26:44.964] - net_version
[2020/03/26 21:26:48.081] - eth_blockNumber
[2020/03/26 21:27:03.692] - eth_blockNumber
[2020/03/26 21:27:08.093] - eth_blockNumber
[2020/03/26 21:27:23.707] - eth_blockNumber
[2020/03/26 21:27:28.105] - eth_blockNumber
[2020/03/26 21:27:43.716] - eth_blockNumber
[2020/03/26 21:27:48.124] - eth_blockNumber
[2020/03/26 21:28:03.726] - eth_blockNumber
[2020/03/26 21:28:08.133] - eth_blockNumber
[2020/03/26 21:28:23.752] - eth_blockNumber
[2020/03/26 21:28:28.141] - eth_blockNumber
[2020/03/26 21:28:39.290] - net_version
[2020/03/26 21:28:43.773] - eth_blockNumber
[2020/03/26 21:28:48.147] - eth_blockNumber
[2020/03/26 21:28:55.947] - net_version
[2020/03/26 21:29:03.787] - eth_blockNumber
[2020/03/26 21:29:08.155] - eth_blockNumber
[2020/03/26 21:29:17.035] - net_version
[2020/03/26 21:29:23.796] - eth_blockNumber
[2020/03/26 21:29:28.165] - eth_blockNumber
[2020/03/26 21:29:43.810] - eth_blockNumber
[2020/03/26 21:29:48.176] - eth_blockNumber
[2020/03/26 21:30:03.832] - eth_blockNumber
[2020/03/26 21:30:08.186] - eth_blockNumber
[2020/03/26 21:30:23.843] - eth_blockNumber
[2020/03/26 21:30:28.197] - eth_blockNumber
[2020/03/26 21:30:43.853] - eth_blockNumber
[2020/03/26 21:30:48.212] - eth_blockNumber
[2020/03/26 21:31:03.864] - eth_blockNumber
[2020/03/26 21:31:08.233] - eth_blockNumber
[2020/03/26 21:31:23.873] - eth_blockNumber
[2020/03/26 21:31:28.243] - eth_blockNumber
[2020/03/26 21:31:43.886] - eth_blockNumber
[2020/03/26 21:31:48.253] - eth_blockNumber
[2020/03/26 21:32:03.906] - eth_blockNumber
[2020/03/26 21:32:08.264] - eth_blockNumber
[2020/03/26 21:32:23.919] - eth_blockNumber
[2020/03/26 21:32:28.275] - eth_blockNumber
[2020/03/26 21:32:43.931] - eth_blockNumber
[2020/03/26 21:32:48.290] - eth_blockNumber
[2020/03/26 21:33:03.942] - eth_blockNumber
[2020/03/26 21:33:08.300] - eth_blockNumber
[2020/03/26 21:33:23.951] - eth_blockNumber
[2020/03/26 21:33:28.316] - eth_blockNumber
[2020/03/26 21:33:43.961] - eth_blockNumber
[2020/03/26 21:33:48.336] - eth_blockNumber
[2020/03/26 21:34:03.973] - eth_blockNumber
[2020/03/26 21:34:08.348] - eth_blockNumber
[2020/03/26 21:34:23.987] - eth_blockNumber
[2020/03/26 21:34:28.365] - eth_blockNumber
[2020/03/26 21:34:44.001] - eth_blockNumber
[2020/03/26 21:34:48.375] - eth_blockNumber
[2020/03/26 21:35:04.015] - eth_blockNumber
[2020/03/26 21:35:08.380] - eth_blockNumber
[2020/03/26 21:35:24.032] - eth_blockNumber
[2020/03/26 21:35:28.394] - eth_blockNumber
[2020/03/26 21:35:44.048] - eth_blockNumber
[2020/03/26 21:35:48.408] - eth_blockNumber
[2020/03/26 21:36:04.058] - eth_blockNumber
[2020/03/26 21:36:08.427] - eth_blockNumber
[2020/03/26 21:36:24.069] - eth_blockNumber
[2020/03/26 21:36:28.444] - eth_blockNumber
[2020/03/26 21:36:44.077] - eth_blockNumber
[2020/03/26 21:36:48.458] - eth_blockNumber
[2020/03/26 21:37:04.091] - eth_blockNumber
[2020/03/26 21:37:08.477] - eth_blockNumber
[2020/03/26 21:37:24.109] - eth_blockNumber
[2020/03/26 21:37:28.499] - eth_blockNumber
[2020/03/26 21:37:39.073] - net_version
[2020/03/26 21:37:44.127] - eth_blockNumber
[2020/03/26 21:37:48.514] - eth_blockNumber
[2020/03/26 21:38:04.138] - eth_blockNumber
[2020/03/26 21:38:08.524] - eth_blockNumber
[2020/03/26 21:38:24.154] - eth_blockNumber
[2020/03/26 21:38:28.533] - eth_blockNumber
[2020/03/26 21:38:44.167] - eth_blockNumber
[2020/03/26 21:38:48.541] - eth_blockNumber
[2020/03/26 21:39:04.213] - eth_blockNumber
[2020/03/26 21:39:08.549] - eth_blockNumber
[2020/03/26 21:39:24.229] - eth_blockNumber
[2020/03/26 21:39:28.563] - eth_blockNumber
[2020/03/26 21:39:44.242] - eth_blockNumber
[2020/03/26 21:39:47.836] - net_version
[2020/03/26 21:39:48.585] - eth_blockNumber
[2020/03/26 21:40:04.260] - eth_blockNumber
[2020/03/26 21:40:07.505] - net_version
[2020/03/26 21:40:08.600] - eth_blockNumber
[2020/03/26 21:40:24.272] - eth_blockNumber
[2020/03/26 21:40:28.616] - eth_blockNumber
[2020/03/26 21:40:44.283] - eth_blockNumber
[2020/03/26 21:40:48.630] - eth_blockNumber
[2020/03/26 21:41:04.292] - eth_blockNumber
[2020/03/26 21:41:08.640] - eth_blockNumber
[2020/03/26 21:41:24.304] - eth_blockNumber
[2020/03/26 21:41:28.652] - eth_blockNumber
[2020/03/26 21:41:44.316] - eth_blockNumber
[2020/03/26 21:41:48.664] - eth_blockNumber
[2020/03/26 21:42:04.326] - eth_blockNumber
[2020/03/26 21:42:08.677] - eth_blockNumber
[2020/03/26 21:42:24.343] - eth_blockNumber
[2020/03/26 21:42:28.688] - eth_blockNumber
[2020/03/26 21:42:44.355] - eth_blockNumber
[2020/03/26 21:42:48.704] - eth_blockNumber
[2020/03/26 21:43:04.365] - eth_blockNumber
[2020/03/26 21:43:08.712] - eth_blockNumber
[2020/03/26 21:43:24.375] - eth_blockNumber
[2020/03/26 21:43:28.722] - eth_blockNumber
[2020/03/26 21:43:44.386] - eth_blockNumber
[2020/03/26 21:43:48.733] - eth_blockNumber
[2020/03/26 21:44:04.399] - eth_blockNumber
[2020/03/26 21:44:08.745] - eth_blockNumber
[2020/03/26 21:44:24.417] - eth_blockNumber
[2020/03/26 21:44:28.756] - eth_blockNumber
[2020/03/26 21:44:44.427] - eth_blockNumber
[2020/03/26 21:44:48.766] - eth_blockNumber
[2020/03/26 21:45:04.438] - eth_blockNumber
[2020/03/26 21:45:08.778] - eth_blockNumber
[2020/03/26 21:45:24.447] - eth_blockNumber
[2020/03/26 21:45:28.789] - eth_blockNumber
[2020/03/26 21:45:44.458] - eth_blockNumber
[2020/03/26 21:45:48.797] - eth_blockNumber
[2020/03/26 21:46:04.469] - eth_blockNumber
[2020/03/26 21:46:08.807] - eth_blockNumber
[2020/03/26 21:46:24.479] - eth_blockNumber
[2020/03/26 21:46:28.240] - net_version
[2020/03/26 21:46:28.814] - eth_blockNumber
[2020/03/26 21:46:44.489] - eth_blockNumber
[2020/03/26 21:46:48.822] - eth_blockNumber
[2020/03/26 21:47:04.499] - eth_blockNumber
[2020/03/26 21:47:08.832] - eth_blockNumber
[2020/03/26 21:47:24.511] - eth_blockNumber
[2020/03/26 21:47:28.842] - eth_blockNumber
[2020/03/26 21:47:44.524] - eth_blockNumber
[2020/03/26 21:47:48.850] - eth_blockNumber
[2020/03/26 21:48:04.536] - eth_blockNumber
[2020/03/26 21:48:08.860] - eth_blockNumber
[2020/03/26 21:48:24.548] - eth_blockNumber
[2020/03/26 21:48:28.870] - eth_blockNumber
[2020/03/26 21:48:44.565] - eth_blockNumber
[2020/03/26 21:48:48.878] - eth_blockNumber
[2020/03/26 21:49:04.583] - eth_blockNumber
[2020/03/26 21:49:08.888] - eth_blockNumber
[2020/03/26 21:49:24.598] - eth_blockNumber
[2020/03/26 21:49:28.899] - eth_blockNumber
[2020/03/26 21:49:44.611] - eth_blockNumber
[2020/03/26 21:49:48.909] - eth_blockNumber
[2020/03/26 21:50:04.635] - eth_blockNumber
[2020/03/26 21:50:08.920] - eth_blockNumber
[2020/03/26 21:50:24.649] - eth_blockNumber
[2020/03/26 21:50:28.935] - eth_blockNumber
[2020/03/26 21:50:44.660] - eth_blockNumber
[2020/03/26 21:50:48.955] - eth_blockNumber
[2020/03/26 21:51:04.675] - eth_blockNumber
[2020/03/26 21:51:08.963] - eth_blockNumber
[2020/03/26 21:51:24.688] - eth_blockNumber
[2020/03/26 21:51:28.971] - eth_blockNumber
[2020/03/26 21:51:44.701] - eth_blockNumber
[2020/03/26 21:51:48.981] - eth_blockNumber
[2020/03/26 21:52:04.722] - eth_blockNumber
[2020/03/26 21:52:08.992] - eth_blockNumber
[2020/03/26 21:52:24.760] - eth_blockNumber
[2020/03/26 21:52:29.007] - eth_blockNumber
[2020/03/26 21:52:44.777] - eth_blockNumber
[2020/03/26 21:52:49.021] - eth_blockNumber
[2020/03/26 21:53:04.789] - eth_blockNumber
[2020/03/26 21:53:09.032] - eth_blockNumber
[2020/03/26 21:53:24.801] - eth_blockNumber
[2020/03/26 21:53:29.043] - eth_blockNumber
[2020/03/26 21:53:44.813] - eth_blockNumber
[2020/03/26 21:53:49.054] - eth_blockNumber
[2020/03/26 21:54:04.823] - eth_blockNumber
[2020/03/26 21:54:09.064] - eth_blockNumber
[2020/03/26 21:54:24.835] - eth_blockNumber
[2020/03/26 21:54:29.074] - eth_blockNumber
[2020/03/26 21:54:44.846] - eth_blockNumber
[2020/03/26 21:54:49.085] - eth_blockNumber
[2020/03/26 21:55:04.867] - eth_blockNumber
[2020/03/26 21:55:09.093] - eth_blockNumber
[2020/03/26 21:55:24.910] - eth_blockNumber
[2020/03/26 21:55:29.101] - eth_blockNumber
[2020/03/26 21:55:44.942] - eth_blockNumber
[2020/03/26 21:55:49.113] - eth_blockNumber
[2020/03/26 21:56:04.988] - eth_blockNumber
[2020/03/26 21:56:09.124] - eth_blockNumber
[2020/03/26 21:56:25.015] - eth_blockNumber
[2020/03/26 21:56:29.136] - eth_blockNumber
[2020/03/26 21:56:45.025] - eth_blockNumber
[2020/03/26 21:56:49.159] - eth_blockNumber
[2020/03/26 21:57:05.034] - eth_blockNumber
[2020/03/26 21:57:09.185] - eth_blockNumber
[2020/03/26 21:57:25.047] - eth_blockNumber
[2020/03/26 21:57:29.208] - eth_blockNumber
[2020/03/26 21:57:45.059] - eth_blockNumber
[2020/03/26 21:57:49.224] - eth_blockNumber
[2020/03/26 21:58:05.072] - eth_blockNumber
[2020/03/26 21:58:09.238] - eth_blockNumber
[2020/03/26 21:58:25.080] - eth_blockNumber
[2020/03/26 21:58:29.255] - eth_blockNumber
[2020/03/26 21:58:45.093] - eth_blockNumber
[2020/03/26 21:58:49.271] - eth_blockNumber
[2020/03/26 21:59:05.104] - eth_blockNumber
[2020/03/26 21:59:09.283] - eth_blockNumber
[2020/03/26 21:59:25.120] - eth_blockNumber
[2020/03/26 21:59:29.295] - eth_blockNumber
[2020/03/26 21:59:45.136] - eth_blockNumber
[2020/03/26 21:59:49.304] - eth_blockNumber
[2020/03/26 21:59:50.875] - net_version
[2020/03/26 22:00:05.160] - eth_blockNumber
[2020/03/26 22:00:09.315] - eth_blockNumber
[2020/03/26 22:00:25.200] - eth_blockNumber
[2020/03/26 22:00:29.332] - eth_blockNumber
[2020/03/26 22:00:45.502] - eth_blockNumber
[2020/03/26 22:00:49.345] - eth_blockNumber
[2020/03/26 22:01:05.552] - eth_blockNumber
[2020/03/26 22:01:09.355] - eth_blockNumber
[2020/03/26 22:01:25.565] - eth_blockNumber
[2020/03/26 22:01:29.363] - eth_blockNumber
[2020/03/26 22:01:45.579] - eth_blockNumber
[2020/03/26 22:01:49.380] - eth_blockNumber
[2020/03/26 22:02:05.596] - eth_blockNumber
[2020/03/26 22:02:09.393] - eth_blockNumber
[2020/03/26 22:02:25.612] - eth_blockNumber
[2020/03/26 22:02:29.404] - eth_blockNumber
[2020/03/26 22:02:45.626] - eth_blockNumber
[2020/03/26 22:02:49.418] - eth_blockNumber
[2020/03/26 22:03:05.643] - eth_blockNumber
[2020/03/26 22:03:09.428] - eth_blockNumber
[2020/03/26 22:03:25.657] - eth_blockNumber
[2020/03/26 22:03:29.444] - eth_blockNumber
[2020/03/26 22:03:45.670] - eth_blockNumber
[2020/03/26 22:03:49.459] - eth_blockNumber
[2020/03/26 22:04:03.134] - net_version
[2020/03/26 22:04:05.699] - eth_blockNumber
[2020/03/26 22:04:09.472] - eth_blockNumber
[2020/03/26 22:04:25.714] - eth_blockNumber
[2020/03/26 22:04:29.479] - eth_blockNumber
[2020/03/26 22:04:45.732] - eth_blockNumber
[2020/03/26 22:04:49.491] - eth_blockNumber
[2020/03/26 22:04:54.200] - net_version
[2020/03/26 22:05:05.750] - eth_blockNumber
[2020/03/26 22:05:09.503] - eth_blockNumber
[2020/03/26 22:05:25.763] - eth_blockNumber
[2020/03/26 22:05:29.515] - eth_blockNumber
[2020/03/26 22:05:45.775] - eth_blockNumber
[2020/03/26 22:05:49.529] - eth_blockNumber
