[2020/03/30 18:15:55.931] - Starting server (version 2.1.2) with initial configuration: {"gasLimit":6721975,"gasPrice":20000000000,"hardfork":"petersburg","hostname":"127.0.0.1","port":7545,"network_id":5777,"default_balance_ether":100,"total_accounts":10,"unlocked_accounts":[],"locked":false,"vmErrorsOnRPCResponse":true,"verbose":false,"db_path":"/home/nash/.config/Ganache/workspaces/identity-wallet/chaindata","logDirectory":"/home/nash/Documents/Projects/Blockchain/Project/identity-wallet/wallet-web-app/logs"}
[2020/03/30 18:15:56.624] - eth_blockNumber
[2020/03/30 18:15:56.659] - eth_blockNumber
[2020/03/30 18:15:56.779] - eth_subscribe
[2020/03/30 18:15:56.785] - eth_getLogs
[2020/03/30 18:15:56.786] - eth_subscribe
[2020/03/30 18:15:56.794] - eth_getCode
[2020/03/30 18:15:56.847] - eth_getCode
[2020/03/30 18:15:56.870] - eth_getCode
[2020/03/30 18:15:56.907] - eth_getCode
[2020/03/30 18:15:56.923] - eth_getCode
[2020/03/30 18:15:56.957] - eth_getCode
[2020/03/30 18:15:58.014] - eth_blockNumber
[2020/03/30 18:15:58.014] - eth_accounts
[2020/03/30 18:15:58.015] - eth_gasPrice
[2020/03/30 18:15:58.015] - eth_getBlockByNumber
[2020/03/30 18:15:58.015] - eth_subscribe
[2020/03/30 18:15:58.215] - eth_accounts
[2020/03/30 18:15:58.439] - eth_getBalance
[2020/03/30 18:15:58.482] - eth_getTransactionCount
[2020/03/30 18:15:58.530] - eth_getBalance
[2020/03/30 18:15:58.569] - eth_getTransactionCount
[2020/03/30 18:15:58.611] - eth_getBalance
[2020/03/30 18:15:58.674] - eth_getTransactionCount
[2020/03/30 18:15:58.714] - eth_getBalance
[2020/03/30 18:15:58.755] - eth_getTransactionCount
[2020/03/30 18:15:58.806] - eth_getBalance
[2020/03/30 18:15:58.845] - eth_getTransactionCount
[2020/03/30 18:15:58.883] - eth_getBalance
[2020/03/30 18:15:58.920] - eth_getTransactionCount
[2020/03/30 18:15:58.959] - eth_getBalance
[2020/03/30 18:15:58.997] - eth_getTransactionCount
[2020/03/30 18:15:59.034] - eth_getBalance
[2020/03/30 18:15:59.072] - eth_getTransactionCount
[2020/03/30 18:15:59.123] - eth_getBalance
[2020/03/30 18:15:59.163] - eth_getTransactionCount
[2020/03/30 18:15:59.201] - eth_getBalance
[2020/03/30 18:15:59.238] - eth_getTransactionCount
[2020/03/30 18:15:59.754] - eth_getBalance
[2020/03/30 18:15:59.792] - eth_getTransactionCount
[2020/03/30 18:15:59.830] - eth_getBalance
[2020/03/30 18:15:59.867] - eth_getTransactionCount
[2020/03/30 18:15:59.904] - eth_getBalance
[2020/03/30 18:15:59.940] - eth_getTransactionCount
[2020/03/30 18:15:59.977] - eth_getBalance
[2020/03/30 18:16:00.016] - eth_getTransactionCount
[2020/03/30 18:16:00.063] - eth_getBalance
[2020/03/30 18:16:00.101] - eth_getTransactionCount
[2020/03/30 18:16:00.137] - eth_getBalance
[2020/03/30 18:16:00.173] - eth_getTransactionCount
[2020/03/30 18:16:00.209] - eth_getBalance
[2020/03/30 18:16:00.246] - eth_getTransactionCount
[2020/03/30 18:16:00.294] - eth_getBalance
[2020/03/30 18:16:00.336] - eth_getTransactionCount
[2020/03/30 18:16:00.383] - eth_getBalance
[2020/03/30 18:16:00.421] - eth_getTransactionCount
[2020/03/30 18:16:00.458] - eth_getBalance
[2020/03/30 18:16:00.494] - eth_getTransactionCount
[2020/03/30 18:16:10.713] - eth_blockNumber
[2020/03/30 18:16:10.724] - net_version
[2020/03/30 18:16:10.732] - eth_accounts
[2020/03/30 18:16:10.757] - eth_getBlockByNumber
[2020/03/30 18:16:10.764] - eth_accounts
[2020/03/30 18:16:10.831] - eth_getBlockByNumber
[2020/03/30 18:16:10.836] - eth_getBlockByNumber
[2020/03/30 18:16:10.842] - eth_getBlockByNumber
[2020/03/30 18:16:10.851] - eth_estimateGas
[2020/03/30 18:16:12.322] - eth_getBlockByNumber
[2020/03/30 18:16:12.323] - eth_blockNumber
[2020/03/30 18:16:12.329] - eth_sendTransaction
[2020/03/30 18:16:12.371] - 
[2020/03/30 18:16:12.371] -   Transaction: 0xa15906dc54dc80d085902ac262d297a4abf155f30b94c0f43c15555013adc3d0
[2020/03/30 18:16:12.371] -   Contract created: 0xd7e7352a167ab61ceecb2cba2c6a2c6e11a4bbb1
[2020/03/30 18:16:12.371] -   Gas usage: 188483
[2020/03/30 18:16:12.371] -   Block Number: 274
[2020/03/30 18:16:12.371] -   Block Time: Mon Mar 30 2020 18:16:12 GMT+0100 (IST)
[2020/03/30 18:16:12.371] - 
[2020/03/30 18:16:12.372] - eth_getBlockByNumber
[2020/03/30 18:16:12.373] - eth_getTransactionReceipt
[2020/03/30 18:16:12.382] - eth_getCode
[2020/03/30 18:16:12.394] - eth_getTransactionByHash
[2020/03/30 18:16:12.411] - eth_getBlockByNumber
[2020/03/30 18:16:12.423] - eth_getBalance
[2020/03/30 18:16:12.434] - eth_getBlockByNumber
[2020/03/30 18:16:12.440] - eth_getBlockByNumber
[2020/03/30 18:16:12.449] - eth_sendTransaction
[2020/03/30 18:16:12.501] - 
[2020/03/30 18:16:12.501] -   Transaction: 0x4f585c205ad1d1ba51402a05cff7757f134ad1dc6ba5e9f475d87e0981b301a6
[2020/03/30 18:16:12.501] -   Gas usage: 42001
[2020/03/30 18:16:12.501] -   Block Number: 275
[2020/03/30 18:16:12.501] -   Block Time: Mon Mar 30 2020 18:16:12 GMT+0100 (IST)
[2020/03/30 18:16:12.501] - 
[2020/03/30 18:16:12.502] - eth_getBlockByNumber
[2020/03/30 18:16:12.503] - eth_getTransactionReceipt
[2020/03/30 18:16:12.519] - eth_getBlockByNumber
[2020/03/30 18:16:12.533] - eth_accounts
[2020/03/30 18:16:12.638] - eth_getBlockByNumber
[2020/03/30 18:16:12.647] - eth_getBlockByNumber
[2020/03/30 18:16:12.652] - eth_getBlockByNumber
[2020/03/30 18:16:12.658] - eth_estimateGas
[2020/03/30 18:16:12.684] - eth_getBalance
[2020/03/30 18:16:12.691] - eth_getBlockByNumber
[2020/03/30 18:16:12.691] - eth_blockNumber
[2020/03/30 18:16:12.697] - eth_sendTransaction
[2020/03/30 18:16:12.754] - 
[2020/03/30 18:16:12.754] -   Transaction: 0x098a434186261a71d8d329aca2b09de2027236a7663575a145f00af00bf7ea8b
[2020/03/30 18:16:12.754] -   Contract created: 0x07b8a2e704bc54ed06b80d72aa63bd399f795989
[2020/03/30 18:16:12.754] -   Gas usage: 1535224
[2020/03/30 18:16:12.754] -   Block Number: 276
[2020/03/30 18:16:12.755] -   Block Time: Mon Mar 30 2020 18:16:12 GMT+0100 (IST)
[2020/03/30 18:16:12.755] - 
[2020/03/30 18:16:12.755] - eth_getBlockByNumber
[2020/03/30 18:16:12.756] - eth_getTransactionCount
[2020/03/30 18:16:12.757] - eth_getTransactionReceipt
[2020/03/30 18:16:12.771] - eth_getCode
[2020/03/30 18:16:12.780] - eth_getTransactionByHash
[2020/03/30 18:16:12.789] - eth_getBlockByNumber
[2020/03/30 18:16:12.800] - eth_getBalance
[2020/03/30 18:16:12.844] - eth_getBalance
[2020/03/30 18:16:12.893] - eth_getBlockByNumber
[2020/03/30 18:16:12.901] - eth_getBlockByNumber
[2020/03/30 18:16:12.909] - eth_sendTransaction
[2020/03/30 18:16:12.966] - 
[2020/03/30 18:16:12.966] -   Transaction: 0x3521d7fd4f4021d065e4876946b1646f7ceaa9c3103f794d6b925dc3ee372bfb
[2020/03/30 18:16:12.966] -   Gas usage: 27001
[2020/03/30 18:16:12.966] -   Block Number: 277
[2020/03/30 18:16:12.967] -   Block Time: Mon Mar 30 2020 18:16:12 GMT+0100 (IST)
[2020/03/30 18:16:12.967] - 
[2020/03/30 18:16:12.967] - eth_getBlockByNumber
[2020/03/30 18:16:12.968] - eth_getTransactionReceipt
[2020/03/30 18:16:12.971] - eth_getTransactionCount
[2020/03/30 18:16:12.984] - eth_getBlockByNumber
[2020/03/30 18:16:12.988] - eth_accounts
[2020/03/30 18:16:13.069] - eth_getBlockByNumber
[2020/03/30 18:16:13.075] - eth_getBlockByNumber
[2020/03/30 18:16:13.080] - eth_getBlockByNumber
[2020/03/30 18:16:13.086] - eth_estimateGas
[2020/03/30 18:16:13.108] - eth_getBlockByNumber
[2020/03/30 18:16:13.109] - eth_blockNumber
[2020/03/30 18:16:13.116] - eth_sendTransaction
[2020/03/30 18:16:13.172] - eth_getBalance
[2020/03/30 18:16:13.185] - 
[2020/03/30 18:16:13.185] -   Transaction: 0x1b8ba1c2144b59c769870d37a2373ed1936feff523238747c5b294fff452dcf6
[2020/03/30 18:16:13.186] -   Contract created: 0xa799706674de92cbe1e0fa5bb3517c5aae53506b
[2020/03/30 18:16:13.186] -   Gas usage: 1299883
[2020/03/30 18:16:13.186] -   Block Number: 278
[2020/03/30 18:16:13.186] -   Block Time: Mon Mar 30 2020 18:16:13 GMT+0100 (IST)
[2020/03/30 18:16:13.186] - 
[2020/03/30 18:16:13.188] - eth_getTransactionReceipt
[2020/03/30 18:16:13.199] - eth_getCode
[2020/03/30 18:16:13.208] - eth_getTransactionByHash
[2020/03/30 18:16:13.223] - eth_getBlockByNumber
[2020/03/30 18:16:13.238] - eth_getBalance
[2020/03/30 18:16:13.248] - eth_getBlockByNumber
[2020/03/30 18:16:13.261] - eth_getTransactionCount
[2020/03/30 18:16:13.315] - eth_getBlockByNumber
[2020/03/30 18:16:13.322] - eth_getBlockByNumber
[2020/03/30 18:16:13.329] - eth_sendTransaction
[2020/03/30 18:16:13.355] - eth_getBalance
[2020/03/30 18:16:13.380] - 
[2020/03/30 18:16:13.381] -   Transaction: 0x382d5369a43269efc86f2ec1b971af823ba770bd27731daf615c12c9b755207a
[2020/03/30 18:16:13.381] -   Gas usage: 27001
[2020/03/30 18:16:13.381] -   Block Number: 279
[2020/03/30 18:16:13.381] -   Block Time: Mon Mar 30 2020 18:16:13 GMT+0100 (IST)
[2020/03/30 18:16:13.381] - 
[2020/03/30 18:16:13.382] - eth_getBlockByNumber
[2020/03/30 18:16:13.384] - eth_getTransactionReceipt
[2020/03/30 18:16:13.400] - eth_getBlockByNumber
[2020/03/30 18:16:13.405] - eth_accounts
[2020/03/30 18:16:13.426] - eth_getTransactionCount
[2020/03/30 18:16:13.464] - eth_getBlockByNumber
[2020/03/30 18:16:13.472] - eth_getBlockByNumber
[2020/03/30 18:16:13.488] - eth_getBlockByNumber
[2020/03/30 18:16:13.508] - eth_estimateGas
[2020/03/30 18:16:13.529] - eth_getBlockByNumber
[2020/03/30 18:16:13.530] - eth_blockNumber
[2020/03/30 18:16:13.533] - eth_getBalance
[2020/03/30 18:16:13.537] - eth_sendTransaction
[2020/03/30 18:16:13.596] - 
[2020/03/30 18:16:13.596] -   Transaction: 0x435f4d7044b12d8a1fef6622d525f7957a1f6aa3753e85d996398e83a9fea27e
[2020/03/30 18:16:13.596] -   Contract created: 0x41971e01348860e59b07bc4bfb2b2880ff6d47cd
[2020/03/30 18:16:13.597] -   Gas usage: 1489467
[2020/03/30 18:16:13.597] -   Block Number: 280
[2020/03/30 18:16:13.597] -   Block Time: Mon Mar 30 2020 18:16:13 GMT+0100 (IST)
[2020/03/30 18:16:13.597] - 
[2020/03/30 18:16:13.599] - eth_getTransactionReceipt
[2020/03/30 18:16:13.606] - eth_getCode
[2020/03/30 18:16:13.614] - eth_getTransactionByHash
[2020/03/30 18:16:13.622] - eth_getBlockByNumber
[2020/03/30 18:16:13.632] - eth_getBalance
[2020/03/30 18:16:13.651] - eth_getTransactionCount
[2020/03/30 18:16:13.692] - eth_getBlockByNumber
[2020/03/30 18:16:13.711] - eth_getBlockByNumber
[2020/03/30 18:16:13.727] - eth_sendTransaction
[2020/03/30 18:16:13.797] - eth_getBalance
[2020/03/30 18:16:13.798] - eth_getBlockByNumber
[2020/03/30 18:16:13.814] - 
[2020/03/30 18:16:13.814] -   Transaction: 0x1dee8e693284d39ed340c1ad9817310beb284a4b6ac5c75a7506d118412f68dc
[2020/03/30 18:16:13.814] -   Gas usage: 27001
[2020/03/30 18:16:13.814] -   Block Number: 281
[2020/03/30 18:16:13.815] -   Block Time: Mon Mar 30 2020 18:16:13 GMT+0100 (IST)
[2020/03/30 18:16:13.815] - 
[2020/03/30 18:16:13.821] - eth_getBlockByNumber
[2020/03/30 18:16:13.824] - eth_getTransactionReceipt
[2020/03/30 18:16:13.892] - eth_getTransactionCount
[2020/03/30 18:16:13.988] - eth_getBalance
[2020/03/30 18:16:14.053] - eth_getTransactionCount
[2020/03/30 18:16:14.119] - eth_getBalance
[2020/03/30 18:16:14.157] - eth_getTransactionCount
[2020/03/30 18:16:14.194] - eth_getBalance
[2020/03/30 18:16:14.233] - eth_getTransactionCount
[2020/03/30 18:16:14.285] - eth_getBalance
[2020/03/30 18:16:14.324] - eth_getTransactionCount
[2020/03/30 18:16:14.414] - eth_getBalance
[2020/03/30 18:16:14.451] - eth_getTransactionCount
[2020/03/30 18:16:14.488] - eth_getBalance
[2020/03/30 18:16:14.529] - eth_getTransactionCount
[2020/03/30 18:16:14.566] - eth_getBalance
[2020/03/30 18:16:14.601] - eth_getTransactionCount
[2020/03/30 18:16:14.668] - eth_getBalance
[2020/03/30 18:16:14.720] - eth_getTransactionCount
[2020/03/30 18:16:14.757] - eth_getBalance
[2020/03/30 18:16:14.799] - eth_getTransactionCount
[2020/03/30 18:16:14.836] - eth_getBalance
[2020/03/30 18:16:14.872] - eth_getTransactionCount
[2020/03/30 18:16:14.922] - eth_getBalance
[2020/03/30 18:16:15.022] - eth_getTransactionCount
[2020/03/30 18:16:15.068] - eth_getBalance
[2020/03/30 18:16:15.105] - eth_getTransactionCount
[2020/03/30 18:16:15.146] - eth_getBalance
[2020/03/30 18:16:15.183] - eth_getTransactionCount
[2020/03/30 18:16:15.220] - eth_getBalance
[2020/03/30 18:16:15.258] - eth_getTransactionCount
[2020/03/30 18:16:16.660] - eth_blockNumber
[2020/03/30 18:16:16.668] - eth_getBlockByNumber
[2020/03/30 18:16:16.678] - eth_blockNumber
[2020/03/30 18:16:16.684] - eth_getBlockByNumber
[2020/03/30 18:16:19.237] - eth_getBalance
[2020/03/30 18:16:19.280] - eth_getTransactionCount
[2020/03/30 18:16:19.328] - eth_getBalance
[2020/03/30 18:16:19.373] - eth_getTransactionCount
[2020/03/30 18:16:19.418] - eth_getBalance
[2020/03/30 18:16:19.457] - eth_getTransactionCount
[2020/03/30 18:16:19.497] - eth_getBalance
[2020/03/30 18:16:19.537] - eth_getTransactionCount
[2020/03/30 18:16:19.585] - eth_getBalance
[2020/03/30 18:16:19.627] - eth_getTransactionCount
[2020/03/30 18:16:19.676] - eth_getBalance
[2020/03/30 18:16:19.726] - eth_getTransactionCount
[2020/03/30 18:16:19.765] - eth_getBalance
[2020/03/30 18:16:19.804] - eth_getTransactionCount
[2020/03/30 18:16:19.845] - eth_getBalance
[2020/03/30 18:16:19.883] - eth_getTransactionCount
[2020/03/30 18:16:19.922] - eth_getBalance
[2020/03/30 18:16:19.969] - eth_getTransactionCount
[2020/03/30 18:16:20.020] - eth_getBalance
[2020/03/30 18:16:20.060] - eth_getTransactionCount
[2020/03/30 18:16:20.540] - eth_getBalance
[2020/03/30 18:16:20.580] - eth_getTransactionCount
[2020/03/30 18:16:20.631] - eth_getBalance
[2020/03/30 18:16:20.684] - eth_getTransactionCount
[2020/03/30 18:16:20.724] - eth_getBalance
[2020/03/30 18:16:20.764] - eth_getTransactionCount
[2020/03/30 18:16:20.803] - eth_getBalance
[2020/03/30 18:16:20.842] - eth_getTransactionCount
[2020/03/30 18:16:20.881] - eth_getBalance
[2020/03/30 18:16:20.943] - eth_getTransactionCount
[2020/03/30 18:16:21.028] - eth_getBalance
[2020/03/30 18:16:21.073] - eth_getTransactionCount
[2020/03/30 18:16:21.113] - eth_getBalance
[2020/03/30 18:16:21.152] - eth_getTransactionCount
[2020/03/30 18:16:21.199] - eth_getBalance
[2020/03/30 18:16:21.240] - eth_getTransactionCount
[2020/03/30 18:16:21.299] - eth_getBalance
[2020/03/30 18:16:21.339] - eth_getTransactionCount
[2020/03/30 18:16:21.377] - eth_getBalance
[2020/03/30 18:16:21.415] - eth_getTransactionCount
[2020/03/30 18:16:21.770] - eth_getBalance
[2020/03/30 18:16:21.808] - eth_getTransactionCount
[2020/03/30 18:16:21.847] - eth_getBalance
[2020/03/30 18:16:21.890] - eth_getTransactionCount
[2020/03/30 18:16:21.948] - eth_getBalance
[2020/03/30 18:16:21.985] - eth_getTransactionCount
[2020/03/30 18:16:22.023] - eth_getBalance
[2020/03/30 18:16:22.072] - eth_getTransactionCount
[2020/03/30 18:16:22.113] - eth_getBalance
[2020/03/30 18:16:22.151] - eth_getTransactionCount
[2020/03/30 18:16:22.202] - eth_getBalance
[2020/03/30 18:16:22.243] - eth_getTransactionCount
[2020/03/30 18:16:22.304] - eth_getBalance
[2020/03/30 18:16:22.346] - eth_getTransactionCount
[2020/03/30 18:16:22.396] - eth_getBalance
[2020/03/30 18:16:22.436] - eth_getTransactionCount
[2020/03/30 18:16:22.473] - eth_getBalance
[2020/03/30 18:16:22.522] - eth_getTransactionCount
[2020/03/30 18:16:22.619] - eth_getBalance
[2020/03/30 18:16:22.687] - eth_getTransactionCount
[2020/03/30 18:16:22.727] - eth_getBalance
[2020/03/30 18:16:22.765] - eth_getTransactionCount
[2020/03/30 18:16:22.811] - eth_getBalance
[2020/03/30 18:16:22.853] - eth_getTransactionCount
[2020/03/30 18:16:22.892] - eth_getBalance
[2020/03/30 18:16:22.930] - eth_getTransactionCount
[2020/03/30 18:16:22.969] - eth_getBalance
[2020/03/30 18:16:23.016] - eth_getTransactionCount
[2020/03/30 18:16:23.054] - eth_getBalance
[2020/03/30 18:16:23.093] - eth_getTransactionCount
[2020/03/30 18:16:23.144] - eth_getBalance
[2020/03/30 18:16:23.183] - eth_getTransactionCount
[2020/03/30 18:16:23.222] - eth_getBalance
[2020/03/30 18:16:23.264] - eth_getTransactionCount
[2020/03/30 18:16:23.313] - eth_getBalance
[2020/03/30 18:16:23.352] - eth_getTransactionCount
[2020/03/30 18:16:23.402] - eth_getBalance
[2020/03/30 18:16:23.445] - eth_getTransactionCount
[2020/03/30 18:16:23.841] - eth_getBalance
[2020/03/30 18:16:23.880] - eth_getTransactionCount
[2020/03/30 18:16:23.920] - eth_getBalance
[2020/03/30 18:16:23.960] - eth_getTransactionCount
[2020/03/30 18:16:23.999] - eth_getBalance
[2020/03/30 18:16:24.039] - eth_getTransactionCount
[2020/03/30 18:16:24.090] - eth_getBalance
[2020/03/30 18:16:24.130] - eth_getTransactionCount
[2020/03/30 18:16:24.168] - eth_getBalance
[2020/03/30 18:16:24.206] - eth_getTransactionCount
[2020/03/30 18:16:24.255] - eth_getBalance
[2020/03/30 18:16:24.303] - eth_getTransactionCount
[2020/03/30 18:16:24.341] - eth_getBalance
[2020/03/30 18:16:24.390] - eth_getTransactionCount
[2020/03/30 18:16:24.430] - eth_getBalance
[2020/03/30 18:16:24.469] - eth_getTransactionCount
[2020/03/30 18:16:24.507] - eth_getBalance
[2020/03/30 18:16:24.546] - eth_getTransactionCount
[2020/03/30 18:16:24.592] - eth_getBalance
[2020/03/30 18:16:24.641] - eth_getTransactionCount
[2020/03/30 18:16:25.151] - eth_getBalance
[2020/03/30 18:16:25.190] - eth_getTransactionCount
[2020/03/30 18:16:25.229] - eth_getBalance
[2020/03/30 18:16:25.274] - eth_getTransactionCount
[2020/03/30 18:16:25.341] - eth_getBalance
[2020/03/30 18:16:25.381] - eth_getTransactionCount
[2020/03/30 18:16:25.420] - eth_getBalance
[2020/03/30 18:16:25.459] - eth_getTransactionCount
[2020/03/30 18:16:25.497] - eth_getBalance
[2020/03/30 18:16:25.536] - eth_getTransactionCount
[2020/03/30 18:16:25.576] - eth_getBalance
[2020/03/30 18:16:25.621] - eth_getTransactionCount
[2020/03/30 18:16:25.679] - eth_getBalance
[2020/03/30 18:16:25.719] - eth_getTransactionCount
[2020/03/30 18:16:25.759] - eth_getBalance
[2020/03/30 18:16:25.798] - eth_getTransactionCount
[2020/03/30 18:16:36.670] - eth_blockNumber
[2020/03/30 18:16:36.685] - eth_blockNumber
[2020/03/30 18:16:56.682] - eth_blockNumber
[2020/03/30 18:16:56.695] - eth_blockNumber
[2020/03/30 18:17:16.695] - eth_blockNumber
[2020/03/30 18:17:16.707] - eth_blockNumber
[2020/03/30 18:17:36.707] - eth_blockNumber
[2020/03/30 18:17:36.716] - eth_blockNumber
[2020/03/30 18:17:56.717] - eth_blockNumber
[2020/03/30 18:17:56.727] - eth_blockNumber
[2020/03/30 18:18:16.730] - eth_blockNumber
[2020/03/30 18:18:16.739] - eth_blockNumber
[2020/03/30 18:18:36.744] - eth_blockNumber
[2020/03/30 18:18:36.748] - eth_blockNumber
[2020/03/30 18:18:56.756] - eth_blockNumber
[2020/03/30 18:18:56.757] - eth_blockNumber
[2020/03/30 18:19:16.766] - eth_blockNumber
[2020/03/30 18:19:16.767] - eth_blockNumber
[2020/03/30 18:19:36.778] - eth_blockNumber
[2020/03/30 18:19:36.780] - eth_blockNumber
[2020/03/30 18:19:56.788] - eth_blockNumber
[2020/03/30 18:19:56.790] - eth_blockNumber
[2020/03/30 18:20:16.801] - eth_blockNumber
[2020/03/30 18:20:16.802] - eth_blockNumber
[2020/03/30 18:20:36.810] - eth_blockNumber
[2020/03/30 18:20:36.813] - eth_blockNumber
[2020/03/30 18:20:56.820] - eth_blockNumber
[2020/03/30 18:20:56.823] - eth_blockNumber
[2020/03/30 18:21:16.830] - eth_blockNumber
[2020/03/30 18:21:16.832] - eth_blockNumber
[2020/03/30 18:21:36.839] - eth_blockNumber
[2020/03/30 18:21:36.841] - eth_blockNumber
[2020/03/30 18:21:56.851] - eth_blockNumber
[2020/03/30 18:21:56.853] - eth_blockNumber
[2020/03/30 18:22:16.862] - eth_blockNumber
[2020/03/30 18:22:16.866] - eth_blockNumber
[2020/03/30 18:22:36.873] - eth_blockNumber
[2020/03/30 18:22:36.875] - eth_blockNumber
[2020/03/30 18:22:56.885] - eth_blockNumber
[2020/03/30 18:22:56.887] - eth_blockNumber
[2020/03/30 18:23:16.895] - eth_blockNumber
[2020/03/30 18:23:16.896] - eth_blockNumber
[2020/03/30 18:23:36.903] - eth_blockNumber
[2020/03/30 18:23:36.907] - eth_blockNumber
[2020/03/30 18:23:56.919] - eth_blockNumber
[2020/03/30 18:23:56.920] - eth_blockNumber
[2020/03/30 18:24:16.934] - eth_blockNumber
[2020/03/30 18:24:16.936] - eth_blockNumber
[2020/03/30 18:24:36.951] - eth_blockNumber
[2020/03/30 18:24:37.003] - eth_blockNumber
[2020/03/30 18:24:56.970] - eth_blockNumber
[2020/03/30 18:24:57.061] - eth_blockNumber
[2020/03/30 18:25:16.987] - eth_blockNumber
[2020/03/30 18:25:17.086] - eth_blockNumber
[2020/03/30 18:25:20.416] - net_version
[2020/03/30 18:25:20.508] - eth_getBalance
[2020/03/30 18:25:20.654] - eth_call
[2020/03/30 18:25:36.999] - eth_blockNumber
[2020/03/30 18:25:37.095] - eth_blockNumber
[2020/03/30 18:25:57.022] - eth_blockNumber
[2020/03/30 18:25:57.102] - eth_blockNumber
[2020/03/30 18:26:01.584] - eth_gasPrice
[2020/03/30 18:26:01.645] - eth_getCode
[2020/03/30 18:26:01.696] - eth_getBlockByNumber
[2020/03/30 18:26:01.811] - eth_estimateGas
[2020/03/30 18:26:04.214] - eth_getTransactionCount
[2020/03/30 18:26:05.464] - eth_sendRawTransaction
[2020/03/30 18:26:05.640] - 
[2020/03/30 18:26:05.640] -   Transaction: 0xdb0b33a2481caeeb8c05567a5b7ec2d017e72eec98f56b2ec71d8f218e7f807e
[2020/03/30 18:26:05.640] -   Gas usage: 301592
[2020/03/30 18:26:05.640] -   Block Number: 282
[2020/03/30 18:26:05.640] -   Block Time: Mon Mar 30 2020 18:26:05 GMT+0100 (IST)
[2020/03/30 18:26:05.640] - 
[2020/03/30 18:26:05.641] - eth_getBlockByNumber
[2020/03/30 18:26:05.799] - eth_getBalance
[2020/03/30 18:26:05.856] - eth_getTransactionCount
[2020/03/30 18:26:05.904] - eth_getBalance
[2020/03/30 18:26:05.963] - eth_getTransactionCount
[2020/03/30 18:26:06.052] - eth_getBalance
[2020/03/30 18:26:06.100] - eth_getTransactionCount
[2020/03/30 18:26:06.160] - eth_getBalance
[2020/03/30 18:26:06.224] - eth_getTransactionCount
[2020/03/30 18:26:06.267] - eth_getBalance
[2020/03/30 18:26:06.309] - eth_getTransactionCount
[2020/03/30 18:26:06.357] - eth_getBalance
[2020/03/30 18:26:06.452] - eth_getTransactionCount
[2020/03/30 18:26:06.533] - eth_getBalance
[2020/03/30 18:26:06.583] - eth_getTransactionCount
[2020/03/30 18:26:06.626] - eth_getBalance
[2020/03/30 18:26:06.691] - eth_getTransactionCount
[2020/03/30 18:26:06.744] - eth_getBalance
[2020/03/30 18:26:06.785] - eth_getTransactionCount
[2020/03/30 18:26:06.829] - eth_getBalance
[2020/03/30 18:26:06.889] - eth_getTransactionCount
[2020/03/30 18:26:07.192] - eth_getTransactionReceipt
[2020/03/30 18:26:08.283] - eth_blockNumber
[2020/03/30 18:26:08.501] - eth_getBlockByNumber
[2020/03/30 18:26:08.529] - eth_getBlockByNumber
[2020/03/30 18:26:08.636] - eth_getTransactionReceipt
[2020/03/30 18:26:08.747] - eth_getBalance
[2020/03/30 18:26:08.757] - eth_getTransactionCount
[2020/03/30 18:26:08.800] - eth_call
[2020/03/30 18:26:09.016] - eth_call
[2020/03/30 18:26:17.034] - eth_blockNumber
[2020/03/30 18:26:17.044] - eth_getBlockByNumber
[2020/03/30 18:26:17.108] - eth_blockNumber
[2020/03/30 18:26:37.049] - eth_blockNumber
[2020/03/30 18:26:37.132] - eth_blockNumber
[2020/03/30 18:26:57.060] - eth_blockNumber
[2020/03/30 18:26:57.177] - eth_blockNumber
[2020/03/30 18:27:17.070] - eth_blockNumber
[2020/03/30 18:27:17.192] - eth_blockNumber
[2020/03/30 18:27:37.082] - eth_blockNumber
[2020/03/30 18:27:37.204] - eth_blockNumber
[2020/03/30 18:27:57.093] - eth_blockNumber
[2020/03/30 18:27:57.212] - eth_blockNumber
[2020/03/30 18:28:17.105] - eth_blockNumber
[2020/03/30 18:28:17.219] - eth_blockNumber
[2020/03/30 18:28:37.117] - eth_blockNumber
[2020/03/30 18:28:37.236] - eth_blockNumber
[2020/03/30 18:28:57.130] - eth_blockNumber
[2020/03/30 18:28:57.261] - eth_blockNumber
[2020/03/30 18:29:17.141] - eth_blockNumber
[2020/03/30 18:29:17.274] - eth_blockNumber
[2020/03/30 18:29:37.154] - eth_blockNumber
[2020/03/30 18:29:37.285] - eth_blockNumber
[2020/03/30 18:29:57.169] - eth_blockNumber
[2020/03/30 18:29:57.294] - eth_blockNumber
[2020/03/30 18:30:17.181] - eth_blockNumber
[2020/03/30 18:30:17.303] - eth_blockNumber
[2020/03/30 18:30:37.191] - eth_blockNumber
[2020/03/30 18:30:37.316] - eth_blockNumber
[2020/03/30 18:30:57.199] - eth_blockNumber
[2020/03/30 18:30:57.322] - eth_blockNumber
[2020/03/30 18:31:17.217] - eth_blockNumber
[2020/03/30 18:31:17.341] - eth_blockNumber
[2020/03/30 18:31:37.234] - eth_blockNumber
[2020/03/30 18:31:37.357] - eth_blockNumber
[2020/03/30 18:31:57.244] - eth_blockNumber
[2020/03/30 18:31:57.376] - eth_blockNumber
[2020/03/30 18:32:17.260] - eth_blockNumber
[2020/03/30 18:32:17.391] - eth_blockNumber
[2020/03/30 18:32:37.273] - eth_blockNumber
[2020/03/30 18:32:37.405] - eth_blockNumber
[2020/03/30 18:32:57.290] - eth_blockNumber
[2020/03/30 18:32:57.426] - eth_blockNumber
[2020/03/30 18:33:17.305] - eth_blockNumber
[2020/03/30 18:33:17.445] - eth_blockNumber
[2020/03/30 18:33:37.317] - eth_blockNumber
[2020/03/30 18:33:37.460] - eth_blockNumber
[2020/03/30 18:33:57.330] - eth_blockNumber
[2020/03/30 18:33:57.470] - eth_blockNumber
[2020/03/30 18:34:17.347] - eth_blockNumber
[2020/03/30 18:34:17.479] - eth_blockNumber
[2020/03/30 18:34:37.359] - eth_blockNumber
[2020/03/30 18:34:37.489] - eth_blockNumber
[2020/03/30 18:34:57.373] - eth_blockNumber
[2020/03/30 18:34:57.498] - eth_blockNumber
[2020/03/30 18:35:17.389] - eth_blockNumber
[2020/03/30 18:35:17.509] - eth_blockNumber
[2020/03/30 18:35:37.402] - eth_blockNumber
[2020/03/30 18:35:37.518] - eth_blockNumber
[2020/03/30 18:35:57.424] - eth_blockNumber
[2020/03/30 18:35:57.542] - eth_blockNumber
[2020/03/30 18:36:03.169] - net_version
[2020/03/30 18:36:12.737] - eth_blockNumber
[2020/03/30 18:36:12.744] - net_version
[2020/03/30 18:36:12.748] - eth_accounts
[2020/03/30 18:36:12.790] - eth_getBlockByNumber
[2020/03/30 18:36:12.804] - eth_accounts
[2020/03/30 18:36:12.873] - eth_getBlockByNumber
[2020/03/30 18:36:12.884] - eth_getBlockByNumber
[2020/03/30 18:36:12.893] - eth_getBlockByNumber
[2020/03/30 18:36:12.912] - eth_estimateGas
[2020/03/30 18:36:15.528] - eth_getBlockByNumber
[2020/03/30 18:36:15.529] - eth_blockNumber
[2020/03/30 18:36:15.535] - eth_sendTransaction
[2020/03/30 18:36:15.581] - 
[2020/03/30 18:36:15.582] -   Transaction: 0x9c8ad75041beccc5704a2d32388a82c22093c444411f408b40a74b0b991335ab
[2020/03/30 18:36:15.582] -   Contract created: 0x3318f8b4f30bed906f2c15e5ac86dbdd239a7bea
[2020/03/30 18:36:15.583] -   Gas usage: 188483
[2020/03/30 18:36:15.583] -   Block Number: 283
[2020/03/30 18:36:15.583] -   Block Time: Mon Mar 30 2020 18:36:15 GMT+0100 (IST)
[2020/03/30 18:36:15.583] - 
[2020/03/30 18:36:15.584] - eth_getBlockByNumber
[2020/03/30 18:36:15.587] - eth_getTransactionReceipt
[2020/03/30 18:36:15.609] - eth_getCode
[2020/03/30 18:36:15.634] - eth_getTransactionByHash
[2020/03/30 18:36:15.654] - eth_getBlockByNumber
[2020/03/30 18:36:15.664] - eth_getBalance
[2020/03/30 18:36:15.681] - eth_getBlockByNumber
[2020/03/30 18:36:15.696] - eth_getBlockByNumber
[2020/03/30 18:36:15.720] - eth_sendTransaction
[2020/03/30 18:36:15.788] - 
[2020/03/30 18:36:15.788] -   Transaction: 0x2b58583f55821eed7f01c29d605be3964e23be02573e884e5fd3e590eaf25713
[2020/03/30 18:36:15.789] -   Gas usage: 42001
[2020/03/30 18:36:15.789] -   Block Number: 284
[2020/03/30 18:36:15.790] -   Block Time: Mon Mar 30 2020 18:36:15 GMT+0100 (IST)
[2020/03/30 18:36:15.790] - 
[2020/03/30 18:36:15.793] - eth_getBlockByNumber
[2020/03/30 18:36:15.800] - eth_getTransactionReceipt
[2020/03/30 18:36:15.833] - eth_getBlockByNumber
[2020/03/30 18:36:15.848] - eth_accounts
[2020/03/30 18:36:15.963] - eth_getBlockByNumber
[2020/03/30 18:36:15.968] - eth_getBlockByNumber
[2020/03/30 18:36:15.973] - eth_getBlockByNumber
[2020/03/30 18:36:15.985] - eth_estimateGas
[2020/03/30 18:36:16.041] - eth_getBlockByNumber
[2020/03/30 18:36:16.044] - eth_blockNumber
[2020/03/30 18:36:16.057] - eth_sendTransaction
[2020/03/30 18:36:16.216] - 
[2020/03/30 18:36:16.219] -   Transaction: 0xb8c34cb4554126df60c93f86cfb10ea9999da0d0c1ed7385c1d4757706cc12fa
[2020/03/30 18:36:16.220] -   Contract created: 0xec13213d3ba7b59a45cc48f2e00f73b7db6a537a
[2020/03/30 18:36:16.220] -   Gas usage: 1535224
[2020/03/30 18:36:16.220] -   Block Number: 285
[2020/03/30 18:36:16.221] -   Block Time: Mon Mar 30 2020 18:36:16 GMT+0100 (IST)
[2020/03/30 18:36:16.221] - 
[2020/03/30 18:36:16.224] - eth_getBlockByNumber
[2020/03/30 18:36:16.229] - eth_getTransactionReceipt
[2020/03/30 18:36:16.253] - eth_getCode
[2020/03/30 18:36:16.283] - eth_getTransactionByHash
[2020/03/30 18:36:16.323] - eth_getBlockByNumber
[2020/03/30 18:36:16.341] - eth_getBalance
[2020/03/30 18:36:16.352] - eth_getBalance
[2020/03/30 18:36:16.451] - eth_getBlockByNumber
[2020/03/30 18:36:16.475] - eth_getBlockByNumber
[2020/03/30 18:36:16.487] - eth_sendTransaction
[2020/03/30 18:36:16.511] - eth_getTransactionCount
[2020/03/30 18:36:16.514] - 
[2020/03/30 18:36:16.514] -   Transaction: 0xcaad0ca6bd582861215fd9c86694bfc45bfd967129165b0b137abc8eaf1a5e19
[2020/03/30 18:36:16.514] -   Gas usage: 27001
[2020/03/30 18:36:16.514] -   Block Number: 286
[2020/03/30 18:36:16.514] -   Block Time: Mon Mar 30 2020 18:36:16 GMT+0100 (IST)
[2020/03/30 18:36:16.514] - 
[2020/03/30 18:36:16.515] - eth_getBlockByNumber
[2020/03/30 18:36:16.517] - eth_getTransactionReceipt
[2020/03/30 18:36:16.556] - eth_getBlockByNumber
[2020/03/30 18:36:16.576] - eth_accounts
[2020/03/30 18:36:16.699] - eth_getBlockByNumber
[2020/03/30 18:36:16.712] - eth_getBlockByNumber
[2020/03/30 18:36:16.717] - eth_getBlockByNumber
[2020/03/30 18:36:16.722] - eth_estimateGas
[2020/03/30 18:36:16.726] - eth_getBalance
[2020/03/30 18:36:16.754] - eth_getBlockByNumber
[2020/03/30 18:36:16.755] - eth_blockNumber
[2020/03/30 18:36:16.776] - eth_sendTransaction
[2020/03/30 18:36:16.898] - 
[2020/03/30 18:36:16.898] -   Transaction: 0x6149172a30c35a00dddfd21463ccbc061aaf7dd4f755a1608d3bbe74fd8ac97c
[2020/03/30 18:36:16.898] -   Contract created: 0x2c7c9c18e4879758a4c2283c5911fa883441b94d
[2020/03/30 18:36:16.898] -   Gas usage: 1299883
[2020/03/30 18:36:16.899] -   Block Number: 287
[2020/03/30 18:36:16.899] -   Block Time: Mon Mar 30 2020 18:36:16 GMT+0100 (IST)
[2020/03/30 18:36:16.899] - 
[2020/03/30 18:36:16.900] - eth_getTransactionReceipt
[2020/03/30 18:36:16.918] - eth_getCode
[2020/03/30 18:36:16.926] - eth_getTransactionByHash
[2020/03/30 18:36:16.943] - eth_getBlockByNumber
[2020/03/30 18:36:16.960] - eth_getBalance
[2020/03/30 18:36:17.066] - eth_getBlockByNumber
[2020/03/30 18:36:17.077] - eth_getBlockByNumber
[2020/03/30 18:36:17.103] - eth_getBlockByNumber
[2020/03/30 18:36:17.126] - eth_sendTransaction
[2020/03/30 18:36:17.143] - eth_getTransactionCount
[2020/03/30 18:36:17.358] - eth_getBalance
[2020/03/30 18:36:17.379] - 
[2020/03/30 18:36:17.381] -   Transaction: 0x05a87059f6966105b0b1663210d0da18a5902104bdf00f47082cf47a1927987f
[2020/03/30 18:36:17.382] -   Gas usage: 27001
[2020/03/30 18:36:17.382] -   Block Number: 288
[2020/03/30 18:36:17.383] -   Block Time: Mon Mar 30 2020 18:36:17 GMT+0100 (IST)
[2020/03/30 18:36:17.383] - 
[2020/03/30 18:36:17.391] - eth_getBlockByNumber
[2020/03/30 18:36:17.394] - eth_getTransactionReceipt
[2020/03/30 18:36:17.468] - eth_getBlockByNumber
[2020/03/30 18:36:17.474] - eth_blockNumber
[2020/03/30 18:36:17.508] - eth_accounts
[2020/03/30 18:36:17.527] - eth_getBlockByNumber
[2020/03/30 18:36:17.538] - eth_getTransactionCount
[2020/03/30 18:36:17.562] - eth_blockNumber
[2020/03/30 18:36:17.578] - eth_getBlockByNumber
[2020/03/30 18:36:17.579] - net_version
[2020/03/30 18:36:17.589] - eth_getBlockByNumber
[2020/03/30 18:36:17.619] - eth_getBlockByNumber
[2020/03/30 18:36:17.635] - net_version
[2020/03/30 18:36:17.649] - eth_getBlockByNumber
[2020/03/30 18:36:17.678] - eth_estimateGas
[2020/03/30 18:36:17.728] - eth_getBalance
[2020/03/30 18:36:17.816] - net_version
[2020/03/30 18:36:17.820] - eth_blockNumber
[2020/03/30 18:36:17.847] - eth_getBlockByNumber
[2020/03/30 18:36:17.882] - eth_sendTransaction
[2020/03/30 18:36:17.948] - eth_getTransactionCount
[2020/03/30 18:36:17.952] - 
[2020/03/30 18:36:17.952] -   Transaction: 0xe5f9f430691d622db6b911d9f8fab227bfaaa61fb2acf44aea149ce41650e62d
[2020/03/30 18:36:17.952] -   Contract created: 0xf9d005d86a39943fecb1f8fba0bf352c7dccfb90
[2020/03/30 18:36:17.952] -   Gas usage: 1489467
[2020/03/30 18:36:17.952] -   Block Number: 289
[2020/03/30 18:36:17.953] -   Block Time: Mon Mar 30 2020 18:36:17 GMT+0100 (IST)
[2020/03/30 18:36:17.953] - 
[2020/03/30 18:36:17.954] - eth_getTransactionReceipt
[2020/03/30 18:36:17.963] - eth_getBlockByNumber
[2020/03/30 18:36:17.977] - eth_getCode
[2020/03/30 18:36:17.984] - eth_getTransactionByHash
[2020/03/30 18:36:17.996] - eth_getBlockByNumber
[2020/03/30 18:36:18.012] - eth_getBalance
[2020/03/30 18:36:18.070] - eth_getBlockByNumber
[2020/03/30 18:36:18.084] - eth_getBlockByNumber
[2020/03/30 18:36:18.091] - eth_sendTransaction
[2020/03/30 18:36:18.111] - eth_getBalance
[2020/03/30 18:36:18.163] - 
[2020/03/30 18:36:18.163] -   Transaction: 0xee7572a0da903fdbef5edf10632dd48dde8d4a182e129c3d55878de2eb642ef8
[2020/03/30 18:36:18.164] -   Gas usage: 27001
[2020/03/30 18:36:18.164] -   Block Number: 290
[2020/03/30 18:36:18.164] -   Block Time: Mon Mar 30 2020 18:36:18 GMT+0100 (IST)
[2020/03/30 18:36:18.164] - 
[2020/03/30 18:36:18.166] - eth_getBlockByNumber
[2020/03/30 18:36:18.167] - eth_getTransactionReceipt
[2020/03/30 18:36:18.341] - eth_getTransactionCount
[2020/03/30 18:36:18.645] - eth_getBalance
[2020/03/30 18:36:18.834] - eth_getTransactionCount
[2020/03/30 18:36:19.131] - eth_getBalance
[2020/03/30 18:36:19.392] - eth_getTransactionCount
[2020/03/30 18:36:19.677] - eth_getBalance
[2020/03/30 18:36:19.890] - eth_getTransactionCount
[2020/03/30 18:36:20.218] - eth_getBalance
[2020/03/30 18:36:20.625] - eth_getTransactionCount
[2020/03/30 18:36:20.863] - eth_getBalance
[2020/03/30 18:36:21.008] - eth_getTransactionCount
[2020/03/30 18:36:21.044] - net_version
[2020/03/30 18:36:21.145] - eth_getBalance
[2020/03/30 18:36:21.208] - eth_getBalance
[2020/03/30 18:36:21.259] - eth_getTransactionCount
[2020/03/30 18:36:21.333] - eth_getBalance
[2020/03/30 18:36:21.433] - eth_getTransactionCount
[2020/03/30 18:36:21.500] - eth_getBalance
[2020/03/30 18:36:21.586] - eth_getTransactionCount
[2020/03/30 18:36:21.636] - eth_getBalance
[2020/03/30 18:36:21.682] - eth_getTransactionCount
[2020/03/30 18:36:21.734] - eth_getBalance
[2020/03/30 18:36:21.775] - eth_getTransactionCount
[2020/03/30 18:36:21.824] - eth_getBalance
[2020/03/30 18:36:21.913] - eth_getTransactionCount
[2020/03/30 18:36:21.959] - eth_getBalance
[2020/03/30 18:36:22.005] - eth_getTransactionCount
[2020/03/30 18:36:22.044] - eth_getBalance
[2020/03/30 18:36:22.083] - eth_getTransactionCount
[2020/03/30 18:36:22.121] - eth_getBalance
[2020/03/30 18:36:22.161] - eth_getTransactionCount
[2020/03/30 18:36:22.213] - eth_getBalance
[2020/03/30 18:36:22.315] - eth_getTransactionCount
[2020/03/30 18:36:27.109] - eth_getBalance
[2020/03/30 18:36:27.153] - eth_getTransactionCount
[2020/03/30 18:36:27.195] - eth_getBalance
[2020/03/30 18:36:27.237] - eth_getTransactionCount
[2020/03/30 18:36:27.287] - eth_getBalance
[2020/03/30 18:36:27.342] - eth_getTransactionCount
[2020/03/30 18:36:27.420] - eth_getBalance
[2020/03/30 18:36:27.503] - eth_getTransactionCount
[2020/03/30 18:36:27.545] - eth_getBalance
[2020/03/30 18:36:27.597] - eth_getTransactionCount
[2020/03/30 18:36:27.655] - eth_getBalance
[2020/03/30 18:36:27.721] - eth_getTransactionCount
[2020/03/30 18:36:27.794] - eth_getBalance
[2020/03/30 18:36:27.909] - eth_getTransactionCount
[2020/03/30 18:36:27.988] - eth_getBalance
[2020/03/30 18:36:28.033] - eth_getTransactionCount
[2020/03/30 18:36:28.085] - eth_getBalance
[2020/03/30 18:36:28.134] - eth_getTransactionCount
[2020/03/30 18:36:28.175] - eth_getBalance
[2020/03/30 18:36:28.218] - eth_getTransactionCount
[2020/03/30 18:36:28.518] - eth_getBalance
[2020/03/30 18:36:28.559] - eth_getTransactionCount
[2020/03/30 18:36:28.609] - eth_getBalance
[2020/03/30 18:36:28.658] - eth_getTransactionCount
[2020/03/30 18:36:28.705] - eth_getBalance
[2020/03/30 18:36:28.791] - eth_getTransactionCount
[2020/03/30 18:36:28.852] - eth_getBalance
[2020/03/30 18:36:28.902] - eth_getTransactionCount
[2020/03/30 18:36:28.944] - eth_getBalance
[2020/03/30 18:36:28.985] - eth_getTransactionCount
[2020/03/30 18:36:29.026] - eth_getBalance
[2020/03/30 18:36:29.087] - eth_getTransactionCount
[2020/03/30 18:36:29.164] - eth_getBalance
[2020/03/30 18:36:29.252] - eth_getTransactionCount
[2020/03/30 18:36:29.293] - eth_getBalance
[2020/03/30 18:36:29.343] - eth_getTransactionCount
[2020/03/30 18:36:29.393] - eth_getBalance
[2020/03/30 18:36:29.434] - eth_getTransactionCount
[2020/03/30 18:36:29.477] - eth_getBalance
[2020/03/30 18:36:29.539] - eth_getTransactionCount
[2020/03/30 18:36:29.911] - eth_getBalance
[2020/03/30 18:36:29.965] - eth_getTransactionCount
[2020/03/30 18:36:30.054] - eth_getBalance
[2020/03/30 18:36:30.096] - eth_getTransactionCount
[2020/03/30 18:36:30.138] - eth_getBalance
[2020/03/30 18:36:30.188] - eth_getTransactionCount
[2020/03/30 18:36:30.238] - eth_getBalance
[2020/03/30 18:36:30.280] - eth_getTransactionCount
[2020/03/30 18:36:30.331] - eth_getBalance
[2020/03/30 18:36:30.377] - eth_getTransactionCount
[2020/03/30 18:36:30.461] - eth_getBalance
[2020/03/30 18:36:30.516] - eth_getTransactionCount
[2020/03/30 18:36:30.574] - eth_getBalance
[2020/03/30 18:36:30.616] - eth_getTransactionCount
[2020/03/30 18:36:30.664] - eth_getBalance
[2020/03/30 18:36:30.713] - eth_getTransactionCount
[2020/03/30 18:36:30.754] - eth_getBalance
[2020/03/30 18:36:30.798] - eth_getTransactionCount
[2020/03/30 18:36:30.865] - eth_getBalance
[2020/03/30 18:36:30.949] - eth_getTransactionCount
[2020/03/30 18:36:31.218] - eth_getBalance
[2020/03/30 18:36:31.299] - eth_getTransactionCount
[2020/03/30 18:36:31.366] - eth_getBalance
[2020/03/30 18:36:31.417] - eth_getTransactionCount
[2020/03/30 18:36:31.459] - eth_getBalance
[2020/03/30 18:36:31.503] - eth_getTransactionCount
[2020/03/30 18:36:31.544] - eth_getBalance
[2020/03/30 18:36:31.604] - eth_getTransactionCount
[2020/03/30 18:36:31.669] - eth_getBalance
[2020/03/30 18:36:31.753] - eth_getTransactionCount
[2020/03/30 18:36:31.794] - eth_getBalance
[2020/03/30 18:36:31.836] - eth_getTransactionCount
[2020/03/30 18:36:31.885] - eth_getBalance
[2020/03/30 18:36:31.937] - eth_getTransactionCount
[2020/03/30 18:36:31.979] - eth_getBalance
[2020/03/30 18:36:32.023] - eth_getTransactionCount
[2020/03/30 18:36:32.100] - eth_getBalance
[2020/03/30 18:36:32.163] - eth_getTransactionCount
[2020/03/30 18:36:32.644] - eth_getBalance
[2020/03/30 18:36:32.685] - eth_getTransactionCount
[2020/03/30 18:36:32.734] - eth_getBalance
[2020/03/30 18:36:32.775] - eth_getTransactionCount
[2020/03/30 18:36:32.817] - eth_getBalance
[2020/03/30 18:36:32.862] - eth_getTransactionCount
[2020/03/30 18:36:32.947] - eth_getBalance
[2020/03/30 18:36:33.009] - eth_getTransactionCount
[2020/03/30 18:36:33.059] - eth_getBalance
[2020/03/30 18:36:33.100] - eth_getTransactionCount
[2020/03/30 18:36:33.139] - eth_getBalance
[2020/03/30 18:36:33.180] - eth_getTransactionCount
[2020/03/30 18:36:33.229] - eth_getBalance
[2020/03/30 18:36:33.273] - eth_getTransactionCount
[2020/03/30 18:36:33.358] - eth_getBalance
[2020/03/30 18:36:33.429] - eth_getTransactionCount
[2020/03/30 18:36:33.470] - eth_getBalance
[2020/03/30 18:36:33.521] - eth_getTransactionCount
[2020/03/30 18:36:33.562] - eth_getBalance
[2020/03/30 18:36:33.606] - eth_getTransactionCount
[2020/03/30 18:36:33.672] - eth_getBalance
[2020/03/30 18:36:33.719] - eth_getTransactionCount
[2020/03/30 18:36:33.785] - eth_getBalance
[2020/03/30 18:36:33.855] - eth_getTransactionCount
[2020/03/30 18:36:33.895] - eth_getBalance
[2020/03/30 18:36:33.945] - eth_getTransactionCount
[2020/03/30 18:36:33.987] - eth_getBalance
[2020/03/30 18:36:34.039] - eth_getTransactionCount
[2020/03/30 18:36:34.081] - eth_getBalance
[2020/03/30 18:36:34.135] - eth_getTransactionCount
[2020/03/30 18:36:34.201] - eth_getBalance
[2020/03/30 18:36:34.273] - eth_getTransactionCount
[2020/03/30 18:36:34.321] - eth_getBalance
[2020/03/30 18:36:34.381] - eth_getTransactionCount
[2020/03/30 18:36:34.425] - eth_getBalance
[2020/03/30 18:36:34.469] - eth_getTransactionCount
[2020/03/30 18:36:34.510] - eth_getBalance
[2020/03/30 18:36:34.560] - eth_getTransactionCount
[2020/03/30 18:36:34.616] - eth_getBalance
[2020/03/30 18:36:34.719] - eth_getTransactionCount
[2020/03/30 18:36:37.527] - eth_blockNumber
[2020/03/30 18:36:37.532] - eth_getBlockByNumber
[2020/03/30 18:36:37.577] - eth_blockNumber
[2020/03/30 18:36:37.582] - eth_getBlockByNumber
[2020/03/30 18:36:57.536] - eth_blockNumber
[2020/03/30 18:36:57.584] - eth_blockNumber
[2020/03/30 18:37:17.544] - eth_blockNumber
[2020/03/30 18:37:17.590] - eth_blockNumber
[2020/03/30 18:37:37.552] - eth_blockNumber
[2020/03/30 18:37:37.599] - eth_blockNumber
[2020/03/30 18:37:49.641] - net_version
[2020/03/30 18:37:49.725] - eth_getBalance
[2020/03/30 18:37:49.865] - eth_call
[2020/03/30 18:37:52.755] - eth_unsubscribe
[2020/03/30 18:37:52.757] - eth_unsubscribe
[2020/03/30 18:37:53.536] - Warning: stopMining called when miner was already stopped
