[2020/05/11 16:24:32.804] - Starting server (version 2.1.2) with initial configuration: {"gasLimit":6721975,"gasPrice":20000000000,"hardfork":"petersburg","hostname":"127.0.0.1","port":7545,"network_id":5777,"default_balance_ether":100,"total_accounts":10,"unlocked_accounts":[],"locked":false,"vmErrorsOnRPCResponse":true,"verbose":false,"db_path":"/home/nash/.config/Ganache/workspaces/identity-wallet/chaindata","logDirectory":"/home/nash/Documents/Projects/Blockchain/Project/identity-wallet/wallet-web-app/logs"}
[2020/05/11 16:24:33.830] - eth_blockNumber
[2020/05/11 16:24:34.025] - eth_getBlockByNumber
[2020/05/11 16:24:34.070] - eth_getBlockByNumber
[2020/05/11 16:24:34.098] - eth_getBlockByNumber
[2020/05/11 16:24:34.103] - eth_getBlockByNumber
[2020/05/11 16:24:34.110] - eth_getBlockByNumber
[2020/05/11 16:24:34.132] - eth_getBlockByNumber
[2020/05/11 16:24:34.134] - eth_getBlockByNumber
[2020/05/11 16:24:34.138] - eth_getBlockByNumber
[2020/05/11 16:24:34.152] - eth_getBlockByNumber
[2020/05/11 16:24:34.171] - eth_getBlockByNumber
[2020/05/11 16:24:34.174] - eth_getBlockByNumber
[2020/05/11 16:24:34.190] - eth_getBlockByNumber
[2020/05/11 16:24:34.216] - eth_getBlockByNumber
[2020/05/11 16:24:34.238] - eth_getBlockByNumber
[2020/05/11 16:24:34.276] - eth_getBlockByNumber
[2020/05/11 16:24:34.300] - eth_getBlockByNumber
[2020/05/11 16:24:34.342] - eth_getBlockByNumber
[2020/05/11 16:24:34.410] - eth_getBlockByNumber
[2020/05/11 16:24:34.454] - eth_subscribe
[2020/05/11 16:24:34.506] - eth_getLogs
[2020/05/11 16:24:34.544] - eth_getBlockByNumber
[2020/05/11 16:24:34.568] - eth_subscribe
[2020/05/11 16:24:34.580] - eth_getCode
[2020/05/11 16:24:34.668] - eth_getBlockByNumber
[2020/05/11 16:24:34.704] - eth_getBlockByNumber
[2020/05/11 16:24:34.746] - eth_getBlockByNumber
[2020/05/11 16:24:34.759] - eth_getBlockByNumber
[2020/05/11 16:24:34.774] - eth_getBlockByNumber
[2020/05/11 16:24:34.810] - eth_getBlockByNumber
[2020/05/11 16:24:34.841] - eth_getBlockByNumber
[2020/05/11 16:24:34.846] - eth_getBlockByNumber
[2020/05/11 16:24:34.863] - eth_getBlockByNumber
[2020/05/11 16:24:34.875] - eth_getCode
[2020/05/11 16:24:34.903] - eth_getBlockByNumber
[2020/05/11 16:24:34.946] - eth_getBlockByNumber
[2020/05/11 16:24:34.981] - eth_getBlockByNumber
[2020/05/11 16:24:35.003] - eth_getBlockByNumber
[2020/05/11 16:24:35.020] - eth_getBlockByNumber
[2020/05/11 16:24:35.043] - eth_getBlockByNumber
[2020/05/11 16:24:35.105] - eth_getBlockByNumber
[2020/05/11 16:24:35.142] - eth_getBlockByNumber
[2020/05/11 16:24:35.162] - eth_getBlockByNumber
[2020/05/11 16:24:35.224] - eth_getBlockByNumber
[2020/05/11 16:24:35.236] - eth_getBlockByNumber
[2020/05/11 16:24:35.253] - eth_getBlockByNumber
[2020/05/11 16:24:35.270] - eth_getBlockByNumber
[2020/05/11 16:24:35.283] - eth_getCode
[2020/05/11 16:24:35.526] - eth_getCode
[2020/05/11 16:24:35.542] - eth_getCode
[2020/05/11 16:24:35.626] - eth_getCode
[2020/05/11 16:24:44.733] - eth_blockNumber
[2020/05/11 16:24:44.735] - eth_accounts
[2020/05/11 16:24:44.736] - eth_gasPrice
[2020/05/11 16:24:44.737] - eth_getBlockByNumber
[2020/05/11 16:24:44.739] - eth_subscribe
[2020/05/11 16:24:45.594] - eth_accounts
[2020/05/11 16:24:46.455] - eth_getBalance
[2020/05/11 16:24:46.606] - eth_getTransactionCount
[2020/05/11 16:24:46.722] - eth_getBalance
[2020/05/11 16:24:46.969] - eth_getTransactionCount
[2020/05/11 16:24:47.117] - eth_getBalance
[2020/05/11 16:24:47.251] - eth_getTransactionCount
[2020/05/11 16:24:47.388] - eth_getBalance
[2020/05/11 16:24:47.535] - eth_getTransactionCount
[2020/05/11 16:24:47.915] - eth_getBalance
[2020/05/11 16:24:48.086] - eth_getTransactionCount
[2020/05/11 16:24:48.269] - eth_getBalance
[2020/05/11 16:24:48.470] - eth_getTransactionCount
[2020/05/11 16:24:48.544] - eth_getBalance
[2020/05/11 16:24:48.652] - eth_getTransactionCount
[2020/05/11 16:24:48.844] - eth_getBalance
[2020/05/11 16:24:49.040] - eth_getTransactionCount
[2020/05/11 16:24:49.256] - eth_getBalance
[2020/05/11 16:24:49.435] - eth_getTransactionCount
[2020/05/11 16:24:49.556] - eth_getBalance
[2020/05/11 16:24:49.785] - eth_getTransactionCount
[2020/05/11 16:24:52.381] - eth_getBalance
[2020/05/11 16:24:52.717] - eth_getTransactionCount
[2020/05/11 16:24:52.833] - eth_getBalance
[2020/05/11 16:24:53.018] - eth_getTransactionCount
[2020/05/11 16:24:53.142] - eth_getBalance
[2020/05/11 16:24:53.250] - eth_getTransactionCount
[2020/05/11 16:24:53.405] - eth_getBalance
[2020/05/11 16:24:53.622] - eth_getTransactionCount
[2020/05/11 16:24:53.808] - eth_getBalance
[2020/05/11 16:24:54.182] - eth_blockNumber
[2020/05/11 16:24:54.293] - eth_getTransactionCount
[2020/05/11 16:24:54.530] - eth_getBalance
[2020/05/11 16:24:54.785] - eth_getTransactionCount
[2020/05/11 16:24:54.956] - eth_getBalance
[2020/05/11 16:24:55.151] - eth_getTransactionCount
[2020/05/11 16:24:55.343] - eth_getBalance
[2020/05/11 16:24:55.584] - eth_getTransactionCount
[2020/05/11 16:24:56.102] - eth_getBalance
[2020/05/11 16:24:56.387] - eth_getTransactionCount
[2020/05/11 16:24:56.505] - eth_getBalance
[2020/05/11 16:24:56.702] - eth_getTransactionCount
[2020/05/11 16:25:14.233] - eth_blockNumber
[2020/05/11 16:25:34.259] - eth_blockNumber
[2020/05/11 16:25:54.278] - eth_blockNumber
[2020/05/11 16:26:14.293] - eth_blockNumber
[2020/05/11 16:26:34.308] - eth_blockNumber
[2020/05/11 16:26:54.328] - eth_blockNumber
[2020/05/11 16:27:14.342] - eth_blockNumber
[2020/05/11 16:27:34.358] - eth_blockNumber
[2020/05/11 16:27:54.374] - eth_blockNumber
[2020/05/11 16:28:14.385] - eth_blockNumber
[2020/05/11 16:28:34.400] - eth_blockNumber
[2020/05/11 16:28:54.435] - eth_blockNumber
[2020/05/11 16:29:14.455] - eth_blockNumber
[2020/05/11 16:29:34.469] - eth_blockNumber
[2020/05/11 16:29:54.486] - eth_blockNumber
[2020/05/11 16:30:05.628] - eth_unsubscribe
[2020/05/11 16:30:05.629] - eth_unsubscribe
