[2020/04/23 20:12:17.300] - Starting server (version 2.1.2) with initial configuration: {"gasLimit":6721975,"gasPrice":20000000000,"hardfork":"petersburg","hostname":"127.0.0.1","port":7545,"network_id":5777,"default_balance_ether":100,"total_accounts":10,"unlocked_accounts":[],"locked":false,"vmErrorsOnRPCResponse":true,"verbose":false,"db_path":"/home/nash/.config/Ganache/workspaces/identity-wallet/chaindata","logDirectory":"/home/nash/Documents/Projects/Blockchain/Project/identity-wallet/wallet-web-app/logs"}
[2020/04/23 20:12:18.104] - eth_getLogs
[2020/04/23 20:12:18.111] - eth_subscribe
[2020/04/23 20:12:18.113] - eth_getCode
[2020/04/23 20:12:18.120] - eth_subscribe
[2020/04/23 20:12:18.168] - eth_getCode
[2020/04/23 20:12:18.250] - eth_getCode
[2020/04/23 20:12:18.270] - eth_getCode
[2020/04/23 20:12:18.300] - eth_getCode
[2020/04/23 20:12:18.324] - eth_getCode
[2020/04/23 20:12:18.797] - eth_blockNumber
[2020/04/23 20:12:18.838] - eth_getBlockByNumber
[2020/04/23 20:12:18.857] - eth_getBlockByNumber
[2020/04/23 20:12:18.858] - eth_getBlockByNumber
[2020/04/23 20:12:18.859] - eth_getBlockByNumber
[2020/04/23 20:12:18.860] - eth_getBlockByNumber
[2020/04/23 20:12:18.863] - eth_getBlockByNumber
[2020/04/23 20:12:18.870] - eth_getBlockByNumber
[2020/04/23 20:12:18.871] - eth_getBlockByNumber
[2020/04/23 20:12:18.877] - eth_getBlockByNumber
[2020/04/23 20:12:18.883] - eth_getBlockByNumber
[2020/04/23 20:12:18.892] - eth_getBlockByNumber
[2020/04/23 20:12:18.929] - eth_getBlockByNumber
[2020/04/23 20:12:18.936] - eth_getBlockByNumber
[2020/04/23 20:12:18.946] - eth_getBlockByNumber
[2020/04/23 20:12:18.953] - eth_getBlockByNumber
[2020/04/23 20:12:18.958] - eth_getBlockByNumber
[2020/04/23 20:12:18.966] - eth_getBlockByNumber
[2020/04/23 20:12:18.972] - eth_getBlockByNumber
[2020/04/23 20:12:18.984] - eth_getBlockByNumber
[2020/04/23 20:12:18.994] - eth_getBlockByNumber
[2020/04/23 20:12:19.010] - eth_getBlockByNumber
[2020/04/23 20:12:19.018] - eth_getBlockByNumber
[2020/04/23 20:12:19.024] - eth_getBlockByNumber
[2020/04/23 20:12:19.035] - eth_getBlockByNumber
[2020/04/23 20:12:19.043] - eth_getBlockByNumber
[2020/04/23 20:12:19.051] - eth_getBlockByNumber
[2020/04/23 20:12:19.061] - eth_getBlockByNumber
[2020/04/23 20:12:19.069] - eth_getBlockByNumber
[2020/04/23 20:12:19.075] - eth_getBlockByNumber
[2020/04/23 20:12:19.083] - eth_getBlockByNumber
[2020/04/23 20:12:19.088] - eth_getBlockByNumber
[2020/04/23 20:12:19.097] - eth_getBlockByNumber
[2020/04/23 20:12:19.102] - eth_getBlockByNumber
[2020/04/23 20:12:19.109] - eth_getBlockByNumber
[2020/04/23 20:12:19.118] - eth_getBlockByNumber
[2020/04/23 20:12:19.123] - eth_getBlockByNumber
[2020/04/23 20:12:19.128] - eth_getBlockByNumber
[2020/04/23 20:12:19.133] - eth_getBlockByNumber
[2020/04/23 20:12:19.137] - eth_getBlockByNumber
[2020/04/23 20:12:19.143] - eth_getBlockByNumber
[2020/04/23 20:12:19.147] - eth_getBlockByNumber
[2020/04/23 20:12:20.248] - eth_blockNumber
[2020/04/23 20:12:21.897] - eth_accounts
[2020/04/23 20:12:21.897] - eth_gasPrice
[2020/04/23 20:12:21.898] - eth_getBlockByNumber
[2020/04/23 20:12:21.898] - eth_subscribe
[2020/04/23 20:12:22.093] - eth_accounts
[2020/04/23 20:12:22.328] - eth_getBalance
[2020/04/23 20:12:22.374] - eth_getTransactionCount
[2020/04/23 20:12:22.420] - eth_getBalance
[2020/04/23 20:12:22.477] - eth_getTransactionCount
[2020/04/23 20:12:22.534] - eth_getBalance
[2020/04/23 20:12:22.587] - eth_getTransactionCount
[2020/04/23 20:12:22.641] - eth_getBalance
[2020/04/23 20:12:22.694] - eth_getTransactionCount
[2020/04/23 20:12:22.740] - eth_getBalance
[2020/04/23 20:12:22.784] - eth_getTransactionCount
[2020/04/23 20:12:22.824] - eth_getBalance
[2020/04/23 20:12:22.864] - eth_getTransactionCount
[2020/04/23 20:12:22.904] - eth_getBalance
[2020/04/23 20:12:22.944] - eth_getTransactionCount
[2020/04/23 20:12:22.992] - eth_getBalance
[2020/04/23 20:12:23.050] - eth_getTransactionCount
[2020/04/23 20:12:23.105] - eth_getBalance
[2020/04/23 20:12:23.158] - eth_getTransactionCount
[2020/04/23 20:12:23.210] - eth_getBalance
[2020/04/23 20:12:23.261] - eth_getTransactionCount
[2020/04/23 20:12:23.960] - eth_getTransactionCount
[2020/04/23 20:12:24.013] - eth_getBalance
[2020/04/23 20:12:24.066] - eth_getTransactionCount
[2020/04/23 20:12:24.119] - eth_getBalance
[2020/04/23 20:12:24.172] - eth_getTransactionCount
[2020/04/23 20:12:24.218] - eth_getBalance
[2020/04/23 20:12:24.261] - eth_getTransactionCount
[2020/04/23 20:12:24.303] - eth_getBalance
[2020/04/23 20:12:24.344] - eth_getTransactionCount
[2020/04/23 20:12:24.385] - eth_getBalance
[2020/04/23 20:12:24.432] - eth_getTransactionCount
[2020/04/23 20:12:24.482] - eth_getBalance
[2020/04/23 20:12:24.531] - eth_getTransactionCount
[2020/04/23 20:12:24.584] - eth_getBalance
[2020/04/23 20:12:24.640] - eth_getTransactionCount
[2020/04/23 20:12:24.687] - eth_getBalance
[2020/04/23 20:12:24.747] - eth_getTransactionCount
[2020/04/23 20:12:24.799] - eth_getBalance
[2020/04/23 20:12:24.840] - eth_getTransactionCount
[2020/04/23 20:12:38.926] - eth_blockNumber
[2020/04/23 20:12:58.942] - eth_blockNumber
[2020/04/23 20:13:18.961] - eth_blockNumber
[2020/04/23 20:13:38.973] - eth_blockNumber
[2020/04/23 20:13:58.987] - eth_blockNumber
[2020/04/23 20:14:19.001] - eth_blockNumber
[2020/04/23 20:14:39.010] - eth_blockNumber
[2020/04/23 20:14:59.021] - eth_blockNumber
[2020/04/23 20:15:19.032] - eth_blockNumber
[2020/04/23 20:15:39.045] - eth_blockNumber
[2020/04/23 20:15:59.057] - eth_blockNumber
[2020/04/23 20:16:19.068] - eth_blockNumber
[2020/04/23 20:16:39.076] - eth_blockNumber
[2020/04/23 20:16:59.082] - eth_blockNumber
[2020/04/23 20:17:19.092] - eth_blockNumber
[2020/04/23 20:17:39.103] - eth_blockNumber
[2020/04/23 20:17:59.115] - eth_blockNumber
[2020/04/23 20:18:19.127] - eth_blockNumber
[2020/04/23 20:18:39.142] - eth_blockNumber
[2020/04/23 20:18:59.154] - eth_blockNumber
[2020/04/23 20:19:19.163] - eth_blockNumber
[2020/04/23 20:19:39.173] - eth_blockNumber
[2020/04/23 20:19:59.184] - eth_blockNumber
[2020/04/23 20:20:19.196] - eth_blockNumber
[2020/04/23 20:20:39.207] - eth_blockNumber
[2020/04/23 20:20:59.224] - eth_blockNumber
[2020/04/23 20:21:19.241] - eth_blockNumber
[2020/04/23 20:21:39.254] - eth_blockNumber
[2020/04/23 20:21:59.265] - eth_blockNumber
[2020/04/23 20:22:04.798] - eth_getBalance
[2020/04/23 20:22:05.542] - net_version
[2020/04/23 20:22:05.551] - eth_getCode
[2020/04/23 20:22:05.556] - eth_getBlockByNumber
[2020/04/23 20:22:05.562] - eth_getBalance
[2020/04/23 20:22:05.566] - eth_getTransactionCount
[2020/04/23 20:22:05.581] - eth_getStorageAt
[2020/04/23 20:22:19.279] - eth_blockNumber
[2020/04/23 20:22:39.293] - eth_blockNumber
[2020/04/23 20:22:59.307] - eth_blockNumber
[2020/04/23 20:23:19.326] - eth_blockNumber
[2020/04/23 20:23:39.344] - eth_blockNumber
[2020/04/23 20:23:59.367] - eth_blockNumber
[2020/04/23 20:24:19.385] - eth_blockNumber
[2020/04/23 20:24:39.394] - eth_blockNumber
[2020/04/23 20:24:52.294] - net_version
[2020/04/23 20:24:52.295] - eth_blockNumber
[2020/04/23 20:24:52.302] - net_version
[2020/04/23 20:24:53.584] - eth_getBlockByNumber
[2020/04/23 20:24:53.593] - eth_getBlockByNumber
[2020/04/23 20:24:53.594] - eth_getBlockByNumber
[2020/04/23 20:24:53.604] - eth_getBlockByNumber
[2020/04/23 20:24:53.607] - eth_getBlockByNumber
[2020/04/23 20:24:53.611] - eth_getBlockByNumber
[2020/04/23 20:24:53.614] - eth_getBlockByNumber
[2020/04/23 20:24:53.637] - eth_getBlockByNumber
[2020/04/23 20:24:53.647] - eth_getBlockByNumber
[2020/04/23 20:24:53.665] - eth_getBlockByNumber
[2020/04/23 20:24:53.680] - eth_getBlockByNumber
[2020/04/23 20:24:53.688] - eth_getBlockByNumber
[2020/04/23 20:24:53.689] - eth_getBlockByNumber
[2020/04/23 20:24:53.714] - eth_getBlockByNumber
[2020/04/23 20:24:53.715] - eth_getBlockByNumber
[2020/04/23 20:24:53.717] - eth_getBlockByNumber
[2020/04/23 20:24:53.718] - eth_getBlockByNumber
[2020/04/23 20:24:53.727] - eth_getBlockByNumber
[2020/04/23 20:24:53.731] - eth_getBlockByNumber
[2020/04/23 20:24:53.733] - eth_getBlockByNumber
[2020/04/23 20:24:53.741] - eth_getBlockByNumber
[2020/04/23 20:24:53.775] - eth_getBlockByNumber
[2020/04/23 20:24:53.776] - eth_getBlockByNumber
[2020/04/23 20:24:53.797] - eth_getBlockByNumber
[2020/04/23 20:24:53.799] - eth_getBlockByNumber
[2020/04/23 20:24:53.801] - eth_getBlockByNumber
[2020/04/23 20:24:53.815] - eth_getBlockByNumber
[2020/04/23 20:24:53.818] - eth_getBlockByNumber
[2020/04/23 20:24:53.835] - eth_getBlockByNumber
[2020/04/23 20:24:53.859] - eth_getBlockByNumber
[2020/04/23 20:24:53.862] - eth_getBlockByNumber
[2020/04/23 20:24:53.875] - eth_getBlockByNumber
[2020/04/23 20:24:53.893] - eth_getBlockByNumber
[2020/04/23 20:24:53.913] - eth_getBlockByNumber
[2020/04/23 20:24:53.915] - eth_getBlockByNumber
[2020/04/23 20:24:53.931] - eth_getBlockByNumber
[2020/04/23 20:24:53.949] - eth_getBlockByNumber
[2020/04/23 20:24:53.960] - eth_getBlockByNumber
[2020/04/23 20:24:53.971] - eth_getBlockByNumber
[2020/04/23 20:24:53.988] - eth_getBlockByNumber
[2020/04/23 20:24:54.001] - eth_getBlockByNumber
[2020/04/23 20:24:59.405] - eth_blockNumber
[2020/04/23 20:25:13.673] - eth_blockNumber
[2020/04/23 20:25:19.416] - eth_blockNumber
[2020/04/23 20:25:33.719] - eth_blockNumber
[2020/04/23 20:25:39.427] - eth_blockNumber
[2020/04/23 20:25:53.731] - eth_blockNumber
[2020/04/23 20:25:59.438] - eth_blockNumber
[2020/04/23 20:26:13.743] - eth_blockNumber
[2020/04/23 20:26:19.456] - eth_blockNumber
[2020/04/23 20:26:33.759] - eth_blockNumber
[2020/04/23 20:26:39.468] - eth_blockNumber
[2020/04/23 20:26:53.775] - eth_blockNumber
[2020/04/23 20:26:59.479] - eth_blockNumber
[2020/04/23 20:27:13.791] - eth_blockNumber
[2020/04/23 20:27:19.491] - eth_blockNumber
[2020/04/23 20:27:31.333] - eth_getBalance
[2020/04/23 20:27:33.809] - eth_blockNumber
[2020/04/23 20:27:33.860] - net_version
[2020/04/23 20:27:33.877] - net_version
[2020/04/23 20:27:34.467] - eth_getTransactionCount
[2020/04/23 20:27:37.001] - eth_call
[2020/04/23 20:27:39.503] - eth_blockNumber
[2020/04/23 20:27:53.829] - eth_blockNumber
[2020/04/23 20:27:59.518] - eth_blockNumber
[2020/04/23 20:28:19.533] - eth_blockNumber
[2020/04/23 20:28:32.983] - net_version
[2020/04/23 20:28:32.987] - eth_blockNumber
[2020/04/23 20:28:33.006] - net_version
[2020/04/23 20:28:33.270] - eth_getBlockByNumber
[2020/04/23 20:28:33.273] - eth_getBlockByNumber
[2020/04/23 20:28:33.282] - eth_getBlockByNumber
[2020/04/23 20:28:33.283] - eth_getBlockByNumber
[2020/04/23 20:28:33.288] - eth_getBlockByNumber
[2020/04/23 20:28:33.300] - eth_getBlockByNumber
[2020/04/23 20:28:33.302] - eth_getBlockByNumber
[2020/04/23 20:28:33.303] - eth_getBlockByNumber
[2020/04/23 20:28:33.304] - eth_getBlockByNumber
[2020/04/23 20:28:33.310] - eth_getBlockByNumber
[2020/04/23 20:28:33.332] - eth_getBlockByNumber
[2020/04/23 20:28:33.358] - eth_getBlockByNumber
[2020/04/23 20:28:33.369] - eth_getBlockByNumber
[2020/04/23 20:28:33.370] - eth_getBlockByNumber
[2020/04/23 20:28:33.381] - eth_getBlockByNumber
[2020/04/23 20:28:33.398] - eth_getBlockByNumber
[2020/04/23 20:28:33.400] - eth_getBlockByNumber
[2020/04/23 20:28:33.419] - eth_getBlockByNumber
[2020/04/23 20:28:33.427] - eth_getBlockByNumber
[2020/04/23 20:28:33.448] - eth_getBlockByNumber
[2020/04/23 20:28:33.449] - eth_getBlockByNumber
[2020/04/23 20:28:33.449] - eth_getBlockByNumber
[2020/04/23 20:28:33.463] - eth_getBlockByNumber
[2020/04/23 20:28:33.480] - eth_getBlockByNumber
[2020/04/23 20:28:33.488] - eth_getBlockByNumber
[2020/04/23 20:28:33.506] - eth_getBlockByNumber
[2020/04/23 20:28:33.518] - eth_getBlockByNumber
[2020/04/23 20:28:33.536] - eth_getBlockByNumber
[2020/04/23 20:28:33.549] - eth_getBlockByNumber
[2020/04/23 20:28:33.555] - eth_getBlockByNumber
[2020/04/23 20:28:33.572] - eth_getBlockByNumber
[2020/04/23 20:28:33.577] - eth_getBlockByNumber
[2020/04/23 20:28:33.586] - eth_getBlockByNumber
[2020/04/23 20:28:33.593] - eth_getBlockByNumber
[2020/04/23 20:28:33.606] - eth_getBlockByNumber
[2020/04/23 20:28:33.629] - eth_getBlockByNumber
[2020/04/23 20:28:33.635] - eth_getBlockByNumber
[2020/04/23 20:28:33.645] - eth_getBlockByNumber
[2020/04/23 20:28:33.664] - eth_getBlockByNumber
[2020/04/23 20:28:33.674] - eth_getBlockByNumber
[2020/04/23 20:28:33.680] - eth_getBlockByNumber
[2020/04/23 20:28:39.551] - eth_blockNumber
[2020/04/23 20:28:53.405] - eth_blockNumber
[2020/04/23 20:28:59.561] - eth_blockNumber
[2020/04/23 20:29:13.420] - eth_blockNumber
[2020/04/23 20:29:19.570] - eth_blockNumber
[2020/04/23 20:29:33.435] - eth_blockNumber
[2020/04/23 20:29:39.581] - eth_blockNumber
[2020/04/23 20:29:53.449] - eth_blockNumber
[2020/04/23 20:29:59.597] - eth_blockNumber
[2020/04/23 20:30:12.235] - eth_getBalance
[2020/04/23 20:30:13.540] - eth_blockNumber
[2020/04/23 20:30:15.998] - net_version
[2020/04/23 20:30:16.952] - net_version
[2020/04/23 20:30:19.607] - eth_blockNumber
[2020/04/23 20:30:20.061] - eth_call
[2020/04/23 20:30:28.986] - eth_call
[2020/04/23 20:30:28.994] - eth_call
[2020/04/23 20:30:29.012] - eth_call
[2020/04/23 20:30:29.013] - eth_call
[2020/04/23 20:30:29.381] - eth_call
[2020/04/23 20:30:33.553] - eth_blockNumber
[2020/04/23 20:30:37.413] - eth_call
[2020/04/23 20:30:37.797] - eth_call
[2020/04/23 20:30:37.803] - eth_call
[2020/04/23 20:30:37.805] - eth_call
[2020/04/23 20:30:39.621] - eth_blockNumber
[2020/04/23 20:30:53.567] - eth_blockNumber
[2020/04/23 20:30:59.636] - eth_blockNumber
[2020/04/23 20:31:07.214] - eth_call
[2020/04/23 20:31:13.579] - eth_blockNumber
[2020/04/23 20:31:19.645] - eth_blockNumber
[2020/04/23 20:31:33.636] - eth_blockNumber
[2020/04/23 20:31:39.653] - eth_blockNumber
[2020/04/23 20:31:53.653] - eth_blockNumber
[2020/04/23 20:31:59.667] - eth_blockNumber
[2020/04/23 20:32:13.675] - eth_blockNumber
[2020/04/23 20:32:19.687] - eth_blockNumber
[2020/04/23 20:32:33.696] - eth_blockNumber
[2020/04/23 20:32:39.708] - eth_blockNumber
[2020/04/23 20:32:53.710] - eth_blockNumber
[2020/04/23 20:32:59.719] - eth_blockNumber
[2020/04/23 20:33:13.724] - eth_blockNumber
[2020/04/23 20:33:19.729] - eth_blockNumber
[2020/04/23 20:33:33.738] - eth_blockNumber
[2020/04/23 20:33:39.741] - eth_blockNumber
[2020/04/23 20:33:53.751] - eth_blockNumber
[2020/04/23 20:33:59.752] - eth_blockNumber
[2020/04/23 20:34:13.762] - eth_blockNumber
[2020/04/23 20:34:19.763] - eth_blockNumber
[2020/04/23 20:34:33.783] - eth_blockNumber
[2020/04/23 20:34:39.774] - eth_blockNumber
[2020/04/23 20:34:53.796] - eth_blockNumber
[2020/04/23 20:34:59.782] - eth_blockNumber
[2020/04/23 20:35:13.809] - eth_blockNumber
[2020/04/23 20:35:19.790] - eth_blockNumber
[2020/04/23 20:35:34.236] - eth_blockNumber
[2020/04/23 20:35:39.800] - eth_blockNumber
[2020/04/23 20:35:54.252] - eth_blockNumber
[2020/04/23 20:35:59.812] - eth_blockNumber
[2020/04/23 20:36:14.266] - eth_blockNumber
[2020/04/23 20:36:19.823] - eth_blockNumber
[2020/04/23 20:36:34.281] - eth_blockNumber
[2020/04/23 20:36:39.833] - eth_blockNumber
[2020/04/23 20:36:54.297] - eth_blockNumber
[2020/04/23 20:36:59.845] - eth_blockNumber
[2020/04/23 20:37:14.312] - eth_blockNumber
[2020/04/23 20:37:19.858] - eth_blockNumber
[2020/04/23 20:37:34.327] - eth_blockNumber
[2020/04/23 20:37:39.870] - eth_blockNumber
[2020/04/23 20:37:54.341] - eth_blockNumber
[2020/04/23 20:37:59.882] - eth_blockNumber
[2020/04/23 20:38:14.355] - eth_blockNumber
[2020/04/23 20:38:19.893] - eth_blockNumber
[2020/04/23 20:38:34.373] - eth_blockNumber
[2020/04/23 20:38:39.905] - eth_blockNumber
[2020/04/23 20:38:54.382] - eth_blockNumber
[2020/04/23 20:38:59.915] - eth_blockNumber
[2020/04/23 20:39:14.392] - eth_blockNumber
[2020/04/23 20:39:19.926] - eth_blockNumber
[2020/04/23 20:39:34.404] - eth_blockNumber
[2020/04/23 20:39:39.937] - eth_blockNumber
[2020/04/23 20:39:54.416] - eth_blockNumber
[2020/04/23 20:39:59.949] - eth_blockNumber
[2020/04/23 20:40:14.428] - eth_blockNumber
[2020/04/23 20:40:19.959] - eth_blockNumber
[2020/04/23 20:40:34.443] - eth_blockNumber
[2020/04/23 20:40:39.971] - eth_blockNumber
[2020/04/23 20:40:54.459] - eth_blockNumber
[2020/04/23 20:40:59.985] - eth_blockNumber
[2020/04/23 20:41:14.472] - eth_blockNumber
[2020/04/23 20:41:19.997] - eth_blockNumber
[2020/04/23 20:41:34.485] - eth_blockNumber
[2020/04/23 20:41:40.011] - eth_blockNumber
[2020/04/23 20:41:54.505] - eth_blockNumber
[2020/04/23 20:42:00.025] - eth_blockNumber
[2020/04/23 20:42:14.517] - eth_blockNumber
[2020/04/23 20:42:20.040] - eth_blockNumber
[2020/04/23 20:42:34.530] - eth_blockNumber
[2020/04/23 20:42:40.051] - eth_blockNumber
