[2020/04/05 17:33:17.103] - Starting server (version 2.1.2) with initial configuration: {"gasLimit":6721975,"gasPrice":20000000000,"hardfork":"petersburg","hostname":"127.0.0.1","port":7545,"network_id":5777,"default_balance_ether":100,"total_accounts":10,"unlocked_accounts":[],"locked":false,"vmErrorsOnRPCResponse":true,"verbose":false,"db_path":"/home/nash/.config/Ganache/workspaces/identity-wallet/chaindata","logDirectory":"/home/nash/Documents/Projects/Blockchain/Project/identity-wallet/wallet-web-app/logs"}
[2020/04/05 17:33:17.488] - eth_getCode
[2020/04/05 17:33:17.491] - eth_subscribe
[2020/04/05 17:33:17.492] - eth_getLogs
[2020/04/05 17:33:17.495] - eth_subscribe
[2020/04/05 17:33:17.517] - eth_getCode
[2020/04/05 17:33:17.564] - eth_getCode
[2020/04/05 17:33:17.580] - eth_getCode
[2020/04/05 17:33:17.592] - eth_getCode
[2020/04/05 17:33:17.622] - eth_getCode
[2020/04/05 17:33:18.130] - eth_blockNumber
[2020/04/05 17:33:18.150] - eth_getBlockByNumber
[2020/04/05 17:33:18.162] - eth_getBlockByNumber
[2020/04/05 17:33:18.163] - eth_getBlockByNumber
[2020/04/05 17:33:18.164] - eth_getBlockByNumber
[2020/04/05 17:33:18.164] - eth_getBlockByNumber
[2020/04/05 17:33:18.165] - eth_getBlockByNumber
[2020/04/05 17:33:18.166] - eth_getBlockByNumber
[2020/04/05 17:33:18.170] - eth_getBlockByNumber
[2020/04/05 17:33:18.174] - eth_getBlockByNumber
[2020/04/05 17:33:18.179] - eth_getBlockByNumber
[2020/04/05 17:33:18.183] - eth_getBlockByNumber
[2020/04/05 17:33:18.189] - eth_getBlockByNumber
[2020/04/05 17:33:18.193] - eth_getBlockByNumber
[2020/04/05 17:33:18.197] - eth_getBlockByNumber
[2020/04/05 17:33:18.201] - eth_getBlockByNumber
[2020/04/05 17:33:18.204] - eth_getBlockByNumber
[2020/04/05 17:33:18.208] - eth_getBlockByNumber
[2020/04/05 17:33:18.211] - eth_getBlockByNumber
[2020/04/05 17:33:18.214] - eth_getBlockByNumber
[2020/04/05 17:33:18.218] - eth_getBlockByNumber
[2020/04/05 17:33:18.222] - eth_getBlockByNumber
[2020/04/05 17:33:18.226] - eth_getBlockByNumber
[2020/04/05 17:33:18.230] - eth_getBlockByNumber
[2020/04/05 17:33:18.235] - eth_getBlockByNumber
[2020/04/05 17:33:18.238] - eth_getBlockByNumber
[2020/04/05 17:33:18.241] - eth_getBlockByNumber
[2020/04/05 17:33:18.245] - eth_getBlockByNumber
[2020/04/05 17:33:18.248] - eth_getBlockByNumber
[2020/04/05 17:33:18.252] - eth_getBlockByNumber
[2020/04/05 17:33:18.255] - eth_getBlockByNumber
[2020/04/05 17:33:18.258] - eth_getBlockByNumber
[2020/04/05 17:33:18.261] - eth_getBlockByNumber
[2020/04/05 17:33:18.264] - eth_getBlockByNumber
[2020/04/05 17:33:18.268] - eth_getBlockByNumber
[2020/04/05 17:33:18.272] - eth_getBlockByNumber
[2020/04/05 17:33:18.276] - eth_getBlockByNumber
[2020/04/05 17:33:18.280] - eth_getBlockByNumber
[2020/04/05 17:33:18.285] - eth_getBlockByNumber
[2020/04/05 17:33:18.288] - eth_getBlockByNumber
[2020/04/05 17:33:18.292] - eth_getBlockByNumber
[2020/04/05 17:33:18.295] - eth_getBlockByNumber
[2020/04/05 17:33:18.470] - eth_blockNumber
[2020/04/05 17:33:19.073] - eth_blockNumber
[2020/04/05 17:33:19.088] - eth_getBlockByNumber
[2020/04/05 17:33:19.093] - eth_getBlockByNumber
[2020/04/05 17:33:19.094] - eth_getBlockByNumber
[2020/04/05 17:33:19.095] - eth_getBlockByNumber
[2020/04/05 17:33:19.095] - eth_getBlockByNumber
[2020/04/05 17:33:19.098] - eth_getBlockByNumber
[2020/04/05 17:33:19.099] - eth_getBlockByNumber
[2020/04/05 17:33:19.100] - eth_getBlockByNumber
[2020/04/05 17:33:19.103] - eth_getBlockByNumber
[2020/04/05 17:33:19.107] - eth_getBlockByNumber
[2020/04/05 17:33:19.110] - eth_getBlockByNumber
[2020/04/05 17:33:19.115] - eth_getBlockByNumber
[2020/04/05 17:33:19.120] - eth_getBlockByNumber
[2020/04/05 17:33:19.124] - eth_getBlockByNumber
[2020/04/05 17:33:19.157] - eth_getBlockByNumber
[2020/04/05 17:33:19.165] - eth_getBlockByNumber
[2020/04/05 17:33:19.179] - eth_getBlockByNumber
[2020/04/05 17:33:19.185] - eth_getBlockByNumber
[2020/04/05 17:33:19.196] - eth_getBlockByNumber
[2020/04/05 17:33:19.203] - eth_getBlockByNumber
[2020/04/05 17:33:19.216] - eth_getBlockByNumber
[2020/04/05 17:33:19.230] - eth_getBlockByNumber
[2020/04/05 17:33:19.239] - eth_getBlockByNumber
[2020/04/05 17:33:19.249] - eth_getBlockByNumber
[2020/04/05 17:33:19.257] - eth_getBlockByNumber
[2020/04/05 17:33:19.264] - eth_getBlockByNumber
[2020/04/05 17:33:19.272] - eth_getBlockByNumber
[2020/04/05 17:33:19.279] - eth_getBlockByNumber
[2020/04/05 17:33:19.286] - eth_getBlockByNumber
[2020/04/05 17:33:19.294] - eth_getBlockByNumber
[2020/04/05 17:33:19.297] - eth_getBlockByNumber
[2020/04/05 17:33:19.305] - eth_getBlockByNumber
[2020/04/05 17:33:19.314] - eth_getBlockByNumber
[2020/04/05 17:33:19.318] - eth_getBlockByNumber
[2020/04/05 17:33:19.321] - eth_getBlockByNumber
[2020/04/05 17:33:19.324] - eth_getBlockByNumber
[2020/04/05 17:33:19.327] - eth_getBlockByNumber
[2020/04/05 17:33:19.331] - eth_getBlockByNumber
[2020/04/05 17:33:19.341] - eth_getBlockByNumber
[2020/04/05 17:33:19.343] - eth_getBlockByNumber
[2020/04/05 17:33:19.347] - eth_getBlockByNumber
[2020/04/05 17:33:20.467] - eth_accounts
[2020/04/05 17:33:20.467] - eth_gasPrice
[2020/04/05 17:33:20.468] - eth_getBlockByNumber
[2020/04/05 17:33:20.468] - eth_subscribe
[2020/04/05 17:33:20.608] - eth_accounts
[2020/04/05 17:33:22.806] - eth_getBalance
[2020/04/05 17:33:22.848] - eth_getTransactionCount
[2020/04/05 17:33:22.914] - eth_getBalance
[2020/04/05 17:33:22.976] - eth_getTransactionCount
[2020/04/05 17:33:23.041] - eth_getBalance
[2020/04/05 17:33:23.098] - eth_getTransactionCount
[2020/04/05 17:33:23.215] - eth_getBalance
[2020/04/05 17:33:23.255] - eth_getTransactionCount
[2020/04/05 17:33:23.293] - eth_getBalance
[2020/04/05 17:33:23.339] - eth_getTransactionCount
[2020/04/05 17:33:23.375] - eth_getBalance
[2020/04/05 17:33:23.410] - eth_getTransactionCount
[2020/04/05 17:33:23.444] - eth_getBalance
[2020/04/05 17:33:23.479] - eth_getTransactionCount
[2020/04/05 17:33:23.513] - eth_getBalance
[2020/04/05 17:33:23.549] - eth_getTransactionCount
[2020/04/05 17:33:23.584] - eth_getBalance
[2020/04/05 17:33:23.619] - eth_getTransactionCount
[2020/04/05 17:33:23.655] - eth_getBalance
[2020/04/05 17:33:23.690] - eth_getTransactionCount
[2020/04/05 17:33:24.107] - eth_getBalance
[2020/04/05 17:33:24.143] - eth_getTransactionCount
[2020/04/05 17:33:24.198] - eth_getBalance
[2020/04/05 17:33:24.253] - eth_getTransactionCount
[2020/04/05 17:33:24.317] - eth_getBalance
[2020/04/05 17:33:24.375] - eth_getTransactionCount
[2020/04/05 17:33:24.429] - eth_getBalance
[2020/04/05 17:33:24.465] - eth_getTransactionCount
[2020/04/05 17:33:24.500] - eth_getBalance
[2020/04/05 17:33:24.541] - eth_getTransactionCount
[2020/04/05 17:33:24.576] - eth_getBalance
[2020/04/05 17:33:24.611] - eth_getTransactionCount
[2020/04/05 17:33:24.646] - eth_getBalance
[2020/04/05 17:33:24.682] - eth_getTransactionCount
[2020/04/05 17:33:24.719] - eth_getBalance
[2020/04/05 17:33:24.753] - eth_getTransactionCount
[2020/04/05 17:33:24.788] - eth_getBalance
[2020/04/05 17:33:24.823] - eth_getTransactionCount
[2020/04/05 17:33:24.871] - eth_getBalance
[2020/04/05 17:33:24.930] - eth_getTransactionCount
[2020/04/05 17:33:38.191] - eth_blockNumber
[2020/04/05 17:33:39.133] - eth_blockNumber
[2020/04/05 17:33:58.199] - eth_blockNumber
[2020/04/05 17:33:59.143] - eth_blockNumber
[2020/04/05 17:34:18.220] - eth_blockNumber
[2020/04/05 17:34:19.389] - eth_blockNumber
[2020/04/05 17:34:38.249] - eth_blockNumber
[2020/04/05 17:34:39.440] - eth_blockNumber
[2020/04/05 17:34:58.282] - eth_blockNumber
[2020/04/05 17:34:59.474] - eth_blockNumber
[2020/04/05 17:35:18.320] - eth_blockNumber
[2020/04/05 17:35:19.496] - eth_blockNumber
[2020/04/05 17:35:38.370] - eth_blockNumber
[2020/04/05 17:35:39.626] - eth_blockNumber
[2020/04/05 17:35:58.390] - eth_blockNumber
[2020/04/05 17:35:59.728] - eth_blockNumber
[2020/04/05 17:36:18.397] - eth_blockNumber
[2020/04/05 17:36:19.754] - eth_blockNumber
[2020/04/05 17:36:38.524] - eth_blockNumber
[2020/04/05 17:36:39.763] - eth_blockNumber
[2020/04/05 17:36:58.570] - eth_blockNumber
[2020/04/05 17:36:59.775] - eth_blockNumber
[2020/04/05 17:37:16.168] - eth_blockNumber
[2020/04/05 17:37:16.173] - net_version
[2020/04/05 17:37:16.205] - eth_getBlockByNumber
[2020/04/05 17:37:16.209] - eth_getBlockByNumber
[2020/04/05 17:37:19.788] - eth_blockNumber
[2020/04/05 17:37:36.213] - eth_blockNumber
[2020/04/05 17:37:37.891] - eth_getBalance
[2020/04/05 17:37:39.538] - net_version
[2020/04/05 17:37:39.815] - eth_blockNumber
[2020/04/05 17:37:39.949] - eth_call
[2020/04/05 17:37:40.375] - net_version
[2020/04/05 17:37:40.658] - eth_call
[2020/04/05 17:37:40.865] - eth_call
[2020/04/05 17:37:40.875] - eth_call
[2020/04/05 17:37:40.883] - eth_call
[2020/04/05 17:37:56.228] - eth_blockNumber
[2020/04/05 17:37:59.835] - eth_blockNumber
[2020/04/05 17:38:16.252] - eth_blockNumber
[2020/04/05 17:38:19.848] - eth_blockNumber
[2020/04/05 17:38:36.274] - eth_blockNumber
[2020/04/05 17:38:39.865] - eth_blockNumber
[2020/04/05 17:38:56.286] - eth_blockNumber
[2020/04/05 17:38:59.877] - eth_blockNumber
[2020/04/05 17:39:16.297] - eth_blockNumber
[2020/04/05 17:39:19.888] - eth_blockNumber
[2020/04/05 17:39:36.311] - eth_blockNumber
[2020/04/05 17:39:39.906] - eth_blockNumber
[2020/04/05 17:39:56.331] - eth_blockNumber
[2020/04/05 17:39:59.917] - eth_blockNumber
[2020/04/05 17:40:16.349] - eth_blockNumber
[2020/04/05 17:40:19.934] - eth_blockNumber
[2020/04/05 17:40:36.359] - eth_blockNumber
[2020/04/05 17:40:39.945] - eth_blockNumber
[2020/04/05 17:40:56.369] - eth_blockNumber
[2020/04/05 17:40:59.958] - eth_blockNumber
[2020/04/05 17:41:16.384] - eth_blockNumber
[2020/04/05 17:41:19.970] - eth_blockNumber
[2020/04/05 17:41:36.399] - eth_blockNumber
[2020/04/05 17:41:39.981] - eth_blockNumber
[2020/04/05 17:41:56.414] - eth_blockNumber
[2020/04/05 17:41:59.990] - eth_blockNumber
[2020/04/05 17:42:16.429] - eth_blockNumber
[2020/04/05 17:42:20.002] - eth_blockNumber
[2020/04/05 17:42:36.442] - eth_blockNumber
[2020/04/05 17:42:40.016] - eth_blockNumber
[2020/04/05 17:42:56.455] - eth_blockNumber
[2020/04/05 17:43:00.023] - eth_blockNumber
[2020/04/05 17:43:16.468] - eth_blockNumber
[2020/04/05 17:43:20.038] - eth_blockNumber
[2020/04/05 17:43:36.483] - eth_blockNumber
[2020/04/05 17:43:40.047] - eth_blockNumber
[2020/04/05 17:43:56.498] - eth_blockNumber
[2020/04/05 17:44:00.058] - eth_blockNumber
[2020/04/05 17:44:16.511] - eth_blockNumber
[2020/04/05 17:44:20.076] - eth_blockNumber
[2020/04/05 17:44:36.523] - eth_blockNumber
[2020/04/05 17:44:40.088] - eth_blockNumber
[2020/04/05 17:44:56.532] - eth_blockNumber
[2020/04/05 17:45:00.097] - eth_blockNumber
[2020/04/05 17:45:16.548] - eth_blockNumber
[2020/04/05 17:45:20.111] - eth_blockNumber
[2020/04/05 17:45:36.571] - eth_blockNumber
[2020/04/05 17:45:40.122] - eth_blockNumber
[2020/04/05 17:45:56.586] - eth_blockNumber
[2020/04/05 17:46:00.135] - eth_blockNumber
[2020/04/05 17:46:16.600] - eth_blockNumber
[2020/04/05 17:46:20.145] - eth_blockNumber
[2020/04/05 17:46:36.613] - eth_blockNumber
[2020/04/05 17:46:40.161] - eth_blockNumber
[2020/04/05 17:46:56.626] - eth_blockNumber
[2020/04/05 17:47:00.173] - eth_blockNumber
[2020/04/05 17:47:16.639] - eth_blockNumber
[2020/04/05 17:47:20.184] - eth_blockNumber
[2020/04/05 17:47:36.653] - eth_blockNumber
[2020/04/05 17:47:40.201] - eth_blockNumber
[2020/04/05 17:47:56.661] - eth_blockNumber
[2020/04/05 17:48:00.223] - eth_blockNumber
[2020/04/05 17:48:16.672] - eth_blockNumber
[2020/04/05 17:48:20.235] - eth_blockNumber
[2020/04/05 17:48:36.682] - eth_blockNumber
[2020/04/05 17:48:40.247] - eth_blockNumber
[2020/04/05 17:48:56.704] - eth_blockNumber
[2020/04/05 17:49:00.257] - eth_blockNumber
[2020/04/05 17:49:16.718] - eth_blockNumber
[2020/04/05 17:49:20.268] - eth_blockNumber
[2020/04/05 17:49:36.728] - eth_blockNumber
[2020/04/05 17:49:40.278] - eth_blockNumber
[2020/04/05 17:49:56.742] - eth_blockNumber
[2020/04/05 17:50:00.291] - eth_blockNumber
[2020/04/05 17:50:16.758] - eth_blockNumber
[2020/04/05 17:50:20.307] - eth_blockNumber
[2020/04/05 17:50:36.770] - eth_blockNumber
[2020/04/05 17:50:40.325] - eth_blockNumber
[2020/04/05 17:50:56.779] - eth_blockNumber
[2020/04/05 17:51:00.336] - eth_blockNumber
[2020/04/05 17:51:16.793] - eth_blockNumber
[2020/04/05 17:51:20.350] - eth_blockNumber
[2020/04/05 17:51:36.805] - eth_blockNumber
[2020/04/05 17:51:40.369] - eth_blockNumber
[2020/04/05 17:51:56.815] - eth_blockNumber
[2020/04/05 17:52:00.381] - eth_blockNumber
[2020/04/05 17:52:16.825] - eth_blockNumber
[2020/04/05 17:52:20.394] - eth_blockNumber
[2020/04/05 17:52:36.836] - eth_blockNumber
[2020/04/05 17:52:40.404] - eth_blockNumber
[2020/04/05 17:52:56.849] - eth_blockNumber
[2020/04/05 17:53:00.416] - eth_blockNumber
[2020/04/05 17:53:16.860] - eth_blockNumber
[2020/04/05 17:53:20.442] - eth_blockNumber
[2020/04/05 17:53:36.877] - eth_blockNumber
[2020/04/05 17:53:40.452] - eth_blockNumber
[2020/04/05 17:53:56.887] - eth_blockNumber
[2020/04/05 17:54:00.463] - eth_blockNumber
[2020/04/05 17:54:16.897] - eth_blockNumber
[2020/04/05 17:54:20.471] - eth_blockNumber
[2020/04/05 17:54:36.908] - eth_blockNumber
[2020/04/05 17:54:40.481] - eth_blockNumber
[2020/04/05 17:54:56.920] - eth_blockNumber
[2020/04/05 17:55:00.492] - eth_blockNumber
[2020/04/05 17:55:16.930] - eth_blockNumber
[2020/04/05 17:55:20.502] - eth_blockNumber
[2020/04/05 17:55:36.949] - eth_blockNumber
[2020/04/05 17:55:40.511] - eth_blockNumber
[2020/04/05 17:55:56.966] - eth_blockNumber
[2020/04/05 17:56:00.521] - eth_blockNumber
[2020/04/05 17:56:16.977] - eth_blockNumber
[2020/04/05 17:56:20.532] - eth_blockNumber
[2020/04/05 17:56:36.989] - eth_blockNumber
[2020/04/05 17:56:40.542] - eth_blockNumber
[2020/04/05 17:56:57.000] - eth_blockNumber
[2020/04/05 17:57:00.553] - eth_blockNumber
[2020/04/05 17:57:17.009] - eth_blockNumber
[2020/04/05 17:57:20.563] - eth_blockNumber
[2020/04/05 17:57:37.027] - eth_blockNumber
[2020/04/05 17:57:40.578] - eth_blockNumber
[2020/04/05 17:57:44.200] - net_version
[2020/04/05 17:57:57.043] - eth_blockNumber
[2020/04/05 17:58:00.596] - eth_blockNumber
[2020/04/05 17:58:14.687] - net_version
[2020/04/05 17:58:17.055] - eth_blockNumber
[2020/04/05 17:58:20.609] - eth_blockNumber
[2020/04/05 17:58:37.070] - eth_blockNumber
[2020/04/05 17:58:40.619] - eth_blockNumber
[2020/04/05 17:58:44.666] - eth_call
[2020/04/05 17:58:44.860] - eth_call
[2020/04/05 17:58:45.145] - eth_call
[2020/04/05 17:58:45.190] - eth_call
[2020/04/05 17:58:57.089] - eth_blockNumber
[2020/04/05 17:59:00.630] - eth_blockNumber
[2020/04/05 17:59:17.102] - eth_blockNumber
[2020/04/05 17:59:20.639] - eth_blockNumber
[2020/04/05 17:59:37.116] - eth_blockNumber
[2020/04/05 17:59:40.647] - eth_blockNumber
[2020/04/05 17:59:57.133] - eth_blockNumber
[2020/04/05 18:00:00.655] - eth_blockNumber
[2020/04/05 18:00:17.146] - eth_blockNumber
[2020/04/05 18:00:20.669] - eth_blockNumber
[2020/04/05 18:00:37.167] - eth_blockNumber
[2020/04/05 18:00:40.685] - eth_blockNumber
[2020/04/05 18:00:47.112] - net_version
[2020/04/05 18:00:57.189] - eth_blockNumber
[2020/04/05 18:01:00.695] - eth_blockNumber
[2020/04/05 18:01:17.205] - eth_blockNumber
[2020/04/05 18:01:20.715] - eth_blockNumber
[2020/04/05 18:01:21.151] - net_version
[2020/04/05 18:01:37.893] - eth_blockNumber
[2020/04/05 18:01:37.973] - net_version
[2020/04/05 18:01:40.753] - eth_blockNumber
[2020/04/05 18:01:57.953] - eth_blockNumber
[2020/04/05 18:02:00.761] - eth_blockNumber
[2020/04/05 18:02:17.966] - eth_blockNumber
[2020/04/05 18:02:20.772] - eth_blockNumber
[2020/04/05 18:02:37.980] - eth_blockNumber
[2020/04/05 18:02:40.789] - eth_blockNumber
[2020/04/05 18:02:43.286] - net_version
[2020/04/05 18:02:57.991] - eth_blockNumber
[2020/04/05 18:03:00.806] - eth_blockNumber
[2020/04/05 18:03:09.410] - net_version
[2020/04/05 18:03:18.004] - eth_blockNumber
[2020/04/05 18:03:20.820] - eth_blockNumber
[2020/04/05 18:03:38.021] - eth_blockNumber
[2020/04/05 18:03:40.833] - eth_blockNumber
[2020/04/05 18:03:58.036] - eth_blockNumber
[2020/04/05 18:04:00.848] - eth_blockNumber
[2020/04/05 18:04:12.202] - net_version
[2020/04/05 18:04:18.049] - eth_blockNumber
[2020/04/05 18:04:20.860] - eth_blockNumber
[2020/04/05 18:04:28.336] - net_version
[2020/04/05 18:04:38.057] - eth_blockNumber
[2020/04/05 18:04:40.877] - eth_blockNumber
[2020/04/05 18:04:44.751] - net_version
[2020/04/05 18:04:58.069] - eth_blockNumber
[2020/04/05 18:05:00.898] - eth_blockNumber
[2020/04/05 18:05:18.082] - eth_blockNumber
[2020/04/05 18:05:20.908] - eth_blockNumber
[2020/04/05 18:05:36.986] - net_version
[2020/04/05 18:05:38.546] - eth_blockNumber
[2020/04/05 18:05:40.918] - eth_blockNumber
[2020/04/05 18:05:58.685] - eth_blockNumber
[2020/04/05 18:06:00.929] - eth_blockNumber
[2020/04/05 18:06:02.044] - net_version
[2020/04/05 18:06:18.713] - eth_blockNumber
[2020/04/05 18:06:20.939] - eth_blockNumber
[2020/04/05 18:06:38.727] - eth_blockNumber
[2020/04/05 18:06:40.949] - eth_blockNumber
[2020/04/05 18:06:52.162] - net_version
[2020/04/05 18:06:58.739] - eth_blockNumber
[2020/04/05 18:07:00.960] - eth_blockNumber
[2020/04/05 18:07:18.753] - eth_blockNumber
[2020/04/05 18:07:20.972] - eth_blockNumber
[2020/04/05 18:07:38.765] - eth_blockNumber
[2020/04/05 18:07:40.983] - eth_blockNumber
[2020/04/05 18:07:58.779] - eth_blockNumber
[2020/04/05 18:08:00.992] - eth_blockNumber
[2020/04/05 18:08:15.377] - net_version
[2020/04/05 18:08:18.788] - eth_blockNumber
[2020/04/05 18:08:21.000] - eth_blockNumber
[2020/04/05 18:08:38.803] - eth_blockNumber
[2020/04/05 18:08:41.012] - eth_blockNumber
[2020/04/05 18:08:58.816] - eth_blockNumber
[2020/04/05 18:09:01.021] - eth_blockNumber
[2020/04/05 18:09:18.829] - eth_blockNumber
[2020/04/05 18:09:21.036] - eth_blockNumber
[2020/04/05 18:09:30.848] - net_version
[2020/04/05 18:09:38.844] - eth_blockNumber
[2020/04/05 18:09:41.045] - eth_blockNumber
[2020/04/05 18:09:58.858] - eth_blockNumber
[2020/04/05 18:10:01.055] - eth_blockNumber
[2020/04/05 18:10:18.871] - eth_blockNumber
[2020/04/05 18:10:21.062] - eth_blockNumber
[2020/04/05 18:10:38.884] - eth_blockNumber
[2020/04/05 18:10:41.074] - eth_blockNumber
[2020/04/05 18:10:58.898] - eth_blockNumber
[2020/04/05 18:11:01.085] - eth_blockNumber
[2020/04/05 18:11:09.623] - net_version
[2020/04/05 18:11:18.910] - eth_blockNumber
[2020/04/05 18:11:21.098] - eth_blockNumber
[2020/04/05 18:11:38.922] - eth_blockNumber
[2020/04/05 18:11:41.109] - eth_blockNumber
[2020/04/05 18:11:58.934] - eth_blockNumber
[2020/04/05 18:12:01.124] - eth_blockNumber
[2020/04/05 18:12:02.018] - net_version
[2020/04/05 18:12:19.252] - eth_blockNumber
[2020/04/05 18:12:19.417] - net_version
[2020/04/05 18:12:21.136] - eth_blockNumber
[2020/04/05 18:12:30.887] - net_version
[2020/04/05 18:12:39.381] - eth_blockNumber
[2020/04/05 18:12:41.152] - eth_blockNumber
[2020/04/05 18:12:59.400] - eth_blockNumber
[2020/04/05 18:13:01.179] - eth_blockNumber
[2020/04/05 18:13:19.413] - eth_blockNumber
[2020/04/05 18:13:21.201] - eth_blockNumber
[2020/04/05 18:13:34.445] - net_version
[2020/04/05 18:13:39.424] - eth_blockNumber
[2020/04/05 18:13:41.216] - eth_blockNumber
[2020/04/05 18:13:42.279] - net_version
[2020/04/05 18:13:59.440] - eth_blockNumber
[2020/04/05 18:14:01.230] - eth_blockNumber
[2020/04/05 18:14:19.470] - eth_blockNumber
[2020/04/05 18:14:21.251] - eth_blockNumber
[2020/04/05 18:14:21.352] - net_version
[2020/04/05 18:14:39.489] - eth_blockNumber
[2020/04/05 18:14:41.276] - eth_blockNumber
[2020/04/05 18:14:59.504] - eth_blockNumber
[2020/04/05 18:15:01.288] - eth_blockNumber
[2020/04/05 18:15:19.515] - eth_blockNumber
[2020/04/05 18:15:21.299] - eth_blockNumber
[2020/04/05 18:15:39.528] - eth_blockNumber
[2020/04/05 18:15:41.310] - eth_blockNumber
[2020/04/05 18:15:55.866] - net_version
[2020/04/05 18:16:00.260] - eth_blockNumber
[2020/04/05 18:16:01.328] - eth_blockNumber
[2020/04/05 18:16:20.498] - eth_blockNumber
[2020/04/05 18:16:21.347] - eth_blockNumber
[2020/04/05 18:16:40.515] - eth_blockNumber
[2020/04/05 18:16:41.361] - eth_blockNumber
[2020/04/05 18:17:00.532] - eth_blockNumber
[2020/04/05 18:17:01.375] - eth_blockNumber
[2020/04/05 18:17:20.542] - eth_blockNumber
[2020/04/05 18:17:21.387] - eth_blockNumber
[2020/04/05 18:17:40.553] - eth_blockNumber
[2020/04/05 18:17:41.400] - eth_blockNumber
[2020/04/05 18:18:00.568] - eth_blockNumber
[2020/04/05 18:18:01.410] - eth_blockNumber
[2020/04/05 18:18:20.578] - eth_blockNumber
[2020/04/05 18:18:21.421] - eth_blockNumber
[2020/04/05 18:18:40.587] - eth_blockNumber
[2020/04/05 18:18:41.433] - eth_blockNumber
[2020/04/05 18:19:00.597] - eth_blockNumber
[2020/04/05 18:19:01.442] - eth_blockNumber
[2020/04/05 18:19:14.104] - net_version
[2020/04/05 18:19:20.607] - eth_blockNumber
[2020/04/05 18:19:21.449] - eth_blockNumber
[2020/04/05 18:19:40.626] - eth_blockNumber
[2020/04/05 18:19:41.455] - eth_blockNumber
[2020/04/05 18:20:00.637] - eth_blockNumber
[2020/04/05 18:20:01.465] - eth_blockNumber
[2020/04/05 18:20:20.656] - eth_blockNumber
[2020/04/05 18:20:21.481] - eth_blockNumber
[2020/04/05 18:20:40.670] - eth_blockNumber
[2020/04/05 18:20:41.492] - eth_blockNumber
[2020/04/05 18:21:00.683] - eth_blockNumber
[2020/04/05 18:21:01.503] - eth_blockNumber
[2020/04/05 18:21:07.470] - net_version
[2020/04/05 18:21:17.103] - net_version
[2020/04/05 18:21:20.701] - eth_blockNumber
[2020/04/05 18:21:21.518] - eth_blockNumber
[2020/04/05 18:21:40.721] - eth_blockNumber
[2020/04/05 18:21:41.535] - eth_blockNumber
[2020/04/05 18:22:00.772] - eth_blockNumber
[2020/04/05 18:22:01.548] - eth_blockNumber
[2020/04/05 18:22:20.787] - eth_blockNumber
[2020/04/05 18:22:21.558] - eth_blockNumber
[2020/04/05 18:22:40.801] - eth_blockNumber
[2020/04/05 18:22:41.569] - eth_blockNumber
[2020/04/05 18:23:00.814] - eth_blockNumber
[2020/04/05 18:23:01.577] - eth_blockNumber
[2020/04/05 18:23:20.827] - eth_blockNumber
[2020/04/05 18:23:21.587] - eth_blockNumber
[2020/04/05 18:23:40.842] - eth_blockNumber
[2020/04/05 18:23:41.597] - eth_blockNumber
[2020/04/05 18:24:00.851] - eth_blockNumber
[2020/04/05 18:24:01.607] - eth_blockNumber
[2020/04/05 18:24:20.861] - eth_blockNumber
[2020/04/05 18:24:21.617] - eth_blockNumber
[2020/04/05 18:24:40.872] - eth_blockNumber
[2020/04/05 18:24:41.627] - eth_blockNumber
[2020/04/05 18:25:00.884] - eth_blockNumber
[2020/04/05 18:25:01.637] - eth_blockNumber
[2020/04/05 18:25:20.895] - eth_blockNumber
[2020/04/05 18:25:21.647] - eth_blockNumber
[2020/04/05 18:25:40.906] - eth_blockNumber
[2020/04/05 18:25:41.657] - eth_blockNumber
[2020/04/05 18:26:00.919] - eth_blockNumber
[2020/04/05 18:26:01.666] - eth_blockNumber
[2020/04/05 18:26:20.928] - eth_blockNumber
[2020/04/05 18:26:21.675] - eth_blockNumber
[2020/04/05 18:26:40.940] - eth_blockNumber
[2020/04/05 18:26:41.685] - eth_blockNumber
[2020/04/05 18:27:00.949] - eth_blockNumber
[2020/04/05 18:27:01.696] - eth_blockNumber
[2020/04/05 18:27:20.962] - eth_blockNumber
[2020/04/05 18:27:21.709] - eth_blockNumber
[2020/04/05 18:27:40.990] - eth_blockNumber
[2020/04/05 18:27:41.720] - eth_blockNumber
[2020/04/05 18:28:00.998] - eth_blockNumber
[2020/04/05 18:28:01.731] - eth_blockNumber
[2020/04/05 18:28:21.007] - eth_blockNumber
[2020/04/05 18:28:21.741] - eth_blockNumber
[2020/04/05 18:28:41.015] - eth_blockNumber
[2020/04/05 18:28:41.751] - eth_blockNumber
[2020/04/05 18:29:01.025] - eth_blockNumber
[2020/04/05 18:29:01.762] - eth_blockNumber
[2020/04/05 18:29:21.036] - eth_blockNumber
[2020/04/05 18:29:21.772] - eth_blockNumber
[2020/04/05 18:29:41.043] - eth_blockNumber
[2020/04/05 18:29:41.782] - eth_blockNumber
[2020/04/05 18:30:01.053] - eth_blockNumber
[2020/04/05 18:30:01.793] - eth_blockNumber
[2020/04/05 18:30:21.061] - eth_blockNumber
[2020/04/05 18:30:21.804] - eth_blockNumber
[2020/04/05 18:30:41.070] - eth_blockNumber
[2020/04/05 18:30:41.812] - eth_blockNumber
[2020/04/05 18:31:01.083] - eth_blockNumber
[2020/04/05 18:31:01.821] - eth_blockNumber
[2020/04/05 18:31:21.098] - eth_blockNumber
[2020/04/05 18:31:21.830] - eth_blockNumber
[2020/04/05 18:31:41.107] - eth_blockNumber
[2020/04/05 18:31:41.842] - eth_blockNumber
[2020/04/05 18:32:01.118] - eth_blockNumber
[2020/04/05 18:32:01.852] - eth_blockNumber
[2020/04/05 18:32:21.129] - eth_blockNumber
[2020/04/05 18:32:21.860] - eth_blockNumber
[2020/04/05 18:32:41.140] - eth_blockNumber
[2020/04/05 18:32:41.871] - eth_blockNumber
[2020/04/05 18:33:01.152] - eth_blockNumber
[2020/04/05 18:33:01.881] - eth_blockNumber
[2020/04/05 18:33:21.160] - eth_blockNumber
[2020/04/05 18:33:21.893] - eth_blockNumber
[2020/04/05 18:33:41.173] - eth_blockNumber
[2020/04/05 18:33:41.904] - eth_blockNumber
[2020/04/05 18:34:01.184] - eth_blockNumber
[2020/04/05 18:34:01.915] - eth_blockNumber
[2020/04/05 18:34:21.196] - eth_blockNumber
[2020/04/05 18:34:21.926] - eth_blockNumber
[2020/04/05 18:34:41.205] - eth_blockNumber
[2020/04/05 18:34:41.937] - eth_blockNumber
[2020/04/05 18:35:01.214] - eth_blockNumber
[2020/04/05 18:35:01.948] - eth_blockNumber
[2020/04/05 18:35:21.223] - eth_blockNumber
[2020/04/05 18:35:21.960] - eth_blockNumber
[2020/04/05 18:35:41.234] - eth_blockNumber
[2020/04/05 18:35:41.971] - eth_blockNumber
[2020/04/05 18:36:01.246] - eth_blockNumber
[2020/04/05 18:36:01.982] - eth_blockNumber
[2020/04/05 18:36:21.258] - eth_blockNumber
[2020/04/05 18:36:21.992] - eth_blockNumber
[2020/04/05 18:36:41.270] - eth_blockNumber
[2020/04/05 18:36:42.003] - eth_blockNumber
[2020/04/05 18:37:01.280] - eth_blockNumber
[2020/04/05 18:37:02.014] - eth_blockNumber
[2020/04/05 18:37:21.291] - eth_blockNumber
[2020/04/05 18:37:22.025] - eth_blockNumber
[2020/04/05 18:37:41.299] - eth_blockNumber
[2020/04/05 18:37:42.036] - eth_blockNumber
[2020/04/05 18:38:01.307] - eth_blockNumber
[2020/04/05 18:38:02.043] - eth_blockNumber
[2020/04/05 18:38:21.318] - eth_blockNumber
[2020/04/05 18:38:22.056] - eth_blockNumber
[2020/04/05 18:38:41.333] - eth_blockNumber
[2020/04/05 18:38:42.070] - eth_blockNumber
[2020/04/05 18:39:01.355] - eth_blockNumber
[2020/04/05 18:39:02.084] - eth_blockNumber
[2020/04/05 18:39:21.367] - eth_blockNumber
[2020/04/05 18:39:22.096] - eth_blockNumber
[2020/04/05 18:39:41.381] - eth_blockNumber
[2020/04/05 18:39:42.106] - eth_blockNumber
[2020/04/05 18:40:01.393] - eth_blockNumber
[2020/04/05 18:40:02.116] - eth_blockNumber
[2020/04/05 18:40:21.406] - eth_blockNumber
[2020/04/05 18:40:22.128] - eth_blockNumber
[2020/04/05 18:40:41.424] - eth_blockNumber
[2020/04/05 18:40:42.142] - eth_blockNumber
[2020/04/05 18:41:01.433] - eth_blockNumber
[2020/04/05 18:41:02.161] - eth_blockNumber
[2020/04/05 18:41:21.443] - eth_blockNumber
[2020/04/05 18:41:22.174] - eth_blockNumber
[2020/04/05 18:41:41.455] - eth_blockNumber
[2020/04/05 18:41:42.188] - eth_blockNumber
[2020/04/05 18:41:54.045] - net_version
[2020/04/05 18:42:01.468] - eth_blockNumber
[2020/04/05 18:42:02.198] - eth_blockNumber
[2020/04/05 18:42:21.484] - eth_blockNumber
[2020/04/05 18:42:22.215] - eth_blockNumber
[2020/04/05 18:42:25.079] - net_version
[2020/04/05 18:42:41.506] - eth_blockNumber
[2020/04/05 18:42:42.231] - eth_blockNumber
[2020/04/05 18:43:01.531] - eth_blockNumber
[2020/04/05 18:43:02.247] - eth_blockNumber
[2020/04/05 18:43:21.542] - eth_blockNumber
[2020/04/05 18:43:22.275] - eth_blockNumber
[2020/04/05 18:43:41.558] - eth_blockNumber
[2020/04/05 18:43:42.288] - eth_blockNumber
[2020/04/05 18:44:01.566] - eth_blockNumber
[2020/04/05 18:44:02.297] - eth_blockNumber
[2020/04/05 18:44:21.577] - eth_blockNumber
[2020/04/05 18:44:22.310] - eth_blockNumber
[2020/04/05 18:44:41.590] - eth_blockNumber
[2020/04/05 18:44:42.322] - eth_blockNumber
[2020/04/05 18:45:01.598] - eth_blockNumber
[2020/04/05 18:45:02.337] - eth_blockNumber
[2020/04/05 18:45:21.612] - eth_blockNumber
[2020/04/05 18:45:22.358] - eth_blockNumber
[2020/04/05 18:45:41.627] - eth_blockNumber
[2020/04/05 18:45:42.370] - eth_blockNumber
[2020/04/05 18:46:01.648] - eth_blockNumber
[2020/04/05 18:46:02.384] - eth_blockNumber
[2020/04/05 18:46:21.672] - eth_blockNumber
[2020/04/05 18:46:22.407] - eth_blockNumber
[2020/04/05 18:46:41.699] - eth_blockNumber
[2020/04/05 18:46:42.428] - eth_blockNumber
[2020/04/05 18:47:01.711] - eth_blockNumber
[2020/04/05 18:47:02.447] - eth_blockNumber
[2020/04/05 18:47:21.723] - eth_blockNumber
[2020/04/05 18:47:22.460] - eth_blockNumber
[2020/04/05 18:47:41.733] - eth_blockNumber
[2020/04/05 18:47:42.476] - eth_blockNumber
[2020/04/05 18:48:01.745] - eth_blockNumber
[2020/04/05 18:48:02.496] - eth_blockNumber
[2020/04/05 18:48:21.754] - eth_blockNumber
[2020/04/05 18:48:22.509] - eth_blockNumber
[2020/04/05 18:48:41.764] - eth_blockNumber
[2020/04/05 18:48:42.520] - eth_blockNumber
[2020/04/05 18:49:01.775] - eth_blockNumber
[2020/04/05 18:49:02.538] - eth_blockNumber
[2020/04/05 18:49:21.787] - eth_blockNumber
[2020/04/05 18:49:22.558] - eth_blockNumber
[2020/04/05 18:49:41.797] - eth_blockNumber
[2020/04/05 18:49:42.576] - eth_blockNumber
[2020/04/05 18:50:01.809] - eth_blockNumber
[2020/04/05 18:50:02.604] - eth_blockNumber
[2020/04/05 18:50:21.820] - eth_blockNumber
[2020/04/05 18:50:22.616] - eth_blockNumber
[2020/04/05 18:50:41.831] - eth_blockNumber
[2020/04/05 18:50:42.626] - eth_blockNumber
[2020/04/05 18:51:01.844] - eth_blockNumber
[2020/04/05 18:51:02.638] - eth_blockNumber
[2020/04/05 18:51:21.854] - eth_blockNumber
[2020/04/05 18:51:22.650] - eth_blockNumber
[2020/04/05 18:51:41.863] - eth_blockNumber
[2020/04/05 18:51:42.663] - eth_blockNumber
[2020/04/05 18:52:01.874] - eth_blockNumber
[2020/04/05 18:52:02.676] - eth_blockNumber
[2020/04/05 18:52:21.884] - eth_blockNumber
[2020/04/05 18:52:22.685] - eth_blockNumber
[2020/04/05 18:52:41.903] - eth_blockNumber
[2020/04/05 18:52:42.711] - eth_blockNumber
[2020/04/05 18:53:01.917] - eth_blockNumber
[2020/04/05 18:53:02.738] - eth_blockNumber
[2020/04/05 18:53:21.931] - eth_blockNumber
[2020/04/05 18:53:22.767] - eth_blockNumber
[2020/04/05 18:53:41.944] - eth_blockNumber
[2020/04/05 18:53:42.786] - eth_blockNumber
[2020/04/05 18:54:01.956] - eth_blockNumber
[2020/04/05 18:54:02.795] - eth_blockNumber
[2020/04/05 18:54:21.971] - eth_blockNumber
[2020/04/05 18:54:22.810] - eth_blockNumber
[2020/04/05 18:54:41.983] - eth_blockNumber
[2020/04/05 18:54:42.821] - eth_blockNumber
[2020/04/05 18:55:01.995] - eth_blockNumber
[2020/04/05 18:55:02.837] - eth_blockNumber
[2020/04/05 18:55:22.011] - eth_blockNumber
[2020/04/05 18:55:22.851] - eth_blockNumber
[2020/04/05 18:55:42.023] - eth_blockNumber
[2020/04/05 18:55:42.862] - eth_blockNumber
[2020/04/05 18:56:02.032] - eth_blockNumber
[2020/04/05 18:56:02.871] - eth_blockNumber
[2020/04/05 18:56:22.044] - eth_blockNumber
[2020/04/05 18:56:22.881] - eth_blockNumber
[2020/04/05 18:56:42.053] - eth_blockNumber
[2020/04/05 18:56:42.892] - eth_blockNumber
[2020/04/05 18:57:02.061] - eth_blockNumber
[2020/04/05 18:57:02.907] - eth_blockNumber
[2020/04/05 18:57:22.096] - eth_blockNumber
[2020/04/05 18:57:22.937] - eth_blockNumber
[2020/04/05 18:57:42.133] - eth_blockNumber
[2020/04/05 18:57:43.211] - eth_blockNumber
[2020/04/05 18:58:02.162] - eth_blockNumber
[2020/04/05 18:58:03.243] - eth_blockNumber
[2020/04/05 18:58:22.174] - eth_blockNumber
[2020/04/05 18:58:23.262] - eth_blockNumber
[2020/04/05 18:58:42.186] - eth_blockNumber
[2020/04/05 18:58:43.285] - eth_blockNumber
[2020/04/05 18:59:02.198] - eth_blockNumber
[2020/04/05 18:59:03.297] - eth_blockNumber
[2020/04/05 18:59:22.210] - eth_blockNumber
[2020/04/05 18:59:23.312] - eth_blockNumber
[2020/04/05 18:59:42.223] - eth_blockNumber
[2020/04/05 18:59:43.323] - eth_blockNumber
[2020/04/05 19:00:02.234] - eth_blockNumber
[2020/04/05 19:00:03.331] - eth_blockNumber
[2020/04/05 19:00:22.246] - eth_blockNumber
[2020/04/05 19:00:23.339] - eth_blockNumber
[2020/04/05 19:00:42.257] - eth_blockNumber
[2020/04/05 19:00:43.347] - eth_blockNumber
[2020/04/05 19:01:02.268] - eth_blockNumber
[2020/04/05 19:01:03.362] - eth_blockNumber
[2020/04/05 19:01:22.279] - eth_blockNumber
[2020/04/05 19:01:23.369] - eth_blockNumber
[2020/04/05 19:01:42.290] - eth_blockNumber
[2020/04/05 19:01:43.379] - eth_blockNumber
[2020/04/05 19:02:02.300] - eth_blockNumber
[2020/04/05 19:02:03.391] - eth_blockNumber
[2020/04/05 19:02:22.310] - eth_blockNumber
[2020/04/05 19:02:23.403] - eth_blockNumber
[2020/04/05 19:02:42.322] - eth_blockNumber
[2020/04/05 19:02:43.414] - eth_blockNumber
[2020/04/05 19:03:02.332] - eth_blockNumber
[2020/04/05 19:03:03.426] - eth_blockNumber
[2020/04/05 19:03:22.353] - eth_blockNumber
[2020/04/05 19:03:23.439] - eth_blockNumber
[2020/04/05 19:03:42.370] - eth_blockNumber
[2020/04/05 19:03:43.450] - eth_blockNumber
[2020/04/05 19:04:02.381] - eth_blockNumber
[2020/04/05 19:04:03.461] - eth_blockNumber
[2020/04/05 19:04:22.400] - eth_blockNumber
[2020/04/05 19:04:23.473] - eth_blockNumber
[2020/04/05 19:04:31.468] - net_version
[2020/04/05 19:04:42.414] - eth_blockNumber
[2020/04/05 19:04:43.488] - eth_blockNumber
[2020/04/05 19:05:02.425] - eth_blockNumber
[2020/04/05 19:05:03.500] - eth_blockNumber
[2020/04/05 19:05:22.437] - eth_blockNumber
[2020/04/05 19:05:23.511] - eth_blockNumber
[2020/04/05 19:05:37.524] - net_version
[2020/04/05 19:05:42.450] - eth_blockNumber
[2020/04/05 19:05:43.523] - eth_blockNumber
[2020/04/05 19:06:02.461] - eth_blockNumber
[2020/04/05 19:06:03.537] - eth_blockNumber
[2020/04/05 19:06:04.292] - net_version
[2020/04/05 19:06:22.470] - eth_blockNumber
[2020/04/05 19:06:23.549] - eth_blockNumber
[2020/04/05 19:06:42.480] - eth_blockNumber
[2020/04/05 19:06:43.558] - eth_blockNumber
[2020/04/05 19:07:02.494] - eth_blockNumber
[2020/04/05 19:07:03.568] - eth_blockNumber
[2020/04/05 19:07:17.391] - net_version
[2020/04/05 19:07:22.508] - eth_blockNumber
[2020/04/05 19:07:23.577] - eth_blockNumber
[2020/04/05 19:07:42.522] - eth_blockNumber
[2020/04/05 19:07:43.588] - eth_blockNumber
[2020/04/05 19:07:50.108] - net_version
[2020/04/05 19:08:02.537] - eth_blockNumber
[2020/04/05 19:08:03.600] - eth_blockNumber
[2020/04/05 19:08:22.551] - eth_blockNumber
[2020/04/05 19:08:23.611] - eth_blockNumber
[2020/04/05 19:08:42.562] - eth_blockNumber
[2020/04/05 19:08:43.621] - eth_blockNumber
[2020/04/05 19:08:53.646] - net_version
[2020/04/05 19:09:02.582] - eth_blockNumber
[2020/04/05 19:09:03.648] - eth_blockNumber
[2020/04/05 19:09:10.299] - net_version
[2020/04/05 19:09:22.613] - eth_blockNumber
[2020/04/05 19:09:23.675] - eth_blockNumber
[2020/04/05 19:09:42.628] - eth_blockNumber
[2020/04/05 19:09:43.695] - eth_blockNumber
[2020/04/05 19:10:02.642] - eth_blockNumber
[2020/04/05 19:10:03.701] - eth_blockNumber
[2020/04/05 19:10:22.655] - eth_blockNumber
[2020/04/05 19:10:23.708] - eth_blockNumber
[2020/04/05 19:10:42.667] - eth_blockNumber
[2020/04/05 19:10:43.715] - eth_blockNumber
[2020/04/05 19:11:02.677] - eth_blockNumber
[2020/04/05 19:11:03.725] - eth_blockNumber
[2020/04/05 19:11:22.689] - eth_blockNumber
[2020/04/05 19:11:23.739] - eth_blockNumber
[2020/04/05 19:11:42.703] - eth_blockNumber
[2020/04/05 19:11:43.752] - eth_blockNumber
[2020/04/05 19:12:02.715] - eth_blockNumber
[2020/04/05 19:12:03.762] - eth_blockNumber
[2020/04/05 19:12:22.727] - eth_blockNumber
[2020/04/05 19:12:23.776] - eth_blockNumber
[2020/04/05 19:12:42.474] - net_version
[2020/04/05 19:12:42.736] - eth_blockNumber
[2020/04/05 19:12:43.789] - eth_blockNumber
[2020/04/05 19:13:02.743] - eth_blockNumber
[2020/04/05 19:13:03.799] - eth_blockNumber
[2020/04/05 19:13:22.760] - eth_blockNumber
[2020/04/05 19:13:23.814] - eth_blockNumber
[2020/04/05 19:13:38.976] - net_version
[2020/04/05 19:13:42.781] - eth_blockNumber
[2020/04/05 19:13:43.821] - eth_blockNumber
[2020/04/05 19:13:55.543] - net_version
[2020/04/05 19:14:02.788] - eth_blockNumber
[2020/04/05 19:14:03.830] - eth_blockNumber
[2020/04/05 19:14:19.782] - net_version
[2020/04/05 19:14:22.800] - eth_blockNumber
[2020/04/05 19:14:23.840] - eth_blockNumber
[2020/04/05 19:14:42.810] - eth_blockNumber
[2020/04/05 19:14:43.853] - eth_blockNumber
[2020/04/05 19:14:50.131] - net_version
[2020/04/05 19:15:02.822] - eth_blockNumber
[2020/04/05 19:15:03.863] - eth_blockNumber
[2020/04/05 19:15:22.835] - eth_blockNumber
[2020/04/05 19:15:23.871] - eth_blockNumber
[2020/04/05 19:15:42.849] - eth_blockNumber
[2020/04/05 19:15:43.892] - eth_blockNumber
[2020/04/05 19:15:47.382] - net_version
[2020/04/05 19:16:02.860] - eth_blockNumber
[2020/04/05 19:16:03.920] - eth_blockNumber
[2020/04/05 19:16:04.324] - net_version
[2020/04/05 19:16:17.980] - net_version
[2020/04/05 19:16:22.878] - eth_blockNumber
[2020/04/05 19:16:23.931] - eth_blockNumber
[2020/04/05 19:16:42.891] - eth_blockNumber
[2020/04/05 19:16:43.940] - eth_blockNumber
[2020/04/05 19:17:02.904] - eth_blockNumber
[2020/04/05 19:17:03.947] - eth_blockNumber
[2020/04/05 19:17:22.919] - eth_blockNumber
[2020/04/05 19:17:23.965] - eth_blockNumber
[2020/04/05 19:17:42.926] - eth_blockNumber
[2020/04/05 19:17:43.990] - eth_blockNumber
[2020/04/05 19:18:02.940] - eth_blockNumber
[2020/04/05 19:18:04.000] - eth_blockNumber
[2020/04/05 19:18:22.953] - eth_blockNumber
[2020/04/05 19:18:24.008] - eth_blockNumber
[2020/04/05 19:18:42.966] - eth_blockNumber
[2020/04/05 19:18:44.020] - eth_blockNumber
[2020/04/05 19:19:02.976] - eth_blockNumber
[2020/04/05 19:19:04.038] - eth_blockNumber
[2020/04/05 19:19:22.987] - eth_blockNumber
[2020/04/05 19:19:24.050] - eth_blockNumber
[2020/04/05 19:19:42.994] - eth_blockNumber
[2020/04/05 19:19:44.062] - eth_blockNumber
[2020/04/05 19:20:03.000] - eth_blockNumber
[2020/04/05 19:20:04.072] - eth_blockNumber
[2020/04/05 19:20:23.006] - eth_blockNumber
[2020/04/05 19:20:24.083] - eth_blockNumber
[2020/04/05 19:20:43.015] - eth_blockNumber
[2020/04/05 19:20:44.093] - eth_blockNumber
[2020/04/05 19:21:03.024] - eth_blockNumber
[2020/04/05 19:21:04.104] - eth_blockNumber
[2020/04/05 19:21:23.034] - eth_blockNumber
[2020/04/05 19:21:24.121] - eth_blockNumber
[2020/04/05 19:21:43.046] - eth_blockNumber
[2020/04/05 19:21:44.141] - eth_blockNumber
[2020/04/05 19:22:03.055] - eth_blockNumber
[2020/04/05 19:22:04.157] - eth_blockNumber
[2020/04/05 19:22:23.066] - eth_blockNumber
[2020/04/05 19:22:24.169] - eth_blockNumber
[2020/04/05 19:22:34.348] - net_version
[2020/04/05 19:22:43.074] - eth_blockNumber
[2020/04/05 19:22:44.185] - eth_blockNumber
[2020/04/05 19:22:52.427] - net_version
[2020/04/05 19:23:03.084] - eth_blockNumber
[2020/04/05 19:23:04.198] - eth_blockNumber
[2020/04/05 19:23:20.288] - net_version
[2020/04/05 19:23:23.091] - eth_blockNumber
[2020/04/05 19:23:24.211] - eth_blockNumber
[2020/04/05 19:23:43.105] - eth_blockNumber
[2020/04/05 19:23:44.222] - eth_blockNumber
[2020/04/05 19:24:03.112] - eth_blockNumber
[2020/04/05 19:24:04.230] - eth_blockNumber
[2020/04/05 19:24:23.129] - eth_blockNumber
[2020/04/05 19:24:24.238] - eth_blockNumber
[2020/04/05 19:24:43.151] - eth_blockNumber
[2020/04/05 19:24:44.258] - eth_blockNumber
[2020/04/05 19:25:03.171] - eth_blockNumber
[2020/04/05 19:25:04.267] - eth_blockNumber
[2020/04/05 19:25:23.185] - eth_blockNumber
[2020/04/05 19:25:24.279] - eth_blockNumber
[2020/04/05 19:25:43.206] - eth_blockNumber
[2020/04/05 19:25:44.290] - eth_blockNumber
[2020/04/05 19:26:03.220] - eth_blockNumber
[2020/04/05 19:26:04.300] - eth_blockNumber
[2020/04/05 19:26:23.236] - eth_blockNumber
[2020/04/05 19:26:24.310] - eth_blockNumber
[2020/04/05 19:26:43.251] - eth_blockNumber
[2020/04/05 19:26:44.321] - eth_blockNumber
[2020/04/05 19:27:03.261] - eth_blockNumber
[2020/04/05 19:27:04.334] - eth_blockNumber
[2020/04/05 19:27:23.271] - eth_blockNumber
[2020/04/05 19:27:24.344] - eth_blockNumber
[2020/04/05 19:27:43.282] - eth_blockNumber
[2020/04/05 19:27:44.353] - eth_blockNumber
[2020/04/05 19:28:03.295] - eth_blockNumber
[2020/04/05 19:28:04.362] - eth_blockNumber
[2020/04/05 19:28:23.310] - eth_blockNumber
[2020/04/05 19:28:24.395] - eth_blockNumber
[2020/04/05 19:28:33.314] - net_version
[2020/04/05 19:28:43.319] - eth_blockNumber
[2020/04/05 19:28:44.427] - eth_blockNumber
[2020/04/05 19:29:03.328] - eth_blockNumber
[2020/04/05 19:29:04.436] - eth_blockNumber
[2020/04/05 19:29:23.340] - eth_blockNumber
[2020/04/05 19:29:24.442] - eth_blockNumber
[2020/04/05 19:29:30.283] - net_version
[2020/04/05 19:29:43.354] - eth_blockNumber
[2020/04/05 19:29:44.452] - eth_blockNumber
[2020/04/05 19:29:51.012] - net_version
[2020/04/05 19:30:03.370] - eth_blockNumber
[2020/04/05 19:30:04.461] - eth_blockNumber
[2020/04/05 19:30:12.365] - net_version
[2020/04/05 19:30:23.384] - eth_blockNumber
[2020/04/05 19:30:24.469] - eth_blockNumber
[2020/04/05 19:30:28.473] - net_version
[2020/04/05 19:30:43.399] - eth_blockNumber
[2020/04/05 19:30:44.480] - eth_blockNumber
[2020/04/05 19:30:47.675] - net_version
[2020/04/05 19:31:03.411] - eth_blockNumber
[2020/04/05 19:31:04.493] - eth_blockNumber
[2020/04/05 19:31:23.420] - eth_blockNumber
[2020/04/05 19:31:24.506] - eth_blockNumber
[2020/04/05 19:31:43.431] - eth_blockNumber
[2020/04/05 19:31:44.519] - eth_blockNumber
[2020/04/05 19:32:03.444] - eth_blockNumber
[2020/04/05 19:32:04.531] - eth_blockNumber
[2020/04/05 19:32:23.457] - eth_blockNumber
[2020/04/05 19:32:24.543] - eth_blockNumber
[2020/04/05 19:32:43.475] - eth_blockNumber
[2020/04/05 19:32:44.557] - eth_blockNumber
[2020/04/05 19:33:03.500] - eth_blockNumber
[2020/04/05 19:33:04.571] - eth_blockNumber
[2020/04/05 19:33:23.515] - eth_blockNumber
[2020/04/05 19:33:24.581] - eth_blockNumber
[2020/04/05 19:33:43.542] - eth_blockNumber
[2020/04/05 19:33:44.598] - eth_blockNumber
[2020/04/05 19:34:03.554] - eth_blockNumber
[2020/04/05 19:34:04.610] - eth_blockNumber
[2020/04/05 19:34:23.611] - eth_blockNumber
[2020/04/05 19:34:24.619] - eth_blockNumber
[2020/04/05 19:34:43.682] - eth_blockNumber
[2020/04/05 19:34:44.627] - eth_blockNumber
[2020/04/05 19:35:03.696] - eth_blockNumber
[2020/04/05 19:35:04.635] - eth_blockNumber
[2020/04/05 19:35:23.717] - eth_blockNumber
[2020/04/05 19:35:24.647] - eth_blockNumber
[2020/04/05 19:35:43.730] - eth_blockNumber
[2020/04/05 19:35:44.665] - eth_blockNumber
[2020/04/05 19:36:03.744] - eth_blockNumber
[2020/04/05 19:36:04.676] - eth_blockNumber
[2020/04/05 19:36:23.759] - eth_blockNumber
[2020/04/05 19:36:24.685] - eth_blockNumber
[2020/04/05 19:36:43.772] - eth_blockNumber
[2020/04/05 19:36:44.691] - eth_blockNumber
[2020/04/05 19:37:03.786] - eth_blockNumber
[2020/04/05 19:37:04.707] - eth_blockNumber
[2020/04/05 19:37:23.794] - eth_blockNumber
[2020/04/05 19:37:24.718] - eth_blockNumber
[2020/04/05 19:37:43.805] - eth_blockNumber
[2020/04/05 19:37:44.730] - eth_blockNumber
[2020/04/05 19:38:03.820] - eth_blockNumber
[2020/04/05 19:38:04.746] - eth_blockNumber
[2020/04/05 19:38:23.835] - eth_blockNumber
[2020/04/05 19:38:24.769] - eth_blockNumber
[2020/04/05 19:38:43.847] - eth_blockNumber
[2020/04/05 19:38:44.789] - eth_blockNumber
[2020/04/05 19:39:03.860] - eth_blockNumber
[2020/04/05 19:39:04.799] - eth_blockNumber
[2020/04/05 19:39:23.874] - eth_blockNumber
[2020/04/05 19:39:24.810] - eth_blockNumber
[2020/04/05 19:39:44.022] - eth_blockNumber
[2020/04/05 19:39:44.821] - eth_blockNumber
[2020/04/05 19:39:45.676] - net_version
[2020/04/05 19:40:04.114] - eth_blockNumber
[2020/04/05 19:40:04.836] - eth_blockNumber
[2020/04/05 19:40:24.127] - eth_blockNumber
[2020/04/05 19:40:24.846] - eth_blockNumber
[2020/04/05 19:40:44.136] - eth_blockNumber
[2020/04/05 19:40:44.854] - eth_blockNumber
[2020/04/05 19:40:45.692] - net_version
[2020/04/05 19:41:04.161] - eth_blockNumber
[2020/04/05 19:41:04.866] - eth_blockNumber
[2020/04/05 19:41:08.356] - net_version
[2020/04/05 19:41:23.781] - net_version
[2020/04/05 19:41:24.178] - eth_blockNumber
[2020/04/05 19:41:24.883] - eth_blockNumber
[2020/04/05 19:41:44.188] - eth_blockNumber
[2020/04/05 19:41:44.891] - eth_blockNumber
[2020/04/05 19:42:03.730] - net_version
[2020/04/05 19:42:04.237] - eth_blockNumber
[2020/04/05 19:42:04.903] - eth_blockNumber
[2020/04/05 19:42:19.743] - net_version
[2020/04/05 19:42:24.259] - eth_blockNumber
[2020/04/05 19:42:24.913] - eth_blockNumber
[2020/04/05 19:42:44.265] - eth_blockNumber
[2020/04/05 19:42:44.923] - eth_blockNumber
[2020/04/05 19:42:45.177] - net_version
[2020/04/05 19:43:04.277] - eth_blockNumber
[2020/04/05 19:43:04.937] - eth_blockNumber
[2020/04/05 19:43:18.296] - net_version
[2020/04/05 19:43:24.297] - eth_blockNumber
[2020/04/05 19:43:24.945] - eth_blockNumber
[2020/04/05 19:43:44.336] - eth_blockNumber
[2020/04/05 19:43:44.953] - eth_blockNumber
[2020/04/05 19:44:04.348] - eth_blockNumber
[2020/04/05 19:44:04.964] - eth_blockNumber
[2020/04/05 19:44:24.363] - eth_blockNumber
[2020/04/05 19:44:24.975] - eth_blockNumber
[2020/04/05 19:44:44.379] - eth_blockNumber
[2020/04/05 19:44:44.984] - eth_blockNumber
[2020/04/05 19:45:04.391] - eth_blockNumber
[2020/04/05 19:45:04.996] - eth_blockNumber
[2020/04/05 19:45:24.408] - eth_blockNumber
[2020/04/05 19:45:25.012] - eth_blockNumber
[2020/04/05 19:45:44.458] - eth_blockNumber
[2020/04/05 19:45:45.031] - eth_blockNumber
[2020/04/05 19:45:45.760] - net_version
[2020/04/05 19:46:04.485] - eth_blockNumber
[2020/04/05 19:46:05.046] - eth_blockNumber
[2020/04/05 19:46:24.504] - eth_blockNumber
[2020/04/05 19:46:25.059] - eth_blockNumber
[2020/04/05 19:46:44.526] - eth_blockNumber
[2020/04/05 19:46:45.091] - eth_blockNumber
[2020/04/05 19:47:04.542] - eth_blockNumber
[2020/04/05 19:47:05.103] - eth_blockNumber
[2020/04/05 19:47:24.560] - eth_blockNumber
[2020/04/05 19:47:25.115] - eth_blockNumber
[2020/04/05 19:47:37.182] - net_version
[2020/04/05 19:47:44.571] - eth_blockNumber
[2020/04/05 19:47:45.134] - eth_blockNumber
[2020/04/05 19:47:53.924] - net_version
[2020/04/05 19:48:04.591] - eth_blockNumber
[2020/04/05 19:48:05.159] - eth_blockNumber
[2020/04/05 19:48:24.700] - eth_blockNumber
[2020/04/05 19:48:25.174] - eth_blockNumber
[2020/04/05 19:48:25.662] - net_version
[2020/04/05 19:48:44.713] - eth_blockNumber
[2020/04/05 19:48:45.192] - eth_blockNumber
[2020/04/05 19:48:47.280] - net_version
[2020/04/05 19:49:04.723] - eth_blockNumber
[2020/04/05 19:49:05.206] - eth_blockNumber
[2020/04/05 19:49:17.266] - net_version
[2020/04/05 19:49:24.734] - eth_blockNumber
[2020/04/05 19:49:25.219] - eth_blockNumber
[2020/04/05 19:49:41.897] - net_version
[2020/04/05 19:49:44.743] - eth_blockNumber
[2020/04/05 19:49:45.230] - eth_blockNumber
[2020/04/05 19:50:03.397] - net_version
[2020/04/05 19:50:04.749] - eth_blockNumber
[2020/04/05 19:50:05.241] - eth_blockNumber
[2020/04/05 19:50:24.767] - eth_blockNumber
[2020/04/05 19:50:25.264] - eth_blockNumber
[2020/04/05 19:50:44.788] - eth_blockNumber
[2020/04/05 19:50:45.286] - eth_blockNumber
[2020/04/05 19:51:04.799] - eth_blockNumber
[2020/04/05 19:51:05.298] - eth_blockNumber
[2020/04/05 19:51:24.812] - eth_blockNumber
[2020/04/05 19:51:25.306] - eth_blockNumber
[2020/04/05 19:51:44.821] - eth_blockNumber
[2020/04/05 19:51:45.312] - eth_blockNumber
[2020/04/05 19:52:04.832] - eth_blockNumber
[2020/04/05 19:52:05.317] - eth_blockNumber
[2020/04/05 19:52:24.844] - eth_blockNumber
[2020/04/05 19:52:25.324] - eth_blockNumber
[2020/04/05 19:52:44.859] - eth_blockNumber
[2020/04/05 19:52:45.333] - eth_blockNumber
[2020/04/05 19:53:04.879] - eth_blockNumber
[2020/04/05 19:53:05.346] - eth_blockNumber
[2020/04/05 19:53:24.891] - eth_blockNumber
[2020/04/05 19:53:25.363] - eth_blockNumber
[2020/04/05 19:53:44.965] - eth_blockNumber
[2020/04/05 19:53:45.375] - eth_blockNumber
[2020/04/05 19:54:04.986] - eth_blockNumber
[2020/04/05 19:54:05.392] - eth_blockNumber
[2020/04/05 19:54:24.998] - eth_blockNumber
[2020/04/05 19:54:25.409] - eth_blockNumber
[2020/04/05 19:54:45.010] - eth_blockNumber
[2020/04/05 19:54:45.420] - eth_blockNumber
[2020/04/05 19:55:05.019] - eth_blockNumber
[2020/04/05 19:55:05.432] - eth_blockNumber
[2020/04/05 19:55:25.031] - eth_blockNumber
[2020/04/05 19:55:25.447] - eth_blockNumber
[2020/04/05 19:55:45.044] - eth_blockNumber
[2020/04/05 19:55:45.461] - eth_blockNumber
[2020/04/05 19:55:50.646] - net_version
[2020/04/05 19:56:05.060] - eth_blockNumber
[2020/04/05 19:56:05.483] - eth_blockNumber
[2020/04/05 19:56:23.028] - net_version
[2020/04/05 19:56:25.070] - eth_blockNumber
[2020/04/05 19:56:25.497] - eth_blockNumber
[2020/04/05 19:56:45.081] - eth_blockNumber
[2020/04/05 19:56:45.511] - eth_blockNumber
[2020/04/05 19:57:05.093] - eth_blockNumber
[2020/04/05 19:57:05.520] - eth_blockNumber
[2020/04/05 19:57:08.255] - net_version
[2020/04/05 19:57:25.105] - eth_blockNumber
[2020/04/05 19:57:25.533] - eth_blockNumber
[2020/04/05 19:57:45.131] - eth_blockNumber
[2020/04/05 19:57:45.545] - eth_blockNumber
[2020/04/05 19:58:05.152] - eth_blockNumber
[2020/04/05 19:58:05.559] - eth_blockNumber
[2020/04/05 19:58:25.169] - eth_blockNumber
[2020/04/05 19:58:25.578] - eth_blockNumber
[2020/04/05 19:58:45.179] - eth_blockNumber
[2020/04/05 19:58:45.594] - eth_blockNumber
[2020/04/05 19:59:05.193] - eth_blockNumber
[2020/04/05 19:59:05.603] - eth_blockNumber
[2020/04/05 19:59:25.226] - eth_blockNumber
[2020/04/05 19:59:25.616] - eth_blockNumber
[2020/04/05 19:59:31.594] - net_version
[2020/04/05 19:59:45.256] - eth_blockNumber
[2020/04/05 19:59:45.627] - eth_blockNumber
[2020/04/05 20:00:05.448] - eth_blockNumber
[2020/04/05 20:00:05.653] - eth_blockNumber
[2020/04/05 20:00:17.494] - net_version
[2020/04/05 20:00:25.615] - eth_blockNumber
[2020/04/05 20:00:25.694] - eth_blockNumber
[2020/04/05 20:00:45.711] - eth_blockNumber
[2020/04/05 20:00:45.722] - eth_blockNumber
[2020/04/05 20:01:05.723] - eth_blockNumber
[2020/04/05 20:01:05.736] - eth_blockNumber
[2020/04/05 20:01:25.851] - eth_blockNumber
[2020/04/05 20:01:25.872] - eth_blockNumber
[2020/04/05 20:01:29.607] - net_version
[2020/04/05 20:01:46.054] - eth_blockNumber
[2020/04/05 20:01:46.065] - eth_blockNumber
[2020/04/05 20:02:06.119] - eth_blockNumber
[2020/04/05 20:02:06.125] - eth_blockNumber
[2020/04/05 20:02:26.132] - eth_blockNumber
[2020/04/05 20:02:26.139] - eth_blockNumber
[2020/04/05 20:02:46.137] - eth_blockNumber
[2020/04/05 20:02:46.154] - eth_blockNumber
[2020/04/05 20:03:06.149] - eth_blockNumber
[2020/04/05 20:03:06.168] - eth_blockNumber
[2020/04/05 20:03:26.358] - eth_blockNumber
[2020/04/05 20:03:26.361] - eth_blockNumber
[2020/04/05 20:03:51.131] - eth_blockNumber
[2020/04/05 20:03:51.918] - eth_blockNumber
[2020/04/05 20:03:53.419] - net_version
[2020/04/05 20:04:11.359] - eth_blockNumber
[2020/04/05 20:04:12.078] - eth_blockNumber
[2020/04/05 20:04:20.802] - net_version
[2020/04/05 20:04:31.443] - eth_blockNumber
[2020/04/05 20:04:32.099] - eth_blockNumber
[2020/04/05 20:04:37.875] - net_version
[2020/04/05 20:04:51.459] - eth_blockNumber
[2020/04/05 20:04:52.128] - eth_blockNumber
[2020/04/05 20:05:11.484] - eth_blockNumber
[2020/04/05 20:05:12.153] - eth_blockNumber
[2020/04/05 20:05:31.498] - eth_blockNumber
[2020/04/05 20:05:32.166] - eth_blockNumber
[2020/04/05 20:05:51.514] - eth_blockNumber
[2020/04/05 20:05:52.184] - eth_blockNumber
[2020/04/05 20:06:11.526] - eth_blockNumber
[2020/04/05 20:06:12.205] - eth_blockNumber
[2020/04/05 20:06:14.116] - net_version
[2020/04/05 20:06:31.538] - eth_blockNumber
[2020/04/05 20:06:32.217] - eth_blockNumber
[2020/04/05 20:06:37.409] - net_version
[2020/04/05 20:06:51.555] - eth_blockNumber
[2020/04/05 20:06:52.231] - eth_blockNumber
[2020/04/05 20:07:11.573] - eth_blockNumber
[2020/04/05 20:07:12.243] - eth_blockNumber
[2020/04/05 20:07:26.608] - net_version
[2020/04/05 20:07:31.585] - eth_blockNumber
[2020/04/05 20:07:32.263] - eth_blockNumber
[2020/04/05 20:07:51.599] - eth_blockNumber
[2020/04/05 20:07:52.273] - eth_blockNumber
[2020/04/05 20:08:11.608] - eth_blockNumber
[2020/04/05 20:08:12.284] - eth_blockNumber
[2020/04/05 20:08:31.618] - eth_blockNumber
[2020/04/05 20:08:32.295] - eth_blockNumber
[2020/04/05 20:08:35.723] - net_version
[2020/04/05 20:08:51.636] - eth_blockNumber
[2020/04/05 20:08:52.316] - eth_blockNumber
[2020/04/05 20:09:02.376] - net_version
[2020/04/05 20:09:11.648] - eth_blockNumber
[2020/04/05 20:09:12.333] - eth_blockNumber
[2020/04/05 20:09:31.666] - eth_blockNumber
[2020/04/05 20:09:32.351] - eth_blockNumber
[2020/04/05 20:09:51.695] - eth_blockNumber
[2020/04/05 20:09:52.375] - eth_blockNumber
[2020/04/05 20:10:11.704] - eth_blockNumber
[2020/04/05 20:10:12.391] - eth_blockNumber
[2020/04/05 20:10:29.293] - net_version
[2020/04/05 20:10:31.716] - eth_blockNumber
[2020/04/05 20:10:32.419] - eth_blockNumber
[2020/04/05 20:10:34.731] - net_version
[2020/04/05 20:10:46.902] - net_version
[2020/04/05 20:10:51.725] - eth_blockNumber
[2020/04/05 20:10:52.436] - eth_blockNumber
[2020/04/05 20:10:58.452] - net_version
[2020/04/05 20:11:11.731] - eth_blockNumber
[2020/04/05 20:11:12.447] - eth_blockNumber
[2020/04/05 20:11:16.385] - net_version
[2020/04/05 20:11:31.741] - eth_blockNumber
[2020/04/05 20:11:32.460] - eth_blockNumber
[2020/04/05 20:11:51.758] - eth_blockNumber
[2020/04/05 20:11:52.474] - eth_blockNumber
[2020/04/05 20:12:11.771] - eth_blockNumber
[2020/04/05 20:12:12.495] - eth_blockNumber
[2020/04/05 20:12:31.781] - eth_blockNumber
[2020/04/05 20:12:32.512] - eth_blockNumber
[2020/04/05 20:12:51.796] - eth_blockNumber
[2020/04/05 20:12:52.528] - eth_blockNumber
[2020/04/05 20:13:11.811] - eth_blockNumber
[2020/04/05 20:13:12.541] - eth_blockNumber
[2020/04/05 20:13:31.825] - eth_blockNumber
[2020/04/05 20:13:32.575] - eth_blockNumber
[2020/04/05 20:13:51.839] - eth_blockNumber
[2020/04/05 20:13:52.589] - eth_blockNumber
[2020/04/05 20:14:11.856] - eth_blockNumber
[2020/04/05 20:14:12.600] - eth_blockNumber
[2020/04/05 20:14:31.872] - eth_blockNumber
[2020/04/05 20:14:32.613] - eth_blockNumber
[2020/04/05 20:14:51.886] - eth_blockNumber
[2020/04/05 20:14:52.625] - eth_blockNumber
[2020/04/05 20:15:11.895] - eth_blockNumber
[2020/04/05 20:15:12.632] - eth_blockNumber
[2020/04/05 20:15:31.909] - eth_blockNumber
[2020/04/05 20:15:32.641] - eth_blockNumber
[2020/04/05 20:15:51.922] - eth_blockNumber
[2020/04/05 20:15:52.651] - eth_blockNumber
[2020/04/05 20:16:11.930] - eth_blockNumber
[2020/04/05 20:16:12.662] - eth_blockNumber
[2020/04/05 20:16:31.939] - eth_blockNumber
[2020/04/05 20:16:32.682] - eth_blockNumber
[2020/04/05 20:16:51.948] - eth_blockNumber
[2020/04/05 20:16:52.692] - eth_blockNumber
[2020/04/05 20:17:11.959] - eth_blockNumber
[2020/04/05 20:17:12.705] - eth_blockNumber
[2020/04/05 20:17:31.969] - eth_blockNumber
[2020/04/05 20:17:32.719] - eth_blockNumber
[2020/04/05 20:17:51.981] - eth_blockNumber
[2020/04/05 20:17:52.730] - eth_blockNumber
[2020/04/05 20:18:11.993] - eth_blockNumber
[2020/04/05 20:18:12.741] - eth_blockNumber
[2020/04/05 20:18:32.012] - eth_blockNumber
[2020/04/05 20:18:32.817] - eth_blockNumber
[2020/04/05 20:18:52.024] - eth_blockNumber
[2020/04/05 20:18:52.836] - eth_blockNumber
[2020/04/05 20:18:59.038] - net_version
[2020/04/05 20:19:12.041] - eth_blockNumber
[2020/04/05 20:19:12.849] - eth_blockNumber
[2020/04/05 20:19:32.055] - eth_blockNumber
[2020/04/05 20:19:32.869] - eth_blockNumber
[2020/04/05 20:19:41.599] - net_version
[2020/04/05 20:19:52.064] - eth_blockNumber
[2020/04/05 20:19:52.879] - eth_blockNumber
[2020/04/05 20:20:12.080] - eth_blockNumber
[2020/04/05 20:20:12.898] - eth_blockNumber
[2020/04/05 20:20:29.587] - eth_call
[2020/04/05 20:20:32.101] - eth_blockNumber
[2020/04/05 20:20:32.913] - eth_blockNumber
[2020/04/05 20:20:52.117] - eth_blockNumber
[2020/04/05 20:20:52.937] - eth_blockNumber
[2020/04/05 20:21:12.138] - eth_blockNumber
[2020/04/05 20:21:12.947] - eth_blockNumber
[2020/04/05 20:21:32.152] - eth_blockNumber
[2020/04/05 20:21:32.955] - eth_blockNumber
[2020/04/05 20:21:52.164] - eth_blockNumber
[2020/04/05 20:21:52.964] - eth_blockNumber
[2020/04/05 20:22:12.176] - eth_blockNumber
[2020/04/05 20:22:12.974] - eth_blockNumber
[2020/04/05 20:22:32.191] - eth_blockNumber
[2020/04/05 20:22:32.985] - eth_blockNumber
[2020/04/05 20:22:52.203] - eth_blockNumber
[2020/04/05 20:22:52.998] - eth_blockNumber
[2020/04/05 20:23:12.213] - eth_blockNumber
[2020/04/05 20:23:13.018] - eth_blockNumber
[2020/04/05 20:23:32.225] - eth_blockNumber
[2020/04/05 20:23:33.027] - eth_blockNumber
[2020/04/05 20:23:52.263] - eth_blockNumber
[2020/04/05 20:23:53.039] - eth_blockNumber
[2020/04/05 20:24:12.272] - eth_blockNumber
[2020/04/05 20:24:13.053] - eth_blockNumber
[2020/04/05 20:24:32.285] - eth_blockNumber
[2020/04/05 20:24:33.064] - eth_blockNumber
[2020/04/05 20:24:52.297] - eth_blockNumber
[2020/04/05 20:24:53.074] - eth_blockNumber
[2020/04/05 20:25:12.314] - eth_blockNumber
[2020/04/05 20:25:13.085] - eth_blockNumber
[2020/04/05 20:25:32.325] - eth_blockNumber
[2020/04/05 20:25:33.097] - eth_blockNumber
[2020/04/05 20:25:52.341] - eth_blockNumber
[2020/04/05 20:25:53.110] - eth_blockNumber
[2020/04/05 20:26:12.351] - eth_blockNumber
[2020/04/05 20:26:13.126] - eth_blockNumber
[2020/04/05 20:26:32.361] - eth_blockNumber
[2020/04/05 20:26:33.138] - eth_blockNumber
[2020/04/05 20:26:52.373] - eth_blockNumber
[2020/04/05 20:26:53.154] - eth_blockNumber
[2020/04/05 20:27:12.382] - eth_blockNumber
[2020/04/05 20:27:13.165] - eth_blockNumber
[2020/04/05 20:27:32.393] - eth_blockNumber
[2020/04/05 20:27:33.177] - eth_blockNumber
[2020/04/05 20:27:52.404] - eth_blockNumber
[2020/04/05 20:27:53.190] - eth_blockNumber
[2020/04/05 20:28:12.417] - eth_blockNumber
[2020/04/05 20:28:13.202] - eth_blockNumber
[2020/04/05 20:28:32.429] - eth_blockNumber
[2020/04/05 20:28:33.213] - eth_blockNumber
[2020/04/05 20:28:52.440] - eth_blockNumber
[2020/04/05 20:28:53.223] - eth_blockNumber
[2020/04/05 20:29:12.455] - eth_blockNumber
[2020/04/05 20:29:13.234] - eth_blockNumber
[2020/04/05 20:29:32.464] - eth_blockNumber
[2020/04/05 20:29:33.246] - eth_blockNumber
[2020/04/05 20:29:52.475] - eth_blockNumber
[2020/04/05 20:29:53.256] - eth_blockNumber
[2020/04/05 20:30:12.484] - eth_blockNumber
[2020/04/05 20:30:13.266] - eth_blockNumber
[2020/04/05 20:30:32.492] - eth_blockNumber
[2020/04/05 20:30:33.277] - eth_blockNumber
[2020/04/05 20:30:52.502] - eth_blockNumber
[2020/04/05 20:30:53.288] - eth_blockNumber
[2020/04/05 20:31:12.510] - eth_blockNumber
[2020/04/05 20:31:13.300] - eth_blockNumber
[2020/04/05 20:31:32.520] - eth_blockNumber
[2020/04/05 20:31:33.310] - eth_blockNumber
[2020/04/05 20:31:52.532] - eth_blockNumber
[2020/04/05 20:31:53.321] - eth_blockNumber
[2020/04/05 20:32:12.543] - eth_blockNumber
[2020/04/05 20:32:13.332] - eth_blockNumber
[2020/04/05 20:32:32.552] - eth_blockNumber
[2020/04/05 20:32:33.343] - eth_blockNumber
[2020/04/05 20:32:52.562] - eth_blockNumber
[2020/04/05 20:32:53.354] - eth_blockNumber
[2020/04/05 20:33:12.572] - eth_blockNumber
[2020/04/05 20:33:13.364] - eth_blockNumber
[2020/04/05 20:33:32.585] - eth_blockNumber
[2020/04/05 20:33:33.375] - eth_blockNumber
[2020/04/05 20:33:52.596] - eth_blockNumber
[2020/04/05 20:33:53.394] - eth_blockNumber
[2020/04/05 20:34:12.606] - eth_blockNumber
[2020/04/05 20:34:13.411] - eth_blockNumber
[2020/04/05 20:34:32.616] - eth_blockNumber
[2020/04/05 20:34:33.423] - eth_blockNumber
[2020/04/05 20:34:52.629] - eth_blockNumber
[2020/04/05 20:34:53.432] - eth_blockNumber
[2020/04/05 20:35:12.639] - eth_blockNumber
[2020/04/05 20:35:13.442] - eth_blockNumber
[2020/04/05 20:35:32.652] - eth_blockNumber
[2020/04/05 20:35:33.456] - eth_blockNumber
[2020/04/05 20:35:52.666] - eth_blockNumber
[2020/04/05 20:35:53.468] - eth_blockNumber
[2020/04/05 20:36:12.679] - eth_blockNumber
[2020/04/05 20:36:13.480] - eth_blockNumber
[2020/04/05 20:36:32.689] - eth_blockNumber
[2020/04/05 20:36:33.499] - eth_blockNumber
[2020/04/05 20:36:52.703] - eth_blockNumber
[2020/04/05 20:36:53.519] - eth_blockNumber
[2020/04/05 20:37:12.720] - eth_blockNumber
[2020/04/05 20:37:13.539] - eth_blockNumber
[2020/04/05 20:37:32.735] - eth_blockNumber
[2020/04/05 20:37:33.551] - eth_blockNumber
[2020/04/05 20:37:52.754] - eth_blockNumber
[2020/04/05 20:37:53.566] - eth_blockNumber
[2020/04/05 20:38:12.766] - eth_blockNumber
[2020/04/05 20:38:13.584] - eth_blockNumber
[2020/04/05 20:38:32.777] - eth_blockNumber
[2020/04/05 20:38:33.600] - eth_blockNumber
[2020/04/05 20:38:52.787] - eth_blockNumber
[2020/04/05 20:38:53.618] - eth_blockNumber
[2020/04/05 20:39:12.798] - eth_blockNumber
[2020/04/05 20:39:13.635] - eth_blockNumber
[2020/04/05 20:39:32.809] - eth_blockNumber
[2020/04/05 20:39:33.653] - eth_blockNumber
[2020/04/05 20:39:52.822] - eth_blockNumber
[2020/04/05 20:39:53.676] - eth_blockNumber
[2020/04/05 20:40:12.833] - eth_blockNumber
[2020/04/05 20:40:13.688] - eth_blockNumber
[2020/04/05 20:40:32.845] - eth_blockNumber
[2020/04/05 20:40:33.704] - eth_blockNumber
[2020/04/05 20:40:52.856] - eth_blockNumber
[2020/04/05 20:40:53.711] - eth_blockNumber
[2020/04/05 20:41:12.863] - eth_blockNumber
[2020/04/05 20:41:13.720] - eth_blockNumber
[2020/04/05 20:41:32.869] - eth_blockNumber
[2020/04/05 20:41:33.733] - eth_blockNumber
[2020/04/05 20:41:52.878] - eth_blockNumber
[2020/04/05 20:41:53.744] - eth_blockNumber
[2020/04/05 20:42:12.889] - eth_blockNumber
[2020/04/05 20:42:13.756] - eth_blockNumber
[2020/04/05 20:42:32.900] - eth_blockNumber
[2020/04/05 20:42:33.767] - eth_blockNumber
[2020/04/05 20:42:52.912] - eth_blockNumber
[2020/04/05 20:42:53.778] - eth_blockNumber
[2020/04/05 20:43:12.928] - eth_blockNumber
[2020/04/05 20:43:13.790] - eth_blockNumber
[2020/04/05 20:43:32.942] - eth_blockNumber
[2020/04/05 20:43:33.804] - eth_blockNumber
[2020/04/05 20:43:52.952] - eth_blockNumber
[2020/04/05 20:43:53.830] - eth_blockNumber
[2020/04/05 20:44:12.965] - eth_blockNumber
[2020/04/05 20:44:13.840] - eth_blockNumber
[2020/04/05 20:44:32.977] - eth_blockNumber
[2020/04/05 20:44:33.854] - eth_blockNumber
[2020/04/05 20:44:52.988] - eth_blockNumber
[2020/04/05 20:44:53.869] - eth_blockNumber
[2020/04/05 20:45:12.999] - eth_blockNumber
[2020/04/05 20:45:13.881] - eth_blockNumber
[2020/04/05 20:45:33.010] - eth_blockNumber
[2020/04/05 20:45:33.897] - eth_blockNumber
[2020/04/05 20:45:53.021] - eth_blockNumber
[2020/04/05 20:45:53.906] - eth_blockNumber
[2020/04/05 20:46:13.033] - eth_blockNumber
[2020/04/05 20:46:13.917] - eth_blockNumber
[2020/04/05 20:46:33.043] - eth_blockNumber
[2020/04/05 20:46:33.933] - eth_blockNumber
[2020/04/05 20:46:53.053] - eth_blockNumber
[2020/04/05 20:46:53.950] - eth_blockNumber
[2020/04/05 20:47:13.064] - eth_blockNumber
[2020/04/05 20:47:13.962] - eth_blockNumber
[2020/04/05 20:47:33.074] - eth_blockNumber
[2020/04/05 20:47:33.975] - eth_blockNumber
[2020/04/05 20:47:53.086] - eth_blockNumber
[2020/04/05 20:47:53.985] - eth_blockNumber
[2020/04/05 20:48:13.094] - eth_blockNumber
