[2020/05/11 16:40:43.746] - Starting server (version 2.1.2) with initial configuration: {"gasLimit":6721975,"gasPrice":20000000000,"hardfork":"petersburg","hostname":"127.0.0.1","port":7545,"network_id":5777,"default_balance_ether":100,"total_accounts":10,"unlocked_accounts":[],"locked":false,"vmErrorsOnRPCResponse":true,"verbose":false,"db_path":"/home/nash/.config/Ganache/workspaces/identity-wallet/chaindata","logDirectory":"/home/nash/Documents/Projects/Blockchain/Project/identity-wallet/wallet-web-app/logs"}
[2020/05/11 16:40:45.721] - eth_blockNumber
[2020/05/11 16:40:46.173] - eth_getCode
[2020/05/11 16:40:46.259] - eth_subscribe
[2020/05/11 16:40:46.269] - eth_getLogs
[2020/05/11 16:40:46.274] - eth_subscribe
[2020/05/11 16:40:46.358] - eth_getCode
[2020/05/11 16:40:46.596] - eth_getCode
[2020/05/11 16:40:46.668] - eth_getCode
[2020/05/11 16:40:46.713] - eth_getCode
[2020/05/11 16:40:46.955] - eth_getCode
[2020/05/11 16:40:51.183] - eth_blockNumber
[2020/05/11 16:40:51.188] - eth_accounts
[2020/05/11 16:40:51.191] - eth_gasPrice
[2020/05/11 16:40:51.194] - eth_getBlockByNumber
[2020/05/11 16:40:51.196] - eth_subscribe
[2020/05/11 16:40:52.036] - eth_accounts
[2020/05/11 16:40:53.038] - eth_getBalance
[2020/05/11 16:40:53.285] - eth_getTransactionCount
[2020/05/11 16:40:53.602] - eth_getBalance
[2020/05/11 16:40:53.902] - eth_getTransactionCount
[2020/05/11 16:40:54.215] - eth_getBalance
[2020/05/11 16:40:54.570] - eth_getTransactionCount
[2020/05/11 16:40:54.781] - eth_getBalance
[2020/05/11 16:40:55.143] - eth_getTransactionCount
[2020/05/11 16:40:55.448] - eth_getBalance
[2020/05/11 16:40:55.708] - eth_getTransactionCount
[2020/05/11 16:40:56.002] - eth_getBalance
[2020/05/11 16:40:56.264] - eth_getTransactionCount
[2020/05/11 16:40:56.534] - eth_getBalance
[2020/05/11 16:40:56.763] - eth_getTransactionCount
[2020/05/11 16:40:57.117] - eth_getBalance
[2020/05/11 16:40:57.382] - eth_getTransactionCount
[2020/05/11 16:40:57.682] - eth_getBalance
[2020/05/11 16:40:57.839] - eth_getTransactionCount
[2020/05/11 16:40:58.054] - eth_getBalance
[2020/05/11 16:40:58.248] - eth_getTransactionCount
[2020/05/11 16:41:01.750] - eth_getTransactionCount
[2020/05/11 16:41:02.099] - eth_getBalance
[2020/05/11 16:41:02.515] - eth_getTransactionCount
[2020/05/11 16:41:02.824] - eth_getBalance
[2020/05/11 16:41:03.114] - eth_getTransactionCount
[2020/05/11 16:41:03.335] - eth_getBalance
[2020/05/11 16:41:03.616] - eth_getTransactionCount
[2020/05/11 16:41:04.072] - eth_getBalance
[2020/05/11 16:41:04.423] - eth_getTransactionCount
[2020/05/11 16:41:04.813] - eth_getBalance
[2020/05/11 16:41:05.274] - eth_getTransactionCount
[2020/05/11 16:41:05.470] - eth_getBalance
[2020/05/11 16:41:05.788] - eth_blockNumber
[2020/05/11 16:41:06.055] - eth_getTransactionCount
[2020/05/11 16:41:06.374] - eth_getBalance
[2020/05/11 16:41:06.782] - eth_getTransactionCount
[2020/05/11 16:41:07.220] - eth_getBalance
[2020/05/11 16:41:07.533] - eth_getTransactionCount
[2020/05/11 16:41:07.965] - eth_getBalance
[2020/05/11 16:41:08.385] - eth_getTransactionCount
[2020/05/11 16:41:25.875] - eth_blockNumber
[2020/05/11 16:41:29.581] - eth_unsubscribe
[2020/05/11 16:41:29.582] - eth_unsubscribe
