[2020/03/25 12:31:12.265] - Starting server (version 2.1.2) with initial configuration: {"gasLimit":6721975,"gasPrice":20000000000,"hardfork":"petersburg","hostname":"127.0.0.1","port":7545,"network_id":5777,"default_balance_ether":100,"total_accounts":10,"unlocked_accounts":[],"locked":false,"vmErrorsOnRPCResponse":true,"verbose":false,"db_path":"/home/nash/.config/Ganache/workspaces/identity-wallet/chaindata","logDirectory":"/home/nash/Documents/Projects/Blockchain/Project/identity-wallet/wallet-web-app/logs"}
[2020/03/25 12:31:12.669] - eth_getCode
[2020/03/25 12:31:12.671] - eth_subscribe
[2020/03/25 12:31:12.672] - eth_getLogs
[2020/03/25 12:31:12.672] - eth_subscribe
[2020/03/25 12:31:12.680] - eth_getCode
[2020/03/25 12:31:12.708] - eth_getCode
[2020/03/25 12:31:12.719] - eth_getCode
[2020/03/25 12:31:12.723] - eth_getCode
[2020/03/25 12:31:13.553] - eth_blockNumber
[2020/03/25 12:31:13.554] - eth_accounts
[2020/03/25 12:31:13.554] - eth_gasPrice
[2020/03/25 12:31:13.555] - eth_getBlockByNumber
[2020/03/25 12:31:13.555] - eth_subscribe
[2020/03/25 12:31:13.732] - eth_accounts
[2020/03/25 12:31:13.903] - eth_getBalance
[2020/03/25 12:31:13.973] - eth_getTransactionCount
[2020/03/25 12:31:14.044] - eth_getBalance
[2020/03/25 12:31:14.091] - eth_getTransactionCount
[2020/03/25 12:31:14.137] - eth_getBalance
[2020/03/25 12:31:14.187] - eth_getTransactionCount
[2020/03/25 12:31:14.230] - eth_getBalance
[2020/03/25 12:31:14.275] - eth_getTransactionCount
[2020/03/25 12:31:14.362] - eth_getBalance
[2020/03/25 12:31:14.410] - eth_getTransactionCount
[2020/03/25 12:31:14.454] - eth_getBalance
[2020/03/25 12:31:14.497] - eth_getTransactionCount
[2020/03/25 12:31:14.540] - eth_getBalance
[2020/03/25 12:31:14.578] - eth_getTransactionCount
[2020/03/25 12:31:14.621] - eth_getBalance
[2020/03/25 12:31:14.664] - eth_getTransactionCount
[2020/03/25 12:31:14.707] - eth_getBalance
[2020/03/25 12:31:14.752] - eth_getTransactionCount
[2020/03/25 12:31:14.795] - eth_getBalance
[2020/03/25 12:31:14.837] - eth_getTransactionCount
[2020/03/25 12:31:15.310] - eth_getBalance
[2020/03/25 12:31:15.354] - eth_getTransactionCount
[2020/03/25 12:31:15.397] - eth_getBalance
[2020/03/25 12:31:15.440] - eth_getTransactionCount
[2020/03/25 12:31:15.483] - eth_getBalance
[2020/03/25 12:31:15.525] - eth_getTransactionCount
[2020/03/25 12:31:15.568] - eth_getBalance
[2020/03/25 12:31:15.611] - eth_getTransactionCount
[2020/03/25 12:31:15.653] - eth_getBalance
[2020/03/25 12:31:15.696] - eth_getTransactionCount
[2020/03/25 12:31:15.740] - eth_getBalance
[2020/03/25 12:31:15.774] - eth_getTransactionCount
[2020/03/25 12:31:15.817] - eth_getBalance
[2020/03/25 12:31:15.860] - eth_getTransactionCount
[2020/03/25 12:31:15.903] - eth_getBalance
[2020/03/25 12:31:15.946] - eth_getTransactionCount
[2020/03/25 12:31:15.990] - eth_getBalance
[2020/03/25 12:31:16.033] - eth_getTransactionCount
[2020/03/25 12:31:16.074] - eth_blockNumber
[2020/03/25 12:31:16.074] - eth_getBalance
[2020/03/25 12:31:16.108] - eth_getTransactionCount
[2020/03/25 12:31:16.836] - eth_blockNumber
[2020/03/25 12:31:18.887] - eth_getBalance
[2020/03/25 12:31:19.814] - net_version
[2020/03/25 12:31:19.817] - eth_getCode
[2020/03/25 12:31:19.821] - eth_getBlockByNumber
[2020/03/25 12:31:19.824] - eth_getBalance
[2020/03/25 12:31:19.827] - eth_getTransactionCount
[2020/03/25 12:31:19.833] - eth_getStorageAt
[2020/03/25 12:31:36.084] - eth_blockNumber
[2020/03/25 12:31:36.845] - eth_blockNumber
[2020/03/25 12:31:56.095] - eth_blockNumber
[2020/03/25 12:31:56.858] - eth_blockNumber
[2020/03/25 12:32:16.110] - eth_blockNumber
[2020/03/25 12:32:16.872] - eth_blockNumber
[2020/03/25 12:32:36.123] - eth_blockNumber
[2020/03/25 12:32:36.891] - eth_blockNumber
[2020/03/25 12:32:56.132] - eth_blockNumber
[2020/03/25 12:32:56.898] - eth_blockNumber
[2020/03/25 12:33:16.145] - eth_blockNumber
[2020/03/25 12:33:16.908] - eth_blockNumber
[2020/03/25 12:33:36.154] - eth_blockNumber
[2020/03/25 12:33:36.924] - eth_blockNumber
[2020/03/25 12:33:56.171] - eth_blockNumber
[2020/03/25 12:33:56.940] - eth_blockNumber
[2020/03/25 12:34:16.184] - eth_blockNumber
[2020/03/25 12:34:16.957] - eth_blockNumber
[2020/03/25 12:34:36.196] - eth_blockNumber
[2020/03/25 12:34:36.972] - eth_blockNumber
[2020/03/25 12:34:56.212] - eth_blockNumber
[2020/03/25 12:34:56.988] - eth_blockNumber
[2020/03/25 12:35:16.230] - eth_blockNumber
[2020/03/25 12:35:17.000] - eth_blockNumber
[2020/03/25 12:35:36.242] - eth_blockNumber
[2020/03/25 12:35:37.012] - eth_blockNumber
[2020/03/25 12:35:56.256] - eth_blockNumber
[2020/03/25 12:35:57.023] - eth_blockNumber
[2020/03/25 12:36:16.269] - eth_blockNumber
[2020/03/25 12:36:17.033] - eth_blockNumber
[2020/03/25 12:36:36.279] - eth_blockNumber
[2020/03/25 12:36:37.045] - eth_blockNumber
[2020/03/25 12:36:56.291] - eth_blockNumber
[2020/03/25 12:36:57.064] - eth_blockNumber
[2020/03/25 12:37:16.304] - eth_blockNumber
[2020/03/25 12:37:17.076] - eth_blockNumber
[2020/03/25 12:37:36.317] - eth_blockNumber
[2020/03/25 12:37:37.091] - eth_blockNumber
[2020/03/25 12:37:56.330] - eth_blockNumber
[2020/03/25 12:37:57.106] - eth_blockNumber
[2020/03/25 12:38:16.343] - eth_blockNumber
[2020/03/25 12:38:17.122] - eth_blockNumber
[2020/03/25 12:38:36.355] - eth_blockNumber
[2020/03/25 12:38:37.137] - eth_blockNumber
[2020/03/25 12:38:56.368] - eth_blockNumber
[2020/03/25 12:38:57.153] - eth_blockNumber
[2020/03/25 12:39:16.382] - eth_blockNumber
[2020/03/25 12:39:17.169] - eth_blockNumber
[2020/03/25 12:39:36.394] - eth_blockNumber
[2020/03/25 12:39:37.185] - eth_blockNumber
[2020/03/25 12:39:56.407] - eth_blockNumber
[2020/03/25 12:39:57.202] - eth_blockNumber
[2020/03/25 12:40:16.424] - eth_blockNumber
[2020/03/25 12:40:17.218] - eth_blockNumber
[2020/03/25 12:40:36.437] - eth_blockNumber
[2020/03/25 12:40:37.234] - eth_blockNumber
[2020/03/25 12:40:56.451] - eth_blockNumber
[2020/03/25 12:40:57.249] - eth_blockNumber
[2020/03/25 12:41:16.464] - eth_blockNumber
[2020/03/25 12:41:17.263] - eth_blockNumber
[2020/03/25 12:41:36.477] - eth_blockNumber
[2020/03/25 12:41:37.279] - eth_blockNumber
[2020/03/25 12:41:56.493] - eth_blockNumber
[2020/03/25 12:41:57.295] - eth_blockNumber
[2020/03/25 12:42:16.507] - eth_blockNumber
[2020/03/25 12:42:17.312] - eth_blockNumber
[2020/03/25 12:42:36.520] - eth_blockNumber
[2020/03/25 12:42:37.327] - eth_blockNumber
[2020/03/25 12:42:56.534] - eth_blockNumber
[2020/03/25 12:42:57.343] - eth_blockNumber
[2020/03/25 12:43:16.547] - eth_blockNumber
[2020/03/25 12:43:17.358] - eth_blockNumber
[2020/03/25 12:43:36.560] - eth_blockNumber
[2020/03/25 12:43:37.373] - eth_blockNumber
[2020/03/25 12:43:56.578] - eth_blockNumber
[2020/03/25 12:43:57.388] - eth_blockNumber
[2020/03/25 12:44:16.590] - eth_blockNumber
[2020/03/25 12:44:17.403] - eth_blockNumber
[2020/03/25 12:44:36.603] - eth_blockNumber
[2020/03/25 12:44:37.418] - eth_blockNumber
[2020/03/25 12:44:56.616] - eth_blockNumber
[2020/03/25 12:44:57.431] - eth_blockNumber
[2020/03/25 12:45:16.629] - eth_blockNumber
[2020/03/25 12:45:17.445] - eth_blockNumber
[2020/03/25 12:45:36.642] - eth_blockNumber
[2020/03/25 12:45:37.458] - eth_blockNumber
[2020/03/25 12:45:56.655] - eth_blockNumber
[2020/03/25 12:45:57.472] - eth_blockNumber
[2020/03/25 12:46:16.667] - eth_blockNumber
[2020/03/25 12:46:17.486] - eth_blockNumber
[2020/03/25 12:46:36.680] - eth_blockNumber
[2020/03/25 12:46:37.500] - eth_blockNumber
[2020/03/25 12:46:56.692] - eth_blockNumber
[2020/03/25 12:46:57.515] - eth_blockNumber
[2020/03/25 12:47:16.702] - eth_blockNumber
[2020/03/25 12:47:17.530] - eth_blockNumber
[2020/03/25 12:47:36.712] - eth_blockNumber
[2020/03/25 12:47:37.544] - eth_blockNumber
[2020/03/25 12:47:56.725] - eth_blockNumber
[2020/03/25 12:47:57.557] - eth_blockNumber
[2020/03/25 12:48:16.736] - eth_blockNumber
[2020/03/25 12:48:17.575] - eth_blockNumber
[2020/03/25 12:48:36.748] - eth_blockNumber
[2020/03/25 12:48:37.589] - eth_blockNumber
[2020/03/25 12:48:56.760] - eth_blockNumber
[2020/03/25 12:48:57.603] - eth_blockNumber
[2020/03/25 12:49:16.773] - eth_blockNumber
[2020/03/25 12:49:17.623] - eth_blockNumber
[2020/03/25 12:49:36.785] - eth_blockNumber
[2020/03/25 12:49:37.640] - eth_blockNumber
[2020/03/25 12:49:56.799] - eth_blockNumber
[2020/03/25 12:49:57.653] - eth_blockNumber
[2020/03/25 12:50:16.810] - eth_blockNumber
[2020/03/25 12:50:17.666] - eth_blockNumber
[2020/03/25 12:50:36.820] - eth_blockNumber
[2020/03/25 12:50:37.680] - eth_blockNumber
[2020/03/25 12:50:56.830] - eth_blockNumber
[2020/03/25 12:50:57.693] - eth_blockNumber
[2020/03/25 12:51:16.836] - eth_blockNumber
[2020/03/25 12:51:17.707] - eth_blockNumber
[2020/03/25 12:51:36.843] - eth_blockNumber
[2020/03/25 12:51:37.721] - eth_blockNumber
[2020/03/25 12:51:56.849] - eth_blockNumber
[2020/03/25 12:51:57.735] - eth_blockNumber
[2020/03/25 12:52:16.859] - eth_blockNumber
[2020/03/25 12:52:17.748] - eth_blockNumber
[2020/03/25 12:52:36.868] - eth_blockNumber
[2020/03/25 12:52:37.759] - eth_blockNumber
[2020/03/25 12:52:56.881] - eth_blockNumber
[2020/03/25 12:52:57.773] - eth_blockNumber
[2020/03/25 12:53:16.895] - eth_blockNumber
[2020/03/25 12:53:17.788] - eth_blockNumber
[2020/03/25 12:53:36.910] - eth_blockNumber
[2020/03/25 12:53:37.802] - eth_blockNumber
[2020/03/25 12:53:56.928] - eth_blockNumber
[2020/03/25 12:53:57.818] - eth_blockNumber
[2020/03/25 12:54:16.944] - eth_blockNumber
[2020/03/25 12:54:17.832] - eth_blockNumber
[2020/03/25 12:54:36.959] - eth_blockNumber
[2020/03/25 12:54:37.839] - eth_blockNumber
[2020/03/25 12:54:56.974] - eth_blockNumber
[2020/03/25 12:54:57.846] - eth_blockNumber
[2020/03/25 12:55:16.989] - eth_blockNumber
[2020/03/25 12:55:17.854] - eth_blockNumber
[2020/03/25 12:55:37.005] - eth_blockNumber
[2020/03/25 12:55:37.865] - eth_blockNumber
[2020/03/25 12:55:57.022] - eth_blockNumber
[2020/03/25 12:55:57.877] - eth_blockNumber
[2020/03/25 12:56:17.038] - eth_blockNumber
[2020/03/25 12:56:17.888] - eth_blockNumber
[2020/03/25 12:56:37.053] - eth_blockNumber
[2020/03/25 12:56:37.897] - eth_blockNumber
[2020/03/25 12:56:57.067] - eth_blockNumber
[2020/03/25 12:56:57.906] - eth_blockNumber
[2020/03/25 12:57:17.081] - eth_blockNumber
[2020/03/25 12:57:17.919] - eth_blockNumber
[2020/03/25 12:57:37.093] - eth_blockNumber
[2020/03/25 12:57:37.933] - eth_blockNumber
[2020/03/25 12:57:57.107] - eth_blockNumber
[2020/03/25 12:57:57.946] - eth_blockNumber
[2020/03/25 12:58:17.120] - eth_blockNumber
[2020/03/25 12:58:17.963] - eth_blockNumber
[2020/03/25 12:58:37.134] - eth_blockNumber
[2020/03/25 12:58:37.980] - eth_blockNumber
[2020/03/25 12:58:57.161] - eth_blockNumber
[2020/03/25 12:58:57.993] - eth_blockNumber
[2020/03/25 12:59:17.175] - eth_blockNumber
[2020/03/25 12:59:18.006] - eth_blockNumber
[2020/03/25 12:59:37.188] - eth_blockNumber
[2020/03/25 12:59:38.019] - eth_blockNumber
[2020/03/25 12:59:57.201] - eth_blockNumber
[2020/03/25 12:59:58.033] - eth_blockNumber
[2020/03/25 13:00:17.214] - eth_blockNumber
[2020/03/25 13:00:18.046] - eth_blockNumber
[2020/03/25 13:00:37.227] - eth_blockNumber
[2020/03/25 13:00:38.059] - eth_blockNumber
[2020/03/25 13:00:57.239] - eth_blockNumber
[2020/03/25 13:00:58.072] - eth_blockNumber
[2020/03/25 13:01:17.254] - eth_blockNumber
[2020/03/25 13:01:18.087] - eth_blockNumber
[2020/03/25 13:01:37.267] - eth_blockNumber
[2020/03/25 13:01:38.102] - eth_blockNumber
[2020/03/25 13:01:57.282] - eth_blockNumber
[2020/03/25 13:01:58.115] - eth_blockNumber
[2020/03/25 13:02:17.294] - eth_blockNumber
[2020/03/25 13:02:18.128] - eth_blockNumber
[2020/03/25 13:02:37.308] - eth_blockNumber
[2020/03/25 13:02:38.141] - eth_blockNumber
[2020/03/25 13:02:57.320] - eth_blockNumber
[2020/03/25 13:02:58.154] - eth_blockNumber
[2020/03/25 13:03:17.329] - eth_blockNumber
[2020/03/25 13:03:18.167] - eth_blockNumber
[2020/03/25 13:03:37.339] - eth_blockNumber
[2020/03/25 13:03:38.181] - eth_blockNumber
[2020/03/25 13:03:57.353] - eth_blockNumber
[2020/03/25 13:03:58.197] - eth_blockNumber
[2020/03/25 13:04:17.364] - eth_blockNumber
[2020/03/25 13:04:18.211] - eth_blockNumber
[2020/03/25 13:04:37.375] - eth_blockNumber
[2020/03/25 13:04:38.223] - eth_blockNumber
[2020/03/25 13:04:57.388] - eth_blockNumber
[2020/03/25 13:04:58.236] - eth_blockNumber
[2020/03/25 13:05:17.401] - eth_blockNumber
[2020/03/25 13:05:18.250] - eth_blockNumber
[2020/03/25 13:05:37.414] - eth_blockNumber
[2020/03/25 13:05:38.263] - eth_blockNumber
[2020/03/25 13:05:57.426] - eth_blockNumber
[2020/03/25 13:05:58.277] - eth_blockNumber
[2020/03/25 13:06:17.439] - eth_blockNumber
[2020/03/25 13:06:18.291] - eth_blockNumber
[2020/03/25 13:06:37.452] - eth_blockNumber
[2020/03/25 13:06:38.304] - eth_blockNumber
[2020/03/25 13:06:57.464] - eth_blockNumber
[2020/03/25 13:06:58.317] - eth_blockNumber
[2020/03/25 13:07:17.476] - eth_blockNumber
[2020/03/25 13:07:18.330] - eth_blockNumber
[2020/03/25 13:07:37.489] - eth_blockNumber
[2020/03/25 13:07:38.343] - eth_blockNumber
[2020/03/25 13:07:57.504] - eth_blockNumber
[2020/03/25 13:07:58.356] - eth_blockNumber
[2020/03/25 13:08:17.519] - eth_blockNumber
[2020/03/25 13:08:18.374] - eth_blockNumber
[2020/03/25 13:08:37.531] - eth_blockNumber
[2020/03/25 13:08:38.389] - eth_blockNumber
[2020/03/25 13:08:57.544] - eth_blockNumber
[2020/03/25 13:08:58.404] - eth_blockNumber
[2020/03/25 13:09:17.557] - eth_blockNumber
[2020/03/25 13:09:18.419] - eth_blockNumber
[2020/03/25 13:09:37.569] - eth_blockNumber
[2020/03/25 13:09:38.435] - eth_blockNumber
[2020/03/25 13:09:57.580] - eth_blockNumber
[2020/03/25 13:09:58.450] - eth_blockNumber
[2020/03/25 13:10:17.589] - eth_blockNumber
[2020/03/25 13:10:18.464] - eth_blockNumber
[2020/03/25 13:10:37.598] - eth_blockNumber
[2020/03/25 13:10:38.475] - eth_blockNumber
[2020/03/25 13:10:57.610] - eth_blockNumber
[2020/03/25 13:10:58.488] - eth_blockNumber
[2020/03/25 13:11:17.625] - eth_blockNumber
[2020/03/25 13:11:18.502] - eth_blockNumber
[2020/03/25 13:11:37.638] - eth_blockNumber
[2020/03/25 13:11:38.513] - eth_blockNumber
[2020/03/25 13:11:57.651] - eth_blockNumber
[2020/03/25 13:11:58.522] - eth_blockNumber
[2020/03/25 13:12:17.665] - eth_blockNumber
[2020/03/25 13:12:18.533] - eth_blockNumber
[2020/03/25 13:12:37.678] - eth_blockNumber
[2020/03/25 13:12:38.547] - eth_blockNumber
[2020/03/25 13:12:57.690] - eth_blockNumber
[2020/03/25 13:12:58.559] - eth_blockNumber
[2020/03/25 13:13:17.708] - eth_blockNumber
[2020/03/25 13:13:18.572] - eth_blockNumber
[2020/03/25 13:13:37.720] - eth_blockNumber
[2020/03/25 13:13:38.586] - eth_blockNumber
[2020/03/25 13:13:57.736] - eth_blockNumber
[2020/03/25 13:13:58.599] - eth_blockNumber
[2020/03/25 13:14:17.749] - eth_blockNumber
[2020/03/25 13:14:18.610] - eth_blockNumber
[2020/03/25 13:14:37.762] - eth_blockNumber
[2020/03/25 13:14:38.624] - eth_blockNumber
[2020/03/25 13:14:57.774] - eth_blockNumber
[2020/03/25 13:14:58.637] - eth_blockNumber
[2020/03/25 13:15:17.786] - eth_blockNumber
[2020/03/25 13:15:18.651] - eth_blockNumber
[2020/03/25 13:15:37.799] - eth_blockNumber
[2020/03/25 13:15:38.665] - eth_blockNumber
[2020/03/25 13:15:57.812] - eth_blockNumber
[2020/03/25 13:15:58.680] - eth_blockNumber
[2020/03/25 13:16:17.826] - eth_blockNumber
[2020/03/25 13:16:18.695] - eth_blockNumber
[2020/03/25 13:16:37.839] - eth_blockNumber
[2020/03/25 13:16:38.708] - eth_blockNumber
[2020/03/25 13:16:57.849] - eth_blockNumber
[2020/03/25 13:16:58.723] - eth_blockNumber
[2020/03/25 13:17:17.862] - eth_blockNumber
[2020/03/25 13:17:18.738] - eth_blockNumber
[2020/03/25 13:17:37.876] - eth_blockNumber
[2020/03/25 13:17:38.752] - eth_blockNumber
[2020/03/25 13:17:57.888] - eth_blockNumber
[2020/03/25 13:17:58.775] - eth_blockNumber
[2020/03/25 13:18:17.902] - eth_blockNumber
[2020/03/25 13:18:18.789] - eth_blockNumber
[2020/03/25 13:18:37.920] - eth_blockNumber
[2020/03/25 13:18:38.800] - eth_blockNumber
[2020/03/25 13:18:57.933] - eth_blockNumber
[2020/03/25 13:18:58.814] - eth_blockNumber
[2020/03/25 13:19:17.946] - eth_blockNumber
[2020/03/25 13:19:18.826] - eth_blockNumber
[2020/03/25 13:19:37.959] - eth_blockNumber
[2020/03/25 13:19:38.837] - eth_blockNumber
[2020/03/25 13:19:57.971] - eth_blockNumber
[2020/03/25 13:19:58.848] - eth_blockNumber
[2020/03/25 13:20:17.984] - eth_blockNumber
[2020/03/25 13:20:18.860] - eth_blockNumber
[2020/03/25 13:20:37.998] - eth_blockNumber
[2020/03/25 13:20:38.874] - eth_blockNumber
[2020/03/25 13:20:58.012] - eth_blockNumber
[2020/03/25 13:20:58.886] - eth_blockNumber
[2020/03/25 13:21:18.024] - eth_blockNumber
[2020/03/25 13:21:18.900] - eth_blockNumber
[2020/03/25 13:21:38.037] - eth_blockNumber
[2020/03/25 13:21:38.914] - eth_blockNumber
[2020/03/25 13:21:58.051] - eth_blockNumber
[2020/03/25 13:21:58.928] - eth_blockNumber
[2020/03/25 13:22:18.063] - eth_blockNumber
[2020/03/25 13:22:18.942] - eth_blockNumber
[2020/03/25 13:22:38.075] - eth_blockNumber
[2020/03/25 13:22:38.957] - eth_blockNumber
[2020/03/25 13:22:58.087] - eth_blockNumber
[2020/03/25 13:22:58.970] - eth_blockNumber
[2020/03/25 13:23:18.099] - eth_blockNumber
[2020/03/25 13:23:18.992] - eth_blockNumber
[2020/03/25 13:23:38.112] - eth_blockNumber
[2020/03/25 13:23:39.004] - eth_blockNumber
[2020/03/25 13:23:58.129] - eth_blockNumber
[2020/03/25 13:23:59.017] - eth_blockNumber
[2020/03/25 13:24:18.141] - eth_blockNumber
[2020/03/25 13:24:19.031] - eth_blockNumber
[2020/03/25 13:24:38.154] - eth_blockNumber
[2020/03/25 13:24:39.045] - eth_blockNumber
[2020/03/25 13:24:58.166] - eth_blockNumber
[2020/03/25 13:24:59.058] - eth_blockNumber
[2020/03/25 13:25:18.179] - eth_blockNumber
[2020/03/25 13:25:19.072] - eth_blockNumber
[2020/03/25 13:25:38.192] - eth_blockNumber
[2020/03/25 13:25:39.086] - eth_blockNumber
[2020/03/25 13:25:58.206] - eth_blockNumber
[2020/03/25 13:25:59.099] - eth_blockNumber
[2020/03/25 13:26:18.220] - eth_blockNumber
[2020/03/25 13:26:19.112] - eth_blockNumber
[2020/03/25 13:26:38.233] - eth_blockNumber
[2020/03/25 13:26:39.127] - eth_blockNumber
[2020/03/25 13:26:58.246] - eth_blockNumber
[2020/03/25 13:26:59.143] - eth_blockNumber
[2020/03/25 13:27:18.257] - eth_blockNumber
[2020/03/25 13:27:19.156] - eth_blockNumber
[2020/03/25 13:27:38.270] - eth_blockNumber
[2020/03/25 13:27:39.170] - eth_blockNumber
[2020/03/25 13:27:58.286] - eth_blockNumber
[2020/03/25 13:27:59.181] - eth_blockNumber
[2020/03/25 13:28:18.328] - eth_blockNumber
[2020/03/25 13:28:19.195] - eth_blockNumber
[2020/03/25 13:28:38.341] - eth_blockNumber
[2020/03/25 13:28:39.205] - eth_blockNumber
[2020/03/25 13:28:58.354] - eth_blockNumber
[2020/03/25 13:28:59.217] - eth_blockNumber
[2020/03/25 13:29:18.367] - eth_blockNumber
[2020/03/25 13:29:19.228] - eth_blockNumber
[2020/03/25 13:29:38.381] - eth_blockNumber
[2020/03/25 13:29:39.240] - eth_blockNumber
[2020/03/25 13:29:58.396] - eth_blockNumber
[2020/03/25 13:29:59.253] - eth_blockNumber
[2020/03/25 13:30:18.409] - eth_blockNumber
[2020/03/25 13:30:19.267] - eth_blockNumber
[2020/03/25 13:30:38.419] - eth_blockNumber
[2020/03/25 13:30:39.280] - eth_blockNumber
[2020/03/25 13:30:58.431] - eth_blockNumber
[2020/03/25 13:30:59.292] - eth_blockNumber
[2020/03/25 13:31:18.444] - eth_blockNumber
[2020/03/25 13:31:19.311] - eth_blockNumber
[2020/03/25 13:31:38.457] - eth_blockNumber
[2020/03/25 13:31:39.323] - eth_blockNumber
[2020/03/25 13:31:58.467] - eth_blockNumber
[2020/03/25 13:31:59.336] - eth_blockNumber
[2020/03/25 13:32:13.958] - eth_unsubscribe
[2020/03/25 13:32:13.959] - eth_unsubscribe
[2020/03/25 13:32:14.364] - Warning: stopMining called when miner was already stopped
