[2020/03/30 16:37:08.774] - Starting server (version 2.1.2) with initial configuration: {"gasLimit":6721975,"gasPrice":20000000000,"hardfork":"petersburg","hostname":"127.0.0.1","port":7545,"network_id":5777,"default_balance_ether":100,"total_accounts":10,"unlocked_accounts":[],"locked":false,"vmErrorsOnRPCResponse":true,"verbose":false,"db_path":"/home/nash/.config/Ganache/workspaces/identity-wallet/chaindata","logDirectory":"/home/nash/Documents/Projects/Blockchain/Project/identity-wallet/wallet-web-app/logs"}
[2020/03/30 16:37:09.246] - eth_getCode
[2020/03/30 16:37:09.247] - eth_subscribe
[2020/03/30 16:37:09.248] - eth_getLogs
[2020/03/30 16:37:09.249] - eth_subscribe
[2020/03/30 16:37:09.257] - eth_getCode
[2020/03/30 16:37:09.297] - eth_getCode
[2020/03/30 16:37:09.307] - eth_getCode
[2020/03/30 16:37:09.313] - eth_getCode
[2020/03/30 16:37:09.323] - eth_getCode
[2020/03/30 16:37:10.211] - eth_blockNumber
[2020/03/30 16:37:10.212] - eth_accounts
[2020/03/30 16:37:10.212] - eth_gasPrice
[2020/03/30 16:37:10.212] - eth_getBlockByNumber
[2020/03/30 16:37:10.212] - eth_subscribe
[2020/03/30 16:37:10.353] - eth_accounts
[2020/03/30 16:37:10.516] - eth_getBalance
[2020/03/30 16:37:10.550] - eth_getTransactionCount
[2020/03/30 16:37:10.585] - eth_getBalance
[2020/03/30 16:37:10.635] - eth_getTransactionCount
[2020/03/30 16:37:10.675] - eth_getBalance
[2020/03/30 16:37:10.716] - eth_getTransactionCount
[2020/03/30 16:37:10.753] - eth_getBalance
[2020/03/30 16:37:10.788] - eth_getTransactionCount
[2020/03/30 16:37:10.812] - eth_blockNumber
[2020/03/30 16:37:10.827] - eth_getBlockByNumber
[2020/03/30 16:37:10.832] - eth_getBlockByNumber
[2020/03/30 16:37:10.833] - eth_getBlockByNumber
[2020/03/30 16:37:10.837] - eth_getBlockByNumber
[2020/03/30 16:37:10.846] - eth_getBlockByNumber
[2020/03/30 16:37:10.847] - eth_getBlockByNumber
[2020/03/30 16:37:10.848] - eth_getBlockByNumber
[2020/03/30 16:37:10.848] - eth_getBlockByNumber
[2020/03/30 16:37:10.849] - eth_getBlockByNumber
[2020/03/30 16:37:10.854] - eth_getBalance
[2020/03/30 16:37:10.896] - eth_getTransactionCount
[2020/03/30 16:37:10.935] - eth_getBlockByNumber
[2020/03/30 16:37:10.936] - eth_getBalance
[2020/03/30 16:37:10.942] - eth_getBlockByNumber
[2020/03/30 16:37:10.951] - eth_getBlockByNumber
[2020/03/30 16:37:10.956] - eth_getBlockByNumber
[2020/03/30 16:37:10.957] - eth_getBlockByNumber
[2020/03/30 16:37:10.960] - eth_getBlockByNumber
[2020/03/30 16:37:10.960] - eth_getBlockByNumber
[2020/03/30 16:37:10.985] - eth_getTransactionCount
[2020/03/30 16:37:11.075] - eth_getBalance
[2020/03/30 16:37:11.133] - eth_getTransactionCount
[2020/03/30 16:37:11.177] - eth_getBalance
[2020/03/30 16:37:11.212] - eth_getTransactionCount
[2020/03/30 16:37:11.250] - eth_getBalance
[2020/03/30 16:37:11.290] - eth_getTransactionCount
[2020/03/30 16:37:11.325] - eth_getBalance
[2020/03/30 16:37:11.359] - eth_getTransactionCount
[2020/03/30 16:37:12.754] - eth_getBalance
[2020/03/30 16:37:12.788] - eth_getTransactionCount
[2020/03/30 16:37:12.822] - eth_getBalance
[2020/03/30 16:37:12.865] - eth_getTransactionCount
[2020/03/30 16:37:12.900] - eth_getBalance
[2020/03/30 16:37:12.985] - eth_getTransactionCount
[2020/03/30 16:37:13.063] - eth_getBalance
[2020/03/30 16:37:13.099] - eth_getTransactionCount
[2020/03/30 16:37:13.134] - eth_getBalance
[2020/03/30 16:37:13.168] - eth_getTransactionCount
[2020/03/30 16:37:13.203] - eth_getBalance
[2020/03/30 16:37:13.238] - eth_getTransactionCount
[2020/03/30 16:37:13.273] - eth_getBalance
[2020/03/30 16:37:13.306] - eth_getTransactionCount
[2020/03/30 16:37:13.347] - eth_getBalance
[2020/03/30 16:37:13.387] - eth_getTransactionCount
[2020/03/30 16:37:13.422] - eth_getBalance
[2020/03/30 16:37:13.457] - eth_getTransactionCount
[2020/03/30 16:37:13.492] - eth_getBalance
[2020/03/30 16:37:13.527] - eth_getTransactionCount
[2020/03/30 16:37:15.593] - eth_getBalance
[2020/03/30 16:37:18.199] - eth_blockNumber
[2020/03/30 16:37:30.843] - eth_blockNumber
[2020/03/30 16:37:38.211] - eth_blockNumber
[2020/03/30 16:37:50.854] - eth_blockNumber
[2020/03/30 16:37:58.232] - eth_blockNumber
[2020/03/30 16:38:10.868] - eth_blockNumber
[2020/03/30 16:38:18.241] - eth_blockNumber
[2020/03/30 16:38:30.877] - eth_blockNumber
[2020/03/30 16:38:38.252] - eth_blockNumber
[2020/03/30 16:38:50.890] - eth_blockNumber
[2020/03/30 16:38:58.263] - eth_blockNumber
[2020/03/30 16:39:10.906] - eth_blockNumber
[2020/03/30 16:39:18.273] - eth_blockNumber
[2020/03/30 16:39:30.914] - eth_blockNumber
[2020/03/30 16:39:38.296] - eth_blockNumber
[2020/03/30 16:39:50.924] - eth_blockNumber
[2020/03/30 16:39:58.314] - eth_blockNumber
[2020/03/30 16:40:10.933] - eth_blockNumber
[2020/03/30 16:40:18.326] - eth_blockNumber
[2020/03/30 16:40:30.960] - eth_blockNumber
[2020/03/30 16:40:38.333] - eth_blockNumber
[2020/03/30 16:40:50.993] - eth_blockNumber
[2020/03/30 16:40:58.357] - eth_blockNumber
[2020/03/30 16:41:11.009] - eth_blockNumber
[2020/03/30 16:41:18.378] - eth_blockNumber
[2020/03/30 16:41:31.018] - eth_blockNumber
[2020/03/30 16:41:38.387] - eth_blockNumber
[2020/03/30 16:41:51.030] - eth_blockNumber
[2020/03/30 16:41:58.397] - eth_blockNumber
[2020/03/30 16:42:11.041] - eth_blockNumber
[2020/03/30 16:42:18.413] - eth_blockNumber
[2020/03/30 16:42:31.058] - eth_blockNumber
[2020/03/30 16:42:38.438] - eth_blockNumber
[2020/03/30 16:42:47.048] - net_version
[2020/03/30 16:42:47.308] - eth_call
[2020/03/30 16:42:51.073] - eth_blockNumber
[2020/03/30 16:42:58.451] - eth_blockNumber
[2020/03/30 16:43:11.081] - eth_blockNumber
[2020/03/30 16:43:18.461] - eth_blockNumber
[2020/03/30 16:43:31.088] - eth_blockNumber
[2020/03/30 16:43:34.179] - eth_gasPrice
[2020/03/30 16:43:34.247] - eth_getCode
[2020/03/30 16:43:34.417] - eth_estimateGas
[2020/03/30 16:43:36.887] - eth_getTransactionCount
[2020/03/30 16:43:38.481] - eth_blockNumber
[2020/03/30 16:43:38.755] - eth_sendRawTransaction
[2020/03/30 16:43:38.957] - 
[2020/03/30 16:43:38.958] -   Transaction: 0x8dfca1aca7d7a064b1066a4a53d2ba675986b31bd392cb7bf1b748cc6d19495e
[2020/03/30 16:43:38.958] -   Gas usage: 301400
[2020/03/30 16:43:38.958] -   Block Number: 269
[2020/03/30 16:43:38.958] -   Block Time: Mon Mar 30 2020 16:43:38 GMT+0100 (IST)
[2020/03/30 16:43:38.958] - 
[2020/03/30 16:43:38.967] - eth_getBlockByNumber
[2020/03/30 16:43:39.165] - eth_getBalance
[2020/03/30 16:43:39.226] - eth_getTransactionCount
[2020/03/30 16:43:39.271] - eth_getBalance
[2020/03/30 16:43:39.308] - eth_getTransactionCount
[2020/03/30 16:43:39.361] - eth_getBalance
[2020/03/30 16:43:39.400] - eth_getTransactionCount
[2020/03/30 16:43:39.441] - eth_getBalance
[2020/03/30 16:43:39.477] - eth_getTransactionCount
[2020/03/30 16:43:39.516] - eth_getBalance
[2020/03/30 16:43:39.573] - eth_getTransactionCount
[2020/03/30 16:43:39.673] - eth_getBalance
[2020/03/30 16:43:39.810] - eth_getTransactionCount
[2020/03/30 16:43:39.857] - eth_getBalance
[2020/03/30 16:43:39.931] - eth_getTransactionCount
[2020/03/30 16:43:39.983] - eth_getBalance
[2020/03/30 16:43:40.059] - eth_getTransactionCount
[2020/03/30 16:43:40.101] - eth_getBalance
[2020/03/30 16:43:40.151] - eth_getTransactionCount
[2020/03/30 16:43:40.188] - eth_getBalance
[2020/03/30 16:43:40.225] - eth_getTransactionCount
[2020/03/30 16:43:41.339] - eth_getTransactionReceipt
[2020/03/30 16:43:41.347] - eth_blockNumber
[2020/03/30 16:43:41.357] - eth_getBlockByNumber
[2020/03/30 16:43:41.361] - eth_getBlockByNumber
[2020/03/30 16:43:41.626] - eth_getTransactionReceipt
[2020/03/30 16:43:41.755] - eth_getTransactionCount
[2020/03/30 16:43:41.806] - eth_call
[2020/03/30 16:43:42.233] - eth_call
[2020/03/30 16:43:43.029] - eth_getBalance
[2020/03/30 16:43:51.101] - eth_blockNumber
[2020/03/30 16:43:58.494] - eth_blockNumber
[2020/03/30 16:43:58.510] - eth_getBlockByNumber
[2020/03/30 16:44:11.124] - eth_blockNumber
[2020/03/30 16:44:13.476] - eth_gasPrice
[2020/03/30 16:44:13.536] - eth_getCode
[2020/03/30 16:44:13.622] - eth_estimateGas
[2020/03/30 16:44:17.004] - eth_sendRawTransaction
[2020/03/30 16:44:17.166] - 
[2020/03/30 16:44:17.167] -   Transaction: 0xb11cd4f74c183ae2140787fd6c35270667a889e22cd540d9bf05bd9b0af7d553
[2020/03/30 16:44:17.168] -   Gas usage: 287232
[2020/03/30 16:44:17.168] -   Block Number: 270
[2020/03/30 16:44:17.168] -   Block Time: Mon Mar 30 2020 16:44:17 GMT+0100 (IST)
[2020/03/30 16:44:17.169] - 
[2020/03/30 16:44:17.170] - eth_getBlockByNumber
[2020/03/30 16:44:17.326] - eth_getBalance
[2020/03/30 16:44:17.383] - eth_getTransactionCount
[2020/03/30 16:44:17.421] - eth_getBalance
[2020/03/30 16:44:17.462] - eth_getTransactionCount
[2020/03/30 16:44:17.505] - eth_getBalance
[2020/03/30 16:44:17.564] - eth_getTransactionCount
[2020/03/30 16:44:17.648] - eth_getBalance
[2020/03/30 16:44:17.688] - eth_getTransactionCount
[2020/03/30 16:44:17.730] - eth_getBalance
[2020/03/30 16:44:17.799] - eth_getTransactionCount
[2020/03/30 16:44:17.917] - eth_getBalance
[2020/03/30 16:44:17.959] - eth_getTransactionCount
[2020/03/30 16:44:17.997] - eth_getBalance
[2020/03/30 16:44:18.036] - eth_getTransactionCount
[2020/03/30 16:44:18.075] - eth_getBalance
[2020/03/30 16:44:18.158] - eth_getTransactionCount
[2020/03/30 16:44:18.205] - eth_getBalance
[2020/03/30 16:44:18.241] - eth_getTransactionCount
[2020/03/30 16:44:18.276] - eth_getBalance
[2020/03/30 16:44:18.312] - eth_getTransactionCount
[2020/03/30 16:44:18.510] - eth_blockNumber
[2020/03/30 16:44:18.516] - eth_getBlockByNumber
[2020/03/30 16:44:18.984] - eth_getTransactionReceipt
[2020/03/30 16:44:21.380] - eth_blockNumber
[2020/03/30 16:44:21.453] - eth_getBlockByNumber
[2020/03/30 16:44:21.459] - eth_getBlockByNumber
[2020/03/30 16:44:21.463] - eth_call
[2020/03/30 16:44:21.563] - eth_getTransactionReceipt
[2020/03/30 16:44:21.652] - eth_getTransactionCount
[2020/03/30 16:44:22.789] - eth_getBalance
[2020/03/30 16:44:22.821] - eth_call
[2020/03/30 16:44:23.422] - eth_call
[2020/03/30 16:44:31.144] - eth_blockNumber
[2020/03/30 16:44:38.524] - eth_blockNumber
[2020/03/30 16:44:48.948] - eth_gasPrice
[2020/03/30 16:44:49.008] - eth_getCode
[2020/03/30 16:44:49.390] - eth_estimateGas
[2020/03/30 16:44:51.498] - eth_blockNumber
[2020/03/30 16:44:53.128] - eth_sendRawTransaction
[2020/03/30 16:44:53.232] - 
[2020/03/30 16:44:53.232] -   Transaction: 0x4115e66b3199d9f546b31a4157c63459caf41b9d3c446e4bedfe5e575b9c1875
[2020/03/30 16:44:53.233] -   Gas usage: 286976
[2020/03/30 16:44:53.233] -   Block Number: 271
[2020/03/30 16:44:53.234] -   Block Time: Mon Mar 30 2020 16:44:53 GMT+0100 (IST)
[2020/03/30 16:44:53.234] - 
[2020/03/30 16:44:53.236] - eth_getBlockByNumber
[2020/03/30 16:44:53.418] - eth_getBalance
[2020/03/30 16:44:53.468] - eth_getTransactionCount
[2020/03/30 16:44:53.516] - eth_getBalance
[2020/03/30 16:44:53.590] - eth_getTransactionCount
[2020/03/30 16:44:53.639] - eth_getBalance
[2020/03/30 16:44:53.681] - eth_getTransactionCount
[2020/03/30 16:44:53.720] - eth_getBalance
[2020/03/30 16:44:53.758] - eth_getTransactionCount
[2020/03/30 16:44:53.810] - eth_getBalance
[2020/03/30 16:44:53.848] - eth_getTransactionCount
[2020/03/30 16:44:53.885] - eth_getBalance
[2020/03/30 16:44:53.921] - eth_getTransactionCount
[2020/03/30 16:44:53.956] - eth_getBalance
[2020/03/30 16:44:53.992] - eth_getTransactionCount
[2020/03/30 16:44:54.029] - eth_getBalance
[2020/03/30 16:44:54.081] - eth_getTransactionCount
[2020/03/30 16:44:54.118] - eth_getBalance
[2020/03/30 16:44:54.154] - eth_getTransactionCount
[2020/03/30 16:44:54.190] - eth_getBalance
[2020/03/30 16:44:54.228] - eth_getTransactionCount
[2020/03/30 16:44:54.310] - eth_getTransactionReceipt
[2020/03/30 16:44:56.155] - eth_blockNumber
[2020/03/30 16:44:56.213] - eth_getBlockByNumber
[2020/03/30 16:44:56.216] - eth_getBlockByNumber
[2020/03/30 16:44:56.219] - eth_call
[2020/03/30 16:44:56.226] - eth_call
[2020/03/30 16:44:56.334] - eth_getTransactionReceipt
[2020/03/30 16:44:56.478] - eth_getTransactionCount
[2020/03/30 16:44:58.015] - eth_getBalance
[2020/03/30 16:44:58.098] - eth_call
[2020/03/30 16:44:58.538] - eth_blockNumber
[2020/03/30 16:44:58.559] - eth_getBlockByNumber
[2020/03/30 16:44:58.649] - eth_call
[2020/03/30 16:45:11.730] - eth_blockNumber
[2020/03/30 16:45:18.562] - eth_blockNumber
[2020/03/30 16:45:31.743] - eth_blockNumber
[2020/03/30 16:45:38.573] - eth_blockNumber
[2020/03/30 16:45:51.769] - eth_blockNumber
[2020/03/30 16:45:58.584] - eth_blockNumber
[2020/03/30 16:46:11.803] - eth_blockNumber
[2020/03/30 16:46:18.595] - eth_blockNumber
[2020/03/30 16:46:22.669] - eth_gasPrice
[2020/03/30 16:46:22.736] - eth_getCode
[2020/03/30 16:46:22.938] - eth_estimateGas
[2020/03/30 16:46:26.396] - eth_sendRawTransaction
[2020/03/30 16:46:26.609] - 
[2020/03/30 16:46:26.609] -   Transaction: 0x95be34aa79e690125e517c9938ffa4cf1cf447b6177f14eb841d4bd01987daea
[2020/03/30 16:46:26.609] -   Gas usage: 286784
[2020/03/30 16:46:26.609] -   Block Number: 272
[2020/03/30 16:46:26.609] -   Block Time: Mon Mar 30 2020 16:46:26 GMT+0100 (IST)
[2020/03/30 16:46:26.610] - 
[2020/03/30 16:46:26.610] - eth_getBlockByNumber
[2020/03/30 16:46:26.783] - eth_getBalance
[2020/03/30 16:46:26.823] - eth_getTransactionCount
[2020/03/30 16:46:26.861] - eth_getBalance
[2020/03/30 16:46:26.899] - eth_getTransactionCount
[2020/03/30 16:46:26.941] - eth_getBalance
[2020/03/30 16:46:27.019] - eth_getTransactionCount
[2020/03/30 16:46:27.202] - eth_getBalance
[2020/03/30 16:46:27.267] - eth_getTransactionCount
[2020/03/30 16:46:27.371] - eth_getBalance
[2020/03/30 16:46:27.410] - eth_getTransactionCount
[2020/03/30 16:46:27.448] - eth_getBalance
[2020/03/30 16:46:27.485] - eth_getTransactionCount
[2020/03/30 16:46:27.527] - eth_getBalance
[2020/03/30 16:46:27.576] - eth_getTransactionCount
[2020/03/30 16:46:27.642] - eth_getBalance
[2020/03/30 16:46:27.700] - eth_getTransactionCount
[2020/03/30 16:46:27.737] - eth_getBalance
[2020/03/30 16:46:27.773] - eth_getTransactionCount
[2020/03/30 16:46:27.810] - eth_getBalance
[2020/03/30 16:46:27.856] - eth_getTransactionCount
[2020/03/30 16:46:28.885] - eth_getTransactionReceipt
[2020/03/30 16:46:29.104] - eth_blockNumber
[2020/03/30 16:46:29.158] - eth_getBlockByNumber
[2020/03/30 16:46:29.161] - eth_getBlockByNumber
[2020/03/30 16:46:29.164] - eth_call
[2020/03/30 16:46:29.167] - eth_call
[2020/03/30 16:46:29.172] - eth_call
[2020/03/30 16:46:29.391] - eth_getTransactionReceipt
[2020/03/30 16:46:29.407] - eth_call
[2020/03/30 16:46:29.749] - eth_getTransactionCount
[2020/03/30 16:46:31.814] - eth_blockNumber
[2020/03/30 16:46:32.188] - eth_call
[2020/03/30 16:46:32.426] - eth_call
[2020/03/30 16:46:32.793] - eth_getBalance
[2020/03/30 16:46:38.606] - eth_blockNumber
[2020/03/30 16:46:38.616] - eth_getBlockByNumber
[2020/03/30 16:46:39.680] - eth_gasPrice
[2020/03/30 16:46:39.810] - eth_getCode
[2020/03/30 16:46:40.253] - eth_estimateGas
[2020/03/30 16:46:44.092] - eth_sendRawTransaction
[2020/03/30 16:46:44.168] - 
[2020/03/30 16:46:44.169] -   Transaction: 0x961288db0421db967c940fee8455f40840a8464010ef568e0fd3193c6ac9d375
[2020/03/30 16:46:44.169] -   Gas usage: 13511
[2020/03/30 16:46:44.169] -   Block Number: 273
[2020/03/30 16:46:44.170] -   Block Time: Mon Mar 30 2020 16:46:44 GMT+0100 (IST)
[2020/03/30 16:46:44.170] - 
[2020/03/30 16:46:44.172] - eth_getBlockByNumber
[2020/03/30 16:46:44.521] - eth_getBalance
[2020/03/30 16:46:44.683] - eth_getTransactionCount
[2020/03/30 16:46:44.925] - eth_getBalance
[2020/03/30 16:46:45.172] - eth_getTransactionCount
[2020/03/30 16:46:45.255] - eth_getBalance
[2020/03/30 16:46:45.296] - eth_getTransactionCount
[2020/03/30 16:46:45.335] - eth_getBalance
[2020/03/30 16:46:45.377] - eth_getTransactionCount
[2020/03/30 16:46:45.436] - eth_getBalance
[2020/03/30 16:46:45.525] - eth_getTransactionCount
[2020/03/30 16:46:45.561] - eth_getBalance
[2020/03/30 16:46:45.599] - eth_getTransactionCount
[2020/03/30 16:46:45.647] - eth_getBalance
[2020/03/30 16:46:45.687] - eth_getTransactionCount
[2020/03/30 16:46:45.748] - eth_getBalance
[2020/03/30 16:46:45.786] - eth_getTransactionCount
[2020/03/30 16:46:45.823] - eth_getBalance
[2020/03/30 16:46:45.874] - eth_getTransactionCount
[2020/03/30 16:46:45.938] - eth_getBalance
[2020/03/30 16:46:45.999] - eth_getTransactionCount
[2020/03/30 16:46:46.677] - eth_getTransactionReceipt
[2020/03/30 16:46:46.847] - eth_blockNumber
[2020/03/30 16:46:46.867] - eth_getBlockByNumber
[2020/03/30 16:46:46.873] - eth_getBlockByNumber
[2020/03/30 16:46:46.879] - eth_call
[2020/03/30 16:46:46.880] - eth_call
[2020/03/30 16:46:46.883] - eth_call
[2020/03/30 16:46:46.898] - eth_call
[2020/03/30 16:46:47.005] - eth_call
[2020/03/30 16:46:47.016] - eth_getTransactionReceipt
[2020/03/30 16:46:47.280] - eth_getTransactionCount
[2020/03/30 16:46:50.104] - eth_getBalance
[2020/03/30 16:46:50.409] - eth_call
[2020/03/30 16:46:51.825] - eth_blockNumber
[2020/03/30 16:46:58.631] - eth_blockNumber
[2020/03/30 16:46:58.653] - eth_getBlockByNumber
[2020/03/30 16:47:11.838] - eth_blockNumber
[2020/03/30 16:47:18.656] - eth_blockNumber
[2020/03/30 16:47:31.855] - eth_blockNumber
[2020/03/30 16:47:38.666] - eth_blockNumber
[2020/03/30 16:47:51.870] - eth_blockNumber
[2020/03/30 16:47:58.672] - eth_blockNumber
[2020/03/30 16:48:11.906] - eth_blockNumber
[2020/03/30 16:48:18.681] - eth_blockNumber
[2020/03/30 16:48:31.931] - eth_blockNumber
[2020/03/30 16:48:38.694] - eth_blockNumber
[2020/03/30 16:48:51.950] - eth_blockNumber
[2020/03/30 16:48:58.713] - eth_blockNumber
[2020/03/30 16:49:11.964] - eth_blockNumber
[2020/03/30 16:49:18.724] - eth_blockNumber
[2020/03/30 16:49:31.977] - eth_blockNumber
[2020/03/30 16:49:38.737] - eth_blockNumber
[2020/03/30 16:49:51.994] - eth_blockNumber
[2020/03/30 16:49:58.751] - eth_blockNumber
[2020/03/30 16:50:12.006] - eth_blockNumber
[2020/03/30 16:50:18.763] - eth_blockNumber
[2020/03/30 16:50:32.019] - eth_blockNumber
[2020/03/30 16:50:38.780] - eth_blockNumber
[2020/03/30 16:50:52.030] - eth_blockNumber
[2020/03/30 16:50:58.791] - eth_blockNumber
[2020/03/30 16:51:12.038] - eth_blockNumber
[2020/03/30 16:51:18.806] - eth_blockNumber
[2020/03/30 16:51:32.050] - eth_blockNumber
[2020/03/30 16:51:38.816] - eth_blockNumber
[2020/03/30 16:51:52.061] - eth_blockNumber
[2020/03/30 16:51:58.829] - eth_blockNumber
[2020/03/30 16:52:12.085] - eth_blockNumber
[2020/03/30 16:52:18.842] - eth_blockNumber
[2020/03/30 16:52:32.106] - eth_blockNumber
[2020/03/30 16:52:38.862] - eth_blockNumber
[2020/03/30 16:52:52.119] - eth_blockNumber
[2020/03/30 16:52:58.885] - eth_blockNumber
[2020/03/30 16:53:12.133] - eth_blockNumber
[2020/03/30 16:53:18.910] - eth_blockNumber
[2020/03/30 16:53:32.148] - eth_blockNumber
[2020/03/30 16:53:38.926] - eth_blockNumber
[2020/03/30 16:53:52.159] - eth_blockNumber
[2020/03/30 16:53:58.937] - eth_blockNumber
[2020/03/30 16:54:12.169] - eth_blockNumber
[2020/03/30 16:54:18.948] - eth_blockNumber
[2020/03/30 16:54:28.716] - net_version
[2020/03/30 16:54:32.194] - eth_blockNumber
[2020/03/30 16:54:38.967] - eth_blockNumber
[2020/03/30 16:54:52.211] - eth_blockNumber
[2020/03/30 16:54:58.983] - eth_blockNumber
[2020/03/30 16:55:12.225] - eth_blockNumber
[2020/03/30 16:55:18.994] - eth_blockNumber
[2020/03/30 16:55:32.237] - eth_blockNumber
[2020/03/30 16:55:39.005] - eth_blockNumber
[2020/03/30 16:55:52.250] - eth_blockNumber
[2020/03/30 16:55:59.016] - eth_blockNumber
[2020/03/30 16:56:12.260] - eth_blockNumber
[2020/03/30 16:56:19.031] - eth_blockNumber
[2020/03/30 16:56:32.272] - eth_blockNumber
[2020/03/30 16:56:39.044] - eth_blockNumber
[2020/03/30 16:56:52.288] - eth_blockNumber
[2020/03/30 16:56:59.062] - eth_blockNumber
[2020/03/30 16:57:12.299] - eth_blockNumber
[2020/03/30 16:57:19.075] - eth_blockNumber
[2020/03/30 16:57:32.312] - eth_blockNumber
[2020/03/30 16:57:39.086] - eth_blockNumber
[2020/03/30 16:57:52.323] - eth_blockNumber
[2020/03/30 16:57:59.098] - eth_blockNumber
[2020/03/30 16:58:12.334] - eth_blockNumber
[2020/03/30 16:58:19.109] - eth_blockNumber
[2020/03/30 16:58:32.345] - eth_blockNumber
[2020/03/30 16:58:39.121] - eth_blockNumber
[2020/03/30 16:58:52.358] - eth_blockNumber
[2020/03/30 16:58:59.133] - eth_blockNumber
[2020/03/30 16:59:12.372] - eth_blockNumber
[2020/03/30 16:59:19.143] - eth_blockNumber
[2020/03/30 16:59:32.382] - eth_blockNumber
[2020/03/30 16:59:39.154] - eth_blockNumber
[2020/03/30 16:59:52.395] - eth_blockNumber
[2020/03/30 16:59:59.166] - eth_blockNumber
[2020/03/30 17:00:12.411] - eth_blockNumber
[2020/03/30 17:00:19.179] - eth_blockNumber
[2020/03/30 17:00:32.430] - eth_blockNumber
[2020/03/30 17:00:39.190] - eth_blockNumber
[2020/03/30 17:00:52.442] - eth_blockNumber
[2020/03/30 17:00:59.201] - eth_blockNumber
[2020/03/30 17:01:12.450] - eth_blockNumber
[2020/03/30 17:01:19.211] - eth_blockNumber
[2020/03/30 17:01:32.459] - eth_blockNumber
[2020/03/30 17:01:39.222] - eth_blockNumber
[2020/03/30 17:01:52.475] - eth_blockNumber
[2020/03/30 17:01:59.232] - eth_blockNumber
[2020/03/30 17:02:12.492] - eth_blockNumber
[2020/03/30 17:02:19.245] - eth_blockNumber
[2020/03/30 17:02:32.503] - eth_blockNumber
[2020/03/30 17:02:39.255] - eth_blockNumber
[2020/03/30 17:02:52.514] - eth_blockNumber
[2020/03/30 17:02:59.265] - eth_blockNumber
[2020/03/30 17:03:12.524] - eth_blockNumber
[2020/03/30 17:03:19.276] - eth_blockNumber
[2020/03/30 17:03:32.538] - eth_blockNumber
[2020/03/30 17:03:39.286] - eth_blockNumber
[2020/03/30 17:03:52.548] - eth_blockNumber
[2020/03/30 17:03:59.299] - eth_blockNumber
[2020/03/30 17:04:12.559] - eth_blockNumber
[2020/03/30 17:04:19.311] - eth_blockNumber
[2020/03/30 17:04:32.570] - eth_blockNumber
[2020/03/30 17:04:39.366] - eth_blockNumber
[2020/03/30 17:04:52.582] - eth_blockNumber
[2020/03/30 17:04:59.375] - eth_blockNumber
[2020/03/30 17:05:12.599] - eth_blockNumber
[2020/03/30 17:05:19.395] - eth_blockNumber
[2020/03/30 17:05:32.612] - eth_blockNumber
[2020/03/30 17:05:39.411] - eth_blockNumber
[2020/03/30 17:05:52.624] - eth_blockNumber
[2020/03/30 17:05:59.420] - eth_blockNumber
[2020/03/30 17:06:12.638] - eth_blockNumber
[2020/03/30 17:06:19.430] - eth_blockNumber
[2020/03/30 17:06:32.655] - eth_blockNumber
[2020/03/30 17:06:39.440] - eth_blockNumber
[2020/03/30 17:06:52.670] - eth_blockNumber
[2020/03/30 17:06:59.456] - eth_blockNumber
[2020/03/30 17:07:12.683] - eth_blockNumber
[2020/03/30 17:07:19.474] - eth_blockNumber
[2020/03/30 17:07:32.691] - eth_blockNumber
[2020/03/30 17:07:39.486] - eth_blockNumber
[2020/03/30 17:07:52.701] - eth_blockNumber
[2020/03/30 17:07:59.499] - eth_blockNumber
[2020/03/30 17:08:12.713] - eth_blockNumber
[2020/03/30 17:08:19.511] - eth_blockNumber
[2020/03/30 17:08:32.723] - eth_blockNumber
[2020/03/30 17:08:39.520] - eth_blockNumber
[2020/03/30 17:08:52.734] - eth_blockNumber
[2020/03/30 17:08:59.535] - eth_blockNumber
[2020/03/30 17:09:12.751] - eth_blockNumber
[2020/03/30 17:09:19.548] - eth_blockNumber
[2020/03/30 17:09:32.763] - eth_blockNumber
[2020/03/30 17:09:39.559] - eth_blockNumber
[2020/03/30 17:09:52.777] - eth_blockNumber
[2020/03/30 17:09:59.569] - eth_blockNumber
[2020/03/30 17:10:12.788] - eth_blockNumber
[2020/03/30 17:10:19.580] - eth_blockNumber
[2020/03/30 17:10:32.799] - eth_blockNumber
[2020/03/30 17:10:39.589] - eth_blockNumber
[2020/03/30 17:10:52.811] - eth_blockNumber
[2020/03/30 17:10:59.597] - eth_blockNumber
[2020/03/30 17:11:12.832] - eth_blockNumber
[2020/03/30 17:11:19.608] - eth_blockNumber
[2020/03/30 17:11:32.845] - eth_blockNumber
[2020/03/30 17:11:39.623] - eth_blockNumber
[2020/03/30 17:11:52.857] - eth_blockNumber
[2020/03/30 17:11:59.640] - eth_blockNumber
[2020/03/30 17:12:12.869] - eth_blockNumber
[2020/03/30 17:12:19.652] - eth_blockNumber
[2020/03/30 17:12:32.883] - eth_blockNumber
[2020/03/30 17:12:39.664] - eth_blockNumber
[2020/03/30 17:12:52.894] - eth_blockNumber
[2020/03/30 17:12:59.675] - eth_blockNumber
[2020/03/30 17:13:12.905] - eth_blockNumber
[2020/03/30 17:13:19.686] - eth_blockNumber
[2020/03/30 17:13:32.958] - eth_blockNumber
[2020/03/30 17:13:39.696] - eth_blockNumber
[2020/03/30 17:13:52.970] - eth_blockNumber
[2020/03/30 17:13:59.708] - eth_blockNumber
[2020/03/30 17:14:12.987] - eth_blockNumber
[2020/03/30 17:14:19.719] - eth_blockNumber
[2020/03/30 17:14:32.999] - eth_blockNumber
[2020/03/30 17:14:39.729] - eth_blockNumber
[2020/03/30 17:14:53.010] - eth_blockNumber
[2020/03/30 17:14:59.742] - eth_blockNumber
[2020/03/30 17:15:13.021] - eth_blockNumber
[2020/03/30 17:15:19.753] - eth_blockNumber
[2020/03/30 17:15:33.034] - eth_blockNumber
[2020/03/30 17:15:39.767] - eth_blockNumber
[2020/03/30 17:15:53.053] - eth_blockNumber
[2020/03/30 17:15:59.783] - eth_blockNumber
[2020/03/30 17:16:13.074] - eth_blockNumber
[2020/03/30 17:16:19.796] - eth_blockNumber
[2020/03/30 17:16:33.091] - eth_blockNumber
[2020/03/30 17:16:39.807] - eth_blockNumber
[2020/03/30 17:16:53.102] - eth_blockNumber
[2020/03/30 17:16:59.820] - eth_blockNumber
[2020/03/30 17:17:13.114] - eth_blockNumber
[2020/03/30 17:17:19.833] - eth_blockNumber
[2020/03/30 17:17:33.128] - eth_blockNumber
[2020/03/30 17:17:39.843] - eth_blockNumber
[2020/03/30 17:17:53.142] - eth_blockNumber
[2020/03/30 17:17:59.854] - eth_blockNumber
[2020/03/30 17:18:13.154] - eth_blockNumber
[2020/03/30 17:18:19.867] - eth_blockNumber
[2020/03/30 17:18:33.175] - eth_blockNumber
[2020/03/30 17:18:39.879] - eth_blockNumber
[2020/03/30 17:18:53.214] - eth_blockNumber
[2020/03/30 17:18:59.892] - eth_blockNumber
[2020/03/30 17:19:13.228] - eth_blockNumber
[2020/03/30 17:19:19.905] - eth_blockNumber
[2020/03/30 17:19:33.242] - eth_blockNumber
[2020/03/30 17:19:39.914] - eth_blockNumber
[2020/03/30 17:19:53.254] - eth_blockNumber
[2020/03/30 17:19:59.922] - eth_blockNumber
[2020/03/30 17:20:13.267] - eth_blockNumber
[2020/03/30 17:20:19.938] - eth_blockNumber
[2020/03/30 17:20:33.278] - eth_blockNumber
[2020/03/30 17:20:39.960] - eth_blockNumber
[2020/03/30 17:20:53.289] - eth_blockNumber
[2020/03/30 17:20:59.976] - eth_blockNumber
[2020/03/30 17:21:13.298] - eth_blockNumber
[2020/03/30 17:21:19.989] - eth_blockNumber
[2020/03/30 17:21:33.306] - eth_blockNumber
[2020/03/30 17:21:40.000] - eth_blockNumber
[2020/03/30 17:21:53.317] - eth_blockNumber
[2020/03/30 17:22:00.019] - eth_blockNumber
[2020/03/30 17:22:13.332] - eth_blockNumber
[2020/03/30 17:22:20.074] - eth_blockNumber
[2020/03/30 17:22:33.353] - eth_blockNumber
[2020/03/30 17:22:40.093] - eth_blockNumber
[2020/03/30 17:22:53.379] - eth_blockNumber
[2020/03/30 17:23:00.110] - eth_blockNumber
[2020/03/30 17:23:13.394] - eth_blockNumber
[2020/03/30 17:23:20.126] - eth_blockNumber
[2020/03/30 17:23:33.407] - eth_blockNumber
[2020/03/30 17:23:40.143] - eth_blockNumber
[2020/03/30 17:23:53.426] - eth_blockNumber
[2020/03/30 17:24:00.156] - eth_blockNumber
[2020/03/30 17:24:13.436] - eth_blockNumber
[2020/03/30 17:24:20.167] - eth_blockNumber
[2020/03/30 17:24:33.448] - eth_blockNumber
[2020/03/30 17:24:40.180] - eth_blockNumber
[2020/03/30 17:24:53.459] - eth_blockNumber
[2020/03/30 17:25:00.195] - eth_blockNumber
[2020/03/30 17:25:13.470] - eth_blockNumber
[2020/03/30 17:25:20.213] - eth_blockNumber
[2020/03/30 17:25:33.487] - eth_blockNumber
[2020/03/30 17:25:40.222] - eth_blockNumber
[2020/03/30 17:25:53.500] - eth_blockNumber
[2020/03/30 17:26:00.229] - eth_blockNumber
[2020/03/30 17:26:13.514] - eth_blockNumber
[2020/03/30 17:26:20.235] - eth_blockNumber
[2020/03/30 17:26:33.526] - eth_blockNumber
[2020/03/30 17:26:40.250] - eth_blockNumber
[2020/03/30 17:26:53.539] - eth_blockNumber
[2020/03/30 17:27:00.267] - eth_blockNumber
[2020/03/30 17:27:13.551] - eth_blockNumber
[2020/03/30 17:27:20.278] - eth_blockNumber
[2020/03/30 17:27:33.563] - eth_blockNumber
[2020/03/30 17:27:40.289] - eth_blockNumber
[2020/03/30 17:27:53.574] - eth_blockNumber
[2020/03/30 17:28:00.297] - eth_blockNumber
[2020/03/30 17:28:13.607] - eth_blockNumber
[2020/03/30 17:28:20.309] - eth_blockNumber
[2020/03/30 17:28:33.618] - eth_blockNumber
[2020/03/30 17:28:40.330] - eth_blockNumber
[2020/03/30 17:28:53.628] - eth_blockNumber
[2020/03/30 17:29:00.341] - eth_blockNumber
[2020/03/30 17:29:13.651] - eth_blockNumber
[2020/03/30 17:29:20.352] - eth_blockNumber
[2020/03/30 17:29:33.661] - eth_blockNumber
[2020/03/30 17:29:40.363] - eth_blockNumber
[2020/03/30 17:29:53.673] - eth_blockNumber
[2020/03/30 17:30:00.373] - eth_blockNumber
[2020/03/30 17:30:13.693] - eth_blockNumber
[2020/03/30 17:30:20.383] - eth_blockNumber
[2020/03/30 17:30:33.710] - eth_blockNumber
[2020/03/30 17:30:40.394] - eth_blockNumber
[2020/03/30 17:30:53.723] - eth_blockNumber
[2020/03/30 17:31:00.408] - eth_blockNumber
[2020/03/30 17:31:02.352] - net_version
[2020/03/30 17:31:13.741] - eth_blockNumber
[2020/03/30 17:31:20.429] - eth_blockNumber
[2020/03/30 17:31:33.760] - eth_blockNumber
[2020/03/30 17:31:40.444] - eth_blockNumber
[2020/03/30 17:31:53.771] - eth_blockNumber
[2020/03/30 17:32:00.457] - eth_blockNumber
[2020/03/30 17:32:13.784] - eth_blockNumber
[2020/03/30 17:32:20.469] - eth_blockNumber
[2020/03/30 17:32:33.795] - eth_blockNumber
[2020/03/30 17:32:40.481] - eth_blockNumber
[2020/03/30 17:32:53.805] - eth_blockNumber
[2020/03/30 17:33:00.491] - eth_blockNumber
[2020/03/30 17:33:13.816] - eth_blockNumber
[2020/03/30 17:33:20.508] - eth_blockNumber
[2020/03/30 17:33:33.834] - eth_blockNumber
[2020/03/30 17:33:40.525] - eth_blockNumber
[2020/03/30 17:33:53.853] - eth_blockNumber
[2020/03/30 17:34:00.538] - eth_blockNumber
[2020/03/30 17:34:13.869] - eth_blockNumber
[2020/03/30 17:34:20.549] - eth_blockNumber
[2020/03/30 17:34:33.897] - eth_blockNumber
[2020/03/30 17:34:40.564] - eth_blockNumber
[2020/03/30 17:34:53.918] - eth_blockNumber
[2020/03/30 17:35:00.592] - eth_blockNumber
[2020/03/30 17:35:13.931] - eth_blockNumber
[2020/03/30 17:35:20.616] - eth_blockNumber
[2020/03/30 17:35:33.942] - eth_blockNumber
[2020/03/30 17:35:40.624] - eth_blockNumber
[2020/03/30 17:35:53.956] - eth_blockNumber
[2020/03/30 17:36:00.641] - eth_blockNumber
[2020/03/30 17:36:13.970] - eth_blockNumber
[2020/03/30 17:36:20.654] - eth_blockNumber
[2020/03/30 17:36:33.984] - eth_blockNumber
[2020/03/30 17:36:40.668] - eth_blockNumber
[2020/03/30 17:36:53.999] - eth_blockNumber
[2020/03/30 17:37:00.686] - eth_blockNumber
[2020/03/30 17:37:14.016] - eth_blockNumber
[2020/03/30 17:37:20.700] - eth_blockNumber
[2020/03/30 17:37:34.044] - eth_blockNumber
[2020/03/30 17:37:40.718] - eth_blockNumber
[2020/03/30 17:37:54.057] - eth_blockNumber
[2020/03/30 17:38:00.735] - eth_blockNumber
[2020/03/30 17:38:14.110] - eth_blockNumber
[2020/03/30 17:38:20.748] - eth_blockNumber
[2020/03/30 17:38:31.180] - net_version
[2020/03/30 17:38:34.209] - eth_blockNumber
[2020/03/30 17:38:40.762] - eth_blockNumber
[2020/03/30 17:38:42.350] - net_version
[2020/03/30 17:38:54.312] - eth_blockNumber
[2020/03/30 17:39:00.802] - eth_blockNumber
[2020/03/30 17:39:14.326] - eth_blockNumber
[2020/03/30 17:39:20.819] - eth_blockNumber
[2020/03/30 17:39:34.339] - eth_blockNumber
[2020/03/30 17:39:40.834] - eth_blockNumber
[2020/03/30 17:39:54.358] - eth_blockNumber
[2020/03/30 17:40:00.853] - eth_blockNumber
[2020/03/30 17:40:14.375] - eth_blockNumber
[2020/03/30 17:40:20.867] - eth_blockNumber
[2020/03/30 17:40:34.394] - eth_blockNumber
[2020/03/30 17:40:40.880] - eth_blockNumber
[2020/03/30 17:40:54.411] - eth_blockNumber
[2020/03/30 17:41:00.891] - eth_blockNumber
[2020/03/30 17:41:14.425] - eth_blockNumber
[2020/03/30 17:41:20.901] - eth_blockNumber
[2020/03/30 17:41:34.436] - eth_blockNumber
[2020/03/30 17:41:36.424] - net_version
[2020/03/30 17:41:40.915] - eth_blockNumber
[2020/03/30 17:41:54.456] - eth_blockNumber
[2020/03/30 17:42:00.939] - eth_blockNumber
[2020/03/30 17:42:14.502] - eth_blockNumber
[2020/03/30 17:42:20.997] - eth_blockNumber
[2020/03/30 17:42:34.515] - eth_blockNumber
[2020/03/30 17:42:41.008] - eth_blockNumber
[2020/03/30 17:42:54.529] - eth_blockNumber
[2020/03/30 17:43:01.022] - eth_blockNumber
[2020/03/30 17:43:14.543] - eth_blockNumber
[2020/03/30 17:43:21.038] - eth_blockNumber
[2020/03/30 17:43:33.594] - net_version
[2020/03/30 17:43:34.560] - eth_blockNumber
[2020/03/30 17:43:41.054] - eth_blockNumber
[2020/03/30 17:43:54.567] - eth_blockNumber
[2020/03/30 17:44:01.075] - eth_blockNumber
[2020/03/30 17:44:14.579] - eth_blockNumber
[2020/03/30 17:44:21.087] - eth_blockNumber
[2020/03/30 17:44:34.594] - eth_blockNumber
[2020/03/30 17:44:41.103] - eth_blockNumber
[2020/03/30 17:44:54.620] - eth_blockNumber
[2020/03/30 17:45:01.119] - eth_blockNumber
[2020/03/30 17:45:14.642] - eth_blockNumber
[2020/03/30 17:45:21.138] - eth_blockNumber
[2020/03/30 17:45:34.667] - eth_blockNumber
[2020/03/30 17:45:41.153] - eth_blockNumber
[2020/03/30 17:45:54.685] - eth_blockNumber
[2020/03/30 17:46:01.164] - eth_blockNumber
[2020/03/30 17:46:14.702] - eth_blockNumber
[2020/03/30 17:46:21.174] - eth_blockNumber
[2020/03/30 17:46:34.717] - eth_blockNumber
[2020/03/30 17:46:41.184] - eth_blockNumber
[2020/03/30 17:46:54.734] - eth_blockNumber
[2020/03/30 17:47:01.198] - eth_blockNumber
[2020/03/30 17:47:14.763] - eth_blockNumber
[2020/03/30 17:47:21.214] - eth_blockNumber
[2020/03/30 17:47:34.778] - eth_blockNumber
[2020/03/30 17:47:41.231] - eth_blockNumber
[2020/03/30 17:47:54.794] - eth_blockNumber
[2020/03/30 17:47:57.226] - net_version
[2020/03/30 17:48:01.251] - eth_blockNumber
[2020/03/30 17:48:14.806] - eth_blockNumber
[2020/03/30 17:48:21.279] - eth_blockNumber
[2020/03/30 17:48:28.160] - net_version
[2020/03/30 17:48:34.826] - eth_blockNumber
[2020/03/30 17:48:41.309] - eth_blockNumber
[2020/03/30 17:48:54.852] - eth_blockNumber
[2020/03/30 17:49:01.324] - eth_blockNumber
[2020/03/30 17:49:14.878] - eth_blockNumber
[2020/03/30 17:49:21.336] - eth_blockNumber
[2020/03/30 17:49:34.896] - eth_blockNumber
[2020/03/30 17:49:41.346] - eth_blockNumber
[2020/03/30 17:49:54.910] - eth_blockNumber
[2020/03/30 17:50:01.361] - eth_blockNumber
[2020/03/30 17:50:14.930] - eth_blockNumber
[2020/03/30 17:50:21.376] - eth_blockNumber
[2020/03/30 17:50:29.112] - net_version
[2020/03/30 17:50:34.939] - eth_blockNumber
[2020/03/30 17:50:41.385] - eth_blockNumber
[2020/03/30 17:50:54.954] - eth_blockNumber
[2020/03/30 17:51:01.401] - eth_blockNumber
[2020/03/30 17:51:14.970] - eth_blockNumber
[2020/03/30 17:51:21.412] - eth_blockNumber
[2020/03/30 17:51:34.985] - eth_blockNumber
[2020/03/30 17:51:41.423] - eth_blockNumber
[2020/03/30 17:51:54.998] - eth_blockNumber
[2020/03/30 17:52:01.434] - eth_blockNumber
[2020/03/30 17:52:15.010] - eth_blockNumber
[2020/03/30 17:52:21.443] - eth_blockNumber
[2020/03/30 17:52:35.024] - eth_blockNumber
[2020/03/30 17:52:41.457] - eth_blockNumber
[2020/03/30 17:52:55.037] - eth_blockNumber
[2020/03/30 17:53:01.478] - eth_blockNumber
[2020/03/30 17:53:15.049] - eth_blockNumber
[2020/03/30 17:53:21.491] - eth_blockNumber
[2020/03/30 17:53:35.069] - eth_blockNumber
[2020/03/30 17:53:41.509] - eth_blockNumber
[2020/03/30 17:53:55.086] - eth_blockNumber
[2020/03/30 17:54:01.532] - eth_blockNumber
[2020/03/30 17:54:15.097] - eth_blockNumber
[2020/03/30 17:54:21.542] - eth_blockNumber
[2020/03/30 17:54:35.115] - eth_blockNumber
[2020/03/30 17:54:41.554] - eth_blockNumber
[2020/03/30 17:54:55.127] - eth_blockNumber
[2020/03/30 17:55:01.567] - eth_blockNumber
[2020/03/30 17:55:15.138] - eth_blockNumber
[2020/03/30 17:55:21.577] - eth_blockNumber
[2020/03/30 17:55:35.147] - eth_blockNumber
[2020/03/30 17:55:41.585] - eth_blockNumber
[2020/03/30 17:55:55.156] - eth_blockNumber
[2020/03/30 17:56:01.597] - eth_blockNumber
[2020/03/30 17:56:15.168] - eth_blockNumber
[2020/03/30 17:56:21.610] - eth_blockNumber
[2020/03/30 17:56:35.180] - eth_blockNumber
[2020/03/30 17:56:41.622] - eth_blockNumber
[2020/03/30 17:56:55.191] - eth_blockNumber
[2020/03/30 17:57:01.642] - eth_blockNumber
[2020/03/30 17:57:15.203] - eth_blockNumber
[2020/03/30 17:57:21.656] - eth_blockNumber
[2020/03/30 17:57:35.215] - eth_blockNumber
[2020/03/30 17:57:41.674] - eth_blockNumber
[2020/03/30 17:57:55.235] - eth_blockNumber
[2020/03/30 17:58:01.703] - eth_blockNumber
[2020/03/30 17:58:15.252] - eth_blockNumber
[2020/03/30 17:58:21.720] - eth_blockNumber
[2020/03/30 17:58:35.268] - eth_blockNumber
[2020/03/30 17:58:41.731] - eth_blockNumber
[2020/03/30 17:58:55.323] - eth_blockNumber
[2020/03/30 17:59:01.742] - eth_blockNumber
[2020/03/30 17:59:15.339] - eth_blockNumber
[2020/03/30 17:59:21.750] - eth_blockNumber
[2020/03/30 17:59:35.351] - eth_blockNumber
[2020/03/30 17:59:41.759] - eth_blockNumber
[2020/03/30 17:59:55.365] - eth_blockNumber
[2020/03/30 18:00:01.771] - eth_blockNumber
[2020/03/30 18:00:15.380] - eth_blockNumber
[2020/03/30 18:00:21.786] - eth_blockNumber
[2020/03/30 18:00:35.390] - eth_blockNumber
[2020/03/30 18:00:41.798] - eth_blockNumber
[2020/03/30 18:00:55.401] - eth_blockNumber
[2020/03/30 18:01:01.815] - eth_blockNumber
[2020/03/30 18:01:15.411] - eth_blockNumber
[2020/03/30 18:01:21.836] - eth_blockNumber
[2020/03/30 18:01:35.432] - eth_blockNumber
[2020/03/30 18:01:41.849] - eth_blockNumber
[2020/03/30 18:01:55.457] - eth_blockNumber
[2020/03/30 18:02:01.867] - eth_blockNumber
[2020/03/30 18:02:15.483] - eth_blockNumber
[2020/03/30 18:02:21.885] - eth_blockNumber
[2020/03/30 18:02:35.501] - eth_blockNumber
[2020/03/30 18:02:41.899] - eth_blockNumber
[2020/03/30 18:02:55.512] - eth_blockNumber
[2020/03/30 18:03:01.915] - eth_blockNumber
[2020/03/30 18:03:15.523] - eth_blockNumber
[2020/03/30 18:03:21.933] - eth_blockNumber
[2020/03/30 18:03:35.532] - eth_blockNumber
[2020/03/30 18:03:41.943] - eth_blockNumber
[2020/03/30 18:03:55.653] - eth_blockNumber
[2020/03/30 18:04:01.954] - eth_blockNumber
[2020/03/30 18:04:15.689] - eth_blockNumber
[2020/03/30 18:04:21.962] - eth_blockNumber
[2020/03/30 18:04:35.730] - eth_blockNumber
[2020/03/30 18:04:41.976] - eth_blockNumber
[2020/03/30 18:04:43.596] - net_version
[2020/03/30 18:04:55.738] - eth_blockNumber
[2020/03/30 18:05:01.993] - eth_blockNumber
[2020/03/30 18:05:15.753] - eth_blockNumber
[2020/03/30 18:05:22.007] - eth_blockNumber
[2020/03/30 18:05:29.286] - eth_blockNumber
[2020/03/30 18:05:35.769] - eth_blockNumber
[2020/03/30 18:05:42.022] - eth_blockNumber
[2020/03/30 18:05:55.782] - eth_blockNumber
[2020/03/30 18:06:02.035] - eth_blockNumber
[2020/03/30 18:06:11.932] - net_version
[2020/03/30 18:06:15.817] - eth_blockNumber
[2020/03/30 18:06:22.049] - eth_blockNumber
[2020/03/30 18:06:35.856] - eth_blockNumber
[2020/03/30 18:06:42.060] - eth_blockNumber
[2020/03/30 18:06:55.877] - eth_blockNumber
[2020/03/30 18:07:02.069] - eth_blockNumber
[2020/03/30 18:07:15.892] - eth_blockNumber
[2020/03/30 18:07:22.079] - eth_blockNumber
[2020/03/30 18:07:35.921] - eth_blockNumber
[2020/03/30 18:07:42.107] - eth_blockNumber
[2020/03/30 18:07:48.918] - eth_getBalance
[2020/03/30 18:07:49.374] - net_version
[2020/03/30 18:07:49.381] - eth_getCode
[2020/03/30 18:07:49.391] - eth_getBlockByNumber
[2020/03/30 18:07:49.395] - eth_getBalance
[2020/03/30 18:07:49.398] - eth_getTransactionCount
[2020/03/30 18:07:49.414] - eth_getStorageAt
[2020/03/30 18:07:55.938] - eth_blockNumber
[2020/03/30 18:08:02.135] - eth_blockNumber
[2020/03/30 18:08:15.955] - eth_blockNumber
[2020/03/30 18:08:20.032] - eth_blockNumber
[2020/03/30 18:08:20.035] - net_version
[2020/03/30 18:08:20.051] - eth_getBlockByNumber
[2020/03/30 18:08:20.061] - eth_getBlockByNumber
[2020/03/30 18:08:24.448] - eth_getBalance
[2020/03/30 18:08:25.436] - net_version
[2020/03/30 18:08:33.774] - eth_getTransactionCount
[2020/03/30 18:08:35.967] - eth_blockNumber
[2020/03/30 18:08:36.750] - eth_blockNumber
[2020/03/30 18:08:40.054] - eth_blockNumber
[2020/03/30 18:08:44.227] - eth_call
[2020/03/30 18:08:44.391] - eth_call
[2020/03/30 18:08:44.396] - eth_call
[2020/03/30 18:08:44.401] - eth_call
[2020/03/30 18:08:44.401] - eth_call
[2020/03/30 18:08:44.583] - eth_call
[2020/03/30 18:08:55.979] - eth_blockNumber
[2020/03/30 18:09:00.076] - eth_blockNumber
[2020/03/30 18:09:15.998] - eth_blockNumber
[2020/03/30 18:09:20.086] - eth_blockNumber
[2020/03/30 18:09:36.015] - eth_blockNumber
[2020/03/30 18:09:40.102] - eth_blockNumber
[2020/03/30 18:09:56.032] - eth_blockNumber
[2020/03/30 18:10:00.118] - eth_blockNumber
[2020/03/30 18:10:16.057] - eth_blockNumber
[2020/03/30 18:10:20.129] - eth_blockNumber
[2020/03/30 18:10:36.071] - eth_blockNumber
[2020/03/30 18:10:40.142] - eth_blockNumber
[2020/03/30 18:10:56.083] - eth_blockNumber
[2020/03/30 18:11:00.164] - eth_blockNumber
[2020/03/30 18:11:16.104] - eth_blockNumber
[2020/03/30 18:11:20.185] - eth_blockNumber
[2020/03/30 18:11:36.122] - eth_blockNumber
[2020/03/30 18:11:40.197] - eth_blockNumber
[2020/03/30 18:11:56.136] - eth_blockNumber
[2020/03/30 18:12:00.211] - eth_blockNumber
[2020/03/30 18:12:16.160] - eth_blockNumber
[2020/03/30 18:12:20.223] - eth_blockNumber
[2020/03/30 18:12:36.170] - eth_blockNumber
[2020/03/30 18:12:40.240] - eth_blockNumber
[2020/03/30 18:12:56.182] - eth_blockNumber
[2020/03/30 18:13:00.253] - eth_blockNumber
[2020/03/30 18:13:16.196] - eth_blockNumber
[2020/03/30 18:13:20.265] - eth_blockNumber
[2020/03/30 18:13:36.207] - eth_blockNumber
[2020/03/30 18:13:40.278] - eth_blockNumber
[2020/03/30 18:13:56.219] - eth_blockNumber
[2020/03/30 18:14:00.293] - eth_blockNumber
[2020/03/30 18:14:16.233] - eth_blockNumber
[2020/03/30 18:14:20.303] - eth_blockNumber
[2020/03/30 18:14:36.248] - eth_blockNumber
[2020/03/30 18:14:40.329] - eth_blockNumber
[2020/03/30 18:14:56.263] - eth_blockNumber
[2020/03/30 18:15:00.346] - eth_blockNumber
[2020/03/30 18:15:01.870] - eth_unsubscribe
[2020/03/30 18:15:01.871] - eth_unsubscribe
