[2020/03/19 05:07:14.165] - Starting server (version 2.1.2) with initial configuration: {"gasLimit":6721975,"gasPrice":20000000000,"hardfork":"petersburg","hostname":"127.0.0.1","port":7545,"network_id":5777,"default_balance_ether":100,"total_accounts":10,"unlocked_accounts":[],"locked":false,"vmErrorsOnRPCResponse":true,"verbose":false,"db_path":"/home/nash/.config/Ganache/workspaces/identity-wallet/chaindata","logDirectory":"/home/nash/Documents/Projects/Blockchain/Project/identity-wallet/wallet-web-app/logs"}
[2020/03/19 05:07:14.790] - eth_subscribe
[2020/03/19 05:07:14.799] - eth_getLogs
[2020/03/19 05:07:14.801] - eth_subscribe
[2020/03/19 05:07:14.811] - eth_getCode
[2020/03/19 05:07:14.887] - eth_getCode
[2020/03/19 05:07:14.910] - eth_getCode
[2020/03/19 05:07:14.925] - eth_getCode
[2020/03/19 05:07:15.802] - eth_blockNumber
[2020/03/19 05:07:15.802] - eth_accounts
[2020/03/19 05:07:15.803] - eth_gasPrice
[2020/03/19 05:07:15.803] - eth_getBlockByNumber
[2020/03/19 05:07:15.804] - eth_subscribe
[2020/03/19 05:07:16.024] - eth_accounts
[2020/03/19 05:07:16.057] - eth_blockNumber
[2020/03/19 05:07:16.447] - eth_getBalance
[2020/03/19 05:07:16.502] - eth_getTransactionCount
[2020/03/19 05:07:16.604] - eth_getBalance
[2020/03/19 05:07:16.746] - eth_getTransactionCount
[2020/03/19 05:07:16.823] - eth_getBalance
[2020/03/19 05:07:16.878] - eth_getTransactionCount
[2020/03/19 05:07:16.921] - eth_getBalance
[2020/03/19 05:07:16.978] - eth_getTransactionCount
[2020/03/19 05:07:17.019] - eth_getBalance
[2020/03/19 05:07:17.062] - eth_getTransactionCount
[2020/03/19 05:07:17.109] - eth_getBalance
[2020/03/19 05:07:17.154] - eth_getTransactionCount
[2020/03/19 05:07:17.187] - eth_getBalance
[2020/03/19 05:07:17.232] - eth_getTransactionCount
[2020/03/19 05:07:17.278] - eth_getBalance
[2020/03/19 05:07:17.322] - eth_getTransactionCount
[2020/03/19 05:07:17.368] - eth_getBalance
[2020/03/19 05:07:17.402] - eth_getTransactionCount
[2020/03/19 05:07:17.449] - eth_getBalance
[2020/03/19 05:07:17.501] - eth_getTransactionCount
[2020/03/19 05:07:18.331] - eth_getBalance
[2020/03/19 05:07:18.361] - eth_getTransactionCount
[2020/03/19 05:07:18.382] - eth_getBalance
[2020/03/19 05:07:18.412] - eth_getTransactionCount
[2020/03/19 05:07:18.443] - eth_getBalance
[2020/03/19 05:07:18.473] - eth_getTransactionCount
[2020/03/19 05:07:18.503] - eth_getBalance
[2020/03/19 05:07:18.533] - eth_getTransactionCount
[2020/03/19 05:07:18.554] - eth_getBalance
[2020/03/19 05:07:18.585] - eth_getTransactionCount
[2020/03/19 05:07:18.615] - eth_getBalance
[2020/03/19 05:07:18.653] - eth_getTransactionCount
[2020/03/19 05:07:18.684] - eth_getBalance
[2020/03/19 05:07:18.707] - eth_getTransactionCount
[2020/03/19 05:07:18.736] - eth_getBalance
[2020/03/19 05:07:18.768] - eth_getTransactionCount
[2020/03/19 05:07:18.797] - eth_getBalance
[2020/03/19 05:07:18.828] - eth_getTransactionCount
[2020/03/19 05:07:18.851] - eth_getBalance
[2020/03/19 05:07:18.881] - eth_getTransactionCount
[2020/03/19 05:07:36.091] - eth_blockNumber
[2020/03/19 05:07:51.448] - net_version
[2020/03/19 05:07:51.454] - eth_blockNumber
[2020/03/19 05:07:51.458] - net_version
[2020/03/19 05:07:52.146] - eth_getBlockByNumber
[2020/03/19 05:07:52.156] - eth_getBlockByNumber
[2020/03/19 05:07:52.173] - eth_getBlockByNumber
[2020/03/19 05:07:52.178] - eth_getBlockByNumber
[2020/03/19 05:07:52.182] - eth_getBlockByNumber
[2020/03/19 05:07:52.188] - eth_getBlockByNumber
[2020/03/19 05:07:52.192] - eth_getBlockByNumber
[2020/03/19 05:07:52.224] - eth_getBlockByNumber
[2020/03/19 05:07:52.268] - eth_getBlockByNumber
[2020/03/19 05:07:52.277] - eth_getBlockByNumber
[2020/03/19 05:07:52.290] - eth_getBlockByNumber
[2020/03/19 05:07:52.299] - eth_getBlockByNumber
[2020/03/19 05:07:52.353] - eth_getBlockByNumber
[2020/03/19 05:07:52.408] - eth_getBlockByNumber
[2020/03/19 05:07:52.446] - eth_getBlockByNumber
[2020/03/19 05:07:52.466] - eth_getBlockByNumber
[2020/03/19 05:07:52.506] - eth_getBlockByNumber
[2020/03/19 05:07:52.537] - eth_getBlockByNumber
[2020/03/19 05:07:52.575] - eth_getBlockByNumber
[2020/03/19 05:07:52.607] - eth_getBlockByNumber
[2020/03/19 05:07:52.634] - eth_getBlockByNumber
[2020/03/19 05:07:52.669] - eth_getBlockByNumber
[2020/03/19 05:07:52.695] - eth_getBlockByNumber
[2020/03/19 05:07:52.722] - eth_getBlockByNumber
[2020/03/19 05:07:52.758] - eth_getBlockByNumber
[2020/03/19 05:07:52.794] - eth_getBlockByNumber
[2020/03/19 05:07:52.816] - eth_getBlockByNumber
[2020/03/19 05:07:52.830] - eth_getBlockByNumber
[2020/03/19 05:07:52.908] - eth_getBlockByNumber
[2020/03/19 05:07:52.952] - eth_getBlockByNumber
[2020/03/19 05:07:53.092] - eth_getBlockByNumber
[2020/03/19 05:07:53.140] - eth_getBlockByNumber
[2020/03/19 05:07:53.195] - eth_getBlockByNumber
[2020/03/19 05:07:53.237] - eth_getBlockByNumber
[2020/03/19 05:07:53.282] - eth_getBlockByNumber
[2020/03/19 05:07:53.318] - eth_getBlockByNumber
[2020/03/19 05:07:53.343] - eth_getBlockByNumber
[2020/03/19 05:07:53.369] - eth_getBlockByNumber
[2020/03/19 05:07:53.405] - eth_getBlockByNumber
[2020/03/19 05:07:53.430] - eth_getBlockByNumber
[2020/03/19 05:07:53.475] - eth_getBlockByNumber
[2020/03/19 05:07:56.110] - eth_blockNumber
[2020/03/19 05:08:12.289] - eth_blockNumber
[2020/03/19 05:08:16.121] - eth_blockNumber
[2020/03/19 05:08:32.296] - eth_blockNumber
[2020/03/19 05:08:36.146] - eth_blockNumber
[2020/03/19 05:08:52.308] - eth_blockNumber
[2020/03/19 05:08:56.155] - eth_blockNumber
[2020/03/19 05:09:00.464] - eth_getBalance
[2020/03/19 05:09:02.629] - net_version
[2020/03/19 05:09:02.924] - eth_getLogs
[2020/03/19 05:09:02.954] - eth_getLogs
[2020/03/19 05:09:02.979] - eth_getLogs
[2020/03/19 05:09:02.997] - eth_getLogs
[2020/03/19 05:09:03.021] - eth_call
[2020/03/19 05:09:04.386] - eth_call
[2020/03/19 05:09:04.390] - eth_call
[2020/03/19 05:09:04.393] - eth_call
[2020/03/19 05:09:04.396] - eth_call
[2020/03/19 05:09:04.405] - eth_call
[2020/03/19 05:09:04.408] - eth_call
[2020/03/19 05:09:04.466] - eth_call
[2020/03/19 05:09:04.526] - eth_call
[2020/03/19 05:09:04.669] - eth_call
[2020/03/19 05:09:12.324] - eth_blockNumber
[2020/03/19 05:09:16.162] - eth_blockNumber
[2020/03/19 05:09:32.334] - eth_blockNumber
[2020/03/19 05:09:36.176] - eth_blockNumber
[2020/03/19 05:09:52.347] - eth_blockNumber
[2020/03/19 05:09:56.189] - eth_blockNumber
[2020/03/19 05:10:03.212] - net_version
[2020/03/19 05:10:12.361] - eth_blockNumber
[2020/03/19 05:10:16.201] - eth_blockNumber
[2020/03/19 05:10:32.377] - eth_blockNumber
[2020/03/19 05:10:36.220] - eth_blockNumber
[2020/03/19 05:10:52.404] - eth_blockNumber
[2020/03/19 05:10:56.237] - eth_blockNumber
[2020/03/19 05:11:12.476] - eth_blockNumber
[2020/03/19 05:11:16.250] - eth_blockNumber
[2020/03/19 05:11:32.489] - eth_blockNumber
[2020/03/19 05:11:36.261] - eth_blockNumber
[2020/03/19 05:11:52.507] - eth_blockNumber
[2020/03/19 05:11:56.275] - eth_blockNumber
[2020/03/19 05:11:58.511] - net_version
[2020/03/19 05:12:12.533] - eth_blockNumber
[2020/03/19 05:12:16.286] - eth_blockNumber
[2020/03/19 05:12:32.542] - eth_blockNumber
[2020/03/19 05:12:36.297] - eth_blockNumber
[2020/03/19 05:12:52.548] - eth_blockNumber
[2020/03/19 05:12:56.308] - eth_blockNumber
[2020/03/19 05:13:12.557] - eth_blockNumber
[2020/03/19 05:13:16.320] - eth_blockNumber
[2020/03/19 05:13:32.569] - eth_blockNumber
[2020/03/19 05:13:36.335] - eth_blockNumber
[2020/03/19 05:13:52.582] - eth_blockNumber
[2020/03/19 05:13:56.351] - eth_blockNumber
[2020/03/19 05:13:59.196] - net_version
[2020/03/19 05:14:12.597] - eth_blockNumber
[2020/03/19 05:14:16.377] - eth_blockNumber
[2020/03/19 05:14:32.621] - eth_blockNumber
[2020/03/19 05:14:36.391] - eth_blockNumber
[2020/03/19 05:14:52.636] - eth_blockNumber
[2020/03/19 05:14:56.406] - eth_blockNumber
[2020/03/19 05:15:13.283] - eth_blockNumber
[2020/03/19 05:15:16.420] - eth_blockNumber
[2020/03/19 05:15:35.841] - eth_blockNumber
[2020/03/19 05:15:36.427] - eth_blockNumber
[2020/03/19 05:15:56.130] - eth_blockNumber
[2020/03/19 05:15:56.434] - eth_blockNumber
[2020/03/19 05:16:16.339] - eth_blockNumber
[2020/03/19 05:16:16.440] - eth_blockNumber
[2020/03/19 05:16:36.347] - eth_blockNumber
[2020/03/19 05:16:36.447] - eth_blockNumber
[2020/03/19 05:16:56.389] - eth_blockNumber
[2020/03/19 05:16:56.506] - eth_blockNumber
[2020/03/19 05:17:05.383] - net_version
[2020/03/19 05:17:16.544] - eth_blockNumber
[2020/03/19 05:17:16.734] - eth_blockNumber
[2020/03/19 05:17:36.564] - eth_blockNumber
[2020/03/19 05:17:36.743] - eth_blockNumber
[2020/03/19 05:17:56.578] - eth_blockNumber
[2020/03/19 05:17:56.756] - eth_blockNumber
[2020/03/19 05:18:16.595] - eth_blockNumber
[2020/03/19 05:18:16.767] - eth_blockNumber
[2020/03/19 05:18:36.617] - eth_blockNumber
[2020/03/19 05:18:36.781] - eth_blockNumber
[2020/03/19 05:18:44.476] - net_version
[2020/03/19 05:18:56.634] - eth_blockNumber
[2020/03/19 05:18:56.792] - eth_blockNumber
[2020/03/19 05:19:16.659] - eth_blockNumber
[2020/03/19 05:19:16.816] - eth_blockNumber
[2020/03/19 05:19:36.698] - eth_blockNumber
[2020/03/19 05:19:36.852] - eth_blockNumber
[2020/03/19 05:19:56.704] - eth_blockNumber
[2020/03/19 05:19:56.859] - eth_blockNumber
[2020/03/19 05:20:14.919] - net_version
[2020/03/19 05:20:16.711] - eth_blockNumber
[2020/03/19 05:20:16.867] - eth_blockNumber
[2020/03/19 05:20:36.725] - eth_blockNumber
[2020/03/19 05:20:36.890] - eth_blockNumber
[2020/03/19 05:20:56.750] - eth_blockNumber
[2020/03/19 05:20:56.932] - eth_blockNumber
[2020/03/19 05:21:16.778] - eth_blockNumber
[2020/03/19 05:21:16.988] - eth_blockNumber
[2020/03/19 05:21:36.785] - eth_blockNumber
[2020/03/19 05:21:37.053] - eth_blockNumber
[2020/03/19 05:21:56.798] - eth_blockNumber
[2020/03/19 05:21:57.072] - eth_blockNumber
[2020/03/19 05:22:16.820] - eth_blockNumber
[2020/03/19 05:22:17.093] - eth_blockNumber
[2020/03/19 05:22:21.901] - eth_getTransactionCount
[2020/03/19 05:22:29.453] - eth_getBlockByNumber
[2020/03/19 05:22:29.773] - eth_getTransactionReceipt
[2020/03/19 05:22:30.231] - eth_getBlockByNumber
[2020/03/19 05:22:30.581] - eth_getTransactionReceipt
[2020/03/19 05:22:30.737] - eth_getBlockByNumber
[2020/03/19 05:22:30.842] - eth_getTransactionReceipt
[2020/03/19 05:22:30.982] - eth_getBlockByNumber
[2020/03/19 05:22:31.092] - eth_getTransactionReceipt
[2020/03/19 05:22:31.244] - eth_getBlockByNumber
[2020/03/19 05:22:31.340] - eth_getTransactionReceipt
[2020/03/19 05:22:31.506] - eth_getBlockByNumber
[2020/03/19 05:22:31.606] - eth_getTransactionReceipt
[2020/03/19 05:22:31.741] - eth_getBlockByNumber
[2020/03/19 05:22:31.833] - eth_getTransactionReceipt
[2020/03/19 05:22:31.947] - eth_getBlockByNumber
[2020/03/19 05:22:32.092] - eth_getTransactionReceipt
[2020/03/19 05:22:32.271] - eth_getBlockByNumber
[2020/03/19 05:22:32.377] - eth_getTransactionReceipt
[2020/03/19 05:22:32.521] - eth_getBlockByNumber
[2020/03/19 05:22:32.617] - eth_getTransactionReceipt
[2020/03/19 05:22:32.753] - eth_getBlockByNumber
[2020/03/19 05:22:32.866] - eth_getTransactionReceipt
[2020/03/19 05:22:34.152] - eth_getBalance
[2020/03/19 05:22:34.291] - eth_getTransactionByHash
[2020/03/19 05:22:34.517] - eth_getTransactionByHash
[2020/03/19 05:22:34.799] - eth_getTransactionByHash
[2020/03/19 05:22:35.017] - eth_getTransactionByHash
[2020/03/19 05:22:35.201] - eth_getTransactionByHash
[2020/03/19 05:22:35.455] - eth_getBlockByNumber
[2020/03/19 05:22:36.109] - net_version
[2020/03/19 05:22:36.115] - eth_getCode
[2020/03/19 05:22:36.268] - eth_getBlockByNumber
[2020/03/19 05:22:36.839] - eth_blockNumber
[2020/03/19 05:22:37.150] - net_version
[2020/03/19 05:22:37.158] - eth_getCode
[2020/03/19 05:22:37.357] - eth_getBlockByNumber
[2020/03/19 05:22:37.757] - eth_blockNumber
[2020/03/19 05:22:38.016] - net_version
[2020/03/19 05:22:38.021] - eth_getCode
[2020/03/19 05:22:38.271] - eth_getBlockByNumber
[2020/03/19 05:22:38.898] - net_version
[2020/03/19 05:22:38.916] - eth_getCode
[2020/03/19 05:22:39.421] - net_version
[2020/03/19 05:22:39.424] - eth_getCode
[2020/03/19 05:22:39.429] - eth_getBlockByNumber
[2020/03/19 05:22:39.434] - eth_getBalance
[2020/03/19 05:22:39.437] - eth_getTransactionCount
[2020/03/19 05:22:39.452] - eth_getStorageAt
[2020/03/19 05:22:39.477] - eth_getStorageAt
[2020/03/19 05:22:47.194] - net_version
[2020/03/19 05:22:47.197] - eth_getCode
[2020/03/19 05:22:47.479] - net_version
[2020/03/19 05:22:47.481] - eth_getCode
[2020/03/19 05:22:52.967] - net_version
[2020/03/19 05:22:52.971] - eth_getCode
[2020/03/19 05:22:53.433] - net_version
[2020/03/19 05:22:53.436] - eth_getCode
[2020/03/19 05:22:53.849] - net_version
[2020/03/19 05:22:53.854] - eth_getCode
[2020/03/19 05:22:54.315] - net_version
[2020/03/19 05:22:54.320] - eth_getCode
[2020/03/19 05:22:54.742] - net_version
[2020/03/19 05:22:54.750] - eth_getCode
[2020/03/19 05:22:54.753] - eth_getBlockByNumber
[2020/03/19 05:22:54.760] - eth_getBalance
[2020/03/19 05:22:54.767] - eth_getTransactionCount
[2020/03/19 05:22:54.773] - eth_getStorageAt
[2020/03/19 05:22:54.777] - eth_getStorageAt
[2020/03/19 05:22:56.865] - eth_blockNumber
[2020/03/19 05:22:57.256] - net_version
[2020/03/19 05:22:57.259] - eth_getCode
[2020/03/19 05:22:57.846] - eth_blockNumber
[2020/03/19 05:23:00.540] - net_version
[2020/03/19 05:23:00.544] - eth_getCode
[2020/03/19 05:23:01.055] - net_version
[2020/03/19 05:23:01.060] - eth_getCode
[2020/03/19 05:23:01.459] - net_version
[2020/03/19 05:23:01.462] - eth_getCode
[2020/03/19 05:23:01.973] - net_version
[2020/03/19 05:23:01.977] - eth_getCode
[2020/03/19 05:23:02.426] - net_version
[2020/03/19 05:23:02.430] - eth_getCode
[2020/03/19 05:23:02.438] - eth_getBlockByNumber
[2020/03/19 05:23:02.443] - eth_getBalance
[2020/03/19 05:23:02.450] - eth_getTransactionCount
[2020/03/19 05:23:02.457] - eth_getStorageAt
[2020/03/19 05:23:02.465] - eth_getStorageAt
[2020/03/19 05:23:05.452] - net_version
[2020/03/19 05:23:05.455] - eth_getCode
[2020/03/19 05:23:05.954] - net_version
[2020/03/19 05:23:05.956] - eth_getCode
[2020/03/19 05:23:10.535] - net_version
[2020/03/19 05:23:10.540] - eth_getCode
[2020/03/19 05:23:11.028] - net_version
[2020/03/19 05:23:11.033] - eth_getCode
[2020/03/19 05:23:11.462] - net_version
[2020/03/19 05:23:11.467] - eth_getCode
[2020/03/19 05:23:11.897] - net_version
[2020/03/19 05:23:11.901] - eth_getCode
[2020/03/19 05:23:12.335] - net_version
[2020/03/19 05:23:12.339] - eth_getCode
[2020/03/19 05:23:12.344] - eth_getBlockByNumber
[2020/03/19 05:23:12.353] - eth_getBalance
[2020/03/19 05:23:12.357] - eth_getTransactionCount
[2020/03/19 05:23:12.363] - eth_getStorageAt
[2020/03/19 05:23:12.372] - eth_getStorageAt
[2020/03/19 05:23:16.882] - eth_blockNumber
[2020/03/19 05:23:17.861] - eth_blockNumber
[2020/03/19 05:23:18.526] - net_version
[2020/03/19 05:23:18.529] - eth_getCode
[2020/03/19 05:23:23.316] - net_version
[2020/03/19 05:23:23.324] - eth_getCode
[2020/03/19 05:23:23.781] - net_version
[2020/03/19 05:23:23.786] - eth_getCode
[2020/03/19 05:23:24.206] - net_version
[2020/03/19 05:23:24.212] - eth_getCode
[2020/03/19 05:23:24.622] - net_version
[2020/03/19 05:23:24.628] - eth_getCode
[2020/03/19 05:23:25.096] - net_version
[2020/03/19 05:23:25.101] - eth_getCode
[2020/03/19 05:23:25.106] - eth_getBlockByNumber
[2020/03/19 05:23:25.114] - eth_getBalance
[2020/03/19 05:23:25.119] - eth_getTransactionCount
[2020/03/19 05:23:25.126] - eth_getStorageAt
[2020/03/19 05:23:25.134] - eth_getStorageAt
[2020/03/19 05:23:31.355] - net_version
[2020/03/19 05:23:31.358] - eth_getCode
[2020/03/19 05:23:35.034] - net_version
[2020/03/19 05:23:35.041] - eth_getCode
[2020/03/19 05:23:35.446] - net_version
[2020/03/19 05:23:35.451] - eth_getCode
[2020/03/19 05:23:35.930] - net_version
[2020/03/19 05:23:35.936] - eth_getCode
[2020/03/19 05:23:36.397] - net_version
[2020/03/19 05:23:36.404] - eth_getCode
[2020/03/19 05:23:36.893] - net_version
[2020/03/19 05:23:36.896] - eth_blockNumber
[2020/03/19 05:23:36.899] - eth_getCode
[2020/03/19 05:23:36.912] - eth_getBlockByNumber
[2020/03/19 05:23:36.919] - eth_getBalance
[2020/03/19 05:23:36.927] - eth_getTransactionCount
[2020/03/19 05:23:36.932] - eth_getStorageAt
[2020/03/19 05:23:36.945] - eth_getStorageAt
[2020/03/19 05:23:37.876] - eth_blockNumber
[2020/03/19 05:23:56.908] - eth_blockNumber
[2020/03/19 05:23:57.888] - eth_blockNumber
[2020/03/19 05:24:16.917] - eth_blockNumber
[2020/03/19 05:24:17.930] - eth_blockNumber
[2020/03/19 05:24:36.931] - eth_blockNumber
[2020/03/19 05:24:37.942] - eth_blockNumber
[2020/03/19 05:24:56.940] - eth_blockNumber
[2020/03/19 05:24:57.961] - eth_blockNumber
[2020/03/19 05:25:16.951] - eth_blockNumber
[2020/03/19 05:25:17.980] - eth_blockNumber
[2020/03/19 05:25:36.972] - eth_blockNumber
[2020/03/19 05:25:38.191] - eth_blockNumber
[2020/03/19 05:25:57.006] - eth_blockNumber
[2020/03/19 05:25:58.210] - eth_blockNumber
[2020/03/19 05:26:17.019] - eth_blockNumber
[2020/03/19 05:26:18.234] - eth_blockNumber
[2020/03/19 05:26:37.037] - eth_blockNumber
[2020/03/19 05:26:38.245] - eth_blockNumber
[2020/03/19 05:26:57.056] - eth_blockNumber
[2020/03/19 05:26:58.263] - eth_blockNumber
[2020/03/19 05:27:17.071] - eth_blockNumber
[2020/03/19 05:27:18.280] - eth_blockNumber
[2020/03/19 05:27:37.087] - eth_blockNumber
[2020/03/19 05:27:38.295] - eth_blockNumber
[2020/03/19 05:27:57.107] - eth_blockNumber
[2020/03/19 05:27:58.316] - eth_blockNumber
[2020/03/19 05:28:17.119] - eth_blockNumber
[2020/03/19 05:28:18.340] - eth_blockNumber
[2020/03/19 05:28:37.130] - eth_blockNumber
[2020/03/19 05:28:38.358] - eth_blockNumber
[2020/03/19 05:28:57.143] - eth_blockNumber
[2020/03/19 05:28:58.372] - eth_blockNumber
[2020/03/19 05:29:17.158] - eth_blockNumber
[2020/03/19 05:29:18.390] - eth_blockNumber
[2020/03/19 05:29:37.173] - eth_blockNumber
[2020/03/19 05:29:38.403] - eth_blockNumber
[2020/03/19 05:29:57.190] - eth_blockNumber
[2020/03/19 05:29:58.418] - eth_blockNumber
[2020/03/19 05:30:17.209] - eth_blockNumber
[2020/03/19 05:30:18.439] - eth_blockNumber
[2020/03/19 05:30:37.224] - eth_blockNumber
[2020/03/19 05:30:38.452] - eth_blockNumber
[2020/03/19 05:30:57.237] - eth_blockNumber
[2020/03/19 05:30:58.473] - eth_blockNumber
[2020/03/19 05:31:17.249] - eth_blockNumber
[2020/03/19 05:31:18.486] - eth_blockNumber
[2020/03/19 05:31:37.263] - eth_blockNumber
[2020/03/19 05:31:38.501] - eth_blockNumber
[2020/03/19 05:31:57.279] - eth_blockNumber
[2020/03/19 05:31:58.523] - eth_blockNumber
[2020/03/19 05:32:17.291] - eth_blockNumber
[2020/03/19 05:32:18.547] - eth_blockNumber
[2020/03/19 05:32:37.307] - eth_blockNumber
[2020/03/19 05:32:38.568] - eth_blockNumber
[2020/03/19 05:32:57.323] - eth_blockNumber
[2020/03/19 05:32:58.586] - eth_blockNumber
[2020/03/19 05:33:17.343] - eth_blockNumber
[2020/03/19 05:33:18.605] - eth_blockNumber
[2020/03/19 05:33:37.362] - eth_blockNumber
[2020/03/19 05:33:38.620] - eth_blockNumber
[2020/03/19 05:33:57.376] - eth_blockNumber
[2020/03/19 05:33:58.639] - eth_blockNumber
[2020/03/19 05:34:17.393] - eth_blockNumber
[2020/03/19 05:34:18.657] - eth_blockNumber
[2020/03/19 05:34:37.405] - eth_blockNumber
[2020/03/19 05:34:38.671] - eth_blockNumber
[2020/03/19 05:34:57.417] - eth_blockNumber
[2020/03/19 05:34:58.690] - eth_blockNumber
[2020/03/19 05:35:17.430] - eth_blockNumber
[2020/03/19 05:35:18.702] - eth_blockNumber
[2020/03/19 05:35:37.446] - eth_blockNumber
[2020/03/19 05:35:38.720] - eth_blockNumber
[2020/03/19 05:35:57.457] - eth_blockNumber
[2020/03/19 05:35:58.733] - eth_blockNumber
[2020/03/19 05:36:17.475] - eth_blockNumber
[2020/03/19 05:36:18.747] - eth_blockNumber
[2020/03/19 05:36:37.487] - eth_blockNumber
[2020/03/19 05:36:38.763] - eth_blockNumber
[2020/03/19 05:36:57.499] - eth_blockNumber
[2020/03/19 05:36:58.774] - eth_blockNumber
[2020/03/19 05:37:17.521] - eth_blockNumber
[2020/03/19 05:37:18.786] - eth_blockNumber
[2020/03/19 05:37:37.545] - eth_blockNumber
[2020/03/19 05:37:38.805] - eth_blockNumber
[2020/03/19 05:37:57.558] - eth_blockNumber
[2020/03/19 05:37:58.822] - eth_blockNumber
[2020/03/19 05:38:17.580] - eth_blockNumber
[2020/03/19 05:38:18.834] - eth_blockNumber
[2020/03/19 05:38:37.592] - eth_blockNumber
[2020/03/19 05:38:38.847] - eth_blockNumber
[2020/03/19 05:38:57.609] - eth_blockNumber
[2020/03/19 05:38:58.863] - eth_blockNumber
[2020/03/19 05:39:17.621] - eth_blockNumber
[2020/03/19 05:39:18.878] - eth_blockNumber
[2020/03/19 05:39:37.638] - eth_blockNumber
[2020/03/19 05:39:38.895] - eth_blockNumber
[2020/03/19 05:39:57.655] - eth_blockNumber
[2020/03/19 05:39:58.909] - eth_blockNumber
[2020/03/19 05:40:17.670] - eth_blockNumber
[2020/03/19 05:40:18.921] - eth_blockNumber
[2020/03/19 05:40:37.687] - eth_blockNumber
[2020/03/19 05:40:38.933] - eth_blockNumber
[2020/03/19 05:40:57.700] - eth_blockNumber
[2020/03/19 05:40:58.950] - eth_blockNumber
[2020/03/19 05:41:17.714] - eth_blockNumber
[2020/03/19 05:41:18.964] - eth_blockNumber
[2020/03/19 05:41:37.728] - eth_blockNumber
[2020/03/19 05:41:38.979] - eth_blockNumber
[2020/03/19 05:41:57.745] - eth_blockNumber
[2020/03/19 05:41:58.992] - eth_blockNumber
[2020/03/19 05:42:17.756] - eth_blockNumber
[2020/03/19 05:42:19.005] - eth_blockNumber
[2020/03/19 05:42:37.771] - eth_blockNumber
[2020/03/19 05:42:39.021] - eth_blockNumber
[2020/03/19 05:42:57.783] - eth_blockNumber
[2020/03/19 05:42:59.032] - eth_blockNumber
[2020/03/19 05:43:17.795] - eth_blockNumber
[2020/03/19 05:43:19.044] - eth_blockNumber
[2020/03/19 05:43:37.806] - eth_blockNumber
[2020/03/19 05:43:39.054] - eth_blockNumber
[2020/03/19 05:43:57.817] - eth_blockNumber
[2020/03/19 05:43:59.065] - eth_blockNumber
[2020/03/19 05:44:17.828] - eth_blockNumber
[2020/03/19 05:44:19.074] - eth_blockNumber
[2020/03/19 05:44:37.838] - eth_blockNumber
[2020/03/19 05:44:39.089] - eth_blockNumber
[2020/03/19 05:44:57.852] - eth_blockNumber
[2020/03/19 05:44:59.099] - eth_blockNumber
[2020/03/19 05:45:17.862] - eth_blockNumber
[2020/03/19 05:45:19.110] - eth_blockNumber
[2020/03/19 05:45:37.871] - eth_blockNumber
[2020/03/19 05:45:39.120] - eth_blockNumber
[2020/03/19 05:45:57.881] - eth_blockNumber
[2020/03/19 05:45:59.132] - eth_blockNumber
[2020/03/19 05:46:17.892] - eth_blockNumber
[2020/03/19 05:46:19.149] - eth_blockNumber
[2020/03/19 05:46:37.899] - eth_blockNumber
[2020/03/19 05:46:39.163] - eth_blockNumber
[2020/03/19 05:46:57.909] - eth_blockNumber
[2020/03/19 05:46:59.174] - eth_blockNumber
[2020/03/19 05:47:17.922] - eth_blockNumber
[2020/03/19 05:47:19.187] - eth_blockNumber
[2020/03/19 05:47:37.934] - eth_blockNumber
[2020/03/19 05:47:39.201] - eth_blockNumber
[2020/03/19 05:47:57.950] - eth_blockNumber
[2020/03/19 05:47:59.211] - eth_blockNumber
[2020/03/19 05:48:17.962] - eth_blockNumber
[2020/03/19 05:48:19.224] - eth_blockNumber
[2020/03/19 05:48:37.970] - eth_blockNumber
[2020/03/19 05:48:39.232] - eth_blockNumber
[2020/03/19 05:48:57.979] - eth_blockNumber
[2020/03/19 05:48:59.243] - eth_blockNumber
[2020/03/19 05:49:17.990] - eth_blockNumber
[2020/03/19 05:49:19.253] - eth_blockNumber
[2020/03/19 05:49:38.002] - eth_blockNumber
[2020/03/19 05:49:39.263] - eth_blockNumber
[2020/03/19 05:49:58.013] - eth_blockNumber
[2020/03/19 05:49:59.271] - eth_blockNumber
[2020/03/19 05:50:18.023] - eth_blockNumber
[2020/03/19 05:50:19.279] - eth_blockNumber
[2020/03/19 05:50:38.033] - eth_blockNumber
[2020/03/19 05:50:39.291] - eth_blockNumber
[2020/03/19 05:50:58.044] - eth_blockNumber
[2020/03/19 05:50:59.302] - eth_blockNumber
[2020/03/19 05:51:18.055] - eth_blockNumber
[2020/03/19 05:51:19.315] - eth_blockNumber
[2020/03/19 05:51:38.066] - eth_blockNumber
[2020/03/19 05:51:39.326] - eth_blockNumber
[2020/03/19 05:51:58.076] - eth_blockNumber
[2020/03/19 05:51:59.337] - eth_blockNumber
[2020/03/19 05:52:18.087] - eth_blockNumber
[2020/03/19 05:52:19.348] - eth_blockNumber
[2020/03/19 05:52:38.099] - eth_blockNumber
[2020/03/19 05:52:39.360] - eth_blockNumber
[2020/03/19 05:52:58.111] - eth_blockNumber
[2020/03/19 05:52:59.373] - eth_blockNumber
[2020/03/19 05:53:18.123] - eth_blockNumber
[2020/03/19 05:53:19.385] - eth_blockNumber
[2020/03/19 05:53:38.134] - eth_blockNumber
[2020/03/19 05:53:39.397] - eth_blockNumber
[2020/03/19 05:53:58.146] - eth_blockNumber
[2020/03/19 05:53:59.409] - eth_blockNumber
[2020/03/19 05:54:18.157] - eth_blockNumber
[2020/03/19 05:54:19.417] - eth_blockNumber
[2020/03/19 05:54:38.167] - eth_blockNumber
[2020/03/19 05:54:39.427] - eth_blockNumber
[2020/03/19 05:54:58.176] - eth_blockNumber
[2020/03/19 05:54:59.437] - eth_blockNumber
[2020/03/19 05:55:18.187] - eth_blockNumber
[2020/03/19 05:55:19.447] - eth_blockNumber
[2020/03/19 05:55:38.198] - eth_blockNumber
[2020/03/19 05:55:39.459] - eth_blockNumber
[2020/03/19 05:55:58.209] - eth_blockNumber
[2020/03/19 05:55:59.469] - eth_blockNumber
[2020/03/19 05:56:18.220] - eth_blockNumber
[2020/03/19 05:56:19.481] - eth_blockNumber
[2020/03/19 05:56:38.231] - eth_blockNumber
[2020/03/19 05:56:39.493] - eth_blockNumber
[2020/03/19 05:56:58.240] - eth_blockNumber
[2020/03/19 05:56:59.504] - eth_blockNumber
[2020/03/19 05:57:18.254] - eth_blockNumber
[2020/03/19 05:57:19.531] - eth_blockNumber
[2020/03/19 05:57:38.266] - eth_blockNumber
[2020/03/19 05:57:39.541] - eth_blockNumber
[2020/03/19 05:57:58.278] - eth_blockNumber
[2020/03/19 05:57:59.563] - eth_blockNumber
[2020/03/19 05:58:18.291] - eth_blockNumber
[2020/03/19 05:58:19.578] - eth_blockNumber
[2020/03/19 05:58:38.305] - eth_blockNumber
[2020/03/19 05:58:39.595] - eth_blockNumber
[2020/03/19 05:58:58.317] - eth_blockNumber
[2020/03/19 05:58:59.609] - eth_blockNumber
[2020/03/19 05:59:18.334] - eth_blockNumber
[2020/03/19 05:59:19.623] - eth_blockNumber
[2020/03/19 05:59:38.347] - eth_blockNumber
[2020/03/19 05:59:39.645] - eth_blockNumber
[2020/03/19 05:59:58.366] - eth_blockNumber
[2020/03/19 05:59:59.673] - eth_blockNumber
[2020/03/19 06:00:18.379] - eth_blockNumber
[2020/03/19 06:00:19.688] - eth_blockNumber
[2020/03/19 06:00:38.394] - eth_blockNumber
[2020/03/19 06:00:39.703] - eth_blockNumber
[2020/03/19 06:00:58.409] - eth_blockNumber
[2020/03/19 06:00:59.719] - eth_blockNumber
[2020/03/19 06:01:18.426] - eth_blockNumber
[2020/03/19 06:01:19.734] - eth_blockNumber
[2020/03/19 06:01:38.441] - eth_blockNumber
[2020/03/19 06:01:39.751] - eth_blockNumber
[2020/03/19 06:01:58.454] - eth_blockNumber
[2020/03/19 06:01:59.764] - eth_blockNumber
[2020/03/19 06:02:18.471] - eth_blockNumber
[2020/03/19 06:02:19.784] - eth_blockNumber
[2020/03/19 06:02:38.488] - eth_blockNumber
[2020/03/19 06:02:39.798] - eth_blockNumber
[2020/03/19 06:02:58.504] - eth_blockNumber
[2020/03/19 06:02:59.812] - eth_blockNumber
[2020/03/19 06:03:18.518] - eth_blockNumber
[2020/03/19 06:03:19.826] - eth_blockNumber
[2020/03/19 06:03:38.531] - eth_blockNumber
[2020/03/19 06:03:39.836] - eth_blockNumber
[2020/03/19 06:03:58.542] - eth_blockNumber
[2020/03/19 06:03:59.846] - eth_blockNumber
[2020/03/19 06:04:18.558] - eth_blockNumber
[2020/03/19 06:04:19.859] - eth_blockNumber
[2020/03/19 06:04:38.573] - eth_blockNumber
[2020/03/19 06:04:39.874] - eth_blockNumber
[2020/03/19 06:04:58.590] - eth_blockNumber
[2020/03/19 06:04:59.887] - eth_blockNumber
[2020/03/19 06:05:18.606] - eth_blockNumber
[2020/03/19 06:05:19.903] - eth_blockNumber
[2020/03/19 06:05:38.618] - eth_blockNumber
[2020/03/19 06:05:39.919] - eth_blockNumber
[2020/03/19 06:05:58.635] - eth_blockNumber
[2020/03/19 06:05:59.934] - eth_blockNumber
[2020/03/19 06:06:18.648] - eth_blockNumber
[2020/03/19 06:06:19.949] - eth_blockNumber
[2020/03/19 06:06:38.663] - eth_blockNumber
[2020/03/19 06:06:39.962] - eth_blockNumber
[2020/03/19 06:06:58.680] - eth_blockNumber
[2020/03/19 06:06:59.977] - eth_blockNumber
[2020/03/19 06:07:18.697] - eth_blockNumber
[2020/03/19 06:07:19.994] - eth_blockNumber
[2020/03/19 06:07:38.707] - eth_blockNumber
[2020/03/19 06:07:40.008] - eth_blockNumber
[2020/03/19 06:07:58.719] - eth_blockNumber
[2020/03/19 06:08:00.026] - eth_blockNumber
[2020/03/19 06:08:18.732] - eth_blockNumber
[2020/03/19 06:08:20.039] - eth_blockNumber
[2020/03/19 06:08:38.743] - eth_blockNumber
[2020/03/19 06:08:40.052] - eth_blockNumber
[2020/03/19 06:08:58.752] - eth_blockNumber
[2020/03/19 06:09:00.068] - eth_blockNumber
[2020/03/19 06:09:18.765] - eth_blockNumber
[2020/03/19 06:09:20.083] - eth_blockNumber
[2020/03/19 06:09:38.779] - eth_blockNumber
[2020/03/19 06:09:40.096] - eth_blockNumber
[2020/03/19 06:09:58.793] - eth_blockNumber
[2020/03/19 06:10:00.112] - eth_blockNumber
[2020/03/19 06:10:18.805] - eth_blockNumber
[2020/03/19 06:10:20.126] - eth_blockNumber
[2020/03/19 06:10:38.820] - eth_blockNumber
[2020/03/19 06:10:40.139] - eth_blockNumber
[2020/03/19 06:10:58.838] - eth_blockNumber
[2020/03/19 06:11:00.153] - eth_blockNumber
[2020/03/19 06:11:18.853] - eth_blockNumber
[2020/03/19 06:11:20.168] - eth_blockNumber
[2020/03/19 06:11:38.866] - eth_blockNumber
[2020/03/19 06:11:40.184] - eth_blockNumber
[2020/03/19 06:11:58.877] - eth_blockNumber
[2020/03/19 06:12:00.197] - eth_blockNumber
[2020/03/19 06:12:18.887] - eth_blockNumber
[2020/03/19 06:12:20.210] - eth_blockNumber
[2020/03/19 06:12:38.902] - eth_blockNumber
[2020/03/19 06:12:40.227] - eth_blockNumber
[2020/03/19 06:12:58.917] - eth_blockNumber
[2020/03/19 06:13:00.243] - eth_blockNumber
[2020/03/19 06:13:18.931] - eth_blockNumber
[2020/03/19 06:13:20.257] - eth_blockNumber
[2020/03/19 06:13:38.944] - eth_blockNumber
[2020/03/19 06:13:40.272] - eth_blockNumber
[2020/03/19 06:13:58.957] - eth_blockNumber
[2020/03/19 06:14:00.285] - eth_blockNumber
[2020/03/19 06:14:18.971] - eth_blockNumber
[2020/03/19 06:14:20.299] - eth_blockNumber
[2020/03/19 06:14:38.989] - eth_blockNumber
[2020/03/19 06:14:40.314] - eth_blockNumber
[2020/03/19 06:14:59.005] - eth_blockNumber
[2020/03/19 06:15:00.330] - eth_blockNumber
[2020/03/19 06:15:19.019] - eth_blockNumber
[2020/03/19 06:15:20.343] - eth_blockNumber
[2020/03/19 06:15:39.032] - eth_blockNumber
[2020/03/19 06:15:40.359] - eth_blockNumber
[2020/03/19 06:15:59.044] - eth_blockNumber
[2020/03/19 06:16:00.374] - eth_blockNumber
[2020/03/19 06:16:19.057] - eth_blockNumber
[2020/03/19 06:16:20.389] - eth_blockNumber
[2020/03/19 06:16:39.070] - eth_blockNumber
[2020/03/19 06:16:40.404] - eth_blockNumber
[2020/03/19 06:16:59.084] - eth_blockNumber
[2020/03/19 06:17:00.418] - eth_blockNumber
[2020/03/19 06:17:19.100] - eth_blockNumber
[2020/03/19 06:17:20.431] - eth_blockNumber
[2020/03/19 06:17:39.112] - eth_blockNumber
[2020/03/19 06:17:40.443] - eth_blockNumber
[2020/03/19 06:17:59.125] - eth_blockNumber
[2020/03/19 06:18:00.459] - eth_blockNumber
[2020/03/19 06:18:19.138] - eth_blockNumber
[2020/03/19 06:18:20.472] - eth_blockNumber
[2020/03/19 06:18:39.151] - eth_blockNumber
[2020/03/19 06:18:40.485] - eth_blockNumber
[2020/03/19 06:18:59.166] - eth_blockNumber
[2020/03/19 06:19:00.501] - eth_blockNumber
[2020/03/19 06:19:19.188] - eth_blockNumber
[2020/03/19 06:19:20.515] - eth_blockNumber
[2020/03/19 06:19:39.206] - eth_blockNumber
[2020/03/19 06:19:40.528] - eth_blockNumber
[2020/03/19 06:19:59.220] - eth_blockNumber
[2020/03/19 06:20:00.542] - eth_blockNumber
[2020/03/19 06:20:19.234] - eth_blockNumber
[2020/03/19 06:20:20.556] - eth_blockNumber
[2020/03/19 06:20:39.244] - eth_blockNumber
[2020/03/19 06:20:40.570] - eth_blockNumber
[2020/03/19 06:20:59.260] - eth_blockNumber
[2020/03/19 06:21:00.586] - eth_blockNumber
[2020/03/19 06:21:19.272] - eth_blockNumber
[2020/03/19 06:21:20.600] - eth_blockNumber
[2020/03/19 06:21:39.287] - eth_blockNumber
[2020/03/19 06:21:40.615] - eth_blockNumber
[2020/03/19 06:21:59.299] - eth_blockNumber
[2020/03/19 06:22:00.629] - eth_blockNumber
[2020/03/19 06:22:19.312] - eth_blockNumber
[2020/03/19 06:22:20.643] - eth_blockNumber
[2020/03/19 06:22:39.324] - eth_blockNumber
[2020/03/19 06:22:40.661] - eth_blockNumber
[2020/03/19 06:22:59.340] - eth_blockNumber
[2020/03/19 06:23:00.693] - eth_blockNumber
[2020/03/19 06:23:19.353] - eth_blockNumber
[2020/03/19 06:23:20.703] - eth_blockNumber
[2020/03/19 06:23:39.367] - eth_blockNumber
[2020/03/19 06:23:40.713] - eth_blockNumber
[2020/03/19 06:23:59.381] - eth_blockNumber
[2020/03/19 06:24:00.726] - eth_blockNumber
[2020/03/19 06:24:19.394] - eth_blockNumber
[2020/03/19 06:24:20.739] - eth_blockNumber
[2020/03/19 06:24:39.408] - eth_blockNumber
[2020/03/19 06:24:40.752] - eth_blockNumber
[2020/03/19 06:24:59.423] - eth_blockNumber
[2020/03/19 06:25:00.767] - eth_blockNumber
[2020/03/19 06:25:19.442] - eth_blockNumber
[2020/03/19 06:25:20.782] - eth_blockNumber
[2020/03/19 06:25:39.457] - eth_blockNumber
[2020/03/19 06:25:40.797] - eth_blockNumber
[2020/03/19 06:25:59.469] - eth_blockNumber
[2020/03/19 06:26:00.809] - eth_blockNumber
[2020/03/19 06:26:19.482] - eth_blockNumber
[2020/03/19 06:26:20.823] - eth_blockNumber
[2020/03/19 06:26:39.496] - eth_blockNumber
[2020/03/19 06:26:40.838] - eth_blockNumber
[2020/03/19 06:26:59.511] - eth_blockNumber
[2020/03/19 06:27:00.849] - eth_blockNumber
[2020/03/19 06:27:19.529] - eth_blockNumber
[2020/03/19 06:27:20.864] - eth_blockNumber
[2020/03/19 06:27:39.543] - eth_blockNumber
[2020/03/19 06:27:40.879] - eth_blockNumber
[2020/03/19 06:27:59.555] - eth_blockNumber
[2020/03/19 06:28:00.894] - eth_blockNumber
[2020/03/19 06:28:19.567] - eth_blockNumber
[2020/03/19 06:28:20.908] - eth_blockNumber
[2020/03/19 06:28:39.582] - eth_blockNumber
[2020/03/19 06:28:40.924] - eth_blockNumber
[2020/03/19 06:28:59.597] - eth_blockNumber
[2020/03/19 06:29:00.938] - eth_blockNumber
[2020/03/19 06:29:19.612] - eth_blockNumber
[2020/03/19 06:29:20.955] - eth_blockNumber
[2020/03/19 06:29:39.625] - eth_blockNumber
[2020/03/19 06:29:40.971] - eth_blockNumber
[2020/03/19 06:29:59.638] - eth_blockNumber
[2020/03/19 06:30:01.043] - eth_blockNumber
[2020/03/19 06:30:19.651] - eth_blockNumber
[2020/03/19 06:30:21.055] - eth_blockNumber
[2020/03/19 06:30:39.665] - eth_blockNumber
[2020/03/19 06:30:41.066] - eth_blockNumber
[2020/03/19 06:30:59.680] - eth_blockNumber
[2020/03/19 06:31:01.085] - eth_blockNumber
[2020/03/19 06:31:19.692] - eth_blockNumber
[2020/03/19 06:31:21.101] - eth_blockNumber
[2020/03/19 06:31:39.705] - eth_blockNumber
[2020/03/19 06:31:41.120] - eth_blockNumber
[2020/03/19 06:31:59.715] - eth_blockNumber
[2020/03/19 06:32:01.136] - eth_blockNumber
[2020/03/19 06:32:19.722] - eth_blockNumber
[2020/03/19 06:32:21.153] - eth_blockNumber
[2020/03/19 06:32:39.732] - eth_blockNumber
[2020/03/19 06:32:41.174] - eth_blockNumber
[2020/03/19 06:32:59.747] - eth_blockNumber
[2020/03/19 06:33:01.193] - eth_blockNumber
[2020/03/19 06:33:19.765] - eth_blockNumber
[2020/03/19 06:33:21.210] - eth_blockNumber
[2020/03/19 06:33:39.779] - eth_blockNumber
[2020/03/19 06:33:41.227] - eth_blockNumber
[2020/03/19 06:33:59.796] - eth_blockNumber
[2020/03/19 06:34:01.244] - eth_blockNumber
[2020/03/19 06:34:19.813] - eth_blockNumber
[2020/03/19 06:34:21.263] - eth_blockNumber
[2020/03/19 06:34:39.827] - eth_blockNumber
[2020/03/19 06:34:41.280] - eth_blockNumber
[2020/03/19 06:34:59.842] - eth_blockNumber
[2020/03/19 06:35:01.294] - eth_blockNumber
[2020/03/19 06:35:19.853] - eth_blockNumber
[2020/03/19 06:35:21.307] - eth_blockNumber
[2020/03/19 06:35:39.867] - eth_blockNumber
[2020/03/19 06:35:41.320] - eth_blockNumber
[2020/03/19 06:35:59.880] - eth_blockNumber
[2020/03/19 06:36:01.337] - eth_blockNumber
[2020/03/19 06:36:19.893] - eth_blockNumber
[2020/03/19 06:36:21.352] - eth_blockNumber
[2020/03/19 06:36:39.909] - eth_blockNumber
[2020/03/19 06:36:41.367] - eth_blockNumber
[2020/03/19 06:36:59.923] - eth_blockNumber
[2020/03/19 06:37:01.381] - eth_blockNumber
[2020/03/19 06:37:19.940] - eth_blockNumber
[2020/03/19 06:37:21.395] - eth_blockNumber
[2020/03/19 06:37:39.956] - eth_blockNumber
[2020/03/19 06:37:41.410] - eth_blockNumber
[2020/03/19 06:37:59.969] - eth_blockNumber
[2020/03/19 06:38:01.431] - eth_blockNumber
[2020/03/19 06:38:19.986] - eth_blockNumber
[2020/03/19 06:38:21.446] - eth_blockNumber
[2020/03/19 06:38:40.007] - eth_blockNumber
[2020/03/19 06:38:41.460] - eth_blockNumber
[2020/03/19 06:39:00.021] - eth_blockNumber
[2020/03/19 06:39:01.476] - eth_blockNumber
[2020/03/19 06:39:20.041] - eth_blockNumber
[2020/03/19 06:39:21.490] - eth_blockNumber
[2020/03/19 06:39:40.055] - eth_blockNumber
[2020/03/19 06:39:41.507] - eth_blockNumber
[2020/03/19 06:40:00.069] - eth_blockNumber
[2020/03/19 06:40:01.521] - eth_blockNumber
[2020/03/19 06:40:20.090] - eth_blockNumber
[2020/03/19 06:40:21.535] - eth_blockNumber
[2020/03/19 06:40:40.104] - eth_blockNumber
[2020/03/19 06:40:41.544] - eth_blockNumber
[2020/03/19 06:41:00.116] - eth_blockNumber
[2020/03/19 06:41:01.554] - eth_blockNumber
[2020/03/19 06:41:20.129] - eth_blockNumber
[2020/03/19 06:41:21.568] - eth_blockNumber
[2020/03/19 06:41:40.141] - eth_blockNumber
[2020/03/19 06:41:41.583] - eth_blockNumber
[2020/03/19 06:42:00.154] - eth_blockNumber
[2020/03/19 06:42:01.596] - eth_blockNumber
[2020/03/19 06:42:20.170] - eth_blockNumber
[2020/03/19 06:42:21.610] - eth_blockNumber
[2020/03/19 06:42:40.187] - eth_blockNumber
[2020/03/19 06:42:41.626] - eth_blockNumber
[2020/03/19 06:43:00.202] - eth_blockNumber
[2020/03/19 06:43:01.640] - eth_blockNumber
[2020/03/19 06:43:20.216] - eth_blockNumber
[2020/03/19 06:43:21.654] - eth_blockNumber
[2020/03/19 06:43:40.230] - eth_blockNumber
[2020/03/19 06:43:41.668] - eth_blockNumber
[2020/03/19 06:44:00.243] - eth_blockNumber
[2020/03/19 06:44:01.686] - eth_blockNumber
[2020/03/19 06:44:20.261] - eth_blockNumber
[2020/03/19 06:44:21.703] - eth_blockNumber
[2020/03/19 06:44:40.275] - eth_blockNumber
[2020/03/19 06:44:41.718] - eth_blockNumber
[2020/03/19 06:45:00.291] - eth_blockNumber
[2020/03/19 06:45:01.732] - eth_blockNumber
[2020/03/19 06:45:20.304] - eth_blockNumber
[2020/03/19 06:45:21.745] - eth_blockNumber
[2020/03/19 06:45:40.317] - eth_blockNumber
[2020/03/19 06:45:41.764] - eth_blockNumber
[2020/03/19 06:46:00.331] - eth_blockNumber
[2020/03/19 06:46:01.781] - eth_blockNumber
[2020/03/19 06:46:20.344] - eth_blockNumber
[2020/03/19 06:46:21.798] - eth_blockNumber
[2020/03/19 06:46:40.357] - eth_blockNumber
[2020/03/19 06:46:41.814] - eth_blockNumber
[2020/03/19 06:47:00.371] - eth_blockNumber
[2020/03/19 06:47:01.830] - eth_blockNumber
[2020/03/19 06:47:20.389] - eth_blockNumber
[2020/03/19 06:47:21.844] - eth_blockNumber
[2020/03/19 06:47:40.410] - eth_blockNumber
[2020/03/19 06:47:41.857] - eth_blockNumber
[2020/03/19 06:48:00.424] - eth_blockNumber
[2020/03/19 06:48:01.875] - eth_blockNumber
[2020/03/19 06:48:20.437] - eth_blockNumber
[2020/03/19 06:48:21.891] - eth_blockNumber
[2020/03/19 06:48:40.448] - eth_blockNumber
[2020/03/19 06:48:41.905] - eth_blockNumber
[2020/03/19 06:49:00.459] - eth_blockNumber
[2020/03/19 06:49:01.915] - eth_blockNumber
[2020/03/19 06:49:20.472] - eth_blockNumber
[2020/03/19 06:49:21.926] - eth_blockNumber
[2020/03/19 06:49:40.487] - eth_blockNumber
[2020/03/19 06:49:41.940] - eth_blockNumber
[2020/03/19 06:50:00.500] - eth_blockNumber
[2020/03/19 06:50:01.952] - eth_blockNumber
[2020/03/19 06:50:20.513] - eth_blockNumber
[2020/03/19 06:50:21.965] - eth_blockNumber
[2020/03/19 06:50:40.526] - eth_blockNumber
[2020/03/19 06:50:41.978] - eth_blockNumber
[2020/03/19 06:51:00.539] - eth_blockNumber
[2020/03/19 06:51:01.993] - eth_blockNumber
[2020/03/19 06:51:20.558] - eth_blockNumber
[2020/03/19 06:51:22.009] - eth_blockNumber
[2020/03/19 06:51:40.574] - eth_blockNumber
[2020/03/19 06:51:42.022] - eth_blockNumber
[2020/03/19 06:52:00.590] - eth_blockNumber
[2020/03/19 06:52:02.034] - eth_blockNumber
[2020/03/19 06:52:20.605] - eth_blockNumber
[2020/03/19 06:52:22.048] - eth_blockNumber
[2020/03/19 06:52:40.619] - eth_blockNumber
[2020/03/19 06:52:42.066] - eth_blockNumber
[2020/03/19 06:53:00.634] - eth_blockNumber
[2020/03/19 06:53:02.081] - eth_blockNumber
[2020/03/19 06:53:20.654] - eth_blockNumber
[2020/03/19 06:53:22.095] - eth_blockNumber
[2020/03/19 06:53:40.665] - eth_blockNumber
[2020/03/19 06:53:42.108] - eth_blockNumber
[2020/03/19 06:54:00.677] - eth_blockNumber
[2020/03/19 06:54:02.123] - eth_blockNumber
[2020/03/19 06:54:20.692] - eth_blockNumber
[2020/03/19 06:54:22.138] - eth_blockNumber
[2020/03/19 06:54:40.709] - eth_blockNumber
[2020/03/19 06:54:42.156] - eth_blockNumber
[2020/03/19 06:55:00.723] - eth_blockNumber
[2020/03/19 06:55:02.166] - eth_blockNumber
[2020/03/19 06:55:20.737] - eth_blockNumber
[2020/03/19 06:55:22.176] - eth_blockNumber
[2020/03/19 06:55:40.750] - eth_blockNumber
[2020/03/19 06:55:42.190] - eth_blockNumber
[2020/03/19 06:56:00.762] - eth_blockNumber
[2020/03/19 06:56:02.207] - eth_blockNumber
[2020/03/19 06:56:20.773] - eth_blockNumber
[2020/03/19 06:56:22.219] - eth_blockNumber
[2020/03/19 06:56:40.788] - eth_blockNumber
[2020/03/19 06:56:42.236] - eth_blockNumber
[2020/03/19 06:57:00.800] - eth_blockNumber
[2020/03/19 06:57:02.251] - eth_blockNumber
[2020/03/19 06:57:20.818] - eth_blockNumber
[2020/03/19 06:57:22.265] - eth_blockNumber
[2020/03/19 06:57:40.831] - eth_blockNumber
[2020/03/19 06:57:42.281] - eth_blockNumber
[2020/03/19 06:58:00.844] - eth_blockNumber
[2020/03/19 06:58:02.299] - eth_blockNumber
[2020/03/19 06:58:20.856] - eth_blockNumber
[2020/03/19 06:58:22.311] - eth_blockNumber
[2020/03/19 06:58:40.869] - eth_blockNumber
[2020/03/19 06:58:42.320] - eth_blockNumber
[2020/03/19 06:59:00.881] - eth_blockNumber
[2020/03/19 06:59:02.335] - eth_blockNumber
[2020/03/19 06:59:20.894] - eth_blockNumber
[2020/03/19 06:59:22.348] - eth_blockNumber
[2020/03/19 06:59:40.909] - eth_blockNumber
[2020/03/19 06:59:42.362] - eth_blockNumber
[2020/03/19 07:00:00.922] - eth_blockNumber
[2020/03/19 07:00:02.377] - eth_blockNumber
[2020/03/19 07:00:20.936] - eth_blockNumber
[2020/03/19 07:00:22.387] - eth_blockNumber
[2020/03/19 07:00:40.951] - eth_blockNumber
[2020/03/19 07:00:42.403] - eth_blockNumber
[2020/03/19 07:01:00.963] - eth_blockNumber
[2020/03/19 07:01:02.416] - eth_blockNumber
[2020/03/19 07:01:20.974] - eth_blockNumber
[2020/03/19 07:01:22.429] - eth_blockNumber
[2020/03/19 07:01:40.988] - eth_blockNumber
[2020/03/19 07:01:42.443] - eth_blockNumber
[2020/03/19 07:02:01.001] - eth_blockNumber
[2020/03/19 07:02:02.459] - eth_blockNumber
[2020/03/19 07:02:21.014] - eth_blockNumber
[2020/03/19 07:02:22.472] - eth_blockNumber
[2020/03/19 07:02:41.026] - eth_blockNumber
[2020/03/19 07:02:42.488] - eth_blockNumber
[2020/03/19 07:03:01.040] - eth_blockNumber
[2020/03/19 07:03:02.502] - eth_blockNumber
[2020/03/19 07:03:21.053] - eth_blockNumber
[2020/03/19 07:03:22.520] - eth_blockNumber
[2020/03/19 07:03:41.068] - eth_blockNumber
[2020/03/19 07:03:42.536] - eth_blockNumber
[2020/03/19 07:04:01.083] - eth_blockNumber
[2020/03/19 07:04:02.547] - eth_blockNumber
[2020/03/19 07:04:21.096] - eth_blockNumber
[2020/03/19 07:04:22.614] - eth_blockNumber
[2020/03/19 07:04:41.112] - eth_blockNumber
[2020/03/19 07:04:42.627] - eth_blockNumber
[2020/03/19 07:05:01.128] - eth_blockNumber
[2020/03/19 07:05:02.643] - eth_blockNumber
[2020/03/19 07:05:21.140] - eth_blockNumber
[2020/03/19 07:05:22.664] - eth_blockNumber
[2020/03/19 07:05:41.157] - eth_blockNumber
[2020/03/19 07:05:42.681] - eth_blockNumber
[2020/03/19 07:06:01.169] - eth_blockNumber
[2020/03/19 07:06:02.699] - eth_blockNumber
[2020/03/19 07:06:21.178] - eth_blockNumber
[2020/03/19 07:06:22.716] - eth_blockNumber
[2020/03/19 07:06:41.190] - eth_blockNumber
[2020/03/19 07:06:42.732] - eth_blockNumber
[2020/03/19 07:07:01.206] - eth_blockNumber
[2020/03/19 07:07:02.748] - eth_blockNumber
[2020/03/19 07:07:21.220] - eth_blockNumber
[2020/03/19 07:07:22.764] - eth_blockNumber
[2020/03/19 07:07:41.235] - eth_blockNumber
[2020/03/19 07:07:42.781] - eth_blockNumber
[2020/03/19 07:08:01.247] - eth_blockNumber
[2020/03/19 07:08:02.800] - eth_blockNumber
[2020/03/19 07:08:21.263] - eth_blockNumber
[2020/03/19 07:08:22.818] - eth_blockNumber
[2020/03/19 07:08:41.275] - eth_blockNumber
[2020/03/19 07:08:42.833] - eth_blockNumber
[2020/03/19 07:09:01.285] - eth_blockNumber
[2020/03/19 07:09:02.847] - eth_blockNumber
[2020/03/19 07:09:21.298] - eth_blockNumber
[2020/03/19 07:09:22.859] - eth_blockNumber
[2020/03/19 07:09:41.312] - eth_blockNumber
[2020/03/19 07:09:42.872] - eth_blockNumber
[2020/03/19 07:10:01.324] - eth_blockNumber
[2020/03/19 07:10:02.885] - eth_blockNumber
[2020/03/19 07:10:21.341] - eth_blockNumber
[2020/03/19 07:10:22.902] - eth_blockNumber
[2020/03/19 07:10:41.357] - eth_blockNumber
[2020/03/19 07:10:42.915] - eth_blockNumber
[2020/03/19 07:11:01.369] - eth_blockNumber
[2020/03/19 07:11:02.930] - eth_blockNumber
[2020/03/19 07:11:21.383] - eth_blockNumber
[2020/03/19 07:11:22.946] - eth_blockNumber
[2020/03/19 07:11:41.399] - eth_blockNumber
[2020/03/19 07:11:42.959] - eth_blockNumber
[2020/03/19 07:12:01.413] - eth_blockNumber
[2020/03/19 07:12:02.973] - eth_blockNumber
[2020/03/19 07:12:21.438] - eth_blockNumber
[2020/03/19 07:12:22.985] - eth_blockNumber
[2020/03/19 07:12:41.451] - eth_blockNumber
[2020/03/19 07:12:42.996] - eth_blockNumber
[2020/03/19 07:13:01.465] - eth_blockNumber
[2020/03/19 07:13:03.012] - eth_blockNumber
[2020/03/19 07:13:21.480] - eth_blockNumber
[2020/03/19 07:13:23.028] - eth_blockNumber
[2020/03/19 07:13:41.494] - eth_blockNumber
[2020/03/19 07:13:43.043] - eth_blockNumber
[2020/03/19 07:14:01.507] - eth_blockNumber
[2020/03/19 07:14:03.058] - eth_blockNumber
[2020/03/19 07:14:21.523] - eth_blockNumber
[2020/03/19 07:14:23.071] - eth_blockNumber
[2020/03/19 07:14:41.536] - eth_blockNumber
[2020/03/19 07:14:43.085] - eth_blockNumber
[2020/03/19 07:15:01.550] - eth_blockNumber
[2020/03/19 07:15:03.100] - eth_blockNumber
[2020/03/19 07:15:21.563] - eth_blockNumber
[2020/03/19 07:15:23.116] - eth_blockNumber
[2020/03/19 07:15:41.577] - eth_blockNumber
[2020/03/19 07:15:43.131] - eth_blockNumber
[2020/03/19 07:16:01.590] - eth_blockNumber
[2020/03/19 07:16:03.144] - eth_blockNumber
[2020/03/19 07:16:21.605] - eth_blockNumber
[2020/03/19 07:16:23.156] - eth_blockNumber
[2020/03/19 07:16:41.617] - eth_blockNumber
[2020/03/19 07:16:43.169] - eth_blockNumber
[2020/03/19 07:17:01.633] - eth_blockNumber
[2020/03/19 07:17:03.187] - eth_blockNumber
[2020/03/19 07:17:21.650] - eth_blockNumber
[2020/03/19 07:17:23.203] - eth_blockNumber
[2020/03/19 07:17:41.668] - eth_blockNumber
[2020/03/19 07:17:43.219] - eth_blockNumber
[2020/03/19 07:18:01.682] - eth_blockNumber
[2020/03/19 07:18:03.238] - eth_blockNumber
[2020/03/19 07:18:21.696] - eth_blockNumber
[2020/03/19 07:18:23.251] - eth_blockNumber
[2020/03/19 07:18:41.709] - eth_blockNumber
[2020/03/19 07:18:43.268] - eth_blockNumber
[2020/03/19 07:19:01.725] - eth_blockNumber
[2020/03/19 07:19:03.282] - eth_blockNumber
[2020/03/19 07:19:21.739] - eth_blockNumber
[2020/03/19 07:19:23.300] - eth_blockNumber
[2020/03/19 07:19:41.750] - eth_blockNumber
[2020/03/19 07:19:43.316] - eth_blockNumber
[2020/03/19 07:20:01.763] - eth_blockNumber
[2020/03/19 07:20:03.330] - eth_blockNumber
[2020/03/19 07:20:21.780] - eth_blockNumber
[2020/03/19 07:20:23.343] - eth_blockNumber
[2020/03/19 07:20:41.791] - eth_blockNumber
[2020/03/19 07:20:43.357] - eth_blockNumber
[2020/03/19 07:21:01.806] - eth_blockNumber
[2020/03/19 07:21:03.371] - eth_blockNumber
[2020/03/19 07:21:21.818] - eth_blockNumber
[2020/03/19 07:21:23.388] - eth_blockNumber
[2020/03/19 07:21:41.831] - eth_blockNumber
[2020/03/19 07:21:43.401] - eth_blockNumber
[2020/03/19 07:22:01.845] - eth_blockNumber
[2020/03/19 07:22:03.413] - eth_blockNumber
[2020/03/19 07:22:21.857] - eth_blockNumber
[2020/03/19 07:22:23.425] - eth_blockNumber
[2020/03/19 07:22:41.867] - eth_blockNumber
[2020/03/19 07:22:43.440] - eth_blockNumber
[2020/03/19 07:23:01.882] - eth_blockNumber
[2020/03/19 07:23:03.455] - eth_blockNumber
[2020/03/19 07:23:21.895] - eth_blockNumber
[2020/03/19 07:23:23.471] - eth_blockNumber
[2020/03/19 07:23:41.910] - eth_blockNumber
[2020/03/19 07:23:43.487] - eth_blockNumber
[2020/03/19 07:24:01.926] - eth_blockNumber
[2020/03/19 07:24:03.500] - eth_blockNumber
[2020/03/19 07:24:21.942] - eth_blockNumber
[2020/03/19 07:24:23.517] - eth_blockNumber
[2020/03/19 07:24:41.956] - eth_blockNumber
[2020/03/19 07:24:43.538] - eth_blockNumber
[2020/03/19 07:25:01.968] - eth_blockNumber
[2020/03/19 07:25:03.555] - eth_blockNumber
[2020/03/19 07:25:21.979] - eth_blockNumber
[2020/03/19 07:25:23.569] - eth_blockNumber
[2020/03/19 07:25:41.994] - eth_blockNumber
[2020/03/19 07:25:43.582] - eth_blockNumber
[2020/03/19 07:26:02.003] - eth_blockNumber
[2020/03/19 07:26:03.598] - eth_blockNumber
[2020/03/19 07:26:22.019] - eth_blockNumber
[2020/03/19 07:26:23.612] - eth_blockNumber
[2020/03/19 07:26:42.030] - eth_blockNumber
[2020/03/19 07:26:43.627] - eth_blockNumber
[2020/03/19 07:27:02.040] - eth_blockNumber
[2020/03/19 07:27:03.641] - eth_blockNumber
[2020/03/19 07:27:22.051] - eth_blockNumber
[2020/03/19 07:27:23.657] - eth_blockNumber
[2020/03/19 07:27:42.063] - eth_blockNumber
[2020/03/19 07:27:43.674] - eth_blockNumber
[2020/03/19 07:28:02.072] - eth_blockNumber
[2020/03/19 07:28:03.689] - eth_blockNumber
[2020/03/19 07:28:22.081] - eth_blockNumber
[2020/03/19 07:28:23.699] - eth_blockNumber
[2020/03/19 07:28:42.095] - eth_blockNumber
[2020/03/19 07:28:43.712] - eth_blockNumber
[2020/03/19 07:29:02.106] - eth_blockNumber
[2020/03/19 07:29:03.725] - eth_blockNumber
[2020/03/19 07:29:22.115] - eth_blockNumber
[2020/03/19 07:29:23.737] - eth_blockNumber
[2020/03/19 07:29:42.129] - eth_blockNumber
[2020/03/19 07:29:43.751] - eth_blockNumber
[2020/03/19 07:30:02.141] - eth_blockNumber
[2020/03/19 07:30:03.768] - eth_blockNumber
[2020/03/19 07:30:22.154] - eth_blockNumber
[2020/03/19 07:30:23.782] - eth_blockNumber
[2020/03/19 07:30:42.166] - eth_blockNumber
[2020/03/19 07:30:43.798] - eth_blockNumber
[2020/03/19 07:31:02.178] - eth_blockNumber
[2020/03/19 07:31:03.812] - eth_blockNumber
[2020/03/19 07:31:22.189] - eth_blockNumber
[2020/03/19 07:31:23.825] - eth_blockNumber
[2020/03/19 07:31:42.202] - eth_blockNumber
[2020/03/19 07:31:43.838] - eth_blockNumber
[2020/03/19 07:32:02.217] - eth_blockNumber
[2020/03/19 07:32:03.852] - eth_blockNumber
[2020/03/19 07:32:22.231] - eth_blockNumber
[2020/03/19 07:32:23.864] - eth_blockNumber
[2020/03/19 07:32:42.242] - eth_blockNumber
[2020/03/19 07:32:43.879] - eth_blockNumber
[2020/03/19 07:33:02.252] - eth_blockNumber
[2020/03/19 07:33:03.891] - eth_blockNumber
[2020/03/19 07:33:22.268] - eth_blockNumber
[2020/03/19 07:33:23.904] - eth_blockNumber
[2020/03/19 07:33:42.282] - eth_blockNumber
[2020/03/19 07:33:43.918] - eth_blockNumber
[2020/03/19 07:34:02.299] - eth_blockNumber
[2020/03/19 07:34:03.934] - eth_blockNumber
[2020/03/19 07:34:22.319] - eth_blockNumber
[2020/03/19 07:34:23.944] - eth_blockNumber
[2020/03/19 07:34:42.330] - eth_blockNumber
[2020/03/19 07:34:43.959] - eth_blockNumber
[2020/03/19 07:35:02.343] - eth_blockNumber
[2020/03/19 07:35:03.974] - eth_blockNumber
[2020/03/19 07:35:22.358] - eth_blockNumber
[2020/03/19 07:35:23.987] - eth_blockNumber
[2020/03/19 07:35:42.370] - eth_blockNumber
[2020/03/19 07:35:43.999] - eth_blockNumber
[2020/03/19 07:36:02.384] - eth_blockNumber
[2020/03/19 07:36:04.015] - eth_blockNumber
[2020/03/19 07:36:22.397] - eth_blockNumber
[2020/03/19 07:36:24.028] - eth_blockNumber
[2020/03/19 07:36:42.411] - eth_blockNumber
[2020/03/19 07:36:44.042] - eth_blockNumber
[2020/03/19 07:37:02.426] - eth_blockNumber
[2020/03/19 07:37:04.059] - eth_blockNumber
[2020/03/19 07:37:22.443] - eth_blockNumber
[2020/03/19 07:37:24.076] - eth_blockNumber
[2020/03/19 07:37:42.457] - eth_blockNumber
[2020/03/19 07:37:44.091] - eth_blockNumber
[2020/03/19 07:38:02.470] - eth_blockNumber
[2020/03/19 07:38:04.111] - eth_blockNumber
[2020/03/19 07:38:22.483] - eth_blockNumber
[2020/03/19 07:38:24.128] - eth_blockNumber
[2020/03/19 07:38:42.495] - eth_blockNumber
[2020/03/19 07:38:44.148] - eth_blockNumber
[2020/03/19 07:39:02.509] - eth_blockNumber
[2020/03/19 07:39:04.166] - eth_blockNumber
[2020/03/19 07:39:22.524] - eth_blockNumber
[2020/03/19 07:39:24.187] - eth_blockNumber
[2020/03/19 07:39:42.536] - eth_blockNumber
[2020/03/19 07:39:44.206] - eth_blockNumber
[2020/03/19 07:40:02.552] - eth_blockNumber
[2020/03/19 07:40:04.223] - eth_blockNumber
[2020/03/19 07:40:22.564] - eth_blockNumber
[2020/03/19 07:40:24.238] - eth_blockNumber
[2020/03/19 07:40:42.577] - eth_blockNumber
[2020/03/19 07:40:44.254] - eth_blockNumber
[2020/03/19 07:41:02.590] - eth_blockNumber
[2020/03/19 07:41:04.274] - eth_blockNumber
[2020/03/19 07:41:22.605] - eth_blockNumber
[2020/03/19 07:41:24.291] - eth_blockNumber
[2020/03/19 07:41:42.622] - eth_blockNumber
[2020/03/19 07:41:44.308] - eth_blockNumber
[2020/03/19 07:42:02.636] - eth_blockNumber
[2020/03/19 07:42:04.318] - eth_blockNumber
[2020/03/19 07:42:22.652] - eth_blockNumber
[2020/03/19 07:42:24.330] - eth_blockNumber
[2020/03/19 07:42:42.667] - eth_blockNumber
[2020/03/19 07:42:44.345] - eth_blockNumber
[2020/03/19 07:43:02.683] - eth_blockNumber
[2020/03/19 07:43:04.362] - eth_blockNumber
[2020/03/19 07:43:22.699] - eth_blockNumber
[2020/03/19 07:43:24.382] - eth_blockNumber
[2020/03/19 07:43:42.713] - eth_blockNumber
[2020/03/19 07:43:44.396] - eth_blockNumber
[2020/03/19 07:44:02.725] - eth_blockNumber
[2020/03/19 07:44:04.409] - eth_blockNumber
[2020/03/19 07:44:22.737] - eth_blockNumber
[2020/03/19 07:44:24.422] - eth_blockNumber
[2020/03/19 07:44:42.750] - eth_blockNumber
[2020/03/19 07:44:44.437] - eth_blockNumber
[2020/03/19 07:45:02.766] - eth_blockNumber
[2020/03/19 07:45:04.451] - eth_blockNumber
[2020/03/19 07:45:22.779] - eth_blockNumber
[2020/03/19 07:45:24.466] - eth_blockNumber
[2020/03/19 07:45:42.792] - eth_blockNumber
[2020/03/19 07:45:44.480] - eth_blockNumber
[2020/03/19 07:46:02.805] - eth_blockNumber
[2020/03/19 07:46:04.495] - eth_blockNumber
[2020/03/19 07:46:22.817] - eth_blockNumber
[2020/03/19 07:46:24.509] - eth_blockNumber
[2020/03/19 07:46:42.832] - eth_blockNumber
[2020/03/19 07:46:44.524] - eth_blockNumber
[2020/03/19 07:47:02.840] - eth_blockNumber
[2020/03/19 07:47:04.539] - eth_blockNumber
[2020/03/19 07:47:22.860] - eth_blockNumber
[2020/03/19 07:47:24.554] - eth_blockNumber
