[2020/05/01 11:52:18.239] - Starting server (version 2.1.2) with initial configuration: {"gasLimit":6721975,"gasPrice":20000000000,"hardfork":"petersburg","hostname":"127.0.0.1","port":7545,"network_id":5777,"default_balance_ether":100,"total_accounts":10,"unlocked_accounts":[],"locked":false,"vmErrorsOnRPCResponse":true,"verbose":false,"db_path":"/home/nash/.config/Ganache/workspaces/identity-wallet/chaindata","logDirectory":"/home/nash/Documents/Projects/Blockchain/Project/identity-wallet/wallet-web-app/logs"}
[2020/05/01 11:52:18.881] - eth_subscribe
[2020/05/01 11:52:18.888] - eth_getLogs
[2020/05/01 11:52:18.890] - eth_subscribe
[2020/05/01 11:52:18.904] - eth_getCode
[2020/05/01 11:52:18.978] - eth_getCode
[2020/05/01 11:52:19.050] - eth_getCode
[2020/05/01 11:52:19.120] - eth_getCode
[2020/05/01 11:52:19.141] - eth_getCode
[2020/05/01 11:52:19.182] - eth_getCode
[2020/05/01 11:52:19.828] - eth_blockNumber
[2020/05/01 11:52:19.963] - eth_getBlockByNumber
[2020/05/01 11:52:19.994] - eth_getBlockByNumber
[2020/05/01 11:52:19.999] - eth_getBlockByNumber
[2020/05/01 11:52:20.017] - eth_getBlockByNumber
[2020/05/01 11:52:20.038] - eth_getBlockByNumber
[2020/05/01 11:52:20.041] - eth_getBlockByNumber
[2020/05/01 11:52:20.047] - eth_getBlockByNumber
[2020/05/01 11:52:20.052] - eth_getBlockByNumber
[2020/05/01 11:52:20.077] - eth_getBlockByNumber
[2020/05/01 11:52:20.082] - eth_getBlockByNumber
[2020/05/01 11:52:20.094] - eth_getBlockByNumber
[2020/05/01 11:52:20.143] - eth_getBlockByNumber
[2020/05/01 11:52:20.154] - eth_getBlockByNumber
[2020/05/01 11:52:20.164] - eth_getBlockByNumber
[2020/05/01 11:52:20.172] - eth_getBlockByNumber
[2020/05/01 11:52:20.178] - eth_getBlockByNumber
[2020/05/01 11:52:20.186] - eth_getBlockByNumber
[2020/05/01 11:52:20.192] - eth_getBlockByNumber
[2020/05/01 11:52:20.197] - eth_getBlockByNumber
[2020/05/01 11:52:20.201] - eth_getBlockByNumber
[2020/05/01 11:52:20.206] - eth_getBlockByNumber
[2020/05/01 11:52:20.216] - eth_getBlockByNumber
[2020/05/01 11:52:20.219] - eth_getBlockByNumber
[2020/05/01 11:52:20.223] - eth_getBlockByNumber
[2020/05/01 11:52:20.227] - eth_getBlockByNumber
[2020/05/01 11:52:20.230] - eth_getBlockByNumber
[2020/05/01 11:52:20.235] - eth_getBlockByNumber
[2020/05/01 11:52:20.239] - eth_getBlockByNumber
[2020/05/01 11:52:20.243] - eth_getBlockByNumber
[2020/05/01 11:52:20.245] - eth_getBlockByNumber
[2020/05/01 11:52:20.248] - eth_getBlockByNumber
[2020/05/01 11:52:20.252] - eth_getBlockByNumber
[2020/05/01 11:52:20.256] - eth_getBlockByNumber
[2020/05/01 11:52:20.259] - eth_getBlockByNumber
[2020/05/01 11:52:20.262] - eth_getBlockByNumber
[2020/05/01 11:52:20.265] - eth_getBlockByNumber
[2020/05/01 11:52:20.269] - eth_getBlockByNumber
[2020/05/01 11:52:20.273] - eth_getBlockByNumber
[2020/05/01 11:52:20.277] - eth_getBlockByNumber
[2020/05/01 11:52:20.281] - eth_getBlockByNumber
[2020/05/01 11:52:20.285] - eth_getBlockByNumber
[2020/05/01 11:52:22.629] - eth_blockNumber
[2020/05/01 11:52:22.630] - eth_accounts
[2020/05/01 11:52:22.630] - eth_gasPrice
[2020/05/01 11:52:22.630] - eth_getBlockByNumber
[2020/05/01 11:52:22.630] - eth_subscribe
[2020/05/01 11:52:22.805] - eth_accounts
[2020/05/01 11:52:22.975] - eth_getBalance
[2020/05/01 11:52:23.033] - eth_getTransactionCount
[2020/05/01 11:52:23.109] - eth_getBalance
[2020/05/01 11:52:23.137] - eth_getTransactionCount
[2020/05/01 11:52:23.172] - eth_getBalance
[2020/05/01 11:52:23.209] - eth_getTransactionCount
[2020/05/01 11:52:23.248] - eth_getBalance
[2020/05/01 11:52:23.289] - eth_getTransactionCount
[2020/05/01 11:52:23.328] - eth_getBalance
[2020/05/01 11:52:23.368] - eth_getTransactionCount
[2020/05/01 11:52:23.414] - eth_getBalance
[2020/05/01 11:52:23.498] - eth_getTransactionCount
[2020/05/01 11:52:23.562] - eth_getBalance
[2020/05/01 11:52:23.617] - eth_getTransactionCount
[2020/05/01 11:52:23.670] - eth_getBalance
[2020/05/01 11:52:23.716] - eth_getTransactionCount
[2020/05/01 11:52:23.752] - eth_getBalance
[2020/05/01 11:52:23.788] - eth_getTransactionCount
[2020/05/01 11:52:23.824] - eth_getBalance
[2020/05/01 11:52:23.867] - eth_getTransactionCount
[2020/05/01 11:52:24.356] - eth_getBalance
[2020/05/01 11:52:24.395] - eth_getTransactionCount
[2020/05/01 11:52:24.460] - eth_getBalance
[2020/05/01 11:52:24.519] - eth_getTransactionCount
[2020/05/01 11:52:24.572] - eth_getBalance
[2020/05/01 11:52:24.625] - eth_getTransactionCount
[2020/05/01 11:52:24.681] - eth_getBalance
[2020/05/01 11:52:24.755] - eth_getTransactionCount
[2020/05/01 11:52:24.875] - eth_getBalance
[2020/05/01 11:52:24.930] - eth_getTransactionCount
[2020/05/01 11:52:24.993] - eth_getBalance
[2020/05/01 11:52:25.030] - eth_getTransactionCount
[2020/05/01 11:52:25.066] - eth_getBalance
[2020/05/01 11:52:25.101] - eth_getTransactionCount
[2020/05/01 11:52:25.141] - eth_getBalance
[2020/05/01 11:52:25.191] - eth_getTransactionCount
[2020/05/01 11:52:25.256] - eth_getBalance
[2020/05/01 11:52:25.463] - eth_getTransactionCount
[2020/05/01 11:52:25.573] - eth_getBalance
[2020/05/01 11:52:25.659] - eth_getTransactionCount
[2020/05/01 11:52:40.103] - eth_blockNumber
[2020/05/01 11:53:00.117] - eth_blockNumber
[2020/05/01 11:53:20.129] - eth_blockNumber
[2020/05/01 11:53:40.142] - eth_blockNumber
[2020/05/01 11:54:00.155] - eth_blockNumber
[2020/05/01 11:54:20.171] - eth_blockNumber
[2020/05/01 11:54:40.179] - eth_blockNumber
[2020/05/01 11:55:00.186] - eth_blockNumber
[2020/05/01 11:55:20.197] - eth_blockNumber
[2020/05/01 11:55:40.209] - eth_blockNumber
[2020/05/01 11:56:00.235] - eth_blockNumber
[2020/05/01 11:56:19.987] - net_version
[2020/05/01 11:56:20.017] - eth_blockNumber
[2020/05/01 11:56:20.024] - net_version
[2020/05/01 11:56:20.590] - eth_blockNumber
[2020/05/01 11:56:22.225] - eth_getBlockByNumber
[2020/05/01 11:56:22.254] - eth_getBlockByNumber
[2020/05/01 11:56:22.282] - eth_getBlockByNumber
[2020/05/01 11:56:22.300] - eth_getBlockByNumber
[2020/05/01 11:56:22.308] - eth_getBlockByNumber
[2020/05/01 11:56:22.310] - eth_getBlockByNumber
[2020/05/01 11:56:22.311] - eth_getBlockByNumber
[2020/05/01 11:56:22.318] - eth_getBlockByNumber
[2020/05/01 11:56:22.341] - eth_getBlockByNumber
[2020/05/01 11:56:22.350] - eth_getBlockByNumber
[2020/05/01 11:56:22.418] - eth_getBlockByNumber
[2020/05/01 11:56:22.450] - eth_getBlockByNumber
[2020/05/01 11:56:22.501] - eth_getBlockByNumber
[2020/05/01 11:56:22.533] - eth_getBlockByNumber
[2020/05/01 11:56:22.556] - eth_getBlockByNumber
[2020/05/01 11:56:22.572] - eth_getBlockByNumber
[2020/05/01 11:56:22.597] - eth_getBlockByNumber
[2020/05/01 11:56:22.634] - eth_getBlockByNumber
[2020/05/01 11:56:22.655] - eth_getBlockByNumber
[2020/05/01 11:56:22.663] - eth_getBlockByNumber
[2020/05/01 11:56:22.674] - eth_getBlockByNumber
[2020/05/01 11:56:22.683] - eth_getBlockByNumber
[2020/05/01 11:56:22.707] - eth_getBlockByNumber
[2020/05/01 11:56:22.723] - eth_getBlockByNumber
[2020/05/01 11:56:22.731] - eth_getBlockByNumber
[2020/05/01 11:56:22.740] - eth_getBlockByNumber
[2020/05/01 11:56:22.779] - eth_getBlockByNumber
[2020/05/01 11:56:22.845] - eth_getBlockByNumber
[2020/05/01 11:56:22.855] - eth_getBlockByNumber
[2020/05/01 11:56:22.876] - eth_getBlockByNumber
[2020/05/01 11:56:22.884] - eth_getBlockByNumber
[2020/05/01 11:56:22.924] - eth_getBlockByNumber
[2020/05/01 11:56:22.928] - eth_getBlockByNumber
[2020/05/01 11:56:22.946] - eth_getBlockByNumber
[2020/05/01 11:56:22.967] - eth_getBlockByNumber
[2020/05/01 11:56:22.979] - eth_getBlockByNumber
[2020/05/01 11:56:23.004] - eth_getBlockByNumber
[2020/05/01 11:56:23.011] - eth_getBlockByNumber
[2020/05/01 11:56:23.035] - eth_getBlockByNumber
[2020/05/01 11:56:23.046] - eth_getBlockByNumber
[2020/05/01 11:56:23.053] - eth_getBlockByNumber
[2020/05/01 11:56:40.734] - eth_blockNumber
[2020/05/01 11:56:42.179] - eth_blockNumber
[2020/05/01 11:57:00.791] - eth_blockNumber
[2020/05/01 11:57:02.222] - eth_blockNumber
[2020/05/01 11:57:20.801] - eth_blockNumber
[2020/05/01 11:57:22.233] - eth_blockNumber
[2020/05/01 11:57:34.866] - eth_getBalance
[2020/05/01 11:57:40.820] - eth_blockNumber
[2020/05/01 11:57:42.345] - eth_blockNumber
[2020/05/01 11:57:42.414] - net_version
[2020/05/01 11:58:00.834] - eth_blockNumber
[2020/05/01 11:58:02.375] - eth_blockNumber
[2020/05/01 11:58:03.392] - net_version
[2020/05/01 11:58:05.548] - eth_call
[2020/05/01 11:58:09.539] - net_version
[2020/05/01 11:58:20.988] - eth_blockNumber
[2020/05/01 11:58:22.412] - eth_blockNumber
[2020/05/01 11:58:41.018] - eth_blockNumber
[2020/05/01 11:58:42.427] - eth_blockNumber
[2020/05/01 11:59:01.027] - eth_blockNumber
[2020/05/01 11:59:02.449] - eth_blockNumber
[2020/05/01 11:59:21.053] - eth_blockNumber
[2020/05/01 11:59:22.480] - eth_blockNumber
[2020/05/01 11:59:41.098] - eth_blockNumber
[2020/05/01 11:59:42.515] - eth_blockNumber
[2020/05/01 12:00:01.119] - eth_blockNumber
[2020/05/01 12:00:02.529] - eth_blockNumber
[2020/05/01 12:00:21.137] - eth_blockNumber
[2020/05/01 12:00:22.555] - eth_blockNumber
[2020/05/01 12:00:41.177] - eth_blockNumber
[2020/05/01 12:00:42.573] - eth_blockNumber
[2020/05/01 12:01:01.193] - eth_blockNumber
[2020/05/01 12:01:02.585] - eth_blockNumber
[2020/05/01 12:01:21.202] - eth_blockNumber
[2020/05/01 12:01:22.597] - eth_blockNumber
[2020/05/01 12:01:41.212] - eth_blockNumber
[2020/05/01 12:01:42.605] - eth_blockNumber
[2020/05/01 12:02:01.219] - eth_blockNumber
[2020/05/01 12:02:02.618] - eth_blockNumber
[2020/05/01 12:02:21.228] - eth_blockNumber
[2020/05/01 12:02:22.631] - eth_blockNumber
[2020/05/01 12:02:41.242] - eth_blockNumber
[2020/05/01 12:02:42.645] - eth_blockNumber
[2020/05/01 12:03:01.252] - eth_blockNumber
[2020/05/01 12:03:02.655] - eth_blockNumber
[2020/05/01 12:03:21.261] - eth_blockNumber
[2020/05/01 12:03:22.671] - eth_blockNumber
[2020/05/01 12:03:41.271] - eth_blockNumber
[2020/05/01 12:03:42.687] - eth_blockNumber
[2020/05/01 12:04:01.287] - eth_blockNumber
[2020/05/01 12:04:02.697] - eth_blockNumber
[2020/05/01 12:04:21.303] - eth_blockNumber
[2020/05/01 12:04:22.706] - eth_blockNumber
[2020/05/01 12:04:41.312] - eth_blockNumber
[2020/05/01 12:04:42.715] - eth_blockNumber
[2020/05/01 12:05:01.321] - eth_blockNumber
[2020/05/01 12:05:02.724] - eth_blockNumber
[2020/05/01 12:05:21.338] - eth_blockNumber
[2020/05/01 12:05:22.734] - eth_blockNumber
[2020/05/01 12:05:41.355] - eth_blockNumber
[2020/05/01 12:05:42.744] - eth_blockNumber
[2020/05/01 12:06:01.368] - eth_blockNumber
[2020/05/01 12:06:02.754] - eth_blockNumber
[2020/05/01 12:06:21.381] - eth_blockNumber
[2020/05/01 12:06:22.774] - eth_blockNumber
[2020/05/01 12:06:41.389] - eth_blockNumber
[2020/05/01 12:06:42.785] - eth_blockNumber
[2020/05/01 12:07:01.398] - eth_blockNumber
[2020/05/01 12:07:02.794] - eth_blockNumber
[2020/05/01 12:07:21.409] - eth_blockNumber
[2020/05/01 12:07:22.807] - eth_blockNumber
[2020/05/01 12:07:41.424] - eth_blockNumber
[2020/05/01 12:07:42.826] - eth_blockNumber
[2020/05/01 12:08:01.433] - eth_blockNumber
[2020/05/01 12:08:02.841] - eth_blockNumber
[2020/05/01 12:08:21.441] - eth_blockNumber
[2020/05/01 12:08:22.859] - eth_blockNumber
[2020/05/01 12:08:41.459] - eth_blockNumber
[2020/05/01 12:08:42.879] - eth_blockNumber
[2020/05/01 12:09:01.478] - eth_blockNumber
[2020/05/01 12:09:02.895] - eth_blockNumber
[2020/05/01 12:09:21.497] - eth_blockNumber
[2020/05/01 12:09:22.916] - eth_blockNumber
[2020/05/01 12:09:41.507] - eth_blockNumber
[2020/05/01 12:09:42.927] - eth_blockNumber
[2020/05/01 12:10:01.530] - eth_blockNumber
[2020/05/01 12:10:02.941] - eth_blockNumber
[2020/05/01 12:10:21.544] - eth_blockNumber
[2020/05/01 12:10:22.958] - eth_blockNumber
[2020/05/01 12:10:41.557] - eth_blockNumber
[2020/05/01 12:10:42.976] - eth_blockNumber
[2020/05/01 12:11:01.583] - eth_blockNumber
[2020/05/01 12:11:02.994] - eth_blockNumber
[2020/05/01 12:11:21.608] - eth_blockNumber
[2020/05/01 12:11:23.010] - eth_blockNumber
[2020/05/01 12:11:41.625] - eth_blockNumber
[2020/05/01 12:11:43.023] - eth_blockNumber
[2020/05/01 12:12:01.634] - eth_blockNumber
[2020/05/01 12:12:03.044] - eth_blockNumber
[2020/05/01 12:12:21.661] - eth_blockNumber
[2020/05/01 12:12:23.065] - eth_blockNumber
[2020/05/01 12:12:41.694] - eth_blockNumber
[2020/05/01 12:12:43.080] - eth_blockNumber
[2020/05/01 12:13:01.723] - eth_blockNumber
[2020/05/01 12:13:03.109] - eth_blockNumber
[2020/05/01 12:13:21.801] - eth_blockNumber
[2020/05/01 12:13:22.675] - eth_call
[2020/05/01 12:13:22.695] - eth_call
[2020/05/01 12:13:22.702] - eth_call
[2020/05/01 12:13:22.721] - eth_call
[2020/05/01 12:13:23.150] - eth_blockNumber
[2020/05/01 12:13:23.557] - eth_call
[2020/05/01 12:13:41.830] - eth_blockNumber
[2020/05/01 12:13:44.133] - eth_blockNumber
[2020/05/01 12:14:01.852] - eth_blockNumber
[2020/05/01 12:14:04.149] - eth_blockNumber
[2020/05/01 12:14:21.875] - eth_blockNumber
[2020/05/01 12:14:24.173] - eth_blockNumber
[2020/05/01 12:14:41.903] - eth_blockNumber
[2020/05/01 12:14:44.229] - eth_blockNumber
[2020/05/01 12:15:01.928] - eth_blockNumber
[2020/05/01 12:15:04.241] - eth_blockNumber
[2020/05/01 12:15:21.941] - eth_blockNumber
[2020/05/01 12:15:22.593] - eth_getTransactionCount
[2020/05/01 12:15:24.265] - eth_blockNumber
[2020/05/01 12:15:41.973] - eth_blockNumber
[2020/05/01 12:15:44.346] - eth_blockNumber
[2020/05/01 12:15:45.549] - net_version
[2020/05/01 12:16:01.991] - eth_blockNumber
[2020/05/01 12:16:04.363] - eth_blockNumber
[2020/05/01 12:16:22.013] - eth_blockNumber
[2020/05/01 12:16:24.388] - eth_blockNumber
[2020/05/01 12:16:42.038] - eth_blockNumber
[2020/05/01 12:16:44.408] - eth_blockNumber
[2020/05/01 12:16:58.449] - eth_call
[2020/05/01 12:16:59.028] - eth_call
[2020/05/01 12:16:59.061] - eth_call
[2020/05/01 12:16:59.064] - eth_call
[2020/05/01 12:17:02.048] - eth_blockNumber
[2020/05/01 12:17:04.419] - eth_blockNumber
[2020/05/01 12:17:22.070] - eth_blockNumber
[2020/05/01 12:17:24.454] - eth_blockNumber
[2020/05/01 12:17:42.095] - eth_blockNumber
[2020/05/01 12:17:44.502] - eth_blockNumber
[2020/05/01 12:18:02.147] - eth_blockNumber
[2020/05/01 12:18:04.523] - eth_blockNumber
[2020/05/01 12:18:22.182] - eth_blockNumber
[2020/05/01 12:18:24.559] - eth_blockNumber
[2020/05/01 12:18:42.075] - eth_gasPrice
[2020/05/01 12:18:42.216] - eth_blockNumber
[2020/05/01 12:18:44.678] - eth_getCode
[2020/05/01 12:18:44.855] - eth_blockNumber
[2020/05/01 12:18:47.814] - eth_getBlockByNumber
[2020/05/01 12:18:48.843] - eth_estimateGas
[2020/05/01 12:19:02.244] - eth_blockNumber
[2020/05/01 12:19:06.045] - eth_blockNumber
[2020/05/01 12:19:10.888] - eth_sendRawTransaction
[2020/05/01 12:19:11.077] - 
[2020/05/01 12:19:11.078] -   Transaction: 0x2fb4d0a460b188242b8d9d1d384e2228bda9c2d888c8f812530e6f15e240a824
[2020/05/01 12:19:11.079] -   Gas usage: 287344
[2020/05/01 12:19:11.079] -   Block Number: 341
[2020/05/01 12:19:11.079] -   Block Time: Fri May 01 2020 12:19:10 GMT+0100 (IST)
[2020/05/01 12:19:11.079] - 
[2020/05/01 12:19:11.080] - eth_getBlockByNumber
[2020/05/01 12:19:11.211] - eth_getBalance
[2020/05/01 12:19:11.283] - eth_getTransactionCount
[2020/05/01 12:19:11.352] - eth_getBalance
[2020/05/01 12:19:11.424] - eth_getTransactionCount
[2020/05/01 12:19:11.487] - eth_getBalance
[2020/05/01 12:19:11.546] - eth_getTransactionCount
[2020/05/01 12:19:11.607] - eth_getBalance
[2020/05/01 12:19:11.672] - eth_getTransactionCount
[2020/05/01 12:19:11.742] - eth_getBalance
[2020/05/01 12:19:12.023] - eth_getTransactionCount
[2020/05/01 12:19:12.087] - eth_getBalance
[2020/05/01 12:19:12.137] - eth_getTransactionCount
[2020/05/01 12:19:12.198] - eth_getBalance
[2020/05/01 12:19:12.268] - eth_getTransactionCount
[2020/05/01 12:19:12.332] - eth_getBalance
[2020/05/01 12:19:12.402] - eth_getTransactionCount
[2020/05/01 12:19:12.516] - eth_getBalance
[2020/05/01 12:19:12.599] - eth_getTransactionCount
[2020/05/01 12:19:12.660] - eth_getBalance
[2020/05/01 12:19:12.735] - eth_getTransactionCount
[2020/05/01 12:19:14.122] - eth_getTransactionReceipt
[2020/05/01 12:19:14.631] - eth_blockNumber
[2020/05/01 12:19:14.826] - eth_getBlockByNumber
[2020/05/01 12:19:14.834] - eth_getBlockByNumber
[2020/05/01 12:19:14.890] - eth_call
[2020/05/01 12:19:14.891] - eth_call
[2020/05/01 12:19:15.383] - eth_call
[2020/05/01 12:19:15.394] - eth_call
[2020/05/01 12:19:16.086] - eth_getTransactionReceipt
[2020/05/01 12:19:16.114] - eth_getBalance
[2020/05/01 12:19:17.035] - eth_call
[2020/05/01 12:19:17.062] - eth_getTransactionCount
[2020/05/01 12:19:21.527] - eth_call
[2020/05/01 12:19:22.260] - eth_blockNumber
[2020/05/01 12:19:22.270] - eth_getBlockByNumber
[2020/05/01 12:19:26.270] - eth_blockNumber
[2020/05/01 12:19:42.275] - eth_blockNumber
[2020/05/01 12:19:46.578] - eth_blockNumber
[2020/05/01 12:19:49.043] - eth_gasPrice
[2020/05/01 12:19:49.194] - eth_getCode
[2020/05/01 12:19:49.370] - eth_estimateGas
[2020/05/01 12:19:55.140] - eth_sendRawTransaction
[2020/05/01 12:19:55.171] - 
[2020/05/01 12:19:55.171] -   Transaction: 0x90ab0fac69ef323a4ebf4a1bbd766aa1b350fbdb94d2943bc383c4822bd09043
[2020/05/01 12:19:55.171] -   Gas usage: 13511
[2020/05/01 12:19:55.171] -   Block Number: 342
[2020/05/01 12:19:55.172] -   Block Time: Fri May 01 2020 12:19:55 GMT+0100 (IST)
[2020/05/01 12:19:55.172] - 
[2020/05/01 12:19:55.173] - eth_getBlockByNumber
[2020/05/01 12:19:55.363] - eth_getBalance
[2020/05/01 12:19:55.453] - eth_getTransactionCount
[2020/05/01 12:19:55.561] - eth_getBalance
[2020/05/01 12:19:55.649] - eth_getTransactionCount
[2020/05/01 12:19:55.737] - eth_getBalance
[2020/05/01 12:19:55.828] - eth_getTransactionCount
[2020/05/01 12:19:55.921] - eth_getBalance
[2020/05/01 12:19:56.059] - eth_getTransactionCount
[2020/05/01 12:19:56.142] - eth_getBalance
[2020/05/01 12:19:56.223] - eth_getTransactionCount
[2020/05/01 12:19:56.312] - eth_getBalance
[2020/05/01 12:19:56.395] - eth_getTransactionCount
[2020/05/01 12:19:56.531] - eth_getBalance
[2020/05/01 12:19:56.610] - eth_getTransactionCount
[2020/05/01 12:19:56.710] - eth_getBalance
[2020/05/01 12:19:56.787] - eth_getTransactionCount
[2020/05/01 12:19:56.864] - eth_getBalance
[2020/05/01 12:19:56.954] - eth_getTransactionCount
[2020/05/01 12:19:57.072] - eth_getBalance
[2020/05/01 12:19:57.180] - eth_getTransactionCount
[2020/05/01 12:19:57.193] - eth_getTransactionReceipt
[2020/05/01 12:20:00.686] - eth_blockNumber
[2020/05/01 12:20:02.292] - eth_blockNumber
[2020/05/01 12:20:02.315] - eth_getBlockByNumber
[2020/05/01 12:20:02.663] - eth_getBlockByNumber
[2020/05/01 12:20:02.677] - eth_getBlockByNumber
[2020/05/01 12:20:02.677] - eth_call
[2020/05/01 12:20:02.678] - eth_call
[2020/05/01 12:20:02.678] - eth_call
[2020/05/01 12:20:02.679] - eth_call
[2020/05/01 12:20:02.680] - eth_call
[2020/05/01 12:20:02.695] - eth_getTransactionReceipt
[2020/05/01 12:20:03.322] - eth_call
[2020/05/01 12:20:03.424] - eth_getTransactionCount
[2020/05/01 12:20:04.261] - eth_getBalance
[2020/05/01 12:20:06.619] - eth_blockNumber
[2020/05/01 12:20:22.324] - eth_blockNumber
[2020/05/01 12:20:26.640] - eth_blockNumber
[2020/05/01 12:20:42.359] - eth_blockNumber
[2020/05/01 12:20:46.660] - eth_blockNumber
[2020/05/01 12:21:02.376] - eth_blockNumber
[2020/05/01 12:21:06.674] - eth_blockNumber
[2020/05/01 12:21:11.909] - eth_gasPrice
[2020/05/01 12:21:12.016] - eth_getCode
[2020/05/01 12:21:12.276] - eth_estimateGas
[2020/05/01 12:21:18.856] - eth_sendRawTransaction
[2020/05/01 12:21:18.968] - 
[2020/05/01 12:21:18.969] -   Transaction: 0xfe19f8595b1123563855ccd1109c0ff2a344faac1edd0a3358e9a5088b2d27ab
[2020/05/01 12:21:18.969] -   Gas usage: 287073
[2020/05/01 12:21:18.970] -   Block Number: 343
[2020/05/01 12:21:18.971] -   Block Time: Fri May 01 2020 12:21:18 GMT+0100 (IST)
[2020/05/01 12:21:18.971] - 
[2020/05/01 12:21:18.974] - eth_getBlockByNumber
[2020/05/01 12:21:19.148] - eth_getBalance
[2020/05/01 12:21:19.224] - eth_getTransactionCount
[2020/05/01 12:21:19.300] - eth_getBalance
[2020/05/01 12:21:19.372] - eth_getTransactionCount
[2020/05/01 12:21:19.442] - eth_getBalance
[2020/05/01 12:21:19.563] - eth_getTransactionCount
[2020/05/01 12:21:19.633] - eth_getBalance
[2020/05/01 12:21:19.700] - eth_getTransactionCount
[2020/05/01 12:21:19.768] - eth_getBalance
[2020/05/01 12:21:19.841] - eth_getTransactionCount
[2020/05/01 12:21:19.914] - eth_getBalance
[2020/05/01 12:21:20.003] - eth_getTransactionCount
[2020/05/01 12:21:20.090] - eth_getBalance
[2020/05/01 12:21:20.165] - eth_getTransactionCount
[2020/05/01 12:21:20.258] - eth_getBalance
[2020/05/01 12:21:20.337] - eth_getTransactionCount
[2020/05/01 12:21:20.440] - eth_getBalance
[2020/05/01 12:21:20.546] - eth_getTransactionCount
[2020/05/01 12:21:20.611] - eth_getBalance
[2020/05/01 12:21:20.830] - eth_getTransactionCount
[2020/05/01 12:21:20.850] - eth_getTransactionReceipt
[2020/05/01 12:21:20.851] - eth_call
[2020/05/01 12:21:20.860] - eth_call
[2020/05/01 12:21:20.871] - eth_call
[2020/05/01 12:21:21.177] - eth_blockNumber
[2020/05/01 12:21:22.022] - eth_getBlockByNumber
[2020/05/01 12:21:22.028] - eth_getBlockByNumber
[2020/05/01 12:21:22.073] - eth_call
[2020/05/01 12:21:22.101] - eth_getBalance
[2020/05/01 12:21:22.225] - eth_call
[2020/05/01 12:21:22.288] - eth_call
[2020/05/01 12:21:22.407] - eth_blockNumber
[2020/05/01 12:21:22.477] - eth_getTransactionReceipt
[2020/05/01 12:21:22.688] - eth_getBlockByNumber
[2020/05/01 12:21:22.889] - eth_getTransactionCount
[2020/05/01 12:21:25.944] - eth_call
[2020/05/01 12:21:26.692] - eth_call
[2020/05/01 12:21:26.724] - eth_blockNumber
[2020/05/01 12:21:42.695] - eth_blockNumber
[2020/05/01 12:21:47.038] - eth_blockNumber
[2020/05/01 12:22:02.747] - eth_blockNumber
[2020/05/01 12:22:07.051] - eth_blockNumber
[2020/05/01 12:22:22.774] - eth_blockNumber
[2020/05/01 12:22:27.076] - eth_blockNumber
[2020/05/01 12:22:42.790] - eth_blockNumber
[2020/05/01 12:22:47.103] - eth_blockNumber
[2020/05/01 12:23:01.815] - eth_call
[2020/05/01 12:23:02.818] - eth_blockNumber
[2020/05/01 12:23:07.134] - eth_blockNumber
[2020/05/01 12:23:22.842] - eth_blockNumber
[2020/05/01 12:23:27.151] - eth_blockNumber
[2020/05/01 12:23:42.874] - eth_blockNumber
[2020/05/01 12:23:47.161] - eth_blockNumber
[2020/05/01 12:24:02.888] - eth_blockNumber
[2020/05/01 12:24:07.173] - eth_blockNumber
[2020/05/01 12:24:22.902] - eth_blockNumber
[2020/05/01 12:24:27.191] - eth_blockNumber
[2020/05/01 12:24:29.080] - eth_getBalance
[2020/05/01 12:24:29.289] - eth_getTransactionByHash
[2020/05/01 12:24:29.839] - eth_getTransactionReceipt
[2020/05/01 12:24:30.344] - eth_getTransactionByHash
[2020/05/01 12:24:30.908] - eth_getTransactionReceipt
[2020/05/01 12:24:31.395] - eth_getTransactionByHash
[2020/05/01 12:24:31.889] - eth_getTransactionReceipt
[2020/05/01 12:24:32.676] - eth_getTransactionByHash
[2020/05/01 12:24:33.282] - eth_getTransactionReceipt
[2020/05/01 12:24:34.717] - net_version
[2020/05/01 12:24:34.740] - eth_getCode
[2020/05/01 12:24:34.760] - eth_getBlockByNumber
[2020/05/01 12:24:34.779] - eth_getBalance
[2020/05/01 12:24:34.788] - eth_getTransactionCount
[2020/05/01 12:24:34.830] - eth_getStorageAt
[2020/05/01 12:24:41.233] - eth_getBlockByNumber
[2020/05/01 12:24:41.673] - eth_getBlockByNumber
[2020/05/01 12:24:41.725] - net_version
[2020/05/01 12:24:41.729] - eth_getCode
[2020/05/01 12:24:41.932] - eth_getTransactionReceipt
[2020/05/01 12:24:42.435] - eth_getBlockByNumber
[2020/05/01 12:24:42.650] - eth_getTransactionReceipt
[2020/05/01 12:24:42.885] - eth_getBlockByNumber
[2020/05/01 12:24:42.916] - eth_blockNumber
[2020/05/01 12:24:43.203] - eth_getBlockByNumber
[2020/05/01 12:24:43.600] - eth_getBlockByNumber
[2020/05/01 12:24:43.797] - eth_getBlockByNumber
[2020/05/01 12:24:43.991] - eth_getTransactionReceipt
[2020/05/01 12:24:44.194] - eth_getBlockByNumber
[2020/05/01 12:24:44.357] - eth_getTransactionReceipt
[2020/05/01 12:24:44.621] - eth_getBlockByNumber
[2020/05/01 12:24:44.795] - eth_getTransactionReceipt
[2020/05/01 12:24:45.058] - eth_getBlockByNumber
[2020/05/01 12:24:45.225] - eth_getTransactionReceipt
[2020/05/01 12:24:45.444] - eth_getBlockByNumber
[2020/05/01 12:24:45.660] - eth_getTransactionReceipt
[2020/05/01 12:24:47.214] - eth_blockNumber
[2020/05/01 12:25:02.924] - eth_blockNumber
[2020/05/01 12:25:07.228] - eth_blockNumber
[2020/05/01 12:25:22.943] - eth_blockNumber
[2020/05/01 12:25:27.238] - eth_blockNumber
[2020/05/01 12:25:36.338] - net_version
[2020/05/01 12:25:36.352] - eth_getCode
[2020/05/01 12:25:36.363] - eth_getBlockByNumber
[2020/05/01 12:25:36.377] - eth_getBalance
[2020/05/01 12:25:36.394] - eth_getTransactionCount
[2020/05/01 12:25:36.402] - eth_getStorageAt
[2020/05/01 12:25:40.751] - net_version
[2020/05/01 12:25:40.754] - eth_getCode
[2020/05/01 12:25:42.961] - eth_blockNumber
[2020/05/01 12:25:47.249] - eth_blockNumber
[2020/05/01 12:26:02.984] - eth_blockNumber
[2020/05/01 12:26:07.264] - eth_blockNumber
[2020/05/01 12:26:22.997] - eth_blockNumber
[2020/05/01 12:26:27.274] - eth_blockNumber
[2020/05/01 12:26:43.013] - eth_blockNumber
[2020/05/01 12:26:47.287] - eth_blockNumber
[2020/05/01 12:27:03.023] - eth_blockNumber
[2020/05/01 12:27:07.297] - eth_blockNumber
[2020/05/01 12:27:23.047] - eth_blockNumber
[2020/05/01 12:27:27.314] - eth_blockNumber
[2020/05/01 12:27:43.096] - eth_blockNumber
[2020/05/01 12:27:46.426] - net_version
[2020/05/01 12:27:46.821] - eth_call
[2020/05/01 12:27:47.408] - eth_blockNumber
