[2020/04/23 19:36:32.112] - Starting server (version 2.1.2) with initial configuration: {"gasLimit":6721975,"gasPrice":20000000000,"hardfork":"petersburg","hostname":"127.0.0.1","port":7545,"network_id":5777,"default_balance_ether":100,"total_accounts":10,"unlocked_accounts":[],"locked":false,"vmErrorsOnRPCResponse":true,"verbose":false,"db_path":"/home/nash/.config/Ganache/workspaces/identity-wallet/chaindata","logDirectory":"/home/nash/Documents/Projects/Blockchain/Project/identity-wallet/wallet-web-app/logs"}
[2020/04/23 19:36:33.029] - eth_blockNumber
[2020/04/23 19:36:33.145] - eth_getBlockByNumber
[2020/04/23 19:36:33.163] - eth_getBlockByNumber
[2020/04/23 19:36:33.171] - eth_getBlockByNumber
[2020/04/23 19:36:33.177] - eth_blockNumber
[2020/04/23 19:36:33.219] - eth_getBlockByNumber
[2020/04/23 19:36:33.230] - eth_getBlockByNumber
[2020/04/23 19:36:33.244] - eth_getBlockByNumber
[2020/04/23 19:36:33.247] - eth_getBlockByNumber
[2020/04/23 19:36:33.316] - eth_getBlockByNumber
[2020/04/23 19:36:33.341] - eth_getBlockByNumber
[2020/04/23 19:36:33.370] - eth_getBlockByNumber
[2020/04/23 19:36:33.419] - eth_getBlockByNumber
[2020/04/23 19:36:33.461] - eth_getBlockByNumber
[2020/04/23 19:36:33.491] - eth_getBlockByNumber
[2020/04/23 19:36:33.513] - eth_getBlockByNumber
[2020/04/23 19:36:33.563] - eth_getBlockByNumber
[2020/04/23 19:36:33.567] - eth_getBlockByNumber
[2020/04/23 19:36:33.590] - eth_getBlockByNumber
[2020/04/23 19:36:33.599] - eth_getBlockByNumber
[2020/04/23 19:36:33.670] - eth_getBlockByNumber
[2020/04/23 19:36:33.675] - eth_getBlockByNumber
[2020/04/23 19:36:33.695] - eth_getBlockByNumber
[2020/04/23 19:36:33.729] - eth_getBlockByNumber
[2020/04/23 19:36:33.801] - eth_getBlockByNumber
[2020/04/23 19:36:33.812] - eth_getBlockByNumber
[2020/04/23 19:36:33.817] - eth_getBlockByNumber
[2020/04/23 19:36:33.827] - eth_getBlockByNumber
[2020/04/23 19:36:33.888] - eth_getBlockByNumber
[2020/04/23 19:36:33.969] - eth_subscribe
[2020/04/23 19:36:33.982] - eth_getBlockByNumber
[2020/04/23 19:36:33.990] - eth_getLogs
[2020/04/23 19:36:33.997] - eth_subscribe
[2020/04/23 19:36:34.003] - eth_getCode
[2020/04/23 19:36:34.072] - eth_getBlockByNumber
[2020/04/23 19:36:34.080] - eth_getBlockByNumber
[2020/04/23 19:36:34.140] - eth_getBlockByNumber
[2020/04/23 19:36:34.144] - eth_getBlockByNumber
[2020/04/23 19:36:34.188] - eth_getBlockByNumber
[2020/04/23 19:36:34.237] - eth_getBlockByNumber
[2020/04/23 19:36:34.259] - eth_getBlockByNumber
[2020/04/23 19:36:34.281] - eth_getBlockByNumber
[2020/04/23 19:36:34.295] - eth_getBlockByNumber
[2020/04/23 19:36:34.311] - eth_getBlockByNumber
[2020/04/23 19:36:34.345] - eth_getBlockByNumber
[2020/04/23 19:36:34.374] - eth_getBlockByNumber
[2020/04/23 19:36:34.463] - eth_getBlockByNumber
[2020/04/23 19:36:34.482] - eth_getBlockByNumber
[2020/04/23 19:36:34.506] - eth_getCode
[2020/04/23 19:36:34.536] - eth_getBlockByNumber
[2020/04/23 19:36:34.540] - eth_getBlockByNumber
[2020/04/23 19:36:34.555] - eth_getBlockByNumber
[2020/04/23 19:36:34.593] - eth_getBlockByNumber
[2020/04/23 19:36:34.609] - eth_getBlockByNumber
[2020/04/23 19:36:34.616] - eth_getBlockByNumber
[2020/04/23 19:36:34.633] - eth_getBlockByNumber
[2020/04/23 19:36:34.654] - eth_getBlockByNumber
[2020/04/23 19:36:34.675] - eth_getBlockByNumber
[2020/04/23 19:36:34.712] - eth_getBlockByNumber
[2020/04/23 19:36:34.740] - eth_getBlockByNumber
[2020/04/23 19:36:34.763] - eth_getBlockByNumber
[2020/04/23 19:36:34.836] - eth_getBlockByNumber
[2020/04/23 19:36:34.860] - eth_getBlockByNumber
[2020/04/23 19:36:34.888] - eth_getBlockByNumber
[2020/04/23 19:36:34.910] - eth_getBlockByNumber
[2020/04/23 19:36:34.965] - eth_getBlockByNumber
[2020/04/23 19:36:34.992] - eth_getBlockByNumber
[2020/04/23 19:36:35.009] - eth_getBlockByNumber
[2020/04/23 19:36:35.031] - eth_getBlockByNumber
[2020/04/23 19:36:35.055] - eth_getBlockByNumber
[2020/04/23 19:36:35.073] - eth_getBlockByNumber
[2020/04/23 19:36:35.138] - eth_getCode
[2020/04/23 19:36:35.147] - eth_getBlockByNumber
[2020/04/23 19:36:35.148] - eth_getBlockByNumber
[2020/04/23 19:36:35.168] - eth_getBlockByNumber
[2020/04/23 19:36:35.172] - eth_getBlockByNumber
[2020/04/23 19:36:35.272] - eth_getBlockByNumber
[2020/04/23 19:36:35.284] - eth_getBlockByNumber
[2020/04/23 19:36:35.302] - eth_getBlockByNumber
[2020/04/23 19:36:35.338] - eth_getBlockByNumber
[2020/04/23 19:36:35.456] - eth_getBlockByNumber
[2020/04/23 19:36:35.489] - eth_getCode
[2020/04/23 19:36:35.502] - eth_getBlockByNumber
[2020/04/23 19:36:35.547] - eth_getBlockByNumber
[2020/04/23 19:36:35.565] - eth_getBlockByNumber
[2020/04/23 19:36:35.591] - eth_getBlockByNumber
[2020/04/23 19:36:35.622] - eth_getBlockByNumber
[2020/04/23 19:36:35.657] - eth_getBlockByNumber
[2020/04/23 19:36:35.679] - eth_getCode
[2020/04/23 19:36:35.680] - eth_getBlockByNumber
[2020/04/23 19:36:35.690] - eth_getBlockByNumber
[2020/04/23 19:36:35.705] - eth_getBlockByNumber
[2020/04/23 19:36:35.950] - eth_getCode
[2020/04/23 19:36:42.855] - eth_blockNumber
[2020/04/23 19:36:42.856] - eth_accounts
[2020/04/23 19:36:42.857] - eth_gasPrice
[2020/04/23 19:36:42.859] - eth_getBlockByNumber
[2020/04/23 19:36:42.860] - eth_subscribe
[2020/04/23 19:36:43.231] - eth_accounts
[2020/04/23 19:36:43.696] - eth_getBalance
[2020/04/23 19:36:43.800] - eth_getTransactionCount
[2020/04/23 19:36:43.913] - eth_getBalance
[2020/04/23 19:36:43.999] - eth_getTransactionCount
[2020/04/23 19:36:44.053] - eth_getBalance
[2020/04/23 19:36:44.108] - eth_getTransactionCount
[2020/04/23 19:36:44.153] - eth_getBalance
[2020/04/23 19:36:44.199] - eth_getTransactionCount
[2020/04/23 19:36:44.254] - eth_getBalance
[2020/04/23 19:36:44.309] - eth_getTransactionCount
[2020/04/23 19:36:44.426] - eth_getBalance
[2020/04/23 19:36:44.542] - eth_getTransactionCount
[2020/04/23 19:36:44.598] - eth_getBalance
[2020/04/23 19:36:44.644] - eth_getTransactionCount
[2020/04/23 19:36:44.707] - eth_getBalance
[2020/04/23 19:36:44.813] - eth_getTransactionCount
[2020/04/23 19:36:44.861] - eth_getBalance
[2020/04/23 19:36:44.905] - eth_getTransactionCount
[2020/04/23 19:36:44.967] - eth_getBalance
[2020/04/23 19:36:45.016] - eth_getTransactionCount
[2020/04/23 19:36:45.578] - eth_getBalance
[2020/04/23 19:36:45.632] - eth_getTransactionCount
[2020/04/23 19:36:45.695] - eth_getBalance
[2020/04/23 19:36:45.788] - eth_getTransactionCount
[2020/04/23 19:36:45.893] - eth_getBalance
[2020/04/23 19:36:46.003] - eth_getTransactionCount
[2020/04/23 19:36:46.108] - eth_getBalance
[2020/04/23 19:36:46.189] - eth_getTransactionCount
[2020/04/23 19:36:46.288] - eth_getBalance
[2020/04/23 19:36:46.389] - eth_getTransactionCount
[2020/04/23 19:36:46.498] - eth_getBalance
[2020/04/23 19:36:46.603] - eth_getTransactionCount
[2020/04/23 19:36:46.708] - eth_getBalance
[2020/04/23 19:36:46.791] - eth_getTransactionCount
[2020/04/23 19:36:46.897] - eth_getBalance
[2020/04/23 19:36:47.003] - eth_getTransactionCount
[2020/04/23 19:36:47.113] - eth_getBalance
[2020/04/23 19:36:47.215] - eth_getTransactionCount
[2020/04/23 19:36:47.288] - eth_getBalance
[2020/04/23 19:36:47.385] - eth_getTransactionCount
[2020/04/23 19:36:53.368] - eth_blockNumber
[2020/04/23 19:36:53.882] - eth_blockNumber
[2020/04/23 19:37:13.377] - eth_blockNumber
[2020/04/23 19:37:13.897] - eth_blockNumber
[2020/04/23 19:37:33.389] - eth_blockNumber
[2020/04/23 19:37:33.915] - eth_blockNumber
[2020/04/23 19:37:34.498] - eth_getBalance
[2020/04/23 19:37:36.384] - net_version
[2020/04/23 19:37:36.401] - eth_getCode
[2020/04/23 19:37:36.412] - eth_getBlockByNumber
[2020/04/23 19:37:36.434] - eth_getBalance
[2020/04/23 19:37:36.448] - eth_getTransactionCount
[2020/04/23 19:37:36.495] - eth_getStorageAt
[2020/04/23 19:37:53.407] - eth_blockNumber
[2020/04/23 19:37:53.932] - eth_blockNumber
[2020/04/23 19:38:13.420] - eth_blockNumber
[2020/04/23 19:38:13.951] - eth_blockNumber
[2020/04/23 19:38:33.435] - eth_blockNumber
[2020/04/23 19:38:33.967] - eth_blockNumber
[2020/04/23 19:38:53.448] - eth_blockNumber
[2020/04/23 19:38:53.979] - eth_blockNumber
[2020/04/23 19:39:13.461] - eth_blockNumber
[2020/04/23 19:39:13.995] - eth_blockNumber
[2020/04/23 19:39:33.473] - eth_blockNumber
[2020/04/23 19:39:34.025] - eth_blockNumber
[2020/04/23 19:39:53.485] - eth_blockNumber
[2020/04/23 19:39:54.045] - eth_blockNumber
[2020/04/23 19:40:13.514] - eth_blockNumber
[2020/04/23 19:40:14.066] - eth_blockNumber
[2020/04/23 19:40:33.544] - eth_blockNumber
[2020/04/23 19:40:34.080] - eth_blockNumber
[2020/04/23 19:40:53.567] - eth_blockNumber
[2020/04/23 19:40:54.096] - eth_blockNumber
[2020/04/23 19:41:13.587] - eth_blockNumber
[2020/04/23 19:41:14.113] - eth_blockNumber
[2020/04/23 19:41:33.598] - eth_blockNumber
[2020/04/23 19:41:34.126] - eth_blockNumber
[2020/04/23 19:41:53.610] - eth_blockNumber
[2020/04/23 19:41:54.137] - eth_blockNumber
[2020/04/23 19:42:13.621] - eth_blockNumber
[2020/04/23 19:42:14.149] - eth_blockNumber
[2020/04/23 19:42:33.633] - eth_blockNumber
[2020/04/23 19:42:34.162] - eth_blockNumber
