[2020/03/30 19:44:31.008] - Starting server (version 2.1.2) with initial configuration: {"gasLimit":6721975,"gasPrice":20000000000,"hardfork":"petersburg","hostname":"127.0.0.1","port":7545,"network_id":5777,"default_balance_ether":100,"total_accounts":10,"unlocked_accounts":[],"locked":false,"vmErrorsOnRPCResponse":true,"verbose":false,"db_path":"/home/nash/.config/Ganache/workspaces/identity-wallet/chaindata","logDirectory":"/home/nash/Documents/Projects/Blockchain/Project/identity-wallet/wallet-web-app/logs"}
[2020/03/30 19:44:31.663] - eth_getCode
[2020/03/30 19:44:31.666] - eth_subscribe
[2020/03/30 19:44:31.667] - eth_getLogs
[2020/03/30 19:44:31.672] - eth_subscribe
[2020/03/30 19:44:31.696] - eth_getCode
[2020/03/30 19:44:31.738] - eth_getCode
[2020/03/30 19:44:31.751] - eth_getCode
[2020/03/30 19:44:31.759] - eth_getCode
[2020/03/30 19:44:31.779] - eth_getCode
[2020/03/30 19:44:32.781] - eth_blockNumber
[2020/03/30 19:44:32.782] - eth_accounts
[2020/03/30 19:44:32.783] - eth_gasPrice
[2020/03/30 19:44:32.783] - eth_getBlockByNumber
[2020/03/30 19:44:33.016] - eth_accounts
[2020/03/30 19:44:33.017] - eth_subscribe
[2020/03/30 19:44:33.415] - eth_getBalance
[2020/03/30 19:44:33.600] - eth_getTransactionCount
[2020/03/30 19:44:33.833] - eth_getBalance
[2020/03/30 19:44:34.014] - eth_getTransactionCount
[2020/03/30 19:44:34.131] - eth_getBalance
[2020/03/30 19:44:34.183] - eth_getTransactionCount
[2020/03/30 19:44:34.233] - eth_getBalance
[2020/03/30 19:44:34.282] - eth_getTransactionCount
[2020/03/30 19:44:34.336] - eth_getBalance
[2020/03/30 19:44:34.385] - eth_getTransactionCount
[2020/03/30 19:44:34.438] - eth_getBalance
[2020/03/30 19:44:34.488] - eth_getTransactionCount
[2020/03/30 19:44:34.538] - eth_getBalance
[2020/03/30 19:44:34.590] - eth_getTransactionCount
[2020/03/30 19:44:34.656] - eth_getBalance
[2020/03/30 19:44:34.715] - eth_getTransactionCount
[2020/03/30 19:44:34.765] - eth_getBalance
[2020/03/30 19:44:34.814] - eth_getTransactionCount
[2020/03/30 19:44:34.865] - eth_getBalance
[2020/03/30 19:44:34.915] - eth_getTransactionCount
[2020/03/30 19:44:35.555] - eth_getBalance
[2020/03/30 19:44:35.607] - eth_getTransactionCount
[2020/03/30 19:44:35.676] - eth_getBalance
[2020/03/30 19:44:35.740] - eth_getTransactionCount
[2020/03/30 19:44:35.790] - eth_getBalance
[2020/03/30 19:44:35.840] - eth_getTransactionCount
[2020/03/30 19:44:35.890] - eth_getBalance
[2020/03/30 19:44:35.940] - eth_getTransactionCount
[2020/03/30 19:44:35.994] - eth_getBalance
[2020/03/30 19:44:36.047] - eth_getTransactionCount
[2020/03/30 19:44:36.100] - eth_getBalance
[2020/03/30 19:44:36.153] - eth_getTransactionCount
[2020/03/30 19:44:36.204] - eth_getBalance
[2020/03/30 19:44:36.254] - eth_getTransactionCount
[2020/03/30 19:44:36.304] - eth_getBalance
[2020/03/30 19:44:36.354] - eth_getTransactionCount
[2020/03/30 19:44:36.407] - eth_getBalance
[2020/03/30 19:44:36.457] - eth_getTransactionCount
[2020/03/30 19:44:36.506] - eth_getBalance
[2020/03/30 19:44:36.555] - eth_getTransactionCount
[2020/03/30 19:44:40.038] - eth_blockNumber
[2020/03/30 19:44:43.695] - eth_getBalance
[2020/03/30 19:44:43.863] - eth_getTransactionByHash
[2020/03/30 19:44:44.212] - eth_getTransactionReceipt
[2020/03/30 19:44:44.894] - net_version
[2020/03/30 19:44:44.898] - eth_getCode
[2020/03/30 19:44:44.903] - eth_getBlockByNumber
[2020/03/30 19:44:44.908] - eth_getBalance
[2020/03/30 19:44:44.913] - eth_getTransactionCount
[2020/03/30 19:44:44.917] - eth_getStorageAt
[2020/03/30 19:44:45.580] - eth_blockNumber
[2020/03/30 19:45:00.050] - eth_blockNumber
[2020/03/30 19:45:05.599] - eth_blockNumber
[2020/03/30 19:45:19.745] - net_version
[2020/03/30 19:45:20.031] - eth_call
[2020/03/30 19:45:20.070] - eth_blockNumber
[2020/03/30 19:45:20.203] - eth_call
[2020/03/30 19:45:25.614] - eth_blockNumber
[2020/03/30 19:45:40.096] - eth_blockNumber
[2020/03/30 19:45:45.628] - eth_blockNumber
[2020/03/30 19:46:00.126] - eth_blockNumber
[2020/03/30 19:46:05.652] - eth_blockNumber
[2020/03/30 19:46:20.137] - eth_blockNumber
[2020/03/30 19:46:25.662] - eth_blockNumber
[2020/03/30 19:46:40.151] - eth_blockNumber
[2020/03/30 19:46:45.673] - eth_blockNumber
[2020/03/30 19:46:53.280] - net_version
[2020/03/30 19:47:00.164] - eth_blockNumber
[2020/03/30 19:47:05.694] - eth_blockNumber
[2020/03/30 19:47:20.180] - eth_blockNumber
[2020/03/30 19:47:25.743] - eth_blockNumber
[2020/03/30 19:47:40.193] - eth_blockNumber
[2020/03/30 19:47:45.755] - eth_blockNumber
[2020/03/30 19:48:00.204] - eth_blockNumber
[2020/03/30 19:48:05.775] - eth_blockNumber
[2020/03/30 19:48:20.219] - eth_blockNumber
[2020/03/30 19:48:25.795] - eth_blockNumber
[2020/03/30 19:48:40.231] - eth_blockNumber
[2020/03/30 19:48:45.816] - eth_blockNumber
[2020/03/30 19:49:00.242] - eth_blockNumber
[2020/03/30 19:49:05.830] - eth_blockNumber
[2020/03/30 19:49:20.251] - eth_blockNumber
[2020/03/30 19:49:25.850] - eth_blockNumber
[2020/03/30 19:49:40.260] - eth_blockNumber
[2020/03/30 19:49:45.871] - eth_blockNumber
[2020/03/30 19:50:00.272] - eth_blockNumber
[2020/03/30 19:50:05.893] - eth_blockNumber
[2020/03/30 19:50:20.280] - eth_blockNumber
[2020/03/30 19:50:25.908] - eth_blockNumber
[2020/03/30 19:50:40.291] - eth_blockNumber
[2020/03/30 19:50:45.926] - eth_blockNumber
[2020/03/30 19:51:00.313] - eth_blockNumber
[2020/03/30 19:51:05.939] - eth_blockNumber
[2020/03/30 19:51:20.325] - eth_blockNumber
[2020/03/30 19:51:25.956] - eth_blockNumber
[2020/03/30 19:51:40.341] - eth_blockNumber
[2020/03/30 19:51:45.985] - eth_blockNumber
[2020/03/30 19:52:00.351] - eth_blockNumber
[2020/03/30 19:52:06.001] - eth_blockNumber
[2020/03/30 19:52:20.363] - eth_blockNumber
[2020/03/30 19:52:26.015] - eth_blockNumber
[2020/03/30 19:52:40.373] - eth_blockNumber
[2020/03/30 19:52:46.028] - eth_blockNumber
[2020/03/30 19:53:00.382] - eth_blockNumber
[2020/03/30 19:53:06.046] - eth_blockNumber
[2020/03/30 19:53:20.394] - eth_blockNumber
[2020/03/30 19:53:26.062] - eth_blockNumber
[2020/03/30 19:53:40.405] - eth_blockNumber
[2020/03/30 19:53:46.074] - eth_blockNumber
[2020/03/30 19:54:00.427] - eth_blockNumber
[2020/03/30 19:54:06.083] - eth_blockNumber
[2020/03/30 19:54:20.451] - eth_blockNumber
[2020/03/30 19:54:26.093] - eth_blockNumber
[2020/03/30 19:54:40.464] - eth_blockNumber
[2020/03/30 19:54:46.103] - eth_blockNumber
[2020/03/30 19:54:54.895] - net_version
[2020/03/30 19:55:00.474] - eth_blockNumber
[2020/03/30 19:55:06.111] - eth_blockNumber
[2020/03/30 19:55:20.498] - eth_blockNumber
[2020/03/30 19:55:26.117] - eth_blockNumber
[2020/03/30 19:55:40.519] - eth_blockNumber
[2020/03/30 19:55:46.133] - eth_blockNumber
[2020/03/30 19:56:00.726] - eth_blockNumber
[2020/03/30 19:56:06.175] - eth_blockNumber
[2020/03/30 19:56:20.808] - eth_blockNumber
[2020/03/30 19:57:41.710] - eth_blockNumber
[2020/03/30 19:57:41.773] - eth_blockNumber
[2020/03/30 19:58:18.990] - eth_blockNumber
[2020/03/30 19:58:19.003] - eth_blockNumber
[2020/03/30 20:00:26.877] - eth_blockNumber
[2020/03/30 20:00:46.751] - net_version
[2020/03/30 20:00:46.915] - eth_blockNumber
[2020/03/30 20:00:47.076] - eth_blockNumber
[2020/03/30 20:00:54.526] - eth_call
[2020/03/30 20:01:06.922] - eth_blockNumber
[2020/03/30 20:01:07.085] - eth_blockNumber
[2020/03/30 20:01:26.930] - eth_blockNumber
[2020/03/30 20:01:27.092] - eth_blockNumber
[2020/03/30 20:01:46.944] - eth_blockNumber
[2020/03/30 20:01:47.104] - eth_blockNumber
[2020/03/30 20:02:06.955] - eth_blockNumber
[2020/03/30 20:02:07.119] - eth_blockNumber
[2020/03/30 20:02:26.967] - eth_blockNumber
[2020/03/30 20:02:27.133] - eth_blockNumber
[2020/03/30 20:02:46.976] - eth_blockNumber
[2020/03/30 20:02:47.149] - eth_blockNumber
[2020/03/30 20:03:06.987] - eth_blockNumber
[2020/03/30 20:03:07.161] - eth_blockNumber
[2020/03/30 20:03:27.001] - eth_blockNumber
[2020/03/30 20:03:27.177] - eth_blockNumber
[2020/03/30 20:03:47.011] - eth_blockNumber
[2020/03/30 20:03:47.188] - eth_blockNumber
[2020/03/30 20:04:07.019] - eth_blockNumber
[2020/03/30 20:04:07.198] - eth_blockNumber
[2020/03/30 20:04:27.030] - eth_blockNumber
[2020/03/30 20:04:27.212] - eth_blockNumber
[2020/03/30 20:04:47.040] - eth_blockNumber
[2020/03/30 20:04:47.223] - eth_blockNumber
[2020/03/30 20:04:49.805] - eth_unsubscribe
[2020/03/30 20:04:49.809] - eth_unsubscribe
