[2020/04/03 11:32:09.762] - Starting server (version 2.1.2) with initial configuration: {"gasLimit":6721975,"gasPrice":20000000000,"hardfork":"petersburg","hostname":"127.0.0.1","port":7545,"network_id":5777,"default_balance_ether":100,"total_accounts":10,"unlocked_accounts":[],"locked":false,"vmErrorsOnRPCResponse":true,"verbose":false,"db_path":"/home/nash/.config/Ganache/workspaces/identity-wallet/chaindata","logDirectory":"/home/nash/Documents/Projects/Blockchain/Project/identity-wallet/wallet-web-app/logs"}
[2020/04/03 11:32:10.697] - eth_getCode
[2020/04/03 11:32:10.703] - eth_subscribe
[2020/04/03 11:32:10.704] - eth_getLogs
[2020/04/03 11:32:10.706] - eth_subscribe
[2020/04/03 11:32:10.740] - eth_getCode
[2020/04/03 11:32:10.832] - eth_getCode
[2020/04/03 11:32:10.853] - eth_getCode
[2020/04/03 11:32:10.864] - eth_getCode
[2020/04/03 11:32:10.889] - eth_getCode
[2020/04/03 11:32:11.809] - eth_blockNumber
[2020/04/03 11:32:11.810] - eth_accounts
[2020/04/03 11:32:11.810] - eth_gasPrice
[2020/04/03 11:32:11.810] - eth_getBlockByNumber
[2020/04/03 11:32:11.810] - eth_subscribe
[2020/04/03 11:32:11.965] - eth_accounts
[2020/04/03 11:32:12.123] - eth_getBalance
[2020/04/03 11:32:12.170] - eth_getTransactionCount
[2020/04/03 11:32:12.213] - eth_getBalance
[2020/04/03 11:32:12.254] - eth_getTransactionCount
[2020/04/03 11:32:12.293] - eth_getBalance
[2020/04/03 11:32:12.334] - eth_getTransactionCount
[2020/04/03 11:32:12.374] - eth_getBalance
[2020/04/03 11:32:12.414] - eth_getTransactionCount
[2020/04/03 11:32:12.455] - eth_getBalance
[2020/04/03 11:32:12.495] - eth_getTransactionCount
[2020/04/03 11:32:12.536] - eth_getBalance
[2020/04/03 11:32:12.577] - eth_getTransactionCount
[2020/04/03 11:32:12.617] - eth_getBalance
[2020/04/03 11:32:12.667] - eth_getTransactionCount
[2020/04/03 11:32:12.714] - eth_getBalance
[2020/04/03 11:32:12.756] - eth_getTransactionCount
[2020/04/03 11:32:12.797] - eth_getBalance
[2020/04/03 11:32:12.837] - eth_getTransactionCount
[2020/04/03 11:32:12.878] - eth_getBalance
[2020/04/03 11:32:12.920] - eth_getTransactionCount
[2020/04/03 11:32:13.406] - eth_getBalance
[2020/04/03 11:32:13.447] - eth_getTransactionCount
[2020/04/03 11:32:13.488] - eth_getBalance
[2020/04/03 11:32:13.528] - eth_getTransactionCount
[2020/04/03 11:32:13.569] - eth_getBalance
[2020/04/03 11:32:13.610] - eth_getTransactionCount
[2020/04/03 11:32:13.657] - eth_getBalance
[2020/04/03 11:32:13.708] - eth_getTransactionCount
[2020/04/03 11:32:13.750] - eth_getBalance
[2020/04/03 11:32:13.791] - eth_getTransactionCount
[2020/04/03 11:32:13.832] - eth_getBalance
[2020/04/03 11:32:13.873] - eth_getTransactionCount
[2020/04/03 11:32:13.914] - eth_getBalance
[2020/04/03 11:32:13.955] - eth_getTransactionCount
[2020/04/03 11:32:13.996] - eth_getBalance
[2020/04/03 11:32:14.037] - eth_getTransactionCount
[2020/04/03 11:32:14.077] - eth_getBalance
[2020/04/03 11:32:14.118] - eth_getTransactionCount
[2020/04/03 11:32:14.166] - eth_getBalance
[2020/04/03 11:32:14.211] - eth_getTransactionCount
[2020/04/03 11:32:27.696] - eth_blockNumber
[2020/04/03 11:32:47.711] - eth_blockNumber
[2020/04/03 11:33:07.725] - eth_blockNumber
[2020/04/03 11:33:27.737] - eth_blockNumber
[2020/04/03 11:33:47.747] - eth_blockNumber
[2020/04/03 11:33:49.475] - net_version
[2020/04/03 11:33:49.690] - eth_call
[2020/04/03 11:34:07.757] - eth_blockNumber
[2020/04/03 11:34:27.772] - eth_blockNumber
[2020/04/03 11:34:47.790] - eth_blockNumber
[2020/04/03 11:35:07.806] - eth_blockNumber
[2020/04/03 11:35:27.829] - eth_blockNumber
[2020/04/03 11:35:47.846] - eth_blockNumber
[2020/04/03 11:36:07.866] - eth_blockNumber
[2020/04/03 11:36:08.054] - eth_call
[2020/04/03 11:36:27.880] - eth_blockNumber
[2020/04/03 11:36:46.724] - eth_gasPrice
[2020/04/03 11:36:46.799] - eth_getCode
[2020/04/03 11:36:46.991] - eth_estimateGas
[2020/04/03 11:36:48.229] - eth_blockNumber
[2020/04/03 11:36:48.934] - eth_getTransactionCount
[2020/04/03 11:36:50.426] - eth_sendRawTransaction
[2020/04/03 11:36:50.539] - 
[2020/04/03 11:36:50.539] -   Transaction: 0x0349aca7c96810978dd8e50d4eaf8a7a58ad1db442715ceb9bb909fde03d10ce
[2020/04/03 11:36:50.539] -   Gas usage: 286256
[2020/04/03 11:36:50.539] -   Block Number: 334
[2020/04/03 11:36:50.540] -   Block Time: Fri Apr 03 2020 11:36:50 GMT+0100 (IST)
[2020/04/03 11:36:50.540] - 
[2020/04/03 11:36:50.541] - eth_getBlockByNumber
[2020/04/03 11:36:50.844] - eth_getBalance
[2020/04/03 11:36:50.923] - eth_getTransactionCount
[2020/04/03 11:36:51.020] - eth_getBalance
[2020/04/03 11:36:51.132] - eth_getTransactionCount
[2020/04/03 11:36:51.284] - eth_getBalance
[2020/04/03 11:36:51.375] - eth_getTransactionCount
[2020/04/03 11:36:51.433] - eth_getBalance
[2020/04/03 11:36:51.489] - eth_getTransactionCount
[2020/04/03 11:36:51.540] - eth_getBalance
[2020/04/03 11:36:51.591] - eth_getTransactionCount
[2020/04/03 11:36:51.644] - eth_getBalance
[2020/04/03 11:36:51.703] - eth_getTransactionCount
[2020/04/03 11:36:51.765] - eth_getBalance
[2020/04/03 11:36:51.779] - eth_getTransactionReceipt
[2020/04/03 11:36:51.913] - eth_getTransactionCount
[2020/04/03 11:36:52.045] - eth_getBalance
[2020/04/03 11:36:52.148] - eth_getTransactionCount
[2020/04/03 11:36:52.244] - eth_getBalance
[2020/04/03 11:36:52.331] - eth_getTransactionCount
[2020/04/03 11:36:52.420] - eth_getBalance
[2020/04/03 11:36:52.486] - eth_getTransactionCount
[2020/04/03 11:36:52.818] - eth_blockNumber
[2020/04/03 11:36:52.828] - eth_getBlockByNumber
[2020/04/03 11:36:52.831] - eth_getBlockByNumber
[2020/04/03 11:36:52.893] - eth_getTransactionReceipt
[2020/04/03 11:36:52.969] - eth_getTransactionCount
[2020/04/03 11:36:53.009] - eth_call
[2020/04/03 11:36:53.155] - eth_getBalance
[2020/04/03 11:36:53.370] - eth_call
[2020/04/03 11:37:08.339] - eth_blockNumber
[2020/04/03 11:37:28.353] - eth_blockNumber
[2020/04/03 11:37:48.368] - eth_blockNumber
[2020/04/03 11:38:08.444] - eth_blockNumber
[2020/04/03 11:38:28.455] - eth_blockNumber
[2020/04/03 11:38:48.475] - eth_blockNumber
[2020/04/03 11:39:08.504] - eth_blockNumber
[2020/04/03 11:39:28.546] - eth_blockNumber
[2020/04/03 11:39:48.567] - eth_blockNumber
[2020/04/03 11:40:02.124] - net_version
[2020/04/03 11:40:08.595] - eth_blockNumber
[2020/04/03 11:40:28.661] - eth_blockNumber
[2020/04/03 11:40:48.674] - eth_blockNumber
[2020/04/03 11:40:57.397] - eth_gasPrice
[2020/04/03 11:40:57.472] - eth_getCode
[2020/04/03 11:40:57.672] - eth_estimateGas
[2020/04/03 11:41:01.107] - eth_sendRawTransaction
[2020/04/03 11:41:01.192] - 
[2020/04/03 11:41:01.192] -   Transaction: 0x26a3b20904e4990214b4d5244a6f51729c2079c92e44e2830334c6fc9441c3bf
[2020/04/03 11:41:01.192] -   Gas usage: 271512
[2020/04/03 11:41:01.192] -   Block Number: 335
[2020/04/03 11:41:01.193] -   Block Time: Fri Apr 03 2020 11:41:01 GMT+0100 (IST)
[2020/04/03 11:41:01.193] - 
[2020/04/03 11:41:01.195] - eth_getBlockByNumber
[2020/04/03 11:41:01.397] - eth_getBalance
[2020/04/03 11:41:01.450] - eth_getTransactionCount
[2020/04/03 11:41:01.500] - eth_getBalance
[2020/04/03 11:41:01.554] - eth_getTransactionCount
[2020/04/03 11:41:01.631] - eth_getBalance
[2020/04/03 11:41:01.701] - eth_getTransactionCount
[2020/04/03 11:41:01.747] - eth_getBalance
[2020/04/03 11:41:01.791] - eth_getTransactionCount
[2020/04/03 11:41:01.832] - eth_getBalance
[2020/04/03 11:41:01.873] - eth_getTransactionCount
[2020/04/03 11:41:01.916] - eth_getBalance
[2020/04/03 11:41:01.973] - eth_getTransactionCount
[2020/04/03 11:41:02.058] - eth_getBalance
[2020/04/03 11:41:02.097] - eth_getTransactionCount
[2020/04/03 11:41:02.143] - eth_getBalance
[2020/04/03 11:41:02.196] - eth_getTransactionCount
[2020/04/03 11:41:02.239] - eth_getBalance
[2020/04/03 11:41:02.287] - eth_getTransactionCount
[2020/04/03 11:41:02.361] - eth_getBalance
[2020/04/03 11:41:02.407] - eth_getTransactionReceipt
[2020/04/03 11:41:02.464] - eth_getTransactionCount
[2020/04/03 11:41:03.738] - eth_blockNumber
[2020/04/03 11:41:03.814] - eth_getBlockByNumber
[2020/04/03 11:41:03.821] - eth_getBlockByNumber
[2020/04/03 11:41:03.862] - eth_call
[2020/04/03 11:41:03.958] - eth_getTransactionReceipt
[2020/04/03 11:41:04.032] - eth_getTransactionCount
[2020/04/03 11:41:04.807] - eth_call
[2020/04/03 11:41:04.907] - eth_getBalance
[2020/04/03 11:41:05.060] - eth_call
[2020/04/03 11:41:08.687] - eth_blockNumber
[2020/04/03 11:41:28.702] - eth_blockNumber
[2020/04/03 11:41:48.715] - eth_blockNumber
[2020/04/03 11:42:08.729] - eth_blockNumber
[2020/04/03 11:42:26.039] - net_version
[2020/04/03 11:42:28.743] - eth_blockNumber
[2020/04/03 11:42:38.949] - net_version
[2020/04/03 11:42:48.755] - eth_blockNumber
[2020/04/03 11:43:08.769] - eth_blockNumber
[2020/04/03 11:43:28.779] - eth_blockNumber
[2020/04/03 11:43:48.786] - eth_blockNumber
[2020/04/03 11:44:08.800] - eth_blockNumber
[2020/04/03 11:44:28.848] - eth_blockNumber
[2020/04/03 11:44:49.726] - eth_blockNumber
[2020/04/03 11:45:09.744] - eth_blockNumber
[2020/04/03 11:45:29.757] - eth_blockNumber
[2020/04/03 11:45:49.771] - eth_blockNumber
[2020/04/03 11:46:09.782] - eth_blockNumber
[2020/04/03 11:46:29.792] - eth_blockNumber
[2020/04/03 11:46:49.804] - eth_blockNumber
[2020/04/03 11:47:09.822] - eth_blockNumber
[2020/04/03 11:47:29.838] - eth_blockNumber
[2020/04/03 11:47:39.524] - net_version
[2020/04/03 11:47:43.951] - eth_call
[2020/04/03 11:47:49.857] - eth_blockNumber
[2020/04/03 11:48:09.871] - eth_blockNumber
[2020/04/03 11:48:29.890] - eth_blockNumber
[2020/04/03 11:48:49.903] - eth_blockNumber
[2020/04/03 11:48:56.593] - eth_gasPrice
[2020/04/03 11:48:56.670] - eth_getCode
[2020/04/03 11:48:56.948] - eth_estimateGas
[2020/04/03 11:49:00.181] - eth_sendRawTransaction
[2020/04/03 11:49:00.286] - 
[2020/04/03 11:49:00.287] -   Transaction: 0xccec498000e66370f70ab0bf5b9f9e6c2bf0e66c6df97a2a079efdfaf6c387c1
[2020/04/03 11:49:00.287] -   Gas usage: 287024
[2020/04/03 11:49:00.287] -   Block Number: 336
[2020/04/03 11:49:00.287] -   Block Time: Fri Apr 03 2020 11:49:00 GMT+0100 (IST)
[2020/04/03 11:49:00.287] - 
[2020/04/03 11:49:00.288] - eth_getBlockByNumber
[2020/04/03 11:49:00.505] - eth_getBalance
[2020/04/03 11:49:00.556] - eth_getTransactionCount
[2020/04/03 11:49:00.603] - eth_getBalance
[2020/04/03 11:49:00.650] - eth_getTransactionCount
[2020/04/03 11:49:00.721] - eth_getBalance
[2020/04/03 11:49:00.810] - eth_getTransactionCount
[2020/04/03 11:49:00.852] - eth_getBalance
[2020/04/03 11:49:00.888] - eth_getTransactionCount
[2020/04/03 11:49:00.930] - eth_getBalance
[2020/04/03 11:49:00.971] - eth_getTransactionCount
[2020/04/03 11:49:01.012] - eth_getBalance
[2020/04/03 11:49:01.051] - eth_getTransactionCount
[2020/04/03 11:49:01.092] - eth_getBalance
[2020/04/03 11:49:01.144] - eth_getTransactionCount
[2020/04/03 11:49:01.237] - eth_getBalance
[2020/04/03 11:49:01.296] - eth_getTransactionCount
[2020/04/03 11:49:01.356] - eth_getBalance
[2020/04/03 11:49:01.446] - eth_getTransactionCount
[2020/04/03 11:49:01.521] - eth_getBalance
[2020/04/03 11:49:01.598] - eth_getTransactionCount
[2020/04/03 11:49:02.359] - eth_getTransactionReceipt
[2020/04/03 11:49:02.373] - eth_blockNumber
[2020/04/03 11:49:02.385] - eth_getBlockByNumber
[2020/04/03 11:49:02.389] - eth_getBlockByNumber
[2020/04/03 11:49:02.392] - eth_call
[2020/04/03 11:49:02.393] - eth_call
[2020/04/03 11:49:02.465] - eth_getBalance
[2020/04/03 11:49:02.515] - eth_getTransactionReceipt
[2020/04/03 11:49:02.664] - eth_getTransactionCount
[2020/04/03 11:49:02.998] - eth_call
[2020/04/03 11:49:03.291] - eth_call
[2020/04/03 11:49:09.917] - eth_blockNumber
[2020/04/03 11:49:29.930] - eth_blockNumber
[2020/04/03 11:49:49.943] - eth_blockNumber
[2020/04/03 11:50:09.955] - eth_blockNumber
[2020/04/03 11:50:18.926] - net_version
[2020/04/03 11:50:29.966] - eth_blockNumber
[2020/04/03 11:50:49.978] - eth_blockNumber
[2020/04/03 11:50:56.955] - net_version
[2020/04/03 11:51:09.991] - eth_blockNumber
[2020/04/03 11:51:30.003] - eth_blockNumber
[2020/04/03 11:51:50.015] - eth_blockNumber
[2020/04/03 11:52:10.027] - eth_blockNumber
[2020/04/03 11:52:30.041] - eth_blockNumber
[2020/04/03 11:52:42.330] - net_version
[2020/04/03 11:52:50.049] - eth_blockNumber
[2020/04/03 11:53:10.056] - eth_blockNumber
[2020/04/03 11:53:30.064] - eth_blockNumber
[2020/04/03 11:53:50.072] - eth_blockNumber
[2020/04/03 11:53:51.693] - net_version
[2020/04/03 11:54:10.085] - eth_blockNumber
[2020/04/03 11:54:30.100] - eth_blockNumber
[2020/04/03 11:54:50.111] - eth_blockNumber
[2020/04/03 11:55:10.124] - eth_blockNumber
[2020/04/03 11:55:25.726] - net_version
[2020/04/03 11:55:25.729] - eth_blockNumber
[2020/04/03 11:55:25.743] - net_version
[2020/04/03 11:55:26.380] - eth_getBlockByNumber
[2020/04/03 11:55:26.386] - eth_getBlockByNumber
[2020/04/03 11:55:26.387] - eth_getBlockByNumber
[2020/04/03 11:55:26.388] - eth_getBlockByNumber
[2020/04/03 11:55:26.397] - eth_getBlockByNumber
[2020/04/03 11:55:26.398] - eth_getBlockByNumber
[2020/04/03 11:55:26.399] - eth_getBlockByNumber
[2020/04/03 11:55:26.399] - eth_getBlockByNumber
[2020/04/03 11:55:26.402] - eth_getBlockByNumber
[2020/04/03 11:55:26.406] - eth_getBlockByNumber
[2020/04/03 11:55:26.415] - eth_getBlockByNumber
[2020/04/03 11:55:26.419] - eth_getBlockByNumber
[2020/04/03 11:55:26.423] - eth_getBlockByNumber
[2020/04/03 11:55:26.451] - eth_getBlockByNumber
[2020/04/03 11:55:26.461] - eth_getBlockByNumber
[2020/04/03 11:55:26.471] - eth_getBlockByNumber
[2020/04/03 11:55:26.481] - eth_getBlockByNumber
[2020/04/03 11:55:26.490] - eth_getBlockByNumber
[2020/04/03 11:55:26.495] - eth_getBlockByNumber
[2020/04/03 11:55:26.505] - eth_getBlockByNumber
[2020/04/03 11:55:26.510] - eth_getBlockByNumber
[2020/04/03 11:55:26.525] - eth_getBlockByNumber
[2020/04/03 11:55:26.533] - eth_getBlockByNumber
[2020/04/03 11:55:26.538] - eth_getBlockByNumber
[2020/04/03 11:55:26.539] - eth_getBlockByNumber
[2020/04/03 11:55:26.544] - eth_getBlockByNumber
[2020/04/03 11:55:26.557] - eth_getBlockByNumber
[2020/04/03 11:55:26.561] - eth_getBlockByNumber
[2020/04/03 11:55:26.568] - eth_getBlockByNumber
[2020/04/03 11:55:26.571] - eth_getBlockByNumber
[2020/04/03 11:55:26.582] - eth_getBlockByNumber
[2020/04/03 11:55:26.589] - eth_getBlockByNumber
[2020/04/03 11:55:26.593] - eth_getBlockByNumber
[2020/04/03 11:55:26.594] - eth_getBlockByNumber
[2020/04/03 11:55:26.601] - eth_getBlockByNumber
[2020/04/03 11:55:26.609] - eth_getBlockByNumber
[2020/04/03 11:55:26.615] - eth_getBlockByNumber
[2020/04/03 11:55:26.622] - eth_getBlockByNumber
[2020/04/03 11:55:26.625] - eth_getBlockByNumber
[2020/04/03 11:55:26.629] - eth_getBlockByNumber
[2020/04/03 11:55:26.633] - eth_getBlockByNumber
[2020/04/03 11:55:30.144] - eth_blockNumber
[2020/04/03 11:55:46.457] - eth_blockNumber
[2020/04/03 11:55:50.160] - eth_blockNumber
[2020/04/03 11:56:06.469] - eth_blockNumber
[2020/04/03 11:56:10.180] - eth_blockNumber
[2020/04/03 11:56:26.499] - eth_blockNumber
[2020/04/03 11:56:30.203] - eth_blockNumber
[2020/04/03 11:56:46.520] - eth_blockNumber
[2020/04/03 11:56:50.220] - eth_blockNumber
[2020/04/03 11:57:06.536] - eth_blockNumber
[2020/04/03 11:57:10.231] - eth_blockNumber
[2020/04/03 11:57:26.554] - eth_blockNumber
[2020/04/03 11:57:30.249] - eth_blockNumber
[2020/04/03 11:57:46.577] - eth_blockNumber
[2020/04/03 11:57:50.275] - eth_blockNumber
[2020/04/03 11:58:06.614] - eth_blockNumber
[2020/04/03 11:58:10.292] - eth_blockNumber
[2020/04/03 11:58:26.633] - eth_blockNumber
[2020/04/03 11:58:30.311] - eth_blockNumber
[2020/04/03 11:58:46.647] - eth_blockNumber
[2020/04/03 11:58:50.330] - eth_blockNumber
[2020/04/03 11:59:06.664] - eth_blockNumber
[2020/04/03 11:59:10.348] - eth_blockNumber
[2020/04/03 11:59:26.685] - eth_blockNumber
[2020/04/03 11:59:30.372] - eth_blockNumber
[2020/04/03 11:59:46.702] - eth_blockNumber
[2020/04/03 11:59:50.387] - eth_blockNumber
[2020/04/03 12:00:06.721] - eth_blockNumber
[2020/04/03 12:00:10.402] - eth_blockNumber
[2020/04/03 12:00:26.744] - eth_blockNumber
[2020/04/03 12:00:30.428] - eth_blockNumber
[2020/04/03 12:00:46.771] - eth_blockNumber
[2020/04/03 12:00:50.442] - eth_blockNumber
[2020/04/03 12:01:06.788] - eth_blockNumber
[2020/04/03 12:01:10.460] - eth_blockNumber
[2020/04/03 12:01:26.803] - eth_blockNumber
[2020/04/03 12:01:30.479] - eth_blockNumber
[2020/04/03 12:01:46.861] - eth_blockNumber
[2020/04/03 12:01:47.254] - eth_call
[2020/04/03 12:01:50.493] - eth_blockNumber
[2020/04/03 12:02:06.879] - eth_blockNumber
[2020/04/03 12:02:10.510] - eth_blockNumber
[2020/04/03 12:02:26.896] - eth_blockNumber
[2020/04/03 12:02:30.534] - eth_blockNumber
[2020/04/03 12:02:46.920] - eth_blockNumber
[2020/04/03 12:02:50.553] - eth_blockNumber
[2020/04/03 12:03:06.938] - eth_blockNumber
[2020/04/03 12:03:10.568] - eth_blockNumber
[2020/04/03 12:03:26.955] - eth_blockNumber
[2020/04/03 12:03:30.584] - eth_blockNumber
[2020/04/03 12:03:46.969] - eth_blockNumber
[2020/04/03 12:03:50.598] - eth_blockNumber
[2020/04/03 12:04:06.981] - eth_blockNumber
[2020/04/03 12:04:10.612] - eth_blockNumber
[2020/04/03 12:04:26.995] - eth_blockNumber
[2020/04/03 12:04:30.627] - eth_blockNumber
[2020/04/03 12:04:47.009] - eth_blockNumber
[2020/04/03 12:04:50.642] - eth_blockNumber
[2020/04/03 12:05:07.023] - eth_blockNumber
[2020/04/03 12:05:10.655] - eth_blockNumber
[2020/04/03 12:05:27.036] - eth_blockNumber
[2020/04/03 12:05:29.274] - net_version
[2020/04/03 12:05:30.671] - eth_blockNumber
[2020/04/03 12:05:47.057] - eth_blockNumber
[2020/04/03 12:05:50.685] - eth_blockNumber
[2020/04/03 12:06:07.071] - eth_blockNumber
[2020/04/03 12:06:10.698] - eth_blockNumber
[2020/04/03 12:06:27.087] - eth_blockNumber
[2020/04/03 12:06:30.711] - eth_blockNumber
[2020/04/03 12:06:32.869] - eth_gasPrice
[2020/04/03 12:06:32.934] - eth_getCode
[2020/04/03 12:06:33.141] - eth_estimateGas
[2020/04/03 12:06:40.728] - eth_sendRawTransaction
[2020/04/03 12:06:40.899] - 
[2020/04/03 12:06:40.900] -   Transaction: 0x5dea678f161afeb6c0f303551e1cba10b466c1d0bc89722608c9dc9b41a0f244
[2020/04/03 12:06:40.900] -   Gas usage: 286960
[2020/04/03 12:06:40.900] -   Block Number: 337
[2020/04/03 12:06:40.900] -   Block Time: Fri Apr 03 2020 12:06:40 GMT+0100 (IST)
[2020/04/03 12:06:40.901] - 
[2020/04/03 12:06:40.903] - eth_getBlockByNumber
[2020/04/03 12:06:41.139] - eth_getBalance
[2020/04/03 12:06:41.214] - eth_getTransactionCount
[2020/04/03 12:06:41.287] - eth_getBalance
[2020/04/03 12:06:41.442] - eth_getTransactionCount
[2020/04/03 12:06:41.521] - eth_getBalance
[2020/04/03 12:06:41.593] - eth_getTransactionCount
[2020/04/03 12:06:41.667] - eth_getBalance
[2020/04/03 12:06:41.799] - eth_getTransactionCount
[2020/04/03 12:06:42.003] - eth_getBalance
[2020/04/03 12:06:42.158] - eth_getTransactionCount
[2020/04/03 12:06:42.255] - eth_getBalance
[2020/04/03 12:06:42.341] - eth_getTransactionCount
[2020/04/03 12:06:42.497] - eth_getBalance
[2020/04/03 12:06:42.690] - eth_getTransactionCount
[2020/04/03 12:06:42.770] - eth_getBalance
[2020/04/03 12:06:42.866] - eth_getTransactionCount
[2020/04/03 12:06:42.935] - eth_getBalance
[2020/04/03 12:06:43.000] - eth_getTransactionCount
[2020/04/03 12:06:43.063] - eth_getBalance
[2020/04/03 12:06:43.127] - eth_getTransactionCount
[2020/04/03 12:06:44.463] - eth_getTransactionReceipt
[2020/04/03 12:06:44.713] - eth_blockNumber
[2020/04/03 12:06:44.745] - eth_getBlockByNumber
[2020/04/03 12:06:44.753] - eth_getBlockByNumber
[2020/04/03 12:06:44.765] - eth_call
[2020/04/03 12:06:44.769] - eth_call
[2020/04/03 12:06:44.773] - eth_call
[2020/04/03 12:06:44.875] - eth_getTransactionReceipt
[2020/04/03 12:06:45.078] - eth_getTransactionCount
[2020/04/03 12:06:45.991] - eth_getBalance
[2020/04/03 12:06:46.264] - eth_call
[2020/04/03 12:06:46.642] - eth_call
[2020/04/03 12:06:47.101] - eth_blockNumber
[2020/04/03 12:06:47.118] - eth_getBlockByNumber
[2020/04/03 12:06:50.725] - eth_blockNumber
[2020/04/03 12:07:07.124] - eth_blockNumber
[2020/04/03 12:07:10.744] - eth_blockNumber
[2020/04/03 12:07:27.140] - eth_blockNumber
[2020/04/03 12:07:30.761] - eth_blockNumber
[2020/04/03 12:07:47.153] - eth_blockNumber
[2020/04/03 12:07:50.777] - eth_blockNumber
[2020/04/03 12:07:53.369] - eth_call
[2020/04/03 12:08:07.179] - eth_blockNumber
[2020/04/03 12:08:10.792] - eth_blockNumber
[2020/04/03 12:08:23.932] - eth_gasPrice
[2020/04/03 12:08:24.062] - eth_getCode
[2020/04/03 12:08:24.375] - eth_estimateGas
[2020/04/03 12:08:27.205] - eth_blockNumber
[2020/04/03 12:08:28.736] - eth_sendRawTransaction
[2020/04/03 12:08:28.911] - 
[2020/04/03 12:08:28.912] -   Transaction: 0x65841c444ad6783fda636045eead0889375ef59533bf9cedf449125185632e28
[2020/04/03 12:08:28.912] -   Gas usage: 301689
[2020/04/03 12:08:28.913] -   Block Number: 338
[2020/04/03 12:08:28.913] -   Block Time: Fri Apr 03 2020 12:08:28 GMT+0100 (IST)
[2020/04/03 12:08:28.913] - 
[2020/04/03 12:08:28.915] - eth_getBlockByNumber
[2020/04/03 12:08:29.383] - eth_getBalance
[2020/04/03 12:08:29.481] - eth_getTransactionCount
[2020/04/03 12:08:29.575] - eth_getBalance
[2020/04/03 12:08:29.678] - eth_getTransactionCount
[2020/04/03 12:08:29.773] - eth_getBalance
[2020/04/03 12:08:29.924] - eth_getTransactionCount
[2020/04/03 12:08:30.058] - eth_getBalance
[2020/04/03 12:08:30.155] - eth_getTransactionCount
[2020/04/03 12:08:30.246] - eth_getBalance
[2020/04/03 12:08:30.345] - eth_getTransactionCount
[2020/04/03 12:08:30.422] - eth_getBalance
[2020/04/03 12:08:30.520] - eth_getTransactionCount
[2020/04/03 12:08:30.621] - eth_getBalance
[2020/04/03 12:08:30.781] - eth_getTransactionCount
[2020/04/03 12:08:30.890] - eth_getBalance
[2020/04/03 12:08:30.970] - eth_getTransactionCount
[2020/04/03 12:08:31.043] - eth_getBalance
[2020/04/03 12:08:31.115] - eth_getTransactionCount
[2020/04/03 12:08:31.193] - eth_getBalance
[2020/04/03 12:08:31.270] - eth_getTransactionCount
[2020/04/03 12:08:32.091] - eth_blockNumber
[2020/04/03 12:08:32.738] - eth_getBlockByNumber
[2020/04/03 12:08:32.742] - eth_getBlockByNumber
[2020/04/03 12:08:32.751] - eth_getTransactionReceipt
[2020/04/03 12:08:32.906] - eth_getTransactionCount
[2020/04/03 12:08:32.940] - eth_call
[2020/04/03 12:08:33.322] - eth_call
[2020/04/03 12:08:33.864] - eth_getBalance
[2020/04/03 12:08:47.218] - eth_blockNumber
[2020/04/03 12:08:47.231] - eth_getBlockByNumber
[2020/04/03 12:08:52.747] - eth_blockNumber
[2020/04/03 12:09:07.236] - eth_blockNumber
[2020/04/03 12:09:12.763] - eth_blockNumber
[2020/04/03 12:09:27.248] - eth_blockNumber
[2020/04/03 12:09:32.778] - eth_blockNumber
[2020/04/03 12:09:47.260] - eth_blockNumber
[2020/04/03 12:09:52.796] - eth_blockNumber
[2020/04/03 12:10:07.273] - eth_blockNumber
[2020/04/03 12:10:12.811] - eth_blockNumber
[2020/04/03 12:10:27.286] - eth_blockNumber
[2020/04/03 12:10:32.829] - eth_blockNumber
[2020/04/03 12:10:47.300] - eth_blockNumber
[2020/04/03 12:10:52.846] - eth_blockNumber
[2020/04/03 12:11:07.313] - eth_blockNumber
[2020/04/03 12:11:12.858] - eth_blockNumber
[2020/04/03 12:11:27.326] - eth_blockNumber
[2020/04/03 12:11:32.870] - eth_blockNumber
[2020/04/03 12:11:47.339] - eth_blockNumber
[2020/04/03 12:11:52.883] - eth_blockNumber
[2020/04/03 12:12:07.355] - eth_blockNumber
[2020/04/03 12:12:12.897] - eth_blockNumber
[2020/04/03 12:12:27.368] - eth_blockNumber
[2020/04/03 12:12:32.909] - eth_blockNumber
[2020/04/03 12:12:47.383] - eth_blockNumber
[2020/04/03 12:12:52.922] - eth_blockNumber
[2020/04/03 12:13:07.396] - eth_blockNumber
[2020/04/03 12:13:12.938] - eth_blockNumber
[2020/04/03 12:13:27.406] - eth_blockNumber
[2020/04/03 12:13:32.952] - eth_blockNumber
[2020/04/03 12:13:47.420] - eth_blockNumber
[2020/04/03 12:13:52.968] - eth_blockNumber
[2020/04/03 12:14:07.435] - eth_blockNumber
[2020/04/03 12:14:12.984] - eth_blockNumber
[2020/04/03 12:14:27.453] - eth_blockNumber
[2020/04/03 12:14:33.003] - eth_blockNumber
[2020/04/03 12:14:47.466] - eth_blockNumber
[2020/04/03 12:14:53.017] - eth_blockNumber
[2020/04/03 12:15:07.481] - eth_blockNumber
[2020/04/03 12:15:13.031] - eth_blockNumber
[2020/04/03 12:15:27.498] - eth_blockNumber
[2020/04/03 12:15:33.045] - eth_blockNumber
[2020/04/03 12:15:47.512] - eth_blockNumber
[2020/04/03 12:15:53.076] - eth_blockNumber
[2020/04/03 12:16:07.524] - eth_blockNumber
[2020/04/03 12:16:13.131] - eth_blockNumber
[2020/04/03 12:16:27.540] - eth_blockNumber
[2020/04/03 12:16:33.150] - eth_blockNumber
[2020/04/03 12:16:47.555] - eth_blockNumber
[2020/04/03 12:16:53.167] - eth_blockNumber
[2020/04/03 12:17:07.571] - eth_blockNumber
[2020/04/03 12:17:13.180] - eth_blockNumber
[2020/04/03 12:17:27.587] - eth_blockNumber
[2020/04/03 12:17:33.207] - eth_blockNumber
[2020/04/03 12:17:47.602] - eth_blockNumber
[2020/04/03 12:17:53.221] - eth_blockNumber
[2020/04/03 12:18:07.616] - eth_blockNumber
[2020/04/03 12:18:13.238] - eth_blockNumber
[2020/04/03 12:18:27.630] - eth_blockNumber
[2020/04/03 12:18:33.257] - eth_blockNumber
[2020/04/03 12:18:47.644] - eth_blockNumber
[2020/04/03 12:18:53.272] - eth_blockNumber
[2020/04/03 12:19:07.657] - eth_blockNumber
[2020/04/03 12:19:13.284] - eth_blockNumber
[2020/04/03 12:19:27.674] - eth_blockNumber
[2020/04/03 12:19:33.297] - eth_blockNumber
[2020/04/03 12:19:47.688] - eth_blockNumber
[2020/04/03 12:19:53.313] - eth_blockNumber
[2020/04/03 12:20:07.706] - eth_blockNumber
[2020/04/03 12:20:13.328] - eth_blockNumber
[2020/04/03 12:20:27.771] - eth_blockNumber
[2020/04/03 12:20:33.341] - eth_blockNumber
[2020/04/03 12:20:47.789] - eth_blockNumber
[2020/04/03 12:20:53.353] - eth_blockNumber
[2020/04/03 12:21:07.805] - eth_blockNumber
[2020/04/03 12:21:13.372] - eth_blockNumber
[2020/04/03 12:21:27.829] - eth_blockNumber
[2020/04/03 12:21:33.387] - eth_blockNumber
[2020/04/03 12:21:47.847] - eth_blockNumber
[2020/04/03 12:21:53.400] - eth_blockNumber
[2020/04/03 12:22:07.866] - eth_blockNumber
[2020/04/03 12:22:13.419] - eth_blockNumber
[2020/04/03 12:22:27.885] - eth_blockNumber
[2020/04/03 12:22:33.432] - eth_blockNumber
[2020/04/03 12:22:47.898] - eth_blockNumber
[2020/04/03 12:22:53.446] - eth_blockNumber
[2020/04/03 12:23:07.913] - eth_blockNumber
[2020/04/03 12:23:13.469] - eth_blockNumber
[2020/04/03 12:23:27.929] - eth_blockNumber
[2020/04/03 12:23:33.491] - eth_blockNumber
[2020/04/03 12:23:47.944] - eth_blockNumber
[2020/04/03 12:23:53.507] - eth_blockNumber
[2020/04/03 12:24:07.966] - eth_blockNumber
[2020/04/03 12:24:13.526] - eth_blockNumber
[2020/04/03 12:24:27.988] - eth_blockNumber
[2020/04/03 12:24:33.544] - eth_blockNumber
[2020/04/03 12:24:48.002] - eth_blockNumber
[2020/04/03 12:24:53.558] - eth_blockNumber
[2020/04/03 12:25:08.018] - eth_blockNumber
[2020/04/03 12:25:13.577] - eth_blockNumber
[2020/04/03 12:25:28.041] - eth_blockNumber
[2020/04/03 12:25:33.589] - eth_blockNumber
[2020/04/03 12:25:48.053] - eth_blockNumber
[2020/04/03 12:25:53.600] - eth_blockNumber
[2020/04/03 12:26:08.063] - eth_blockNumber
[2020/04/03 12:26:13.612] - eth_blockNumber
[2020/04/03 12:26:28.076] - eth_blockNumber
[2020/04/03 12:26:33.624] - eth_blockNumber
[2020/04/03 12:26:48.089] - eth_blockNumber
[2020/04/03 12:26:52.048] - eth_getBlockByNumber
[2020/04/03 12:26:52.220] - eth_getBlockTransactionCountByNumber
[2020/04/03 12:26:52.407] - eth_getBlockByNumber
[2020/04/03 12:26:52.593] - eth_getBlockTransactionCountByNumber
[2020/04/03 12:26:52.816] - eth_getBlockByNumber
[2020/04/03 12:26:53.011] - eth_getBlockTransactionCountByNumber
[2020/04/03 12:26:53.217] - eth_getBlockByNumber
[2020/04/03 12:26:53.635] - eth_blockNumber
[2020/04/03 12:26:53.687] - eth_getBlockTransactionCountByNumber
[2020/04/03 12:26:53.928] - eth_getBlockByNumber
[2020/04/03 12:26:54.110] - eth_getBlockTransactionCountByNumber
[2020/04/03 12:26:54.300] - eth_getBlockByNumber
[2020/04/03 12:26:54.640] - eth_getBlockTransactionCountByNumber
[2020/04/03 12:26:54.833] - eth_getBlockByNumber
[2020/04/03 12:26:55.014] - eth_getBlockTransactionCountByNumber
[2020/04/03 12:26:55.214] - eth_getBlockByNumber
[2020/04/03 12:26:55.399] - eth_getBlockTransactionCountByNumber
[2020/04/03 12:26:55.586] - eth_getBlockByNumber
[2020/04/03 12:26:55.784] - eth_getBlockTransactionCountByNumber
[2020/04/03 12:26:55.961] - eth_getBlockByNumber
[2020/04/03 12:26:56.141] - eth_getBlockTransactionCountByNumber
[2020/04/03 12:26:56.329] - eth_getBlockByNumber
[2020/04/03 12:26:56.508] - eth_getBlockTransactionCountByNumber
[2020/04/03 12:26:56.733] - eth_getBlockByNumber
[2020/04/03 12:26:56.883] - eth_getBlockTransactionCountByNumber
[2020/04/03 12:26:57.038] - eth_getBlockByNumber
[2020/04/03 12:26:57.214] - eth_getBlockTransactionCountByNumber
[2020/04/03 12:26:57.390] - eth_getBlockByNumber
[2020/04/03 12:26:57.494] - eth_getBalance
[2020/04/03 12:26:58.211] - eth_getBlockTransactionCountByNumber
[2020/04/03 12:26:59.065] - eth_getTransactionByHash
[2020/04/03 12:26:59.889] - eth_getBlockByNumber
[2020/04/03 12:27:00.658] - eth_getTransactionReceipt
[2020/04/03 12:27:01.451] - eth_getBlockTransactionCountByNumber
[2020/04/03 12:27:02.292] - eth_getTransactionByHash
[2020/04/03 12:27:03.273] - eth_getBlockByNumber
[2020/04/03 12:27:03.991] - eth_getTransactionReceipt
[2020/04/03 12:27:04.701] - eth_getBlockTransactionCountByNumber
[2020/04/03 12:27:05.277] - eth_getTransactionByHash
[2020/04/03 12:27:06.739] - eth_getTransactionReceipt
[2020/04/03 12:27:07.566] - eth_getTransactionByHash
[2020/04/03 12:27:08.114] - eth_blockNumber
[2020/04/03 12:27:08.276] - eth_getTransactionReceipt
[2020/04/03 12:27:10.065] - net_version
[2020/04/03 12:27:10.082] - eth_getCode
[2020/04/03 12:27:10.105] - eth_getBlockByNumber
[2020/04/03 12:27:10.113] - eth_getBalance
[2020/04/03 12:27:10.123] - eth_getTransactionCount
[2020/04/03 12:27:10.162] - eth_getStorageAt
[2020/04/03 12:27:13.665] - eth_blockNumber
[2020/04/03 12:27:17.408] - eth_getBlockByNumber
[2020/04/03 12:27:17.725] - eth_getTransactionReceipt
[2020/04/03 12:27:17.867] - net_version
[2020/04/03 12:27:17.871] - eth_getCode
[2020/04/03 12:27:18.029] - eth_getBlockByNumber
[2020/04/03 12:27:18.408] - eth_getBlockByNumber
[2020/04/03 12:27:18.671] - eth_getBlockByNumber
[2020/04/03 12:27:18.879] - eth_getBlockByNumber
[2020/04/03 12:27:19.088] - eth_getBlockByNumber
[2020/04/03 12:27:19.257] - eth_getTransactionReceipt
[2020/04/03 12:27:19.482] - eth_getBlockByNumber
[2020/04/03 12:27:19.733] - eth_getTransactionReceipt
[2020/04/03 12:27:20.059] - eth_getBlockByNumber
[2020/04/03 12:27:20.239] - eth_getTransactionReceipt
[2020/04/03 12:27:20.438] - eth_getBlockByNumber
[2020/04/03 12:27:20.594] - eth_getTransactionReceipt
[2020/04/03 12:27:20.820] - eth_getBlockByNumber
[2020/04/03 12:27:20.976] - eth_getTransactionReceipt
[2020/04/03 12:27:21.215] - eth_getBlockByNumber
[2020/04/03 12:27:21.371] - eth_getTransactionReceipt
[2020/04/03 12:27:28.134] - eth_blockNumber
[2020/04/03 12:27:33.714] - eth_blockNumber
[2020/04/03 12:27:48.146] - eth_blockNumber
[2020/04/03 12:27:53.725] - eth_blockNumber
[2020/04/03 12:28:08.157] - eth_blockNumber
[2020/04/03 12:28:13.736] - eth_blockNumber
[2020/04/03 12:28:28.173] - eth_blockNumber
[2020/04/03 12:28:33.748] - eth_blockNumber
[2020/04/03 12:28:48.185] - eth_blockNumber
[2020/04/03 12:28:53.759] - eth_blockNumber
[2020/04/03 12:29:08.196] - eth_blockNumber
[2020/04/03 12:29:13.771] - eth_blockNumber
[2020/04/03 12:29:28.208] - eth_blockNumber
[2020/04/03 12:29:33.781] - eth_blockNumber
[2020/04/03 12:29:48.220] - eth_blockNumber
[2020/04/03 12:29:53.796] - eth_blockNumber
[2020/04/03 12:30:08.232] - eth_blockNumber
[2020/04/03 12:30:13.809] - eth_blockNumber
[2020/04/03 12:30:28.252] - eth_blockNumber
[2020/04/03 12:30:33.824] - eth_blockNumber
[2020/04/03 12:30:48.273] - eth_blockNumber
[2020/04/03 12:30:53.837] - eth_blockNumber
[2020/04/03 12:31:08.285] - eth_blockNumber
[2020/04/03 12:31:13.849] - eth_blockNumber
[2020/04/03 12:31:28.296] - eth_blockNumber
[2020/04/03 12:31:33.862] - eth_blockNumber
[2020/04/03 12:31:48.311] - eth_blockNumber
[2020/04/03 12:31:53.874] - eth_blockNumber
[2020/04/03 12:32:08.323] - eth_blockNumber
[2020/04/03 12:32:13.889] - eth_blockNumber
[2020/04/03 12:32:28.336] - eth_blockNumber
[2020/04/03 12:32:33.918] - eth_blockNumber
[2020/04/03 12:32:48.350] - eth_blockNumber
[2020/04/03 12:32:53.929] - eth_blockNumber
[2020/04/03 12:33:08.362] - eth_blockNumber
[2020/04/03 12:33:13.942] - eth_blockNumber
[2020/04/03 12:33:28.376] - eth_blockNumber
[2020/04/03 12:33:33.954] - eth_blockNumber
[2020/04/03 12:33:48.390] - eth_blockNumber
[2020/04/03 12:33:53.966] - eth_blockNumber
[2020/04/03 12:34:08.405] - eth_blockNumber
[2020/04/03 12:34:13.979] - eth_blockNumber
[2020/04/03 12:34:28.418] - eth_blockNumber
[2020/04/03 12:34:33.991] - eth_blockNumber
[2020/04/03 12:34:48.430] - eth_blockNumber
[2020/04/03 12:34:54.003] - eth_blockNumber
[2020/04/03 12:35:08.446] - eth_blockNumber
[2020/04/03 12:35:14.016] - eth_blockNumber
[2020/04/03 12:35:28.463] - eth_blockNumber
[2020/04/03 12:35:34.028] - eth_blockNumber
[2020/04/03 12:35:48.476] - eth_blockNumber
[2020/04/03 12:35:54.039] - eth_blockNumber
[2020/04/03 12:36:08.487] - eth_blockNumber
[2020/04/03 12:36:14.051] - eth_blockNumber
[2020/04/03 12:36:28.496] - eth_blockNumber
[2020/04/03 12:36:34.065] - eth_blockNumber
[2020/04/03 12:36:48.509] - eth_blockNumber
[2020/04/03 12:36:54.078] - eth_blockNumber
[2020/04/03 12:37:08.522] - eth_blockNumber
[2020/04/03 12:37:14.094] - eth_blockNumber
[2020/04/03 12:37:28.533] - eth_blockNumber
[2020/04/03 12:37:34.108] - eth_blockNumber
[2020/04/03 12:37:48.550] - eth_blockNumber
[2020/04/03 12:37:54.121] - eth_blockNumber
[2020/04/03 12:38:08.561] - eth_blockNumber
[2020/04/03 12:38:14.134] - eth_blockNumber
[2020/04/03 12:38:28.574] - eth_blockNumber
[2020/04/03 12:38:34.149] - eth_blockNumber
[2020/04/03 12:38:48.589] - eth_blockNumber
[2020/04/03 12:38:54.161] - eth_blockNumber
[2020/04/03 12:39:08.601] - eth_blockNumber
[2020/04/03 12:39:14.183] - eth_blockNumber
[2020/04/03 12:39:28.615] - eth_blockNumber
[2020/04/03 12:39:34.204] - eth_blockNumber
[2020/04/03 12:39:48.629] - eth_blockNumber
[2020/04/03 12:39:54.215] - eth_blockNumber
[2020/04/03 12:40:08.644] - eth_blockNumber
[2020/04/03 12:40:14.229] - eth_blockNumber
[2020/04/03 12:40:28.658] - eth_blockNumber
[2020/04/03 12:40:34.246] - eth_blockNumber
[2020/04/03 12:40:48.673] - eth_blockNumber
[2020/04/03 12:40:54.258] - eth_blockNumber
[2020/04/03 12:41:08.701] - eth_blockNumber
[2020/04/03 12:41:14.271] - eth_blockNumber
[2020/04/03 12:41:28.714] - eth_blockNumber
[2020/04/03 12:41:34.287] - eth_blockNumber
[2020/04/03 12:41:48.727] - eth_blockNumber
[2020/04/03 12:41:54.301] - eth_blockNumber
[2020/04/03 12:42:08.744] - eth_blockNumber
[2020/04/03 12:42:14.313] - eth_blockNumber
[2020/04/03 12:42:28.756] - eth_blockNumber
[2020/04/03 12:42:34.324] - eth_blockNumber
[2020/04/03 12:42:48.768] - eth_blockNumber
[2020/04/03 12:42:54.335] - eth_blockNumber
[2020/04/03 12:43:08.779] - eth_blockNumber
[2020/04/03 12:43:14.349] - eth_blockNumber
[2020/04/03 12:43:28.790] - eth_blockNumber
[2020/04/03 12:43:34.362] - eth_blockNumber
[2020/04/03 12:43:48.802] - eth_blockNumber
[2020/04/03 12:43:54.374] - eth_blockNumber
[2020/04/03 12:44:08.812] - eth_blockNumber
[2020/04/03 12:44:14.385] - eth_blockNumber
[2020/04/03 12:44:28.823] - eth_blockNumber
[2020/04/03 12:44:34.397] - eth_blockNumber
[2020/04/03 12:44:48.834] - eth_blockNumber
[2020/04/03 12:44:54.408] - eth_blockNumber
[2020/04/03 12:45:08.844] - eth_blockNumber
[2020/04/03 12:45:14.423] - eth_blockNumber
[2020/04/03 12:45:28.858] - eth_blockNumber
[2020/04/03 12:45:34.437] - eth_blockNumber
[2020/04/03 12:45:48.868] - eth_blockNumber
[2020/04/03 12:45:54.451] - eth_blockNumber
[2020/04/03 12:46:08.880] - eth_blockNumber
[2020/04/03 12:46:14.463] - eth_blockNumber
[2020/04/03 12:46:28.892] - eth_blockNumber
[2020/04/03 12:46:34.501] - eth_blockNumber
[2020/04/03 12:46:48.908] - eth_blockNumber
[2020/04/03 12:46:54.514] - eth_blockNumber
