[2020/03/21 11:14:12.663] - Starting server (version 2.1.2) with initial configuration: {"gasLimit":6721975,"gasPrice":20000000000,"hardfork":"petersburg","hostname":"127.0.0.1","port":7545,"network_id":5777,"default_balance_ether":100,"total_accounts":10,"unlocked_accounts":[],"locked":false,"vmErrorsOnRPCResponse":true,"verbose":false,"db_path":"/home/nash/.config/Ganache/workspaces/identity-wallet/chaindata","logDirectory":"/home/nash/Documents/Projects/Blockchain/Project/identity-wallet/wallet-web-app/logs"}
[2020/03/21 11:14:12.933] - eth_blockNumber
[2020/03/21 11:14:13.319] - eth_getCode
[2020/03/21 11:14:13.320] - eth_subscribe
[2020/03/21 11:14:13.321] - eth_getLogs
[2020/03/21 11:14:13.326] - eth_subscribe
[2020/03/21 11:14:13.359] - eth_getCode
[2020/03/21 11:14:13.426] - eth_getCode
[2020/03/21 11:14:13.447] - eth_getCode
[2020/03/21 11:14:13.456] - eth_getCode
[2020/03/21 11:14:14.222] - eth_blockNumber
[2020/03/21 11:14:14.494] - eth_accounts
[2020/03/21 11:14:14.495] - eth_gasPrice
[2020/03/21 11:14:14.496] - eth_getBlockByNumber
[2020/03/21 11:14:14.497] - eth_subscribe
[2020/03/21 11:14:14.497] - eth_blockNumber
[2020/03/21 11:14:14.683] - eth_getBalance
[2020/03/21 11:14:14.720] - eth_getTransactionCount
[2020/03/21 11:14:14.758] - eth_getBalance
[2020/03/21 11:14:14.797] - eth_getTransactionCount
[2020/03/21 11:14:14.838] - eth_getBalance
[2020/03/21 11:14:14.882] - eth_getTransactionCount
[2020/03/21 11:14:14.927] - eth_getBalance
[2020/03/21 11:14:14.968] - eth_getTransactionCount
[2020/03/21 11:14:15.010] - eth_getBalance
[2020/03/21 11:14:15.049] - eth_getTransactionCount
[2020/03/21 11:14:15.088] - eth_getBalance
[2020/03/21 11:14:15.120] - eth_getTransactionCount
[2020/03/21 11:14:15.163] - eth_getBalance
[2020/03/21 11:14:15.202] - eth_getTransactionCount
[2020/03/21 11:14:15.243] - eth_getBalance
[2020/03/21 11:14:15.282] - eth_getTransactionCount
[2020/03/21 11:14:15.321] - eth_getBalance
[2020/03/21 11:14:15.371] - eth_getTransactionCount
[2020/03/21 11:14:15.437] - eth_getBalance
[2020/03/21 11:14:15.516] - eth_getTransactionCount
[2020/03/21 11:14:16.143] - eth_getBalance
[2020/03/21 11:14:16.185] - eth_getTransactionCount
[2020/03/21 11:14:16.225] - eth_getBalance
[2020/03/21 11:14:16.266] - eth_getTransactionCount
[2020/03/21 11:14:16.306] - eth_getBalance
[2020/03/21 11:14:16.336] - eth_getTransactionCount
[2020/03/21 11:14:16.375] - eth_getBalance
[2020/03/21 11:14:16.416] - eth_getTransactionCount
[2020/03/21 11:14:16.460] - eth_getBalance
[2020/03/21 11:14:16.506] - eth_getTransactionCount
[2020/03/21 11:14:16.551] - eth_getBalance
[2020/03/21 11:14:16.596] - eth_getTransactionCount
[2020/03/21 11:14:16.641] - eth_getBalance
[2020/03/21 11:14:16.684] - eth_getTransactionCount
[2020/03/21 11:14:16.725] - eth_getBalance
[2020/03/21 11:14:16.764] - eth_getTransactionCount
[2020/03/21 11:14:16.803] - eth_getBalance
[2020/03/21 11:14:16.833] - eth_getTransactionCount
[2020/03/21 11:14:16.893] - eth_getBalance
[2020/03/21 11:14:16.990] - eth_getTransactionCount
[2020/03/21 11:14:29.473] - net_version
[2020/03/21 11:14:29.697] - eth_getLogs
[2020/03/21 11:14:29.710] - eth_getLogs
[2020/03/21 11:14:32.957] - eth_blockNumber
[2020/03/21 11:14:34.241] - eth_blockNumber
[2020/03/21 11:14:52.967] - eth_blockNumber
[2020/03/21 11:14:54.255] - eth_blockNumber
[2020/03/21 11:15:12.977] - eth_blockNumber
[2020/03/21 11:15:14.273] - eth_blockNumber
[2020/03/21 11:15:32.993] - eth_blockNumber
[2020/03/21 11:15:34.287] - eth_blockNumber
[2020/03/21 11:15:53.008] - eth_blockNumber
[2020/03/21 11:15:54.303] - eth_blockNumber
[2020/03/21 11:16:13.024] - eth_blockNumber
[2020/03/21 11:16:14.322] - eth_blockNumber
[2020/03/21 11:16:33.035] - eth_blockNumber
[2020/03/21 11:16:34.344] - eth_blockNumber
[2020/03/21 11:16:38.712] - eth_getBalance
[2020/03/21 11:16:38.851] - eth_getTransactionByHash
[2020/03/21 11:16:39.048] - eth_getTransactionReceipt
[2020/03/21 11:16:39.229] - eth_getBlockByNumber
[2020/03/21 11:16:39.742] - net_version
[2020/03/21 11:16:39.748] - eth_getCode
[2020/03/21 11:16:40.249] - net_version
[2020/03/21 11:16:40.254] - eth_getCode
[2020/03/21 11:16:40.259] - eth_getBlockByNumber
[2020/03/21 11:16:40.268] - eth_getBalance
[2020/03/21 11:16:40.273] - eth_getTransactionCount
[2020/03/21 11:16:40.281] - eth_getStorageAt
[2020/03/21 11:16:53.049] - eth_blockNumber
[2020/03/21 11:16:54.366] - eth_blockNumber
[2020/03/21 11:17:13.084] - eth_blockNumber
[2020/03/21 11:17:14.378] - eth_blockNumber
[2020/03/21 11:17:33.110] - eth_blockNumber
[2020/03/21 11:17:34.394] - eth_blockNumber
[2020/03/21 11:17:35.905] - eth_gasPrice
[2020/03/21 11:17:36.030] - eth_getCode
[2020/03/21 11:17:36.302] - eth_estimateGas
[2020/03/21 11:17:41.708] - eth_sendRawTransaction
[2020/03/21 11:17:41.946] - 
[2020/03/21 11:17:41.946] -   Transaction: 0x8596f98bff1bf23c11d96eea5cdc29992e26dc36d9a60cc6ce87fea65f12b6e0
[2020/03/21 11:17:41.946] -   Gas usage: 240431
[2020/03/21 11:17:41.947] -   Block Number: 185
[2020/03/21 11:17:41.947] -   Block Time: Sat Mar 21 2020 11:17:41 GMT+0000 (GMT)
[2020/03/21 11:17:41.947] - 
[2020/03/21 11:17:41.950] - eth_getBlockByNumber
[2020/03/21 11:17:42.035] - eth_getBalance
[2020/03/21 11:17:42.074] - eth_getTransactionCount
[2020/03/21 11:17:42.113] - eth_getBalance
[2020/03/21 11:17:42.166] - eth_getTransactionCount
[2020/03/21 11:17:42.211] - eth_getBalance
[2020/03/21 11:17:42.252] - eth_getTransactionCount
[2020/03/21 11:17:42.331] - eth_getBalance
[2020/03/21 11:17:42.400] - eth_getTransactionCount
[2020/03/21 11:17:42.441] - eth_getBalance
[2020/03/21 11:17:42.514] - eth_getTransactionCount
[2020/03/21 11:17:42.553] - eth_getBalance
[2020/03/21 11:17:42.590] - eth_getTransactionCount
[2020/03/21 11:17:42.627] - eth_getBalance
[2020/03/21 11:17:42.664] - eth_getTransactionCount
[2020/03/21 11:17:42.700] - eth_getBalance
[2020/03/21 11:17:42.749] - eth_getTransactionCount
[2020/03/21 11:17:42.805] - eth_getBalance
[2020/03/21 11:17:42.894] - eth_getTransactionCount
[2020/03/21 11:17:42.960] - eth_getBalance
[2020/03/21 11:17:43.001] - eth_getTransactionCount
[2020/03/21 11:17:43.412] - eth_getTransactionReceipt
[2020/03/21 11:17:44.261] - eth_blockNumber
[2020/03/21 11:17:44.273] - eth_getBlockByNumber
[2020/03/21 11:17:44.279] - eth_getBlockByNumber
[2020/03/21 11:17:44.288] - eth_getLogs
[2020/03/21 11:17:44.298] - eth_getLogs
[2020/03/21 11:17:44.341] - eth_getTransactionReceipt
[2020/03/21 11:17:44.410] - eth_getTransactionCount
[2020/03/21 11:17:45.274] - eth_call
[2020/03/21 11:17:53.135] - eth_blockNumber
[2020/03/21 11:17:53.155] - eth_getBlockByNumber
[2020/03/21 11:17:54.404] - eth_blockNumber
[2020/03/21 11:18:13.155] - eth_blockNumber
[2020/03/21 11:18:14.411] - eth_blockNumber
[2020/03/21 11:18:15.329] - eth_getBalance
[2020/03/21 11:18:15.444] - eth_getTransactionReceipt
[2020/03/21 11:18:15.843] - eth_getTransactionByHash
[2020/03/21 11:18:16.349] - eth_getTransactionReceipt
[2020/03/21 11:18:17.664] - net_version
[2020/03/21 11:18:17.680] - eth_getCode
[2020/03/21 11:18:18.094] - eth_getBlockByNumber
[2020/03/21 11:18:19.077] - net_version
[2020/03/21 11:18:19.093] - eth_getCode
[2020/03/21 11:18:20.256] - net_version
[2020/03/21 11:18:20.272] - eth_getCode
[2020/03/21 11:18:20.290] - eth_getBlockByNumber
[2020/03/21 11:18:20.308] - eth_getBalance
[2020/03/21 11:18:20.335] - eth_getTransactionCount
[2020/03/21 11:18:20.352] - eth_getStorageAt
[2020/03/21 11:18:25.392] - eth_getBlockByNumber
[2020/03/21 11:18:25.612] - eth_getBlockByNumber
[2020/03/21 11:18:25.674] - net_version
[2020/03/21 11:18:25.679] - eth_getCode
[2020/03/21 11:18:26.117] - eth_getBlockByNumber
[2020/03/21 11:18:26.495] - eth_getTransactionReceipt
[2020/03/21 11:18:26.588] - net_version
[2020/03/21 11:18:26.591] - eth_getCode
[2020/03/21 11:18:26.633] - eth_getBlockByNumber
[2020/03/21 11:18:26.838] - eth_getTransactionReceipt
[2020/03/21 11:18:26.997] - eth_getBlockByNumber
[2020/03/21 11:18:27.097] - eth_getTransactionReceipt
[2020/03/21 11:18:27.241] - eth_getBlockByNumber
[2020/03/21 11:18:27.343] - eth_getTransactionReceipt
[2020/03/21 11:18:27.477] - eth_getBlockByNumber
[2020/03/21 11:18:27.626] - eth_getTransactionReceipt
[2020/03/21 11:18:27.820] - eth_getBlockByNumber
[2020/03/21 11:18:27.935] - eth_getTransactionReceipt
[2020/03/21 11:18:28.102] - eth_getBlockByNumber
[2020/03/21 11:18:28.204] - eth_getTransactionReceipt
[2020/03/21 11:18:28.338] - eth_getBlockByNumber
[2020/03/21 11:18:28.437] - eth_getTransactionReceipt
[2020/03/21 11:18:28.567] - eth_getBlockByNumber
[2020/03/21 11:18:28.664] - eth_getTransactionReceipt
[2020/03/21 11:18:31.768] - net_version
[2020/03/21 11:18:31.771] - eth_getCode
[2020/03/21 11:18:32.814] - net_version
[2020/03/21 11:18:32.829] - eth_getCode
[2020/03/21 11:18:33.170] - eth_blockNumber
[2020/03/21 11:18:33.457] - net_version
[2020/03/21 11:18:33.466] - eth_getCode
[2020/03/21 11:18:33.478] - eth_getBlockByNumber
[2020/03/21 11:18:33.487] - eth_getBalance
[2020/03/21 11:18:33.497] - eth_getTransactionCount
[2020/03/21 11:18:33.513] - eth_getStorageAt
[2020/03/21 11:18:34.428] - eth_blockNumber
[2020/03/21 11:18:36.655] - net_version
[2020/03/21 11:18:36.657] - eth_getCode
[2020/03/21 11:18:37.239] - net_version
[2020/03/21 11:18:37.247] - eth_getCode
[2020/03/21 11:18:37.256] - eth_getBalance
[2020/03/21 11:18:53.197] - eth_blockNumber
[2020/03/21 11:18:54.446] - eth_blockNumber
[2020/03/21 11:19:13.209] - eth_blockNumber
[2020/03/21 11:19:14.528] - eth_blockNumber
[2020/03/21 11:19:33.223] - eth_blockNumber
[2020/03/21 11:19:34.553] - eth_blockNumber
[2020/03/21 11:19:53.243] - eth_blockNumber
[2020/03/21 11:19:54.656] - eth_blockNumber
[2020/03/21 11:20:13.252] - eth_blockNumber
[2020/03/21 11:20:14.666] - eth_blockNumber
[2020/03/21 11:20:22.542] - eth_call
[2020/03/21 11:20:33.259] - eth_blockNumber
[2020/03/21 11:20:35.494] - eth_blockNumber
[2020/03/21 11:20:37.602] - eth_call
[2020/03/21 11:20:53.269] - eth_blockNumber
[2020/03/21 11:20:57.186] - eth_blockNumber
[2020/03/21 11:21:13.281] - eth_blockNumber
[2020/03/21 11:21:26.015] - eth_blockNumber
[2020/03/21 11:23:58.083] - eth_blockNumber
[2020/03/21 11:24:00.019] - eth_blockNumber
[2020/03/21 11:24:18.172] - eth_blockNumber
[2020/03/21 11:24:20.624] - eth_blockNumber
[2020/03/21 11:24:38.183] - eth_blockNumber
[2020/03/21 11:24:40.638] - eth_blockNumber
[2020/03/21 11:24:58.194] - eth_blockNumber
[2020/03/21 11:25:00.660] - eth_blockNumber
[2020/03/21 11:25:18.206] - eth_blockNumber
[2020/03/21 11:25:20.676] - eth_blockNumber
[2020/03/21 11:25:38.218] - eth_blockNumber
[2020/03/21 11:25:40.692] - eth_blockNumber
[2020/03/21 11:25:58.230] - eth_blockNumber
[2020/03/21 11:26:00.708] - eth_blockNumber
[2020/03/21 11:26:18.242] - eth_blockNumber
[2020/03/21 11:26:20.720] - eth_blockNumber
[2020/03/21 11:26:38.259] - eth_blockNumber
[2020/03/21 11:26:40.733] - eth_blockNumber
[2020/03/21 11:26:58.270] - eth_blockNumber
[2020/03/21 11:27:00.750] - eth_blockNumber
[2020/03/21 11:27:18.282] - eth_blockNumber
[2020/03/21 11:27:20.767] - eth_blockNumber
[2020/03/21 11:27:38.294] - eth_blockNumber
[2020/03/21 11:27:40.780] - eth_blockNumber
[2020/03/21 11:27:58.301] - eth_blockNumber
[2020/03/21 11:28:00.793] - eth_blockNumber
[2020/03/21 11:28:18.313] - eth_blockNumber
[2020/03/21 11:28:20.805] - eth_blockNumber
[2020/03/21 11:28:38.324] - eth_blockNumber
[2020/03/21 11:28:40.817] - eth_blockNumber
[2020/03/21 11:28:58.333] - eth_blockNumber
[2020/03/21 11:29:00.829] - eth_blockNumber
[2020/03/21 11:29:18.347] - eth_blockNumber
[2020/03/21 11:29:20.842] - eth_blockNumber
[2020/03/21 11:29:38.359] - eth_blockNumber
[2020/03/21 11:29:40.856] - eth_blockNumber
[2020/03/21 11:29:58.372] - eth_blockNumber
[2020/03/21 11:30:00.868] - eth_blockNumber
[2020/03/21 11:30:18.385] - eth_blockNumber
[2020/03/21 11:30:20.880] - eth_blockNumber
[2020/03/21 11:30:38.399] - eth_blockNumber
[2020/03/21 11:30:40.892] - eth_blockNumber
[2020/03/21 11:30:58.412] - eth_blockNumber
[2020/03/21 11:31:00.904] - eth_blockNumber
[2020/03/21 11:31:18.462] - eth_blockNumber
[2020/03/21 11:31:20.922] - eth_blockNumber
[2020/03/21 11:31:38.473] - eth_blockNumber
[2020/03/21 11:31:40.934] - eth_blockNumber
[2020/03/21 11:31:58.484] - eth_blockNumber
[2020/03/21 11:32:00.945] - eth_blockNumber
[2020/03/21 11:32:18.504] - eth_blockNumber
[2020/03/21 11:32:20.955] - eth_blockNumber
[2020/03/21 11:32:38.517] - eth_blockNumber
[2020/03/21 11:32:40.985] - eth_blockNumber
[2020/03/21 11:32:58.526] - eth_blockNumber
[2020/03/21 11:33:00.995] - eth_blockNumber
[2020/03/21 11:33:18.542] - eth_blockNumber
[2020/03/21 11:33:21.005] - eth_blockNumber
[2020/03/21 11:33:38.561] - eth_blockNumber
[2020/03/21 11:33:41.016] - eth_blockNumber
[2020/03/21 11:33:58.572] - eth_blockNumber
[2020/03/21 11:34:01.027] - eth_blockNumber
[2020/03/21 11:34:18.587] - eth_blockNumber
[2020/03/21 11:34:21.041] - eth_blockNumber
[2020/03/21 11:34:38.602] - eth_blockNumber
[2020/03/21 11:34:41.050] - eth_blockNumber
[2020/03/21 11:34:58.612] - eth_blockNumber
[2020/03/21 11:35:01.062] - eth_blockNumber
[2020/03/21 11:35:18.623] - eth_blockNumber
[2020/03/21 11:35:21.074] - eth_blockNumber
[2020/03/21 11:35:38.634] - eth_blockNumber
[2020/03/21 11:35:41.085] - eth_blockNumber
[2020/03/21 11:35:58.654] - eth_blockNumber
[2020/03/21 11:36:01.097] - eth_blockNumber
[2020/03/21 11:36:18.668] - eth_blockNumber
[2020/03/21 11:36:21.108] - eth_blockNumber
[2020/03/21 11:36:38.684] - eth_blockNumber
[2020/03/21 11:36:41.120] - eth_blockNumber
[2020/03/21 11:36:58.697] - eth_blockNumber
[2020/03/21 11:37:01.132] - eth_blockNumber
[2020/03/21 11:37:18.710] - eth_blockNumber
[2020/03/21 11:37:21.144] - eth_blockNumber
[2020/03/21 11:37:38.726] - eth_blockNumber
[2020/03/21 11:37:41.156] - eth_blockNumber
[2020/03/21 11:37:58.738] - eth_blockNumber
[2020/03/21 11:38:01.168] - eth_blockNumber
[2020/03/21 11:38:18.753] - eth_blockNumber
[2020/03/21 11:38:21.180] - eth_blockNumber
[2020/03/21 11:38:38.766] - eth_blockNumber
[2020/03/21 11:38:41.192] - eth_blockNumber
[2020/03/21 11:38:58.783] - eth_blockNumber
[2020/03/21 11:39:01.203] - eth_blockNumber
[2020/03/21 11:39:18.797] - eth_blockNumber
[2020/03/21 11:39:21.218] - eth_blockNumber
[2020/03/21 11:39:38.809] - eth_blockNumber
[2020/03/21 11:39:41.228] - eth_blockNumber
[2020/03/21 11:39:58.824] - eth_blockNumber
[2020/03/21 11:40:01.240] - eth_blockNumber
[2020/03/21 11:40:18.835] - eth_blockNumber
[2020/03/21 11:40:21.252] - eth_blockNumber
[2020/03/21 11:40:38.848] - eth_blockNumber
[2020/03/21 11:40:41.263] - eth_blockNumber
[2020/03/21 11:40:58.856] - eth_blockNumber
[2020/03/21 11:41:01.275] - eth_blockNumber
[2020/03/21 11:41:18.867] - eth_blockNumber
[2020/03/21 11:41:21.284] - eth_blockNumber
[2020/03/21 11:41:38.879] - eth_blockNumber
[2020/03/21 11:41:41.296] - eth_blockNumber
[2020/03/21 11:41:58.890] - eth_blockNumber
[2020/03/21 11:42:01.308] - eth_blockNumber
[2020/03/21 11:42:18.901] - eth_blockNumber
[2020/03/21 11:42:21.319] - eth_blockNumber
[2020/03/21 11:42:38.913] - eth_blockNumber
[2020/03/21 11:42:41.331] - eth_blockNumber
[2020/03/21 11:42:58.924] - eth_blockNumber
[2020/03/21 11:43:01.342] - eth_blockNumber
[2020/03/21 11:43:18.937] - eth_blockNumber
[2020/03/21 11:43:21.354] - eth_blockNumber
[2020/03/21 11:43:38.950] - eth_blockNumber
[2020/03/21 11:43:41.366] - eth_blockNumber
[2020/03/21 11:43:58.963] - eth_blockNumber
[2020/03/21 11:44:01.377] - eth_blockNumber
[2020/03/21 11:44:18.978] - eth_blockNumber
[2020/03/21 11:44:21.390] - eth_blockNumber
[2020/03/21 11:44:38.990] - eth_blockNumber
[2020/03/21 11:44:41.400] - eth_blockNumber
[2020/03/21 11:44:59.003] - eth_blockNumber
[2020/03/21 11:45:01.412] - eth_blockNumber
[2020/03/21 11:45:19.015] - eth_blockNumber
[2020/03/21 11:45:21.421] - eth_blockNumber
[2020/03/21 11:45:39.028] - eth_blockNumber
[2020/03/21 11:45:41.430] - eth_blockNumber
[2020/03/21 11:45:59.040] - eth_blockNumber
[2020/03/21 11:46:01.441] - eth_blockNumber
[2020/03/21 11:46:19.052] - eth_blockNumber
[2020/03/21 11:46:21.454] - eth_blockNumber
[2020/03/21 11:46:39.064] - eth_blockNumber
[2020/03/21 11:46:41.466] - eth_blockNumber
[2020/03/21 11:46:59.074] - eth_blockNumber
[2020/03/21 11:47:01.478] - eth_blockNumber
[2020/03/21 11:47:19.087] - eth_blockNumber
[2020/03/21 11:47:21.490] - eth_blockNumber
[2020/03/21 11:47:39.099] - eth_blockNumber
[2020/03/21 11:47:41.502] - eth_blockNumber
[2020/03/21 11:47:59.111] - eth_blockNumber
[2020/03/21 11:48:01.513] - eth_blockNumber
[2020/03/21 11:48:19.120] - eth_blockNumber
[2020/03/21 11:48:21.525] - eth_blockNumber
[2020/03/21 11:48:39.129] - eth_blockNumber
[2020/03/21 11:48:41.537] - eth_blockNumber
[2020/03/21 11:48:59.140] - eth_blockNumber
[2020/03/21 11:49:01.548] - eth_blockNumber
[2020/03/21 11:49:19.151] - eth_blockNumber
[2020/03/21 11:49:21.560] - eth_blockNumber
[2020/03/21 11:49:39.165] - eth_blockNumber
[2020/03/21 11:49:41.573] - eth_blockNumber
[2020/03/21 11:49:59.179] - eth_blockNumber
[2020/03/21 11:50:01.584] - eth_blockNumber
[2020/03/21 11:50:19.193] - eth_blockNumber
[2020/03/21 11:50:21.599] - eth_blockNumber
[2020/03/21 11:50:39.205] - eth_blockNumber
[2020/03/21 11:50:41.619] - eth_blockNumber
[2020/03/21 11:50:59.217] - eth_blockNumber
[2020/03/21 11:51:01.627] - eth_blockNumber
[2020/03/21 11:51:19.229] - eth_blockNumber
[2020/03/21 11:51:21.637] - eth_blockNumber
[2020/03/21 11:51:39.263] - eth_blockNumber
[2020/03/21 11:51:41.648] - eth_blockNumber
[2020/03/21 11:51:59.274] - eth_blockNumber
[2020/03/21 11:52:01.660] - eth_blockNumber
[2020/03/21 11:52:19.285] - eth_blockNumber
[2020/03/21 11:52:21.671] - eth_blockNumber
[2020/03/21 11:52:39.297] - eth_blockNumber
[2020/03/21 11:52:41.681] - eth_blockNumber
[2020/03/21 11:52:59.308] - eth_blockNumber
[2020/03/21 11:53:01.693] - eth_blockNumber
[2020/03/21 11:53:19.322] - eth_blockNumber
[2020/03/21 11:53:21.706] - eth_blockNumber
[2020/03/21 11:53:39.335] - eth_blockNumber
[2020/03/21 11:53:41.721] - eth_blockNumber
[2020/03/21 11:53:59.346] - eth_blockNumber
[2020/03/21 11:54:01.784] - eth_blockNumber
[2020/03/21 11:54:19.360] - eth_blockNumber
[2020/03/21 11:54:21.799] - eth_blockNumber
[2020/03/21 11:54:39.373] - eth_blockNumber
[2020/03/21 11:54:41.811] - eth_blockNumber
[2020/03/21 11:54:59.385] - eth_blockNumber
[2020/03/21 11:55:01.824] - eth_blockNumber
[2020/03/21 11:55:19.397] - eth_blockNumber
[2020/03/21 11:55:21.836] - eth_blockNumber
[2020/03/21 11:55:39.413] - eth_blockNumber
[2020/03/21 11:55:41.845] - eth_blockNumber
[2020/03/21 11:55:59.427] - eth_blockNumber
[2020/03/21 11:56:01.857] - eth_blockNumber
[2020/03/21 11:56:19.441] - eth_blockNumber
[2020/03/21 11:56:21.869] - eth_blockNumber
[2020/03/21 11:56:38.339] - eth_unsubscribe
[2020/03/21 11:56:38.344] - eth_unsubscribe
