[2020/03/30 18:37:53.537] - Starting server (version 2.1.2) with initial configuration: {"gasLimit":6721975,"gasPrice":20000000000,"hardfork":"petersburg","hostname":"127.0.0.1","port":7545,"network_id":5777,"default_balance_ether":100,"total_accounts":10,"unlocked_accounts":[],"locked":false,"vmErrorsOnRPCResponse":true,"verbose":false,"db_path":"/home/nash/.config/Ganache/workspaces/identity-wallet/chaindata","logDirectory":"/home/nash/Documents/Projects/Blockchain/Project/identity-wallet/wallet-web-app/logs"}
[2020/03/30 18:37:55.067] - eth_getCode
[2020/03/30 18:37:55.070] - eth_subscribe
[2020/03/30 18:37:55.072] - eth_getLogs
[2020/03/30 18:37:55.082] - eth_subscribe
[2020/03/30 18:37:55.116] - eth_getCode
[2020/03/30 18:37:55.197] - eth_getCode
[2020/03/30 18:37:55.212] - eth_getCode
[2020/03/30 18:37:55.217] - eth_getCode
[2020/03/30 18:37:55.243] - eth_getCode
[2020/03/30 18:37:56.836] - eth_blockNumber
[2020/03/30 18:37:56.837] - eth_accounts
[2020/03/30 18:37:56.837] - eth_gasPrice
[2020/03/30 18:37:56.837] - eth_getBlockByNumber
[2020/03/30 18:37:56.838] - eth_subscribe
[2020/03/30 18:37:57.050] - eth_accounts
[2020/03/30 18:37:57.334] - eth_getBalance
[2020/03/30 18:37:57.390] - eth_getTransactionCount
[2020/03/30 18:37:57.438] - eth_getBalance
[2020/03/30 18:37:57.485] - eth_getTransactionCount
[2020/03/30 18:37:57.546] - eth_getBalance
[2020/03/30 18:37:57.560] - eth_blockNumber
[2020/03/30 18:37:57.599] - eth_getTransactionCount
[2020/03/30 18:37:57.608] - eth_blockNumber
[2020/03/30 18:37:57.663] - eth_getBalance
[2020/03/30 18:37:57.732] - eth_getTransactionCount
[2020/03/30 18:37:57.800] - eth_getBalance
[2020/03/30 18:37:57.886] - eth_getTransactionCount
[2020/03/30 18:37:57.940] - eth_getBalance
[2020/03/30 18:37:57.985] - eth_getTransactionCount
[2020/03/30 18:37:58.030] - eth_getBalance
[2020/03/30 18:37:58.075] - eth_getTransactionCount
[2020/03/30 18:37:58.127] - eth_getBalance
[2020/03/30 18:37:58.174] - eth_getTransactionCount
[2020/03/30 18:37:58.226] - eth_getBalance
[2020/03/30 18:37:58.271] - eth_getTransactionCount
[2020/03/30 18:37:58.316] - eth_getBalance
[2020/03/30 18:37:58.374] - eth_getTransactionCount
[2020/03/30 18:37:59.100] - eth_getBalance
[2020/03/30 18:37:59.145] - eth_getTransactionCount
[2020/03/30 18:37:59.191] - eth_getBalance
[2020/03/30 18:37:59.235] - eth_getTransactionCount
[2020/03/30 18:37:59.282] - eth_getBalance
[2020/03/30 18:37:59.328] - eth_getTransactionCount
[2020/03/30 18:37:59.376] - eth_getBalance
[2020/03/30 18:37:59.420] - eth_getTransactionCount
[2020/03/30 18:37:59.468] - eth_getBalance
[2020/03/30 18:37:59.538] - eth_getTransactionCount
[2020/03/30 18:37:59.591] - eth_getBalance
[2020/03/30 18:37:59.644] - eth_getTransactionCount
[2020/03/30 18:37:59.696] - eth_getBalance
[2020/03/30 18:37:59.738] - eth_getTransactionCount
[2020/03/30 18:37:59.773] - eth_getBalance
[2020/03/30 18:37:59.806] - eth_getTransactionCount
[2020/03/30 18:37:59.840] - eth_getBalance
[2020/03/30 18:37:59.875] - eth_getTransactionCount
[2020/03/30 18:37:59.909] - eth_getBalance
[2020/03/30 18:37:59.942] - eth_getTransactionCount
[2020/03/30 18:38:04.571] - eth_getTransactionCount
[2020/03/30 18:38:17.566] - eth_blockNumber
[2020/03/30 18:38:17.623] - eth_blockNumber
[2020/03/30 18:38:32.807] - eth_gasPrice
[2020/03/30 18:38:32.902] - eth_getCode
[2020/03/30 18:38:33.018] - eth_getBlockByNumber
[2020/03/30 18:38:33.284] - eth_estimateGas
[2020/03/30 18:38:37.572] - eth_blockNumber
[2020/03/30 18:38:37.674] - eth_sendRawTransaction
[2020/03/30 18:38:37.679] - eth_blockNumber
[2020/03/30 18:38:37.867] - 
[2020/03/30 18:38:37.867] -   Transaction: 0xecb8695610ee614512e7edbdcfb02100396a7c9227d06e61e98617684371b67c
[2020/03/30 18:38:37.867] -   Gas usage: 301720
[2020/03/30 18:38:37.867] -   Block Number: 291
[2020/03/30 18:38:37.867] -   Block Time: Mon Mar 30 2020 18:38:37 GMT+0100 (IST)
[2020/03/30 18:38:37.868] - 
[2020/03/30 18:38:37.869] - eth_getBlockByNumber
[2020/03/30 18:38:38.088] - eth_getBalance
[2020/03/30 18:38:38.131] - eth_getTransactionCount
[2020/03/30 18:38:38.181] - eth_getBalance
[2020/03/30 18:38:38.260] - eth_getTransactionCount
[2020/03/30 18:38:38.320] - eth_getBalance
[2020/03/30 18:38:38.371] - eth_getTransactionCount
[2020/03/30 18:38:38.410] - eth_getBalance
[2020/03/30 18:38:38.432] - eth_getBlockByNumber
[2020/03/30 18:38:38.435] - eth_getBlockByNumber
[2020/03/30 18:38:38.450] - eth_getBalance
[2020/03/30 18:38:38.467] - eth_getTransactionCount
[2020/03/30 18:38:38.533] - eth_getBalance
[2020/03/30 18:38:38.570] - eth_getTransactionCount
[2020/03/30 18:38:38.615] - eth_getTransactionCount
[2020/03/30 18:38:38.638] - eth_getBalance
[2020/03/30 18:38:38.697] - eth_getTransactionCount
[2020/03/30 18:38:38.790] - eth_getBalance
[2020/03/30 18:38:38.821] - eth_getTransactionCount
[2020/03/30 18:38:38.860] - eth_getBalance
[2020/03/30 18:38:38.903] - eth_getTransactionCount
[2020/03/30 18:38:38.954] - eth_getBalance
[2020/03/30 18:38:38.997] - eth_getTransactionCount
[2020/03/30 18:38:39.033] - eth_getBalance
[2020/03/30 18:38:39.071] - eth_getTransactionCount
[2020/03/30 18:38:40.606] - eth_getTransactionReceipt
[2020/03/30 18:38:40.668] - eth_call
[2020/03/30 18:38:40.826] - eth_call
[2020/03/30 18:38:57.582] - eth_blockNumber
[2020/03/30 18:38:57.595] - eth_getBlockByNumber
[2020/03/30 18:38:58.441] - eth_blockNumber
[2020/03/30 18:39:17.611] - eth_blockNumber
[2020/03/30 18:39:19.175] - eth_blockNumber
[2020/03/30 18:39:37.637] - eth_blockNumber
[2020/03/30 18:39:40.182] - eth_blockNumber
[2020/03/30 18:39:57.651] - eth_blockNumber
[2020/03/30 18:40:00.231] - eth_blockNumber
[2020/03/30 18:40:17.662] - eth_blockNumber
[2020/03/30 18:40:20.246] - eth_blockNumber
[2020/03/30 18:40:37.676] - eth_blockNumber
[2020/03/30 18:40:40.272] - eth_blockNumber
[2020/03/30 18:40:57.693] - eth_blockNumber
[2020/03/30 18:41:00.288] - eth_blockNumber
[2020/03/30 18:41:17.711] - eth_blockNumber
[2020/03/30 18:41:20.303] - eth_blockNumber
[2020/03/30 18:41:37.723] - eth_blockNumber
[2020/03/30 18:41:40.317] - eth_blockNumber
[2020/03/30 18:41:57.735] - eth_blockNumber
[2020/03/30 18:42:00.329] - eth_blockNumber
[2020/03/30 18:42:16.525] - net_version
[2020/03/30 18:42:17.746] - eth_blockNumber
[2020/03/30 18:42:20.339] - eth_blockNumber
[2020/03/30 18:42:37.759] - eth_blockNumber
[2020/03/30 18:42:40.350] - eth_blockNumber
[2020/03/30 18:42:57.778] - eth_blockNumber
[2020/03/30 18:43:00.364] - eth_blockNumber
[2020/03/30 18:43:17.795] - eth_blockNumber
[2020/03/30 18:43:20.381] - eth_blockNumber
[2020/03/30 18:43:37.807] - eth_blockNumber
[2020/03/30 18:43:40.397] - eth_blockNumber
[2020/03/30 18:43:57.819] - eth_blockNumber
[2020/03/30 18:44:00.409] - eth_blockNumber
[2020/03/30 18:44:17.827] - eth_blockNumber
[2020/03/30 18:44:20.420] - eth_blockNumber
[2020/03/30 18:44:37.838] - eth_blockNumber
[2020/03/30 18:44:40.436] - eth_blockNumber
[2020/03/30 18:44:57.849] - eth_blockNumber
[2020/03/30 18:45:00.451] - eth_blockNumber
[2020/03/30 18:45:17.864] - eth_blockNumber
[2020/03/30 18:45:20.466] - eth_blockNumber
[2020/03/30 18:45:37.883] - eth_blockNumber
[2020/03/30 18:45:40.481] - eth_blockNumber
[2020/03/30 18:45:57.901] - eth_blockNumber
[2020/03/30 18:46:00.500] - eth_blockNumber
[2020/03/30 18:46:17.912] - eth_blockNumber
[2020/03/30 18:46:20.513] - eth_blockNumber
[2020/03/30 18:46:37.927] - eth_blockNumber
[2020/03/30 18:46:40.527] - eth_blockNumber
[2020/03/30 18:46:57.944] - eth_blockNumber
[2020/03/30 18:47:00.549] - eth_blockNumber
[2020/03/30 18:47:17.955] - eth_blockNumber
[2020/03/30 18:47:20.562] - eth_blockNumber
[2020/03/30 18:47:37.969] - eth_blockNumber
[2020/03/30 18:47:40.579] - eth_blockNumber
[2020/03/30 18:47:57.979] - eth_blockNumber
[2020/03/30 18:48:00.594] - eth_blockNumber
[2020/03/30 18:48:17.990] - eth_blockNumber
[2020/03/30 18:48:20.513] - net_version
[2020/03/30 18:48:20.686] - eth_blockNumber
[2020/03/30 18:48:37.996] - eth_blockNumber
[2020/03/30 18:48:40.730] - eth_blockNumber
[2020/03/30 18:48:57.962] - eth_gasPrice
[2020/03/30 18:48:58.002] - eth_blockNumber
[2020/03/30 18:48:58.185] - eth_getCode
[2020/03/30 18:48:58.404] - eth_estimateGas
[2020/03/30 18:49:00.859] - eth_blockNumber
[2020/03/30 18:49:04.213] - eth_sendRawTransaction
[2020/03/30 18:49:04.303] - 
[2020/03/30 18:49:04.303] -   Transaction: 0xae4f5d1af00fe6ca0204ef0c6770ffebf2b87fa4420929dfc51a75222295541b
[2020/03/30 18:49:04.303] -   Gas usage: 301065
[2020/03/30 18:49:04.303] -   Block Number: 292
[2020/03/30 18:49:04.303] -   Block Time: Mon Mar 30 2020 18:49:04 GMT+0100 (IST)
[2020/03/30 18:49:04.303] - 
[2020/03/30 18:49:04.304] - eth_getBlockByNumber
[2020/03/30 18:49:04.517] - eth_getBalance
[2020/03/30 18:49:04.607] - eth_getTransactionCount
[2020/03/30 18:49:04.655] - eth_getBalance
[2020/03/30 18:49:04.701] - eth_getTransactionCount
[2020/03/30 18:49:04.750] - eth_getBalance
[2020/03/30 18:49:04.804] - eth_getTransactionCount
[2020/03/30 18:49:04.882] - eth_getBalance
[2020/03/30 18:49:04.937] - eth_getTransactionCount
[2020/03/30 18:49:04.993] - eth_getBalance
[2020/03/30 18:49:05.048] - eth_getTransactionCount
[2020/03/30 18:49:05.088] - eth_getBalance
[2020/03/30 18:49:05.129] - eth_getTransactionCount
[2020/03/30 18:49:05.166] - eth_getBalance
[2020/03/30 18:49:05.204] - eth_getTransactionCount
[2020/03/30 18:49:05.262] - eth_getBalance
[2020/03/30 18:49:05.467] - eth_getTransactionCount
[2020/03/30 18:49:05.601] - eth_getBalance
[2020/03/30 18:49:05.706] - eth_getTransactionCount
[2020/03/30 18:49:05.839] - eth_getBalance
[2020/03/30 18:49:05.921] - eth_getTransactionCount
[2020/03/30 18:49:06.130] - eth_getTransactionReceipt
[2020/03/30 18:49:06.158] - eth_blockNumber
[2020/03/30 18:49:06.167] - eth_getBlockByNumber
[2020/03/30 18:49:06.170] - eth_getBlockByNumber
[2020/03/30 18:49:06.222] - eth_getTransactionReceipt
[2020/03/30 18:49:06.284] - eth_getTransactionCount
[2020/03/30 18:49:06.883] - eth_getBalance
[2020/03/30 18:49:18.009] - eth_blockNumber
[2020/03/30 18:49:18.018] - eth_getBlockByNumber
[2020/03/30 18:49:19.734] - eth_getBalance
[2020/03/30 18:49:19.993] - eth_getTransactionByHash
[2020/03/30 18:49:20.173] - eth_getTransactionReceipt
[2020/03/30 18:49:20.724] - net_version
[2020/03/30 18:49:20.733] - eth_getCode
[2020/03/30 18:49:20.739] - eth_getBlockByNumber
[2020/03/30 18:49:20.742] - eth_getBalance
[2020/03/30 18:49:20.748] - eth_getTransactionCount
[2020/03/30 18:49:20.761] - eth_getStorageAt
[2020/03/30 18:49:20.875] - eth_blockNumber
[2020/03/30 18:49:24.245] - eth_getBlockByNumber
[2020/03/30 18:49:24.544] - eth_getBlockByNumber
[2020/03/30 18:49:24.566] - net_version
[2020/03/30 18:49:24.570] - eth_getCode
[2020/03/30 18:49:24.669] - eth_getTransactionReceipt
[2020/03/30 18:49:24.961] - eth_getBlockByNumber
[2020/03/30 18:49:25.089] - eth_getTransactionReceipt
[2020/03/30 18:49:25.236] - eth_getBlockByNumber
[2020/03/30 18:49:25.349] - eth_getTransactionReceipt
[2020/03/30 18:49:25.498] - eth_getBlockByNumber
[2020/03/30 18:49:25.655] - eth_getTransactionReceipt
[2020/03/30 18:49:25.826] - eth_getBlockByNumber
[2020/03/30 18:49:25.940] - eth_getTransactionReceipt
[2020/03/30 18:49:26.082] - eth_getBlockByNumber
[2020/03/30 18:49:26.188] - eth_getTransactionReceipt
[2020/03/30 18:49:26.327] - eth_getBlockByNumber
[2020/03/30 18:49:26.433] - eth_getTransactionReceipt
[2020/03/30 18:49:26.581] - eth_getBlockByNumber
[2020/03/30 18:49:26.702] - eth_getTransactionReceipt
[2020/03/30 18:49:26.842] - eth_getBlockByNumber
[2020/03/30 18:49:26.952] - eth_getTransactionReceipt
[2020/03/30 18:49:27.096] - eth_getBlockByNumber
[2020/03/30 18:49:27.206] - eth_getTransactionReceipt
[2020/03/30 18:49:38.022] - eth_blockNumber
[2020/03/30 18:49:40.892] - eth_blockNumber
[2020/03/30 18:49:58.030] - eth_blockNumber
[2020/03/30 18:50:00.904] - eth_blockNumber
[2020/03/30 18:50:18.040] - eth_blockNumber
[2020/03/30 18:50:20.917] - eth_blockNumber
[2020/03/30 18:50:38.051] - eth_blockNumber
[2020/03/30 18:50:40.934] - eth_blockNumber
[2020/03/30 18:50:58.067] - eth_blockNumber
[2020/03/30 18:51:00.960] - eth_blockNumber
[2020/03/30 18:51:18.088] - eth_blockNumber
[2020/03/30 18:51:21.014] - eth_blockNumber
[2020/03/30 18:51:38.104] - eth_blockNumber
[2020/03/30 18:51:41.026] - eth_blockNumber
[2020/03/30 18:51:58.117] - eth_blockNumber
[2020/03/30 18:52:01.039] - eth_blockNumber
[2020/03/30 18:52:18.129] - eth_blockNumber
[2020/03/30 18:52:21.054] - eth_blockNumber
[2020/03/30 18:52:38.141] - eth_blockNumber
[2020/03/30 18:52:41.072] - eth_blockNumber
[2020/03/30 18:52:58.157] - eth_blockNumber
[2020/03/30 18:53:01.091] - eth_blockNumber
[2020/03/30 18:53:18.169] - eth_blockNumber
[2020/03/30 18:53:21.105] - eth_blockNumber
[2020/03/30 18:53:38.180] - eth_blockNumber
[2020/03/30 18:53:41.121] - eth_blockNumber
[2020/03/30 18:53:58.191] - eth_blockNumber
[2020/03/30 18:54:01.135] - eth_blockNumber
[2020/03/30 18:54:18.209] - eth_blockNumber
[2020/03/30 18:54:21.150] - eth_blockNumber
[2020/03/30 18:54:38.222] - eth_blockNumber
[2020/03/30 18:54:41.160] - eth_blockNumber
[2020/03/30 18:54:58.231] - eth_blockNumber
[2020/03/30 18:55:01.171] - eth_blockNumber
[2020/03/30 18:55:18.241] - eth_blockNumber
[2020/03/30 18:55:21.190] - eth_blockNumber
[2020/03/30 18:55:38.249] - eth_blockNumber
[2020/03/30 18:55:41.206] - eth_blockNumber
[2020/03/30 18:55:58.260] - eth_blockNumber
[2020/03/30 18:56:01.220] - eth_blockNumber
[2020/03/30 18:56:18.272] - eth_blockNumber
[2020/03/30 18:56:21.232] - eth_blockNumber
[2020/03/30 18:56:38.285] - eth_blockNumber
[2020/03/30 18:56:41.243] - eth_blockNumber
[2020/03/30 18:56:58.298] - eth_blockNumber
[2020/03/30 18:57:01.257] - eth_blockNumber
[2020/03/30 18:57:18.313] - eth_blockNumber
[2020/03/30 18:57:21.270] - eth_blockNumber
[2020/03/30 18:57:38.324] - eth_blockNumber
[2020/03/30 18:57:41.282] - eth_blockNumber
[2020/03/30 18:57:58.335] - eth_blockNumber
[2020/03/30 18:58:01.295] - eth_blockNumber
[2020/03/30 18:58:18.347] - eth_blockNumber
[2020/03/30 18:58:21.311] - eth_blockNumber
[2020/03/30 18:58:38.360] - eth_blockNumber
[2020/03/30 18:58:41.324] - eth_blockNumber
[2020/03/30 18:58:58.378] - eth_blockNumber
[2020/03/30 18:59:01.337] - eth_blockNumber
[2020/03/30 18:59:18.390] - eth_blockNumber
[2020/03/30 18:59:21.354] - eth_blockNumber
[2020/03/30 18:59:38.401] - eth_blockNumber
[2020/03/30 18:59:41.371] - eth_blockNumber
[2020/03/30 18:59:58.413] - eth_blockNumber
[2020/03/30 19:00:01.382] - eth_blockNumber
[2020/03/30 19:00:18.425] - eth_blockNumber
[2020/03/30 19:00:21.396] - eth_blockNumber
[2020/03/30 19:00:38.437] - eth_blockNumber
[2020/03/30 19:00:41.408] - eth_blockNumber
[2020/03/30 19:00:58.448] - eth_blockNumber
[2020/03/30 19:01:01.421] - eth_blockNumber
[2020/03/30 19:01:18.460] - eth_blockNumber
[2020/03/30 19:01:21.430] - eth_blockNumber
[2020/03/30 19:01:38.475] - eth_blockNumber
[2020/03/30 19:01:41.440] - eth_blockNumber
[2020/03/30 19:01:58.486] - eth_blockNumber
[2020/03/30 19:02:01.452] - eth_blockNumber
[2020/03/30 19:02:18.497] - eth_blockNumber
[2020/03/30 19:02:21.464] - eth_blockNumber
[2020/03/30 19:02:38.510] - eth_blockNumber
[2020/03/30 19:02:41.480] - eth_blockNumber
[2020/03/30 19:02:58.518] - eth_blockNumber
[2020/03/30 19:03:01.495] - eth_blockNumber
[2020/03/30 19:03:18.526] - eth_blockNumber
[2020/03/30 19:03:21.507] - eth_blockNumber
[2020/03/30 19:03:38.534] - eth_blockNumber
[2020/03/30 19:03:41.518] - eth_blockNumber
[2020/03/30 19:03:58.542] - eth_blockNumber
[2020/03/30 19:04:01.530] - eth_blockNumber
[2020/03/30 19:04:18.554] - eth_blockNumber
[2020/03/30 19:04:21.544] - eth_blockNumber
[2020/03/30 19:04:38.566] - eth_blockNumber
[2020/03/30 19:04:41.557] - eth_blockNumber
[2020/03/30 19:04:58.578] - eth_blockNumber
[2020/03/30 19:05:01.571] - eth_blockNumber
[2020/03/30 19:05:18.590] - eth_blockNumber
[2020/03/30 19:05:21.582] - eth_blockNumber
[2020/03/30 19:05:38.601] - eth_blockNumber
[2020/03/30 19:05:41.595] - eth_blockNumber
[2020/03/30 19:05:58.613] - eth_blockNumber
[2020/03/30 19:06:01.613] - eth_blockNumber
[2020/03/30 19:06:18.623] - eth_blockNumber
[2020/03/30 19:06:21.625] - eth_blockNumber
[2020/03/30 19:06:38.638] - eth_blockNumber
[2020/03/30 19:06:41.645] - eth_blockNumber
[2020/03/30 19:06:58.647] - eth_blockNumber
[2020/03/30 19:07:01.657] - eth_blockNumber
[2020/03/30 19:07:18.658] - eth_blockNumber
[2020/03/30 19:07:21.673] - eth_blockNumber
[2020/03/30 19:07:38.670] - eth_blockNumber
[2020/03/30 19:07:41.692] - eth_blockNumber
[2020/03/30 19:07:58.682] - eth_blockNumber
[2020/03/30 19:08:01.706] - eth_blockNumber
[2020/03/30 19:08:18.695] - eth_blockNumber
[2020/03/30 19:08:21.726] - eth_blockNumber
[2020/03/30 19:08:38.704] - eth_blockNumber
[2020/03/30 19:08:41.737] - eth_blockNumber
[2020/03/30 19:08:58.714] - eth_blockNumber
[2020/03/30 19:09:01.750] - eth_blockNumber
[2020/03/30 19:09:18.731] - eth_blockNumber
[2020/03/30 19:09:21.759] - eth_blockNumber
[2020/03/30 19:09:38.751] - eth_blockNumber
[2020/03/30 19:09:41.768] - eth_blockNumber
[2020/03/30 19:09:58.768] - eth_blockNumber
[2020/03/30 19:10:01.783] - eth_blockNumber
[2020/03/30 19:10:18.783] - eth_blockNumber
[2020/03/30 19:10:21.798] - eth_blockNumber
[2020/03/30 19:10:38.793] - eth_blockNumber
[2020/03/30 19:10:41.808] - eth_blockNumber
[2020/03/30 19:10:58.807] - eth_blockNumber
[2020/03/30 19:11:01.835] - eth_blockNumber
[2020/03/30 19:11:18.821] - eth_blockNumber
[2020/03/30 19:11:21.868] - eth_blockNumber
[2020/03/30 19:11:38.836] - eth_blockNumber
[2020/03/30 19:11:41.879] - eth_blockNumber
[2020/03/30 19:11:58.854] - eth_blockNumber
[2020/03/30 19:12:01.889] - eth_blockNumber
[2020/03/30 19:12:18.872] - eth_blockNumber
[2020/03/30 19:12:21.904] - eth_blockNumber
[2020/03/30 19:12:38.890] - eth_blockNumber
[2020/03/30 19:12:41.915] - eth_blockNumber
[2020/03/30 19:12:58.906] - eth_blockNumber
[2020/03/30 19:13:01.926] - eth_blockNumber
[2020/03/30 19:13:18.922] - eth_blockNumber
[2020/03/30 19:13:21.934] - eth_blockNumber
[2020/03/30 19:13:38.936] - eth_blockNumber
[2020/03/30 19:13:41.946] - eth_blockNumber
[2020/03/30 19:13:58.956] - eth_blockNumber
[2020/03/30 19:14:01.968] - eth_blockNumber
[2020/03/30 19:14:18.970] - eth_blockNumber
[2020/03/30 19:14:21.982] - eth_blockNumber
[2020/03/30 19:14:38.980] - eth_blockNumber
[2020/03/30 19:14:41.994] - eth_blockNumber
[2020/03/30 19:14:58.986] - eth_blockNumber
[2020/03/30 19:15:02.022] - eth_blockNumber
[2020/03/30 19:15:18.996] - eth_blockNumber
[2020/03/30 19:15:22.049] - eth_blockNumber
[2020/03/30 19:15:39.010] - eth_blockNumber
[2020/03/30 19:15:42.061] - eth_blockNumber
[2020/03/30 19:15:59.024] - eth_blockNumber
[2020/03/30 19:16:02.075] - eth_blockNumber
[2020/03/30 19:16:19.039] - eth_blockNumber
[2020/03/30 19:16:22.089] - eth_blockNumber
[2020/03/30 19:16:39.053] - eth_blockNumber
[2020/03/30 19:16:42.099] - eth_blockNumber
[2020/03/30 19:16:49.440] - net_version
[2020/03/30 19:16:49.623] - eth_call
[2020/03/30 19:16:52.169] - eth_call
[2020/03/30 19:16:59.063] - eth_blockNumber
[2020/03/30 19:17:02.112] - eth_blockNumber
[2020/03/30 19:17:19.085] - eth_blockNumber
[2020/03/30 19:17:22.119] - eth_blockNumber
[2020/03/30 19:17:28.719] - net_version
[2020/03/30 19:17:39.110] - eth_blockNumber
[2020/03/30 19:17:42.130] - eth_blockNumber
[2020/03/30 19:17:59.132] - eth_blockNumber
[2020/03/30 19:18:02.139] - eth_blockNumber
[2020/03/30 19:18:19.141] - eth_blockNumber
[2020/03/30 19:18:22.147] - eth_blockNumber
[2020/03/30 19:18:39.148] - eth_blockNumber
[2020/03/30 19:18:42.157] - eth_blockNumber
[2020/03/30 19:18:59.156] - eth_blockNumber
[2020/03/30 19:19:02.166] - eth_blockNumber
[2020/03/30 19:19:03.101] - eth_blockNumber
[2020/03/30 19:19:03.119] - net_version
[2020/03/30 19:19:03.129] - eth_accounts
[2020/03/30 19:19:03.156] - eth_getBlockByNumber
[2020/03/30 19:19:03.162] - eth_accounts
[2020/03/30 19:19:03.236] - eth_getBlockByNumber
[2020/03/30 19:19:03.241] - eth_getBlockByNumber
[2020/03/30 19:19:03.246] - eth_getBlockByNumber
[2020/03/30 19:19:03.256] - eth_estimateGas
[2020/03/30 19:19:05.156] - eth_getBlockByNumber
[2020/03/30 19:19:05.156] - eth_blockNumber
[2020/03/30 19:19:05.170] - eth_sendTransaction
[2020/03/30 19:19:05.192] - 
[2020/03/30 19:19:05.192] -   Transaction: 0x8c4716931486cdfa0f8c6447245b61ec3e04c7cb7403f3683448c2e8553e8844
[2020/03/30 19:19:05.192] -   Contract created: 0x8c6609449ceb74c2a441d2f818c40c67f6078268
[2020/03/30 19:19:05.192] -   Gas usage: 188483
[2020/03/30 19:19:05.192] -   Block Number: 293
[2020/03/30 19:19:05.192] -   Block Time: Mon Mar 30 2020 19:19:05 GMT+0100 (IST)
[2020/03/30 19:19:05.192] - 
[2020/03/30 19:19:05.194] - eth_getBlockByNumber
[2020/03/30 19:19:05.203] - eth_getTransactionReceipt
[2020/03/30 19:19:05.214] - eth_getCode
[2020/03/30 19:19:05.224] - eth_getTransactionByHash
[2020/03/30 19:19:05.239] - eth_getBlockByNumber
[2020/03/30 19:19:05.246] - eth_getBalance
[2020/03/30 19:19:05.258] - eth_getBlockByNumber
[2020/03/30 19:19:05.270] - eth_getBlockByNumber
[2020/03/30 19:19:05.283] - eth_sendTransaction
[2020/03/30 19:19:05.328] - 
[2020/03/30 19:19:05.328] -   Transaction: 0xd489ee90914454fd2ca3b6005303b83e89e120e1e520b831e797ab05c5f2dc75
[2020/03/30 19:19:05.329] -   Gas usage: 42001
[2020/03/30 19:19:05.329] -   Block Number: 294
[2020/03/30 19:19:05.330] -   Block Time: Mon Mar 30 2020 19:19:05 GMT+0100 (IST)
[2020/03/30 19:19:05.330] - 
[2020/03/30 19:19:05.332] - eth_getBlockByNumber
[2020/03/30 19:19:05.335] - eth_getTransactionReceipt
[2020/03/30 19:19:05.357] - eth_getBlockByNumber
[2020/03/30 19:19:05.363] - eth_accounts
[2020/03/30 19:19:05.455] - eth_getBlockByNumber
[2020/03/30 19:19:05.464] - eth_getBlockByNumber
[2020/03/30 19:19:05.469] - eth_getBlockByNumber
[2020/03/30 19:19:05.476] - eth_estimateGas
[2020/03/30 19:19:05.496] - eth_getBlockByNumber
[2020/03/30 19:19:05.497] - eth_blockNumber
[2020/03/30 19:19:05.501] - eth_sendTransaction
[2020/03/30 19:19:05.564] - 
[2020/03/30 19:19:05.564] -   Transaction: 0xceacdf7ba1c5a019900d9f391edd88bc55a94039c82b8c262c4575fd711c3ed6
[2020/03/30 19:19:05.564] -   Contract created: 0x4efae7c065545dac880bc35bb57a305e52b2ebb5
[2020/03/30 19:19:05.564] -   Gas usage: 1535224
[2020/03/30 19:19:05.564] -   Block Number: 295
[2020/03/30 19:19:05.565] -   Block Time: Mon Mar 30 2020 19:19:05 GMT+0100 (IST)
[2020/03/30 19:19:05.565] - 
[2020/03/30 19:19:05.566] - eth_getTransactionReceipt
[2020/03/30 19:19:05.572] - eth_getCode
[2020/03/30 19:19:05.583] - eth_getTransactionByHash
[2020/03/30 19:19:05.594] - eth_getBlockByNumber
[2020/03/30 19:19:05.609] - eth_getBalance
[2020/03/30 19:19:05.675] - eth_getBlockByNumber
[2020/03/30 19:19:05.683] - eth_getBlockByNumber
[2020/03/30 19:19:05.691] - eth_sendTransaction
[2020/03/30 19:19:05.764] - 
[2020/03/30 19:19:05.765] -   Transaction: 0xdaf1cc7b1a655dcdd174965ce3901fa09ee3f047db1078be7dd085be2b3ef582
[2020/03/30 19:19:05.765] -   Gas usage: 27001
[2020/03/30 19:19:05.765] -   Block Number: 296
[2020/03/30 19:19:05.766] -   Block Time: Mon Mar 30 2020 19:19:05 GMT+0100 (IST)
[2020/03/30 19:19:05.771] - 
[2020/03/30 19:19:05.773] - eth_getTransactionReceipt
[2020/03/30 19:19:05.803] - eth_getBlockByNumber
[2020/03/30 19:19:05.820] - eth_accounts
[2020/03/30 19:19:05.897] - eth_getBlockByNumber
[2020/03/30 19:19:05.904] - eth_getBlockByNumber
[2020/03/30 19:19:05.908] - eth_getBlockByNumber
[2020/03/30 19:19:05.921] - eth_estimateGas
[2020/03/30 19:19:05.946] - eth_getBlockByNumber
[2020/03/30 19:19:05.947] - eth_blockNumber
[2020/03/30 19:19:05.955] - eth_sendTransaction
[2020/03/30 19:19:06.045] - eth_getBalance
[2020/03/30 19:19:06.059] - 
[2020/03/30 19:19:06.059] -   Transaction: 0xe455c07cb52dd6e10a21dfe4e9f29724e576767756215dd4697a051864070cf7
[2020/03/30 19:19:06.059] -   Contract created: 0xb078ecfc719e9240393de8aec33a7d8eccbbeb7c
[2020/03/30 19:19:06.059] -   Gas usage: 1299883
[2020/03/30 19:19:06.060] -   Block Number: 297
[2020/03/30 19:19:06.060] -   Block Time: Mon Mar 30 2020 19:19:05 GMT+0100 (IST)
[2020/03/30 19:19:06.060] - 
[2020/03/30 19:19:06.062] - eth_getTransactionReceipt
[2020/03/30 19:19:06.069] - eth_getCode
[2020/03/30 19:19:06.074] - eth_getTransactionByHash
[2020/03/30 19:19:06.082] - eth_getBlockByNumber
[2020/03/30 19:19:06.088] - eth_getTransactionCount
[2020/03/30 19:19:06.091] - eth_getBalance
[2020/03/30 19:19:06.147] - eth_getBlockByNumber
[2020/03/30 19:19:06.155] - eth_getBlockByNumber
[2020/03/30 19:19:06.169] - eth_sendTransaction
[2020/03/30 19:19:06.183] - eth_getBalance
[2020/03/30 19:19:06.210] - 
[2020/03/30 19:19:06.210] -   Transaction: 0x4e46e9fad1a70103662d02f31d33f532f5bdb6b026979d853ec80ec21cf9e9b2
[2020/03/30 19:19:06.210] -   Gas usage: 27001
[2020/03/30 19:19:06.211] -   Block Number: 298
[2020/03/30 19:19:06.211] -   Block Time: Mon Mar 30 2020 19:19:06 GMT+0100 (IST)
[2020/03/30 19:19:06.211] - 
[2020/03/30 19:19:06.215] - eth_getTransactionReceipt
[2020/03/30 19:19:06.234] - eth_getBlockByNumber
[2020/03/30 19:19:06.246] - eth_accounts
[2020/03/30 19:19:06.272] - eth_getTransactionCount
[2020/03/30 19:19:06.323] - eth_getBlockByNumber
[2020/03/30 19:19:06.337] - eth_getBlockByNumber
[2020/03/30 19:19:06.346] - eth_getBlockByNumber
[2020/03/30 19:19:06.354] - eth_estimateGas
[2020/03/30 19:19:06.406] - eth_getBalance
[2020/03/30 19:19:06.416] - eth_getBlockByNumber
[2020/03/30 19:19:06.417] - eth_blockNumber
[2020/03/30 19:19:06.437] - eth_sendTransaction
[2020/03/30 19:19:06.524] - eth_getTransactionCount
[2020/03/30 19:19:06.540] - 
[2020/03/30 19:19:06.540] -   Transaction: 0x7d6bccb88bfa9dff96b2add736fdeca3fe997ce9eefe61b584c662360fe06a2f
[2020/03/30 19:19:06.541] -   Contract created: 0xa6de57aee45a73b917f63f130c94b1a76c9debb1
[2020/03/30 19:19:06.541] -   Gas usage: 1503078
[2020/03/30 19:19:06.541] -   Block Number: 299
[2020/03/30 19:19:06.541] -   Block Time: Mon Mar 30 2020 19:19:06 GMT+0100 (IST)
[2020/03/30 19:19:06.541] - 
[2020/03/30 19:19:06.557] - eth_getTransactionReceipt
[2020/03/30 19:19:06.563] - eth_getCode
[2020/03/30 19:19:06.572] - eth_getTransactionByHash
[2020/03/30 19:19:06.584] - eth_getBlockByNumber
[2020/03/30 19:19:06.593] - eth_getBalance
[2020/03/30 19:19:06.647] - eth_getBlockByNumber
[2020/03/30 19:19:06.656] - eth_getBlockByNumber
[2020/03/30 19:19:06.670] - eth_sendTransaction
[2020/03/30 19:19:06.722] - 
[2020/03/30 19:19:06.722] -   Transaction: 0xc91cbb6859032024a7917898440351c1f6fe2eaf0c7032cd0cf55de77540155c
[2020/03/30 19:19:06.723] -   Gas usage: 27001
[2020/03/30 19:19:06.723] -   Block Number: 300
[2020/03/30 19:19:06.723] -   Block Time: Mon Mar 30 2020 19:19:06 GMT+0100 (IST)
[2020/03/30 19:19:06.724] - 
[2020/03/30 19:19:06.727] - eth_getTransactionReceipt
[2020/03/30 19:19:06.781] - eth_getBalance
[2020/03/30 19:19:06.925] - eth_getTransactionCount
[2020/03/30 19:19:07.003] - eth_getBalance
[2020/03/30 19:19:07.070] - eth_getTransactionCount
[2020/03/30 19:19:07.167] - eth_getBalance
[2020/03/30 19:19:07.337] - eth_getTransactionCount
[2020/03/30 19:19:07.481] - eth_getBalance
[2020/03/30 19:19:07.702] - eth_getTransactionCount
[2020/03/30 19:19:07.873] - eth_getBlockByNumber
[2020/03/30 19:19:07.876] - eth_getBlockByNumber
[2020/03/30 19:19:07.892] - eth_getBlockByNumber
[2020/03/30 19:19:07.894] - eth_getBlockByNumber
[2020/03/30 19:19:07.897] - eth_getBlockByNumber
[2020/03/30 19:19:07.898] - eth_getBlockByNumber
[2020/03/30 19:19:08.009] - eth_getBalance
[2020/03/30 19:19:08.292] - eth_getTransactionCount
[2020/03/30 19:19:08.398] - eth_getBalance
[2020/03/30 19:19:08.548] - eth_getTransactionCount
[2020/03/30 19:19:08.710] - eth_getBalance
[2020/03/30 19:19:08.869] - eth_getTransactionCount
[2020/03/30 19:19:09.276] - eth_getBalance
[2020/03/30 19:19:09.617] - eth_getTransactionCount
[2020/03/30 19:19:09.825] - eth_getBalance
[2020/03/30 19:19:09.936] - eth_getTransactionCount
[2020/03/30 19:19:09.993] - eth_getBalance
[2020/03/30 19:19:10.053] - eth_getTransactionCount
[2020/03/30 19:19:10.100] - eth_getBalance
[2020/03/30 19:19:10.148] - eth_getTransactionCount
[2020/03/30 19:19:10.195] - eth_getBalance
[2020/03/30 19:19:10.245] - eth_getTransactionCount
[2020/03/30 19:19:10.321] - eth_getBalance
[2020/03/30 19:19:10.430] - eth_getTransactionCount
[2020/03/30 19:19:10.524] - eth_getBalance
[2020/03/30 19:19:10.587] - eth_getTransactionCount
[2020/03/30 19:19:10.627] - eth_getBalance
[2020/03/30 19:19:10.672] - eth_getTransactionCount
[2020/03/30 19:19:10.726] - eth_getBalance
[2020/03/30 19:19:10.778] - eth_getTransactionCount
[2020/03/30 19:19:10.820] - eth_getBalance
[2020/03/30 19:19:10.877] - eth_getTransactionCount
[2020/03/30 19:19:17.414] - eth_getBalance
[2020/03/30 19:19:17.453] - eth_getTransactionCount
[2020/03/30 19:19:17.492] - eth_getBalance
[2020/03/30 19:19:17.532] - eth_getTransactionCount
[2020/03/30 19:19:17.573] - eth_getBalance
[2020/03/30 19:19:17.614] - eth_getTransactionCount
[2020/03/30 19:19:17.695] - eth_getBalance
[2020/03/30 19:19:17.795] - eth_getTransactionCount
[2020/03/30 19:19:17.847] - eth_getBalance
[2020/03/30 19:19:17.914] - eth_getTransactionCount
[2020/03/30 19:19:17.961] - eth_getBalance
[2020/03/30 19:19:18.012] - eth_getTransactionCount
[2020/03/30 19:19:18.069] - eth_getBalance
[2020/03/30 19:19:18.111] - eth_getTransactionCount
[2020/03/30 19:19:18.159] - eth_getBalance
[2020/03/30 19:19:18.255] - eth_getTransactionCount
[2020/03/30 19:19:18.311] - eth_getBalance
[2020/03/30 19:19:18.355] - eth_getTransactionCount
[2020/03/30 19:19:18.395] - eth_getBalance
[2020/03/30 19:19:18.434] - eth_getTransactionCount
[2020/03/30 19:19:18.586] - eth_getBalance
[2020/03/30 19:19:18.646] - eth_getTransactionCount
[2020/03/30 19:19:18.743] - eth_getBalance
[2020/03/30 19:19:18.797] - eth_getTransactionCount
[2020/03/30 19:19:18.902] - eth_getBalance
[2020/03/30 19:19:18.953] - eth_getTransactionCount
[2020/03/30 19:19:18.994] - eth_getBalance
[2020/03/30 19:19:19.044] - eth_getTransactionCount
[2020/03/30 19:19:19.121] - eth_getBalance
[2020/03/30 19:19:19.163] - eth_blockNumber
[2020/03/30 19:19:19.170] - eth_getBlockByNumber
[2020/03/30 19:19:19.175] - eth_getTransactionCount
[2020/03/30 19:19:19.236] - eth_getBalance
[2020/03/30 19:19:19.331] - eth_getTransactionCount
[2020/03/30 19:19:19.380] - eth_getBalance
[2020/03/30 19:19:19.424] - eth_getTransactionCount
[2020/03/30 19:19:19.464] - eth_getBalance
[2020/03/30 19:19:19.503] - eth_getTransactionCount
[2020/03/30 19:19:19.542] - eth_getBalance
[2020/03/30 19:19:19.582] - eth_getTransactionCount
[2020/03/30 19:19:19.644] - eth_getBalance
[2020/03/30 19:19:19.745] - eth_getTransactionCount
[2020/03/30 19:19:19.805] - eth_getBalance
[2020/03/30 19:19:19.872] - eth_getTransactionCount
[2020/03/30 19:19:19.917] - eth_getBalance
[2020/03/30 19:19:19.957] - eth_getTransactionCount
[2020/03/30 19:19:19.996] - eth_getBalance
[2020/03/30 19:19:20.042] - eth_getTransactionCount
[2020/03/30 19:19:20.087] - eth_getBalance
[2020/03/30 19:19:20.150] - eth_getTransactionCount
[2020/03/30 19:19:20.238] - eth_getBalance
[2020/03/30 19:19:20.283] - eth_getTransactionCount
[2020/03/30 19:19:20.342] - eth_getBalance
[2020/03/30 19:19:20.410] - eth_getTransactionCount
[2020/03/30 19:19:20.459] - eth_getBalance
[2020/03/30 19:19:20.500] - eth_getTransactionCount
[2020/03/30 19:19:20.538] - eth_getBalance
[2020/03/30 19:19:20.582] - eth_getTransactionCount
[2020/03/30 19:19:20.658] - eth_getBalance
[2020/03/30 19:19:20.735] - eth_getTransactionCount
[2020/03/30 19:19:20.783] - eth_getBalance
[2020/03/30 19:19:20.836] - eth_getTransactionCount
[2020/03/30 19:19:22.178] - eth_blockNumber
[2020/03/30 19:19:22.191] - eth_getBlockByNumber
[2020/03/30 19:19:22.196] - eth_getBlockByNumber
[2020/03/30 19:19:22.204] - eth_getBlockByNumber
[2020/03/30 19:19:22.209] - eth_getBlockByNumber
[2020/03/30 19:19:22.210] - eth_getBlockByNumber
[2020/03/30 19:19:22.211] - eth_getBlockByNumber
[2020/03/30 19:19:22.217] - eth_getBlockByNumber
[2020/03/30 19:19:22.222] - eth_getBlockByNumber
[2020/03/30 19:19:22.230] - eth_getBlockByNumber
[2020/03/30 19:19:22.346] - eth_getBlockByNumber
[2020/03/30 19:19:22.351] - eth_getBlockByNumber
[2020/03/30 19:19:22.360] - eth_getBlockByNumber
[2020/03/30 19:19:22.371] - eth_getBlockByNumber
[2020/03/30 19:19:22.373] - eth_getBlockByNumber
[2020/03/30 19:19:22.376] - eth_getBlockByNumber
[2020/03/30 19:19:22.387] - eth_getBlockByNumber
[2020/03/30 19:19:22.891] - eth_getBalance
[2020/03/30 19:19:22.963] - eth_getTransactionCount
[2020/03/30 19:19:23.076] - eth_getTransactionCount
[2020/03/30 19:19:23.078] - eth_getBalance
[2020/03/30 19:19:23.117] - eth_getBalance
[2020/03/30 19:19:23.169] - eth_getTransactionCount
[2020/03/30 19:19:23.221] - eth_getBalance
[2020/03/30 19:19:23.262] - eth_getTransactionCount
[2020/03/30 19:19:23.301] - eth_getBalance
[2020/03/30 19:19:23.340] - eth_getTransactionCount
[2020/03/30 19:19:23.381] - eth_getBalance
[2020/03/30 19:19:23.426] - eth_getTransactionCount
[2020/03/30 19:19:23.524] - eth_getBalance
[2020/03/30 19:19:23.585] - eth_getTransactionCount
[2020/03/30 19:19:23.628] - eth_getBalance
[2020/03/30 19:19:23.695] - eth_getTransactionCount
[2020/03/30 19:19:23.744] - eth_getBalance
[2020/03/30 19:19:23.799] - eth_getTransactionCount
[2020/03/30 19:19:23.847] - eth_getBalance
[2020/03/30 19:19:23.893] - eth_getTransactionCount
[2020/03/30 19:19:26.004] - eth_getBalance
[2020/03/30 19:19:26.071] - eth_getTransactionCount
[2020/03/30 19:19:26.135] - eth_getBalance
[2020/03/30 19:19:26.185] - eth_getTransactionCount
[2020/03/30 19:19:26.226] - eth_getBalance
[2020/03/30 19:19:26.270] - eth_getTransactionCount
[2020/03/30 19:19:26.331] - eth_getBalance
[2020/03/30 19:19:26.421] - eth_getTransactionCount
[2020/03/30 19:19:26.495] - eth_getBalance
[2020/03/30 19:19:26.537] - eth_getTransactionCount
[2020/03/30 19:19:26.608] - eth_getBalance
[2020/03/30 19:19:26.676] - eth_getTransactionCount
[2020/03/30 19:19:26.757] - eth_getBalance
[2020/03/30 19:19:26.826] - eth_getTransactionCount
[2020/03/30 19:19:26.876] - eth_getBalance
[2020/03/30 19:19:26.944] - eth_getTransactionCount
[2020/03/30 19:19:27.044] - eth_getBalance
[2020/03/30 19:19:27.089] - eth_getTransactionCount
[2020/03/30 19:19:27.241] - eth_getBalance
[2020/03/30 19:19:27.293] - eth_getTransactionCount
[2020/03/30 19:19:27.343] - eth_getBalance
[2020/03/30 19:19:27.394] - eth_getTransactionCount
[2020/03/30 19:19:27.461] - eth_getBalance
[2020/03/30 19:19:27.525] - eth_getTransactionCount
[2020/03/30 19:19:27.623] - eth_getBalance
[2020/03/30 19:19:27.687] - eth_getTransactionCount
[2020/03/30 19:19:27.767] - eth_getBalance
[2020/03/30 19:19:27.838] - eth_getTransactionCount
[2020/03/30 19:19:27.880] - eth_getBalance
[2020/03/30 19:19:27.920] - eth_getTransactionCount
[2020/03/30 19:19:27.972] - eth_getBalance
[2020/03/30 19:19:28.032] - eth_getTransactionCount
[2020/03/30 19:19:28.097] - eth_getBalance
[2020/03/30 19:19:28.260] - eth_getTransactionCount
[2020/03/30 19:19:28.337] - eth_getBalance
[2020/03/30 19:19:28.378] - eth_getTransactionCount
[2020/03/30 19:19:28.422] - eth_getBalance
[2020/03/30 19:19:28.470] - eth_getTransactionCount
[2020/03/30 19:19:28.530] - eth_getBalance
[2020/03/30 19:19:28.607] - eth_getTransactionCount
[2020/03/30 19:19:39.171] - eth_blockNumber
[2020/03/30 19:19:42.215] - eth_blockNumber
[2020/03/30 19:19:59.178] - eth_blockNumber
[2020/03/30 19:20:02.233] - eth_blockNumber
[2020/03/30 19:20:19.193] - eth_blockNumber
[2020/03/30 19:20:22.244] - eth_blockNumber
[2020/03/30 19:20:39.207] - eth_blockNumber
[2020/03/30 19:20:42.252] - eth_blockNumber
[2020/03/30 19:20:59.214] - eth_blockNumber
[2020/03/30 19:21:02.258] - eth_blockNumber
[2020/03/30 19:21:19.222] - eth_blockNumber
[2020/03/30 19:21:22.271] - eth_blockNumber
[2020/03/30 19:21:39.233] - eth_blockNumber
[2020/03/30 19:21:42.281] - eth_blockNumber
[2020/03/30 19:21:59.245] - eth_blockNumber
[2020/03/30 19:22:02.291] - eth_blockNumber
[2020/03/30 19:22:19.253] - eth_blockNumber
[2020/03/30 19:22:22.301] - eth_blockNumber
[2020/03/30 19:22:36.260] - net_version
[2020/03/30 19:22:36.466] - eth_call
[2020/03/30 19:22:39.258] - eth_blockNumber
[2020/03/30 19:22:42.310] - eth_blockNumber
[2020/03/30 19:22:59.264] - eth_blockNumber
[2020/03/30 19:23:02.321] - eth_blockNumber
[2020/03/30 19:23:13.728] - eth_gasPrice
[2020/03/30 19:23:13.788] - eth_getCode
[2020/03/30 19:23:14.076] - eth_estimateGas
[2020/03/30 19:23:16.054] - eth_getTransactionCount
[2020/03/30 19:23:17.357] - eth_sendRawTransaction
[2020/03/30 19:23:17.425] - 
[2020/03/30 19:23:17.425] -   Transaction: 0x7d584d52e10110b38560d70c7163d42fede13f5ca29a397565518a3db41a0b40
[2020/03/30 19:23:17.425] -   Gas usage: 301528
[2020/03/30 19:23:17.425] -   Block Number: 301
[2020/03/30 19:23:17.425] -   Block Time: Mon Mar 30 2020 19:23:17 GMT+0100 (IST)
[2020/03/30 19:23:17.426] - 
[2020/03/30 19:23:17.427] - eth_getBlockByNumber
[2020/03/30 19:23:17.921] - eth_getBalance
[2020/03/30 19:23:17.988] - eth_getTransactionCount
[2020/03/30 19:23:18.063] - eth_getBalance
[2020/03/30 19:23:18.173] - eth_getTransactionCount
[2020/03/30 19:23:18.265] - eth_getBalance
[2020/03/30 19:23:18.322] - eth_getTransactionCount
[2020/03/30 19:23:18.385] - eth_getBalance
[2020/03/30 19:23:18.443] - eth_getTransactionCount
[2020/03/30 19:23:18.511] - eth_getBalance
[2020/03/30 19:23:18.612] - eth_getTransactionReceipt
[2020/03/30 19:23:18.631] - eth_getTransactionCount
[2020/03/30 19:23:18.766] - eth_getBalance
[2020/03/30 19:23:19.018] - eth_getTransactionCount
[2020/03/30 19:23:19.174] - eth_getBalance
[2020/03/30 19:23:19.276] - eth_blockNumber
[2020/03/30 19:23:19.289] - eth_getBlockByNumber
[2020/03/30 19:23:19.311] - eth_getTransactionCount
[2020/03/30 19:23:19.430] - eth_getBalance
[2020/03/30 19:23:19.553] - eth_getTransactionCount
[2020/03/30 19:23:19.636] - eth_getBalance
[2020/03/30 19:23:19.697] - eth_getTransactionCount
[2020/03/30 19:23:19.730] - eth_blockNumber
[2020/03/30 19:23:19.742] - eth_getBlockByNumber
[2020/03/30 19:23:19.746] - eth_getBlockByNumber
[2020/03/30 19:23:19.781] - eth_getBalance
[2020/03/30 19:23:19.803] - eth_getTransactionReceipt
[2020/03/30 19:23:19.867] - eth_getTransactionCount
[2020/03/30 19:23:19.877] - eth_call
[2020/03/30 19:23:19.898] - eth_getTransactionCount
[2020/03/30 19:23:20.095] - eth_call
[2020/03/30 19:23:20.666] - eth_getBalance
[2020/03/30 19:23:22.333] - eth_blockNumber
[2020/03/30 19:23:39.291] - eth_blockNumber
[2020/03/30 19:23:42.390] - eth_blockNumber
[2020/03/30 19:23:59.302] - eth_blockNumber
[2020/03/30 19:24:02.404] - eth_blockNumber
[2020/03/30 19:24:19.320] - eth_blockNumber
[2020/03/30 19:24:22.414] - eth_blockNumber
[2020/03/30 19:24:39.330] - eth_blockNumber
[2020/03/30 19:24:42.424] - eth_blockNumber
[2020/03/30 19:24:59.342] - eth_blockNumber
[2020/03/30 19:25:02.434] - eth_blockNumber
[2020/03/30 19:25:19.351] - eth_blockNumber
[2020/03/30 19:25:22.445] - eth_blockNumber
[2020/03/30 19:25:39.364] - eth_blockNumber
[2020/03/30 19:25:42.456] - eth_blockNumber
[2020/03/30 19:25:59.379] - eth_blockNumber
[2020/03/30 19:26:02.471] - eth_blockNumber
[2020/03/30 19:26:19.400] - eth_blockNumber
[2020/03/30 19:26:22.480] - eth_blockNumber
[2020/03/30 19:26:39.414] - eth_blockNumber
[2020/03/30 19:26:42.489] - eth_blockNumber
[2020/03/30 19:26:59.425] - eth_blockNumber
[2020/03/30 19:27:02.500] - eth_blockNumber
[2020/03/30 19:27:19.437] - eth_blockNumber
[2020/03/30 19:27:22.513] - eth_blockNumber
[2020/03/30 19:27:39.449] - eth_blockNumber
[2020/03/30 19:27:42.527] - eth_blockNumber
[2020/03/30 19:27:59.460] - eth_blockNumber
[2020/03/30 19:28:02.539] - eth_blockNumber
[2020/03/30 19:28:19.470] - eth_blockNumber
[2020/03/30 19:28:22.551] - eth_blockNumber
[2020/03/30 19:28:39.482] - eth_blockNumber
[2020/03/30 19:28:42.566] - eth_blockNumber
[2020/03/30 19:28:59.493] - eth_blockNumber
[2020/03/30 19:29:02.581] - eth_blockNumber
[2020/03/30 19:29:19.504] - eth_blockNumber
[2020/03/30 19:29:22.594] - eth_blockNumber
[2020/03/30 19:29:39.514] - eth_blockNumber
[2020/03/30 19:29:42.607] - eth_blockNumber
[2020/03/30 19:29:59.521] - eth_blockNumber
[2020/03/30 19:30:02.621] - eth_blockNumber
[2020/03/30 19:30:19.531] - eth_blockNumber
[2020/03/30 19:30:22.640] - eth_blockNumber
[2020/03/30 19:30:39.540] - eth_blockNumber
[2020/03/30 19:30:42.659] - eth_blockNumber
[2020/03/30 19:30:59.562] - eth_blockNumber
[2020/03/30 19:31:02.682] - eth_blockNumber
[2020/03/30 19:31:19.583] - eth_blockNumber
[2020/03/30 19:31:22.706] - eth_blockNumber
[2020/03/30 19:31:39.590] - eth_blockNumber
[2020/03/30 19:31:42.723] - eth_blockNumber
[2020/03/30 19:31:59.606] - eth_blockNumber
[2020/03/30 19:32:02.736] - eth_blockNumber
[2020/03/30 19:32:19.615] - eth_blockNumber
[2020/03/30 19:32:22.748] - eth_blockNumber
[2020/03/30 19:32:39.629] - eth_blockNumber
[2020/03/30 19:32:42.758] - eth_blockNumber
[2020/03/30 19:32:59.640] - eth_blockNumber
[2020/03/30 19:33:00.904] - net_version
[2020/03/30 19:33:02.767] - eth_blockNumber
[2020/03/30 19:33:19.650] - eth_blockNumber
[2020/03/30 19:33:22.778] - eth_blockNumber
[2020/03/30 19:33:39.664] - eth_blockNumber
[2020/03/30 19:33:42.793] - eth_blockNumber
[2020/03/30 19:33:59.676] - eth_blockNumber
[2020/03/30 19:34:02.809] - eth_blockNumber
[2020/03/30 19:34:19.688] - eth_blockNumber
[2020/03/30 19:34:22.824] - eth_blockNumber
[2020/03/30 19:34:24.922] - net_version
[2020/03/30 19:34:39.699] - eth_blockNumber
[2020/03/30 19:34:42.840] - eth_blockNumber
[2020/03/30 19:34:59.708] - eth_blockNumber
[2020/03/30 19:35:02.854] - eth_blockNumber
[2020/03/30 19:35:19.719] - eth_blockNumber
[2020/03/30 19:35:22.871] - eth_blockNumber
[2020/03/30 19:35:39.729] - eth_blockNumber
[2020/03/30 19:35:42.883] - eth_blockNumber
[2020/03/30 19:35:59.740] - eth_blockNumber
[2020/03/30 19:36:02.898] - eth_blockNumber
[2020/03/30 19:36:19.746] - eth_blockNumber
[2020/03/30 19:36:22.910] - eth_blockNumber
[2020/03/30 19:36:30.171] - net_version
[2020/03/30 19:36:39.754] - eth_blockNumber
[2020/03/30 19:36:42.927] - eth_blockNumber
[2020/03/30 19:36:57.245] - eth_gasPrice
[2020/03/30 19:36:57.345] - eth_getCode
[2020/03/30 19:36:57.483] - eth_estimateGas
[2020/03/30 19:36:59.768] - eth_blockNumber
[2020/03/30 19:37:01.984] - eth_sendRawTransaction
[2020/03/30 19:37:02.143] - 
[2020/03/30 19:37:02.144] -   Transaction: 0x9d3d6dba6aa3c90be82391fd62c482ca1bcce7a2d326a3099715c414c4251063
[2020/03/30 19:37:02.144] -   Gas usage: 300703
[2020/03/30 19:37:02.145] -   Block Number: 302
[2020/03/30 19:37:02.145] -   Block Time: Mon Mar 30 2020 19:37:01 GMT+0100 (IST)
[2020/03/30 19:37:02.145] - 
[2020/03/30 19:37:02.149] - eth_getBlockByNumber
[2020/03/30 19:37:02.370] - eth_getBalance
[2020/03/30 19:37:02.513] - eth_getTransactionCount
[2020/03/30 19:37:02.583] - eth_getBalance
[2020/03/30 19:37:02.683] - eth_getTransactionCount
[2020/03/30 19:37:02.734] - eth_getBalance
[2020/03/30 19:37:02.795] - eth_getTransactionCount
[2020/03/30 19:37:02.928] - eth_getBalance
[2020/03/30 19:37:02.974] - eth_getTransactionCount
[2020/03/30 19:37:03.018] - eth_getBalance
[2020/03/30 19:37:03.062] - eth_getTransactionCount
[2020/03/30 19:37:03.085] - eth_getTransactionReceipt
[2020/03/30 19:37:03.127] - eth_getBalance
[2020/03/30 19:37:03.200] - eth_getTransactionCount
[2020/03/30 19:37:03.245] - eth_getBalance
[2020/03/30 19:37:03.293] - eth_getTransactionCount
[2020/03/30 19:37:03.372] - eth_getBalance
[2020/03/30 19:37:03.473] - eth_getTransactionCount
[2020/03/30 19:37:03.555] - eth_getBalance
[2020/03/30 19:37:03.600] - eth_getTransactionCount
[2020/03/30 19:37:03.653] - eth_getBalance
[2020/03/30 19:37:03.698] - eth_getTransactionCount
[2020/03/30 19:37:04.685] - eth_blockNumber
[2020/03/30 19:37:04.741] - eth_blockNumber
[2020/03/30 19:37:04.769] - eth_getBlockByNumber
[2020/03/30 19:37:04.773] - eth_getBlockByNumber
[2020/03/30 19:37:04.833] - eth_getTransactionReceipt
[2020/03/30 19:37:04.930] - eth_getTransactionCount
[2020/03/30 19:37:05.804] - eth_getBalance
[2020/03/30 19:37:19.782] - eth_blockNumber
[2020/03/30 19:37:19.795] - eth_getBlockByNumber
[2020/03/30 19:37:24.777] - eth_blockNumber
[2020/03/30 19:37:39.798] - eth_blockNumber
[2020/03/30 19:37:44.796] - eth_blockNumber
[2020/03/30 19:37:59.810] - eth_blockNumber
[2020/03/30 19:38:04.812] - eth_blockNumber
[2020/03/30 19:38:19.822] - eth_blockNumber
[2020/03/30 19:38:24.834] - eth_blockNumber
[2020/03/30 19:38:39.833] - eth_blockNumber
[2020/03/30 19:38:44.851] - eth_blockNumber
[2020/03/30 19:38:59.844] - eth_blockNumber
[2020/03/30 19:39:04.966] - eth_blockNumber
[2020/03/30 19:39:19.852] - eth_blockNumber
[2020/03/30 19:39:25.091] - eth_blockNumber
[2020/03/30 19:39:39.862] - eth_blockNumber
[2020/03/30 19:39:45.102] - eth_blockNumber
[2020/03/30 19:39:45.816] - eth_blockNumber
[2020/03/30 19:39:45.831] - net_version
[2020/03/30 19:39:45.842] - eth_accounts
[2020/03/30 19:39:45.870] - eth_getBlockByNumber
[2020/03/30 19:39:45.876] - eth_accounts
[2020/03/30 19:39:45.933] - eth_getBlockByNumber
[2020/03/30 19:39:45.943] - eth_getBlockByNumber
[2020/03/30 19:39:45.948] - eth_getBlockByNumber
[2020/03/30 19:39:45.956] - eth_estimateGas
[2020/03/30 19:39:47.432] - eth_getBlockByNumber
[2020/03/30 19:39:47.432] - eth_blockNumber
[2020/03/30 19:39:47.439] - eth_sendTransaction
[2020/03/30 19:39:47.457] - 
[2020/03/30 19:39:47.457] -   Transaction: 0x160218120beed7e39f6dbe52f55d5fe3fc7d0c9afae25d4de995b30311d4cb33
[2020/03/30 19:39:47.457] -   Contract created: 0x4627c8504d7a09d50a888adbfbf78eb4f7d0bc58
[2020/03/30 19:39:47.457] -   Gas usage: 188483
[2020/03/30 19:39:47.457] -   Block Number: 303
[2020/03/30 19:39:47.457] -   Block Time: Mon Mar 30 2020 19:39:47 GMT+0100 (IST)
[2020/03/30 19:39:47.458] - 
[2020/03/30 19:39:47.458] - eth_getBlockByNumber
[2020/03/30 19:39:47.460] - eth_getTransactionReceipt
[2020/03/30 19:39:47.467] - eth_getCode
[2020/03/30 19:39:47.473] - eth_getTransactionByHash
[2020/03/30 19:39:47.479] - eth_getBlockByNumber
[2020/03/30 19:39:47.482] - eth_getBalance
[2020/03/30 19:39:47.495] - eth_getBlockByNumber
[2020/03/30 19:39:47.508] - eth_getBlockByNumber
[2020/03/30 19:39:47.523] - eth_sendTransaction
[2020/03/30 19:39:47.548] - 
[2020/03/30 19:39:47.548] -   Transaction: 0x56285c9a839c96c3b9a733ac17918345956cad2ca0e79331b350ddeb1e821c89
[2020/03/30 19:39:47.548] -   Gas usage: 42001
[2020/03/30 19:39:47.548] -   Block Number: 304
[2020/03/30 19:39:47.549] -   Block Time: Mon Mar 30 2020 19:39:47 GMT+0100 (IST)
[2020/03/30 19:39:47.549] - 
[2020/03/30 19:39:47.549] - eth_getBlockByNumber
[2020/03/30 19:39:47.550] - eth_getTransactionReceipt
[2020/03/30 19:39:47.561] - eth_getBlockByNumber
[2020/03/30 19:39:47.570] - eth_accounts
[2020/03/30 19:39:47.661] - eth_getBlockByNumber
[2020/03/30 19:39:47.670] - eth_getBlockByNumber
[2020/03/30 19:39:47.674] - eth_getBlockByNumber
[2020/03/30 19:39:47.680] - eth_estimateGas
[2020/03/30 19:39:47.699] - eth_getBlockByNumber
[2020/03/30 19:39:47.699] - eth_blockNumber
[2020/03/30 19:39:47.705] - eth_sendTransaction
[2020/03/30 19:39:47.752] - 
[2020/03/30 19:39:47.753] -   Transaction: 0xc213f8b0da90c543ac5e839d5fecae09a71de5061e332bcb64c69aaffa554802
[2020/03/30 19:39:47.753] -   Contract created: 0x36f51940843a3d3e871402b063428c081ca845d9
[2020/03/30 19:39:47.753] -   Gas usage: 1535224
[2020/03/30 19:39:47.753] -   Block Number: 305
[2020/03/30 19:39:47.753] -   Block Time: Mon Mar 30 2020 19:39:47 GMT+0100 (IST)
[2020/03/30 19:39:47.753] - 
[2020/03/30 19:39:47.754] - eth_getTransactionReceipt
[2020/03/30 19:39:47.761] - eth_getCode
[2020/03/30 19:39:47.770] - eth_getTransactionByHash
[2020/03/30 19:39:47.785] - eth_getBlockByNumber
[2020/03/30 19:39:47.794] - eth_getBalance
[2020/03/30 19:39:47.838] - eth_getBlockByNumber
[2020/03/30 19:39:47.849] - eth_getBlockByNumber
[2020/03/30 19:39:47.856] - eth_sendTransaction
[2020/03/30 19:39:47.890] - 
[2020/03/30 19:39:47.890] -   Transaction: 0x14e293bd0b31846c9760f7036212b8c3add8315d1886691e07b7711eba140625
[2020/03/30 19:39:47.890] -   Gas usage: 27001
[2020/03/30 19:39:47.890] -   Block Number: 306
[2020/03/30 19:39:47.890] -   Block Time: Mon Mar 30 2020 19:39:47 GMT+0100 (IST)
[2020/03/30 19:39:47.891] - 
[2020/03/30 19:39:47.892] - eth_getTransactionReceipt
[2020/03/30 19:39:47.912] - eth_getBlockByNumber
[2020/03/30 19:39:47.917] - eth_accounts
[2020/03/30 19:39:47.958] - eth_getBalance
[2020/03/30 19:39:47.970] - eth_getBlockByNumber
[2020/03/30 19:39:47.974] - eth_getBlockByNumber
[2020/03/30 19:39:47.979] - eth_getBlockByNumber
[2020/03/30 19:39:47.984] - eth_estimateGas
[2020/03/30 19:39:47.998] - eth_getBlockByNumber
[2020/03/30 19:39:47.999] - eth_blockNumber
[2020/03/30 19:39:48.007] - eth_sendTransaction
[2020/03/30 19:39:48.080] - eth_getTransactionCount
[2020/03/30 19:39:48.093] - 
[2020/03/30 19:39:48.095] -   Transaction: 0xcd88f8ca28e47fe854e66be3e203be6ea60fbcd4c011613aa30b6fa878a181a6
[2020/03/30 19:39:48.095] -   Contract created: 0x68e9fb588a83df5d79f34aabbd2379a9aa349726
[2020/03/30 19:39:48.095] -   Gas usage: 1313564
[2020/03/30 19:39:48.095] -   Block Number: 307
[2020/03/30 19:39:48.095] -   Block Time: Mon Mar 30 2020 19:39:48 GMT+0100 (IST)
[2020/03/30 19:39:48.096] - 
[2020/03/30 19:39:48.100] - eth_getTransactionReceipt
[2020/03/30 19:39:48.106] - eth_getCode
[2020/03/30 19:39:48.122] - eth_getTransactionByHash
[2020/03/30 19:39:48.129] - eth_getBlockByNumber
[2020/03/30 19:39:48.134] - eth_getBalance
[2020/03/30 19:39:48.136] - eth_getBalance
[2020/03/30 19:39:48.189] - eth_getBlockByNumber
[2020/03/30 19:39:48.205] - eth_getBlockByNumber
[2020/03/30 19:39:48.213] - eth_sendTransaction
[2020/03/30 19:39:48.259] - 
[2020/03/30 19:39:48.260] -   Transaction: 0x8232dd6af5f7f5961ca2cb891a613ef0852118b75bcf3ef7b7720157f7c9cf52
[2020/03/30 19:39:48.260] -   Gas usage: 27001
[2020/03/30 19:39:48.260] -   Block Number: 308
[2020/03/30 19:39:48.260] -   Block Time: Mon Mar 30 2020 19:39:48 GMT+0100 (IST)
[2020/03/30 19:39:48.261] - 
[2020/03/30 19:39:48.263] - eth_getTransactionReceipt
[2020/03/30 19:39:48.288] - eth_getBlockByNumber
[2020/03/30 19:39:48.299] - eth_accounts
[2020/03/30 19:39:48.376] - eth_getBlockByNumber
[2020/03/30 19:39:48.380] - eth_getBlockByNumber
[2020/03/30 19:39:48.384] - eth_getBlockByNumber
[2020/03/30 19:39:48.388] - eth_estimateGas
[2020/03/30 19:39:48.396] - eth_getTransactionCount
[2020/03/30 19:39:48.406] - eth_getBlockByNumber
[2020/03/30 19:39:48.407] - eth_blockNumber
[2020/03/30 19:39:48.411] - eth_sendTransaction
[2020/03/30 19:39:48.449] - 
[2020/03/30 19:39:48.449] -   Transaction: 0xd0f040ddaa82abf6cf83e10fb79368a6f2b1be57baf4cdc7c63401c6c61fb514
[2020/03/30 19:39:48.449] -   Contract created: 0x296dd90385ec8d1e0f53b3af3a2c9bf80e93e641
[2020/03/30 19:39:48.449] -   Gas usage: 1503078
[2020/03/30 19:39:48.449] -   Block Number: 309
[2020/03/30 19:39:48.450] -   Block Time: Mon Mar 30 2020 19:39:48 GMT+0100 (IST)
[2020/03/30 19:39:48.450] - 
[2020/03/30 19:39:48.453] - eth_getTransactionReceipt
[2020/03/30 19:39:48.471] - eth_getCode
[2020/03/30 19:39:48.477] - eth_getTransactionByHash
[2020/03/30 19:39:48.483] - eth_getBlockByNumber
[2020/03/30 19:39:48.490] - eth_getBalance
[2020/03/30 19:39:48.524] - eth_getBalance
[2020/03/30 19:39:48.552] - eth_getBlockByNumber
[2020/03/30 19:39:48.563] - eth_getBlockByNumber
[2020/03/30 19:39:48.573] - eth_sendTransaction
[2020/03/30 19:39:48.604] - 
[2020/03/30 19:39:48.604] -   Transaction: 0x6a9f28ffb1c38f3ca9619de539c97ad149a748ab82b14f664473ed3efa95286f
[2020/03/30 19:39:48.605] -   Gas usage: 27001
[2020/03/30 19:39:48.605] -   Block Number: 310
[2020/03/30 19:39:48.605] -   Block Time: Mon Mar 30 2020 19:39:48 GMT+0100 (IST)
[2020/03/30 19:39:48.605] - 
[2020/03/30 19:39:48.606] - eth_getTransactionReceipt
[2020/03/30 19:39:48.642] - eth_getTransactionCount
[2020/03/30 19:39:48.780] - eth_getBalance
[2020/03/30 19:39:48.856] - eth_getTransactionCount
[2020/03/30 19:39:48.902] - eth_getBalance
[2020/03/30 19:39:48.948] - eth_getTransactionCount
[2020/03/30 19:39:48.993] - eth_getBalance
[2020/03/30 19:39:49.021] - eth_getBlockByNumber
[2020/03/30 19:39:49.022] - eth_getBlockByNumber
[2020/03/30 19:39:49.023] - eth_getBlockByNumber
[2020/03/30 19:39:49.023] - eth_getBlockByNumber
[2020/03/30 19:39:49.024] - eth_getBlockByNumber
[2020/03/30 19:39:49.024] - eth_getBlockByNumber
[2020/03/30 19:39:49.087] - eth_getTransactionCount
[2020/03/30 19:39:49.176] - eth_getBalance
[2020/03/30 19:39:49.240] - eth_getTransactionCount
[2020/03/30 19:39:49.288] - eth_getBalance
[2020/03/30 19:39:49.335] - eth_getTransactionCount
[2020/03/30 19:39:49.379] - eth_getBalance
[2020/03/30 19:39:49.433] - eth_getTransactionCount
[2020/03/30 19:39:49.479] - eth_getBalance
[2020/03/30 19:39:49.548] - eth_getTransactionCount
[2020/03/30 19:39:49.693] - eth_getBalance
[2020/03/30 19:39:49.738] - eth_getTransactionCount
[2020/03/30 19:39:49.782] - eth_getBalance
[2020/03/30 19:39:49.826] - eth_getTransactionCount
[2020/03/30 19:39:49.874] - eth_getBalance
[2020/03/30 19:39:49.929] - eth_getTransactionCount
[2020/03/30 19:39:49.990] - eth_getBalance
[2020/03/30 19:39:50.060] - eth_getTransactionCount
[2020/03/30 19:39:50.132] - eth_getBalance
[2020/03/30 19:39:50.182] - eth_getTransactionCount
[2020/03/30 19:39:50.240] - eth_getBalance
[2020/03/30 19:39:50.301] - eth_getTransactionCount
[2020/03/30 19:39:50.346] - eth_getBalance
[2020/03/30 19:39:50.401] - eth_getTransactionCount
[2020/03/30 19:39:50.445] - eth_getBalance
[2020/03/30 19:39:50.501] - eth_getTransactionCount
[2020/03/30 19:39:50.596] - eth_getBalance
[2020/03/30 19:39:50.661] - eth_getTransactionCount
[2020/03/30 19:39:50.707] - eth_getBalance
[2020/03/30 19:39:50.753] - eth_getTransactionCount
[2020/03/30 19:39:57.400] - eth_getBalance
[2020/03/30 19:39:57.469] - eth_getTransactionCount
[2020/03/30 19:39:57.525] - eth_getBalance
[2020/03/30 19:39:57.609] - eth_getTransactionCount
[2020/03/30 19:39:57.680] - eth_getBalance
[2020/03/30 19:39:57.738] - eth_getTransactionCount
[2020/03/30 19:39:57.789] - eth_getBalance
[2020/03/30 19:39:57.846] - eth_getTransactionCount
[2020/03/30 19:39:57.904] - eth_getBalance
[2020/03/30 19:39:57.954] - eth_getTransactionCount
[2020/03/30 19:39:58.026] - eth_getBalance
[2020/03/30 19:39:58.113] - eth_getTransactionCount
[2020/03/30 19:39:58.164] - eth_getBalance
[2020/03/30 19:39:58.242] - eth_getTransactionCount
[2020/03/30 19:39:58.294] - eth_getBalance
[2020/03/30 19:39:58.345] - eth_getTransactionCount
[2020/03/30 19:39:58.394] - eth_getBalance
[2020/03/30 19:39:58.456] - eth_getTransactionCount
[2020/03/30 19:39:58.539] - eth_getBalance
[2020/03/30 19:39:58.613] - eth_getTransactionCount
[2020/03/30 19:39:58.831] - eth_getTransactionCount
[2020/03/30 19:39:58.885] - eth_getBalance
[2020/03/30 19:39:58.965] - eth_getTransactionCount
[2020/03/30 19:39:59.049] - eth_getBalance
[2020/03/30 19:39:59.097] - eth_getTransactionCount
[2020/03/30 19:39:59.153] - eth_getBalance
[2020/03/30 19:39:59.205] - eth_getTransactionCount
[2020/03/30 19:39:59.269] - eth_getBalance
[2020/03/30 19:39:59.327] - eth_getTransactionCount
[2020/03/30 19:39:59.394] - eth_getBalance
[2020/03/30 19:39:59.479] - eth_getTransactionCount
[2020/03/30 19:39:59.549] - eth_getBalance
[2020/03/30 19:39:59.618] - eth_getTransactionCount
[2020/03/30 19:39:59.674] - eth_getBalance
[2020/03/30 19:39:59.725] - eth_getTransactionCount
[2020/03/30 19:39:59.782] - eth_getBalance
[2020/03/30 19:39:59.834] - eth_getTransactionCount
[2020/03/30 19:39:59.870] - eth_blockNumber
[2020/03/30 19:39:59.875] - eth_getBlockByNumber
[2020/03/30 19:39:59.910] - eth_getBalance
[2020/03/30 19:40:00.009] - eth_getTransactionCount
[2020/03/30 19:40:00.938] - eth_getBalance
[2020/03/30 19:40:01.050] - eth_getTransactionCount
[2020/03/30 19:40:01.102] - eth_getBalance
[2020/03/30 19:40:01.153] - eth_getTransactionCount
[2020/03/30 19:40:01.213] - eth_getBalance
[2020/03/30 19:40:01.275] - eth_getTransactionCount
[2020/03/30 19:40:01.328] - eth_getBalance
[2020/03/30 19:40:01.376] - eth_getTransactionCount
[2020/03/30 19:40:01.441] - eth_getBalance
[2020/03/30 19:40:01.551] - eth_getTransactionCount
[2020/03/30 19:40:01.600] - eth_getBalance
[2020/03/30 19:40:01.658] - eth_getTransactionCount
[2020/03/30 19:40:01.709] - eth_getBalance
[2020/03/30 19:40:01.771] - eth_getTransactionCount
[2020/03/30 19:40:01.826] - eth_getBalance
[2020/03/30 19:40:01.875] - eth_getTransactionCount
[2020/03/30 19:40:01.928] - eth_getBalance
[2020/03/30 19:40:02.029] - eth_getTransactionCount
[2020/03/30 19:40:02.087] - eth_getBalance
[2020/03/30 19:40:02.146] - eth_getTransactionCount
[2020/03/30 19:40:02.602] - eth_getBalance
[2020/03/30 19:40:02.658] - eth_getTransactionCount
[2020/03/30 19:40:02.709] - eth_getBalance
[2020/03/30 19:40:02.764] - eth_getTransactionCount
[2020/03/30 19:40:02.813] - eth_getBalance
[2020/03/30 19:40:02.871] - eth_getTransactionCount
[2020/03/30 19:40:02.925] - eth_getBalance
[2020/03/30 19:40:03.028] - eth_getTransactionCount
[2020/03/30 19:40:03.085] - eth_getBalance
[2020/03/30 19:40:03.134] - eth_getTransactionCount
[2020/03/30 19:40:03.183] - eth_getBalance
[2020/03/30 19:40:03.250] - eth_getTransactionCount
[2020/03/30 19:40:03.302] - eth_getBalance
[2020/03/30 19:40:03.351] - eth_getTransactionCount
[2020/03/30 19:40:03.403] - eth_getBalance
[2020/03/30 19:40:03.502] - eth_getTransactionCount
[2020/03/30 19:40:03.567] - eth_getBalance
[2020/03/30 19:40:03.623] - eth_getTransactionCount
[2020/03/30 19:40:03.678] - eth_getBalance
[2020/03/30 19:40:03.727] - eth_getTransactionCount
[2020/03/30 19:40:04.266] - eth_getBalance
[2020/03/30 19:40:04.326] - eth_getTransactionCount
[2020/03/30 19:40:04.378] - eth_getBalance
[2020/03/30 19:40:04.461] - eth_getTransactionCount
[2020/03/30 19:40:04.534] - eth_getBalance
[2020/03/30 19:40:04.591] - eth_getBalance
[2020/03/30 19:40:04.652] - eth_getTransactionCount
[2020/03/30 19:40:04.707] - eth_getBalance
[2020/03/30 19:40:04.755] - eth_getTransactionCount
[2020/03/30 19:40:04.812] - eth_getBalance
[2020/03/30 19:40:04.863] - eth_getTransactionCount
[2020/03/30 19:40:04.946] - eth_getBalance
[2020/03/30 19:40:05.043] - eth_getTransactionCount
[2020/03/30 19:40:05.102] - eth_getBalance
[2020/03/30 19:40:05.108] - eth_blockNumber
[2020/03/30 19:40:05.117] - eth_getBlockByNumber
[2020/03/30 19:40:05.122] - eth_getBlockByNumber
[2020/03/30 19:40:05.123] - eth_getBlockByNumber
[2020/03/30 19:40:05.124] - eth_getBlockByNumber
[2020/03/30 19:40:05.124] - eth_getBlockByNumber
[2020/03/30 19:40:05.125] - eth_getBlockByNumber
[2020/03/30 19:40:05.127] - eth_getBlockByNumber
[2020/03/30 19:40:05.127] - eth_getBlockByNumber
[2020/03/30 19:40:05.130] - eth_getBlockByNumber
[2020/03/30 19:40:05.164] - eth_getTransactionCount
[2020/03/30 19:40:05.227] - eth_getBlockByNumber
[2020/03/30 19:40:05.231] - eth_getBalance
[2020/03/30 19:40:05.238] - eth_getBlockByNumber
[2020/03/30 19:40:05.246] - eth_getBlockByNumber
[2020/03/30 19:40:05.255] - eth_getBlockByNumber
[2020/03/30 19:40:05.261] - eth_getBlockByNumber
[2020/03/30 19:40:05.262] - eth_getBlockByNumber
[2020/03/30 19:40:05.264] - eth_getBlockByNumber
[2020/03/30 19:40:05.290] - eth_getBalance
[2020/03/30 19:40:05.299] - eth_getTransactionCount
[2020/03/30 19:40:05.363] - eth_getBalance
[2020/03/30 19:40:05.426] - eth_getTransactionCount
[2020/03/30 19:40:05.515] - eth_getBalance
[2020/03/30 19:40:05.597] - eth_getTransactionCount
[2020/03/30 19:40:05.649] - eth_getBalance
[2020/03/30 19:40:05.708] - eth_getTransactionCount
[2020/03/30 19:40:05.767] - eth_getBalance
[2020/03/30 19:40:05.817] - eth_getBalance
[2020/03/30 19:40:05.873] - eth_getTransactionCount
[2020/03/30 19:40:05.927] - eth_getBalance
[2020/03/30 19:40:06.017] - eth_getTransactionCount
[2020/03/30 19:40:06.089] - eth_getBalance
[2020/03/30 19:40:06.155] - eth_getTransactionCount
[2020/03/30 19:40:06.212] - eth_getBalance
[2020/03/30 19:40:06.267] - eth_getTransactionCount
[2020/03/30 19:40:06.334] - eth_getBalance
[2020/03/30 19:40:06.384] - eth_getTransactionCount
[2020/03/30 19:40:06.464] - eth_getBalance
[2020/03/30 19:40:06.564] - eth_getTransactionCount
[2020/03/30 19:40:06.613] - eth_getBalance
[2020/03/30 19:40:06.679] - eth_getTransactionCount
[2020/03/30 19:40:19.876] - eth_blockNumber
[2020/03/30 19:40:25.130] - eth_blockNumber
[2020/03/30 19:40:39.886] - eth_blockNumber
[2020/03/30 19:40:45.138] - eth_blockNumber
[2020/03/30 19:40:59.895] - eth_blockNumber
[2020/03/30 19:41:05.149] - eth_blockNumber
[2020/03/30 19:41:19.909] - eth_blockNumber
[2020/03/30 19:41:25.165] - eth_blockNumber
[2020/03/30 19:41:39.926] - eth_blockNumber
[2020/03/30 19:41:45.190] - eth_blockNumber
[2020/03/30 19:41:58.287] - net_version
[2020/03/30 19:41:58.480] - eth_call
[2020/03/30 19:41:59.942] - eth_blockNumber
[2020/03/30 19:42:05.196] - eth_blockNumber
[2020/03/30 19:42:19.953] - eth_blockNumber
[2020/03/30 19:42:25.217] - eth_blockNumber
[2020/03/30 19:42:38.786] - eth_gasPrice
[2020/03/30 19:42:38.843] - eth_getCode
[2020/03/30 19:42:39.012] - eth_estimateGas
[2020/03/30 19:42:39.962] - eth_blockNumber
[2020/03/30 19:42:41.545] - eth_getTransactionCount
[2020/03/30 19:42:42.825] - eth_sendRawTransaction
[2020/03/30 19:42:42.936] - 
[2020/03/30 19:42:42.936] -   Transaction: 0x89df2ae0fd24fc0e4b88c188112a70e58095ec20bfff71f9bf18189d2d846e22
[2020/03/30 19:42:42.936] -   Gas usage: 301400
[2020/03/30 19:42:42.936] -   Block Number: 311
[2020/03/30 19:42:42.936] -   Block Time: Mon Mar 30 2020 19:42:42 GMT+0100 (IST)
[2020/03/30 19:42:42.936] - 
[2020/03/30 19:42:42.938] - eth_getBlockByNumber
[2020/03/30 19:42:43.101] - eth_getTransactionReceipt
[2020/03/30 19:42:43.142] - eth_getBalance
[2020/03/30 19:42:43.275] - eth_getTransactionCount
[2020/03/30 19:42:43.332] - eth_getBalance
[2020/03/30 19:42:43.383] - eth_getTransactionCount
[2020/03/30 19:42:43.447] - eth_getBalance
[2020/03/30 19:42:43.510] - eth_getTransactionCount
[2020/03/30 19:42:43.565] - eth_getBalance
[2020/03/30 19:42:43.617] - eth_getTransactionCount
[2020/03/30 19:42:43.681] - eth_getBalance
[2020/03/30 19:42:43.804] - eth_getTransactionCount
[2020/03/30 19:42:43.862] - eth_getBalance
[2020/03/30 19:42:43.925] - eth_getTransactionCount
[2020/03/30 19:42:43.990] - eth_getBalance
[2020/03/30 19:42:44.149] - eth_getTransactionCount
[2020/03/30 19:42:44.284] - eth_getBalance
[2020/03/30 19:42:44.377] - eth_getTransactionCount
[2020/03/30 19:42:44.452] - eth_blockNumber
[2020/03/30 19:42:44.554] - eth_getBalance
[2020/03/30 19:42:44.591] - eth_getBlockByNumber
[2020/03/30 19:42:44.594] - eth_getBlockByNumber
[2020/03/30 19:42:44.598] - eth_getBalance
[2020/03/30 19:42:44.666] - eth_getTransactionReceipt
[2020/03/30 19:42:44.689] - eth_getTransactionCount
[2020/03/30 19:42:44.787] - eth_getTransactionCount
[2020/03/30 19:42:45.012] - eth_getBalance
[2020/03/30 19:42:45.204] - eth_getTransactionCount
[2020/03/30 19:42:45.244] - eth_call
[2020/03/30 19:42:45.276] - eth_blockNumber
[2020/03/30 19:42:45.536] - eth_call
[2020/03/30 19:42:59.978] - eth_blockNumber
[2020/03/30 19:42:59.992] - eth_getBlockByNumber
[2020/03/30 19:43:05.412] - eth_blockNumber
[2020/03/30 19:43:08.514] - eth_gasPrice
[2020/03/30 19:43:08.631] - eth_getCode
[2020/03/30 19:43:08.971] - eth_estimateGas
[2020/03/30 19:43:13.290] - eth_sendRawTransaction
[2020/03/30 19:43:13.381] - 
[2020/03/30 19:43:13.381] -   Transaction: 0xb09e33f7c243f1f72621a8e80cb50ea1770fedbc153b57c58fb527b66bbd106d
[2020/03/30 19:43:13.381] -   Gas usage: 301023
[2020/03/30 19:43:13.382] -   Block Number: 312
[2020/03/30 19:43:13.382] -   Block Time: Mon Mar 30 2020 19:43:13 GMT+0100 (IST)
[2020/03/30 19:43:13.382] - 
[2020/03/30 19:43:13.384] - eth_getBlockByNumber
[2020/03/30 19:43:13.591] - eth_getBalance
[2020/03/30 19:43:13.744] - eth_getTransactionCount
[2020/03/30 19:43:13.803] - eth_getBalance
[2020/03/30 19:43:13.857] - eth_getTransactionCount
[2020/03/30 19:43:13.912] - eth_getBalance
[2020/03/30 19:43:13.980] - eth_getTransactionCount
[2020/03/30 19:43:14.046] - eth_getBalance
[2020/03/30 19:43:14.104] - eth_getTransactionCount
[2020/03/30 19:43:14.195] - eth_getBalance
[2020/03/30 19:43:14.280] - eth_getTransactionCount
[2020/03/30 19:43:14.352] - eth_getBalance
[2020/03/30 19:43:14.439] - eth_getTransactionReceipt
[2020/03/30 19:43:14.460] - eth_getTransactionCount
[2020/03/30 19:43:14.548] - eth_getBalance
[2020/03/30 19:43:14.652] - eth_getTransactionCount
[2020/03/30 19:43:14.761] - eth_getBalance
[2020/03/30 19:43:14.899] - eth_getTransactionCount
[2020/03/30 19:43:15.098] - eth_getBalance
[2020/03/30 19:43:15.234] - eth_getTransactionCount
[2020/03/30 19:43:15.352] - eth_getBalance
[2020/03/30 19:43:15.513] - eth_getTransactionCount
[2020/03/30 19:43:15.644] - eth_blockNumber
[2020/03/30 19:43:15.745] - eth_getBlockByNumber
[2020/03/30 19:43:15.777] - eth_getBlockByNumber
[2020/03/30 19:43:15.799] - eth_getBalance
[2020/03/30 19:43:15.855] - eth_getTransactionReceipt
[2020/03/30 19:43:15.991] - eth_getTransactionCount
[2020/03/30 19:43:19.989] - eth_blockNumber
[2020/03/30 19:43:19.997] - eth_getBlockByNumber
[2020/03/30 19:43:25.449] - eth_blockNumber
[2020/03/30 19:43:40.000] - eth_blockNumber
[2020/03/30 19:43:45.475] - eth_blockNumber
[2020/03/30 19:44:00.012] - eth_blockNumber
[2020/03/30 19:44:05.489] - eth_blockNumber
[2020/03/30 19:44:20.025] - eth_blockNumber
[2020/03/30 19:44:25.553] - eth_blockNumber
[2020/03/30 19:44:30.333] - eth_unsubscribe
[2020/03/30 19:44:30.336] - eth_unsubscribe
[2020/03/30 19:44:31.008] - Warning: stopMining called when miner was already stopped
