[2020/03/28 12:11:15.331] - Starting server (version 2.1.2) with initial configuration: {"gasLimit":6721975,"gasPrice":20000000000,"hardfork":"petersburg","hostname":"127.0.0.1","port":7545,"network_id":5777,"default_balance_ether":100,"total_accounts":10,"unlocked_accounts":[],"locked":false,"vmErrorsOnRPCResponse":true,"verbose":false,"db_path":"/home/nash/.config/Ganache/workspaces/identity-wallet/chaindata","logDirectory":"/home/nash/Documents/Projects/Blockchain/Project/identity-wallet/wallet-web-app/logs"}
[2020/03/28 12:11:16.226] - eth_getCode
[2020/03/28 12:11:16.227] - eth_subscribe
[2020/03/28 12:11:16.227] - eth_getLogs
[2020/03/28 12:11:16.228] - eth_subscribe
[2020/03/28 12:11:16.235] - eth_getCode
[2020/03/28 12:11:16.271] - eth_getCode
[2020/03/28 12:11:16.301] - eth_getCode
[2020/03/28 12:11:16.314] - eth_getCode
[2020/03/28 12:11:16.344] - eth_getCode
[2020/03/28 12:11:17.278] - eth_blockNumber
[2020/03/28 12:11:17.926] - eth_getBlockByNumber
[2020/03/28 12:11:17.927] - eth_subscribe
[2020/03/28 12:11:18.901] - eth_blockNumber
[2020/03/28 12:11:18.901] - eth_accounts
[2020/03/28 12:11:18.901] - eth_gasPrice
[2020/03/28 12:11:19.755] - eth_accounts
[2020/03/28 12:11:20.115] - eth_getBalance
[2020/03/28 12:11:20.239] - eth_getTransactionCount
[2020/03/28 12:11:20.307] - eth_getBalance
[2020/03/28 12:11:20.361] - eth_getTransactionCount
[2020/03/28 12:11:20.454] - eth_getBalance
[2020/03/28 12:11:20.518] - eth_getTransactionCount
[2020/03/28 12:11:20.563] - eth_getBalance
[2020/03/28 12:11:20.607] - eth_getTransactionCount
[2020/03/28 12:11:20.669] - eth_getBalance
[2020/03/28 12:11:20.720] - eth_getTransactionCount
[2020/03/28 12:11:20.767] - eth_getBalance
[2020/03/28 12:11:20.853] - eth_getTransactionCount
[2020/03/28 12:11:20.916] - eth_getBalance
[2020/03/28 12:11:20.999] - eth_getTransactionCount
[2020/03/28 12:11:21.082] - eth_getBalance
[2020/03/28 12:11:21.142] - eth_getTransactionCount
[2020/03/28 12:11:21.196] - eth_getBalance
[2020/03/28 12:11:21.242] - eth_getTransactionCount
[2020/03/28 12:11:21.288] - eth_getBalance
[2020/03/28 12:11:21.329] - eth_getTransactionCount
[2020/03/28 12:11:22.440] - eth_getBalance
[2020/03/28 12:11:22.595] - eth_getTransactionCount
[2020/03/28 12:11:22.779] - eth_getBalance
[2020/03/28 12:11:22.869] - eth_getTransactionCount
[2020/03/28 12:11:22.961] - eth_getBalance
[2020/03/28 12:11:23.152] - eth_getTransactionCount
[2020/03/28 12:11:23.339] - eth_getBalance
[2020/03/28 12:11:23.540] - eth_getTransactionCount
[2020/03/28 12:11:23.669] - eth_getBalance
[2020/03/28 12:11:23.943] - eth_getTransactionCount
[2020/03/28 12:11:24.037] - eth_getBalance
[2020/03/28 12:11:24.251] - eth_blockNumber
[2020/03/28 12:11:24.290] - eth_getTransactionCount
[2020/03/28 12:11:24.466] - eth_getBalance
[2020/03/28 12:11:24.722] - eth_getTransactionCount
[2020/03/28 12:11:25.006] - eth_getBalance
[2020/03/28 12:11:25.150] - eth_getTransactionCount
[2020/03/28 12:11:25.278] - eth_getBalance
[2020/03/28 12:11:25.371] - eth_getTransactionCount
[2020/03/28 12:11:25.589] - eth_getBalance
[2020/03/28 12:11:25.800] - eth_getTransactionCount
[2020/03/28 12:11:37.293] - eth_blockNumber
[2020/03/28 12:11:44.289] - eth_blockNumber
[2020/03/28 12:11:57.305] - eth_blockNumber
[2020/03/28 12:12:04.299] - eth_blockNumber
[2020/03/28 12:12:17.318] - eth_blockNumber
[2020/03/28 12:12:24.311] - eth_blockNumber
[2020/03/28 12:12:37.350] - eth_blockNumber
[2020/03/28 12:12:44.323] - eth_blockNumber
[2020/03/28 12:12:57.377] - eth_blockNumber
[2020/03/28 12:13:04.345] - eth_blockNumber
[2020/03/28 12:13:17.388] - eth_blockNumber
[2020/03/28 12:13:24.358] - eth_blockNumber
[2020/03/28 12:13:37.399] - eth_blockNumber
[2020/03/28 12:13:44.367] - eth_blockNumber
[2020/03/28 12:13:57.410] - eth_blockNumber
[2020/03/28 12:14:04.378] - eth_blockNumber
[2020/03/28 12:14:17.422] - eth_blockNumber
[2020/03/28 12:14:24.391] - eth_blockNumber
[2020/03/28 12:14:37.439] - eth_blockNumber
[2020/03/28 12:14:44.404] - eth_blockNumber
[2020/03/28 12:14:57.451] - eth_blockNumber
[2020/03/28 12:15:04.421] - eth_blockNumber
[2020/03/28 12:15:17.460] - eth_blockNumber
[2020/03/28 12:15:24.436] - eth_blockNumber
[2020/03/28 12:15:37.470] - eth_blockNumber
[2020/03/28 12:15:44.448] - eth_blockNumber
[2020/03/28 12:15:57.480] - eth_blockNumber
[2020/03/28 12:16:04.458] - eth_blockNumber
[2020/03/28 12:16:17.494] - eth_blockNumber
[2020/03/28 12:16:24.470] - eth_blockNumber
[2020/03/28 12:16:37.507] - eth_blockNumber
[2020/03/28 12:16:44.482] - eth_blockNumber
[2020/03/28 12:16:57.517] - eth_blockNumber
[2020/03/28 12:17:04.493] - eth_blockNumber
[2020/03/28 12:17:17.528] - eth_blockNumber
[2020/03/28 12:17:24.504] - eth_blockNumber
[2020/03/28 12:17:37.538] - eth_blockNumber
[2020/03/28 12:17:44.515] - eth_blockNumber
[2020/03/28 12:17:57.548] - eth_blockNumber
[2020/03/28 12:18:04.526] - eth_blockNumber
[2020/03/28 12:18:17.558] - eth_blockNumber
[2020/03/28 12:18:24.536] - eth_blockNumber
[2020/03/28 12:18:37.571] - eth_blockNumber
[2020/03/28 12:18:44.546] - eth_blockNumber
[2020/03/28 12:18:57.583] - eth_blockNumber
[2020/03/28 12:19:04.555] - eth_blockNumber
[2020/03/28 12:19:17.594] - eth_blockNumber
[2020/03/28 12:19:24.563] - eth_blockNumber
[2020/03/28 12:19:37.606] - eth_blockNumber
[2020/03/28 12:19:44.574] - eth_blockNumber
[2020/03/28 12:19:57.624] - eth_blockNumber
[2020/03/28 12:20:04.588] - eth_blockNumber
[2020/03/28 12:20:17.643] - eth_blockNumber
[2020/03/28 12:20:24.598] - eth_blockNumber
[2020/03/28 12:20:37.659] - eth_blockNumber
[2020/03/28 12:20:44.614] - eth_blockNumber
[2020/03/28 12:20:57.673] - eth_blockNumber
[2020/03/28 12:21:04.635] - eth_blockNumber
[2020/03/28 12:21:17.687] - eth_blockNumber
[2020/03/28 12:21:24.652] - eth_blockNumber
[2020/03/28 12:21:37.698] - eth_blockNumber
[2020/03/28 12:21:44.662] - eth_blockNumber
[2020/03/28 12:21:57.707] - eth_blockNumber
[2020/03/28 12:22:04.675] - eth_blockNumber
[2020/03/28 12:22:17.717] - eth_blockNumber
[2020/03/28 12:22:24.693] - eth_blockNumber
[2020/03/28 12:22:37.735] - eth_blockNumber
[2020/03/28 12:22:44.712] - eth_blockNumber
[2020/03/28 12:22:57.758] - eth_blockNumber
[2020/03/28 12:23:04.729] - eth_blockNumber
[2020/03/28 12:23:17.771] - eth_blockNumber
[2020/03/28 12:23:24.745] - eth_blockNumber
[2020/03/28 12:23:37.780] - eth_blockNumber
[2020/03/28 12:23:39.139] - net_version
[2020/03/28 12:23:39.400] - eth_getBalance
[2020/03/28 12:23:39.636] - eth_call
[2020/03/28 12:23:44.760] - eth_blockNumber
[2020/03/28 12:23:57.795] - eth_blockNumber
[2020/03/28 12:24:04.780] - eth_blockNumber
[2020/03/28 12:24:17.806] - eth_blockNumber
[2020/03/28 12:24:24.795] - eth_blockNumber
[2020/03/28 12:24:37.817] - eth_blockNumber
[2020/03/28 12:24:44.805] - eth_blockNumber
[2020/03/28 12:24:57.830] - eth_blockNumber
[2020/03/28 12:25:04.821] - eth_blockNumber
[2020/03/28 12:25:17.846] - eth_blockNumber
[2020/03/28 12:25:24.832] - eth_blockNumber
[2020/03/28 12:25:37.856] - eth_blockNumber
[2020/03/28 12:25:44.842] - eth_blockNumber
[2020/03/28 12:25:57.868] - eth_blockNumber
[2020/03/28 12:26:04.854] - eth_blockNumber
[2020/03/28 12:26:17.882] - eth_blockNumber
[2020/03/28 12:26:24.872] - eth_blockNumber
[2020/03/28 12:26:33.313] - eth_gasPrice
[2020/03/28 12:26:33.404] - eth_getCode
[2020/03/28 12:26:33.481] - eth_getBlockByNumber
[2020/03/28 12:26:33.687] - eth_estimateGas
[2020/03/28 12:26:36.547] - eth_getTransactionCount
[2020/03/28 12:26:37.904] - eth_blockNumber
[2020/03/28 12:26:38.250] - eth_sendRawTransaction
[2020/03/28 12:26:38.439] - 
[2020/03/28 12:26:38.440] -   Transaction: 0x48c9731c340c8dbef1a019fb35349c04b146bb7f3421537ff5a378317d813d06
[2020/03/28 12:26:38.440] -   Gas usage: 301336
[2020/03/28 12:26:38.440] -   Block Number: 258
[2020/03/28 12:26:38.441] -   Block Time: Sat Mar 28 2020 12:26:38 GMT+0000 (GMT)
[2020/03/28 12:26:38.441] - 
[2020/03/28 12:26:38.444] - eth_getBlockByNumber
[2020/03/28 12:26:38.759] - eth_getBalance
[2020/03/28 12:26:38.838] - eth_getTransactionCount
[2020/03/28 12:26:38.894] - eth_getBalance
[2020/03/28 12:26:38.971] - eth_getTransactionCount
[2020/03/28 12:26:39.087] - eth_getBalance
[2020/03/28 12:26:39.173] - eth_getTransactionCount
[2020/03/28 12:26:39.295] - eth_getBalance
[2020/03/28 12:26:39.365] - eth_getTransactionCount
[2020/03/28 12:26:39.427] - eth_getBalance
[2020/03/28 12:26:39.487] - eth_getTransactionCount
[2020/03/28 12:26:39.555] - eth_getBalance
[2020/03/28 12:26:39.640] - eth_getTransactionCount
[2020/03/28 12:26:39.713] - eth_getBalance
[2020/03/28 12:26:39.802] - eth_getTransactionCount
[2020/03/28 12:26:39.918] - eth_getBalance
[2020/03/28 12:26:39.979] - eth_getTransactionCount
[2020/03/28 12:26:40.036] - eth_getBalance
[2020/03/28 12:26:40.090] - eth_getTransactionCount
[2020/03/28 12:26:40.160] - eth_getBalance
[2020/03/28 12:26:40.222] - eth_getTransactionCount
[2020/03/28 12:26:40.983] - eth_getTransactionReceipt
[2020/03/28 12:26:41.153] - eth_blockNumber
[2020/03/28 12:26:41.170] - eth_getBlockByNumber
[2020/03/28 12:26:41.174] - eth_getBlockByNumber
[2020/03/28 12:26:41.228] - eth_getTransactionReceipt
[2020/03/28 12:26:41.323] - eth_getTransactionCount
[2020/03/28 12:26:41.339] - eth_call
[2020/03/28 12:26:41.540] - eth_call
[2020/03/28 12:26:44.902] - eth_blockNumber
[2020/03/28 12:26:45.001] - eth_getBalance
[2020/03/28 12:26:57.944] - eth_blockNumber
[2020/03/28 12:26:57.982] - eth_getBlockByNumber
[2020/03/28 12:27:04.945] - eth_blockNumber
[2020/03/28 12:27:17.979] - eth_blockNumber
[2020/03/28 12:27:24.984] - eth_blockNumber
[2020/03/28 12:27:37.989] - eth_blockNumber
[2020/03/28 12:27:45.085] - eth_blockNumber
[2020/03/28 12:27:58.000] - eth_blockNumber
[2020/03/28 12:28:06.123] - eth_blockNumber
[2020/03/28 12:28:18.008] - eth_blockNumber
[2020/03/28 12:28:26.150] - eth_blockNumber
[2020/03/28 12:28:38.018] - eth_blockNumber
[2020/03/28 12:28:46.164] - eth_blockNumber
[2020/03/28 12:28:58.028] - eth_blockNumber
[2020/03/28 12:29:06.905] - eth_blockNumber
[2020/03/28 12:29:18.039] - eth_blockNumber
[2020/03/28 12:29:27.000] - eth_blockNumber
[2020/03/28 12:29:38.051] - eth_blockNumber
[2020/03/28 12:29:47.126] - eth_blockNumber
[2020/03/28 12:29:58.063] - eth_blockNumber
[2020/03/28 12:30:07.197] - eth_blockNumber
[2020/03/28 12:30:18.072] - eth_blockNumber
[2020/03/28 12:30:27.512] - eth_blockNumber
[2020/03/28 12:30:38.082] - eth_blockNumber
[2020/03/28 12:30:47.604] - eth_blockNumber
[2020/03/28 12:30:58.095] - eth_blockNumber
[2020/03/28 12:31:07.851] - eth_blockNumber
[2020/03/28 12:31:08.076] - net_version
[2020/03/28 12:31:18.137] - eth_blockNumber
[2020/03/28 12:31:28.567] - eth_blockNumber
[2020/03/28 12:31:38.162] - eth_blockNumber
[2020/03/28 12:31:48.049] - net_version
[2020/03/28 12:31:48.959] - eth_blockNumber
[2020/03/28 12:31:58.199] - eth_blockNumber
[2020/03/28 12:32:08.972] - eth_blockNumber
[2020/03/28 12:32:18.211] - eth_blockNumber
[2020/03/28 12:32:29.237] - eth_blockNumber
[2020/03/28 12:32:38.233] - eth_blockNumber
[2020/03/28 12:32:49.735] - eth_blockNumber
[2020/03/28 12:32:58.240] - eth_blockNumber
[2020/03/28 12:33:10.437] - eth_blockNumber
[2020/03/28 12:33:18.251] - eth_blockNumber
[2020/03/28 12:33:25.245] - net_version
[2020/03/28 12:33:30.757] - eth_blockNumber
[2020/03/28 12:33:38.258] - eth_blockNumber
[2020/03/28 12:33:50.783] - eth_blockNumber
[2020/03/28 12:33:58.266] - eth_blockNumber
[2020/03/28 12:34:10.843] - eth_blockNumber
[2020/03/28 12:34:18.276] - eth_blockNumber
[2020/03/28 12:34:28.830] - net_version
[2020/03/28 12:34:32.579] - eth_blockNumber
[2020/03/28 12:34:38.286] - eth_blockNumber
[2020/03/28 12:34:52.882] - eth_blockNumber
[2020/03/28 12:34:58.296] - eth_blockNumber
[2020/03/28 12:35:00.197] - net_version
[2020/03/28 12:35:15.324] - eth_blockNumber
[2020/03/28 12:35:18.310] - eth_blockNumber
[2020/03/28 12:35:26.391] - net_version
[2020/03/28 12:35:36.114] - eth_blockNumber
[2020/03/28 12:35:38.325] - eth_blockNumber
[2020/03/28 12:35:56.194] - eth_blockNumber
[2020/03/28 12:35:58.340] - eth_blockNumber
[2020/03/28 12:36:16.239] - eth_blockNumber
[2020/03/28 12:36:18.356] - eth_blockNumber
[2020/03/28 12:38:45.081] - eth_blockNumber
[2020/03/28 12:38:45.085] - eth_blockNumber
[2020/03/28 12:39:05.112] - eth_blockNumber
[2020/03/28 12:39:25.125] - eth_blockNumber
[2020/03/28 12:39:45.136] - eth_blockNumber
[2020/03/28 12:40:05.147] - eth_blockNumber
[2020/03/28 12:40:25.157] - eth_blockNumber
[2020/03/28 12:40:45.168] - eth_blockNumber
[2020/03/28 12:41:05.179] - eth_blockNumber
[2020/03/28 12:41:25.192] - eth_blockNumber
[2020/03/28 12:41:45.203] - eth_blockNumber
[2020/03/28 12:42:05.213] - eth_blockNumber
[2020/03/28 12:42:25.224] - eth_blockNumber
[2020/03/28 12:42:45.235] - eth_blockNumber
[2020/03/28 12:43:05.250] - eth_blockNumber
[2020/03/28 12:43:25.260] - eth_blockNumber
[2020/03/28 12:43:45.271] - eth_blockNumber
[2020/03/28 12:44:05.281] - eth_blockNumber
[2020/03/28 12:44:25.290] - eth_blockNumber
[2020/03/28 12:44:45.300] - eth_blockNumber
[2020/03/28 12:45:05.311] - eth_blockNumber
[2020/03/28 12:45:25.321] - eth_blockNumber
[2020/03/28 12:45:45.332] - eth_blockNumber
[2020/03/28 12:46:05.342] - eth_blockNumber
[2020/03/28 12:46:25.352] - eth_blockNumber
[2020/03/28 12:46:45.365] - eth_blockNumber
[2020/03/28 12:46:59.877] - net_version
[2020/03/28 12:46:59.879] - eth_blockNumber
[2020/03/28 12:46:59.880] - net_version
[2020/03/28 12:47:00.295] - eth_getBlockByNumber
[2020/03/28 12:47:00.296] - eth_getBlockByNumber
[2020/03/28 12:47:00.306] - eth_getBlockByNumber
[2020/03/28 12:47:00.309] - eth_getBlockByNumber
[2020/03/28 12:47:00.310] - eth_getBlockByNumber
[2020/03/28 12:47:00.321] - eth_getBlockByNumber
[2020/03/28 12:47:00.325] - eth_getBlockByNumber
[2020/03/28 12:47:00.342] - eth_getBlockByNumber
[2020/03/28 12:47:00.345] - eth_getBlockByNumber
[2020/03/28 12:47:00.347] - eth_getBlockByNumber
[2020/03/28 12:47:00.358] - eth_getBlockByNumber
[2020/03/28 12:47:00.365] - eth_getBlockByNumber
[2020/03/28 12:47:00.372] - eth_getBlockByNumber
[2020/03/28 12:47:00.378] - eth_getBlockByNumber
[2020/03/28 12:47:00.385] - eth_getBlockByNumber
[2020/03/28 12:47:00.391] - eth_getBlockByNumber
[2020/03/28 12:47:00.407] - eth_getBlockByNumber
[2020/03/28 12:47:00.409] - eth_getBlockByNumber
[2020/03/28 12:47:00.424] - eth_getBlockByNumber
[2020/03/28 12:47:00.432] - eth_getBlockByNumber
[2020/03/28 12:47:00.445] - eth_getBlockByNumber
[2020/03/28 12:47:00.449] - eth_getBlockByNumber
[2020/03/28 12:47:00.464] - eth_getBlockByNumber
[2020/03/28 12:47:00.470] - eth_getBlockByNumber
[2020/03/28 12:47:00.486] - eth_getBlockByNumber
[2020/03/28 12:47:00.488] - eth_getBlockByNumber
[2020/03/28 12:47:00.494] - eth_getBlockByNumber
[2020/03/28 12:47:00.498] - eth_getBlockByNumber
[2020/03/28 12:47:00.504] - eth_getBlockByNumber
[2020/03/28 12:47:00.512] - eth_getBlockByNumber
[2020/03/28 12:47:00.522] - eth_getBlockByNumber
[2020/03/28 12:47:00.531] - eth_getBlockByNumber
[2020/03/28 12:47:00.534] - eth_getBlockByNumber
[2020/03/28 12:47:00.544] - eth_getBlockByNumber
[2020/03/28 12:47:00.549] - eth_getBlockByNumber
[2020/03/28 12:47:00.554] - eth_getBlockByNumber
[2020/03/28 12:47:00.562] - eth_getBlockByNumber
[2020/03/28 12:47:00.566] - eth_getBlockByNumber
[2020/03/28 12:47:00.571] - eth_getBlockByNumber
[2020/03/28 12:47:00.577] - eth_getBlockByNumber
[2020/03/28 12:47:00.582] - eth_getBlockByNumber
[2020/03/28 12:47:05.380] - eth_blockNumber
[2020/03/28 12:47:20.394] - eth_blockNumber
[2020/03/28 12:47:25.408] - eth_blockNumber
[2020/03/28 12:47:40.407] - eth_blockNumber
[2020/03/28 12:47:45.417] - eth_blockNumber
[2020/03/28 12:48:00.420] - eth_blockNumber
[2020/03/28 12:48:05.427] - eth_blockNumber
[2020/03/28 12:48:20.434] - eth_blockNumber
[2020/03/28 12:48:25.435] - eth_blockNumber
[2020/03/28 12:48:40.448] - eth_blockNumber
[2020/03/28 12:48:45.445] - eth_blockNumber
[2020/03/28 12:49:00.461] - eth_blockNumber
[2020/03/28 12:49:05.454] - eth_blockNumber
[2020/03/28 12:49:20.475] - eth_blockNumber
[2020/03/28 12:49:25.465] - eth_blockNumber
[2020/03/28 12:49:40.487] - eth_blockNumber
[2020/03/28 12:49:45.475] - eth_blockNumber
[2020/03/28 12:50:00.500] - eth_blockNumber
[2020/03/28 12:50:05.489] - eth_blockNumber
[2020/03/28 12:50:20.512] - eth_blockNumber
[2020/03/28 12:50:25.499] - eth_blockNumber
[2020/03/28 12:50:40.523] - eth_blockNumber
[2020/03/28 12:50:45.508] - eth_blockNumber
[2020/03/28 12:51:00.535] - eth_blockNumber
[2020/03/28 12:51:05.518] - eth_blockNumber
[2020/03/28 12:51:20.547] - eth_blockNumber
[2020/03/28 12:51:25.544] - eth_blockNumber
[2020/03/28 12:51:26.320] - eth_getBalance
[2020/03/28 12:51:29.145] - net_version
[2020/03/28 12:51:29.548] - eth_call
[2020/03/28 12:51:29.763] - eth_call
[2020/03/28 12:51:40.580] - eth_blockNumber
[2020/03/28 12:51:45.563] - eth_blockNumber
[2020/03/28 12:52:00.593] - eth_blockNumber
[2020/03/28 12:52:05.574] - eth_blockNumber
[2020/03/28 12:52:20.604] - eth_blockNumber
[2020/03/28 12:52:25.021] - net_version
[2020/03/28 12:52:25.585] - eth_blockNumber
[2020/03/28 12:52:34.799] - net_version
[2020/03/28 12:52:40.612] - eth_blockNumber
[2020/03/28 12:52:45.600] - eth_blockNumber
[2020/03/28 12:53:00.625] - eth_blockNumber
[2020/03/28 12:53:05.615] - eth_blockNumber
[2020/03/28 12:53:20.645] - eth_blockNumber
[2020/03/28 12:53:25.633] - eth_blockNumber
[2020/03/28 12:53:40.661] - eth_blockNumber
[2020/03/28 12:53:45.647] - eth_blockNumber
[2020/03/28 12:54:00.673] - eth_blockNumber
[2020/03/28 12:54:05.658] - eth_blockNumber
[2020/03/28 12:54:20.686] - eth_blockNumber
[2020/03/28 12:54:25.668] - eth_blockNumber
[2020/03/28 12:54:40.699] - eth_blockNumber
[2020/03/28 12:54:45.682] - eth_blockNumber
[2020/03/28 12:55:00.712] - eth_blockNumber
[2020/03/28 12:55:05.694] - eth_blockNumber
[2020/03/28 12:55:20.725] - eth_blockNumber
[2020/03/28 12:55:25.707] - eth_blockNumber
[2020/03/28 12:55:40.736] - eth_blockNumber
[2020/03/28 12:55:45.718] - eth_blockNumber
[2020/03/28 12:56:00.747] - eth_blockNumber
[2020/03/28 12:56:05.729] - eth_blockNumber
[2020/03/28 12:56:20.759] - eth_blockNumber
[2020/03/28 12:56:25.739] - eth_blockNumber
[2020/03/28 12:56:40.771] - eth_blockNumber
[2020/03/28 12:56:45.748] - eth_blockNumber
[2020/03/28 12:57:00.786] - eth_blockNumber
[2020/03/28 12:57:05.759] - eth_blockNumber
[2020/03/28 12:57:20.799] - eth_blockNumber
[2020/03/28 12:57:25.772] - eth_blockNumber
[2020/03/28 12:57:40.810] - eth_blockNumber
[2020/03/28 12:57:45.788] - eth_blockNumber
[2020/03/28 12:58:00.834] - eth_blockNumber
[2020/03/28 12:58:05.800] - eth_blockNumber
[2020/03/28 12:58:20.845] - eth_blockNumber
[2020/03/28 12:58:25.810] - eth_blockNumber
[2020/03/28 12:58:40.864] - eth_blockNumber
[2020/03/28 12:58:45.827] - eth_blockNumber
[2020/03/28 12:59:00.878] - eth_blockNumber
[2020/03/28 12:59:05.839] - eth_blockNumber
[2020/03/28 12:59:20.895] - eth_blockNumber
[2020/03/28 12:59:25.856] - eth_blockNumber
[2020/03/28 12:59:40.910] - eth_blockNumber
[2020/03/28 12:59:45.874] - eth_blockNumber
[2020/03/28 13:00:00.924] - eth_blockNumber
[2020/03/28 13:00:05.891] - eth_blockNumber
[2020/03/28 13:00:20.940] - eth_blockNumber
[2020/03/28 13:00:25.904] - eth_blockNumber
[2020/03/28 13:00:40.954] - eth_blockNumber
[2020/03/28 13:00:45.915] - eth_blockNumber
[2020/03/28 13:01:00.969] - eth_blockNumber
[2020/03/28 13:01:05.929] - eth_blockNumber
[2020/03/28 13:01:20.984] - eth_blockNumber
[2020/03/28 13:01:25.948] - eth_blockNumber
[2020/03/28 13:01:40.998] - eth_blockNumber
[2020/03/28 13:01:45.966] - eth_blockNumber
[2020/03/28 13:02:01.013] - eth_blockNumber
[2020/03/28 13:02:05.982] - eth_blockNumber
[2020/03/28 13:02:21.028] - eth_blockNumber
[2020/03/28 13:02:25.997] - eth_blockNumber
[2020/03/28 13:02:41.043] - eth_blockNumber
[2020/03/28 13:02:46.009] - eth_blockNumber
[2020/03/28 13:03:01.055] - eth_blockNumber
[2020/03/28 13:03:06.021] - eth_blockNumber
[2020/03/28 13:03:21.065] - eth_blockNumber
[2020/03/28 13:03:26.035] - eth_blockNumber
[2020/03/28 13:03:41.080] - eth_blockNumber
[2020/03/28 13:03:46.049] - eth_blockNumber
[2020/03/28 13:04:01.098] - eth_blockNumber
[2020/03/28 13:04:06.064] - eth_blockNumber
[2020/03/28 13:04:21.118] - eth_blockNumber
[2020/03/28 13:04:26.077] - eth_blockNumber
[2020/03/28 13:04:41.136] - eth_blockNumber
[2020/03/28 13:04:46.089] - eth_blockNumber
[2020/03/28 13:05:01.147] - eth_blockNumber
[2020/03/28 13:05:06.105] - eth_blockNumber
[2020/03/28 13:05:21.159] - eth_blockNumber
[2020/03/28 13:05:26.120] - eth_blockNumber
[2020/03/28 13:05:41.169] - eth_blockNumber
[2020/03/28 13:05:46.134] - eth_blockNumber
[2020/03/28 13:06:01.186] - eth_blockNumber
[2020/03/28 13:06:06.147] - eth_blockNumber
[2020/03/28 13:06:21.203] - eth_blockNumber
[2020/03/28 13:06:26.166] - eth_blockNumber
[2020/03/28 13:06:41.217] - eth_blockNumber
[2020/03/28 13:06:46.178] - eth_blockNumber
[2020/03/28 13:07:01.232] - eth_blockNumber
[2020/03/28 13:07:06.188] - eth_blockNumber
[2020/03/28 13:07:21.243] - eth_blockNumber
[2020/03/28 13:07:26.199] - eth_blockNumber
[2020/03/28 13:07:41.250] - eth_blockNumber
[2020/03/28 13:07:46.213] - eth_blockNumber
[2020/03/28 13:08:01.261] - eth_blockNumber
[2020/03/28 13:08:06.229] - eth_blockNumber
[2020/03/28 13:08:21.274] - eth_blockNumber
[2020/03/28 13:08:26.239] - eth_blockNumber
[2020/03/28 13:08:41.287] - eth_blockNumber
[2020/03/28 13:08:46.252] - eth_blockNumber
[2020/03/28 13:09:01.302] - eth_blockNumber
[2020/03/28 13:09:06.264] - eth_blockNumber
[2020/03/28 13:09:21.314] - eth_blockNumber
[2020/03/28 13:09:26.277] - eth_blockNumber
[2020/03/28 13:09:41.325] - eth_blockNumber
[2020/03/28 13:09:46.290] - eth_blockNumber
[2020/03/28 13:10:01.338] - eth_blockNumber
[2020/03/28 13:10:06.309] - eth_blockNumber
[2020/03/28 13:10:21.347] - eth_blockNumber
[2020/03/28 13:10:26.323] - eth_blockNumber
[2020/03/28 13:10:41.355] - eth_blockNumber
[2020/03/28 13:10:46.337] - eth_blockNumber
[2020/03/28 13:11:01.364] - eth_blockNumber
[2020/03/28 13:11:06.351] - eth_blockNumber
[2020/03/28 13:11:21.377] - eth_blockNumber
[2020/03/28 13:11:26.361] - eth_blockNumber
[2020/03/28 13:11:41.387] - eth_blockNumber
[2020/03/28 13:11:46.372] - eth_blockNumber
[2020/03/28 13:12:01.395] - eth_blockNumber
[2020/03/28 13:12:06.382] - eth_blockNumber
[2020/03/28 13:12:21.405] - eth_blockNumber
[2020/03/28 13:12:26.398] - eth_blockNumber
[2020/03/28 13:12:41.418] - eth_blockNumber
[2020/03/28 13:12:46.412] - eth_blockNumber
[2020/03/28 13:13:01.439] - eth_blockNumber
[2020/03/28 13:13:06.424] - eth_blockNumber
[2020/03/28 13:13:21.450] - eth_blockNumber
[2020/03/28 13:13:26.438] - eth_blockNumber
[2020/03/28 13:13:41.461] - eth_blockNumber
[2020/03/28 13:13:46.461] - eth_blockNumber
[2020/03/28 13:14:01.472] - eth_blockNumber
[2020/03/28 13:14:06.469] - eth_blockNumber
[2020/03/28 13:14:21.483] - eth_blockNumber
[2020/03/28 13:14:26.478] - eth_blockNumber
[2020/03/28 13:14:41.494] - eth_blockNumber
[2020/03/28 13:14:46.489] - eth_blockNumber
[2020/03/28 13:15:01.503] - eth_blockNumber
[2020/03/28 13:15:06.500] - eth_blockNumber
[2020/03/28 13:15:21.513] - eth_blockNumber
[2020/03/28 13:15:26.515] - eth_blockNumber
[2020/03/28 13:15:41.523] - eth_blockNumber
[2020/03/28 13:15:46.526] - eth_blockNumber
[2020/03/28 13:16:01.533] - eth_blockNumber
[2020/03/28 13:16:06.542] - eth_blockNumber
[2020/03/28 13:16:21.547] - eth_blockNumber
[2020/03/28 13:16:26.551] - eth_blockNumber
[2020/03/28 13:16:41.559] - eth_blockNumber
[2020/03/28 13:16:46.563] - eth_blockNumber
[2020/03/28 13:17:01.573] - eth_blockNumber
[2020/03/28 13:17:06.576] - eth_blockNumber
[2020/03/28 13:17:21.584] - eth_blockNumber
[2020/03/28 13:17:26.591] - eth_blockNumber
[2020/03/28 13:17:41.598] - eth_blockNumber
[2020/03/28 13:17:46.604] - eth_blockNumber
[2020/03/28 13:18:01.614] - eth_blockNumber
[2020/03/28 13:18:06.619] - eth_blockNumber
[2020/03/28 13:18:21.624] - eth_blockNumber
[2020/03/28 13:18:26.633] - eth_blockNumber
[2020/03/28 13:18:41.636] - eth_blockNumber
[2020/03/28 13:18:46.647] - eth_blockNumber
[2020/03/28 13:19:01.649] - eth_blockNumber
[2020/03/28 13:19:06.663] - eth_blockNumber
[2020/03/28 13:19:21.662] - eth_blockNumber
[2020/03/28 13:19:26.679] - eth_blockNumber
[2020/03/28 13:19:41.678] - eth_blockNumber
[2020/03/28 13:19:46.692] - eth_blockNumber
[2020/03/28 13:20:01.689] - eth_blockNumber
[2020/03/28 13:20:06.705] - eth_blockNumber
[2020/03/28 13:20:21.701] - eth_blockNumber
[2020/03/28 13:20:26.722] - eth_blockNumber
[2020/03/28 13:20:41.714] - eth_blockNumber
[2020/03/28 13:20:46.738] - eth_blockNumber
[2020/03/28 13:21:01.728] - eth_blockNumber
[2020/03/28 13:21:06.752] - eth_blockNumber
[2020/03/28 13:21:21.741] - eth_blockNumber
[2020/03/28 13:21:26.766] - eth_blockNumber
[2020/03/28 13:21:41.753] - eth_blockNumber
[2020/03/28 13:21:46.779] - eth_blockNumber
[2020/03/28 13:22:01.765] - eth_blockNumber
[2020/03/28 13:22:06.791] - eth_blockNumber
[2020/03/28 13:22:21.779] - eth_blockNumber
[2020/03/28 13:22:26.803] - eth_blockNumber
[2020/03/28 13:22:41.790] - eth_blockNumber
[2020/03/28 13:22:46.815] - eth_blockNumber
[2020/03/28 13:23:01.806] - eth_blockNumber
[2020/03/28 13:23:06.831] - eth_blockNumber
[2020/03/28 13:23:21.822] - eth_blockNumber
[2020/03/28 13:23:26.842] - eth_blockNumber
[2020/03/28 13:23:41.837] - eth_blockNumber
[2020/03/28 13:23:46.855] - eth_blockNumber
[2020/03/28 13:24:01.850] - eth_blockNumber
[2020/03/28 13:24:06.865] - eth_blockNumber
[2020/03/28 13:24:21.866] - eth_blockNumber
[2020/03/28 13:24:26.877] - eth_blockNumber
[2020/03/28 13:24:41.878] - eth_blockNumber
[2020/03/28 13:24:46.889] - eth_blockNumber
[2020/03/28 13:25:01.889] - eth_blockNumber
[2020/03/28 13:25:06.902] - eth_blockNumber
[2020/03/28 13:25:21.902] - eth_blockNumber
[2020/03/28 13:25:26.918] - eth_blockNumber
[2020/03/28 13:25:41.920] - eth_blockNumber
[2020/03/28 13:25:46.933] - eth_blockNumber
[2020/03/28 13:26:01.931] - eth_blockNumber
[2020/03/28 13:26:06.947] - eth_blockNumber
[2020/03/28 13:26:21.944] - eth_blockNumber
[2020/03/28 13:26:26.962] - eth_blockNumber
[2020/03/28 13:26:41.957] - eth_blockNumber
[2020/03/28 13:26:46.977] - eth_blockNumber
[2020/03/28 13:27:01.972] - eth_blockNumber
[2020/03/28 13:27:06.989] - eth_blockNumber
[2020/03/28 13:27:21.985] - eth_blockNumber
[2020/03/28 13:27:27.002] - eth_blockNumber
[2020/03/28 13:27:42.000] - eth_blockNumber
[2020/03/28 13:27:47.015] - eth_blockNumber
[2020/03/28 13:28:02.014] - eth_blockNumber
[2020/03/28 13:28:07.035] - eth_blockNumber
[2020/03/28 13:28:22.031] - eth_blockNumber
[2020/03/28 13:28:27.049] - eth_blockNumber
[2020/03/28 13:28:42.047] - eth_blockNumber
[2020/03/28 13:28:47.063] - eth_blockNumber
[2020/03/28 13:29:02.059] - eth_blockNumber
[2020/03/28 13:29:07.076] - eth_blockNumber
[2020/03/28 13:29:22.073] - eth_blockNumber
[2020/03/28 13:29:27.089] - eth_blockNumber
[2020/03/28 13:29:42.088] - eth_blockNumber
[2020/03/28 13:29:47.102] - eth_blockNumber
[2020/03/28 13:30:02.101] - eth_blockNumber
[2020/03/28 13:30:07.113] - eth_blockNumber
[2020/03/28 13:30:22.115] - eth_blockNumber
[2020/03/28 13:30:27.126] - eth_blockNumber
[2020/03/28 13:30:42.129] - eth_blockNumber
[2020/03/28 13:30:47.139] - eth_blockNumber
[2020/03/28 13:31:02.144] - eth_blockNumber
[2020/03/28 13:31:07.152] - eth_blockNumber
[2020/03/28 13:31:22.158] - eth_blockNumber
[2020/03/28 13:31:27.168] - eth_blockNumber
[2020/03/28 13:31:42.171] - eth_blockNumber
[2020/03/28 13:31:47.180] - eth_blockNumber
[2020/03/28 13:32:02.184] - eth_blockNumber
[2020/03/28 13:32:07.193] - eth_blockNumber
[2020/03/28 13:32:22.199] - eth_blockNumber
[2020/03/28 13:32:27.207] - eth_blockNumber
[2020/03/28 13:32:42.213] - eth_blockNumber
[2020/03/28 13:32:47.220] - eth_blockNumber
[2020/03/28 13:33:02.227] - eth_blockNumber
[2020/03/28 13:33:07.234] - eth_blockNumber
[2020/03/28 13:33:22.241] - eth_blockNumber
[2020/03/28 13:33:27.247] - eth_blockNumber
[2020/03/28 13:33:42.255] - eth_blockNumber
[2020/03/28 13:33:47.257] - eth_blockNumber
[2020/03/28 13:34:02.268] - eth_blockNumber
[2020/03/28 13:34:07.269] - eth_blockNumber
[2020/03/28 13:34:22.281] - eth_blockNumber
[2020/03/28 13:34:27.283] - eth_blockNumber
[2020/03/28 13:34:42.294] - eth_blockNumber
[2020/03/28 13:34:47.297] - eth_blockNumber
[2020/03/28 13:35:02.307] - eth_blockNumber
[2020/03/28 13:35:07.309] - eth_blockNumber
[2020/03/28 13:35:22.320] - eth_blockNumber
[2020/03/28 13:35:27.324] - eth_blockNumber
[2020/03/28 13:35:42.334] - eth_blockNumber
[2020/03/28 13:35:47.336] - eth_blockNumber
[2020/03/28 13:36:02.351] - eth_blockNumber
[2020/03/28 13:36:07.346] - eth_blockNumber
[2020/03/28 13:36:22.364] - eth_blockNumber
[2020/03/28 13:36:27.359] - eth_blockNumber
[2020/03/28 13:36:42.376] - eth_blockNumber
[2020/03/28 13:36:47.376] - eth_blockNumber
[2020/03/28 13:37:02.390] - eth_blockNumber
[2020/03/28 13:37:07.390] - eth_blockNumber
[2020/03/28 13:37:22.406] - eth_blockNumber
[2020/03/28 13:37:27.404] - eth_blockNumber
[2020/03/28 13:37:42.425] - eth_blockNumber
[2020/03/28 13:37:47.418] - eth_blockNumber
[2020/03/28 13:38:02.442] - eth_blockNumber
[2020/03/28 13:38:07.431] - eth_blockNumber
[2020/03/28 13:38:22.459] - eth_blockNumber
[2020/03/28 13:38:27.444] - eth_blockNumber
[2020/03/28 13:38:42.476] - eth_blockNumber
[2020/03/28 13:38:47.458] - eth_blockNumber
[2020/03/28 13:39:02.492] - eth_blockNumber
[2020/03/28 13:39:07.470] - eth_blockNumber
[2020/03/28 13:39:22.507] - eth_blockNumber
[2020/03/28 13:39:27.483] - eth_blockNumber
[2020/03/28 13:39:42.523] - eth_blockNumber
[2020/03/28 13:39:47.499] - eth_blockNumber
[2020/03/28 13:40:02.538] - eth_blockNumber
[2020/03/28 13:40:07.510] - eth_blockNumber
[2020/03/28 13:40:22.552] - eth_blockNumber
[2020/03/28 13:40:27.523] - eth_blockNumber
[2020/03/28 13:40:42.567] - eth_blockNumber
[2020/03/28 13:40:47.538] - eth_blockNumber
[2020/03/28 13:41:02.582] - eth_blockNumber
[2020/03/28 13:41:07.553] - eth_blockNumber
[2020/03/28 13:41:22.596] - eth_blockNumber
[2020/03/28 13:41:27.572] - eth_blockNumber
[2020/03/28 13:41:42.611] - eth_blockNumber
[2020/03/28 13:41:47.587] - eth_blockNumber
[2020/03/28 13:42:02.630] - eth_blockNumber
[2020/03/28 13:42:07.601] - eth_blockNumber
[2020/03/28 13:42:22.648] - eth_blockNumber
[2020/03/28 13:42:27.614] - eth_blockNumber
[2020/03/28 13:42:42.664] - eth_blockNumber
[2020/03/28 13:42:47.631] - eth_blockNumber
[2020/03/28 13:43:02.680] - eth_blockNumber
[2020/03/28 13:43:07.644] - eth_blockNumber
[2020/03/28 13:43:22.698] - eth_blockNumber
[2020/03/28 13:43:27.658] - eth_blockNumber
[2020/03/28 13:43:42.711] - eth_blockNumber
[2020/03/28 13:43:47.672] - eth_blockNumber
[2020/03/28 13:44:02.719] - eth_blockNumber
[2020/03/28 13:44:07.685] - eth_blockNumber
[2020/03/28 13:44:22.731] - eth_blockNumber
[2020/03/28 13:44:27.698] - eth_blockNumber
[2020/03/28 13:44:42.744] - eth_blockNumber
[2020/03/28 13:44:47.712] - eth_blockNumber
[2020/03/28 13:45:02.759] - eth_blockNumber
[2020/03/28 13:45:07.726] - eth_blockNumber
[2020/03/28 13:45:22.768] - eth_blockNumber
[2020/03/28 13:45:27.741] - eth_blockNumber
[2020/03/28 13:45:42.780] - eth_blockNumber
[2020/03/28 13:45:47.754] - eth_blockNumber
[2020/03/28 13:46:02.789] - eth_blockNumber
[2020/03/28 13:46:07.767] - eth_blockNumber
[2020/03/28 13:46:22.801] - eth_blockNumber
[2020/03/28 13:46:27.783] - eth_blockNumber
[2020/03/28 13:46:42.812] - eth_blockNumber
[2020/03/28 13:46:47.799] - eth_blockNumber
[2020/03/28 13:47:02.823] - eth_blockNumber
[2020/03/28 13:47:07.811] - eth_blockNumber
[2020/03/28 13:47:22.838] - eth_blockNumber
[2020/03/28 13:47:27.824] - eth_blockNumber
[2020/03/28 13:47:42.854] - eth_blockNumber
[2020/03/28 13:47:47.838] - eth_blockNumber
[2020/03/28 13:48:02.869] - eth_blockNumber
[2020/03/28 13:48:07.852] - eth_blockNumber
[2020/03/28 13:48:22.884] - eth_blockNumber
[2020/03/28 13:48:27.871] - eth_blockNumber
[2020/03/28 13:48:42.900] - eth_blockNumber
[2020/03/28 13:48:47.886] - eth_blockNumber
[2020/03/28 13:49:02.914] - eth_blockNumber
[2020/03/28 13:49:07.902] - eth_blockNumber
[2020/03/28 13:49:22.928] - eth_blockNumber
[2020/03/28 13:49:27.916] - eth_blockNumber
[2020/03/28 13:49:42.943] - eth_blockNumber
[2020/03/28 13:49:47.929] - eth_blockNumber
[2020/03/28 13:50:02.958] - eth_blockNumber
[2020/03/28 13:50:07.942] - eth_blockNumber
[2020/03/28 13:50:22.976] - eth_blockNumber
[2020/03/28 13:50:27.956] - eth_blockNumber
[2020/03/28 13:50:42.989] - eth_blockNumber
[2020/03/28 13:50:47.969] - eth_blockNumber
[2020/03/28 13:51:03.005] - eth_blockNumber
[2020/03/28 13:51:07.984] - eth_blockNumber
[2020/03/28 13:51:23.024] - eth_blockNumber
[2020/03/28 13:51:28.001] - eth_blockNumber
[2020/03/28 13:51:43.040] - eth_blockNumber
[2020/03/28 13:51:48.018] - eth_blockNumber
[2020/03/28 13:52:03.053] - eth_blockNumber
[2020/03/28 13:52:08.029] - eth_blockNumber
[2020/03/28 13:52:23.066] - eth_blockNumber
[2020/03/28 13:52:28.046] - eth_blockNumber
[2020/03/28 13:52:43.079] - eth_blockNumber
[2020/03/28 13:52:48.061] - eth_blockNumber
[2020/03/28 13:53:03.093] - eth_blockNumber
[2020/03/28 13:53:08.075] - eth_blockNumber
[2020/03/28 13:53:23.104] - eth_blockNumber
[2020/03/28 13:53:28.090] - eth_blockNumber
[2020/03/28 13:53:43.115] - eth_blockNumber
[2020/03/28 13:53:48.106] - eth_blockNumber
[2020/03/28 13:54:03.126] - eth_blockNumber
[2020/03/28 13:54:08.116] - eth_blockNumber
[2020/03/28 13:54:23.136] - eth_blockNumber
[2020/03/28 13:54:28.126] - eth_blockNumber
[2020/03/28 13:54:43.147] - eth_blockNumber
[2020/03/28 13:54:48.140] - eth_blockNumber
[2020/03/28 13:55:03.158] - eth_blockNumber
[2020/03/28 13:55:08.151] - eth_blockNumber
[2020/03/28 13:55:23.169] - eth_blockNumber
[2020/03/28 13:55:28.163] - eth_blockNumber
[2020/03/28 13:55:43.180] - eth_blockNumber
[2020/03/28 13:55:48.177] - eth_blockNumber
[2020/03/28 13:56:03.192] - eth_blockNumber
[2020/03/28 13:56:08.192] - eth_blockNumber
[2020/03/28 13:56:23.206] - eth_blockNumber
[2020/03/28 13:56:28.202] - eth_blockNumber
[2020/03/28 13:56:43.218] - eth_blockNumber
[2020/03/28 13:56:48.210] - eth_blockNumber
[2020/03/28 13:57:03.227] - eth_blockNumber
[2020/03/28 13:57:08.218] - eth_blockNumber
[2020/03/28 13:57:23.236] - eth_blockNumber
[2020/03/28 13:57:28.227] - eth_blockNumber
[2020/03/28 13:57:43.245] - eth_blockNumber
[2020/03/28 13:57:48.236] - eth_blockNumber
[2020/03/28 13:58:03.254] - eth_blockNumber
[2020/03/28 13:58:08.246] - eth_blockNumber
[2020/03/28 13:58:23.265] - eth_blockNumber
[2020/03/28 13:58:28.258] - eth_blockNumber
[2020/03/28 13:58:43.278] - eth_blockNumber
[2020/03/28 13:58:48.270] - eth_blockNumber
[2020/03/28 13:59:03.290] - eth_blockNumber
[2020/03/28 13:59:08.283] - eth_blockNumber
[2020/03/28 13:59:23.303] - eth_blockNumber
[2020/03/28 13:59:28.297] - eth_blockNumber
[2020/03/28 13:59:43.309] - eth_blockNumber
[2020/03/28 13:59:48.309] - eth_blockNumber
[2020/03/28 14:00:03.316] - eth_blockNumber
[2020/03/28 14:00:08.319] - eth_blockNumber
[2020/03/28 14:00:23.325] - eth_blockNumber
[2020/03/28 14:00:28.331] - eth_blockNumber
[2020/03/28 14:00:43.335] - eth_blockNumber
[2020/03/28 14:00:48.344] - eth_blockNumber
[2020/03/28 14:01:03.345] - eth_blockNumber
[2020/03/28 14:01:08.359] - eth_blockNumber
[2020/03/28 14:01:23.354] - eth_blockNumber
[2020/03/28 14:01:28.369] - eth_blockNumber
[2020/03/28 14:01:43.365] - eth_blockNumber
[2020/03/28 14:01:48.376] - eth_blockNumber
[2020/03/28 14:02:03.374] - eth_blockNumber
[2020/03/28 14:02:08.382] - eth_blockNumber
[2020/03/28 14:02:23.385] - eth_blockNumber
[2020/03/28 14:02:28.395] - eth_blockNumber
[2020/03/28 14:02:43.399] - eth_blockNumber
[2020/03/28 14:02:48.409] - eth_blockNumber
[2020/03/28 14:03:03.408] - eth_blockNumber
[2020/03/28 14:03:08.424] - eth_blockNumber
[2020/03/28 14:03:23.420] - eth_blockNumber
[2020/03/28 14:03:28.438] - eth_blockNumber
[2020/03/28 14:03:43.433] - eth_blockNumber
[2020/03/28 14:03:48.455] - eth_blockNumber
[2020/03/28 14:04:03.450] - eth_blockNumber
[2020/03/28 14:04:08.468] - eth_blockNumber
[2020/03/28 14:04:23.463] - eth_blockNumber
[2020/03/28 14:04:28.484] - eth_blockNumber
[2020/03/28 14:04:43.476] - eth_blockNumber
[2020/03/28 14:04:48.498] - eth_blockNumber
[2020/03/28 14:05:03.489] - eth_blockNumber
[2020/03/28 14:05:08.514] - eth_blockNumber
[2020/03/28 14:05:23.503] - eth_blockNumber
[2020/03/28 14:05:28.530] - eth_blockNumber
[2020/03/28 14:05:43.516] - eth_blockNumber
[2020/03/28 14:05:48.541] - eth_blockNumber
[2020/03/28 14:06:03.531] - eth_blockNumber
[2020/03/28 14:06:08.554] - eth_blockNumber
[2020/03/28 14:06:23.553] - eth_blockNumber
[2020/03/28 14:06:28.565] - eth_blockNumber
[2020/03/28 14:06:43.573] - eth_blockNumber
[2020/03/28 14:06:48.576] - eth_blockNumber
[2020/03/28 14:07:03.584] - eth_blockNumber
[2020/03/28 14:07:08.587] - eth_blockNumber
[2020/03/28 14:07:23.596] - eth_blockNumber
[2020/03/28 14:07:28.598] - eth_blockNumber
[2020/03/28 14:07:43.607] - eth_blockNumber
[2020/03/28 14:07:48.607] - eth_blockNumber
[2020/03/28 14:08:03.615] - eth_blockNumber
[2020/03/28 14:08:08.619] - eth_blockNumber
[2020/03/28 14:08:23.632] - eth_blockNumber
[2020/03/28 14:08:28.633] - eth_blockNumber
[2020/03/28 14:08:43.650] - eth_blockNumber
[2020/03/28 14:08:48.654] - eth_blockNumber
[2020/03/28 14:09:03.670] - eth_blockNumber
[2020/03/28 14:09:08.667] - eth_blockNumber
[2020/03/28 14:09:23.685] - eth_blockNumber
[2020/03/28 14:09:28.682] - eth_blockNumber
[2020/03/28 14:09:43.705] - eth_blockNumber
[2020/03/28 14:09:48.696] - eth_blockNumber
[2020/03/28 14:10:03.720] - eth_blockNumber
[2020/03/28 14:10:08.710] - eth_blockNumber
[2020/03/28 14:10:23.734] - eth_blockNumber
[2020/03/28 14:10:28.724] - eth_blockNumber
[2020/03/28 14:10:43.747] - eth_blockNumber
[2020/03/28 14:10:48.736] - eth_blockNumber
[2020/03/28 14:11:03.760] - eth_blockNumber
[2020/03/28 14:11:08.752] - eth_blockNumber
[2020/03/28 14:11:23.773] - eth_blockNumber
[2020/03/28 14:11:28.763] - eth_blockNumber
[2020/03/28 14:11:43.786] - eth_blockNumber
[2020/03/28 14:11:48.772] - eth_blockNumber
[2020/03/28 14:12:03.801] - eth_blockNumber
[2020/03/28 14:12:08.786] - eth_blockNumber
[2020/03/28 14:12:23.813] - eth_blockNumber
[2020/03/28 14:12:28.800] - eth_blockNumber
[2020/03/28 14:12:43.827] - eth_blockNumber
[2020/03/28 14:12:48.815] - eth_blockNumber
[2020/03/28 14:13:03.840] - eth_blockNumber
[2020/03/28 14:13:08.831] - eth_blockNumber
[2020/03/28 14:13:23.853] - eth_blockNumber
[2020/03/28 14:13:28.848] - eth_blockNumber
[2020/03/28 14:13:43.864] - eth_blockNumber
[2020/03/28 14:13:48.860] - eth_blockNumber
[2020/03/28 14:14:03.877] - eth_blockNumber
[2020/03/28 14:14:08.869] - eth_blockNumber
[2020/03/28 14:14:23.890] - eth_blockNumber
[2020/03/28 14:14:28.881] - eth_blockNumber
[2020/03/28 14:14:43.903] - eth_blockNumber
[2020/03/28 14:14:48.893] - eth_blockNumber
[2020/03/28 14:15:03.917] - eth_blockNumber
[2020/03/28 14:15:08.905] - eth_blockNumber
[2020/03/28 14:15:23.930] - eth_blockNumber
[2020/03/28 14:15:28.918] - eth_blockNumber
[2020/03/28 14:15:43.946] - eth_blockNumber
[2020/03/28 14:15:48.929] - eth_blockNumber
[2020/03/28 14:16:03.960] - eth_blockNumber
[2020/03/28 14:16:08.942] - eth_blockNumber
[2020/03/28 14:16:23.974] - eth_blockNumber
[2020/03/28 14:16:28.956] - eth_blockNumber
[2020/03/28 14:16:43.989] - eth_blockNumber
[2020/03/28 14:16:48.970] - eth_blockNumber
[2020/03/28 14:17:04.011] - eth_blockNumber
[2020/03/28 14:17:08.987] - eth_blockNumber
[2020/03/28 14:17:24.024] - eth_blockNumber
[2020/03/28 14:17:29.005] - eth_blockNumber
[2020/03/28 14:17:44.042] - eth_blockNumber
[2020/03/28 14:17:49.015] - eth_blockNumber
[2020/03/28 14:18:04.059] - eth_blockNumber
[2020/03/28 14:18:09.032] - eth_blockNumber
[2020/03/28 14:18:24.074] - eth_blockNumber
[2020/03/28 14:18:29.046] - eth_blockNumber
[2020/03/28 14:18:44.088] - eth_blockNumber
[2020/03/28 14:18:49.063] - eth_blockNumber
[2020/03/28 14:19:04.103] - eth_blockNumber
[2020/03/28 14:19:09.079] - eth_blockNumber
[2020/03/28 14:19:24.119] - eth_blockNumber
[2020/03/28 14:19:29.093] - eth_blockNumber
[2020/03/28 14:19:44.134] - eth_blockNumber
[2020/03/28 14:19:49.108] - eth_blockNumber
[2020/03/28 14:20:04.151] - eth_blockNumber
[2020/03/28 14:20:09.122] - eth_blockNumber
[2020/03/28 14:20:24.165] - eth_blockNumber
[2020/03/28 14:20:29.132] - eth_blockNumber
[2020/03/28 14:20:44.179] - eth_blockNumber
[2020/03/28 14:20:49.150] - eth_blockNumber
[2020/03/28 14:21:04.191] - eth_blockNumber
[2020/03/28 14:21:09.164] - eth_blockNumber
[2020/03/28 14:21:24.206] - eth_blockNumber
[2020/03/28 14:21:29.181] - eth_blockNumber
[2020/03/28 14:21:44.220] - eth_blockNumber
[2020/03/28 14:21:49.191] - eth_blockNumber
[2020/03/28 14:22:04.239] - eth_blockNumber
[2020/03/28 14:22:09.201] - eth_blockNumber
[2020/03/28 14:22:24.255] - eth_blockNumber
[2020/03/28 14:22:29.216] - eth_blockNumber
[2020/03/28 14:22:44.266] - eth_blockNumber
[2020/03/28 14:22:49.228] - eth_blockNumber
[2020/03/28 14:23:04.276] - eth_blockNumber
[2020/03/28 14:23:09.239] - eth_blockNumber
[2020/03/28 14:23:24.290] - eth_blockNumber
[2020/03/28 14:23:29.252] - eth_blockNumber
[2020/03/28 14:23:44.303] - eth_blockNumber
[2020/03/28 14:23:49.266] - eth_blockNumber
[2020/03/28 14:24:04.319] - eth_blockNumber
[2020/03/28 14:24:09.283] - eth_blockNumber
[2020/03/28 14:24:24.336] - eth_blockNumber
[2020/03/28 14:24:29.297] - eth_blockNumber
[2020/03/28 14:24:44.350] - eth_blockNumber
[2020/03/28 14:24:49.312] - eth_blockNumber
[2020/03/28 14:25:04.362] - eth_blockNumber
[2020/03/28 14:25:09.328] - eth_blockNumber
[2020/03/28 14:25:24.375] - eth_blockNumber
[2020/03/28 14:25:29.342] - eth_blockNumber
[2020/03/28 14:25:44.389] - eth_blockNumber
[2020/03/28 14:25:49.355] - eth_blockNumber
[2020/03/28 14:26:04.402] - eth_blockNumber
[2020/03/28 14:26:09.370] - eth_blockNumber
[2020/03/28 14:26:24.418] - eth_blockNumber
[2020/03/28 14:26:29.383] - eth_blockNumber
[2020/03/28 14:26:44.432] - eth_blockNumber
[2020/03/28 14:26:49.402] - eth_blockNumber
[2020/03/28 14:27:04.450] - eth_blockNumber
[2020/03/28 14:27:09.416] - eth_blockNumber
[2020/03/28 14:27:24.462] - eth_blockNumber
[2020/03/28 14:27:29.429] - eth_blockNumber
[2020/03/28 14:27:44.475] - eth_blockNumber
[2020/03/28 14:27:49.442] - eth_blockNumber
[2020/03/28 14:28:04.488] - eth_blockNumber
[2020/03/28 14:28:09.460] - eth_blockNumber
[2020/03/28 14:28:24.501] - eth_blockNumber
[2020/03/28 14:28:29.471] - eth_blockNumber
[2020/03/28 14:28:44.519] - eth_blockNumber
[2020/03/28 14:28:49.484] - eth_blockNumber
[2020/03/28 14:29:04.534] - eth_blockNumber
[2020/03/28 14:29:09.499] - eth_blockNumber
[2020/03/28 14:29:24.548] - eth_blockNumber
[2020/03/28 14:29:29.512] - eth_blockNumber
[2020/03/28 14:29:44.561] - eth_blockNumber
[2020/03/28 14:29:49.525] - eth_blockNumber
[2020/03/28 14:30:04.574] - eth_blockNumber
[2020/03/28 14:30:09.535] - eth_blockNumber
[2020/03/28 14:30:24.589] - eth_blockNumber
[2020/03/28 14:30:29.545] - eth_blockNumber
[2020/03/28 14:30:44.605] - eth_blockNumber
[2020/03/28 14:30:49.557] - eth_blockNumber
[2020/03/28 14:31:04.620] - eth_blockNumber
[2020/03/28 14:31:09.579] - eth_blockNumber
[2020/03/28 14:31:24.636] - eth_blockNumber
[2020/03/28 14:31:29.614] - eth_blockNumber
[2020/03/28 14:31:44.648] - eth_blockNumber
[2020/03/28 14:31:49.638] - eth_blockNumber
[2020/03/28 14:32:04.658] - eth_blockNumber
[2020/03/28 14:32:09.649] - eth_blockNumber
[2020/03/28 14:32:24.671] - eth_blockNumber
[2020/03/28 14:32:29.658] - eth_blockNumber
[2020/03/28 14:32:44.682] - eth_blockNumber
[2020/03/28 14:32:49.674] - eth_blockNumber
[2020/03/28 14:33:04.694] - eth_blockNumber
[2020/03/28 14:33:09.686] - eth_blockNumber
[2020/03/28 14:33:24.704] - eth_blockNumber
[2020/03/28 14:33:29.699] - eth_blockNumber
[2020/03/28 14:33:44.717] - eth_blockNumber
[2020/03/28 14:33:49.711] - eth_blockNumber
[2020/03/28 14:34:04.731] - eth_blockNumber
[2020/03/28 14:34:09.722] - eth_blockNumber
[2020/03/28 14:34:24.745] - eth_blockNumber
[2020/03/28 14:34:29.737] - eth_blockNumber
[2020/03/28 14:34:44.757] - eth_blockNumber
[2020/03/28 14:34:49.754] - eth_blockNumber
[2020/03/28 14:35:04.769] - eth_blockNumber
[2020/03/28 14:35:09.767] - eth_blockNumber
[2020/03/28 14:35:24.788] - eth_blockNumber
[2020/03/28 14:35:29.779] - eth_blockNumber
[2020/03/28 14:35:44.802] - eth_blockNumber
[2020/03/28 14:35:49.791] - eth_blockNumber
[2020/03/28 14:36:04.815] - eth_blockNumber
[2020/03/28 14:36:09.805] - eth_blockNumber
[2020/03/28 14:36:24.828] - eth_blockNumber
[2020/03/28 14:36:29.818] - eth_blockNumber
[2020/03/28 14:36:44.841] - eth_blockNumber
[2020/03/28 14:36:49.832] - eth_blockNumber
[2020/03/28 14:37:04.858] - eth_blockNumber
[2020/03/28 14:37:09.846] - eth_blockNumber
[2020/03/28 14:37:24.872] - eth_blockNumber
[2020/03/28 14:37:29.858] - eth_blockNumber
[2020/03/28 14:37:44.886] - eth_blockNumber
[2020/03/28 14:37:49.872] - eth_blockNumber
[2020/03/28 14:38:04.899] - eth_blockNumber
[2020/03/28 14:38:09.885] - eth_blockNumber
[2020/03/28 14:38:24.912] - eth_blockNumber
[2020/03/28 14:38:29.897] - eth_blockNumber
[2020/03/28 14:38:44.924] - eth_blockNumber
[2020/03/28 14:38:49.909] - eth_blockNumber
[2020/03/28 14:39:04.937] - eth_blockNumber
[2020/03/28 14:39:09.923] - eth_blockNumber
[2020/03/28 14:39:24.950] - eth_blockNumber
[2020/03/28 14:39:29.935] - eth_blockNumber
[2020/03/28 14:39:44.966] - eth_blockNumber
[2020/03/28 14:39:49.945] - eth_blockNumber
[2020/03/28 14:40:04.979] - eth_blockNumber
[2020/03/28 14:40:09.958] - eth_blockNumber
[2020/03/28 14:40:24.992] - eth_blockNumber
[2020/03/28 14:40:29.970] - eth_blockNumber
[2020/03/28 14:40:45.008] - eth_blockNumber
[2020/03/28 14:40:49.983] - eth_blockNumber
[2020/03/28 14:41:05.022] - eth_blockNumber
[2020/03/28 14:41:09.996] - eth_blockNumber
[2020/03/28 14:41:25.035] - eth_blockNumber
[2020/03/28 14:41:30.011] - eth_blockNumber
[2020/03/28 14:41:45.049] - eth_blockNumber
[2020/03/28 14:41:50.027] - eth_blockNumber
[2020/03/28 14:42:05.061] - eth_blockNumber
[2020/03/28 14:42:10.039] - eth_blockNumber
[2020/03/28 14:42:25.070] - eth_blockNumber
[2020/03/28 14:42:30.053] - eth_blockNumber
[2020/03/28 14:42:45.084] - eth_blockNumber
[2020/03/28 14:42:50.066] - eth_blockNumber
[2020/03/28 14:43:05.096] - eth_blockNumber
[2020/03/28 14:43:10.086] - eth_blockNumber
[2020/03/28 14:43:25.109] - eth_blockNumber
[2020/03/28 14:43:30.101] - eth_blockNumber
[2020/03/28 14:43:45.124] - eth_blockNumber
[2020/03/28 14:43:50.114] - eth_blockNumber
[2020/03/28 14:44:05.136] - eth_blockNumber
[2020/03/28 14:44:10.127] - eth_blockNumber
[2020/03/28 14:44:25.148] - eth_blockNumber
[2020/03/28 14:44:30.142] - eth_blockNumber
[2020/03/28 14:44:45.161] - eth_blockNumber
[2020/03/28 14:44:50.157] - eth_blockNumber
[2020/03/28 14:45:05.171] - eth_blockNumber
[2020/03/28 14:45:10.171] - eth_blockNumber
[2020/03/28 14:45:25.182] - eth_blockNumber
[2020/03/28 14:45:30.185] - eth_blockNumber
[2020/03/28 14:45:45.196] - eth_blockNumber
[2020/03/28 14:45:50.198] - eth_blockNumber
[2020/03/28 14:46:05.207] - eth_blockNumber
[2020/03/28 14:46:10.211] - eth_blockNumber
[2020/03/28 14:46:25.221] - eth_blockNumber
[2020/03/28 14:46:30.223] - eth_blockNumber
[2020/03/28 14:46:45.234] - eth_blockNumber
[2020/03/28 14:46:50.236] - eth_blockNumber
[2020/03/28 14:47:05.247] - eth_blockNumber
[2020/03/28 14:47:10.249] - eth_blockNumber
[2020/03/28 14:47:25.259] - eth_blockNumber
[2020/03/28 14:47:30.261] - eth_blockNumber
[2020/03/28 14:47:45.272] - eth_blockNumber
[2020/03/28 14:47:50.271] - eth_blockNumber
[2020/03/28 14:48:05.284] - eth_blockNumber
[2020/03/28 14:48:10.284] - eth_blockNumber
[2020/03/28 14:48:25.300] - eth_blockNumber
[2020/03/28 14:48:30.299] - eth_blockNumber
[2020/03/28 14:48:45.316] - eth_blockNumber
[2020/03/28 14:48:50.315] - eth_blockNumber
[2020/03/28 14:49:05.330] - eth_blockNumber
[2020/03/28 14:49:10.327] - eth_blockNumber
[2020/03/28 14:49:25.343] - eth_blockNumber
[2020/03/28 14:49:30.343] - eth_blockNumber
[2020/03/28 14:49:45.355] - eth_blockNumber
[2020/03/28 14:49:50.357] - eth_blockNumber
[2020/03/28 14:50:05.363] - eth_blockNumber
[2020/03/28 14:50:10.370] - eth_blockNumber
[2020/03/28 14:50:25.374] - eth_blockNumber
[2020/03/28 14:50:30.385] - eth_blockNumber
[2020/03/28 14:50:45.388] - eth_blockNumber
[2020/03/28 14:50:50.398] - eth_blockNumber
[2020/03/28 14:51:05.403] - eth_blockNumber
[2020/03/28 14:51:10.409] - eth_blockNumber
[2020/03/28 14:51:25.419] - eth_blockNumber
[2020/03/28 14:51:30.431] - eth_blockNumber
[2020/03/28 14:51:45.439] - eth_blockNumber
[2020/03/28 14:51:50.444] - eth_blockNumber
[2020/03/28 14:52:05.450] - eth_blockNumber
[2020/03/28 14:52:10.457] - eth_blockNumber
[2020/03/28 14:52:25.463] - eth_blockNumber
[2020/03/28 14:52:30.469] - eth_blockNumber
[2020/03/28 14:52:45.471] - eth_blockNumber
[2020/03/28 14:52:50.484] - eth_blockNumber
[2020/03/28 14:53:05.481] - eth_blockNumber
[2020/03/28 14:53:10.498] - eth_blockNumber
[2020/03/28 14:53:25.495] - eth_blockNumber
[2020/03/28 14:53:30.515] - eth_blockNumber
[2020/03/28 14:53:45.510] - eth_blockNumber
[2020/03/28 14:53:50.526] - eth_blockNumber
[2020/03/28 14:54:05.519] - eth_blockNumber
[2020/03/28 14:54:10.536] - eth_blockNumber
[2020/03/28 14:54:25.534] - eth_blockNumber
[2020/03/28 14:54:30.546] - eth_blockNumber
[2020/03/28 14:54:45.546] - eth_blockNumber
[2020/03/28 14:54:50.555] - eth_blockNumber
[2020/03/28 14:55:05.552] - eth_blockNumber
[2020/03/28 14:55:10.568] - eth_blockNumber
[2020/03/28 14:55:25.560] - eth_blockNumber
[2020/03/28 14:55:30.580] - eth_blockNumber
[2020/03/28 14:55:45.569] - eth_blockNumber
[2020/03/28 14:55:50.590] - eth_blockNumber
[2020/03/28 14:56:05.580] - eth_blockNumber
[2020/03/28 14:56:10.605] - eth_blockNumber
[2020/03/28 14:56:25.594] - eth_blockNumber
[2020/03/28 14:56:30.623] - eth_blockNumber
[2020/03/28 14:56:45.604] - eth_blockNumber
[2020/03/28 14:56:50.642] - eth_blockNumber
[2020/03/28 14:57:05.649] - eth_blockNumber
[2020/03/28 14:57:10.655] - eth_blockNumber
[2020/03/28 14:57:25.662] - eth_blockNumber
[2020/03/28 14:57:30.668] - eth_blockNumber
[2020/03/28 14:57:45.678] - eth_blockNumber
[2020/03/28 14:57:50.681] - eth_blockNumber
[2020/03/28 14:58:05.697] - eth_blockNumber
[2020/03/28 14:58:10.693] - eth_blockNumber
[2020/03/28 14:58:25.712] - eth_blockNumber
[2020/03/28 14:58:30.710] - eth_blockNumber
[2020/03/28 14:58:45.721] - eth_blockNumber
[2020/03/28 14:58:50.731] - eth_blockNumber
[2020/03/28 14:59:05.734] - eth_blockNumber
[2020/03/28 14:59:10.743] - eth_blockNumber
[2020/03/28 14:59:25.743] - eth_blockNumber
[2020/03/28 14:59:30.760] - eth_blockNumber
[2020/03/28 14:59:45.755] - eth_blockNumber
[2020/03/28 14:59:50.775] - eth_blockNumber
[2020/03/28 15:00:05.766] - eth_blockNumber
[2020/03/28 15:00:10.795] - eth_blockNumber
[2020/03/28 15:00:25.779] - eth_blockNumber
[2020/03/28 15:00:30.813] - eth_blockNumber
[2020/03/28 15:00:45.793] - eth_blockNumber
[2020/03/28 15:00:50.827] - eth_blockNumber
[2020/03/28 15:01:05.806] - eth_blockNumber
[2020/03/28 15:01:10.841] - eth_blockNumber
[2020/03/28 15:01:25.819] - eth_blockNumber
[2020/03/28 15:01:30.860] - eth_blockNumber
[2020/03/28 15:01:45.833] - eth_blockNumber
[2020/03/28 15:01:50.873] - eth_blockNumber
[2020/03/28 15:02:05.845] - eth_blockNumber
[2020/03/28 15:02:10.888] - eth_blockNumber
[2020/03/28 15:02:25.860] - eth_blockNumber
[2020/03/28 15:02:30.902] - eth_blockNumber
[2020/03/28 15:02:45.872] - eth_blockNumber
[2020/03/28 15:02:50.914] - eth_blockNumber
[2020/03/28 15:03:05.881] - eth_blockNumber
[2020/03/28 15:03:10.930] - eth_blockNumber
[2020/03/28 15:03:25.891] - eth_blockNumber
[2020/03/28 15:03:30.943] - eth_blockNumber
[2020/03/28 15:03:45.900] - eth_blockNumber
[2020/03/28 15:03:50.957] - eth_blockNumber
[2020/03/28 15:04:05.905] - eth_blockNumber
[2020/03/28 15:04:10.971] - eth_blockNumber
[2020/03/28 15:04:25.912] - eth_blockNumber
[2020/03/28 15:04:30.983] - eth_blockNumber
[2020/03/28 15:04:45.928] - eth_blockNumber
[2020/03/28 15:04:50.997] - eth_blockNumber
[2020/03/28 15:05:05.933] - eth_blockNumber
[2020/03/28 15:05:11.006] - eth_blockNumber
[2020/03/28 15:05:25.942] - eth_blockNumber
[2020/03/28 15:05:31.014] - eth_blockNumber
[2020/03/28 15:05:45.954] - eth_blockNumber
[2020/03/28 15:05:51.025] - eth_blockNumber
[2020/03/28 15:06:05.965] - eth_blockNumber
[2020/03/28 15:06:11.036] - eth_blockNumber
[2020/03/28 15:06:25.977] - eth_blockNumber
[2020/03/28 15:06:31.048] - eth_blockNumber
[2020/03/28 15:06:45.988] - eth_blockNumber
[2020/03/28 15:06:51.058] - eth_blockNumber
[2020/03/28 15:07:06.003] - eth_blockNumber
[2020/03/28 15:07:11.067] - eth_blockNumber
[2020/03/28 15:07:26.015] - eth_blockNumber
[2020/03/28 15:07:31.078] - eth_blockNumber
[2020/03/28 15:07:46.026] - eth_blockNumber
[2020/03/28 15:07:51.089] - eth_blockNumber
[2020/03/28 15:08:06.040] - eth_blockNumber
[2020/03/28 15:08:11.103] - eth_blockNumber
[2020/03/28 15:08:26.049] - eth_blockNumber
[2020/03/28 15:08:31.114] - eth_blockNumber
[2020/03/28 15:08:46.059] - eth_blockNumber
[2020/03/28 15:08:51.125] - eth_blockNumber
[2020/03/28 15:09:06.070] - eth_blockNumber
[2020/03/28 15:09:11.148] - eth_blockNumber
[2020/03/28 15:09:26.082] - eth_blockNumber
[2020/03/28 15:09:31.159] - eth_blockNumber
[2020/03/28 15:09:46.091] - eth_blockNumber
[2020/03/28 15:09:51.168] - eth_blockNumber
[2020/03/28 15:10:06.103] - eth_blockNumber
[2020/03/28 15:10:11.178] - eth_blockNumber
[2020/03/28 15:10:26.115] - eth_blockNumber
[2020/03/28 15:10:31.188] - eth_blockNumber
[2020/03/28 15:10:46.128] - eth_blockNumber
[2020/03/28 15:10:51.200] - eth_blockNumber
[2020/03/28 15:11:06.140] - eth_blockNumber
[2020/03/28 15:11:11.218] - eth_blockNumber
[2020/03/28 15:11:26.154] - eth_blockNumber
[2020/03/28 15:11:31.233] - eth_blockNumber
[2020/03/28 15:11:46.169] - eth_blockNumber
[2020/03/28 15:11:51.244] - eth_blockNumber
[2020/03/28 15:12:06.185] - eth_blockNumber
[2020/03/28 15:12:11.259] - eth_blockNumber
[2020/03/28 15:12:26.197] - eth_blockNumber
[2020/03/28 15:12:31.271] - eth_blockNumber
[2020/03/28 15:12:46.210] - eth_blockNumber
[2020/03/28 15:12:51.283] - eth_blockNumber
[2020/03/28 15:13:06.222] - eth_blockNumber
[2020/03/28 15:13:11.294] - eth_blockNumber
[2020/03/28 15:13:26.235] - eth_blockNumber
[2020/03/28 15:13:31.308] - eth_blockNumber
[2020/03/28 15:13:46.251] - eth_blockNumber
[2020/03/28 15:13:51.321] - eth_blockNumber
[2020/03/28 15:14:06.270] - eth_blockNumber
[2020/03/28 15:14:11.334] - eth_blockNumber
[2020/03/28 15:14:26.282] - eth_blockNumber
[2020/03/28 15:14:31.346] - eth_blockNumber
[2020/03/28 15:14:46.294] - eth_blockNumber
[2020/03/28 15:14:51.359] - eth_blockNumber
[2020/03/28 15:15:06.310] - eth_blockNumber
[2020/03/28 15:15:11.373] - eth_blockNumber
[2020/03/28 15:15:26.325] - eth_blockNumber
[2020/03/28 15:15:31.386] - eth_blockNumber
[2020/03/28 15:15:46.339] - eth_blockNumber
[2020/03/28 15:15:51.398] - eth_blockNumber
[2020/03/28 15:16:06.354] - eth_blockNumber
[2020/03/28 15:16:11.411] - eth_blockNumber
[2020/03/28 15:16:26.368] - eth_blockNumber
[2020/03/28 15:16:31.427] - eth_blockNumber
[2020/03/28 15:16:46.381] - eth_blockNumber
[2020/03/28 15:16:51.435] - eth_blockNumber
[2020/03/28 15:17:06.397] - eth_blockNumber
[2020/03/28 15:17:11.452] - eth_blockNumber
[2020/03/28 15:17:26.410] - eth_blockNumber
[2020/03/28 15:17:31.466] - eth_blockNumber
[2020/03/28 15:17:46.421] - eth_blockNumber
[2020/03/28 15:17:51.479] - eth_blockNumber
[2020/03/28 15:18:06.433] - eth_blockNumber
[2020/03/28 15:18:11.492] - eth_blockNumber
[2020/03/28 15:18:26.444] - eth_blockNumber
[2020/03/28 15:18:31.503] - eth_blockNumber
[2020/03/28 15:18:46.456] - eth_blockNumber
[2020/03/28 15:18:51.519] - eth_blockNumber
[2020/03/28 15:19:06.470] - eth_blockNumber
[2020/03/28 15:19:11.532] - eth_blockNumber
[2020/03/28 15:19:26.482] - eth_blockNumber
[2020/03/28 15:19:31.546] - eth_blockNumber
[2020/03/28 15:19:46.495] - eth_blockNumber
[2020/03/28 15:19:51.561] - eth_blockNumber
[2020/03/28 15:20:06.508] - eth_blockNumber
[2020/03/28 15:20:11.576] - eth_blockNumber
[2020/03/28 15:20:26.521] - eth_blockNumber
[2020/03/28 15:20:31.589] - eth_blockNumber
[2020/03/28 15:20:46.534] - eth_blockNumber
[2020/03/28 15:20:51.603] - eth_blockNumber
[2020/03/28 15:21:06.547] - eth_blockNumber
[2020/03/28 15:21:11.616] - eth_blockNumber
[2020/03/28 15:21:26.559] - eth_blockNumber
[2020/03/28 15:21:31.648] - eth_blockNumber
[2020/03/28 15:21:46.572] - eth_blockNumber
[2020/03/28 15:21:51.666] - eth_blockNumber
[2020/03/28 15:22:06.589] - eth_blockNumber
[2020/03/28 15:22:11.677] - eth_blockNumber
[2020/03/28 15:22:26.604] - eth_blockNumber
[2020/03/28 15:22:31.688] - eth_blockNumber
[2020/03/28 15:22:46.620] - eth_blockNumber
[2020/03/28 15:22:51.699] - eth_blockNumber
[2020/03/28 15:23:06.640] - eth_blockNumber
[2020/03/28 15:23:11.711] - eth_blockNumber
[2020/03/28 15:23:26.653] - eth_blockNumber
[2020/03/28 15:23:31.722] - eth_blockNumber
[2020/03/28 15:23:46.667] - eth_blockNumber
[2020/03/28 15:23:51.733] - eth_blockNumber
[2020/03/28 15:24:06.679] - eth_blockNumber
[2020/03/28 15:24:11.747] - eth_blockNumber
[2020/03/28 15:24:26.692] - eth_blockNumber
[2020/03/28 15:24:31.759] - eth_blockNumber
[2020/03/28 15:24:46.705] - eth_blockNumber
[2020/03/28 15:24:51.773] - eth_blockNumber
[2020/03/28 15:25:06.718] - eth_blockNumber
[2020/03/28 15:25:11.785] - eth_blockNumber
[2020/03/28 15:25:26.732] - eth_blockNumber
[2020/03/28 15:25:31.797] - eth_blockNumber
[2020/03/28 15:25:46.746] - eth_blockNumber
[2020/03/28 15:25:51.810] - eth_blockNumber
[2020/03/28 15:26:06.759] - eth_blockNumber
[2020/03/28 15:26:11.823] - eth_blockNumber
[2020/03/28 15:26:26.775] - eth_blockNumber
[2020/03/28 15:26:31.835] - eth_blockNumber
[2020/03/28 15:26:46.788] - eth_blockNumber
[2020/03/28 15:26:51.847] - eth_blockNumber
[2020/03/28 15:27:06.805] - eth_blockNumber
[2020/03/28 15:27:11.860] - eth_blockNumber
[2020/03/28 15:27:26.821] - eth_blockNumber
[2020/03/28 15:27:31.876] - eth_blockNumber
[2020/03/28 15:27:46.835] - eth_blockNumber
[2020/03/28 15:27:51.891] - eth_blockNumber
[2020/03/28 15:28:06.851] - eth_blockNumber
[2020/03/28 15:28:11.906] - eth_blockNumber
[2020/03/28 15:28:26.865] - eth_blockNumber
[2020/03/28 15:28:31.918] - eth_blockNumber
[2020/03/28 15:28:46.876] - eth_blockNumber
[2020/03/28 15:28:51.930] - eth_blockNumber
[2020/03/28 15:29:06.889] - eth_blockNumber
[2020/03/28 15:29:11.946] - eth_blockNumber
[2020/03/28 15:29:26.902] - eth_blockNumber
[2020/03/28 15:29:31.968] - eth_blockNumber
[2020/03/28 15:29:46.918] - eth_blockNumber
[2020/03/28 15:29:51.981] - eth_blockNumber
[2020/03/28 15:30:06.932] - eth_blockNumber
[2020/03/28 15:30:11.991] - eth_blockNumber
[2020/03/28 15:30:26.942] - eth_blockNumber
[2020/03/28 15:30:32.004] - eth_blockNumber
[2020/03/28 15:30:46.951] - eth_blockNumber
[2020/03/28 15:30:52.017] - eth_blockNumber
[2020/03/28 15:31:06.963] - eth_blockNumber
[2020/03/28 15:31:12.030] - eth_blockNumber
[2020/03/28 15:31:26.975] - eth_blockNumber
[2020/03/28 15:31:32.048] - eth_blockNumber
[2020/03/28 15:31:46.987] - eth_blockNumber
[2020/03/28 15:31:52.061] - eth_blockNumber
[2020/03/28 15:32:07.002] - eth_blockNumber
[2020/03/28 15:32:12.075] - eth_blockNumber
[2020/03/28 15:32:27.014] - eth_blockNumber
[2020/03/28 15:32:32.084] - eth_blockNumber
[2020/03/28 15:32:47.029] - eth_blockNumber
[2020/03/28 15:32:52.094] - eth_blockNumber
[2020/03/28 15:33:07.049] - eth_blockNumber
[2020/03/28 15:33:12.107] - eth_blockNumber
[2020/03/28 15:33:27.065] - eth_blockNumber
[2020/03/28 15:33:32.124] - eth_blockNumber
[2020/03/28 15:33:47.081] - eth_blockNumber
[2020/03/28 15:33:52.136] - eth_blockNumber
[2020/03/28 15:34:07.097] - eth_blockNumber
[2020/03/28 15:34:12.148] - eth_blockNumber
[2020/03/28 15:34:27.112] - eth_blockNumber
[2020/03/28 15:34:32.163] - eth_blockNumber
[2020/03/28 15:34:47.131] - eth_blockNumber
[2020/03/28 15:34:52.174] - eth_blockNumber
[2020/03/28 15:35:07.145] - eth_blockNumber
[2020/03/28 15:35:12.187] - eth_blockNumber
[2020/03/28 15:35:27.159] - eth_blockNumber
[2020/03/28 15:35:32.203] - eth_blockNumber
[2020/03/28 15:35:47.175] - eth_blockNumber
[2020/03/28 15:35:52.215] - eth_blockNumber
[2020/03/28 15:36:07.186] - eth_blockNumber
[2020/03/28 15:36:12.228] - eth_blockNumber
[2020/03/28 15:36:27.196] - eth_blockNumber
[2020/03/28 15:36:32.240] - eth_blockNumber
[2020/03/28 15:36:47.207] - eth_blockNumber
[2020/03/28 15:36:52.251] - eth_blockNumber
[2020/03/28 15:37:07.224] - eth_blockNumber
[2020/03/28 15:37:12.266] - eth_blockNumber
[2020/03/28 15:37:27.238] - eth_blockNumber
[2020/03/28 15:37:32.278] - eth_blockNumber
[2020/03/28 15:37:47.255] - eth_blockNumber
[2020/03/28 15:37:52.284] - eth_blockNumber
[2020/03/28 15:38:07.270] - eth_blockNumber
[2020/03/28 15:38:12.300] - eth_blockNumber
[2020/03/28 15:38:27.284] - eth_blockNumber
[2020/03/28 15:38:32.311] - eth_blockNumber
[2020/03/28 15:38:47.299] - eth_blockNumber
[2020/03/28 15:38:52.319] - eth_blockNumber
[2020/03/28 15:39:07.312] - eth_blockNumber
[2020/03/28 15:39:12.334] - eth_blockNumber
[2020/03/28 15:39:27.326] - eth_blockNumber
[2020/03/28 15:39:32.352] - eth_blockNumber
[2020/03/28 15:39:47.340] - eth_blockNumber
[2020/03/28 15:39:52.368] - eth_blockNumber
[2020/03/28 15:40:07.354] - eth_blockNumber
[2020/03/28 15:40:12.380] - eth_blockNumber
[2020/03/28 15:40:27.369] - eth_blockNumber
[2020/03/28 15:40:32.391] - eth_blockNumber
[2020/03/28 15:40:47.381] - eth_blockNumber
[2020/03/28 15:40:52.400] - eth_blockNumber
[2020/03/28 15:41:07.395] - eth_blockNumber
[2020/03/28 15:41:12.410] - eth_blockNumber
[2020/03/28 15:41:27.407] - eth_blockNumber
[2020/03/28 15:41:32.427] - eth_blockNumber
[2020/03/28 15:41:47.423] - eth_blockNumber
[2020/03/28 15:41:52.440] - eth_blockNumber
[2020/03/28 15:42:07.437] - eth_blockNumber
[2020/03/28 15:42:12.451] - eth_blockNumber
[2020/03/28 15:42:27.451] - eth_blockNumber
[2020/03/28 15:42:32.465] - eth_blockNumber
[2020/03/28 15:42:47.466] - eth_blockNumber
[2020/03/28 15:42:52.474] - eth_blockNumber
[2020/03/28 15:43:07.482] - eth_blockNumber
[2020/03/28 15:43:12.484] - eth_blockNumber
[2020/03/28 15:43:27.496] - eth_blockNumber
[2020/03/28 15:43:32.495] - eth_blockNumber
[2020/03/28 15:43:47.510] - eth_blockNumber
[2020/03/28 15:43:52.507] - eth_blockNumber
[2020/03/28 15:44:07.522] - eth_blockNumber
[2020/03/28 15:44:12.525] - eth_blockNumber
[2020/03/28 15:44:27.536] - eth_blockNumber
[2020/03/28 15:44:32.547] - eth_blockNumber
[2020/03/28 15:44:47.551] - eth_blockNumber
[2020/03/28 15:44:52.560] - eth_blockNumber
[2020/03/28 15:45:07.565] - eth_blockNumber
[2020/03/28 15:45:12.576] - eth_blockNumber
[2020/03/28 15:45:27.578] - eth_blockNumber
[2020/03/28 15:45:32.589] - eth_blockNumber
[2020/03/28 15:45:47.591] - eth_blockNumber
[2020/03/28 15:45:52.603] - eth_blockNumber
[2020/03/28 15:46:07.604] - eth_blockNumber
[2020/03/28 15:46:12.617] - eth_blockNumber
[2020/03/28 15:46:27.621] - eth_blockNumber
[2020/03/28 15:46:32.634] - eth_blockNumber
[2020/03/28 15:46:47.636] - eth_blockNumber
[2020/03/28 15:46:52.644] - eth_blockNumber
[2020/03/28 15:47:07.655] - eth_blockNumber
[2020/03/28 15:47:12.652] - eth_blockNumber
[2020/03/28 15:47:27.669] - eth_blockNumber
[2020/03/28 15:47:32.665] - eth_blockNumber
[2020/03/28 15:47:47.687] - eth_blockNumber
[2020/03/28 15:47:52.678] - eth_blockNumber
[2020/03/28 15:48:07.705] - eth_blockNumber
[2020/03/28 15:48:12.689] - eth_blockNumber
[2020/03/28 15:48:27.720] - eth_blockNumber
[2020/03/28 15:48:32.701] - eth_blockNumber
[2020/03/28 15:48:47.733] - eth_blockNumber
[2020/03/28 15:48:52.714] - eth_blockNumber
[2020/03/28 15:49:07.748] - eth_blockNumber
[2020/03/28 15:49:12.729] - eth_blockNumber
[2020/03/28 15:49:27.760] - eth_blockNumber
[2020/03/28 15:49:32.743] - eth_blockNumber
[2020/03/28 15:49:47.774] - eth_blockNumber
[2020/03/28 15:49:52.759] - eth_blockNumber
[2020/03/28 15:50:07.788] - eth_blockNumber
[2020/03/28 15:50:12.776] - eth_blockNumber
[2020/03/28 15:50:27.802] - eth_blockNumber
[2020/03/28 15:50:32.791] - eth_blockNumber
[2020/03/28 15:50:47.815] - eth_blockNumber
[2020/03/28 15:50:52.802] - eth_blockNumber
[2020/03/28 15:51:07.830] - eth_blockNumber
[2020/03/28 15:51:12.813] - eth_blockNumber
[2020/03/28 15:51:27.844] - eth_blockNumber
[2020/03/28 15:51:32.828] - eth_blockNumber
[2020/03/28 15:51:47.859] - eth_blockNumber
[2020/03/28 15:51:52.842] - eth_blockNumber
[2020/03/28 15:52:07.876] - eth_blockNumber
[2020/03/28 15:52:12.856] - eth_blockNumber
[2020/03/28 15:52:27.890] - eth_blockNumber
[2020/03/28 15:52:32.869] - eth_blockNumber
[2020/03/28 15:52:47.904] - eth_blockNumber
[2020/03/28 15:52:52.883] - eth_blockNumber
[2020/03/28 15:53:07.920] - eth_blockNumber
[2020/03/28 15:53:12.901] - eth_blockNumber
[2020/03/28 15:53:27.932] - eth_blockNumber
[2020/03/28 15:53:32.913] - eth_blockNumber
[2020/03/28 15:53:47.945] - eth_blockNumber
[2020/03/28 15:53:52.926] - eth_blockNumber
[2020/03/28 15:54:07.954] - eth_blockNumber
[2020/03/28 15:54:12.940] - eth_blockNumber
[2020/03/28 15:54:27.970] - eth_blockNumber
[2020/03/28 15:54:32.956] - eth_blockNumber
[2020/03/28 15:54:47.985] - eth_blockNumber
[2020/03/28 15:54:52.975] - eth_blockNumber
[2020/03/28 15:55:07.998] - eth_blockNumber
[2020/03/28 15:55:12.990] - eth_blockNumber
[2020/03/28 15:55:28.010] - eth_blockNumber
[2020/03/28 15:55:33.004] - eth_blockNumber
[2020/03/28 15:55:48.024] - eth_blockNumber
[2020/03/28 15:55:53.015] - eth_blockNumber
[2020/03/28 15:56:08.037] - eth_blockNumber
[2020/03/28 15:56:13.028] - eth_blockNumber
[2020/03/28 15:56:28.050] - eth_blockNumber
[2020/03/28 15:56:33.039] - eth_blockNumber
[2020/03/28 15:56:48.063] - eth_blockNumber
[2020/03/28 15:56:53.051] - eth_blockNumber
[2020/03/28 15:57:08.077] - eth_blockNumber
[2020/03/28 15:57:13.064] - eth_blockNumber
[2020/03/28 15:57:28.089] - eth_blockNumber
[2020/03/28 15:57:33.079] - eth_blockNumber
[2020/03/28 15:57:48.100] - eth_blockNumber
[2020/03/28 15:57:53.095] - eth_blockNumber
[2020/03/28 15:58:08.114] - eth_blockNumber
[2020/03/28 15:58:13.109] - eth_blockNumber
[2020/03/28 15:58:28.128] - eth_blockNumber
[2020/03/28 15:58:33.124] - eth_blockNumber
[2020/03/28 15:58:48.141] - eth_blockNumber
[2020/03/28 15:58:53.136] - eth_blockNumber
[2020/03/28 15:59:08.158] - eth_blockNumber
[2020/03/28 15:59:13.149] - eth_blockNumber
[2020/03/28 15:59:28.171] - eth_blockNumber
[2020/03/28 15:59:33.162] - eth_blockNumber
[2020/03/28 15:59:48.190] - eth_blockNumber
[2020/03/28 15:59:53.175] - eth_blockNumber
[2020/03/28 16:00:08.208] - eth_blockNumber
[2020/03/28 16:00:13.184] - eth_blockNumber
[2020/03/28 16:00:28.222] - eth_blockNumber
[2020/03/28 16:00:33.198] - eth_blockNumber
[2020/03/28 16:00:48.235] - eth_blockNumber
[2020/03/28 16:00:53.212] - eth_blockNumber
[2020/03/28 16:01:08.247] - eth_blockNumber
[2020/03/28 16:01:13.225] - eth_blockNumber
[2020/03/28 16:01:28.259] - eth_blockNumber
[2020/03/28 16:01:33.242] - eth_blockNumber
[2020/03/28 16:01:48.272] - eth_blockNumber
[2020/03/28 16:01:53.255] - eth_blockNumber
[2020/03/28 16:02:08.285] - eth_blockNumber
[2020/03/28 16:02:13.268] - eth_blockNumber
[2020/03/28 16:02:28.297] - eth_blockNumber
[2020/03/28 16:02:33.283] - eth_blockNumber
[2020/03/28 16:02:48.310] - eth_blockNumber
[2020/03/28 16:02:53.300] - eth_blockNumber
[2020/03/28 16:03:08.324] - eth_blockNumber
[2020/03/28 16:03:13.313] - eth_blockNumber
[2020/03/28 16:03:28.337] - eth_blockNumber
[2020/03/28 16:03:33.327] - eth_blockNumber
[2020/03/28 16:03:48.351] - eth_blockNumber
[2020/03/28 16:03:53.340] - eth_blockNumber
[2020/03/28 16:04:08.364] - eth_blockNumber
[2020/03/28 16:04:13.352] - eth_blockNumber
[2020/03/28 16:04:28.377] - eth_blockNumber
[2020/03/28 16:04:33.364] - eth_blockNumber
[2020/03/28 16:04:48.389] - eth_blockNumber
[2020/03/28 16:04:53.377] - eth_blockNumber
[2020/03/28 16:05:08.403] - eth_blockNumber
[2020/03/28 16:05:13.389] - eth_blockNumber
[2020/03/28 16:05:28.419] - eth_blockNumber
[2020/03/28 16:05:33.402] - eth_blockNumber
[2020/03/28 16:05:48.438] - eth_blockNumber
[2020/03/28 16:05:53.415] - eth_blockNumber
[2020/03/28 16:06:08.454] - eth_blockNumber
[2020/03/28 16:06:13.428] - eth_blockNumber
[2020/03/28 16:06:28.467] - eth_blockNumber
[2020/03/28 16:06:33.439] - eth_blockNumber
[2020/03/28 16:06:48.480] - eth_blockNumber
[2020/03/28 16:06:53.453] - eth_blockNumber
[2020/03/28 16:07:08.494] - eth_blockNumber
[2020/03/28 16:07:13.466] - eth_blockNumber
[2020/03/28 16:07:28.506] - eth_blockNumber
[2020/03/28 16:07:33.479] - eth_blockNumber
[2020/03/28 16:07:48.519] - eth_blockNumber
[2020/03/28 16:07:53.492] - eth_blockNumber
[2020/03/28 16:08:08.534] - eth_blockNumber
[2020/03/28 16:08:13.512] - eth_blockNumber
[2020/03/28 16:08:28.549] - eth_blockNumber
[2020/03/28 16:08:33.527] - eth_blockNumber
[2020/03/28 16:08:48.566] - eth_blockNumber
[2020/03/28 16:08:53.540] - eth_blockNumber
[2020/03/28 16:09:08.580] - eth_blockNumber
[2020/03/28 16:09:13.555] - eth_blockNumber
[2020/03/28 16:09:28.593] - eth_blockNumber
[2020/03/28 16:09:33.573] - eth_blockNumber
[2020/03/28 16:09:48.605] - eth_blockNumber
[2020/03/28 16:09:53.586] - eth_blockNumber
[2020/03/28 16:10:08.616] - eth_blockNumber
[2020/03/28 16:10:13.598] - eth_blockNumber
[2020/03/28 16:10:28.626] - eth_blockNumber
[2020/03/28 16:10:33.609] - eth_blockNumber
[2020/03/28 16:10:48.643] - eth_blockNumber
[2020/03/28 16:10:53.620] - eth_blockNumber
[2020/03/28 16:11:08.657] - eth_blockNumber
[2020/03/28 16:11:13.632] - eth_blockNumber
[2020/03/28 16:11:28.670] - eth_blockNumber
[2020/03/28 16:11:33.653] - eth_blockNumber
[2020/03/28 16:11:48.684] - eth_blockNumber
[2020/03/28 16:11:53.663] - eth_blockNumber
[2020/03/28 16:12:08.701] - eth_blockNumber
[2020/03/28 16:12:13.677] - eth_blockNumber
[2020/03/28 16:12:28.716] - eth_blockNumber
[2020/03/28 16:12:33.688] - eth_blockNumber
[2020/03/28 16:12:48.732] - eth_blockNumber
[2020/03/28 16:12:53.700] - eth_blockNumber
[2020/03/28 16:13:08.746] - eth_blockNumber
[2020/03/28 16:13:13.712] - eth_blockNumber
[2020/03/28 16:13:28.761] - eth_blockNumber
[2020/03/28 16:13:33.725] - eth_blockNumber
[2020/03/28 16:13:48.779] - eth_blockNumber
[2020/03/28 16:13:53.739] - eth_blockNumber
[2020/03/28 16:14:08.796] - eth_blockNumber
[2020/03/28 16:14:13.750] - eth_blockNumber
[2020/03/28 16:14:28.812] - eth_blockNumber
[2020/03/28 16:14:33.760] - eth_blockNumber
[2020/03/28 16:14:48.827] - eth_blockNumber
[2020/03/28 16:14:53.772] - eth_blockNumber
[2020/03/28 16:15:08.842] - eth_blockNumber
[2020/03/28 16:15:13.786] - eth_blockNumber
[2020/03/28 16:15:28.855] - eth_blockNumber
[2020/03/28 16:15:33.799] - eth_blockNumber
[2020/03/28 16:15:48.869] - eth_blockNumber
[2020/03/28 16:15:53.812] - eth_blockNumber
[2020/03/28 16:16:08.883] - eth_blockNumber
[2020/03/28 16:16:13.824] - eth_blockNumber
[2020/03/28 16:16:28.895] - eth_blockNumber
[2020/03/28 16:16:33.837] - eth_blockNumber
[2020/03/28 16:16:48.909] - eth_blockNumber
[2020/03/28 16:16:53.850] - eth_blockNumber
[2020/03/28 16:17:08.925] - eth_blockNumber
[2020/03/28 16:17:13.864] - eth_blockNumber
[2020/03/28 16:17:28.940] - eth_blockNumber
[2020/03/28 16:17:33.876] - eth_blockNumber
[2020/03/28 16:17:48.954] - eth_blockNumber
[2020/03/28 16:17:53.889] - eth_blockNumber
[2020/03/28 16:18:08.965] - eth_blockNumber
[2020/03/28 16:18:13.901] - eth_blockNumber
[2020/03/28 16:18:28.977] - eth_blockNumber
[2020/03/28 16:18:33.914] - eth_blockNumber
[2020/03/28 16:18:48.991] - eth_blockNumber
[2020/03/28 16:18:53.928] - eth_blockNumber
[2020/03/28 16:19:09.004] - eth_blockNumber
[2020/03/28 16:19:13.943] - eth_blockNumber
[2020/03/28 16:19:29.016] - eth_blockNumber
[2020/03/28 16:19:33.959] - eth_blockNumber
[2020/03/28 16:19:49.031] - eth_blockNumber
[2020/03/28 16:19:53.972] - eth_blockNumber
[2020/03/28 16:20:09.043] - eth_blockNumber
[2020/03/28 16:20:13.983] - eth_blockNumber
[2020/03/28 16:20:29.058] - eth_blockNumber
[2020/03/28 16:20:33.999] - eth_blockNumber
[2020/03/28 16:20:49.071] - eth_blockNumber
[2020/03/28 16:20:54.016] - eth_blockNumber
[2020/03/28 16:21:09.085] - eth_blockNumber
[2020/03/28 16:21:14.033] - eth_blockNumber
[2020/03/28 16:21:29.100] - eth_blockNumber
[2020/03/28 16:21:34.054] - eth_blockNumber
[2020/03/28 16:21:49.114] - eth_blockNumber
[2020/03/28 16:21:54.077] - eth_blockNumber
[2020/03/28 16:22:09.127] - eth_blockNumber
[2020/03/28 16:22:14.092] - eth_blockNumber
[2020/03/28 16:22:29.142] - eth_blockNumber
[2020/03/28 16:22:34.110] - eth_blockNumber
[2020/03/28 16:22:49.155] - eth_blockNumber
[2020/03/28 16:22:54.123] - eth_blockNumber
[2020/03/28 16:23:09.169] - eth_blockNumber
[2020/03/28 16:23:14.140] - eth_blockNumber
[2020/03/28 16:23:29.184] - eth_blockNumber
[2020/03/28 16:23:34.155] - eth_blockNumber
[2020/03/28 16:23:49.197] - eth_blockNumber
[2020/03/28 16:23:54.170] - eth_blockNumber
[2020/03/28 16:24:09.211] - eth_blockNumber
[2020/03/28 16:24:14.183] - eth_blockNumber
[2020/03/28 16:24:29.225] - eth_blockNumber
[2020/03/28 16:24:34.196] - eth_blockNumber
[2020/03/28 16:24:49.238] - eth_blockNumber
[2020/03/28 16:24:54.209] - eth_blockNumber
[2020/03/28 16:25:09.255] - eth_blockNumber
[2020/03/28 16:25:14.223] - eth_blockNumber
[2020/03/28 16:25:29.270] - eth_blockNumber
[2020/03/28 16:25:34.238] - eth_blockNumber
[2020/03/28 16:25:49.282] - eth_blockNumber
[2020/03/28 16:25:54.253] - eth_blockNumber
[2020/03/28 16:26:09.293] - eth_blockNumber
[2020/03/28 16:26:14.271] - eth_blockNumber
[2020/03/28 16:26:29.311] - eth_blockNumber
[2020/03/28 16:26:34.287] - eth_blockNumber
[2020/03/28 16:26:49.327] - eth_blockNumber
[2020/03/28 16:26:54.298] - eth_blockNumber
[2020/03/28 16:27:09.342] - eth_blockNumber
[2020/03/28 16:27:14.309] - eth_blockNumber
[2020/03/28 16:27:29.356] - eth_blockNumber
[2020/03/28 16:27:34.322] - eth_blockNumber
[2020/03/28 16:27:49.370] - eth_blockNumber
[2020/03/28 16:27:54.343] - eth_blockNumber
[2020/03/28 16:28:09.385] - eth_blockNumber
[2020/03/28 16:28:14.359] - eth_blockNumber
[2020/03/28 16:28:29.399] - eth_blockNumber
[2020/03/28 16:28:34.373] - eth_blockNumber
[2020/03/28 16:28:49.413] - eth_blockNumber
[2020/03/28 16:28:54.387] - eth_blockNumber
[2020/03/28 16:29:09.427] - eth_blockNumber
[2020/03/28 16:29:14.403] - eth_blockNumber
[2020/03/28 16:29:29.436] - eth_blockNumber
[2020/03/28 16:29:34.416] - eth_blockNumber
[2020/03/28 16:29:49.446] - eth_blockNumber
[2020/03/28 16:29:54.429] - eth_blockNumber
[2020/03/28 16:30:09.460] - eth_blockNumber
[2020/03/28 16:30:14.442] - eth_blockNumber
[2020/03/28 16:30:29.474] - eth_blockNumber
[2020/03/28 16:30:34.455] - eth_blockNumber
[2020/03/28 16:30:49.487] - eth_blockNumber
[2020/03/28 16:30:54.472] - eth_blockNumber
[2020/03/28 16:31:09.499] - eth_blockNumber
[2020/03/28 16:31:14.486] - eth_blockNumber
[2020/03/28 16:31:29.512] - eth_blockNumber
[2020/03/28 16:31:34.503] - eth_blockNumber
[2020/03/28 16:31:49.526] - eth_blockNumber
[2020/03/28 16:31:54.514] - eth_blockNumber
[2020/03/28 16:32:09.539] - eth_blockNumber
[2020/03/28 16:32:14.526] - eth_blockNumber
[2020/03/28 16:32:29.552] - eth_blockNumber
[2020/03/28 16:32:34.539] - eth_blockNumber
[2020/03/28 16:32:49.564] - eth_blockNumber
[2020/03/28 16:32:54.553] - eth_blockNumber
[2020/03/28 16:33:09.577] - eth_blockNumber
[2020/03/28 16:33:14.568] - eth_blockNumber
[2020/03/28 16:33:29.590] - eth_blockNumber
[2020/03/28 16:33:34.586] - eth_blockNumber
[2020/03/28 16:33:49.607] - eth_blockNumber
[2020/03/28 16:33:54.606] - eth_blockNumber
[2020/03/28 16:34:09.628] - eth_blockNumber
[2020/03/28 16:34:14.625] - eth_blockNumber
[2020/03/28 16:34:29.647] - eth_blockNumber
[2020/03/28 16:34:34.635] - eth_blockNumber
[2020/03/28 16:34:49.655] - eth_blockNumber
[2020/03/28 16:34:54.648] - eth_blockNumber
[2020/03/28 16:35:09.673] - eth_blockNumber
[2020/03/28 16:35:14.667] - eth_blockNumber
[2020/03/28 16:35:29.692] - eth_blockNumber
[2020/03/28 16:35:34.713] - eth_blockNumber
[2020/03/28 16:35:49.710] - eth_blockNumber
[2020/03/28 16:35:54.748] - eth_blockNumber
[2020/03/28 16:36:09.725] - eth_blockNumber
[2020/03/28 16:36:14.762] - eth_blockNumber
[2020/03/28 16:36:29.741] - eth_blockNumber
[2020/03/28 16:36:34.777] - eth_blockNumber
[2020/03/28 16:36:49.748] - eth_blockNumber
[2020/03/28 16:36:54.788] - eth_blockNumber
[2020/03/28 16:37:09.761] - eth_blockNumber
[2020/03/28 16:37:14.827] - eth_blockNumber
[2020/03/28 16:37:29.770] - eth_blockNumber
[2020/03/28 16:37:34.840] - eth_blockNumber
[2020/03/28 16:37:49.780] - eth_blockNumber
[2020/03/28 16:37:54.849] - eth_blockNumber
[2020/03/28 16:38:09.796] - eth_blockNumber
[2020/03/28 16:38:14.858] - eth_blockNumber
[2020/03/28 16:38:29.810] - eth_blockNumber
[2020/03/28 16:38:34.868] - eth_blockNumber
[2020/03/28 16:38:49.824] - eth_blockNumber
[2020/03/28 16:38:54.877] - eth_blockNumber
[2020/03/28 16:39:09.847] - eth_blockNumber
[2020/03/28 16:39:14.887] - eth_blockNumber
[2020/03/28 16:39:29.863] - eth_blockNumber
[2020/03/28 16:39:34.903] - eth_blockNumber
[2020/03/28 16:39:49.879] - eth_blockNumber
[2020/03/28 16:39:54.918] - eth_blockNumber
[2020/03/28 16:40:09.904] - eth_blockNumber
[2020/03/28 16:40:14.928] - eth_blockNumber
[2020/03/28 16:40:29.921] - eth_blockNumber
[2020/03/28 16:40:34.939] - eth_blockNumber
[2020/03/28 16:40:49.941] - eth_blockNumber
[2020/03/28 16:40:54.948] - eth_blockNumber
[2020/03/28 16:41:09.963] - eth_blockNumber
[2020/03/28 16:41:14.958] - eth_blockNumber
[2020/03/28 16:41:29.975] - eth_blockNumber
[2020/03/28 16:41:34.970] - eth_blockNumber
[2020/03/28 16:41:49.991] - eth_blockNumber
[2020/03/28 16:41:54.981] - eth_blockNumber
[2020/03/28 16:42:09.999] - eth_blockNumber
[2020/03/28 16:42:14.989] - eth_blockNumber
[2020/03/28 16:42:30.009] - eth_blockNumber
[2020/03/28 16:42:35.011] - eth_blockNumber
[2020/03/28 16:42:50.022] - eth_blockNumber
[2020/03/28 16:42:55.030] - eth_blockNumber
[2020/03/28 16:43:10.035] - eth_blockNumber
[2020/03/28 16:43:15.046] - eth_blockNumber
[2020/03/28 16:43:30.046] - eth_blockNumber
[2020/03/28 16:43:35.062] - eth_blockNumber
[2020/03/28 16:43:50.056] - eth_blockNumber
[2020/03/28 16:43:55.078] - eth_blockNumber
[2020/03/28 16:44:10.063] - eth_blockNumber
[2020/03/28 16:44:15.090] - eth_blockNumber
[2020/03/28 16:44:30.071] - eth_blockNumber
[2020/03/28 16:44:35.101] - eth_blockNumber
[2020/03/28 16:44:50.086] - eth_blockNumber
[2020/03/28 16:44:55.112] - eth_blockNumber
[2020/03/28 16:45:10.096] - eth_blockNumber
[2020/03/28 16:45:15.121] - eth_blockNumber
[2020/03/28 16:45:22.535] - net_version
[2020/03/28 16:45:30.106] - eth_blockNumber
[2020/03/28 16:45:35.131] - eth_blockNumber
[2020/03/28 16:45:50.116] - eth_blockNumber
[2020/03/28 16:45:55.139] - eth_blockNumber
[2020/03/28 16:46:10.132] - eth_blockNumber
[2020/03/28 16:46:15.148] - eth_blockNumber
[2020/03/28 16:46:30.153] - eth_blockNumber
[2020/03/28 16:46:35.159] - eth_blockNumber
[2020/03/28 16:46:50.168] - eth_blockNumber
[2020/03/28 16:46:55.171] - eth_blockNumber
[2020/03/28 16:47:10.181] - eth_blockNumber
[2020/03/28 16:47:15.185] - eth_blockNumber
[2020/03/28 16:47:30.192] - eth_blockNumber
[2020/03/28 16:47:35.200] - eth_blockNumber
[2020/03/28 16:47:50.203] - eth_blockNumber
[2020/03/28 16:47:55.223] - eth_blockNumber
[2020/03/28 16:48:10.213] - eth_blockNumber
[2020/03/28 16:48:15.236] - eth_blockNumber
[2020/03/28 16:48:30.225] - eth_blockNumber
[2020/03/28 16:48:35.253] - eth_blockNumber
[2020/03/28 16:48:50.239] - eth_blockNumber
[2020/03/28 16:48:55.268] - eth_blockNumber
[2020/03/28 16:49:10.256] - eth_blockNumber
[2020/03/28 16:49:15.279] - eth_blockNumber
[2020/03/28 16:49:30.266] - eth_blockNumber
[2020/03/28 16:49:35.289] - eth_blockNumber
[2020/03/28 16:49:50.301] - eth_blockNumber
[2020/03/28 16:49:55.300] - eth_blockNumber
[2020/03/28 16:50:10.328] - eth_blockNumber
[2020/03/28 16:50:15.309] - eth_blockNumber
[2020/03/28 16:50:30.345] - eth_blockNumber
[2020/03/28 16:50:35.319] - eth_blockNumber
[2020/03/28 16:50:50.371] - eth_blockNumber
[2020/03/28 16:50:55.329] - eth_blockNumber
[2020/03/28 16:51:10.414] - eth_blockNumber
[2020/03/28 16:51:15.340] - eth_blockNumber
[2020/03/28 16:51:30.430] - eth_blockNumber
[2020/03/28 16:51:35.354] - eth_blockNumber
[2020/03/28 16:51:50.442] - eth_blockNumber
[2020/03/28 16:51:55.366] - eth_blockNumber
[2020/03/28 16:52:10.457] - eth_blockNumber
[2020/03/28 16:52:15.379] - eth_blockNumber
[2020/03/28 16:52:30.471] - eth_blockNumber
[2020/03/28 16:52:35.395] - eth_blockNumber
[2020/03/28 16:52:50.506] - eth_blockNumber
[2020/03/28 16:52:55.421] - eth_blockNumber
[2020/03/28 16:53:10.518] - eth_blockNumber
[2020/03/28 16:53:15.446] - eth_blockNumber
[2020/03/28 16:53:30.537] - eth_blockNumber
[2020/03/28 16:53:35.467] - eth_blockNumber
[2020/03/28 16:53:50.546] - eth_blockNumber
[2020/03/28 16:53:55.519] - eth_blockNumber
[2020/03/28 16:54:10.556] - eth_blockNumber
[2020/03/28 16:54:15.529] - eth_blockNumber
[2020/03/28 16:54:30.568] - eth_blockNumber
[2020/03/28 16:54:35.541] - eth_blockNumber
[2020/03/28 16:54:50.586] - eth_blockNumber
[2020/03/28 16:54:55.550] - eth_blockNumber
[2020/03/28 16:54:59.984] - net_version
[2020/03/28 16:55:10.630] - eth_blockNumber
[2020/03/28 16:55:15.555] - eth_blockNumber
[2020/03/28 16:55:30.655] - eth_blockNumber
[2020/03/28 16:55:35.561] - eth_blockNumber
[2020/03/28 16:55:50.663] - eth_blockNumber
[2020/03/28 16:55:55.573] - eth_blockNumber
[2020/03/28 16:56:10.673] - eth_blockNumber
[2020/03/28 16:56:15.589] - eth_blockNumber
[2020/03/28 16:56:30.701] - eth_blockNumber
[2020/03/28 16:56:35.608] - eth_blockNumber
[2020/03/28 16:56:50.719] - eth_blockNumber
[2020/03/28 16:56:55.624] - eth_blockNumber
[2020/03/28 16:57:10.735] - eth_blockNumber
[2020/03/28 16:57:15.635] - eth_blockNumber
[2020/03/28 16:57:30.749] - eth_blockNumber
[2020/03/28 16:57:35.646] - eth_blockNumber
[2020/03/28 16:57:50.773] - eth_blockNumber
[2020/03/28 16:57:50.832] - eth_gasPrice
[2020/03/28 16:57:50.893] - eth_getCode
[2020/03/28 16:57:50.941] - eth_getBlockByNumber
[2020/03/28 16:57:51.061] - eth_estimateGas
[2020/03/28 16:57:52.843] - eth_getTransactionCount
[2020/03/28 16:57:55.656] - eth_blockNumber
[2020/03/28 16:58:05.383] - eth_sendRawTransaction
[2020/03/28 16:58:05.452] - 
[2020/03/28 16:58:05.452] -   Transaction: 0x0915fe86b8118053e203d3627477e9ab99ceafd6924a796b3d529010d2183dc8
[2020/03/28 16:58:05.452] -   Gas usage: 286784
[2020/03/28 16:58:05.452] -   Block Number: 259
[2020/03/28 16:58:05.453] -   Block Time: Sat Mar 28 2020 16:58:05 GMT+0000 (GMT)
[2020/03/28 16:58:05.453] - 
[2020/03/28 16:58:06.888] - eth_getTransactionReceipt
[2020/03/28 16:58:07.939] - eth_blockNumber
[2020/03/28 16:58:08.019] - eth_getBlockByNumber
[2020/03/28 16:58:08.028] - eth_getBlockByNumber
[2020/03/28 16:58:08.043] - eth_call
[2020/03/28 16:58:08.189] - eth_getTransactionReceipt
[2020/03/28 16:58:08.324] - eth_getTransactionCount
[2020/03/28 16:58:09.191] - eth_call
[2020/03/28 16:58:09.384] - eth_call
[2020/03/28 16:58:10.334] - eth_getBalance
[2020/03/28 16:58:10.790] - eth_blockNumber
[2020/03/28 16:58:15.668] - eth_blockNumber
[2020/03/28 16:58:15.679] - eth_getBlockByNumber
[2020/03/28 16:58:30.808] - eth_blockNumber
[2020/03/28 16:58:35.687] - eth_blockNumber
[2020/03/28 16:58:50.820] - eth_blockNumber
[2020/03/28 16:58:55.712] - eth_blockNumber
[2020/03/28 16:59:10.833] - eth_blockNumber
[2020/03/28 16:59:15.723] - eth_blockNumber
[2020/03/28 16:59:17.424] - net_version
[2020/03/28 16:59:22.949] - net_version
[2020/03/28 16:59:30.848] - eth_blockNumber
[2020/03/28 16:59:35.737] - eth_blockNumber
[2020/03/28 16:59:50.864] - eth_blockNumber
[2020/03/28 16:59:55.754] - eth_blockNumber
[2020/03/28 17:00:10.887] - eth_blockNumber
[2020/03/28 17:00:12.468] - net_version
[2020/03/28 17:00:15.773] - eth_blockNumber
[2020/03/28 17:00:30.909] - eth_blockNumber
[2020/03/28 17:00:35.783] - eth_blockNumber
[2020/03/28 17:00:50.925] - eth_blockNumber
[2020/03/28 17:00:53.483] - net_version
[2020/03/28 17:00:55.797] - eth_blockNumber
[2020/03/28 17:01:10.936] - eth_blockNumber
[2020/03/28 17:01:15.812] - eth_blockNumber
[2020/03/28 17:01:21.085] - net_version
[2020/03/28 17:01:30.951] - eth_blockNumber
[2020/03/28 17:01:35.847] - eth_blockNumber
[2020/03/28 17:01:50.966] - eth_blockNumber
[2020/03/28 17:01:55.869] - eth_blockNumber
[2020/03/28 17:02:10.977] - eth_blockNumber
[2020/03/28 17:02:15.880] - eth_blockNumber
[2020/03/28 17:02:30.988] - eth_blockNumber
[2020/03/28 17:02:35.893] - eth_blockNumber
[2020/03/28 17:02:51.027] - eth_blockNumber
[2020/03/28 17:02:55.904] - eth_blockNumber
[2020/03/28 17:03:11.171] - eth_blockNumber
[2020/03/28 17:03:15.920] - eth_blockNumber
[2020/03/28 17:03:31.194] - eth_blockNumber
[2020/03/28 17:03:33.756] - eth_gasPrice
[2020/03/28 17:03:33.821] - eth_getCode
[2020/03/28 17:03:34.195] - eth_estimateGas
[2020/03/28 17:03:35.942] - eth_blockNumber
[2020/03/28 17:03:39.166] - eth_sendRawTransaction
[2020/03/28 17:03:39.217] - 
[2020/03/28 17:03:39.218] -   Transaction: 0x43c1762e9038aca2350c3379c1a9247f7019f97083e8aa408600fff8debd637e
[2020/03/28 17:03:39.218] -   Gas usage: 13511
[2020/03/28 17:03:39.218] -   Block Number: 260
[2020/03/28 17:03:39.219] -   Block Time: Sat Mar 28 2020 17:03:39 GMT+0000 (GMT)
[2020/03/28 17:03:39.219] - 
[2020/03/28 17:03:40.185] - eth_getTransactionReceipt
[2020/03/28 17:03:40.536] - eth_blockNumber
[2020/03/28 17:03:40.796] - eth_getBlockByNumber
[2020/03/28 17:03:40.810] - eth_getBlockByNumber
[2020/03/28 17:03:40.861] - eth_call
[2020/03/28 17:03:40.869] - eth_call
[2020/03/28 17:03:40.933] - eth_getTransactionReceipt
[2020/03/28 17:03:41.072] - eth_getTransactionCount
[2020/03/28 17:03:41.483] - eth_call
[2020/03/28 17:03:41.868] - eth_getBalance
[2020/03/28 17:03:51.206] - eth_blockNumber
[2020/03/28 17:03:55.959] - eth_blockNumber
[2020/03/28 17:03:55.979] - eth_getBlockByNumber
[2020/03/28 17:04:11.217] - eth_blockNumber
[2020/03/28 17:04:15.983] - eth_blockNumber
[2020/03/28 17:04:31.232] - eth_blockNumber
[2020/03/28 17:04:35.993] - eth_blockNumber
[2020/03/28 17:04:51.241] - eth_blockNumber
[2020/03/28 17:04:56.003] - eth_blockNumber
[2020/03/28 17:05:11.252] - eth_blockNumber
[2020/03/28 17:05:16.018] - eth_blockNumber
[2020/03/28 17:05:31.265] - eth_blockNumber
[2020/03/28 17:05:36.042] - eth_blockNumber
[2020/03/28 17:05:51.278] - eth_blockNumber
[2020/03/28 17:05:56.053] - eth_blockNumber
[2020/03/28 17:06:11.287] - eth_blockNumber
[2020/03/28 17:06:16.063] - eth_blockNumber
[2020/03/28 17:06:31.298] - eth_blockNumber
[2020/03/28 17:06:36.071] - eth_blockNumber
[2020/03/28 17:06:51.309] - eth_blockNumber
[2020/03/28 17:06:56.080] - eth_blockNumber
[2020/03/28 17:07:11.401] - eth_blockNumber
[2020/03/28 17:07:16.090] - eth_blockNumber
[2020/03/28 17:07:31.424] - eth_blockNumber
[2020/03/28 17:07:36.100] - eth_blockNumber
[2020/03/28 17:07:51.439] - eth_blockNumber
[2020/03/28 17:07:56.110] - eth_blockNumber
[2020/03/28 17:08:11.453] - eth_blockNumber
[2020/03/28 17:08:16.123] - eth_blockNumber
[2020/03/28 17:08:31.471] - eth_blockNumber
[2020/03/28 17:08:36.147] - eth_blockNumber
[2020/03/28 17:08:51.488] - eth_blockNumber
[2020/03/28 17:08:56.163] - eth_blockNumber
[2020/03/28 17:09:11.499] - eth_blockNumber
[2020/03/28 17:09:16.171] - eth_blockNumber
[2020/03/28 17:09:31.511] - eth_blockNumber
[2020/03/28 17:09:36.182] - eth_blockNumber
[2020/03/28 17:09:51.526] - eth_blockNumber
[2020/03/28 17:09:56.195] - eth_blockNumber
[2020/03/28 17:10:11.538] - eth_blockNumber
[2020/03/28 17:10:16.205] - eth_blockNumber
[2020/03/28 17:10:31.551] - eth_blockNumber
[2020/03/28 17:10:36.218] - eth_blockNumber
[2020/03/28 17:10:51.575] - eth_blockNumber
[2020/03/28 17:10:56.230] - eth_blockNumber
[2020/03/28 17:11:11.605] - eth_blockNumber
[2020/03/28 17:11:16.237] - eth_blockNumber
[2020/03/28 17:11:31.625] - eth_blockNumber
[2020/03/28 17:11:36.248] - eth_blockNumber
[2020/03/28 17:11:51.636] - eth_blockNumber
[2020/03/28 17:11:56.256] - eth_blockNumber
[2020/03/28 17:12:11.644] - eth_blockNumber
[2020/03/28 17:12:16.265] - eth_blockNumber
[2020/03/28 17:12:31.656] - eth_blockNumber
[2020/03/28 17:12:36.275] - eth_blockNumber
[2020/03/28 17:12:51.668] - eth_blockNumber
[2020/03/28 17:12:56.285] - eth_blockNumber
[2020/03/28 17:13:11.680] - eth_blockNumber
[2020/03/28 17:13:16.300] - eth_blockNumber
[2020/03/28 17:13:31.697] - eth_blockNumber
[2020/03/28 17:13:36.309] - eth_blockNumber
[2020/03/28 17:13:51.713] - eth_blockNumber
[2020/03/28 17:13:56.329] - eth_blockNumber
[2020/03/28 17:14:11.723] - eth_blockNumber
[2020/03/28 17:14:13.846] - net_version
[2020/03/28 17:14:16.353] - eth_blockNumber
[2020/03/28 17:14:31.739] - eth_blockNumber
[2020/03/28 17:14:36.367] - eth_blockNumber
[2020/03/28 17:14:51.750] - eth_blockNumber
[2020/03/28 17:14:56.388] - eth_blockNumber
[2020/03/28 17:15:01.322] - net_version
[2020/03/28 17:15:11.760] - eth_blockNumber
[2020/03/28 17:15:16.398] - eth_blockNumber
[2020/03/28 17:15:24.830] - net_version
[2020/03/28 17:15:31.782] - eth_blockNumber
[2020/03/28 17:15:36.408] - eth_blockNumber
[2020/03/28 17:15:51.804] - eth_blockNumber
[2020/03/28 17:15:56.419] - eth_blockNumber
[2020/03/28 17:16:11.815] - eth_blockNumber
[2020/03/28 17:16:16.429] - eth_blockNumber
[2020/03/28 17:16:31.872] - eth_blockNumber
[2020/03/28 17:16:36.439] - eth_blockNumber
[2020/03/28 17:16:51.885] - eth_blockNumber
[2020/03/28 17:16:56.452] - eth_blockNumber
[2020/03/28 17:17:11.921] - eth_blockNumber
[2020/03/28 17:17:16.467] - eth_blockNumber
[2020/03/28 17:17:31.931] - eth_blockNumber
[2020/03/28 17:17:36.479] - eth_blockNumber
[2020/03/28 17:17:51.943] - eth_blockNumber
[2020/03/28 17:17:56.490] - eth_blockNumber
[2020/03/28 17:18:11.962] - eth_blockNumber
[2020/03/28 17:18:16.500] - eth_blockNumber
[2020/03/28 17:18:31.976] - eth_blockNumber
[2020/03/28 17:18:36.516] - eth_blockNumber
[2020/03/28 17:18:52.046] - eth_blockNumber
[2020/03/28 17:18:56.528] - eth_blockNumber
[2020/03/28 17:19:12.063] - eth_blockNumber
[2020/03/28 17:19:16.538] - eth_blockNumber
[2020/03/28 17:19:32.075] - eth_blockNumber
[2020/03/28 17:19:36.554] - eth_blockNumber
[2020/03/28 17:19:52.087] - eth_blockNumber
[2020/03/28 17:19:56.570] - eth_blockNumber
[2020/03/28 17:20:12.096] - eth_blockNumber
[2020/03/28 17:20:14.567] - net_version
[2020/03/28 17:20:16.580] - eth_blockNumber
[2020/03/28 17:20:32.110] - eth_blockNumber
[2020/03/28 17:20:36.593] - eth_blockNumber
[2020/03/28 17:20:52.128] - eth_blockNumber
[2020/03/28 17:20:56.605] - eth_blockNumber
[2020/03/28 17:21:12.140] - eth_blockNumber
[2020/03/28 17:21:16.616] - eth_blockNumber
[2020/03/28 17:21:32.155] - eth_blockNumber
[2020/03/28 17:21:36.632] - eth_blockNumber
[2020/03/28 17:21:52.165] - eth_blockNumber
[2020/03/28 17:21:56.649] - eth_blockNumber
[2020/03/28 17:22:10.172] - net_version
[2020/03/28 17:22:12.177] - eth_blockNumber
[2020/03/28 17:22:16.661] - eth_blockNumber
[2020/03/28 17:22:32.188] - eth_blockNumber
[2020/03/28 17:22:36.677] - eth_blockNumber
[2020/03/28 17:22:52.200] - eth_blockNumber
[2020/03/28 17:22:56.695] - eth_blockNumber
[2020/03/28 17:23:12.211] - eth_blockNumber
[2020/03/28 17:23:16.709] - eth_blockNumber
[2020/03/28 17:23:32.223] - eth_blockNumber
[2020/03/28 17:23:36.724] - eth_blockNumber
[2020/03/28 17:23:52.243] - eth_blockNumber
[2020/03/28 17:23:56.746] - eth_blockNumber
[2020/03/28 17:24:12.267] - eth_blockNumber
[2020/03/28 17:24:16.768] - eth_blockNumber
[2020/03/28 17:24:32.283] - eth_blockNumber
[2020/03/28 17:24:36.785] - eth_blockNumber
[2020/03/28 17:24:52.304] - eth_blockNumber
[2020/03/28 17:24:56.798] - eth_blockNumber
[2020/03/28 17:25:12.325] - eth_blockNumber
[2020/03/28 17:25:16.807] - eth_blockNumber
[2020/03/28 17:25:32.343] - eth_blockNumber
[2020/03/28 17:25:36.819] - eth_blockNumber
[2020/03/28 17:25:52.366] - eth_blockNumber
[2020/03/28 17:25:56.836] - eth_blockNumber
[2020/03/28 17:26:12.386] - eth_blockNumber
[2020/03/28 17:26:16.854] - eth_blockNumber
[2020/03/28 17:26:32.405] - eth_blockNumber
[2020/03/28 17:26:36.872] - eth_blockNumber
