[2020/03/27 11:43:16.949] - Starting server (version 2.1.2) with initial configuration: {"gasLimit":6721975,"gasPrice":20000000000,"hardfork":"petersburg","hostname":"127.0.0.1","port":7545,"network_id":5777,"default_balance_ether":100,"total_accounts":10,"unlocked_accounts":[],"locked":false,"vmErrorsOnRPCResponse":true,"verbose":false,"db_path":"/home/nash/.config/Ganache/workspaces/identity-wallet/chaindata","logDirectory":"/home/nash/Documents/Projects/Blockchain/Project/identity-wallet/wallet-web-app/logs"}
[2020/03/27 11:43:17.627] - eth_subscribe
[2020/03/27 11:43:17.630] - eth_getLogs
[2020/03/27 11:43:17.631] - eth_subscribe
[2020/03/27 11:43:17.641] - eth_getCode
[2020/03/27 11:43:17.692] - eth_getCode
[2020/03/27 11:43:17.741] - eth_getCode
[2020/03/27 11:43:17.762] - eth_getCode
[2020/03/27 11:43:17.774] - eth_getCode
[2020/03/27 11:43:18.569] - eth_blockNumber
[2020/03/27 11:43:18.569] - eth_accounts
[2020/03/27 11:43:18.569] - eth_gasPrice
[2020/03/27 11:43:18.570] - eth_getBlockByNumber
[2020/03/27 11:43:18.570] - eth_subscribe
[2020/03/27 11:43:18.732] - eth_accounts
[2020/03/27 11:43:18.924] - eth_getBalance
[2020/03/27 11:43:18.961] - eth_getTransactionCount
[2020/03/27 11:43:18.999] - eth_getBalance
[2020/03/27 11:43:19.038] - eth_getTransactionCount
[2020/03/27 11:43:19.046] - eth_blockNumber
[2020/03/27 11:43:19.065] - eth_getBlockByNumber
[2020/03/27 11:43:19.072] - eth_getBlockByNumber
[2020/03/27 11:43:19.073] - eth_getBlockByNumber
[2020/03/27 11:43:19.073] - eth_getBlockByNumber
[2020/03/27 11:43:19.074] - eth_getBlockByNumber
[2020/03/27 11:43:19.080] - eth_getBlockByNumber
[2020/03/27 11:43:19.081] - eth_getBlockByNumber
[2020/03/27 11:43:19.082] - eth_getBlockByNumber
[2020/03/27 11:43:19.096] - eth_getBalance
[2020/03/27 11:43:19.096] - eth_getBlockByNumber
[2020/03/27 11:43:19.101] - eth_getBlockByNumber
[2020/03/27 11:43:19.105] - eth_getBlockByNumber
[2020/03/27 11:43:19.110] - eth_getBlockByNumber
[2020/03/27 11:43:19.115] - eth_getBlockByNumber
[2020/03/27 11:43:19.120] - eth_getBlockByNumber
[2020/03/27 11:43:19.129] - eth_getBlockByNumber
[2020/03/27 11:43:19.133] - eth_getBlockByNumber
[2020/03/27 11:43:19.138] - eth_getBlockByNumber
[2020/03/27 11:43:19.145] - eth_getBlockByNumber
[2020/03/27 11:43:19.153] - eth_getBlockByNumber
[2020/03/27 11:43:19.159] - eth_getBlockByNumber
[2020/03/27 11:43:19.161] - eth_getTransactionCount
[2020/03/27 11:43:19.164] - eth_getBlockByNumber
[2020/03/27 11:43:19.168] - eth_getBlockByNumber
[2020/03/27 11:43:19.173] - eth_getBlockByNumber
[2020/03/27 11:43:19.177] - eth_getBlockByNumber
[2020/03/27 11:43:19.181] - eth_getBlockByNumber
[2020/03/27 11:43:19.185] - eth_getBlockByNumber
[2020/03/27 11:43:19.192] - eth_getBlockByNumber
[2020/03/27 11:43:19.196] - eth_getBlockByNumber
[2020/03/27 11:43:19.200] - eth_getBlockByNumber
[2020/03/27 11:43:19.204] - eth_getBlockByNumber
[2020/03/27 11:43:19.207] - eth_getBlockByNumber
[2020/03/27 11:43:19.211] - eth_getBlockByNumber
[2020/03/27 11:43:19.215] - eth_getBlockByNumber
[2020/03/27 11:43:19.219] - eth_getBalance
[2020/03/27 11:43:19.219] - eth_getBlockByNumber
[2020/03/27 11:43:19.223] - eth_getBlockByNumber
[2020/03/27 11:43:19.227] - eth_getBlockByNumber
[2020/03/27 11:43:19.233] - eth_getBlockByNumber
[2020/03/27 11:43:19.238] - eth_getBlockByNumber
[2020/03/27 11:43:19.242] - eth_getBlockByNumber
[2020/03/27 11:43:19.251] - eth_getBlockByNumber
[2020/03/27 11:43:19.254] - eth_getBlockByNumber
[2020/03/27 11:43:19.280] - eth_getTransactionCount
[2020/03/27 11:43:19.322] - eth_getBalance
[2020/03/27 11:43:19.362] - eth_getTransactionCount
[2020/03/27 11:43:19.399] - eth_getBalance
[2020/03/27 11:43:19.437] - eth_getTransactionCount
[2020/03/27 11:43:19.467] - eth_getBalance
[2020/03/27 11:43:19.503] - eth_getTransactionCount
[2020/03/27 11:43:19.539] - eth_getBalance
[2020/03/27 11:43:19.586] - eth_getTransactionCount
[2020/03/27 11:43:19.623] - eth_getBalance
[2020/03/27 11:43:19.702] - eth_getTransactionCount
[2020/03/27 11:43:19.777] - eth_getBalance
[2020/03/27 11:43:19.878] - eth_getTransactionCount
[2020/03/27 11:43:22.566] - eth_getBalance
[2020/03/27 11:43:22.603] - eth_getTransactionCount
[2020/03/27 11:43:22.638] - eth_getBalance
[2020/03/27 11:43:22.673] - eth_getTransactionCount
[2020/03/27 11:43:22.711] - eth_getBalance
[2020/03/27 11:43:22.761] - eth_getTransactionCount
[2020/03/27 11:43:22.824] - eth_getBalance
[2020/03/27 11:43:22.903] - eth_getTransactionCount
[2020/03/27 11:43:22.964] - eth_getBalance
[2020/03/27 11:43:23.074] - eth_getTransactionCount
[2020/03/27 11:43:23.152] - eth_getBalance
[2020/03/27 11:43:23.205] - eth_getTransactionCount
[2020/03/27 11:43:23.245] - eth_getBalance
[2020/03/27 11:43:23.282] - eth_getTransactionCount
[2020/03/27 11:43:23.318] - eth_getBalance
[2020/03/27 11:43:23.354] - eth_getTransactionCount
[2020/03/27 11:43:23.390] - eth_getBalance
[2020/03/27 11:43:23.425] - eth_getTransactionCount
[2020/03/27 11:43:23.463] - eth_getBalance
[2020/03/27 11:43:23.497] - eth_getTransactionCount
[2020/03/27 11:43:39.105] - eth_blockNumber
[2020/03/27 11:43:59.120] - eth_blockNumber
[2020/03/27 11:44:19.137] - eth_blockNumber
[2020/03/27 11:44:39.150] - eth_blockNumber
[2020/03/27 11:44:59.166] - eth_blockNumber
[2020/03/27 11:45:19.184] - eth_blockNumber
[2020/03/27 11:45:39.203] - eth_blockNumber
[2020/03/27 11:45:59.219] - eth_blockNumber
[2020/03/27 11:46:19.229] - eth_blockNumber
[2020/03/27 11:46:39.243] - eth_blockNumber
[2020/03/27 11:46:59.264] - eth_blockNumber
[2020/03/27 11:47:19.287] - eth_blockNumber
[2020/03/27 11:47:39.307] - eth_blockNumber
[2020/03/27 11:47:55.825] - net_version
[2020/03/27 11:47:55.826] - eth_blockNumber
[2020/03/27 11:47:55.828] - net_version
[2020/03/27 11:47:56.214] - eth_getBlockByNumber
[2020/03/27 11:47:56.225] - eth_getBlockByNumber
[2020/03/27 11:47:56.226] - eth_getBlockByNumber
[2020/03/27 11:47:56.228] - eth_getBlockByNumber
[2020/03/27 11:47:56.230] - eth_getBlockByNumber
[2020/03/27 11:47:56.245] - eth_getBlockByNumber
[2020/03/27 11:47:56.260] - eth_getBlockByNumber
[2020/03/27 11:47:56.265] - eth_getBlockByNumber
[2020/03/27 11:47:56.266] - eth_getBlockByNumber
[2020/03/27 11:47:56.280] - eth_getBlockByNumber
[2020/03/27 11:47:56.281] - eth_getBlockByNumber
[2020/03/27 11:47:56.291] - eth_getBlockByNumber
[2020/03/27 11:47:56.298] - eth_getBlockByNumber
[2020/03/27 11:47:56.306] - eth_getBlockByNumber
[2020/03/27 11:47:56.315] - eth_getBlockByNumber
[2020/03/27 11:47:56.319] - eth_getBlockByNumber
[2020/03/27 11:47:56.328] - eth_getBlockByNumber
[2020/03/27 11:47:56.333] - eth_getBlockByNumber
[2020/03/27 11:47:56.341] - eth_getBlockByNumber
[2020/03/27 11:47:56.363] - eth_getBlockByNumber
[2020/03/27 11:47:56.368] - eth_getBlockByNumber
[2020/03/27 11:47:56.377] - eth_getBlockByNumber
[2020/03/27 11:47:56.382] - eth_getBlockByNumber
[2020/03/27 11:47:56.391] - eth_getBlockByNumber
[2020/03/27 11:47:56.392] - eth_getBlockByNumber
[2020/03/27 11:47:56.398] - eth_getBlockByNumber
[2020/03/27 11:47:56.405] - eth_getBlockByNumber
[2020/03/27 11:47:56.419] - eth_getBlockByNumber
[2020/03/27 11:47:56.442] - eth_getBlockByNumber
[2020/03/27 11:47:56.448] - eth_getBlockByNumber
[2020/03/27 11:47:56.453] - eth_getBlockByNumber
[2020/03/27 11:47:56.461] - eth_getBlockByNumber
[2020/03/27 11:47:56.475] - eth_getBlockByNumber
[2020/03/27 11:47:56.477] - eth_getBlockByNumber
[2020/03/27 11:47:56.485] - eth_getBlockByNumber
[2020/03/27 11:47:56.496] - eth_getBlockByNumber
[2020/03/27 11:47:56.502] - eth_getBlockByNumber
[2020/03/27 11:47:56.514] - eth_getBlockByNumber
[2020/03/27 11:47:56.520] - eth_getBlockByNumber
[2020/03/27 11:47:56.528] - eth_getBlockByNumber
[2020/03/27 11:47:56.534] - eth_getBlockByNumber
[2020/03/27 11:48:11.446] - eth_getBalance
[2020/03/27 11:48:13.391] - net_version
[2020/03/27 11:48:13.799] - eth_getLogs
[2020/03/27 11:48:13.804] - eth_getLogs
[2020/03/27 11:48:13.811] - eth_getLogs
[2020/03/27 11:48:13.814] - eth_getLogs
[2020/03/27 11:48:13.838] - eth_call
[2020/03/27 11:48:14.414] - eth_call
[2020/03/27 11:48:14.416] - eth_call
[2020/03/27 11:48:14.423] - eth_call
[2020/03/27 11:48:14.425] - eth_call
[2020/03/27 11:48:14.427] - eth_call
[2020/03/27 11:48:16.313] - eth_blockNumber
[2020/03/27 11:48:19.876] - net_version
[2020/03/27 11:48:33.011] - net_version
[2020/03/27 11:48:36.383] - eth_blockNumber
[2020/03/27 11:48:56.396] - eth_blockNumber
[2020/03/27 11:49:16.408] - eth_blockNumber
[2020/03/27 11:49:36.429] - eth_blockNumber
[2020/03/27 11:49:56.450] - eth_blockNumber
[2020/03/27 11:50:03.871] - net_version
[2020/03/27 11:50:03.873] - eth_blockNumber
[2020/03/27 11:50:03.885] - net_version
[2020/03/27 11:50:04.250] - eth_getBlockByNumber
[2020/03/27 11:50:04.251] - eth_getBlockByNumber
[2020/03/27 11:50:04.255] - eth_getBlockByNumber
[2020/03/27 11:50:04.256] - eth_getBlockByNumber
[2020/03/27 11:50:04.257] - eth_getBlockByNumber
[2020/03/27 11:50:04.261] - eth_getBlockByNumber
[2020/03/27 11:50:04.262] - eth_getBlockByNumber
[2020/03/27 11:50:04.266] - eth_getBlockByNumber
[2020/03/27 11:50:04.267] - eth_getBlockByNumber
[2020/03/27 11:50:04.271] - eth_getBlockByNumber
[2020/03/27 11:50:04.275] - eth_getBlockByNumber
[2020/03/27 11:50:04.280] - eth_getBlockByNumber
[2020/03/27 11:50:04.284] - eth_getBlockByNumber
[2020/03/27 11:50:04.288] - eth_getBlockByNumber
[2020/03/27 11:50:04.293] - eth_getBlockByNumber
[2020/03/27 11:50:04.296] - eth_getBlockByNumber
[2020/03/27 11:50:04.301] - eth_getBlockByNumber
[2020/03/27 11:50:04.306] - eth_getBlockByNumber
[2020/03/27 11:50:04.311] - eth_getBlockByNumber
[2020/03/27 11:50:04.316] - eth_getBlockByNumber
[2020/03/27 11:50:04.321] - eth_getBlockByNumber
[2020/03/27 11:50:04.329] - eth_getBlockByNumber
[2020/03/27 11:50:04.337] - eth_getBlockByNumber
[2020/03/27 11:50:04.341] - eth_getBlockByNumber
[2020/03/27 11:50:04.346] - eth_getBlockByNumber
[2020/03/27 11:50:04.356] - eth_getBlockByNumber
[2020/03/27 11:50:04.357] - eth_getBlockByNumber
[2020/03/27 11:50:04.369] - eth_getBlockByNumber
[2020/03/27 11:50:04.373] - eth_getBlockByNumber
[2020/03/27 11:50:04.377] - eth_getBlockByNumber
[2020/03/27 11:50:04.382] - eth_getBlockByNumber
[2020/03/27 11:50:04.386] - eth_getBlockByNumber
[2020/03/27 11:50:04.391] - eth_getBlockByNumber
[2020/03/27 11:50:04.395] - eth_getBlockByNumber
[2020/03/27 11:50:04.399] - eth_getBlockByNumber
[2020/03/27 11:50:04.402] - eth_getBlockByNumber
[2020/03/27 11:50:04.407] - eth_getBlockByNumber
[2020/03/27 11:50:04.414] - eth_getBlockByNumber
[2020/03/27 11:50:04.419] - eth_getBlockByNumber
[2020/03/27 11:50:04.426] - eth_getBlockByNumber
[2020/03/27 11:50:04.438] - eth_getBlockByNumber
[2020/03/27 11:50:16.466] - eth_blockNumber
[2020/03/27 11:50:24.306] - eth_blockNumber
[2020/03/27 11:50:36.480] - eth_blockNumber
[2020/03/27 11:50:44.319] - eth_blockNumber
[2020/03/27 11:50:56.493] - eth_blockNumber
[2020/03/27 11:51:04.358] - eth_blockNumber
[2020/03/27 11:51:16.513] - eth_blockNumber
[2020/03/27 11:51:24.382] - eth_blockNumber
[2020/03/27 11:51:36.525] - eth_blockNumber
[2020/03/27 11:51:44.396] - eth_blockNumber
[2020/03/27 11:51:56.537] - eth_blockNumber
[2020/03/27 11:52:04.408] - eth_blockNumber
[2020/03/27 11:52:16.549] - eth_blockNumber
[2020/03/27 11:52:24.422] - eth_blockNumber
[2020/03/27 11:52:36.561] - eth_blockNumber
[2020/03/27 11:52:44.436] - eth_blockNumber
[2020/03/27 11:52:56.572] - eth_blockNumber
[2020/03/27 11:53:04.452] - eth_blockNumber
[2020/03/27 11:53:16.584] - eth_blockNumber
[2020/03/27 11:53:24.467] - eth_blockNumber
[2020/03/27 11:53:36.597] - eth_blockNumber
[2020/03/27 11:53:44.483] - eth_blockNumber
[2020/03/27 11:53:56.612] - eth_blockNumber
[2020/03/27 11:54:04.494] - eth_blockNumber
[2020/03/27 11:54:16.624] - eth_blockNumber
[2020/03/27 11:54:24.505] - eth_blockNumber
[2020/03/27 11:54:36.637] - eth_blockNumber
[2020/03/27 11:54:44.518] - eth_blockNumber
[2020/03/27 11:54:56.650] - eth_blockNumber
[2020/03/27 11:55:04.530] - eth_blockNumber
[2020/03/27 11:55:16.664] - eth_blockNumber
[2020/03/27 11:55:24.545] - eth_blockNumber
[2020/03/27 11:55:36.679] - eth_blockNumber
[2020/03/27 11:55:44.558] - eth_blockNumber
[2020/03/27 11:55:56.692] - eth_blockNumber
[2020/03/27 11:56:04.571] - eth_blockNumber
[2020/03/27 11:56:16.707] - eth_blockNumber
[2020/03/27 11:56:24.585] - eth_blockNumber
[2020/03/27 11:56:36.719] - eth_blockNumber
[2020/03/27 11:56:44.598] - eth_blockNumber
[2020/03/27 11:56:56.731] - eth_blockNumber
[2020/03/27 11:57:04.611] - eth_blockNumber
[2020/03/27 11:57:16.743] - eth_blockNumber
[2020/03/27 11:57:24.623] - eth_blockNumber
[2020/03/27 11:57:36.753] - eth_blockNumber
[2020/03/27 11:57:44.635] - eth_blockNumber
[2020/03/27 11:57:56.766] - eth_blockNumber
[2020/03/27 11:58:04.646] - eth_blockNumber
[2020/03/27 11:58:16.777] - eth_blockNumber
[2020/03/27 11:58:24.658] - eth_blockNumber
[2020/03/27 11:58:36.793] - eth_blockNumber
[2020/03/27 11:58:44.670] - eth_blockNumber
[2020/03/27 11:58:56.804] - eth_blockNumber
[2020/03/27 11:59:04.694] - eth_blockNumber
[2020/03/27 11:59:16.815] - eth_blockNumber
[2020/03/27 11:59:24.705] - eth_blockNumber
[2020/03/27 11:59:36.826] - eth_blockNumber
[2020/03/27 11:59:44.721] - eth_blockNumber
[2020/03/27 11:59:56.837] - eth_blockNumber
[2020/03/27 12:00:04.733] - eth_blockNumber
[2020/03/27 12:00:16.848] - eth_blockNumber
[2020/03/27 12:00:24.744] - eth_blockNumber
[2020/03/27 12:00:36.860] - eth_blockNumber
[2020/03/27 12:00:44.754] - eth_blockNumber
[2020/03/27 12:00:56.870] - eth_blockNumber
[2020/03/27 12:01:07.419] - net_version
[2020/03/27 12:01:07.421] - eth_blockNumber
[2020/03/27 12:01:07.434] - net_version
[2020/03/27 12:01:07.816] - eth_getBlockByNumber
[2020/03/27 12:01:07.817] - eth_getBlockByNumber
[2020/03/27 12:01:07.821] - eth_getBlockByNumber
[2020/03/27 12:01:07.822] - eth_getBlockByNumber
[2020/03/27 12:01:07.822] - eth_getBlockByNumber
[2020/03/27 12:01:07.826] - eth_getBlockByNumber
[2020/03/27 12:01:07.827] - eth_getBlockByNumber
[2020/03/27 12:01:07.831] - eth_getBlockByNumber
[2020/03/27 12:01:07.832] - eth_getBlockByNumber
[2020/03/27 12:01:07.837] - eth_getBlockByNumber
[2020/03/27 12:01:07.840] - eth_getBlockByNumber
[2020/03/27 12:01:07.846] - eth_getBlockByNumber
[2020/03/27 12:01:07.856] - eth_getBlockByNumber
[2020/03/27 12:01:07.866] - eth_getBlockByNumber
[2020/03/27 12:01:07.874] - eth_getBlockByNumber
[2020/03/27 12:01:07.879] - eth_getBlockByNumber
[2020/03/27 12:01:07.883] - eth_getBlockByNumber
[2020/03/27 12:01:07.887] - eth_getBlockByNumber
[2020/03/27 12:01:07.891] - eth_getBlockByNumber
[2020/03/27 12:01:07.891] - eth_getBlockByNumber
[2020/03/27 12:01:07.903] - eth_getBlockByNumber
[2020/03/27 12:01:07.904] - eth_getBlockByNumber
[2020/03/27 12:01:07.907] - eth_getBlockByNumber
[2020/03/27 12:01:07.912] - eth_getBlockByNumber
[2020/03/27 12:01:07.916] - eth_getBlockByNumber
[2020/03/27 12:01:07.918] - eth_getBlockByNumber
[2020/03/27 12:01:07.923] - eth_getBlockByNumber
[2020/03/27 12:01:07.925] - eth_getBlockByNumber
[2020/03/27 12:01:07.928] - eth_getBlockByNumber
[2020/03/27 12:01:07.932] - eth_getBlockByNumber
[2020/03/27 12:01:07.937] - eth_getBlockByNumber
[2020/03/27 12:01:07.941] - eth_getBlockByNumber
[2020/03/27 12:01:07.942] - eth_getBlockByNumber
[2020/03/27 12:01:07.948] - eth_getBlockByNumber
[2020/03/27 12:01:07.954] - eth_getBlockByNumber
[2020/03/27 12:01:07.957] - eth_getBlockByNumber
[2020/03/27 12:01:07.961] - eth_getBlockByNumber
[2020/03/27 12:01:07.963] - eth_getBlockByNumber
[2020/03/27 12:01:07.968] - eth_getBlockByNumber
[2020/03/27 12:01:07.968] - eth_getBlockByNumber
[2020/03/27 12:01:07.974] - eth_getBlockByNumber
[2020/03/27 12:01:16.882] - eth_blockNumber
[2020/03/27 12:01:36.902] - eth_blockNumber
[2020/03/27 12:01:56.915] - eth_blockNumber
[2020/03/27 12:02:16.925] - eth_blockNumber
[2020/03/27 12:02:36.937] - eth_blockNumber
[2020/03/27 12:02:56.950] - eth_blockNumber
[2020/03/27 12:03:16.966] - eth_blockNumber
[2020/03/27 12:03:36.980] - eth_blockNumber
[2020/03/27 12:03:42.248] - eth_gasPrice
[2020/03/27 12:03:42.325] - eth_getCode
[2020/03/27 12:03:42.388] - eth_getBlockByNumber
[2020/03/27 12:03:42.559] - eth_estimateGas
[2020/03/27 12:03:45.335] - eth_getTransactionCount
[2020/03/27 12:03:57.002] - eth_blockNumber
[2020/03/27 12:04:17.028] - eth_blockNumber
[2020/03/27 12:04:17.848] - eth_sendRawTransaction
[2020/03/27 12:04:18.678] - 
[2020/03/27 12:04:18.679] -   Transaction: 0x6d0c23d04251e8c1dbbcd9c7729ad5ecf43e0e84540732a1549abe75ee8d02b9
[2020/03/27 12:04:18.680] -   Gas usage: 287881
[2020/03/27 12:04:18.680] -   Block Number: 231
[2020/03/27 12:04:18.681] -   Block Time: Fri Mar 27 2020 12:04:17 GMT+0000 (GMT)
[2020/03/27 12:04:18.681] - 
[2020/03/27 12:04:18.694] - eth_getBlockByNumber
[2020/03/27 12:04:19.163] - eth_getBalance
[2020/03/27 12:04:19.221] - eth_getTransactionCount
[2020/03/27 12:04:19.271] - eth_getBalance
[2020/03/27 12:04:19.344] - eth_getTransactionCount
[2020/03/27 12:04:19.580] - eth_getBalance
[2020/03/27 12:04:19.709] - eth_getTransactionCount
[2020/03/27 12:04:19.778] - eth_getBalance
[2020/03/27 12:04:19.878] - eth_getTransactionCount
[2020/03/27 12:04:19.914] - eth_getBalance
[2020/03/27 12:04:19.968] - eth_getTransactionCount
[2020/03/27 12:04:20.053] - eth_getBalance
[2020/03/27 12:04:20.104] - eth_getTransactionCount
[2020/03/27 12:04:20.149] - eth_getBalance
[2020/03/27 12:04:20.212] - eth_getTransactionCount
[2020/03/27 12:04:20.256] - eth_getBalance
[2020/03/27 12:04:20.299] - eth_getTransactionCount
[2020/03/27 12:04:20.367] - eth_getBalance
[2020/03/27 12:04:20.488] - eth_getTransactionCount
[2020/03/27 12:04:20.524] - eth_getBalance
[2020/03/27 12:04:20.565] - eth_getTransactionCount
[2020/03/27 12:04:21.907] - eth_getTransactionReceipt
[2020/03/27 12:04:22.256] - eth_blockNumber
[2020/03/27 12:04:22.392] - eth_getBlockByNumber
[2020/03/27 12:04:22.415] - eth_getBlockByNumber
[2020/03/27 12:04:22.442] - eth_getLogs
[2020/03/27 12:04:22.443] - eth_getLogs
[2020/03/27 12:04:22.452] - eth_call
[2020/03/27 12:04:22.459] - eth_call
[2020/03/27 12:04:22.467] - eth_call
[2020/03/27 12:04:22.473] - eth_call
[2020/03/27 12:04:22.475] - eth_call
[2020/03/27 12:04:22.557] - eth_getTransactionReceipt
[2020/03/27 12:04:23.303] - eth_getTransactionCount
[2020/03/27 12:04:24.512] - eth_getBalance
[2020/03/27 12:04:25.555] - eth_call
[2020/03/27 12:04:26.187] - eth_call
[2020/03/27 12:04:37.052] - eth_blockNumber
[2020/03/27 12:04:57.074] - eth_blockNumber
[2020/03/27 12:05:17.087] - eth_blockNumber
[2020/03/27 12:05:37.104] - eth_blockNumber
[2020/03/27 12:05:48.283] - net_version
[2020/03/27 12:05:48.285] - eth_blockNumber
[2020/03/27 12:05:48.301] - net_version
[2020/03/27 12:05:49.296] - eth_getBlockByNumber
[2020/03/27 12:05:49.297] - eth_getBlockByNumber
[2020/03/27 12:05:49.303] - eth_getBlockByNumber
[2020/03/27 12:05:49.303] - eth_getBlockByNumber
[2020/03/27 12:05:49.304] - eth_getBlockByNumber
[2020/03/27 12:05:49.305] - eth_getBlockByNumber
[2020/03/27 12:05:49.309] - eth_getBlockByNumber
[2020/03/27 12:05:49.311] - eth_getBlockByNumber
[2020/03/27 12:05:49.319] - eth_getBlockByNumber
[2020/03/27 12:05:49.323] - eth_getBlockByNumber
[2020/03/27 12:05:49.328] - eth_getBlockByNumber
[2020/03/27 12:05:49.332] - eth_getBlockByNumber
[2020/03/27 12:05:49.337] - eth_getBlockByNumber
[2020/03/27 12:05:49.341] - eth_getBlockByNumber
[2020/03/27 12:05:49.347] - eth_getBlockByNumber
[2020/03/27 12:05:49.358] - eth_getBlockByNumber
[2020/03/27 12:05:49.370] - eth_getBlockByNumber
[2020/03/27 12:05:49.378] - eth_getBlockByNumber
[2020/03/27 12:05:49.385] - eth_getBlockByNumber
[2020/03/27 12:05:49.391] - eth_getBlockByNumber
[2020/03/27 12:05:49.396] - eth_getBlockByNumber
[2020/03/27 12:05:49.400] - eth_getBlockByNumber
[2020/03/27 12:05:49.406] - eth_getBlockByNumber
[2020/03/27 12:05:49.412] - eth_getBlockByNumber
[2020/03/27 12:05:49.417] - eth_getBlockByNumber
[2020/03/27 12:05:49.421] - eth_getBlockByNumber
[2020/03/27 12:05:49.428] - eth_getBlockByNumber
[2020/03/27 12:05:49.434] - eth_getBlockByNumber
[2020/03/27 12:05:49.438] - eth_getBlockByNumber
[2020/03/27 12:05:49.442] - eth_getBlockByNumber
[2020/03/27 12:05:49.446] - eth_getBlockByNumber
[2020/03/27 12:05:49.453] - eth_getBlockByNumber
[2020/03/27 12:05:49.458] - eth_getBlockByNumber
[2020/03/27 12:05:49.462] - eth_getBlockByNumber
[2020/03/27 12:05:49.466] - eth_getBlockByNumber
[2020/03/27 12:05:49.472] - eth_getBlockByNumber
[2020/03/27 12:05:49.476] - eth_getBlockByNumber
[2020/03/27 12:05:49.481] - eth_getBlockByNumber
[2020/03/27 12:05:49.485] - eth_getBlockByNumber
[2020/03/27 12:05:49.489] - eth_getBlockByNumber
[2020/03/27 12:05:49.494] - eth_getBlockByNumber
[2020/03/27 12:05:57.120] - eth_blockNumber
[2020/03/27 12:06:09.348] - eth_blockNumber
[2020/03/27 12:06:17.132] - eth_blockNumber
[2020/03/27 12:06:29.365] - eth_blockNumber
[2020/03/27 12:06:37.150] - eth_blockNumber
[2020/03/27 12:06:49.379] - eth_blockNumber
[2020/03/27 12:06:57.159] - eth_blockNumber
[2020/03/27 12:07:09.399] - eth_blockNumber
[2020/03/27 12:07:17.172] - eth_blockNumber
[2020/03/27 12:07:29.413] - eth_blockNumber
[2020/03/27 12:07:37.191] - eth_blockNumber
[2020/03/27 12:07:49.425] - eth_blockNumber
[2020/03/27 12:07:57.204] - eth_blockNumber
[2020/03/27 12:08:09.443] - eth_blockNumber
[2020/03/27 12:08:17.212] - eth_blockNumber
[2020/03/27 12:08:29.474] - eth_blockNumber
[2020/03/27 12:08:37.223] - eth_blockNumber
[2020/03/27 12:08:49.488] - eth_blockNumber
[2020/03/27 12:08:57.234] - eth_blockNumber
[2020/03/27 12:09:09.505] - eth_blockNumber
[2020/03/27 12:09:17.245] - eth_blockNumber
[2020/03/27 12:09:29.544] - eth_blockNumber
[2020/03/27 12:09:37.266] - eth_blockNumber
[2020/03/27 12:09:49.562] - eth_blockNumber
[2020/03/27 12:09:57.288] - eth_blockNumber
[2020/03/27 12:10:09.577] - eth_blockNumber
[2020/03/27 12:10:17.303] - eth_blockNumber
[2020/03/27 12:10:29.596] - eth_blockNumber
[2020/03/27 12:10:37.314] - eth_blockNumber
[2020/03/27 12:10:49.664] - eth_blockNumber
[2020/03/27 12:10:57.332] - eth_blockNumber
[2020/03/27 12:11:09.720] - eth_blockNumber
[2020/03/27 12:11:17.356] - eth_blockNumber
[2020/03/27 12:11:29.763] - eth_blockNumber
[2020/03/27 12:11:36.873] - net_version
[2020/03/27 12:11:37.146] - eth_getLogs
[2020/03/27 12:11:37.163] - eth_getLogs
[2020/03/27 12:11:37.374] - eth_blockNumber
[2020/03/27 12:11:49.790] - eth_blockNumber
[2020/03/27 12:11:57.546] - eth_blockNumber
[2020/03/27 12:12:09.812] - eth_blockNumber
[2020/03/27 12:12:17.557] - eth_blockNumber
[2020/03/27 12:12:29.844] - eth_blockNumber
[2020/03/27 12:12:37.570] - eth_blockNumber
[2020/03/27 12:12:49.862] - eth_blockNumber
[2020/03/27 12:12:57.593] - eth_blockNumber
[2020/03/27 12:13:09.887] - eth_blockNumber
[2020/03/27 12:13:17.609] - eth_blockNumber
[2020/03/27 12:13:29.907] - eth_blockNumber
[2020/03/27 12:13:37.624] - eth_blockNumber
[2020/03/27 12:13:49.936] - eth_blockNumber
[2020/03/27 12:13:57.643] - eth_blockNumber
[2020/03/27 12:14:09.971] - eth_blockNumber
[2020/03/27 12:14:17.659] - eth_blockNumber
[2020/03/27 12:14:30.001] - eth_blockNumber
[2020/03/27 12:14:37.674] - eth_blockNumber
[2020/03/27 12:14:50.018] - eth_blockNumber
[2020/03/27 12:14:57.687] - eth_blockNumber
[2020/03/27 12:15:10.035] - eth_blockNumber
[2020/03/27 12:15:17.711] - eth_blockNumber
[2020/03/27 12:15:30.054] - eth_blockNumber
[2020/03/27 12:15:37.732] - eth_blockNumber
[2020/03/27 12:15:50.074] - eth_blockNumber
[2020/03/27 12:15:57.746] - eth_blockNumber
[2020/03/27 12:16:10.093] - eth_blockNumber
[2020/03/27 12:16:16.566] - eth_gasPrice
[2020/03/27 12:16:16.659] - eth_getCode
[2020/03/27 12:16:17.034] - eth_estimateGas
[2020/03/27 12:16:18.688] - eth_blockNumber
[2020/03/27 12:16:21.273] - eth_sendRawTransaction
[2020/03/27 12:16:21.319] - 
[2020/03/27 12:16:21.319] -   Transaction: 0xfa6db949c48dda778e169fa9512150c7c8cfb6639511f5fd7a2cb356fd306107
[2020/03/27 12:16:21.319] -   Gas usage: 13511
[2020/03/27 12:16:21.319] -   Block Number: 232
[2020/03/27 12:16:21.320] -   Block Time: Fri Mar 27 2020 12:16:21 GMT+0000 (GMT)
[2020/03/27 12:16:21.320] - 
[2020/03/27 12:16:21.321] - eth_getBlockByNumber
[2020/03/27 12:16:21.543] - eth_getBalance
[2020/03/27 12:16:21.616] - eth_getTransactionCount
[2020/03/27 12:16:21.674] - eth_getBalance
[2020/03/27 12:16:21.753] - eth_getTransactionCount
[2020/03/27 12:16:21.834] - eth_getBalance
[2020/03/27 12:16:21.902] - eth_getTransactionCount
[2020/03/27 12:16:21.968] - eth_getBalance
[2020/03/27 12:16:22.022] - eth_getTransactionCount
[2020/03/27 12:16:22.078] - eth_getBalance
[2020/03/27 12:16:22.139] - eth_getTransactionCount
[2020/03/27 12:16:22.200] - eth_getBalance
[2020/03/27 12:16:22.253] - eth_getTransactionCount
[2020/03/27 12:16:22.310] - eth_getBalance
[2020/03/27 12:16:22.361] - eth_getTransactionCount
[2020/03/27 12:16:22.401] - eth_getBalance
[2020/03/27 12:16:22.457] - eth_getTransactionCount
[2020/03/27 12:16:22.512] - eth_getBalance
[2020/03/27 12:16:22.565] - eth_getTransactionCount
[2020/03/27 12:16:22.616] - eth_getBalance
[2020/03/27 12:16:22.668] - eth_getTransactionCount
[2020/03/27 12:16:24.093] - eth_getTransactionReceipt
[2020/03/27 12:16:24.341] - eth_blockNumber
[2020/03/27 12:16:24.422] - eth_getBlockByNumber
[2020/03/27 12:16:24.432] - eth_getBlockByNumber
[2020/03/27 12:16:24.444] - eth_getLogs
[2020/03/27 12:16:24.449] - eth_getLogs
[2020/03/27 12:16:24.463] - eth_call
[2020/03/27 12:16:24.480] - eth_call
[2020/03/27 12:16:24.483] - eth_call
[2020/03/27 12:16:24.484] - eth_call
[2020/03/27 12:16:24.493] - eth_call
[2020/03/27 12:16:24.503] - eth_call
[2020/03/27 12:16:24.566] - eth_getTransactionReceipt
[2020/03/27 12:16:24.638] - eth_getBalance
[2020/03/27 12:16:25.110] - eth_getTransactionCount
[2020/03/27 12:16:28.644] - eth_call
[2020/03/27 12:16:30.118] - eth_blockNumber
[2020/03/27 12:16:30.147] - eth_getBlockByNumber
[2020/03/27 12:16:38.916] - eth_blockNumber
[2020/03/27 12:16:50.153] - eth_blockNumber
[2020/03/27 12:16:58.930] - eth_blockNumber
[2020/03/27 12:17:10.168] - eth_blockNumber
[2020/03/27 12:17:16.890] - eth_gasPrice
[2020/03/27 12:17:16.968] - eth_getCode
[2020/03/27 12:17:17.243] - eth_estimateGas
[2020/03/27 12:17:19.415] - eth_blockNumber
[2020/03/27 12:17:22.166] - eth_sendRawTransaction
[2020/03/27 12:17:22.347] - 
[2020/03/27 12:17:22.348] -   Transaction: 0x8c8ea71c5671bc1b6c388ac5dfdce9e5c341f4789998d80bdf95796ef221710a
[2020/03/27 12:17:22.348] -   Gas usage: 287369
[2020/03/27 12:17:22.348] -   Block Number: 233
[2020/03/27 12:17:22.348] -   Block Time: Fri Mar 27 2020 12:17:22 GMT+0000 (GMT)
[2020/03/27 12:17:22.348] - 
[2020/03/27 12:17:22.353] - eth_getBlockByNumber
[2020/03/27 12:17:22.549] - eth_getBalance
[2020/03/27 12:17:22.613] - eth_getTransactionCount
[2020/03/27 12:17:22.665] - eth_getBalance
[2020/03/27 12:17:22.722] - eth_getTransactionCount
[2020/03/27 12:17:22.780] - eth_getBalance
[2020/03/27 12:17:22.831] - eth_getTransactionCount
[2020/03/27 12:17:22.883] - eth_getBalance
[2020/03/27 12:17:22.937] - eth_getTransactionCount
[2020/03/27 12:17:22.988] - eth_getBalance
[2020/03/27 12:17:23.044] - eth_getTransactionCount
[2020/03/27 12:17:23.093] - eth_getBalance
[2020/03/27 12:17:23.188] - eth_getTransactionCount
[2020/03/27 12:17:23.243] - eth_getBalance
[2020/03/27 12:17:23.299] - eth_getTransactionCount
[2020/03/27 12:17:23.355] - eth_getBalance
[2020/03/27 12:17:23.404] - eth_getTransactionCount
[2020/03/27 12:17:23.456] - eth_getBalance
[2020/03/27 12:17:23.508] - eth_getTransactionCount
[2020/03/27 12:17:23.577] - eth_getBalance
[2020/03/27 12:17:23.641] - eth_getTransactionCount
[2020/03/27 12:17:25.765] - eth_getTransactionReceipt
[2020/03/27 12:17:25.998] - eth_blockNumber
[2020/03/27 12:17:26.628] - eth_getBlockByNumber
[2020/03/27 12:17:26.648] - eth_getBlockByNumber
[2020/03/27 12:17:26.662] - eth_call
[2020/03/27 12:17:26.715] - eth_call
[2020/03/27 12:17:26.717] - eth_call
[2020/03/27 12:17:26.728] - eth_getLogs
[2020/03/27 12:17:26.730] - eth_getLogs
[2020/03/27 12:17:26.743] - eth_call
[2020/03/27 12:17:26.788] - eth_call
[2020/03/27 12:17:26.854] - eth_call
[2020/03/27 12:17:26.929] - eth_getTransactionReceipt
[2020/03/27 12:17:27.343] - eth_getTransactionCount
[2020/03/27 12:17:29.674] - eth_getBalance
[2020/03/27 12:17:30.180] - eth_blockNumber
[2020/03/27 12:17:30.190] - eth_getBlockByNumber
[2020/03/27 12:17:31.096] - eth_call
[2020/03/27 12:17:31.340] - eth_call
[2020/03/27 12:17:39.712] - eth_blockNumber
[2020/03/27 12:17:50.191] - eth_blockNumber
[2020/03/27 12:17:59.730] - eth_blockNumber
[2020/03/27 12:18:10.208] - eth_blockNumber
[2020/03/27 12:18:19.746] - eth_blockNumber
[2020/03/27 12:18:30.229] - eth_blockNumber
[2020/03/27 12:18:39.763] - eth_blockNumber
[2020/03/27 12:18:50.243] - eth_blockNumber
[2020/03/27 12:18:59.780] - eth_blockNumber
[2020/03/27 12:19:10.255] - eth_blockNumber
[2020/03/27 12:19:19.795] - eth_blockNumber
[2020/03/27 12:19:30.272] - eth_blockNumber
[2020/03/27 12:19:39.811] - eth_blockNumber
[2020/03/27 12:19:50.288] - eth_blockNumber
[2020/03/27 12:19:59.825] - eth_blockNumber
[2020/03/27 12:20:10.301] - eth_blockNumber
[2020/03/27 12:20:19.846] - eth_blockNumber
[2020/03/27 12:20:30.315] - eth_blockNumber
[2020/03/27 12:20:39.863] - eth_blockNumber
[2020/03/27 12:20:50.325] - eth_blockNumber
[2020/03/27 12:20:59.875] - eth_blockNumber
[2020/03/27 12:21:10.338] - eth_blockNumber
[2020/03/27 12:21:19.889] - eth_blockNumber
[2020/03/27 12:21:30.351] - eth_blockNumber
[2020/03/27 12:21:39.903] - eth_blockNumber
[2020/03/27 12:21:50.363] - eth_blockNumber
[2020/03/27 12:21:59.916] - eth_blockNumber
[2020/03/27 12:22:10.372] - eth_blockNumber
[2020/03/27 12:22:19.930] - eth_blockNumber
[2020/03/27 12:22:30.389] - eth_blockNumber
[2020/03/27 12:22:39.945] - eth_blockNumber
[2020/03/27 12:22:50.409] - eth_blockNumber
[2020/03/27 12:22:59.964] - eth_blockNumber
[2020/03/27 12:23:10.423] - eth_blockNumber
[2020/03/27 12:23:19.981] - eth_blockNumber
[2020/03/27 12:23:30.439] - eth_blockNumber
[2020/03/27 12:23:39.999] - eth_blockNumber
[2020/03/27 12:23:50.453] - eth_blockNumber
[2020/03/27 12:24:00.014] - eth_blockNumber
[2020/03/27 12:24:10.465] - eth_blockNumber
[2020/03/27 12:24:20.029] - eth_blockNumber
[2020/03/27 12:24:30.478] - eth_blockNumber
[2020/03/27 12:24:40.048] - eth_blockNumber
[2020/03/27 12:24:50.490] - eth_blockNumber
[2020/03/27 12:25:00.067] - eth_blockNumber
[2020/03/27 12:25:10.507] - eth_blockNumber
[2020/03/27 12:25:20.080] - eth_blockNumber
[2020/03/27 12:25:30.520] - eth_blockNumber
[2020/03/27 12:25:40.093] - eth_blockNumber
[2020/03/27 12:25:50.536] - eth_blockNumber
[2020/03/27 12:26:00.107] - eth_blockNumber
[2020/03/27 12:26:10.548] - eth_blockNumber
[2020/03/27 12:26:20.120] - eth_blockNumber
[2020/03/27 12:26:30.560] - eth_blockNumber
[2020/03/27 12:26:40.133] - eth_blockNumber
[2020/03/27 12:26:50.573] - eth_blockNumber
[2020/03/27 12:27:00.145] - eth_blockNumber
[2020/03/27 12:27:10.586] - eth_blockNumber
[2020/03/27 12:27:20.157] - eth_blockNumber
[2020/03/27 12:27:30.601] - eth_blockNumber
[2020/03/27 12:27:40.170] - eth_blockNumber
[2020/03/27 12:27:50.616] - eth_blockNumber
[2020/03/27 12:28:00.185] - eth_blockNumber
[2020/03/27 12:28:10.628] - eth_blockNumber
[2020/03/27 12:28:20.198] - eth_blockNumber
[2020/03/27 12:28:30.640] - eth_blockNumber
[2020/03/27 12:28:40.210] - eth_blockNumber
[2020/03/27 12:28:50.651] - eth_blockNumber
[2020/03/27 12:29:00.223] - eth_blockNumber
[2020/03/27 12:29:10.664] - eth_blockNumber
[2020/03/27 12:29:20.235] - eth_blockNumber
[2020/03/27 12:29:30.674] - eth_blockNumber
[2020/03/27 12:29:40.247] - eth_blockNumber
[2020/03/27 12:29:50.686] - eth_blockNumber
[2020/03/27 12:30:00.256] - eth_blockNumber
[2020/03/27 12:30:10.700] - eth_blockNumber
[2020/03/27 12:30:20.264] - eth_blockNumber
[2020/03/27 12:30:30.712] - eth_blockNumber
[2020/03/27 12:30:40.273] - eth_blockNumber
[2020/03/27 12:30:50.725] - eth_blockNumber
[2020/03/27 12:31:00.285] - eth_blockNumber
[2020/03/27 12:31:10.740] - eth_blockNumber
[2020/03/27 12:31:20.297] - eth_blockNumber
[2020/03/27 12:31:30.754] - eth_blockNumber
[2020/03/27 12:31:40.309] - eth_blockNumber
[2020/03/27 12:31:50.765] - eth_blockNumber
[2020/03/27 12:32:00.320] - eth_blockNumber
[2020/03/27 12:32:10.778] - eth_blockNumber
[2020/03/27 12:32:20.330] - eth_blockNumber
[2020/03/27 12:32:30.788] - eth_blockNumber
[2020/03/27 12:32:40.341] - eth_blockNumber
[2020/03/27 12:32:50.800] - eth_blockNumber
[2020/03/27 12:33:00.351] - eth_blockNumber
[2020/03/27 12:33:10.813] - eth_blockNumber
[2020/03/27 12:33:20.363] - eth_blockNumber
[2020/03/27 12:33:30.823] - eth_blockNumber
[2020/03/27 12:33:40.379] - eth_blockNumber
[2020/03/27 12:33:50.841] - eth_blockNumber
[2020/03/27 12:34:00.398] - eth_blockNumber
[2020/03/27 12:34:10.853] - eth_blockNumber
[2020/03/27 12:34:20.411] - eth_blockNumber
[2020/03/27 12:34:30.866] - eth_blockNumber
[2020/03/27 12:34:40.423] - eth_blockNumber
[2020/03/27 12:34:50.878] - eth_blockNumber
[2020/03/27 12:35:00.444] - eth_blockNumber
[2020/03/27 12:35:10.891] - eth_blockNumber
[2020/03/27 12:35:20.459] - eth_blockNumber
[2020/03/27 12:35:30.903] - eth_blockNumber
[2020/03/27 12:35:40.472] - eth_blockNumber
[2020/03/27 12:35:50.916] - eth_blockNumber
[2020/03/27 12:36:00.548] - eth_blockNumber
[2020/03/27 12:36:10.929] - eth_blockNumber
[2020/03/27 12:36:20.578] - eth_blockNumber
[2020/03/27 12:36:30.951] - eth_blockNumber
[2020/03/27 12:36:40.595] - eth_blockNumber
[2020/03/27 12:36:50.976] - eth_blockNumber
[2020/03/27 12:37:00.643] - eth_blockNumber
[2020/03/27 12:37:10.991] - eth_blockNumber
[2020/03/27 12:37:20.657] - eth_blockNumber
[2020/03/27 12:37:31.006] - eth_blockNumber
[2020/03/27 12:37:40.669] - eth_blockNumber
[2020/03/27 12:37:51.020] - eth_blockNumber
[2020/03/27 12:38:00.684] - eth_blockNumber
[2020/03/27 12:38:11.031] - eth_blockNumber
[2020/03/27 12:38:20.696] - eth_blockNumber
[2020/03/27 12:38:31.043] - eth_blockNumber
[2020/03/27 12:38:40.708] - eth_blockNumber
[2020/03/27 12:38:51.060] - eth_blockNumber
[2020/03/27 12:39:00.735] - eth_blockNumber
[2020/03/27 12:39:11.077] - eth_blockNumber
[2020/03/27 12:39:20.757] - eth_blockNumber
[2020/03/27 12:39:31.092] - eth_blockNumber
[2020/03/27 12:39:40.770] - eth_blockNumber
[2020/03/27 12:39:51.106] - eth_blockNumber
[2020/03/27 12:40:00.783] - eth_blockNumber
[2020/03/27 12:40:11.115] - eth_blockNumber
[2020/03/27 12:40:20.797] - eth_blockNumber
[2020/03/27 12:40:31.126] - eth_blockNumber
[2020/03/27 12:40:40.807] - eth_blockNumber
[2020/03/27 12:40:51.140] - eth_blockNumber
[2020/03/27 12:41:00.820] - eth_blockNumber
[2020/03/27 12:41:11.156] - eth_blockNumber
[2020/03/27 12:41:20.834] - eth_blockNumber
[2020/03/27 12:41:31.171] - eth_blockNumber
[2020/03/27 12:41:40.853] - eth_blockNumber
[2020/03/27 12:41:51.187] - eth_blockNumber
[2020/03/27 12:42:00.866] - eth_blockNumber
[2020/03/27 12:42:11.202] - eth_blockNumber
[2020/03/27 12:42:20.885] - eth_blockNumber
[2020/03/27 12:42:31.216] - eth_blockNumber
[2020/03/27 12:42:40.899] - eth_blockNumber
[2020/03/27 12:42:51.228] - eth_blockNumber
[2020/03/27 12:43:00.911] - eth_blockNumber
[2020/03/27 12:43:11.246] - eth_blockNumber
[2020/03/27 12:43:20.927] - eth_blockNumber
[2020/03/27 12:43:31.268] - eth_blockNumber
[2020/03/27 12:43:40.944] - eth_blockNumber
[2020/03/27 12:43:51.288] - eth_blockNumber
[2020/03/27 12:44:00.962] - eth_blockNumber
[2020/03/27 12:44:11.306] - eth_blockNumber
[2020/03/27 12:44:20.976] - eth_blockNumber
[2020/03/27 12:44:31.324] - eth_blockNumber
[2020/03/27 12:44:40.993] - eth_blockNumber
[2020/03/27 12:44:51.342] - eth_blockNumber
[2020/03/27 12:45:01.055] - eth_blockNumber
[2020/03/27 12:45:11.355] - eth_blockNumber
[2020/03/27 12:45:21.073] - eth_blockNumber
[2020/03/27 12:45:31.370] - eth_blockNumber
[2020/03/27 12:45:41.088] - eth_blockNumber
[2020/03/27 12:45:51.387] - eth_blockNumber
[2020/03/27 12:46:01.101] - eth_blockNumber
[2020/03/27 12:46:11.395] - eth_blockNumber
[2020/03/27 12:46:21.109] - eth_blockNumber
