[2020/03/25 11:38:30.965] - Starting server (version 2.1.2) with initial configuration: {"gasLimit":6721975,"gasPrice":20000000000,"hardfork":"petersburg","hostname":"127.0.0.1","port":7545,"network_id":5777,"default_balance_ether":100,"total_accounts":10,"unlocked_accounts":[],"locked":false,"vmErrorsOnRPCResponse":true,"verbose":false,"db_path":"/home/nash/.config/Ganache/workspaces/identity-wallet/chaindata","logDirectory":"/home/nash/Documents/Projects/Blockchain/Project/identity-wallet/wallet-web-app/logs"}
[2020/03/25 11:38:31.336] - eth_getCode
[2020/03/25 11:38:31.337] - eth_subscribe
[2020/03/25 11:38:31.337] - eth_getLogs
[2020/03/25 11:38:31.338] - eth_subscribe
[2020/03/25 11:38:31.343] - eth_getCode
[2020/03/25 11:38:31.390] - eth_getCode
[2020/03/25 11:38:31.400] - eth_getCode
[2020/03/25 11:38:31.406] - eth_getCode
[2020/03/25 11:38:32.013] - eth_blockNumber
[2020/03/25 11:38:32.014] - eth_accounts
[2020/03/25 11:38:32.014] - eth_gasPrice
[2020/03/25 11:38:32.014] - eth_getBlockByNumber
[2020/03/25 11:38:32.014] - eth_subscribe
[2020/03/25 11:38:32.135] - eth_accounts
[2020/03/25 11:38:32.272] - eth_getBalance
[2020/03/25 11:38:32.308] - eth_getTransactionCount
[2020/03/25 11:38:32.345] - eth_getBalance
[2020/03/25 11:38:32.381] - eth_getTransactionCount
[2020/03/25 11:38:32.417] - eth_getBalance
[2020/03/25 11:38:32.450] - eth_getTransactionCount
[2020/03/25 11:38:32.484] - eth_getBalance
[2020/03/25 11:38:32.517] - eth_getTransactionCount
[2020/03/25 11:38:32.541] - eth_getBalance
[2020/03/25 11:38:32.574] - eth_getTransactionCount
[2020/03/25 11:38:32.607] - eth_getBalance
[2020/03/25 11:38:32.640] - eth_getTransactionCount
[2020/03/25 11:38:32.674] - eth_getBalance
[2020/03/25 11:38:32.682] - eth_blockNumber
[2020/03/25 11:38:32.690] - eth_getBlockByNumber
[2020/03/25 11:38:32.695] - eth_getBlockByNumber
[2020/03/25 11:38:32.695] - eth_getBlockByNumber
[2020/03/25 11:38:32.696] - eth_getBlockByNumber
[2020/03/25 11:38:32.697] - eth_getBlockByNumber
[2020/03/25 11:38:32.700] - eth_getBlockByNumber
[2020/03/25 11:38:32.701] - eth_getBlockByNumber
[2020/03/25 11:38:32.701] - eth_getBlockByNumber
[2020/03/25 11:38:32.708] - eth_getBlockByNumber
[2020/03/25 11:38:32.711] - eth_getLogs
[2020/03/25 11:38:32.714] - eth_getLogs
[2020/03/25 11:38:32.716] - eth_getTransactionCount
[2020/03/25 11:38:32.753] - eth_getBalance
[2020/03/25 11:38:32.787] - eth_getTransactionCount
[2020/03/25 11:38:32.805] - eth_getBlockByNumber
[2020/03/25 11:38:32.815] - eth_getBlockByNumber
[2020/03/25 11:38:32.828] - eth_getBalance
[2020/03/25 11:38:32.835] - eth_getBlockByNumber
[2020/03/25 11:38:32.838] - eth_getBlockByNumber
[2020/03/25 11:38:32.841] - eth_getBlockByNumber
[2020/03/25 11:38:32.845] - eth_getBlockByNumber
[2020/03/25 11:38:32.846] - eth_getBlockByNumber
[2020/03/25 11:38:32.873] - eth_getTransactionCount
[2020/03/25 11:38:32.909] - eth_getBalance
[2020/03/25 11:38:32.943] - eth_getTransactionCount
[2020/03/25 11:38:33.877] - eth_getBalance
[2020/03/25 11:38:33.912] - eth_getTransactionCount
[2020/03/25 11:38:33.946] - eth_getBalance
[2020/03/25 11:38:33.979] - eth_getTransactionCount
[2020/03/25 11:38:34.012] - eth_getBalance
[2020/03/25 11:38:34.045] - eth_getTransactionCount
[2020/03/25 11:38:34.079] - eth_getBalance
[2020/03/25 11:38:34.113] - eth_getTransactionCount
[2020/03/25 11:38:34.146] - eth_getBalance
[2020/03/25 11:38:34.179] - eth_getTransactionCount
[2020/03/25 11:38:34.212] - eth_getBalance
[2020/03/25 11:38:34.231] - eth_blockNumber
[2020/03/25 11:38:34.236] - eth_getBlockByNumber
[2020/03/25 11:38:34.251] - eth_getTransactionCount
[2020/03/25 11:38:34.276] - eth_getBalance
[2020/03/25 11:38:34.308] - eth_getTransactionCount
[2020/03/25 11:38:34.342] - eth_getBalance
[2020/03/25 11:38:34.376] - eth_getTransactionCount
[2020/03/25 11:38:34.411] - eth_getBalance
[2020/03/25 11:38:34.447] - eth_getTransactionCount
[2020/03/25 11:38:34.482] - eth_getBalance
[2020/03/25 11:38:34.517] - eth_getTransactionCount
[2020/03/25 11:38:36.606] - eth_getBalance
[2020/03/25 11:38:38.449] - eth_getBalance
[2020/03/25 11:38:38.847] - net_version
[2020/03/25 11:38:38.853] - eth_getCode
[2020/03/25 11:38:38.857] - eth_getBlockByNumber
[2020/03/25 11:38:38.860] - eth_getBalance
[2020/03/25 11:38:38.863] - eth_getTransactionCount
[2020/03/25 11:38:38.873] - eth_getStorageAt
[2020/03/25 11:38:46.336] - net_version
[2020/03/25 11:38:46.526] - eth_getLogs
[2020/03/25 11:38:46.528] - eth_getLogs
[2020/03/25 11:38:46.530] - eth_getLogs
[2020/03/25 11:38:46.533] - eth_getLogs
[2020/03/25 11:38:46.536] - eth_call
[2020/03/25 11:38:52.698] - eth_blockNumber
[2020/03/25 11:38:54.241] - eth_blockNumber
[2020/03/25 11:39:12.724] - eth_blockNumber
[2020/03/25 11:39:14.254] - eth_blockNumber
[2020/03/25 11:39:31.009] - eth_gasPrice
[2020/03/25 11:39:31.153] - eth_getCode
[2020/03/25 11:39:31.338] - eth_estimateGas
[2020/03/25 11:39:32.750] - eth_blockNumber
[2020/03/25 11:39:33.390] - eth_getTransactionCount
[2020/03/25 11:39:34.269] - eth_blockNumber
[2020/03/25 11:39:36.085] - eth_sendRawTransaction
[2020/03/25 11:39:36.157] - 
[2020/03/25 11:39:36.157] -   Transaction: 0xa76beb4b62904b22b1c513b547766c89c64baf363a60cb27e21a47a801212269
[2020/03/25 11:39:36.157] -   Gas usage: 302177
[2020/03/25 11:39:36.158] -   Block Number: 203
[2020/03/25 11:39:36.158] -   Block Time: Wed Mar 25 2020 11:39:36 GMT+0000 (GMT)
[2020/03/25 11:39:36.158] - 
[2020/03/25 11:39:36.160] - eth_getBlockByNumber
[2020/03/25 11:39:36.273] - eth_getBalance
[2020/03/25 11:39:36.326] - eth_getTransactionCount
[2020/03/25 11:39:36.381] - eth_getBalance
[2020/03/25 11:39:36.433] - eth_getTransactionCount
[2020/03/25 11:39:36.485] - eth_getBalance
[2020/03/25 11:39:36.540] - eth_getTransactionCount
[2020/03/25 11:39:36.589] - eth_getBalance
[2020/03/25 11:39:36.638] - eth_getTransactionCount
[2020/03/25 11:39:36.686] - eth_getBalance
[2020/03/25 11:39:36.739] - eth_getTransactionCount
[2020/03/25 11:39:36.832] - eth_getBalance
[2020/03/25 11:39:36.901] - eth_getTransactionCount
[2020/03/25 11:39:36.950] - eth_getBalance
[2020/03/25 11:39:37.001] - eth_getTransactionCount
[2020/03/25 11:39:37.023] - eth_getTransactionReceipt
[2020/03/25 11:39:37.069] - eth_getBalance
[2020/03/25 11:39:37.119] - eth_getTransactionCount
[2020/03/25 11:39:37.166] - eth_getBalance
[2020/03/25 11:39:37.209] - eth_getTransactionCount
[2020/03/25 11:39:37.251] - eth_getBalance
[2020/03/25 11:39:37.295] - eth_getTransactionCount
[2020/03/25 11:39:37.625] - eth_blockNumber
[2020/03/25 11:39:37.686] - eth_getBlockByNumber
[2020/03/25 11:39:37.689] - eth_getBlockByNumber
[2020/03/25 11:39:37.694] - eth_getLogs
[2020/03/25 11:39:37.695] - eth_getLogs
[2020/03/25 11:39:37.744] - eth_getTransactionReceipt
[2020/03/25 11:39:37.815] - eth_getTransactionCount
[2020/03/25 11:39:37.858] - eth_call
[2020/03/25 11:39:38.040] - eth_call
[2020/03/25 11:39:41.869] - eth_getBalance
[2020/03/25 11:39:52.983] - eth_blockNumber
[2020/03/25 11:39:53.416] - eth_gasPrice
[2020/03/25 11:39:53.492] - eth_getCode
[2020/03/25 11:39:53.650] - eth_estimateGas
[2020/03/25 11:39:54.279] - eth_blockNumber
[2020/03/25 11:39:54.285] - eth_getBlockByNumber
[2020/03/25 11:39:57.823] - eth_sendRawTransaction
[2020/03/25 11:39:57.841] - 
[2020/03/25 11:39:57.841] -   Transaction: 0x3714af796e0a61e3aaa091f81f0cfb62e5a47c620d020e2594d36f1cd9bf0760
[2020/03/25 11:39:57.841] -   Gas usage: 27041
[2020/03/25 11:39:57.841] -   Block Number: 204
[2020/03/25 11:39:57.841] -   Block Time: Wed Mar 25 2020 11:39:57 GMT+0000 (GMT)
[2020/03/25 11:39:57.841] - 
[2020/03/25 11:39:57.842] - eth_getBlockByNumber
[2020/03/25 11:39:57.962] - eth_getBalance
[2020/03/25 11:39:58.009] - eth_getTransactionCount
[2020/03/25 11:39:58.058] - eth_getBalance
[2020/03/25 11:39:58.109] - eth_getTransactionCount
[2020/03/25 11:39:58.161] - eth_getBalance
[2020/03/25 11:39:58.200] - eth_getTransactionCount
[2020/03/25 11:39:58.238] - eth_getBalance
[2020/03/25 11:39:58.274] - eth_getTransactionCount
[2020/03/25 11:39:58.311] - eth_getBalance
[2020/03/25 11:39:58.349] - eth_getTransactionCount
[2020/03/25 11:39:58.387] - eth_getBalance
[2020/03/25 11:39:58.430] - eth_getTransactionCount
[2020/03/25 11:39:58.468] - eth_getBalance
[2020/03/25 11:39:58.503] - eth_getTransactionCount
[2020/03/25 11:39:58.542] - eth_getBalance
[2020/03/25 11:39:58.585] - eth_getTransactionReceipt
[2020/03/25 11:39:58.592] - eth_getTransactionCount
[2020/03/25 11:39:58.665] - eth_getBalance
[2020/03/25 11:39:58.715] - eth_getTransactionCount
[2020/03/25 11:39:58.749] - eth_blockNumber
[2020/03/25 11:39:58.760] - eth_getBlockByNumber
[2020/03/25 11:39:58.764] - eth_getBalance
[2020/03/25 11:39:58.765] - eth_getBlockByNumber
[2020/03/25 11:39:58.768] - eth_call
[2020/03/25 11:39:58.772] - eth_getLogs
[2020/03/25 11:39:58.778] - eth_getLogs
[2020/03/25 11:39:58.809] - eth_getTransactionCount
[2020/03/25 11:39:58.832] - eth_getTransactionReceipt
[2020/03/25 11:39:58.937] - eth_getTransactionCount
[2020/03/25 11:39:59.109] - eth_call
[2020/03/25 11:40:01.946] - eth_getBalance
[2020/03/25 11:40:12.999] - eth_blockNumber
[2020/03/25 11:40:14.290] - eth_blockNumber
[2020/03/25 11:40:14.302] - eth_getBlockByNumber
[2020/03/25 11:40:15.820] - eth_getBalance
[2020/03/25 11:40:15.934] - eth_getTransactionByHash
[2020/03/25 11:40:16.071] - eth_getTransactionReceipt
[2020/03/25 11:40:16.203] - eth_getTransactionByHash
[2020/03/25 11:40:16.331] - eth_getTransactionReceipt
[2020/03/25 11:40:16.462] - eth_getBlockByNumber
[2020/03/25 11:40:16.873] - net_version
[2020/03/25 11:40:16.879] - eth_getCode
[2020/03/25 11:40:17.270] - net_version
[2020/03/25 11:40:17.275] - eth_getCode
[2020/03/25 11:40:17.279] - eth_getBlockByNumber
[2020/03/25 11:40:17.283] - eth_getBalance
[2020/03/25 11:40:17.286] - eth_getTransactionCount
[2020/03/25 11:40:17.291] - eth_getStorageAt
[2020/03/25 11:40:29.116] - eth_getBlockByNumber
[2020/03/25 11:40:29.329] - eth_getBlockByNumber
[2020/03/25 11:40:29.406] - net_version
[2020/03/25 11:40:29.411] - eth_getCode
[2020/03/25 11:40:29.520] - eth_getBlockByNumber
[2020/03/25 11:40:29.765] - eth_getTransactionReceipt
[2020/03/25 11:40:29.828] - net_version
[2020/03/25 11:40:29.830] - eth_getCode
[2020/03/25 11:40:29.898] - eth_getBlockByNumber
[2020/03/25 11:40:30.111] - eth_getTransactionReceipt
[2020/03/25 11:40:30.258] - eth_getBlockByNumber
[2020/03/25 11:40:30.366] - eth_getTransactionReceipt
[2020/03/25 11:40:30.496] - eth_getBlockByNumber
[2020/03/25 11:40:30.595] - eth_getTransactionReceipt
[2020/03/25 11:40:30.729] - eth_getBlockByNumber
[2020/03/25 11:40:30.879] - eth_getTransactionReceipt
[2020/03/25 11:40:31.074] - eth_getBlockByNumber
[2020/03/25 11:40:31.183] - eth_getTransactionReceipt
[2020/03/25 11:40:31.332] - eth_getBlockByNumber
[2020/03/25 11:40:31.436] - eth_getTransactionReceipt
[2020/03/25 11:40:31.564] - eth_getBlockByNumber
[2020/03/25 11:40:31.662] - eth_getTransactionReceipt
[2020/03/25 11:40:31.788] - eth_getBlockByNumber
[2020/03/25 11:40:31.891] - eth_getTransactionReceipt
[2020/03/25 11:40:33.015] - eth_blockNumber
[2020/03/25 11:40:34.302] - eth_blockNumber
[2020/03/25 11:40:37.398] - net_version
[2020/03/25 11:40:37.401] - eth_getCode
[2020/03/25 11:40:37.747] - net_version
[2020/03/25 11:40:37.751] - eth_getCode
[2020/03/25 11:40:37.755] - eth_getBlockByNumber
[2020/03/25 11:40:37.762] - eth_getBalance
[2020/03/25 11:40:37.765] - eth_getTransactionCount
[2020/03/25 11:40:37.771] - eth_getStorageAt
[2020/03/25 11:40:39.260] - net_version
[2020/03/25 11:40:39.262] - eth_getCode
[2020/03/25 11:40:39.826] - net_version
[2020/03/25 11:40:39.830] - eth_getCode
[2020/03/25 11:40:41.677] - net_version
[2020/03/25 11:40:41.680] - eth_getCode
[2020/03/25 11:40:42.062] - net_version
[2020/03/25 11:40:42.065] - eth_getCode
[2020/03/25 11:40:42.069] - eth_getBlockByNumber
[2020/03/25 11:40:42.073] - eth_getBalance
[2020/03/25 11:40:42.079] - eth_getTransactionCount
[2020/03/25 11:40:42.082] - eth_getStorageAt
[2020/03/25 11:40:44.575] - net_version
[2020/03/25 11:40:44.577] - eth_getCode
[2020/03/25 11:40:53.034] - eth_blockNumber
[2020/03/25 11:40:53.960] - net_version
[2020/03/25 11:40:53.963] - eth_getCode
[2020/03/25 11:40:54.313] - eth_blockNumber
[2020/03/25 11:40:54.317] - net_version
[2020/03/25 11:40:54.320] - eth_getCode
[2020/03/25 11:40:54.325] - eth_getBlockByNumber
[2020/03/25 11:40:54.331] - eth_getBalance
[2020/03/25 11:40:54.335] - eth_getTransactionCount
[2020/03/25 11:40:54.342] - eth_getStorageAt
[2020/03/25 11:41:05.112] - net_version
[2020/03/25 11:41:05.115] - eth_getCode
[2020/03/25 11:41:05.704] - net_version
[2020/03/25 11:41:05.708] - eth_getCode
[2020/03/25 11:41:13.050] - eth_blockNumber
[2020/03/25 11:41:14.324] - eth_blockNumber
[2020/03/25 11:41:33.067] - eth_blockNumber
[2020/03/25 11:41:34.337] - eth_blockNumber
[2020/03/25 11:41:35.898] - net_version
[2020/03/25 11:41:35.901] - eth_getCode
[2020/03/25 11:41:36.282] - net_version
[2020/03/25 11:41:36.284] - eth_getCode
[2020/03/25 11:41:36.288] - eth_getBlockByNumber
[2020/03/25 11:41:36.291] - eth_getBalance
[2020/03/25 11:41:36.297] - eth_getTransactionCount
[2020/03/25 11:41:36.303] - eth_getStorageAt
[2020/03/25 11:41:53.084] - eth_blockNumber
[2020/03/25 11:41:54.348] - eth_blockNumber
[2020/03/25 11:42:13.100] - eth_blockNumber
[2020/03/25 11:42:14.361] - eth_blockNumber
[2020/03/25 11:42:33.116] - eth_blockNumber
[2020/03/25 11:42:34.375] - eth_blockNumber
[2020/03/25 11:42:53.133] - eth_blockNumber
[2020/03/25 11:42:54.388] - eth_blockNumber
[2020/03/25 11:43:13.148] - eth_blockNumber
[2020/03/25 11:43:14.400] - eth_blockNumber
[2020/03/25 11:43:33.162] - eth_blockNumber
[2020/03/25 11:43:34.412] - eth_blockNumber
[2020/03/25 11:43:53.176] - eth_blockNumber
[2020/03/25 11:43:54.422] - eth_blockNumber
[2020/03/25 11:44:13.416] - eth_blockNumber
[2020/03/25 11:44:13.432] - net_version
[2020/03/25 11:44:13.628] - eth_getLogs
[2020/03/25 11:44:13.635] - eth_getLogs
[2020/03/25 11:44:14.434] - eth_blockNumber
[2020/03/25 11:44:33.432] - eth_blockNumber
[2020/03/25 11:44:34.444] - eth_blockNumber
[2020/03/25 11:44:53.447] - eth_blockNumber
[2020/03/25 11:44:54.453] - eth_blockNumber
[2020/03/25 11:45:13.466] - eth_blockNumber
[2020/03/25 11:45:14.466] - eth_blockNumber
[2020/03/25 11:45:33.483] - eth_blockNumber
[2020/03/25 11:45:34.480] - eth_blockNumber
[2020/03/25 11:45:53.499] - eth_blockNumber
[2020/03/25 11:45:54.493] - eth_blockNumber
[2020/03/25 11:46:13.278] - net_version
[2020/03/25 11:46:13.507] - eth_blockNumber
[2020/03/25 11:46:14.504] - eth_blockNumber
[2020/03/25 11:46:33.514] - eth_blockNumber
[2020/03/25 11:46:34.517] - eth_blockNumber
[2020/03/25 11:46:53.525] - eth_blockNumber
[2020/03/25 11:46:54.528] - eth_blockNumber
[2020/03/25 11:47:13.541] - eth_blockNumber
[2020/03/25 11:47:14.542] - eth_blockNumber
[2020/03/25 11:47:33.557] - eth_blockNumber
[2020/03/25 11:47:34.555] - eth_blockNumber
[2020/03/25 11:47:53.572] - eth_blockNumber
[2020/03/25 11:47:54.568] - eth_blockNumber
[2020/03/25 11:48:13.591] - eth_blockNumber
[2020/03/25 11:48:14.583] - eth_blockNumber
[2020/03/25 11:48:33.604] - eth_blockNumber
[2020/03/25 11:48:34.595] - eth_blockNumber
[2020/03/25 11:48:53.618] - eth_blockNumber
[2020/03/25 11:48:54.607] - eth_blockNumber
[2020/03/25 11:49:13.632] - eth_blockNumber
[2020/03/25 11:49:14.618] - eth_blockNumber
[2020/03/25 11:49:33.646] - eth_blockNumber
[2020/03/25 11:49:34.629] - eth_blockNumber
[2020/03/25 11:49:53.659] - eth_blockNumber
[2020/03/25 11:49:54.641] - eth_blockNumber
[2020/03/25 11:50:13.672] - eth_blockNumber
[2020/03/25 11:50:14.651] - eth_blockNumber
[2020/03/25 11:50:33.684] - eth_blockNumber
[2020/03/25 11:50:34.662] - eth_blockNumber
[2020/03/25 11:50:53.698] - eth_blockNumber
[2020/03/25 11:50:54.674] - eth_blockNumber
[2020/03/25 11:51:13.713] - eth_blockNumber
[2020/03/25 11:51:14.686] - eth_blockNumber
[2020/03/25 11:51:33.727] - eth_blockNumber
[2020/03/25 11:51:34.699] - eth_blockNumber
[2020/03/25 11:51:53.742] - eth_blockNumber
[2020/03/25 11:51:54.715] - eth_blockNumber
[2020/03/25 11:52:13.756] - eth_blockNumber
[2020/03/25 11:52:14.727] - eth_blockNumber
[2020/03/25 11:52:33.769] - eth_blockNumber
[2020/03/25 11:52:34.737] - eth_blockNumber
[2020/03/25 11:52:42.799] - net_version
[2020/03/25 11:52:53.783] - eth_blockNumber
[2020/03/25 11:52:54.750] - eth_blockNumber
[2020/03/25 11:53:13.796] - eth_blockNumber
[2020/03/25 11:53:14.761] - eth_blockNumber
[2020/03/25 11:53:33.810] - eth_blockNumber
[2020/03/25 11:53:34.773] - eth_blockNumber
[2020/03/25 11:53:53.823] - eth_blockNumber
[2020/03/25 11:53:54.787] - eth_blockNumber
[2020/03/25 11:54:13.836] - eth_blockNumber
[2020/03/25 11:54:14.798] - eth_blockNumber
[2020/03/25 11:54:33.847] - eth_blockNumber
[2020/03/25 11:54:34.809] - eth_blockNumber
[2020/03/25 11:54:53.858] - eth_blockNumber
[2020/03/25 11:54:54.817] - eth_blockNumber
[2020/03/25 11:55:13.873] - eth_blockNumber
[2020/03/25 11:55:14.827] - eth_blockNumber
[2020/03/25 11:55:33.889] - eth_blockNumber
[2020/03/25 11:55:34.840] - eth_blockNumber
[2020/03/25 11:55:53.898] - eth_blockNumber
[2020/03/25 11:55:54.850] - eth_blockNumber
[2020/03/25 11:56:13.911] - eth_blockNumber
[2020/03/25 11:56:14.860] - eth_blockNumber
[2020/03/25 11:56:33.924] - eth_blockNumber
[2020/03/25 11:56:34.873] - eth_blockNumber
[2020/03/25 11:56:53.934] - eth_blockNumber
[2020/03/25 11:56:54.883] - eth_blockNumber
[2020/03/25 11:57:13.947] - eth_blockNumber
[2020/03/25 11:57:14.896] - eth_blockNumber
[2020/03/25 11:57:33.958] - eth_blockNumber
[2020/03/25 11:57:34.908] - eth_blockNumber
[2020/03/25 11:57:53.969] - eth_blockNumber
[2020/03/25 11:57:54.919] - eth_blockNumber
[2020/03/25 11:58:13.985] - eth_blockNumber
[2020/03/25 11:58:14.927] - eth_blockNumber
[2020/03/25 11:58:33.999] - eth_blockNumber
[2020/03/25 11:58:34.939] - eth_blockNumber
[2020/03/25 11:58:54.011] - eth_blockNumber
[2020/03/25 11:58:54.950] - eth_blockNumber
[2020/03/25 11:59:14.026] - eth_blockNumber
[2020/03/25 11:59:14.962] - eth_blockNumber
[2020/03/25 11:59:34.039] - eth_blockNumber
[2020/03/25 11:59:34.973] - eth_blockNumber
[2020/03/25 11:59:54.049] - eth_blockNumber
[2020/03/25 11:59:54.987] - eth_blockNumber
[2020/03/25 12:00:14.062] - eth_blockNumber
[2020/03/25 12:00:14.997] - eth_blockNumber
[2020/03/25 12:00:34.077] - eth_blockNumber
[2020/03/25 12:00:35.007] - eth_blockNumber
[2020/03/25 12:00:54.091] - eth_blockNumber
[2020/03/25 12:00:55.016] - eth_blockNumber
[2020/03/25 12:01:14.106] - eth_blockNumber
[2020/03/25 12:01:15.023] - eth_blockNumber
[2020/03/25 12:01:34.122] - eth_blockNumber
[2020/03/25 12:01:35.034] - eth_blockNumber
[2020/03/25 12:01:54.135] - eth_blockNumber
[2020/03/25 12:01:55.046] - eth_blockNumber
[2020/03/25 12:02:14.149] - eth_blockNumber
[2020/03/25 12:02:15.054] - eth_blockNumber
[2020/03/25 12:02:34.161] - eth_blockNumber
[2020/03/25 12:02:35.063] - eth_blockNumber
[2020/03/25 12:02:54.170] - eth_blockNumber
[2020/03/25 12:02:55.076] - eth_blockNumber
[2020/03/25 12:03:14.181] - eth_blockNumber
[2020/03/25 12:03:15.088] - eth_blockNumber
[2020/03/25 12:03:34.194] - eth_blockNumber
[2020/03/25 12:03:35.099] - eth_blockNumber
[2020/03/25 12:03:54.207] - eth_blockNumber
[2020/03/25 12:03:55.113] - eth_blockNumber
[2020/03/25 12:04:14.219] - eth_blockNumber
[2020/03/25 12:04:15.125] - eth_blockNumber
[2020/03/25 12:04:34.229] - eth_blockNumber
[2020/03/25 12:04:35.139] - eth_blockNumber
[2020/03/25 12:04:54.242] - eth_blockNumber
[2020/03/25 12:04:55.149] - eth_blockNumber
[2020/03/25 12:05:14.256] - eth_blockNumber
[2020/03/25 12:05:15.161] - eth_blockNumber
[2020/03/25 12:05:34.270] - eth_blockNumber
[2020/03/25 12:05:35.173] - eth_blockNumber
[2020/03/25 12:05:54.278] - eth_blockNumber
[2020/03/25 12:05:55.182] - eth_blockNumber
[2020/03/25 12:05:57.679] - net_version
[2020/03/25 12:06:14.288] - eth_blockNumber
[2020/03/25 12:06:15.191] - eth_blockNumber
[2020/03/25 12:06:34.304] - eth_blockNumber
[2020/03/25 12:06:35.205] - eth_blockNumber
[2020/03/25 12:06:54.317] - eth_blockNumber
[2020/03/25 12:06:55.217] - eth_blockNumber
[2020/03/25 12:07:14.328] - eth_blockNumber
[2020/03/25 12:07:15.228] - eth_blockNumber
[2020/03/25 12:07:34.338] - eth_blockNumber
[2020/03/25 12:07:35.240] - eth_blockNumber
[2020/03/25 12:07:54.351] - eth_blockNumber
[2020/03/25 12:07:55.250] - eth_blockNumber
[2020/03/25 12:08:14.364] - eth_blockNumber
[2020/03/25 12:08:15.262] - eth_blockNumber
[2020/03/25 12:08:34.373] - eth_blockNumber
[2020/03/25 12:08:35.273] - eth_blockNumber
[2020/03/25 12:08:54.387] - eth_blockNumber
[2020/03/25 12:08:55.283] - eth_blockNumber
[2020/03/25 12:09:14.398] - eth_blockNumber
[2020/03/25 12:09:15.294] - eth_blockNumber
[2020/03/25 12:09:34.410] - eth_blockNumber
[2020/03/25 12:09:35.305] - eth_blockNumber
[2020/03/25 12:09:54.422] - eth_blockNumber
[2020/03/25 12:09:55.318] - eth_blockNumber
[2020/03/25 12:10:14.435] - eth_blockNumber
[2020/03/25 12:10:15.332] - eth_blockNumber
[2020/03/25 12:10:34.448] - eth_blockNumber
[2020/03/25 12:10:35.344] - eth_blockNumber
[2020/03/25 12:10:54.453] - eth_blockNumber
[2020/03/25 12:10:55.359] - eth_blockNumber
[2020/03/25 12:11:14.460] - eth_blockNumber
[2020/03/25 12:11:15.374] - eth_blockNumber
[2020/03/25 12:11:34.468] - eth_blockNumber
[2020/03/25 12:11:35.390] - eth_blockNumber
[2020/03/25 12:11:54.480] - eth_blockNumber
[2020/03/25 12:11:55.402] - eth_blockNumber
[2020/03/25 12:12:14.493] - eth_blockNumber
[2020/03/25 12:12:15.414] - eth_blockNumber
[2020/03/25 12:12:34.505] - eth_blockNumber
[2020/03/25 12:12:35.427] - eth_blockNumber
[2020/03/25 12:12:54.518] - eth_blockNumber
[2020/03/25 12:12:55.443] - eth_blockNumber
[2020/03/25 12:13:14.532] - eth_blockNumber
[2020/03/25 12:13:15.462] - eth_blockNumber
[2020/03/25 12:13:34.541] - eth_blockNumber
[2020/03/25 12:13:35.476] - eth_blockNumber
[2020/03/25 12:13:54.551] - eth_blockNumber
[2020/03/25 12:13:55.491] - eth_blockNumber
[2020/03/25 12:14:14.563] - eth_blockNumber
[2020/03/25 12:14:15.502] - eth_blockNumber
[2020/03/25 12:14:34.574] - eth_blockNumber
[2020/03/25 12:14:35.514] - eth_blockNumber
[2020/03/25 12:14:52.698] - net_version
[2020/03/25 12:14:54.589] - eth_blockNumber
[2020/03/25 12:14:55.527] - eth_blockNumber
[2020/03/25 12:15:14.628] - eth_blockNumber
[2020/03/25 12:15:14.634] - net_version
[2020/03/25 12:15:15.538] - eth_blockNumber
[2020/03/25 12:15:19.735] - eth_gasPrice
[2020/03/25 12:15:19.799] - eth_getCode
[2020/03/25 12:15:20.036] - eth_estimateGas
[2020/03/25 12:15:34.646] - eth_blockNumber
[2020/03/25 12:15:35.550] - eth_blockNumber
[2020/03/25 12:15:54.663] - eth_blockNumber
[2020/03/25 12:15:55.563] - eth_blockNumber
[2020/03/25 12:15:59.032] - net_version
[2020/03/25 12:16:14.678] - eth_blockNumber
[2020/03/25 12:16:15.571] - eth_blockNumber
[2020/03/25 12:16:34.699] - eth_blockNumber
[2020/03/25 12:16:35.582] - eth_blockNumber
[2020/03/25 12:16:45.933] - net_version
[2020/03/25 12:16:54.721] - eth_blockNumber
[2020/03/25 12:16:55.599] - eth_blockNumber
[2020/03/25 12:16:59.654] - eth_sendRawTransaction
[2020/03/25 12:16:59.684] - 
[2020/03/25 12:16:59.684] -   Transaction: 0x54ed33e803ad123e432b7e0612a81ea0c8fab268a8d66e62a10edf74c315a4fc
[2020/03/25 12:16:59.684] -   Gas usage: 13553
[2020/03/25 12:16:59.685] -   Block Number: 205
[2020/03/25 12:16:59.685] -   Block Time: Wed Mar 25 2020 12:16:59 GMT+0000 (GMT)
[2020/03/25 12:16:59.685] - 
[2020/03/25 12:16:59.687] - eth_getBlockByNumber
[2020/03/25 12:16:59.788] - eth_getBalance
[2020/03/25 12:16:59.826] - eth_getTransactionCount
[2020/03/25 12:16:59.872] - eth_getBalance
[2020/03/25 12:16:59.914] - eth_getTransactionCount
[2020/03/25 12:16:59.954] - eth_getBalance
[2020/03/25 12:16:59.996] - eth_getTransactionCount
[2020/03/25 12:17:00.036] - eth_getBalance
[2020/03/25 12:17:00.078] - eth_getTransactionCount
[2020/03/25 12:17:00.144] - eth_getBalance
[2020/03/25 12:17:00.222] - eth_getTransactionCount
[2020/03/25 12:17:00.264] - eth_getBalance
[2020/03/25 12:17:00.304] - eth_getTransactionCount
[2020/03/25 12:17:00.342] - eth_getBalance
[2020/03/25 12:17:00.382] - eth_getTransactionCount
[2020/03/25 12:17:00.435] - eth_getBalance
[2020/03/25 12:17:00.486] - eth_getTransactionCount
[2020/03/25 12:17:00.570] - eth_getBalance
[2020/03/25 12:17:00.626] - eth_getTransactionCount
[2020/03/25 12:17:00.668] - eth_getBalance
[2020/03/25 12:17:00.700] - eth_getTransactionReceipt
[2020/03/25 12:17:00.713] - eth_getTransactionCount
[2020/03/25 12:17:00.750] - eth_blockNumber
[2020/03/25 12:17:00.852] - eth_getBlockByNumber
[2020/03/25 12:17:00.858] - eth_getBlockByNumber
[2020/03/25 12:17:00.863] - eth_call
[2020/03/25 12:17:00.871] - eth_getLogs
[2020/03/25 12:17:00.872] - eth_getLogs
[2020/03/25 12:17:00.944] - eth_getTransactionReceipt
[2020/03/25 12:17:01.040] - eth_getTransactionCount
[2020/03/25 12:17:01.259] - eth_getBalance
[2020/03/25 12:17:01.273] - eth_call
[2020/03/25 12:17:14.737] - eth_blockNumber
[2020/03/25 12:17:15.614] - eth_blockNumber
[2020/03/25 12:17:15.629] - eth_getBlockByNumber
[2020/03/25 12:17:15.744] - eth_getBalance
[2020/03/25 12:17:15.953] - eth_getTransactionReceipt
[2020/03/25 12:17:16.127] - eth_getTransactionReceipt
[2020/03/25 12:17:16.414] - eth_getTransactionByHash
[2020/03/25 12:17:16.633] - eth_getTransactionReceipt
[2020/03/25 12:17:17.139] - net_version
[2020/03/25 12:17:17.142] - eth_getCode
[2020/03/25 12:17:17.537] - net_version
[2020/03/25 12:17:17.540] - eth_getCode
[2020/03/25 12:17:17.543] - eth_getBlockByNumber
[2020/03/25 12:17:17.547] - eth_getBalance
[2020/03/25 12:17:17.557] - eth_getTransactionCount
[2020/03/25 12:17:17.561] - eth_getStorageAt
[2020/03/25 12:17:33.684] - net_version
[2020/03/25 12:17:33.688] - eth_getCode
[2020/03/25 12:17:34.059] - net_version
[2020/03/25 12:17:34.063] - eth_getCode
[2020/03/25 12:17:34.070] - eth_getBlockByNumber
[2020/03/25 12:17:34.074] - eth_getBalance
[2020/03/25 12:17:34.077] - eth_getTransactionCount
[2020/03/25 12:17:34.080] - eth_getStorageAt
[2020/03/25 12:17:34.752] - eth_blockNumber
[2020/03/25 12:17:35.628] - eth_blockNumber
[2020/03/25 12:17:37.060] - eth_getBlockByNumber
[2020/03/25 12:17:37.322] - net_version
[2020/03/25 12:17:37.324] - eth_getCode
[2020/03/25 12:17:37.344] - eth_getTransactionReceipt
[2020/03/25 12:17:37.630] - eth_getTransactionReceipt
[2020/03/25 12:17:37.654] - net_version
[2020/03/25 12:17:37.656] - eth_getCode
[2020/03/25 12:17:37.771] - eth_getTransactionReceipt
[2020/03/25 12:17:38.009] - eth_getTransactionReceipt
[2020/03/25 12:17:38.140] - eth_getTransactionReceipt
[2020/03/25 12:17:38.279] - eth_getTransactionReceipt
[2020/03/25 12:17:38.418] - eth_getTransactionReceipt
[2020/03/25 12:17:38.548] - eth_getTransactionReceipt
[2020/03/25 12:17:41.219] - net_version
[2020/03/25 12:17:41.223] - eth_getCode
[2020/03/25 12:17:41.559] - net_version
[2020/03/25 12:17:41.562] - eth_getCode
[2020/03/25 12:17:41.569] - eth_getBlockByNumber
[2020/03/25 12:17:41.573] - eth_getBalance
[2020/03/25 12:17:41.576] - eth_getTransactionCount
[2020/03/25 12:17:41.580] - eth_getStorageAt
[2020/03/25 12:17:48.527] - net_version
[2020/03/25 12:17:48.530] - eth_getCode
[2020/03/25 12:17:54.766] - eth_blockNumber
[2020/03/25 12:17:55.637] - eth_blockNumber
[2020/03/25 12:18:14.788] - eth_blockNumber
[2020/03/25 12:18:15.650] - eth_blockNumber
[2020/03/25 12:18:34.803] - eth_blockNumber
[2020/03/25 12:18:35.663] - eth_blockNumber
[2020/03/25 12:18:54.822] - eth_blockNumber
[2020/03/25 12:18:55.672] - eth_blockNumber
[2020/03/25 12:19:14.842] - eth_blockNumber
[2020/03/25 12:19:15.682] - eth_blockNumber
[2020/03/25 12:19:34.856] - eth_blockNumber
[2020/03/25 12:19:35.695] - eth_blockNumber
[2020/03/25 12:19:54.870] - eth_blockNumber
[2020/03/25 12:19:55.708] - eth_blockNumber
[2020/03/25 12:20:14.885] - eth_blockNumber
[2020/03/25 12:20:15.721] - eth_blockNumber
[2020/03/25 12:20:34.904] - eth_blockNumber
[2020/03/25 12:20:35.737] - eth_blockNumber
[2020/03/25 12:20:54.925] - eth_blockNumber
[2020/03/25 12:20:55.751] - eth_blockNumber
[2020/03/25 12:21:14.946] - eth_blockNumber
[2020/03/25 12:21:15.763] - eth_blockNumber
[2020/03/25 12:21:34.958] - eth_blockNumber
[2020/03/25 12:21:35.776] - eth_blockNumber
[2020/03/25 12:21:54.970] - eth_blockNumber
[2020/03/25 12:21:55.786] - eth_blockNumber
[2020/03/25 12:22:14.985] - eth_blockNumber
[2020/03/25 12:22:15.796] - eth_blockNumber
[2020/03/25 12:22:35.000] - eth_blockNumber
[2020/03/25 12:22:35.810] - eth_blockNumber
[2020/03/25 12:22:55.013] - eth_blockNumber
[2020/03/25 12:22:55.824] - eth_blockNumber
[2020/03/25 12:23:15.024] - eth_blockNumber
[2020/03/25 12:23:15.837] - eth_blockNumber
[2020/03/25 12:23:35.043] - eth_blockNumber
[2020/03/25 12:23:35.852] - eth_blockNumber
[2020/03/25 12:23:55.056] - eth_blockNumber
[2020/03/25 12:23:55.869] - eth_blockNumber
[2020/03/25 12:24:15.069] - eth_blockNumber
[2020/03/25 12:24:15.881] - eth_blockNumber
[2020/03/25 12:24:35.083] - eth_blockNumber
[2020/03/25 12:24:35.894] - eth_blockNumber
[2020/03/25 12:24:55.098] - eth_blockNumber
[2020/03/25 12:24:55.907] - eth_blockNumber
[2020/03/25 12:25:15.112] - eth_blockNumber
[2020/03/25 12:25:15.922] - eth_blockNumber
[2020/03/25 12:25:35.126] - eth_blockNumber
[2020/03/25 12:25:35.935] - eth_blockNumber
[2020/03/25 12:25:55.141] - eth_blockNumber
[2020/03/25 12:25:55.947] - eth_blockNumber
[2020/03/25 12:26:15.153] - eth_blockNumber
[2020/03/25 12:26:15.955] - eth_blockNumber
[2020/03/25 12:26:35.160] - eth_blockNumber
[2020/03/25 12:26:35.965] - eth_blockNumber
[2020/03/25 12:26:55.170] - eth_blockNumber
[2020/03/25 12:26:55.982] - eth_blockNumber
[2020/03/25 12:27:09.582] - net_version
[2020/03/25 12:27:12.192] - eth_blockNumber
[2020/03/25 12:27:12.202] - net_version
[2020/03/25 12:27:12.206] - eth_accounts
[2020/03/25 12:27:12.225] - eth_getBlockByNumber
[2020/03/25 12:27:12.232] - eth_accounts
[2020/03/25 12:27:12.275] - eth_getBlockByNumber
[2020/03/25 12:27:12.282] - eth_getBlockByNumber
[2020/03/25 12:27:12.286] - eth_getBlockByNumber
[2020/03/25 12:27:12.294] - eth_estimateGas
[2020/03/25 12:27:12.805] - eth_getLogs
[2020/03/25 12:27:12.809] - eth_getLogs
[2020/03/25 12:27:14.056] - eth_getBlockByNumber
[2020/03/25 12:27:14.056] - eth_blockNumber
[2020/03/25 12:27:14.063] - eth_sendTransaction
[2020/03/25 12:27:14.097] - 
[2020/03/25 12:27:14.097] -   Transaction: 0x47082c791c36e7c153b2292837b32cb872a3bb2258e2190a6e2b1c14609633e5
[2020/03/25 12:27:14.098] -   Contract created: 0x652cc45b088fd365d9f9960e4b115a2b7216acb2
[2020/03/25 12:27:14.098] -   Gas usage: 188483
[2020/03/25 12:27:14.098] -   Block Number: 206
[2020/03/25 12:27:14.098] -   Block Time: Wed Mar 25 2020 12:27:14 GMT+0000 (GMT)
[2020/03/25 12:27:14.098] - 
[2020/03/25 12:27:14.099] - eth_getBlockByNumber
[2020/03/25 12:27:14.100] - eth_getTransactionReceipt
[2020/03/25 12:27:14.113] - eth_getCode
[2020/03/25 12:27:14.125] - eth_getTransactionByHash
[2020/03/25 12:27:14.136] - eth_getBlockByNumber
[2020/03/25 12:27:14.184] - eth_getBalance
[2020/03/25 12:27:14.193] - eth_getBlockByNumber
[2020/03/25 12:27:14.202] - eth_getBlockByNumber
[2020/03/25 12:27:14.211] - eth_sendTransaction
[2020/03/25 12:27:14.240] - 
[2020/03/25 12:27:14.240] -   Transaction: 0x83d86b307c804e0d2b48ca26dde400201e1af10bd949d9d077974ed9e3b36f2d
[2020/03/25 12:27:14.241] -   Gas usage: 42001
[2020/03/25 12:27:14.241] -   Block Number: 207
[2020/03/25 12:27:14.241] -   Block Time: Wed Mar 25 2020 12:27:14 GMT+0000 (GMT)
[2020/03/25 12:27:14.241] - 
[2020/03/25 12:27:14.241] - eth_getBlockByNumber
[2020/03/25 12:27:14.242] - eth_getTransactionReceipt
[2020/03/25 12:27:14.258] - eth_getBlockByNumber
[2020/03/25 12:27:14.264] - eth_accounts
[2020/03/25 12:27:14.290] - eth_getBalance
[2020/03/25 12:27:14.307] - eth_getBlockByNumber
[2020/03/25 12:27:14.314] - eth_getBlockByNumber
[2020/03/25 12:27:14.320] - eth_getBlockByNumber
[2020/03/25 12:27:14.326] - eth_estimateGas
[2020/03/25 12:27:14.346] - eth_getTransactionCount
[2020/03/25 12:27:14.349] - eth_getBlockByNumber
[2020/03/25 12:27:14.349] - eth_blockNumber
[2020/03/25 12:27:14.355] - eth_sendTransaction
[2020/03/25 12:27:14.388] - 
[2020/03/25 12:27:14.388] -   Transaction: 0x1c2649511da17f150ddfcd32a34fa4b5fcbd2cbdd9cfda2b3232b076ee4dc4c2
[2020/03/25 12:27:14.388] -   Contract created: 0xcb0f5662178a0957aeedb3f57ad5135b39b11401
[2020/03/25 12:27:14.388] -   Gas usage: 394012
[2020/03/25 12:27:14.388] -   Block Number: 208
[2020/03/25 12:27:14.388] -   Block Time: Wed Mar 25 2020 12:27:14 GMT+0000 (GMT)
[2020/03/25 12:27:14.388] - 
[2020/03/25 12:27:14.389] - eth_getTransactionReceipt
[2020/03/25 12:27:14.397] - eth_getCode
[2020/03/25 12:27:14.402] - eth_getTransactionByHash
[2020/03/25 12:27:14.413] - eth_getBlockByNumber
[2020/03/25 12:27:14.416] - eth_getBalance
[2020/03/25 12:27:14.421] - eth_getBalance
[2020/03/25 12:27:14.470] - eth_getTransactionCount
[2020/03/25 12:27:14.475] - eth_getBlockByNumber
[2020/03/25 12:27:14.490] - eth_getBlockByNumber
[2020/03/25 12:27:14.503] - eth_sendTransaction
[2020/03/25 12:27:14.531] - 
[2020/03/25 12:27:14.532] -   Transaction: 0x1441e53a7d40a3b384925456ab386ba0c775d0615dedba73f7251b318452d996
[2020/03/25 12:27:14.532] -   Gas usage: 27001
[2020/03/25 12:27:14.532] -   Block Number: 209
[2020/03/25 12:27:14.532] -   Block Time: Wed Mar 25 2020 12:27:14 GMT+0000 (GMT)
[2020/03/25 12:27:14.532] - 
[2020/03/25 12:27:14.533] - eth_getBalance
[2020/03/25 12:27:14.533] - eth_getTransactionReceipt
[2020/03/25 12:27:14.548] - eth_getBlockByNumber
[2020/03/25 12:27:14.560] - eth_getBlockByNumber
[2020/03/25 12:27:14.566] - eth_getBlockByNumber
[2020/03/25 12:27:14.574] - eth_accounts
[2020/03/25 12:27:14.606] - eth_getTransactionCount
[2020/03/25 12:27:14.617] - eth_getBlockByNumber
[2020/03/25 12:27:14.621] - eth_getBlockByNumber
[2020/03/25 12:27:14.624] - eth_getBlockByNumber
[2020/03/25 12:27:14.631] - eth_estimateGas
[2020/03/25 12:27:14.651] - eth_getBlockByNumber
[2020/03/25 12:27:14.652] - eth_blockNumber
[2020/03/25 12:27:14.657] - eth_sendTransaction
[2020/03/25 12:27:14.683] - eth_getBalance
[2020/03/25 12:27:14.689] - 
[2020/03/25 12:27:14.689] -   Transaction: 0x7b60f7340d63ce1c5dca2eb56e8aeab5b58017b22dfb519c42e75bd90ecc5828
[2020/03/25 12:27:14.689] -   Contract created: 0x4bb01b84459c5ea2779f93fd5d412eae64fbbc88
[2020/03/25 12:27:14.689] -   Gas usage: 1547023
[2020/03/25 12:27:14.689] -   Block Number: 210
[2020/03/25 12:27:14.690] -   Block Time: Wed Mar 25 2020 12:27:14 GMT+0000 (GMT)
[2020/03/25 12:27:14.690] - 
[2020/03/25 12:27:14.690] - eth_getTransactionReceipt
[2020/03/25 12:27:14.701] - eth_getCode
[2020/03/25 12:27:14.714] - eth_getTransactionByHash
[2020/03/25 12:27:14.723] - eth_getBlockByNumber
[2020/03/25 12:27:14.731] - eth_getBalance
[2020/03/25 12:27:14.771] - eth_getBlockByNumber
[2020/03/25 12:27:14.772] - eth_getTransactionCount
[2020/03/25 12:27:14.777] - eth_getBlockByNumber
[2020/03/25 12:27:14.785] - eth_sendTransaction
[2020/03/25 12:27:14.825] - 
[2020/03/25 12:27:14.825] -   Transaction: 0x279ff4029bda8473e098d347eb2cd4dadb713996fc9a86c60bec5f72f5cdf9e7
[2020/03/25 12:27:14.825] -   Gas usage: 27001
[2020/03/25 12:27:14.825] -   Block Number: 211
[2020/03/25 12:27:14.826] -   Block Time: Wed Mar 25 2020 12:27:14 GMT+0000 (GMT)
[2020/03/25 12:27:14.826] - 
[2020/03/25 12:27:14.827] - eth_getTransactionReceipt
[2020/03/25 12:27:14.852] - eth_getBlockByNumber
[2020/03/25 12:27:14.857] - eth_getBalance
[2020/03/25 12:27:14.858] - eth_accounts
[2020/03/25 12:27:14.904] - eth_getBlockByNumber
[2020/03/25 12:27:14.910] - eth_getBlockByNumber
[2020/03/25 12:27:14.921] - eth_getBlockByNumber
[2020/03/25 12:27:14.929] - eth_estimateGas
[2020/03/25 12:27:14.951] - eth_getTransactionCount
[2020/03/25 12:27:14.966] - eth_getBlockByNumber
[2020/03/25 12:27:14.966] - eth_blockNumber
[2020/03/25 12:27:14.984] - eth_sendTransaction
[2020/03/25 12:27:15.019] - 
[2020/03/25 12:27:15.020] -   Transaction: 0xf364b735dcfcccc9e5382a12513b128688f854d5439ec88e45fd56a166c2961a
[2020/03/25 12:27:15.020] -   Contract created: 0xe2c493813b17ea2e069df1e7a64ff054ab0de7fe
[2020/03/25 12:27:15.020] -   Gas usage: 923961
[2020/03/25 12:27:15.020] -   Block Number: 212
[2020/03/25 12:27:15.020] -   Block Time: Wed Mar 25 2020 12:27:14 GMT+0000 (GMT)
[2020/03/25 12:27:15.020] - 
[2020/03/25 12:27:15.021] - eth_getTransactionReceipt
[2020/03/25 12:27:15.035] - eth_getCode
[2020/03/25 12:27:15.044] - eth_getBalance
[2020/03/25 12:27:15.047] - eth_getTransactionByHash
[2020/03/25 12:27:15.058] - eth_getBlockByNumber
[2020/03/25 12:27:15.067] - eth_getBalance
[2020/03/25 12:27:15.110] - eth_getBlockByNumber
[2020/03/25 12:27:15.118] - eth_getBlockByNumber
[2020/03/25 12:27:15.123] - eth_sendTransaction
[2020/03/25 12:27:15.181] - eth_getTransactionCount
[2020/03/25 12:27:15.191] - eth_blockNumber
[2020/03/25 12:27:15.210] - 
[2020/03/25 12:27:15.210] -   Transaction: 0x6d76e043336b58c15c05cae16843b3436e9a3772896e0515a98a1a4c52627636
[2020/03/25 12:27:15.210] -   Gas usage: 27001
[2020/03/25 12:27:15.211] -   Block Number: 213
[2020/03/25 12:27:15.212] -   Block Time: Wed Mar 25 2020 12:27:15 GMT+0000 (GMT)
[2020/03/25 12:27:15.215] - 
[2020/03/25 12:27:15.216] - eth_getBalance
[2020/03/25 12:27:15.219] - eth_getTransactionReceipt
[2020/03/25 12:27:15.246] - eth_getBlockByNumber
[2020/03/25 12:27:15.318] - eth_getTransactionCount
[2020/03/25 12:27:15.397] - eth_getBalance
[2020/03/25 12:27:15.449] - eth_getTransactionCount
[2020/03/25 12:27:15.487] - eth_getBalance
[2020/03/25 12:27:15.552] - eth_getTransactionCount
[2020/03/25 12:27:15.616] - eth_getBalance
[2020/03/25 12:27:15.632] - eth_getBlockByNumber
[2020/03/25 12:27:15.635] - eth_getBlockByNumber
[2020/03/25 12:27:15.637] - eth_getBlockByNumber
[2020/03/25 12:27:15.641] - eth_getBlockByNumber
[2020/03/25 12:27:15.689] - eth_getTransactionCount
[2020/03/25 12:27:15.992] - eth_blockNumber
[2020/03/25 12:27:15.999] - eth_getBlockByNumber
[2020/03/25 12:27:18.737] - eth_getBalance
[2020/03/25 12:27:18.783] - eth_getTransactionCount
[2020/03/25 12:27:18.827] - eth_getBalance
[2020/03/25 12:27:18.873] - eth_getTransactionCount
[2020/03/25 12:27:18.920] - eth_getBalance
[2020/03/25 12:27:18.964] - eth_getTransactionCount
[2020/03/25 12:27:19.009] - eth_getBalance
[2020/03/25 12:27:19.053] - eth_getTransactionCount
[2020/03/25 12:27:19.094] - eth_getBalance
[2020/03/25 12:27:19.127] - net_version
[2020/03/25 12:27:19.140] - eth_getTransactionCount
[2020/03/25 12:27:19.189] - eth_getBalance
[2020/03/25 12:27:19.235] - eth_getTransactionCount
[2020/03/25 12:27:19.275] - eth_getBalance
[2020/03/25 12:27:19.309] - eth_getTransactionCount
[2020/03/25 12:27:19.343] - eth_getBalance
[2020/03/25 12:27:19.367] - eth_getTransactionCount
[2020/03/25 12:27:19.400] - eth_getBalance
[2020/03/25 12:27:19.433] - eth_getTransactionCount
[2020/03/25 12:27:19.467] - eth_getBalance
[2020/03/25 12:27:19.500] - eth_getTransactionCount
[2020/03/25 12:27:21.119] - eth_getBalance
[2020/03/25 12:27:22.187] - eth_getLogs
[2020/03/25 12:27:22.189] - eth_getLogs
[2020/03/25 12:27:22.192] - eth_getLogs
[2020/03/25 12:27:22.195] - eth_getLogs
[2020/03/25 12:27:22.198] - eth_call
[2020/03/25 12:27:22.746] - eth_getBalance
[2020/03/25 12:27:22.785] - eth_getTransactionCount
[2020/03/25 12:27:22.825] - eth_getTransactionCount
[2020/03/25 12:27:22.864] - eth_getBalance
[2020/03/25 12:27:22.902] - eth_getTransactionCount
[2020/03/25 12:27:22.941] - eth_getBalance
[2020/03/25 12:27:22.981] - eth_getTransactionCount
[2020/03/25 12:27:23.021] - eth_getBalance
[2020/03/25 12:27:23.060] - eth_getTransactionCount
[2020/03/25 12:27:23.098] - eth_getBalance
[2020/03/25 12:27:23.138] - eth_getTransactionCount
[2020/03/25 12:27:23.182] - eth_getBalance
[2020/03/25 12:27:23.221] - eth_getTransactionCount
[2020/03/25 12:27:23.260] - eth_getBalance
[2020/03/25 12:27:23.299] - eth_getTransactionCount
[2020/03/25 12:27:23.339] - eth_getBalance
[2020/03/25 12:27:23.378] - eth_getTransactionCount
[2020/03/25 12:27:23.418] - eth_getBalance
[2020/03/25 12:27:23.458] - eth_getTransactionCount
[2020/03/25 12:27:24.011] - eth_getBalance
[2020/03/25 12:27:24.049] - eth_getTransactionCount
[2020/03/25 12:27:24.088] - eth_getBalance
[2020/03/25 12:27:24.128] - eth_getTransactionCount
[2020/03/25 12:27:24.146] - eth_call
[2020/03/25 12:27:24.173] - eth_getBalance
[2020/03/25 12:27:24.220] - eth_getTransactionCount
[2020/03/25 12:27:24.267] - eth_getBalance
[2020/03/25 12:27:24.305] - eth_getTransactionCount
[2020/03/25 12:27:24.344] - eth_getBalance
[2020/03/25 12:27:24.384] - eth_getTransactionCount
[2020/03/25 12:27:24.422] - eth_getBalance
[2020/03/25 12:27:24.461] - eth_getTransactionCount
[2020/03/25 12:27:24.498] - eth_getBalance
[2020/03/25 12:27:24.536] - eth_getTransactionCount
[2020/03/25 12:27:24.574] - eth_getBalance
[2020/03/25 12:27:24.613] - eth_getTransactionCount
[2020/03/25 12:27:24.651] - eth_getBalance
[2020/03/25 12:27:24.689] - eth_getTransactionCount
[2020/03/25 12:27:24.808] - eth_getBalance
[2020/03/25 12:27:24.847] - eth_getTransactionCount
[2020/03/25 12:27:24.886] - eth_getBalance
[2020/03/25 12:27:24.924] - eth_getTransactionCount
[2020/03/25 12:27:24.963] - eth_getBalance
[2020/03/25 12:27:25.010] - eth_getTransactionCount
[2020/03/25 12:27:25.049] - eth_getBalance
[2020/03/25 12:27:25.123] - eth_getTransactionCount
[2020/03/25 12:27:25.177] - eth_getBalance
[2020/03/25 12:27:25.215] - eth_getTransactionCount
[2020/03/25 12:27:25.255] - eth_getBalance
[2020/03/25 12:27:25.295] - eth_getTransactionCount
[2020/03/25 12:27:25.344] - eth_getBalance
[2020/03/25 12:27:25.383] - eth_getTransactionCount
[2020/03/25 12:27:25.426] - eth_getBalance
[2020/03/25 12:27:25.465] - eth_getTransactionCount
[2020/03/25 12:27:25.504] - eth_getBalance
[2020/03/25 12:27:25.543] - eth_getTransactionCount
[2020/03/25 12:27:25.580] - eth_getBalance
[2020/03/25 12:27:25.620] - eth_getTransactionCount
[2020/03/25 12:27:25.935] - eth_getBalance
[2020/03/25 12:27:25.974] - eth_getTransactionCount
[2020/03/25 12:27:26.015] - eth_getBalance
[2020/03/25 12:27:26.057] - eth_getTransactionCount
[2020/03/25 12:27:26.106] - eth_getBalance
[2020/03/25 12:27:26.147] - eth_getTransactionCount
[2020/03/25 12:27:26.201] - eth_getBalance
[2020/03/25 12:27:26.244] - eth_getTransactionCount
[2020/03/25 12:27:26.284] - eth_getTransactionCount
[2020/03/25 12:27:26.324] - eth_getBalance
[2020/03/25 12:27:26.365] - eth_getTransactionCount
[2020/03/25 12:27:26.404] - eth_getBalance
[2020/03/25 12:27:26.449] - eth_getTransactionCount
[2020/03/25 12:27:26.495] - eth_getBalance
[2020/03/25 12:27:26.538] - eth_getTransactionCount
[2020/03/25 12:27:26.582] - eth_getBalance
[2020/03/25 12:27:26.622] - eth_getTransactionCount
[2020/03/25 12:27:26.661] - eth_getBalance
[2020/03/25 12:27:26.701] - eth_getTransactionCount
[2020/03/25 12:27:27.143] - eth_getBalance
[2020/03/25 12:27:27.180] - eth_getTransactionCount
[2020/03/25 12:27:27.223] - eth_getBalance
[2020/03/25 12:27:27.261] - eth_getTransactionCount
[2020/03/25 12:27:27.299] - eth_getBalance
[2020/03/25 12:27:27.337] - eth_getTransactionCount
[2020/03/25 12:27:27.375] - eth_getBalance
[2020/03/25 12:27:27.413] - eth_getTransactionCount
[2020/03/25 12:27:27.451] - eth_getBalance
[2020/03/25 12:27:27.489] - eth_getTransactionCount
[2020/03/25 12:27:27.528] - eth_getBalance
[2020/03/25 12:27:27.567] - eth_getTransactionCount
[2020/03/25 12:27:27.606] - eth_getBalance
[2020/03/25 12:27:27.652] - eth_getTransactionCount
[2020/03/25 12:27:27.690] - eth_getBalance
[2020/03/25 12:27:27.729] - eth_getTransactionCount
[2020/03/25 12:27:27.768] - eth_getBalance
[2020/03/25 12:27:27.807] - eth_getTransactionCount
[2020/03/25 12:27:27.846] - eth_getBalance
[2020/03/25 12:27:27.883] - eth_getTransactionCount
[2020/03/25 12:27:27.926] - eth_getBalance
[2020/03/25 12:27:28.014] - eth_getTransactionCount
[2020/03/25 12:27:28.050] - eth_getBalance
[2020/03/25 12:27:28.089] - eth_getTransactionCount
[2020/03/25 12:27:28.127] - eth_getBalance
[2020/03/25 12:27:28.165] - eth_getTransactionCount
[2020/03/25 12:27:28.202] - eth_getBalance
[2020/03/25 12:27:28.241] - eth_getTransactionCount
[2020/03/25 12:27:28.279] - eth_getBalance
[2020/03/25 12:27:28.318] - eth_getTransactionCount
[2020/03/25 12:27:28.357] - eth_getBalance
[2020/03/25 12:27:28.395] - eth_getTransactionCount
[2020/03/25 12:27:28.434] - eth_getBalance
[2020/03/25 12:27:28.473] - eth_getTransactionCount
[2020/03/25 12:27:28.512] - eth_getBalance
[2020/03/25 12:27:28.550] - eth_getTransactionCount
[2020/03/25 12:27:35.236] - eth_blockNumber
[2020/03/25 12:27:36.001] - eth_blockNumber
[2020/03/25 12:27:36.255] - eth_unsubscribe
[2020/03/25 12:27:36.255] - eth_unsubscribe
[2020/03/25 12:27:36.593] - Warning: stopMining called when miner was already stopped
