[2020/05/11 16:44:26.324] - Starting server (version 2.1.2) with initial configuration: {"gasLimit":6721975,"gasPrice":20000000000,"hardfork":"petersburg","hostname":"127.0.0.1","port":7545,"network_id":5777,"default_balance_ether":100,"total_accounts":10,"unlocked_accounts":[],"locked":false,"vmErrorsOnRPCResponse":true,"verbose":false,"db_path":"/home/nash/.config/Ganache/workspaces/identity-wallet/chaindata","logDirectory":"/home/nash/Documents/Projects/Blockchain/Project/identity-wallet/wallet-web-app/logs"}
[2020/05/11 16:44:28.682] - eth_blockNumber
[2020/05/11 16:44:28.693] - eth_subscribe
[2020/05/11 16:44:28.702] - eth_getLogs
[2020/05/11 16:44:28.738] - eth_subscribe
[2020/05/11 16:44:28.752] - eth_getCode
[2020/05/11 16:44:28.910] - eth_getCode
[2020/05/11 16:44:29.231] - eth_getCode
[2020/05/11 16:44:29.317] - eth_getCode
[2020/05/11 16:44:29.351] - eth_getCode
[2020/05/11 16:44:29.451] - eth_getCode
[2020/05/11 16:44:33.014] - eth_blockNumber
[2020/05/11 16:44:34.138] - eth_accounts
[2020/05/11 16:44:34.140] - eth_accounts
[2020/05/11 16:44:34.148] - eth_gasPrice
[2020/05/11 16:44:34.156] - eth_getBlockByNumber
[2020/05/11 16:44:34.175] - eth_subscribe
[2020/05/11 16:44:35.382] - eth_getBalance
[2020/05/11 16:44:35.636] - eth_getTransactionCount
[2020/05/11 16:44:35.877] - eth_getBalance
[2020/05/11 16:44:36.121] - eth_getTransactionCount
[2020/05/11 16:44:36.406] - eth_getBalance
[2020/05/11 16:44:36.595] - eth_getTransactionCount
[2020/05/11 16:44:36.873] - eth_getBalance
[2020/05/11 16:44:37.038] - eth_getTransactionCount
[2020/05/11 16:44:37.146] - eth_getBalance
[2020/05/11 16:44:37.489] - eth_getTransactionCount
[2020/05/11 16:44:37.651] - eth_getBalance
[2020/05/11 16:44:37.763] - eth_getTransactionCount
[2020/05/11 16:44:37.898] - eth_getBalance
[2020/05/11 16:44:38.098] - eth_getTransactionCount
[2020/05/11 16:44:38.300] - eth_getBalance
[2020/05/11 16:44:38.561] - eth_getTransactionCount
[2020/05/11 16:44:38.737] - eth_getBalance
[2020/05/11 16:44:38.851] - eth_getTransactionCount
[2020/05/11 16:44:39.211] - eth_getBalance
[2020/05/11 16:44:39.389] - eth_getTransactionCount
[2020/05/11 16:44:40.217] - eth_getBalance
[2020/05/11 16:44:40.324] - eth_getTransactionCount
[2020/05/11 16:44:40.599] - eth_getBalance
[2020/05/11 16:44:40.957] - eth_getTransactionCount
[2020/05/11 16:44:41.287] - eth_getBalance
[2020/05/11 16:44:41.650] - eth_getTransactionCount
[2020/05/11 16:44:41.918] - eth_getBalance
[2020/05/11 16:44:42.108] - eth_getTransactionCount
[2020/05/11 16:44:42.539] - eth_getBalance
[2020/05/11 16:44:42.845] - eth_getTransactionCount
[2020/05/11 16:44:43.091] - eth_getBalance
[2020/05/11 16:44:43.313] - eth_getTransactionCount
[2020/05/11 16:44:43.558] - eth_getBalance
[2020/05/11 16:44:43.948] - eth_getTransactionCount
[2020/05/11 16:44:44.237] - eth_getBalance
[2020/05/11 16:44:44.612] - eth_getTransactionCount
[2020/05/11 16:44:44.992] - eth_getBalance
[2020/05/11 16:44:45.306] - eth_getTransactionCount
[2020/05/11 16:44:45.496] - eth_getBalance
[2020/05/11 16:44:45.787] - eth_getTransactionCount
[2020/05/11 16:44:48.804] - eth_blockNumber
[2020/05/11 16:45:08.862] - eth_blockNumber
[2020/05/11 16:45:28.887] - eth_blockNumber
[2020/05/11 16:45:48.901] - eth_blockNumber
[2020/05/11 16:46:08.918] - eth_blockNumber
[2020/05/11 16:46:28.941] - eth_blockNumber
[2020/05/11 16:46:48.997] - eth_blockNumber
[2020/05/11 16:47:09.006] - eth_blockNumber
[2020/05/11 16:47:29.018] - eth_blockNumber
[2020/05/11 16:47:49.026] - eth_blockNumber
[2020/05/11 16:48:09.040] - eth_blockNumber
[2020/05/11 16:48:29.059] - eth_blockNumber
[2020/05/11 16:48:49.078] - eth_blockNumber
[2020/05/11 16:49:09.105] - eth_blockNumber
[2020/05/11 16:49:23.759] - eth_blockNumber
[2020/05/11 16:49:23.867] - net_version
[2020/05/11 16:49:24.060] - net_version
[2020/05/11 16:49:27.526] - eth_getBlockByNumber
[2020/05/11 16:49:27.548] - eth_getBlockByNumber
[2020/05/11 16:49:27.625] - eth_getBlockByNumber
[2020/05/11 16:49:27.680] - eth_getBlockByNumber
[2020/05/11 16:49:27.681] - eth_getBlockByNumber
[2020/05/11 16:49:27.683] - eth_getBlockByNumber
[2020/05/11 16:49:27.688] - eth_getBlockByNumber
[2020/05/11 16:49:27.713] - eth_getBlockByNumber
[2020/05/11 16:49:27.715] - eth_getBlockByNumber
[2020/05/11 16:49:27.721] - eth_getBlockByNumber
[2020/05/11 16:49:27.723] - eth_getBlockByNumber
[2020/05/11 16:49:27.746] - eth_getBlockByNumber
[2020/05/11 16:49:27.756] - eth_getBlockByNumber
[2020/05/11 16:49:27.773] - eth_getBlockByNumber
[2020/05/11 16:49:27.794] - eth_getBlockByNumber
[2020/05/11 16:49:27.815] - eth_getBlockByNumber
[2020/05/11 16:49:27.839] - eth_getBlockByNumber
[2020/05/11 16:49:27.870] - eth_getBlockByNumber
[2020/05/11 16:49:27.931] - eth_getBlockByNumber
[2020/05/11 16:49:27.968] - eth_getBlockByNumber
[2020/05/11 16:49:27.984] - eth_getBlockByNumber
[2020/05/11 16:49:27.991] - eth_getBlockByNumber
[2020/05/11 16:49:28.006] - eth_getBlockByNumber
[2020/05/11 16:49:28.028] - eth_getBlockByNumber
[2020/05/11 16:49:28.048] - eth_getBlockByNumber
[2020/05/11 16:49:28.060] - eth_getBlockByNumber
[2020/05/11 16:49:28.068] - eth_getBlockByNumber
[2020/05/11 16:49:28.077] - eth_getBlockByNumber
[2020/05/11 16:49:28.092] - eth_getBlockByNumber
[2020/05/11 16:49:28.098] - eth_getBlockByNumber
[2020/05/11 16:49:28.111] - eth_getBlockByNumber
[2020/05/11 16:49:28.122] - eth_getBlockByNumber
[2020/05/11 16:49:28.137] - eth_getBlockByNumber
[2020/05/11 16:49:28.147] - eth_getBlockByNumber
[2020/05/11 16:49:28.157] - eth_getBlockByNumber
[2020/05/11 16:49:28.165] - eth_getBlockByNumber
[2020/05/11 16:49:28.173] - eth_getBlockByNumber
[2020/05/11 16:49:28.193] - eth_getBlockByNumber
[2020/05/11 16:49:28.204] - eth_getBlockByNumber
[2020/05/11 16:49:28.222] - eth_getBlockByNumber
[2020/05/11 16:49:28.232] - eth_getBlockByNumber
[2020/05/11 16:49:29.141] - eth_blockNumber
[2020/05/11 16:49:47.490] - eth_blockNumber
[2020/05/11 16:49:49.179] - eth_blockNumber
[2020/05/11 16:50:07.791] - eth_blockNumber
[2020/05/11 16:50:09.234] - eth_blockNumber
[2020/05/11 16:50:23.349] - eth_getBalance
[2020/05/11 16:50:23.378] - eth_blockNumber
[2020/05/11 16:50:27.973] - eth_blockNumber
[2020/05/11 16:50:29.263] - eth_blockNumber
[2020/05/11 16:50:32.149] - net_version
[2020/05/11 16:50:33.583] - eth_getTransactionCount
[2020/05/11 16:50:37.001] - eth_blockNumber
[2020/05/11 16:50:48.028] - eth_blockNumber
[2020/05/11 16:50:49.295] - eth_blockNumber
[2020/05/11 16:51:07.759] - eth_call
[2020/05/11 16:51:08.085] - eth_blockNumber
[2020/05/11 16:51:08.577] - eth_call
[2020/05/11 16:51:08.643] - eth_call
[2020/05/11 16:51:08.654] - eth_call
[2020/05/11 16:51:08.656] - eth_call
[2020/05/11 16:51:08.660] - eth_call
[2020/05/11 16:51:08.663] - eth_call
[2020/05/11 16:51:09.004] - eth_call
[2020/05/11 16:51:09.277] - eth_call
[2020/05/11 16:51:09.316] - eth_blockNumber
[2020/05/11 16:51:28.127] - eth_blockNumber
[2020/05/11 16:51:30.413] - eth_blockNumber
[2020/05/11 16:51:48.154] - eth_blockNumber
[2020/05/11 16:51:50.444] - eth_blockNumber
[2020/05/11 16:52:05.032] - eth_gasPrice
[2020/05/11 16:52:05.163] - eth_getCode
[2020/05/11 16:52:05.295] - eth_getBlockByNumber
[2020/05/11 16:52:05.669] - eth_estimateGas
[2020/05/11 16:52:09.921] - eth_blockNumber
[2020/05/11 16:52:10.463] - eth_blockNumber
[2020/05/11 16:52:16.851] - eth_sendRawTransaction
[2020/05/11 16:52:17.273] - 
[2020/05/11 16:52:17.273] -   Transaction: 0x90347be3892385b2bc8c062c5b7347e1e8b1593028db470a85dbf14e0b7e022f
[2020/05/11 16:52:17.273] -   Gas usage: 287664
[2020/05/11 16:52:17.273] -   Block Number: 347
[2020/05/11 16:52:17.273] -   Block Time: Mon May 11 2020 16:52:16 GMT+0100 (IST)
[2020/05/11 16:52:17.273] - 
[2020/05/11 16:52:17.275] - eth_getBlockByNumber
[2020/05/11 16:52:17.578] - eth_getBalance
[2020/05/11 16:52:17.691] - eth_getTransactionCount
[2020/05/11 16:52:17.795] - eth_getBalance
[2020/05/11 16:52:18.025] - eth_getTransactionCount
[2020/05/11 16:52:18.310] - eth_getBalance
[2020/05/11 16:52:18.454] - eth_getTransactionCount
[2020/05/11 16:52:18.599] - eth_getBalance
[2020/05/11 16:52:18.713] - eth_getTransactionCount
[2020/05/11 16:52:18.815] - eth_getBalance
[2020/05/11 16:52:18.920] - eth_getTransactionCount
[2020/05/11 16:52:19.076] - eth_getBalance
[2020/05/11 16:52:19.368] - eth_getTransactionCount
[2020/05/11 16:52:19.505] - eth_getBalance
[2020/05/11 16:52:19.646] - eth_getTransactionCount
[2020/05/11 16:52:19.813] - eth_getBalance
[2020/05/11 16:52:19.964] - eth_getTransactionCount
[2020/05/11 16:52:20.126] - eth_getBalance
[2020/05/11 16:52:20.234] - eth_getTransactionCount
[2020/05/11 16:52:20.410] - eth_getBalance
[2020/05/11 16:52:20.840] - eth_getTransactionCount
[2020/05/11 16:52:24.108] - eth_getTransactionReceipt
[2020/05/11 16:52:29.310] - eth_blockNumber
[2020/05/11 16:52:29.839] - eth_getBlockByNumber
[2020/05/11 16:52:29.849] - eth_getBlockByNumber
[2020/05/11 16:52:29.853] - eth_call
[2020/05/11 16:52:29.854] - eth_call
[2020/05/11 16:52:29.933] - eth_call
[2020/05/11 16:52:29.952] - eth_call
[2020/05/11 16:52:29.954] - eth_call
[2020/05/11 16:52:29.955] - eth_call
[2020/05/11 16:52:30.007] - eth_call
[2020/05/11 16:52:30.114] - eth_call
[2020/05/11 16:52:30.203] - eth_getTransactionCount
[2020/05/11 16:52:30.556] - eth_blockNumber
[2020/05/11 16:52:31.040] - eth_getBlockByNumber
[2020/05/11 16:52:32.165] - eth_blockNumber
[2020/05/11 16:52:32.221] - eth_getTransactionReceipt
[2020/05/11 16:52:37.495] - eth_getBalance
[2020/05/11 16:52:42.580] - eth_call
[2020/05/11 16:52:42.801] - eth_getBalance
[2020/05/11 16:52:43.235] - eth_getTransactionByHash
[2020/05/11 16:52:44.240] - eth_getTransactionReceipt
[2020/05/11 16:52:44.257] - eth_call
[2020/05/11 16:52:44.998] - eth_getTransactionByHash
[2020/05/11 16:52:46.073] - eth_getTransactionReceipt
[2020/05/11 16:52:46.827] - eth_getTransactionByHash
[2020/05/11 16:52:47.431] - eth_getTransactionReceipt
[2020/05/11 16:52:48.241] - eth_getTransactionByHash
[2020/05/11 16:52:49.430] - eth_getTransactionReceipt
[2020/05/11 16:52:50.065] - eth_getTransactionByHash
[2020/05/11 16:52:50.827] - eth_getTransactionReceipt
[2020/05/11 16:52:51.050] - eth_blockNumber
[2020/05/11 16:52:52.261] - eth_blockNumber
[2020/05/11 16:52:52.807] - net_version
[2020/05/11 16:52:52.825] - eth_getCode
[2020/05/11 16:52:52.838] - eth_getBlockByNumber
[2020/05/11 16:52:52.854] - eth_getBalance
[2020/05/11 16:52:52.869] - eth_getTransactionCount
[2020/05/11 16:52:52.907] - eth_getStorageAt
[2020/05/11 16:52:59.492] - eth_getBlockByNumber
[2020/05/11 16:53:00.214] - eth_getBlockByNumber
[2020/05/11 16:53:00.312] - net_version
[2020/05/11 16:53:00.320] - eth_getCode
[2020/05/11 16:53:00.925] - eth_getBlockByNumber
[2020/05/11 16:53:01.766] - eth_getBlockByNumber
[2020/05/11 16:53:02.199] - eth_getBlockByNumber
[2020/05/11 16:53:02.591] - eth_getTransactionReceipt
[2020/05/11 16:53:03.161] - eth_getBlockByNumber
[2020/05/11 16:53:03.674] - eth_getBlockByNumber
[2020/05/11 16:53:04.206] - eth_getTransactionReceipt
[2020/05/11 16:53:04.698] - eth_getBlockByNumber
[2020/05/11 16:53:05.304] - eth_getTransactionReceipt
[2020/05/11 16:53:05.907] - eth_getBlockByNumber
[2020/05/11 16:53:06.294] - eth_getTransactionReceipt
[2020/05/11 16:53:06.772] - eth_getBlockByNumber
[2020/05/11 16:53:07.147] - eth_getTransactionReceipt
[2020/05/11 16:53:07.595] - eth_getBlockByNumber
[2020/05/11 16:53:07.931] - eth_getTransactionReceipt
[2020/05/11 16:53:11.085] - eth_blockNumber
[2020/05/11 16:53:12.300] - eth_blockNumber
[2020/05/11 16:53:13.205] - net_version
[2020/05/11 16:53:13.219] - eth_getCode
[2020/05/11 16:53:13.229] - eth_getBlockByNumber
[2020/05/11 16:53:13.235] - eth_getBalance
[2020/05/11 16:53:13.247] - eth_getTransactionCount
[2020/05/11 16:53:13.263] - eth_getStorageAt
[2020/05/11 16:53:20.473] - net_version
[2020/05/11 16:53:20.482] - eth_getCode
[2020/05/11 16:53:31.118] - eth_blockNumber
[2020/05/11 16:53:32.318] - eth_blockNumber
[2020/05/11 16:53:51.130] - eth_blockNumber
[2020/05/11 16:53:52.340] - eth_blockNumber
[2020/05/11 16:54:11.158] - eth_blockNumber
[2020/05/11 16:54:12.371] - eth_blockNumber
[2020/05/11 16:54:31.190] - eth_blockNumber
[2020/05/11 16:54:32.387] - eth_blockNumber
[2020/05/11 16:54:51.199] - eth_blockNumber
[2020/05/11 16:54:52.406] - eth_blockNumber
[2020/05/11 16:55:11.207] - eth_blockNumber
[2020/05/11 16:55:12.422] - eth_blockNumber
[2020/05/11 16:55:31.214] - eth_blockNumber
[2020/05/11 16:55:32.430] - eth_blockNumber
[2020/05/11 16:55:51.222] - eth_blockNumber
[2020/05/11 16:55:52.449] - eth_blockNumber
[2020/05/11 16:56:11.231] - eth_blockNumber
[2020/05/11 16:56:12.471] - eth_blockNumber
[2020/05/11 16:56:31.251] - eth_blockNumber
[2020/05/11 16:56:32.491] - eth_blockNumber
[2020/05/11 16:56:51.275] - eth_blockNumber
[2020/05/11 16:56:52.903] - eth_blockNumber
[2020/05/11 16:57:11.287] - eth_blockNumber
[2020/05/11 16:57:12.945] - eth_blockNumber
[2020/05/11 16:57:31.299] - eth_blockNumber
[2020/05/11 16:57:32.982] - eth_blockNumber
[2020/05/11 16:57:51.319] - eth_blockNumber
[2020/05/11 16:57:53.009] - eth_blockNumber
[2020/05/11 16:58:11.333] - eth_blockNumber
[2020/05/11 16:58:13.170] - eth_blockNumber
[2020/05/11 16:58:31.342] - eth_blockNumber
[2020/05/11 16:58:33.468] - eth_blockNumber
[2020/05/11 16:58:51.359] - eth_blockNumber
[2020/05/11 16:58:53.499] - eth_blockNumber
[2020/05/11 16:59:11.384] - eth_blockNumber
[2020/05/11 16:59:13.543] - eth_blockNumber
[2020/05/11 16:59:16.588] - net_version
[2020/05/11 16:59:21.514] - eth_call
[2020/05/11 16:59:23.253] - eth_call
[2020/05/11 16:59:23.255] - eth_call
[2020/05/11 16:59:23.274] - eth_call
[2020/05/11 16:59:23.275] - eth_call
[2020/05/11 16:59:31.443] - eth_blockNumber
[2020/05/11 16:59:33.714] - eth_blockNumber
[2020/05/11 16:59:51.470] - eth_blockNumber
[2020/05/11 16:59:53.794] - eth_blockNumber
[2020/05/11 17:00:11.084] - net_version
[2020/05/11 17:00:11.494] - eth_blockNumber
[2020/05/11 17:00:13.820] - eth_blockNumber
[2020/05/11 17:00:19.983] - net_version
[2020/05/11 17:00:31.541] - eth_blockNumber
[2020/05/11 17:00:33.830] - eth_blockNumber
[2020/05/11 17:00:51.559] - eth_blockNumber
[2020/05/11 17:00:53.842] - eth_blockNumber
[2020/05/11 17:01:11.583] - eth_blockNumber
[2020/05/11 17:01:13.870] - eth_blockNumber
[2020/05/11 17:01:31.604] - eth_blockNumber
[2020/05/11 17:01:33.893] - eth_blockNumber
[2020/05/11 17:01:39.334] - eth_call
[2020/05/11 17:01:39.361] - eth_call
[2020/05/11 17:01:39.399] - eth_call
[2020/05/11 17:01:39.453] - eth_call
[2020/05/11 17:01:39.539] - eth_call
[2020/05/11 17:01:51.631] - eth_blockNumber
[2020/05/11 17:01:53.912] - eth_blockNumber
[2020/05/11 17:02:11.671] - eth_blockNumber
[2020/05/11 17:02:13.949] - eth_blockNumber
[2020/05/11 17:02:31.697] - eth_blockNumber
[2020/05/11 17:02:33.965] - eth_blockNumber
[2020/05/11 17:02:51.746] - eth_blockNumber
[2020/05/11 17:02:53.984] - eth_blockNumber
[2020/05/11 17:03:11.773] - eth_blockNumber
[2020/05/11 17:03:13.999] - eth_blockNumber
[2020/05/11 17:03:31.850] - eth_blockNumber
[2020/05/11 17:03:34.046] - eth_blockNumber
[2020/05/11 17:03:51.888] - eth_blockNumber
[2020/05/11 17:03:54.069] - eth_blockNumber
[2020/05/11 17:04:11.900] - eth_blockNumber
[2020/05/11 17:04:14.079] - eth_blockNumber
[2020/05/11 17:04:31.910] - eth_blockNumber
[2020/05/11 17:04:34.089] - eth_blockNumber
[2020/05/11 17:04:51.920] - eth_blockNumber
[2020/05/11 17:04:54.099] - eth_blockNumber
[2020/05/11 17:05:11.934] - eth_blockNumber
[2020/05/11 17:05:14.108] - eth_blockNumber
[2020/05/11 17:05:31.946] - eth_blockNumber
[2020/05/11 17:05:34.118] - eth_blockNumber
[2020/05/11 17:05:51.953] - eth_blockNumber
[2020/05/11 17:05:54.126] - eth_blockNumber
[2020/05/11 17:06:11.969] - eth_blockNumber
[2020/05/11 17:06:14.154] - eth_blockNumber
[2020/05/11 17:06:31.990] - eth_blockNumber
[2020/05/11 17:06:34.178] - eth_blockNumber
[2020/05/11 17:06:52.006] - eth_blockNumber
[2020/05/11 17:06:54.205] - eth_blockNumber
[2020/05/11 17:07:12.045] - eth_blockNumber
[2020/05/11 17:07:14.241] - eth_blockNumber
[2020/05/11 17:07:32.063] - eth_blockNumber
[2020/05/11 17:07:34.259] - eth_blockNumber
[2020/05/11 17:07:52.084] - eth_blockNumber
[2020/05/11 17:07:54.286] - eth_blockNumber
[2020/05/11 17:08:12.092] - eth_blockNumber
[2020/05/11 17:08:14.301] - eth_blockNumber
[2020/05/11 17:08:32.123] - eth_blockNumber
[2020/05/11 17:08:34.326] - eth_blockNumber
[2020/05/11 17:08:52.137] - eth_blockNumber
[2020/05/11 17:08:54.353] - eth_blockNumber
[2020/05/11 17:09:12.170] - eth_blockNumber
[2020/05/11 17:09:14.405] - eth_blockNumber
[2020/05/11 17:09:32.190] - eth_blockNumber
[2020/05/11 17:09:34.450] - eth_blockNumber
[2020/05/11 17:09:52.222] - eth_blockNumber
[2020/05/11 17:09:54.480] - eth_blockNumber
[2020/05/11 17:10:12.254] - eth_blockNumber
[2020/05/11 17:10:14.516] - eth_blockNumber
[2020/05/11 17:10:32.292] - eth_blockNumber
[2020/05/11 17:10:34.555] - eth_blockNumber
[2020/05/11 17:10:52.317] - eth_blockNumber
[2020/05/11 17:10:54.605] - eth_blockNumber
[2020/05/11 17:11:12.364] - eth_blockNumber
[2020/05/11 17:11:14.654] - eth_blockNumber
[2020/05/11 17:11:32.395] - eth_blockNumber
[2020/05/11 17:11:34.703] - eth_blockNumber
[2020/05/11 17:11:52.451] - eth_blockNumber
[2020/05/11 17:11:54.761] - eth_blockNumber
[2020/05/11 17:12:12.478] - eth_blockNumber
[2020/05/11 17:12:14.794] - eth_blockNumber
[2020/05/11 17:12:32.500] - eth_blockNumber
[2020/05/11 17:12:34.867] - eth_blockNumber
[2020/05/11 17:12:52.525] - eth_blockNumber
[2020/05/11 17:12:54.896] - eth_blockNumber
[2020/05/11 17:13:12.559] - eth_blockNumber
[2020/05/11 17:13:14.939] - eth_blockNumber
[2020/05/11 17:13:32.579] - eth_blockNumber
[2020/05/11 17:13:34.956] - eth_blockNumber
[2020/05/11 17:13:52.607] - eth_blockNumber
[2020/05/11 17:13:54.988] - eth_blockNumber
[2020/05/11 17:14:12.649] - eth_blockNumber
[2020/05/11 17:14:15.153] - eth_blockNumber
[2020/05/11 17:14:32.680] - eth_blockNumber
[2020/05/11 17:14:35.212] - eth_blockNumber
[2020/05/11 17:14:52.695] - eth_blockNumber
[2020/05/11 17:14:55.232] - eth_blockNumber
[2020/05/11 17:15:12.719] - eth_blockNumber
[2020/05/11 17:15:15.274] - eth_blockNumber
[2020/05/11 17:15:32.740] - eth_blockNumber
[2020/05/11 17:15:35.293] - eth_blockNumber
[2020/05/11 17:15:52.763] - eth_blockNumber
[2020/05/11 17:15:55.333] - eth_blockNumber
[2020/05/11 17:16:12.789] - eth_blockNumber
[2020/05/11 17:16:15.363] - eth_blockNumber
[2020/05/11 17:16:32.828] - eth_blockNumber
[2020/05/11 17:16:35.416] - eth_blockNumber
[2020/05/11 17:16:52.875] - eth_blockNumber
[2020/05/11 17:16:55.450] - eth_blockNumber
[2020/05/11 17:17:12.896] - eth_blockNumber
[2020/05/11 17:17:15.486] - eth_blockNumber
[2020/05/11 17:17:32.916] - eth_blockNumber
[2020/05/11 17:17:35.517] - eth_blockNumber
[2020/05/11 17:17:52.962] - eth_blockNumber
[2020/05/11 17:17:55.551] - eth_blockNumber
[2020/05/11 17:18:12.999] - eth_blockNumber
[2020/05/11 17:18:15.581] - eth_blockNumber
[2020/05/11 17:18:33.060] - eth_blockNumber
[2020/05/11 17:18:35.619] - eth_blockNumber
[2020/05/11 17:18:53.101] - eth_blockNumber
[2020/05/11 17:18:55.653] - eth_blockNumber
[2020/05/11 17:19:13.137] - eth_blockNumber
[2020/05/11 17:19:15.690] - eth_blockNumber
[2020/05/11 17:19:33.170] - eth_blockNumber
[2020/05/11 17:19:35.750] - eth_blockNumber
[2020/05/11 17:19:53.196] - eth_blockNumber
[2020/05/11 17:19:55.770] - eth_blockNumber
[2020/05/11 17:20:13.229] - eth_blockNumber
[2020/05/11 17:20:15.804] - eth_blockNumber
[2020/05/11 17:20:33.262] - eth_blockNumber
[2020/05/11 17:20:35.848] - eth_blockNumber
[2020/05/11 17:20:53.290] - eth_blockNumber
[2020/05/11 17:20:55.871] - eth_blockNumber
[2020/05/11 17:21:13.318] - eth_blockNumber
[2020/05/11 17:21:15.892] - eth_blockNumber
[2020/05/11 17:21:33.333] - eth_blockNumber
[2020/05/11 17:21:35.909] - eth_blockNumber
[2020/05/11 17:21:53.350] - eth_blockNumber
[2020/05/11 17:21:55.931] - eth_blockNumber
[2020/05/11 17:22:13.361] - eth_blockNumber
[2020/05/11 17:22:15.952] - eth_blockNumber
[2020/05/11 17:22:33.372] - eth_blockNumber
[2020/05/11 17:22:35.981] - eth_blockNumber
[2020/05/11 17:22:53.382] - eth_blockNumber
[2020/05/11 17:22:55.993] - eth_blockNumber
[2020/05/11 17:23:13.392] - eth_blockNumber
[2020/05/11 17:23:16.005] - eth_blockNumber
[2020/05/11 17:23:33.399] - eth_blockNumber
[2020/05/11 17:23:36.022] - eth_blockNumber
[2020/05/11 17:23:53.412] - eth_blockNumber
[2020/05/11 17:23:56.032] - eth_blockNumber
[2020/05/11 17:24:13.426] - eth_blockNumber
[2020/05/11 17:24:16.044] - eth_blockNumber
[2020/05/11 17:24:33.442] - eth_blockNumber
[2020/05/11 17:24:36.161] - eth_blockNumber
[2020/05/11 17:24:53.463] - eth_blockNumber
[2020/05/11 17:24:56.178] - eth_blockNumber
[2020/05/11 17:25:13.482] - eth_blockNumber
[2020/05/11 17:25:16.199] - eth_blockNumber
[2020/05/11 17:25:33.494] - eth_blockNumber
[2020/05/11 17:25:36.216] - eth_blockNumber
[2020/05/11 17:25:53.510] - eth_blockNumber
[2020/05/11 17:25:56.227] - eth_blockNumber
[2020/05/11 17:26:13.521] - eth_blockNumber
[2020/05/11 17:26:16.247] - eth_blockNumber
[2020/05/11 17:26:33.544] - eth_blockNumber
[2020/05/11 17:26:36.259] - eth_blockNumber
[2020/05/11 17:26:53.568] - eth_blockNumber
[2020/05/11 17:26:56.278] - eth_blockNumber
[2020/05/11 17:27:13.588] - eth_blockNumber
[2020/05/11 17:27:16.287] - eth_blockNumber
[2020/05/11 17:27:33.603] - eth_blockNumber
[2020/05/11 17:27:36.295] - eth_blockNumber
[2020/05/11 17:27:53.621] - eth_blockNumber
[2020/05/11 17:27:56.310] - eth_blockNumber
[2020/05/11 17:28:13.632] - eth_blockNumber
[2020/05/11 17:28:16.319] - eth_blockNumber
[2020/05/11 17:28:33.650] - eth_blockNumber
[2020/05/11 17:28:36.328] - eth_blockNumber
[2020/05/11 17:28:53.657] - eth_blockNumber
[2020/05/11 17:28:56.339] - eth_blockNumber
[2020/05/11 17:29:13.663] - eth_blockNumber
[2020/05/11 17:29:16.348] - eth_blockNumber
[2020/05/11 17:29:33.669] - eth_blockNumber
[2020/05/11 17:29:36.357] - eth_blockNumber
[2020/05/11 17:29:53.677] - eth_blockNumber
[2020/05/11 17:29:56.376] - eth_blockNumber
[2020/05/11 17:30:13.682] - eth_blockNumber
[2020/05/11 17:30:16.384] - eth_blockNumber
[2020/05/11 17:30:33.689] - eth_blockNumber
[2020/05/11 17:30:36.391] - eth_blockNumber
[2020/05/11 17:30:53.694] - eth_blockNumber
[2020/05/11 17:30:56.401] - eth_blockNumber
[2020/05/11 17:31:13.701] - eth_blockNumber
[2020/05/11 17:31:16.411] - eth_blockNumber
[2020/05/11 17:31:33.707] - eth_blockNumber
[2020/05/11 17:31:36.420] - eth_blockNumber
[2020/05/11 17:31:53.713] - eth_blockNumber
[2020/05/11 17:31:56.431] - eth_blockNumber
[2020/05/11 17:32:13.718] - eth_blockNumber
[2020/05/11 17:32:16.443] - eth_blockNumber
[2020/05/11 17:32:33.723] - eth_blockNumber
[2020/05/11 17:32:36.455] - eth_blockNumber
[2020/05/11 17:32:53.737] - eth_blockNumber
[2020/05/11 17:32:56.470] - eth_blockNumber
[2020/05/11 17:33:13.761] - eth_blockNumber
[2020/05/11 17:33:16.523] - eth_blockNumber
[2020/05/11 17:33:33.800] - eth_blockNumber
[2020/05/11 17:33:51.778] - eth_unsubscribe
[2020/05/11 17:33:51.779] - eth_unsubscribe
