[2020/05/11 00:46:25.626] - Starting server (version 2.1.2) with initial configuration: {"gasLimit":6721975,"gasPrice":20000000000,"hardfork":"petersburg","hostname":"127.0.0.1","port":7545,"network_id":5777,"default_balance_ether":100,"total_accounts":10,"unlocked_accounts":[],"locked":false,"vmErrorsOnRPCResponse":true,"verbose":false,"db_path":"/home/nash/.config/Ganache/workspaces/identity-wallet/chaindata","logDirectory":"/home/nash/Documents/Projects/Blockchain/Project/identity-wallet/wallet-web-app/logs"}
[2020/05/11 00:46:25.844] - eth_blockNumber
[2020/05/11 00:46:26.013] - eth_getBlockByNumber
[2020/05/11 00:46:26.047] - eth_getBlockByNumber
[2020/05/11 00:46:26.050] - eth_getBlockByNumber
[2020/05/11 00:46:26.054] - eth_getBlockByNumber
[2020/05/11 00:46:26.067] - eth_getBlockByNumber
[2020/05/11 00:46:26.071] - eth_getBlockByNumber
[2020/05/11 00:46:26.076] - eth_getBlockByNumber
[2020/05/11 00:46:26.111] - eth_getBlockByNumber
[2020/05/11 00:46:26.130] - eth_getBlockByNumber
[2020/05/11 00:46:26.144] - eth_getBlockByNumber
[2020/05/11 00:46:26.189] - eth_getBlockByNumber
[2020/05/11 00:46:26.211] - eth_getBlockByNumber
[2020/05/11 00:46:26.242] - eth_getBlockByNumber
[2020/05/11 00:46:26.253] - eth_getBlockByNumber
[2020/05/11 00:46:26.269] - eth_getBlockByNumber
[2020/05/11 00:46:26.284] - eth_getBlockByNumber
[2020/05/11 00:46:26.288] - eth_getBlockByNumber
[2020/05/11 00:46:26.299] - eth_getBlockByNumber
[2020/05/11 00:46:26.306] - eth_getBlockByNumber
[2020/05/11 00:46:26.348] - eth_getBlockByNumber
[2020/05/11 00:46:26.369] - eth_getBlockByNumber
[2020/05/11 00:46:26.395] - eth_getBlockByNumber
[2020/05/11 00:46:26.432] - eth_getBlockByNumber
[2020/05/11 00:46:26.466] - eth_getBlockByNumber
[2020/05/11 00:46:26.480] - eth_getBlockByNumber
[2020/05/11 00:46:26.484] - eth_getBlockByNumber
[2020/05/11 00:46:26.542] - eth_getBlockByNumber
[2020/05/11 00:46:26.553] - eth_getBlockByNumber
[2020/05/11 00:46:26.587] - eth_getBlockByNumber
[2020/05/11 00:46:26.626] - eth_getBlockByNumber
[2020/05/11 00:46:26.676] - eth_getBlockByNumber
[2020/05/11 00:46:26.703] - eth_subscribe
[2020/05/11 00:46:26.707] - eth_getBlockByNumber
[2020/05/11 00:46:26.709] - eth_getLogs
[2020/05/11 00:46:26.714] - eth_subscribe
[2020/05/11 00:46:26.715] - eth_getCode
[2020/05/11 00:46:26.723] - eth_getBlockByNumber
[2020/05/11 00:46:26.747] - eth_getBlockByNumber
[2020/05/11 00:46:26.764] - eth_getBlockByNumber
[2020/05/11 00:46:26.779] - eth_getBlockByNumber
[2020/05/11 00:46:26.796] - eth_getBlockByNumber
[2020/05/11 00:46:26.818] - eth_getBlockByNumber
[2020/05/11 00:46:26.842] - eth_getBlockByNumber
[2020/05/11 00:46:26.850] - eth_getCode
[2020/05/11 00:46:26.853] - eth_getBlockByNumber
[2020/05/11 00:46:26.887] - eth_getBlockByNumber
[2020/05/11 00:46:27.069] - eth_getCode
[2020/05/11 00:46:27.129] - eth_getCode
[2020/05/11 00:46:27.153] - eth_getCode
[2020/05/11 00:46:27.187] - eth_getCode
[2020/05/11 00:46:27.224] - eth_blockNumber
[2020/05/11 00:46:27.347] - eth_getBlockByNumber
[2020/05/11 00:46:27.353] - eth_getBlockByNumber
[2020/05/11 00:46:27.354] - eth_getBlockByNumber
[2020/05/11 00:46:27.374] - eth_getBlockByNumber
[2020/05/11 00:46:27.375] - eth_getBlockByNumber
[2020/05/11 00:46:27.379] - eth_getBlockByNumber
[2020/05/11 00:46:27.380] - eth_getBlockByNumber
[2020/05/11 00:46:27.380] - eth_getBlockByNumber
[2020/05/11 00:46:27.381] - eth_getBlockByNumber
[2020/05/11 00:46:27.382] - eth_getBlockByNumber
[2020/05/11 00:46:27.389] - eth_getBlockByNumber
[2020/05/11 00:46:27.402] - eth_getBlockByNumber
[2020/05/11 00:46:27.419] - eth_getBlockByNumber
[2020/05/11 00:46:27.427] - eth_getBlockByNumber
[2020/05/11 00:46:27.437] - eth_getBlockByNumber
[2020/05/11 00:46:27.506] - eth_getBlockByNumber
[2020/05/11 00:46:27.510] - eth_getBlockByNumber
[2020/05/11 00:46:27.534] - eth_getBlockByNumber
[2020/05/11 00:46:27.548] - eth_getBlockByNumber
[2020/05/11 00:46:27.562] - eth_getBlockByNumber
[2020/05/11 00:46:27.594] - eth_getBlockByNumber
[2020/05/11 00:46:27.596] - eth_getBlockByNumber
[2020/05/11 00:46:27.626] - eth_getBlockByNumber
[2020/05/11 00:46:27.652] - eth_getBlockByNumber
[2020/05/11 00:46:27.655] - eth_getBlockByNumber
[2020/05/11 00:46:27.665] - eth_getBlockByNumber
[2020/05/11 00:46:27.671] - eth_getBlockByNumber
[2020/05/11 00:46:27.678] - eth_getBlockByNumber
[2020/05/11 00:46:27.687] - eth_getBlockByNumber
[2020/05/11 00:46:27.691] - eth_getBlockByNumber
[2020/05/11 00:46:27.696] - eth_getBlockByNumber
[2020/05/11 00:46:27.700] - eth_getBlockByNumber
[2020/05/11 00:46:27.708] - eth_getBlockByNumber
[2020/05/11 00:46:27.712] - eth_getBlockByNumber
[2020/05/11 00:46:27.721] - eth_getBlockByNumber
[2020/05/11 00:46:27.722] - eth_getBlockByNumber
[2020/05/11 00:46:27.726] - eth_getBlockByNumber
[2020/05/11 00:46:27.734] - eth_getBlockByNumber
[2020/05/11 00:46:27.738] - eth_getBlockByNumber
[2020/05/11 00:46:27.743] - eth_getBlockByNumber
[2020/05/11 00:46:27.747] - eth_getBlockByNumber
[2020/05/11 00:46:30.672] - eth_accounts
[2020/05/11 00:46:30.673] - eth_gasPrice
[2020/05/11 00:46:30.673] - eth_getBlockByNumber
[2020/05/11 00:46:30.673] - eth_subscribe
[2020/05/11 00:46:30.675] - eth_blockNumber
[2020/05/11 00:46:30.880] - eth_getBalance
[2020/05/11 00:46:30.922] - eth_getTransactionCount
[2020/05/11 00:46:30.960] - eth_getBalance
[2020/05/11 00:46:31.004] - eth_getTransactionCount
[2020/05/11 00:46:31.043] - eth_getBalance
[2020/05/11 00:46:31.087] - eth_getTransactionCount
[2020/05/11 00:46:31.124] - eth_getBalance
[2020/05/11 00:46:31.167] - eth_getTransactionCount
[2020/05/11 00:46:31.209] - eth_getBalance
[2020/05/11 00:46:31.253] - eth_getTransactionCount
[2020/05/11 00:46:31.291] - eth_getBalance
[2020/05/11 00:46:31.334] - eth_getTransactionCount
[2020/05/11 00:46:31.373] - eth_getBalance
[2020/05/11 00:46:31.421] - eth_getTransactionCount
[2020/05/11 00:46:31.475] - eth_getBalance
[2020/05/11 00:46:31.522] - eth_getTransactionCount
[2020/05/11 00:46:31.564] - eth_getBalance
[2020/05/11 00:46:31.605] - eth_getTransactionCount
[2020/05/11 00:46:31.647] - eth_getBalance
[2020/05/11 00:46:31.688] - eth_getTransactionCount
[2020/05/11 00:46:32.263] - eth_getBalance
[2020/05/11 00:46:32.308] - eth_getTransactionCount
[2020/05/11 00:46:32.349] - eth_getBalance
[2020/05/11 00:46:32.390] - eth_getTransactionCount
[2020/05/11 00:46:32.444] - eth_getBalance
[2020/05/11 00:46:32.495] - eth_getTransactionCount
[2020/05/11 00:46:32.541] - eth_getBalance
[2020/05/11 00:46:32.587] - eth_getTransactionCount
[2020/05/11 00:46:32.628] - eth_getBalance
[2020/05/11 00:46:32.670] - eth_getTransactionCount
[2020/05/11 00:46:32.707] - eth_getBalance
[2020/05/11 00:46:32.753] - eth_getTransactionCount
[2020/05/11 00:46:32.789] - eth_getBalance
[2020/05/11 00:46:32.834] - eth_getTransactionCount
[2020/05/11 00:46:32.871] - eth_getBalance
[2020/05/11 00:46:32.910] - eth_getTransactionCount
[2020/05/11 00:46:32.949] - eth_getBalance
[2020/05/11 00:46:32.993] - eth_getTransactionCount
[2020/05/11 00:46:33.032] - eth_getBalance
[2020/05/11 00:46:33.073] - eth_getTransactionCount
[2020/05/11 00:46:46.222] - eth_blockNumber
[2020/05/11 00:46:47.407] - eth_blockNumber
[2020/05/11 00:47:06.242] - eth_blockNumber
[2020/05/11 00:47:07.417] - eth_blockNumber
[2020/05/11 00:47:26.253] - eth_blockNumber
[2020/05/11 00:47:27.431] - eth_blockNumber
[2020/05/11 00:47:46.263] - eth_blockNumber
[2020/05/11 00:47:47.438] - eth_blockNumber
[2020/05/11 00:48:06.279] - eth_blockNumber
[2020/05/11 00:48:07.445] - eth_blockNumber
[2020/05/11 00:48:26.293] - eth_blockNumber
[2020/05/11 00:48:27.453] - eth_blockNumber
[2020/05/11 00:48:46.310] - eth_blockNumber
[2020/05/11 00:48:47.463] - eth_blockNumber
[2020/05/11 00:49:06.326] - eth_blockNumber
[2020/05/11 00:49:07.473] - eth_blockNumber
[2020/05/11 00:49:26.348] - eth_blockNumber
[2020/05/11 00:49:27.480] - eth_blockNumber
[2020/05/11 00:49:46.367] - eth_blockNumber
[2020/05/11 00:49:47.489] - eth_blockNumber
[2020/05/11 00:50:06.382] - eth_blockNumber
[2020/05/11 00:50:07.503] - eth_blockNumber
[2020/05/11 00:50:26.404] - eth_blockNumber
[2020/05/11 00:50:27.518] - eth_blockNumber
[2020/05/11 00:50:46.426] - eth_blockNumber
[2020/05/11 00:50:47.529] - eth_blockNumber
[2020/05/11 00:51:06.452] - eth_blockNumber
[2020/05/11 00:51:07.541] - eth_blockNumber
[2020/05/11 00:51:26.476] - eth_blockNumber
[2020/05/11 00:51:27.551] - eth_blockNumber
[2020/05/11 00:51:46.503] - eth_blockNumber
[2020/05/11 00:51:47.566] - eth_blockNumber
[2020/05/11 00:52:06.531] - eth_blockNumber
[2020/05/11 00:52:07.584] - eth_blockNumber
[2020/05/11 00:52:26.582] - eth_blockNumber
[2020/05/11 00:52:27.606] - eth_blockNumber
[2020/05/11 00:52:46.610] - eth_blockNumber
[2020/05/11 00:52:47.615] - eth_blockNumber
[2020/05/11 00:53:06.634] - eth_blockNumber
[2020/05/11 00:53:07.639] - eth_blockNumber
[2020/05/11 00:53:26.657] - eth_blockNumber
[2020/05/11 00:53:27.675] - eth_blockNumber
[2020/05/11 00:53:46.668] - eth_blockNumber
[2020/05/11 00:53:47.685] - eth_blockNumber
[2020/05/11 00:54:06.685] - eth_blockNumber
[2020/05/11 00:54:07.702] - eth_blockNumber
[2020/05/11 00:54:26.697] - eth_blockNumber
[2020/05/11 00:54:27.717] - eth_blockNumber
[2020/05/11 00:54:46.709] - eth_blockNumber
[2020/05/11 00:54:47.739] - eth_blockNumber
[2020/05/11 00:55:06.817] - eth_blockNumber
[2020/05/11 00:55:07.762] - eth_blockNumber
[2020/05/11 00:55:26.897] - eth_blockNumber
[2020/05/11 00:55:27.824] - eth_blockNumber
[2020/05/11 00:55:38.287] - eth_blockNumber
[2020/05/11 00:55:38.298] - net_version
[2020/05/11 00:55:38.335] - eth_getBlockByNumber
[2020/05/11 00:55:38.337] - eth_getBlockByNumber
[2020/05/11 00:55:41.656] - eth_getBalance
[2020/05/11 00:55:41.657] - eth_blockNumber
[2020/05/11 00:55:46.771] - eth_getTransactionCount
[2020/05/11 00:55:46.896] - net_version
[2020/05/11 00:55:46.940] - net_version
[2020/05/11 00:55:47.853] - eth_blockNumber
[2020/05/11 00:55:50.893] - eth_call
[2020/05/11 00:55:58.347] - eth_blockNumber
[2020/05/11 00:56:07.873] - eth_blockNumber
[2020/05/11 00:56:18.366] - eth_blockNumber
[2020/05/11 00:56:27.900] - eth_blockNumber
[2020/05/11 00:56:38.392] - eth_blockNumber
[2020/05/11 00:56:47.921] - eth_blockNumber
[2020/05/11 00:56:58.410] - eth_blockNumber
[2020/05/11 00:57:07.938] - eth_blockNumber
[2020/05/11 00:57:18.432] - eth_blockNumber
[2020/05/11 00:57:27.967] - eth_blockNumber
[2020/05/11 00:57:38.453] - eth_blockNumber
[2020/05/11 00:57:47.981] - eth_blockNumber
[2020/05/11 00:57:58.470] - eth_blockNumber
[2020/05/11 00:58:07.996] - eth_blockNumber
[2020/05/11 00:58:18.490] - eth_blockNumber
[2020/05/11 00:58:22.338] - eth_call
[2020/05/11 00:58:22.351] - eth_call
[2020/05/11 00:58:22.373] - eth_call
[2020/05/11 00:58:22.385] - eth_call
[2020/05/11 00:58:22.397] - eth_call
[2020/05/11 00:58:28.009] - eth_blockNumber
[2020/05/11 00:58:38.507] - eth_blockNumber
[2020/05/11 00:58:48.025] - eth_blockNumber
[2020/05/11 00:58:58.517] - eth_blockNumber
[2020/05/11 00:59:08.039] - eth_blockNumber
[2020/05/11 00:59:18.529] - eth_blockNumber
[2020/05/11 00:59:28.056] - eth_blockNumber
[2020/05/11 00:59:38.544] - eth_blockNumber
[2020/05/11 00:59:48.069] - eth_blockNumber
[2020/05/11 00:59:58.559] - eth_blockNumber
[2020/05/11 01:00:08.082] - eth_blockNumber
[2020/05/11 01:00:18.574] - eth_blockNumber
[2020/05/11 01:00:28.099] - eth_blockNumber
[2020/05/11 01:00:38.591] - eth_blockNumber
[2020/05/11 01:00:48.111] - eth_blockNumber
[2020/05/11 01:00:58.609] - eth_blockNumber
[2020/05/11 01:01:08.125] - eth_blockNumber
[2020/05/11 01:01:18.621] - eth_blockNumber
[2020/05/11 01:01:28.141] - eth_blockNumber
[2020/05/11 01:01:38.633] - eth_blockNumber
[2020/05/11 01:01:48.155] - eth_blockNumber
[2020/05/11 01:01:58.665] - eth_blockNumber
[2020/05/11 01:02:08.173] - eth_blockNumber
[2020/05/11 01:02:10.245] - eth_gasPrice
[2020/05/11 01:02:10.345] - eth_getCode
[2020/05/11 01:02:10.859] - eth_estimateGas
[2020/05/11 01:02:16.183] - eth_sendRawTransaction
[2020/05/11 01:02:16.550] - 
[2020/05/11 01:02:16.551] -   Transaction: 0xaa9ef58f6735157ee0f51be8198c82ffe8f993faf5087647a79dcb6722bd4199
[2020/05/11 01:02:16.551] -   Gas usage: 286512
[2020/05/11 01:02:16.551] -   Block Number: 344
[2020/05/11 01:02:16.552] -   Block Time: Mon May 11 2020 01:02:16 GMT+0100 (IST)
[2020/05/11 01:02:16.552] - 
[2020/05/11 01:02:16.556] - eth_getBlockByNumber
[2020/05/11 01:02:16.863] - eth_getBalance
[2020/05/11 01:02:16.910] - eth_getTransactionCount
[2020/05/11 01:02:16.980] - eth_getBalance
[2020/05/11 01:02:17.045] - eth_getTransactionCount
[2020/05/11 01:02:17.138] - eth_getBalance
[2020/05/11 01:02:17.453] - eth_getTransactionCount
[2020/05/11 01:02:17.574] - eth_getBalance
[2020/05/11 01:02:17.648] - eth_getTransactionCount
[2020/05/11 01:02:17.743] - eth_getBalance
[2020/05/11 01:02:17.854] - eth_getTransactionCount
[2020/05/11 01:02:17.947] - eth_getBalance
[2020/05/11 01:02:18.188] - eth_getTransactionCount
[2020/05/11 01:02:18.408] - eth_getBalance
[2020/05/11 01:02:18.515] - eth_getTransactionReceipt
[2020/05/11 01:02:18.561] - eth_getTransactionCount
[2020/05/11 01:02:18.720] - eth_getBalance
[2020/05/11 01:02:18.819] - eth_getTransactionCount
[2020/05/11 01:02:19.045] - eth_getBalance
[2020/05/11 01:02:19.175] - eth_getTransactionCount
[2020/05/11 01:02:19.271] - eth_getBalance
[2020/05/11 01:02:19.420] - eth_getTransactionCount
[2020/05/11 01:02:21.992] - eth_blockNumber
[2020/05/11 01:02:25.742] - eth_blockNumber
[2020/05/11 01:02:26.446] - eth_getBlockByNumber
[2020/05/11 01:02:26.447] - eth_getBlockByNumber
[2020/05/11 01:02:26.462] - eth_call
[2020/05/11 01:02:26.463] - eth_call
[2020/05/11 01:02:26.466] - eth_call
[2020/05/11 01:02:26.467] - eth_call
[2020/05/11 01:02:26.467] - eth_call
[2020/05/11 01:02:26.765] - eth_getTransactionCount
[2020/05/11 01:02:26.822] - eth_getBalance
[2020/05/11 01:02:28.190] - eth_blockNumber
[2020/05/11 01:02:28.201] - eth_getBlockByNumber
[2020/05/11 01:02:30.629] - eth_getTransactionReceipt
[2020/05/11 01:02:32.377] - eth_call
[2020/05/11 01:02:35.963] - eth_call
[2020/05/11 01:02:46.326] - eth_blockNumber
[2020/05/11 01:02:48.206] - eth_blockNumber
[2020/05/11 01:03:06.342] - eth_blockNumber
[2020/05/11 01:03:08.215] - eth_blockNumber
[2020/05/11 01:03:26.351] - eth_blockNumber
[2020/05/11 01:03:28.224] - eth_blockNumber
[2020/05/11 01:03:46.359] - eth_blockNumber
[2020/05/11 01:03:48.237] - eth_blockNumber
[2020/05/11 01:04:06.373] - eth_blockNumber
[2020/05/11 01:04:08.251] - eth_blockNumber
[2020/05/11 01:04:26.389] - eth_blockNumber
[2020/05/11 01:04:28.264] - eth_blockNumber
[2020/05/11 01:04:46.406] - eth_blockNumber
[2020/05/11 01:04:48.274] - eth_blockNumber
[2020/05/11 01:05:06.420] - eth_blockNumber
[2020/05/11 01:05:08.289] - eth_blockNumber
[2020/05/11 01:05:26.439] - eth_blockNumber
[2020/05/11 01:05:28.302] - eth_blockNumber
[2020/05/11 01:05:46.463] - eth_blockNumber
[2020/05/11 01:05:48.314] - eth_blockNumber
[2020/05/11 01:06:06.480] - eth_blockNumber
[2020/05/11 01:06:08.333] - eth_blockNumber
[2020/05/11 01:06:26.504] - eth_blockNumber
[2020/05/11 01:06:28.351] - eth_blockNumber
[2020/05/11 01:06:46.526] - eth_blockNumber
[2020/05/11 01:06:48.363] - eth_blockNumber
[2020/05/11 01:07:06.538] - eth_blockNumber
[2020/05/11 01:07:08.376] - eth_blockNumber
[2020/05/11 01:07:26.554] - eth_blockNumber
[2020/05/11 01:07:28.389] - eth_blockNumber
[2020/05/11 01:07:46.573] - eth_blockNumber
[2020/05/11 01:07:48.404] - eth_blockNumber
[2020/05/11 01:08:06.590] - eth_blockNumber
[2020/05/11 01:08:08.418] - eth_blockNumber
[2020/05/11 01:08:26.611] - eth_blockNumber
[2020/05/11 01:08:28.436] - eth_blockNumber
[2020/05/11 01:08:46.624] - eth_blockNumber
[2020/05/11 01:08:48.460] - eth_blockNumber
[2020/05/11 01:08:52.876] - net_version
[2020/05/11 01:08:57.613] - eth_call
[2020/05/11 01:08:57.984] - eth_call
[2020/05/11 01:08:58.002] - eth_call
[2020/05/11 01:08:58.020] - eth_call
[2020/05/11 01:08:58.040] - eth_call
[2020/05/11 01:09:06.636] - eth_blockNumber
[2020/05/11 01:09:08.475] - eth_blockNumber
[2020/05/11 01:09:26.659] - eth_blockNumber
[2020/05/11 01:09:28.495] - eth_blockNumber
[2020/05/11 01:09:46.670] - eth_blockNumber
[2020/05/11 01:09:48.520] - eth_blockNumber
[2020/05/11 01:10:06.683] - eth_blockNumber
[2020/05/11 01:10:08.534] - eth_blockNumber
[2020/05/11 01:10:26.694] - eth_blockNumber
[2020/05/11 01:10:27.197] - eth_call
[2020/05/11 01:10:27.213] - eth_call
[2020/05/11 01:10:28.555] - eth_blockNumber
[2020/05/11 01:10:46.704] - eth_blockNumber
[2020/05/11 01:10:48.579] - eth_blockNumber
[2020/05/11 01:11:06.715] - eth_blockNumber
[2020/05/11 01:11:08.596] - eth_blockNumber
[2020/05/11 01:11:26.730] - eth_blockNumber
[2020/05/11 01:11:28.605] - eth_blockNumber
[2020/05/11 01:11:46.744] - eth_blockNumber
[2020/05/11 01:11:48.621] - eth_blockNumber
[2020/05/11 01:12:06.755] - eth_blockNumber
[2020/05/11 01:12:08.643] - eth_blockNumber
[2020/05/11 01:12:26.779] - eth_blockNumber
[2020/05/11 01:12:28.666] - eth_blockNumber
[2020/05/11 01:12:46.802] - eth_blockNumber
[2020/05/11 01:12:48.678] - eth_blockNumber
[2020/05/11 01:13:06.818] - eth_blockNumber
[2020/05/11 01:13:08.690] - eth_blockNumber
[2020/05/11 01:13:26.836] - eth_blockNumber
[2020/05/11 01:13:28.709] - eth_blockNumber
[2020/05/11 01:13:46.857] - eth_blockNumber
[2020/05/11 01:13:48.730] - eth_blockNumber
[2020/05/11 01:14:06.874] - eth_blockNumber
[2020/05/11 01:14:08.746] - eth_blockNumber
[2020/05/11 01:14:26.889] - eth_blockNumber
[2020/05/11 01:14:28.764] - eth_blockNumber
[2020/05/11 01:14:46.909] - eth_blockNumber
[2020/05/11 01:14:48.777] - eth_blockNumber
[2020/05/11 01:15:06.929] - eth_blockNumber
[2020/05/11 01:15:08.790] - eth_blockNumber
[2020/05/11 01:15:26.949] - eth_blockNumber
[2020/05/11 01:15:28.799] - eth_blockNumber
[2020/05/11 01:15:46.968] - eth_blockNumber
[2020/05/11 01:15:48.811] - eth_blockNumber
[2020/05/11 01:16:06.984] - eth_blockNumber
[2020/05/11 01:16:08.827] - eth_blockNumber
[2020/05/11 01:16:26.995] - eth_blockNumber
[2020/05/11 01:16:28.840] - eth_blockNumber
[2020/05/11 01:16:47.006] - eth_blockNumber
[2020/05/11 01:16:48.851] - eth_blockNumber
[2020/05/11 01:17:07.017] - eth_blockNumber
[2020/05/11 01:17:08.858] - eth_blockNumber
[2020/05/11 01:17:14.039] - net_version
[2020/05/11 01:17:18.853] - net_version
[2020/05/11 01:17:27.040] - eth_blockNumber
[2020/05/11 01:17:28.873] - eth_blockNumber
[2020/05/11 01:17:47.055] - eth_blockNumber
[2020/05/11 01:17:48.881] - eth_blockNumber
[2020/05/11 01:18:07.077] - eth_blockNumber
[2020/05/11 01:18:08.890] - eth_blockNumber
[2020/05/11 01:18:27.105] - eth_blockNumber
[2020/05/11 01:18:28.902] - eth_blockNumber
[2020/05/11 01:18:47.120] - eth_blockNumber
[2020/05/11 01:18:48.930] - eth_blockNumber
[2020/05/11 01:19:07.134] - eth_blockNumber
[2020/05/11 01:19:08.938] - eth_blockNumber
[2020/05/11 01:19:27.151] - eth_blockNumber
[2020/05/11 01:19:28.954] - eth_blockNumber
[2020/05/11 01:19:47.188] - eth_blockNumber
[2020/05/11 01:19:48.963] - eth_blockNumber
[2020/05/11 01:20:07.209] - eth_blockNumber
[2020/05/11 01:20:08.975] - eth_blockNumber
[2020/05/11 01:20:21.658] - net_version
[2020/05/11 01:20:27.233] - eth_blockNumber
[2020/05/11 01:20:28.983] - eth_blockNumber
[2020/05/11 01:20:38.436] - eth_blockNumber
[2020/05/11 01:20:47.254] - eth_blockNumber
[2020/05/11 01:20:48.990] - eth_blockNumber
[2020/05/11 01:21:07.268] - eth_blockNumber
[2020/05/11 01:21:09.001] - eth_blockNumber
[2020/05/11 01:21:27.282] - eth_blockNumber
[2020/05/11 01:21:29.011] - eth_blockNumber
[2020/05/11 01:21:47.298] - eth_blockNumber
[2020/05/11 01:21:49.025] - eth_blockNumber
[2020/05/11 01:22:07.315] - eth_blockNumber
[2020/05/11 01:22:09.044] - eth_blockNumber
[2020/05/11 01:22:27.333] - eth_blockNumber
[2020/05/11 01:22:29.063] - eth_blockNumber
[2020/05/11 01:22:47.350] - eth_blockNumber
[2020/05/11 01:22:49.076] - eth_blockNumber
[2020/05/11 01:23:07.359] - eth_blockNumber
[2020/05/11 01:23:09.093] - eth_blockNumber
[2020/05/11 01:23:27.372] - eth_blockNumber
[2020/05/11 01:23:29.104] - eth_blockNumber
[2020/05/11 01:23:47.389] - eth_blockNumber
[2020/05/11 01:23:49.114] - eth_blockNumber
[2020/05/11 01:24:07.406] - eth_blockNumber
[2020/05/11 01:24:09.129] - eth_blockNumber
[2020/05/11 01:24:27.427] - eth_blockNumber
[2020/05/11 01:24:29.143] - eth_blockNumber
[2020/05/11 01:24:47.440] - eth_blockNumber
[2020/05/11 01:24:49.154] - eth_blockNumber
[2020/05/11 01:25:07.455] - eth_blockNumber
[2020/05/11 01:25:09.164] - eth_blockNumber
[2020/05/11 01:25:27.472] - eth_blockNumber
[2020/05/11 01:25:29.176] - eth_blockNumber
[2020/05/11 01:25:47.486] - eth_blockNumber
[2020/05/11 01:25:49.186] - eth_blockNumber
[2020/05/11 01:26:07.497] - eth_blockNumber
[2020/05/11 01:26:09.193] - eth_blockNumber
[2020/05/11 01:26:27.510] - eth_blockNumber
[2020/05/11 01:26:29.206] - eth_blockNumber
[2020/05/11 01:26:47.531] - eth_blockNumber
[2020/05/11 01:26:49.220] - eth_blockNumber
[2020/05/11 01:27:07.549] - eth_blockNumber
[2020/05/11 01:27:09.234] - eth_blockNumber
[2020/05/11 01:27:27.566] - eth_blockNumber
[2020/05/11 01:27:29.246] - eth_blockNumber
[2020/05/11 01:27:47.586] - eth_blockNumber
[2020/05/11 01:27:49.257] - eth_blockNumber
[2020/05/11 01:28:07.605] - eth_blockNumber
[2020/05/11 01:28:09.269] - eth_blockNumber
[2020/05/11 01:28:27.620] - eth_blockNumber
[2020/05/11 01:28:29.285] - eth_blockNumber
[2020/05/11 01:28:47.635] - eth_blockNumber
[2020/05/11 01:28:49.300] - eth_blockNumber
[2020/05/11 01:29:07.650] - eth_blockNumber
[2020/05/11 01:29:09.314] - eth_blockNumber
[2020/05/11 01:29:27.664] - eth_blockNumber
[2020/05/11 01:29:29.325] - eth_blockNumber
[2020/05/11 01:29:47.676] - eth_blockNumber
[2020/05/11 01:29:49.336] - eth_blockNumber
[2020/05/11 01:30:07.688] - eth_blockNumber
[2020/05/11 01:30:09.343] - eth_blockNumber
[2020/05/11 01:30:27.699] - eth_blockNumber
[2020/05/11 01:30:29.351] - eth_blockNumber
[2020/05/11 01:30:49.371] - eth_blockNumber
[2020/05/11 01:31:09.392] - eth_blockNumber
[2020/05/11 01:31:29.417] - eth_blockNumber
[2020/05/11 01:31:36.643] - net_version
[2020/05/11 01:31:36.645] - eth_blockNumber
[2020/05/11 01:31:36.647] - net_version
[2020/05/11 01:31:38.198] - eth_getBlockByNumber
[2020/05/11 01:31:38.199] - eth_getBlockByNumber
[2020/05/11 01:31:38.265] - eth_getBlockByNumber
[2020/05/11 01:31:38.275] - eth_getBlockByNumber
[2020/05/11 01:31:38.279] - eth_getBlockByNumber
[2020/05/11 01:31:38.285] - eth_getBlockByNumber
[2020/05/11 01:31:38.285] - eth_getBlockByNumber
[2020/05/11 01:31:38.286] - eth_getBlockByNumber
[2020/05/11 01:31:38.286] - eth_getBlockByNumber
[2020/05/11 01:31:38.293] - eth_getBlockByNumber
[2020/05/11 01:31:38.297] - eth_getBlockByNumber
[2020/05/11 01:31:38.300] - eth_getBlockByNumber
[2020/05/11 01:31:38.309] - eth_getBlockByNumber
[2020/05/11 01:31:38.324] - eth_getBlockByNumber
[2020/05/11 01:31:38.338] - eth_getBlockByNumber
[2020/05/11 01:31:38.360] - eth_getBlockByNumber
[2020/05/11 01:31:38.375] - eth_getBlockByNumber
[2020/05/11 01:31:38.421] - eth_getBlockByNumber
[2020/05/11 01:31:38.430] - eth_getBlockByNumber
[2020/05/11 01:31:38.461] - eth_getBlockByNumber
[2020/05/11 01:31:38.483] - eth_getBlockByNumber
[2020/05/11 01:31:38.495] - eth_getBlockByNumber
[2020/05/11 01:31:38.530] - eth_getBlockByNumber
[2020/05/11 01:31:38.548] - eth_getBlockByNumber
[2020/05/11 01:31:38.608] - eth_getBlockByNumber
[2020/05/11 01:31:38.623] - eth_getBlockByNumber
[2020/05/11 01:31:38.635] - eth_getBlockByNumber
[2020/05/11 01:31:38.656] - eth_getBlockByNumber
[2020/05/11 01:31:38.670] - eth_getBlockByNumber
[2020/05/11 01:31:38.695] - eth_getBlockByNumber
[2020/05/11 01:31:38.719] - eth_getBlockByNumber
[2020/05/11 01:31:38.732] - eth_getBlockByNumber
[2020/05/11 01:31:38.738] - eth_getBlockByNumber
[2020/05/11 01:31:38.763] - eth_getBlockByNumber
[2020/05/11 01:31:38.789] - eth_getBlockByNumber
[2020/05/11 01:31:38.808] - eth_getBlockByNumber
[2020/05/11 01:31:38.822] - eth_getBlockByNumber
[2020/05/11 01:31:38.830] - eth_getBlockByNumber
[2020/05/11 01:31:38.839] - eth_getBlockByNumber
[2020/05/11 01:31:38.849] - eth_getBlockByNumber
[2020/05/11 01:31:38.855] - eth_getBlockByNumber
[2020/05/11 01:31:49.487] - eth_blockNumber
[2020/05/11 01:31:58.312] - eth_blockNumber
[2020/05/11 01:32:00.812] - eth_getBalance
[2020/05/11 01:32:00.924] - eth_blockNumber
[2020/05/11 01:32:01.555] - net_version
[2020/05/11 01:32:09.522] - eth_blockNumber
[2020/05/11 01:32:18.358] - eth_blockNumber
[2020/05/11 01:32:24.242] - net_version
[2020/05/11 01:32:24.596] - eth_call
[2020/05/11 01:32:29.539] - eth_blockNumber
[2020/05/11 01:32:38.392] - eth_blockNumber
[2020/05/11 01:32:49.551] - eth_blockNumber
[2020/05/11 01:32:58.417] - eth_blockNumber
[2020/05/11 01:33:04.237] - eth_call
[2020/05/11 01:33:04.268] - eth_call
[2020/05/11 01:33:04.285] - eth_call
[2020/05/11 01:33:04.299] - eth_call
[2020/05/11 01:33:04.302] - eth_call
[2020/05/11 01:33:04.306] - eth_call
[2020/05/11 01:33:05.571] - eth_call
[2020/05/11 01:33:09.560] - eth_blockNumber
[2020/05/11 01:33:18.447] - eth_blockNumber
[2020/05/11 01:33:29.580] - eth_blockNumber
[2020/05/11 01:33:38.564] - eth_blockNumber
[2020/05/11 01:33:49.598] - eth_blockNumber
[2020/05/11 01:33:58.646] - eth_blockNumber
[2020/05/11 01:34:09.611] - eth_blockNumber
[2020/05/11 01:34:15.001] - eth_call
[2020/05/11 01:34:15.381] - eth_call
[2020/05/11 01:34:15.440] - eth_call
[2020/05/11 01:34:15.447] - eth_call
[2020/05/11 01:34:15.472] - eth_call
[2020/05/11 01:34:18.684] - eth_blockNumber
[2020/05/11 01:34:29.622] - eth_blockNumber
[2020/05/11 01:34:38.701] - eth_blockNumber
[2020/05/11 01:34:49.628] - eth_blockNumber
[2020/05/11 01:34:58.730] - eth_blockNumber
[2020/05/11 01:35:09.638] - eth_blockNumber
[2020/05/11 01:35:17.266] - eth_gasPrice
[2020/05/11 01:35:17.350] - eth_getCode
[2020/05/11 01:35:17.445] - eth_getBlockByNumber
[2020/05/11 01:35:17.801] - eth_estimateGas
[2020/05/11 01:35:20.628] - eth_blockNumber
[2020/05/11 01:35:21.797] - eth_getTransactionCount
[2020/05/11 01:35:29.652] - eth_blockNumber
[2020/05/11 01:35:30.987] - eth_sendRawTransaction
[2020/05/11 01:35:31.364] - 
[2020/05/11 01:35:31.364] -   Transaction: 0x9bb42d8058a4ce9e5e2f266e2842cc20d061d62179639ceb7b91f0a12bc14fc0
[2020/05/11 01:35:31.365] -   Gas usage: 287024
[2020/05/11 01:35:31.365] -   Block Number: 345
[2020/05/11 01:35:31.365] -   Block Time: Mon May 11 2020 01:35:30 GMT+0100 (IST)
[2020/05/11 01:35:31.365] - 
[2020/05/11 01:35:31.366] - eth_getBlockByNumber
[2020/05/11 01:35:31.711] - eth_getBalance
[2020/05/11 01:35:31.871] - eth_getTransactionCount
[2020/05/11 01:35:31.970] - eth_getBalance
[2020/05/11 01:35:32.112] - eth_getTransactionCount
[2020/05/11 01:35:32.275] - eth_getBalance
[2020/05/11 01:35:32.407] - eth_getTransactionCount
[2020/05/11 01:35:32.509] - eth_getBalance
[2020/05/11 01:35:32.695] - eth_getTransactionCount
[2020/05/11 01:35:32.909] - eth_getBalance
[2020/05/11 01:35:33.079] - eth_getTransactionCount
[2020/05/11 01:35:33.259] - eth_getBalance
[2020/05/11 01:35:33.476] - eth_getTransactionCount
[2020/05/11 01:35:33.654] - eth_getBalance
[2020/05/11 01:35:33.795] - eth_getTransactionCount
[2020/05/11 01:35:33.945] - eth_getBalance
[2020/05/11 01:35:34.094] - eth_getTransactionCount
[2020/05/11 01:35:34.194] - eth_getBalance
[2020/05/11 01:35:34.382] - eth_getTransactionCount
[2020/05/11 01:35:34.608] - eth_getBalance
[2020/05/11 01:35:34.782] - eth_getTransactionCount
[2020/05/11 01:35:37.394] - eth_getTransactionReceipt
[2020/05/11 01:35:39.668] - eth_blockNumber
[2020/05/11 01:35:41.545] - eth_getBlockByNumber
[2020/05/11 01:35:41.547] - eth_getBlockByNumber
[2020/05/11 01:35:41.549] - eth_getTransactionCount
[2020/05/11 01:35:41.549] - eth_call
[2020/05/11 01:35:41.555] - eth_call
[2020/05/11 01:35:41.557] - eth_call
[2020/05/11 01:35:41.584] - eth_call
[2020/05/11 01:35:41.592] - eth_call
[2020/05/11 01:35:41.602] - eth_call
[2020/05/11 01:35:41.807] - eth_getBalance
[2020/05/11 01:35:42.062] - eth_blockNumber
[2020/05/11 01:35:42.322] - eth_getTransactionReceipt
[2020/05/11 01:35:43.858] - eth_call
[2020/05/11 01:35:49.681] - eth_blockNumber
[2020/05/11 01:35:49.710] - eth_getBlockByNumber
[2020/05/11 01:35:49.817] - eth_getBalance
[2020/05/11 01:35:50.385] - eth_getTransactionByHash
[2020/05/11 01:35:50.802] - eth_call
[2020/05/11 01:35:52.019] - eth_getTransactionReceipt
[2020/05/11 01:35:53.364] - eth_getTransactionByHash
[2020/05/11 01:35:54.361] - eth_getTransactionReceipt
[2020/05/11 01:35:55.413] - eth_getTransactionByHash
[2020/05/11 01:35:56.476] - eth_getTransactionReceipt
[2020/05/11 01:35:57.410] - eth_getTransactionByHash
[2020/05/11 01:35:58.460] - eth_getTransactionReceipt
[2020/05/11 01:35:59.410] - eth_getTransactionByHash
[2020/05/11 01:36:00.815] - eth_getTransactionReceipt
[2020/05/11 01:36:03.108] - net_version
[2020/05/11 01:36:03.120] - eth_getCode
[2020/05/11 01:36:03.156] - eth_getBlockByNumber
[2020/05/11 01:36:03.172] - eth_getBalance
[2020/05/11 01:36:03.178] - eth_getTransactionCount
[2020/05/11 01:36:03.225] - eth_getStorageAt
[2020/05/11 01:36:03.423] - eth_blockNumber
[2020/05/11 01:36:09.704] - eth_blockNumber
[2020/05/11 01:36:23.457] - eth_blockNumber
[2020/05/11 01:36:29.732] - eth_blockNumber
[2020/05/11 01:36:43.482] - eth_blockNumber
[2020/05/11 01:36:49.749] - eth_blockNumber
[2020/05/11 01:37:03.503] - eth_blockNumber
[2020/05/11 01:37:09.774] - eth_blockNumber
[2020/05/11 01:37:23.521] - eth_blockNumber
[2020/05/11 01:37:29.792] - eth_blockNumber
[2020/05/11 01:37:43.532] - eth_blockNumber
[2020/05/11 01:37:49.801] - eth_blockNumber
[2020/05/11 01:38:03.543] - eth_blockNumber
[2020/05/11 01:38:09.846] - eth_blockNumber
[2020/05/11 01:38:23.552] - eth_blockNumber
[2020/05/11 01:38:29.867] - eth_blockNumber
[2020/05/11 01:38:43.571] - eth_blockNumber
[2020/05/11 01:38:49.879] - eth_blockNumber
[2020/05/11 01:39:03.586] - eth_blockNumber
[2020/05/11 01:39:09.908] - eth_blockNumber
[2020/05/11 01:39:23.607] - eth_blockNumber
[2020/05/11 01:39:29.922] - eth_blockNumber
[2020/05/11 01:39:43.646] - eth_blockNumber
[2020/05/11 01:39:49.929] - eth_blockNumber
[2020/05/11 01:40:03.665] - eth_blockNumber
[2020/05/11 01:40:09.936] - eth_blockNumber
[2020/05/11 01:40:23.684] - eth_blockNumber
[2020/05/11 01:40:29.948] - eth_blockNumber
[2020/05/11 01:40:43.704] - eth_blockNumber
[2020/05/11 01:40:49.966] - eth_blockNumber
[2020/05/11 01:40:58.678] - eth_call
[2020/05/11 01:40:58.707] - eth_call
[2020/05/11 01:40:58.710] - eth_call
[2020/05/11 01:40:58.713] - eth_call
[2020/05/11 01:40:58.746] - eth_call
[2020/05/11 01:40:58.752] - eth_call
[2020/05/11 01:40:59.058] - eth_call
[2020/05/11 01:41:03.711] - eth_blockNumber
[2020/05/11 01:41:09.974] - eth_blockNumber
[2020/05/11 01:41:23.732] - eth_blockNumber
[2020/05/11 01:41:29.986] - eth_blockNumber
[2020/05/11 01:41:43.752] - eth_blockNumber
[2020/05/11 01:41:50.004] - eth_blockNumber
[2020/05/11 01:42:03.762] - eth_blockNumber
[2020/05/11 01:42:10.035] - eth_blockNumber
[2020/05/11 01:42:23.782] - eth_blockNumber
[2020/05/11 01:42:30.057] - eth_blockNumber
[2020/05/11 01:42:43.799] - eth_blockNumber
[2020/05/11 01:42:50.064] - eth_blockNumber
[2020/05/11 01:43:03.814] - eth_blockNumber
[2020/05/11 01:43:10.074] - eth_blockNumber
[2020/05/11 01:43:23.822] - eth_blockNumber
[2020/05/11 01:43:30.085] - eth_blockNumber
[2020/05/11 01:43:43.832] - eth_blockNumber
[2020/05/11 01:43:50.096] - eth_blockNumber
[2020/05/11 01:44:03.841] - eth_blockNumber
[2020/05/11 01:44:10.107] - eth_blockNumber
[2020/05/11 01:44:23.849] - eth_blockNumber
[2020/05/11 01:44:30.116] - eth_blockNumber
[2020/05/11 01:44:43.856] - eth_blockNumber
[2020/05/11 01:44:50.127] - eth_blockNumber
[2020/05/11 01:45:03.872] - eth_blockNumber
[2020/05/11 01:45:10.143] - eth_blockNumber
[2020/05/11 01:45:23.894] - eth_blockNumber
[2020/05/11 01:45:30.152] - eth_blockNumber
[2020/05/11 01:45:43.905] - eth_blockNumber
[2020/05/11 01:45:50.171] - eth_blockNumber
[2020/05/11 01:46:03.922] - eth_blockNumber
[2020/05/11 01:46:10.187] - eth_blockNumber
[2020/05/11 01:46:23.935] - eth_blockNumber
[2020/05/11 01:46:30.197] - eth_blockNumber
[2020/05/11 01:46:43.947] - eth_blockNumber
[2020/05/11 01:46:50.217] - eth_blockNumber
[2020/05/11 01:47:03.991] - eth_blockNumber
[2020/05/11 01:47:10.236] - eth_blockNumber
[2020/05/11 01:47:24.017] - eth_blockNumber
[2020/05/11 01:47:30.271] - eth_blockNumber
[2020/05/11 01:47:44.028] - eth_blockNumber
[2020/05/11 01:47:50.279] - eth_blockNumber
[2020/05/11 01:48:04.050] - eth_blockNumber
[2020/05/11 01:48:10.295] - eth_blockNumber
[2020/05/11 01:48:24.061] - eth_blockNumber
[2020/05/11 01:48:30.307] - eth_blockNumber
[2020/05/11 01:48:44.079] - eth_blockNumber
[2020/05/11 01:48:50.316] - eth_blockNumber
[2020/05/11 01:49:04.091] - eth_blockNumber
[2020/05/11 01:49:10.325] - eth_blockNumber
[2020/05/11 01:49:24.102] - eth_blockNumber
[2020/05/11 01:49:30.351] - eth_blockNumber
[2020/05/11 01:49:44.114] - eth_blockNumber
[2020/05/11 01:49:50.360] - eth_blockNumber
[2020/05/11 01:50:04.141] - eth_blockNumber
[2020/05/11 01:50:10.385] - eth_blockNumber
[2020/05/11 01:50:24.152] - eth_blockNumber
[2020/05/11 01:50:30.406] - eth_blockNumber
[2020/05/11 01:50:44.167] - eth_blockNumber
[2020/05/11 01:50:50.424] - eth_blockNumber
[2020/05/11 01:51:04.179] - eth_blockNumber
[2020/05/11 01:51:10.431] - eth_blockNumber
[2020/05/11 01:51:24.190] - eth_blockNumber
[2020/05/11 01:51:30.446] - eth_blockNumber
[2020/05/11 01:51:44.209] - eth_blockNumber
[2020/05/11 01:51:50.465] - eth_blockNumber
[2020/05/11 01:52:04.234] - eth_blockNumber
[2020/05/11 01:52:10.482] - eth_blockNumber
[2020/05/11 01:52:25.047] - eth_blockNumber
[2020/05/11 01:52:30.517] - eth_blockNumber
[2020/05/11 01:52:50.530] - eth_blockNumber
[2020/05/11 01:53:10.567] - eth_blockNumber
[2020/05/11 01:53:30.605] - eth_blockNumber
[2020/05/11 01:53:50.652] - eth_blockNumber
[2020/05/11 01:54:10.695] - eth_blockNumber
[2020/05/11 01:54:30.728] - eth_blockNumber
[2020/05/11 01:54:50.747] - eth_blockNumber
[2020/05/11 01:55:10.786] - eth_blockNumber
[2020/05/11 01:55:30.832] - eth_blockNumber
[2020/05/11 01:55:50.874] - eth_blockNumber
[2020/05/11 01:56:10.934] - eth_blockNumber
[2020/05/11 01:56:31.016] - eth_blockNumber
[2020/05/11 01:56:51.079] - eth_blockNumber
[2020/05/11 01:57:11.106] - eth_blockNumber
[2020/05/11 01:57:29.758] - eth_blockNumber
[2020/05/11 01:57:29.760] - net_version
[2020/05/11 01:57:29.814] - net_version
[2020/05/11 01:57:31.123] - eth_blockNumber
[2020/05/11 01:57:31.653] - eth_getBlockByNumber
[2020/05/11 01:57:31.654] - eth_getBlockByNumber
[2020/05/11 01:57:31.658] - eth_getBlockByNumber
[2020/05/11 01:57:31.713] - eth_getBlockByNumber
[2020/05/11 01:57:31.719] - eth_getBlockByNumber
[2020/05/11 01:57:31.720] - eth_getBlockByNumber
[2020/05/11 01:57:31.722] - eth_getBlockByNumber
[2020/05/11 01:57:31.724] - eth_getBlockByNumber
[2020/05/11 01:57:31.726] - eth_getBlockByNumber
[2020/05/11 01:57:31.727] - eth_getBlockByNumber
[2020/05/11 01:57:31.736] - eth_getBlockByNumber
[2020/05/11 01:57:31.752] - eth_getBlockByNumber
[2020/05/11 01:57:31.761] - eth_getBlockByNumber
[2020/05/11 01:57:31.767] - eth_getBlockByNumber
[2020/05/11 01:57:31.778] - eth_getBlockByNumber
[2020/05/11 01:57:31.779] - eth_getBlockByNumber
[2020/05/11 01:57:31.789] - eth_getBlockByNumber
[2020/05/11 01:57:31.804] - eth_getBlockByNumber
[2020/05/11 01:57:31.805] - eth_getBlockByNumber
[2020/05/11 01:57:31.815] - eth_getBlockByNumber
[2020/05/11 01:57:31.828] - eth_getBlockByNumber
[2020/05/11 01:57:31.832] - eth_getBlockByNumber
[2020/05/11 01:57:31.852] - eth_getBlockByNumber
[2020/05/11 01:57:31.853] - eth_getBlockByNumber
[2020/05/11 01:57:31.859] - eth_getBlockByNumber
[2020/05/11 01:57:31.867] - eth_getBlockByNumber
[2020/05/11 01:57:31.873] - eth_getBlockByNumber
[2020/05/11 01:57:31.880] - eth_getBlockByNumber
[2020/05/11 01:57:31.889] - eth_getBlockByNumber
[2020/05/11 01:57:31.894] - eth_getBlockByNumber
[2020/05/11 01:57:31.902] - eth_getBlockByNumber
[2020/05/11 01:57:31.909] - eth_getBlockByNumber
[2020/05/11 01:57:31.920] - eth_getBlockByNumber
[2020/05/11 01:57:31.932] - eth_getBlockByNumber
[2020/05/11 01:57:31.940] - eth_getBlockByNumber
[2020/05/11 01:57:31.948] - eth_getBlockByNumber
[2020/05/11 01:57:31.956] - eth_getBlockByNumber
[2020/05/11 01:57:31.966] - eth_getBlockByNumber
[2020/05/11 01:57:31.976] - eth_getBlockByNumber
[2020/05/11 01:57:31.985] - eth_getBlockByNumber
[2020/05/11 01:57:31.991] - eth_getBlockByNumber
[2020/05/11 01:57:51.157] - eth_blockNumber
[2020/05/11 01:57:52.244] - eth_blockNumber
[2020/05/11 01:58:01.926] - eth_getBalance
[2020/05/11 01:58:01.945] - eth_blockNumber
[2020/05/11 01:58:08.075] - net_version
[2020/05/11 01:58:11.226] - eth_blockNumber
[2020/05/11 01:58:14.004] - eth_blockNumber
[2020/05/11 01:58:14.281] - net_version
[2020/05/11 01:58:18.317] - eth_call
[2020/05/11 01:58:31.300] - eth_blockNumber
[2020/05/11 01:58:33.022] - eth_getTransactionCount
[2020/05/11 01:58:34.200] - eth_blockNumber
[2020/05/11 01:58:51.378] - eth_blockNumber
[2020/05/11 01:58:54.303] - eth_blockNumber
[2020/05/11 01:59:08.812] - eth_call
[2020/05/11 01:59:08.829] - eth_call
[2020/05/11 01:59:08.831] - eth_call
[2020/05/11 01:59:08.835] - eth_call
[2020/05/11 01:59:08.856] - eth_call
[2020/05/11 01:59:08.894] - eth_call
[2020/05/11 01:59:09.045] - eth_call
[2020/05/11 01:59:11.395] - eth_blockNumber
[2020/05/11 01:59:14.327] - eth_blockNumber
[2020/05/11 01:59:31.409] - eth_blockNumber
[2020/05/11 01:59:34.403] - eth_blockNumber
[2020/05/11 01:59:51.292] - eth_call
[2020/05/11 01:59:51.456] - eth_blockNumber
[2020/05/11 01:59:53.840] - eth_call
[2020/05/11 01:59:54.089] - eth_call
[2020/05/11 01:59:54.114] - eth_call
[2020/05/11 01:59:54.132] - eth_call
[2020/05/11 01:59:54.670] - eth_blockNumber
[2020/05/11 02:00:11.507] - eth_blockNumber
[2020/05/11 02:00:14.972] - eth_blockNumber
[2020/05/11 02:00:31.523] - eth_blockNumber
[2020/05/11 02:00:35.113] - eth_blockNumber
[2020/05/11 02:00:51.572] - eth_blockNumber
[2020/05/11 02:00:55.206] - eth_blockNumber
[2020/05/11 02:00:55.421] - eth_gasPrice
[2020/05/11 02:00:55.661] - eth_getCode
[2020/05/11 02:00:55.923] - eth_getBlockByNumber
[2020/05/11 02:00:56.830] - eth_estimateGas
[2020/05/11 02:01:11.637] - eth_blockNumber
[2020/05/11 02:01:15.611] - eth_blockNumber
[2020/05/11 02:01:17.361] - eth_sendRawTransaction
[2020/05/11 02:01:18.127] - 
[2020/05/11 02:01:18.128] -   Transaction: 0xd7e626d83cfac3b66042e2b286df81dc37145fdd5addb98d6ec6339504e3b9db
[2020/05/11 02:01:18.129] -   Gas usage: 286832
[2020/05/11 02:01:18.129] -   Block Number: 346
[2020/05/11 02:01:18.130] -   Block Time: Mon May 11 2020 02:01:17 GMT+0100 (IST)
[2020/05/11 02:01:18.132] - 
[2020/05/11 02:01:18.136] - eth_getBlockByNumber
[2020/05/11 02:01:18.786] - eth_getBalance
[2020/05/11 02:01:19.044] - eth_getTransactionCount
[2020/05/11 02:01:19.278] - eth_getBalance
[2020/05/11 02:01:19.527] - eth_getTransactionCount
[2020/05/11 02:01:19.661] - eth_getBalance
[2020/05/11 02:01:19.837] - eth_getTransactionCount
[2020/05/11 02:01:19.998] - eth_getBalance
[2020/05/11 02:01:20.532] - eth_getTransactionCount
[2020/05/11 02:01:20.721] - eth_getBalance
[2020/05/11 02:01:21.026] - eth_getTransactionCount
[2020/05/11 02:01:21.181] - eth_getBalance
[2020/05/11 02:01:21.344] - eth_getTransactionCount
[2020/05/11 02:01:21.710] - eth_getBalance
[2020/05/11 02:01:21.915] - eth_getTransactionCount
[2020/05/11 02:01:22.169] - eth_getBalance
[2020/05/11 02:01:22.370] - eth_getTransactionCount
[2020/05/11 02:01:22.644] - eth_getBalance
[2020/05/11 02:01:23.012] - eth_getTransactionCount
[2020/05/11 02:01:23.198] - eth_getBalance
[2020/05/11 02:01:23.467] - eth_getTransactionCount
[2020/05/11 02:01:30.647] - eth_getTransactionReceipt
[2020/05/11 02:01:30.853] - eth_blockNumber
[2020/05/11 02:01:31.304] - eth_getBlockByNumber
[2020/05/11 02:01:31.520] - eth_getBlockByNumber
[2020/05/11 02:01:31.533] - eth_getTransactionCount
[2020/05/11 02:01:31.672] - eth_blockNumber
[2020/05/11 02:01:31.709] - eth_getBlockByNumber
[2020/05/11 02:01:31.739] - eth_getBalance
[2020/05/11 02:01:31.794] - eth_call
[2020/05/11 02:01:31.798] - eth_call
[2020/05/11 02:01:31.858] - eth_call
[2020/05/11 02:01:31.866] - eth_call
[2020/05/11 02:01:32.007] - eth_call
[2020/05/11 02:01:32.012] - eth_call
[2020/05/11 02:01:32.192] - eth_call
[2020/05/11 02:01:33.470] - eth_getTransactionReceipt
[2020/05/11 02:01:33.504] - eth_call
[2020/05/11 02:01:33.515] - eth_call
[2020/05/11 02:01:33.540] - eth_call
[2020/05/11 02:01:33.556] - eth_call
[2020/05/11 02:01:33.561] - eth_call
[2020/05/11 02:01:35.419] - eth_call
[2020/05/11 02:01:36.451] - eth_blockNumber
[2020/05/11 02:01:51.714] - eth_blockNumber
[2020/05/11 02:01:52.083] - eth_call
[2020/05/11 02:01:53.422] - eth_getBalance
[2020/05/11 02:01:54.454] - eth_getTransactionReceipt
[2020/05/11 02:01:55.921] - eth_getTransactionReceipt
[2020/05/11 02:01:56.534] - eth_blockNumber
[2020/05/11 02:01:57.538] - eth_getTransactionReceipt
[2020/05/11 02:01:58.840] - eth_getTransactionReceipt
[2020/05/11 02:02:00.508] - eth_getTransactionByHash
[2020/05/11 02:02:02.304] - eth_getTransactionReceipt
[2020/05/11 02:02:05.888] - net_version
[2020/05/11 02:02:05.902] - eth_getCode
[2020/05/11 02:02:05.912] - eth_getBlockByNumber
[2020/05/11 02:02:05.949] - eth_getBalance
[2020/05/11 02:02:05.976] - eth_getTransactionCount
[2020/05/11 02:02:06.015] - eth_getStorageAt
[2020/05/11 02:02:11.754] - eth_blockNumber
[2020/05/11 02:02:16.571] - eth_blockNumber
[2020/05/11 02:02:31.805] - eth_blockNumber
[2020/05/11 02:02:36.718] - eth_blockNumber
[2020/05/11 02:02:51.844] - eth_blockNumber
[2020/05/11 02:02:56.785] - eth_blockNumber
[2020/05/11 02:03:11.874] - eth_blockNumber
[2020/05/11 02:03:16.830] - eth_blockNumber
[2020/05/11 02:03:31.892] - eth_blockNumber
[2020/05/11 02:03:36.909] - eth_blockNumber
[2020/05/11 02:03:51.940] - eth_blockNumber
[2020/05/11 02:03:57.031] - eth_blockNumber
[2020/05/11 02:04:11.974] - eth_blockNumber
[2020/05/11 02:04:17.111] - eth_blockNumber
[2020/05/11 02:04:32.007] - eth_blockNumber
[2020/05/11 02:04:37.202] - eth_blockNumber
[2020/05/11 02:04:52.058] - eth_blockNumber
[2020/05/11 02:04:57.250] - eth_blockNumber
[2020/05/11 02:05:12.081] - eth_blockNumber
[2020/05/11 02:05:17.283] - eth_blockNumber
[2020/05/11 02:05:32.113] - eth_blockNumber
[2020/05/11 02:05:37.339] - eth_blockNumber
[2020/05/11 02:05:52.139] - eth_blockNumber
[2020/05/11 02:05:57.375] - eth_blockNumber
[2020/05/11 02:06:12.196] - eth_blockNumber
[2020/05/11 02:06:16.287] - eth_call
[2020/05/11 02:06:16.296] - eth_call
[2020/05/11 02:06:16.320] - eth_call
[2020/05/11 02:06:16.321] - eth_call
[2020/05/11 02:06:16.322] - eth_call
[2020/05/11 02:06:16.323] - eth_call
[2020/05/11 02:06:16.631] - eth_call
[2020/05/11 02:06:16.808] - eth_call
[2020/05/11 02:06:17.564] - eth_blockNumber
[2020/05/11 02:06:32.245] - eth_blockNumber
[2020/05/11 02:06:38.083] - eth_blockNumber
[2020/05/11 02:06:52.278] - eth_blockNumber
[2020/05/11 02:06:58.178] - eth_blockNumber
[2020/05/11 02:07:12.304] - eth_blockNumber
[2020/05/11 02:07:18.239] - eth_blockNumber
[2020/05/11 02:07:32.345] - eth_blockNumber
[2020/05/11 02:07:38.292] - eth_blockNumber
[2020/05/11 02:07:52.396] - eth_blockNumber
[2020/05/11 02:07:58.377] - eth_blockNumber
[2020/05/11 02:08:12.435] - eth_blockNumber
[2020/05/11 02:08:18.422] - eth_blockNumber
[2020/05/11 02:08:32.473] - eth_blockNumber
[2020/05/11 02:08:38.459] - eth_blockNumber
[2020/05/11 02:08:52.533] - eth_blockNumber
[2020/05/11 02:08:58.570] - eth_blockNumber
[2020/05/11 02:09:12.634] - eth_blockNumber
[2020/05/11 02:09:18.671] - eth_blockNumber
[2020/05/11 02:09:32.771] - eth_blockNumber
[2020/05/11 02:09:38.768] - eth_blockNumber
[2020/05/11 02:09:52.883] - eth_blockNumber
[2020/05/11 02:10:04.413] - eth_unsubscribe
[2020/05/11 02:10:04.416] - eth_unsubscribe
