[2020/04/02 18:57:49.479] - Starting server (version 2.1.2) with initial configuration: {"gasLimit":6721975,"gasPrice":20000000000,"hardfork":"petersburg","hostname":"127.0.0.1","port":7545,"network_id":5777,"default_balance_ether":100,"total_accounts":10,"unlocked_accounts":[],"locked":false,"vmErrorsOnRPCResponse":true,"verbose":false,"db_path":"/home/nash/.config/Ganache/workspaces/identity-wallet/chaindata","logDirectory":"/home/nash/Documents/Projects/Blockchain/Project/identity-wallet/wallet-web-app/logs"}
[2020/04/02 18:57:49.795] - eth_getCode
[2020/04/02 18:57:49.796] - eth_subscribe
[2020/04/02 18:57:49.797] - eth_getLogs
[2020/04/02 18:57:49.802] - eth_subscribe
[2020/04/02 18:57:49.822] - eth_getCode
[2020/04/02 18:57:49.856] - eth_getCode
[2020/04/02 18:57:49.879] - eth_getCode
[2020/04/02 18:57:49.887] - eth_getCode
[2020/04/02 18:57:49.902] - eth_getCode
[2020/04/02 18:57:50.585] - eth_blockNumber
[2020/04/02 18:57:50.586] - eth_accounts
[2020/04/02 18:57:50.586] - eth_gasPrice
[2020/04/02 18:57:50.586] - eth_getBlockByNumber
[2020/04/02 18:57:50.586] - eth_subscribe
[2020/04/02 18:57:50.744] - eth_accounts
[2020/04/02 18:57:50.921] - eth_getBalance
[2020/04/02 18:57:50.922] - eth_blockNumber
[2020/04/02 18:57:50.944] - eth_getBlockByNumber
[2020/04/02 18:57:50.948] - eth_getBlockByNumber
[2020/04/02 18:57:50.949] - eth_getBlockByNumber
[2020/04/02 18:57:50.949] - eth_getBlockByNumber
[2020/04/02 18:57:50.950] - eth_getBlockByNumber
[2020/04/02 18:57:50.954] - eth_getBlockByNumber
[2020/04/02 18:57:50.954] - eth_getBlockByNumber
[2020/04/02 18:57:50.955] - eth_getBlockByNumber
[2020/04/02 18:57:50.958] - eth_getBlockByNumber
[2020/04/02 18:57:50.962] - eth_getTransactionCount
[2020/04/02 18:57:50.963] - eth_getBlockByNumber
[2020/04/02 18:57:50.966] - eth_getBlockByNumber
[2020/04/02 18:57:50.969] - eth_getBlockByNumber
[2020/04/02 18:57:50.973] - eth_getBlockByNumber
[2020/04/02 18:57:50.976] - eth_getBlockByNumber
[2020/04/02 18:57:50.979] - eth_getBlockByNumber
[2020/04/02 18:57:50.986] - eth_getBlockByNumber
[2020/04/02 18:57:50.989] - eth_getBlockByNumber
[2020/04/02 18:57:50.993] - eth_getBlockByNumber
[2020/04/02 18:57:50.997] - eth_getBlockByNumber
[2020/04/02 18:57:51.002] - eth_getBlockByNumber
[2020/04/02 18:57:51.006] - eth_getBlockByNumber
[2020/04/02 18:57:51.010] - eth_getBlockByNumber
[2020/04/02 18:57:51.013] - eth_getBalance
[2020/04/02 18:57:51.014] - eth_getBlockByNumber
[2020/04/02 18:57:51.017] - eth_getBlockByNumber
[2020/04/02 18:57:51.020] - eth_getBlockByNumber
[2020/04/02 18:57:51.024] - eth_getBlockByNumber
[2020/04/02 18:57:51.027] - eth_getBlockByNumber
[2020/04/02 18:57:51.032] - eth_getBlockByNumber
[2020/04/02 18:57:51.038] - eth_getBlockByNumber
[2020/04/02 18:57:51.042] - eth_getBlockByNumber
[2020/04/02 18:57:51.046] - eth_getBlockByNumber
[2020/04/02 18:57:51.050] - eth_getBlockByNumber
[2020/04/02 18:57:51.053] - eth_getBlockByNumber
[2020/04/02 18:57:51.056] - eth_getBlockByNumber
[2020/04/02 18:57:51.059] - eth_getBlockByNumber
[2020/04/02 18:57:51.060] - eth_getTransactionCount
[2020/04/02 18:57:51.062] - eth_getBlockByNumber
[2020/04/02 18:57:51.065] - eth_getBlockByNumber
[2020/04/02 18:57:51.070] - eth_getBlockByNumber
[2020/04/02 18:57:51.073] - eth_getBlockByNumber
[2020/04/02 18:57:51.076] - eth_getBlockByNumber
[2020/04/02 18:57:51.081] - eth_getBlockByNumber
[2020/04/02 18:57:51.110] - eth_getBalance
[2020/04/02 18:57:51.154] - eth_getTransactionCount
[2020/04/02 18:57:51.191] - eth_getBalance
[2020/04/02 18:57:51.200] - eth_blockNumber
[2020/04/02 18:57:51.220] - eth_getBlockByNumber
[2020/04/02 18:57:51.224] - eth_getBlockByNumber
[2020/04/02 18:57:51.235] - eth_getBlockByNumber
[2020/04/02 18:57:51.236] - eth_getBlockByNumber
[2020/04/02 18:57:51.239] - eth_getBlockByNumber
[2020/04/02 18:57:51.240] - eth_getBlockByNumber
[2020/04/02 18:57:51.241] - eth_getBlockByNumber
[2020/04/02 18:57:51.241] - eth_getBlockByNumber
[2020/04/02 18:57:51.244] - eth_getTransactionCount
[2020/04/02 18:57:51.244] - eth_getBlockByNumber
[2020/04/02 18:57:51.247] - eth_getBlockByNumber
[2020/04/02 18:57:51.251] - eth_getBlockByNumber
[2020/04/02 18:57:51.256] - eth_getBlockByNumber
[2020/04/02 18:57:51.260] - eth_getBlockByNumber
[2020/04/02 18:57:51.263] - eth_getBlockByNumber
[2020/04/02 18:57:51.269] - eth_getBlockByNumber
[2020/04/02 18:57:51.272] - eth_getBlockByNumber
[2020/04/02 18:57:51.276] - eth_getBlockByNumber
[2020/04/02 18:57:51.279] - eth_getBlockByNumber
[2020/04/02 18:57:51.282] - eth_getBlockByNumber
[2020/04/02 18:57:51.285] - eth_getBlockByNumber
[2020/04/02 18:57:51.289] - eth_getBlockByNumber
[2020/04/02 18:57:51.292] - eth_getBlockByNumber
[2020/04/02 18:57:51.294] - eth_getBlockByNumber
[2020/04/02 18:57:51.298] - eth_getBlockByNumber
[2020/04/02 18:57:51.301] - eth_getBalance
[2020/04/02 18:57:51.301] - eth_getBlockByNumber
[2020/04/02 18:57:51.304] - eth_getBlockByNumber
[2020/04/02 18:57:51.306] - eth_getBlockByNumber
[2020/04/02 18:57:51.311] - eth_getBlockByNumber
[2020/04/02 18:57:51.315] - eth_getBlockByNumber
[2020/04/02 18:57:51.318] - eth_getBlockByNumber
[2020/04/02 18:57:51.327] - eth_getBlockByNumber
[2020/04/02 18:57:51.331] - eth_getBlockByNumber
[2020/04/02 18:57:51.334] - eth_getBlockByNumber
[2020/04/02 18:57:51.337] - eth_getBlockByNumber
[2020/04/02 18:57:51.341] - eth_getBlockByNumber
[2020/04/02 18:57:51.344] - eth_getBlockByNumber
[2020/04/02 18:57:51.347] - eth_getBlockByNumber
[2020/04/02 18:57:51.350] - eth_getBlockByNumber
[2020/04/02 18:57:51.353] - eth_getTransactionCount
[2020/04/02 18:57:51.354] - eth_getBlockByNumber
[2020/04/02 18:57:51.357] - eth_getBlockByNumber
[2020/04/02 18:57:51.360] - eth_getBlockByNumber
[2020/04/02 18:57:51.402] - eth_getBalance
[2020/04/02 18:57:51.441] - eth_getTransactionCount
[2020/04/02 18:57:51.479] - eth_getBalance
[2020/04/02 18:57:51.514] - eth_getTransactionCount
[2020/04/02 18:57:51.550] - eth_getBalance
[2020/04/02 18:57:51.587] - eth_getTransactionCount
[2020/04/02 18:57:51.625] - eth_getBalance
[2020/04/02 18:57:51.663] - eth_getTransactionCount
[2020/04/02 18:57:51.700] - eth_getBalance
[2020/04/02 18:57:51.736] - eth_getTransactionCount
[2020/04/02 18:57:55.501] - eth_getBalance
[2020/04/02 18:57:55.535] - eth_getTransactionCount
[2020/04/02 18:57:55.570] - eth_getBalance
[2020/04/02 18:57:55.607] - eth_getTransactionCount
[2020/04/02 18:57:55.641] - eth_getBalance
[2020/04/02 18:57:55.675] - eth_getTransactionCount
[2020/04/02 18:57:55.710] - eth_getBalance
[2020/04/02 18:57:55.745] - eth_getTransactionCount
[2020/04/02 18:57:55.780] - eth_getBalance
[2020/04/02 18:57:55.816] - eth_getTransactionCount
[2020/04/02 18:57:55.850] - eth_getBalance
[2020/04/02 18:57:55.885] - eth_getTransactionCount
[2020/04/02 18:57:55.919] - eth_getBalance
[2020/04/02 18:57:55.953] - eth_getTransactionCount
[2020/04/02 18:57:55.987] - eth_getBalance
[2020/04/02 18:57:56.022] - eth_getTransactionCount
[2020/04/02 18:57:56.056] - eth_getBalance
[2020/04/02 18:57:56.090] - eth_getTransactionCount
[2020/04/02 18:57:56.130] - eth_getBalance
[2020/04/02 18:57:56.167] - eth_getTransactionCount
[2020/04/02 18:58:10.988] - eth_blockNumber
[2020/04/02 18:58:11.270] - eth_blockNumber
[2020/04/02 18:58:31.000] - eth_blockNumber
[2020/04/02 18:58:31.282] - eth_blockNumber
[2020/04/02 18:58:51.012] - eth_blockNumber
[2020/04/02 18:58:51.295] - eth_blockNumber
[2020/04/02 18:59:11.025] - eth_blockNumber
[2020/04/02 18:59:11.308] - eth_blockNumber
[2020/04/02 18:59:31.037] - eth_blockNumber
[2020/04/02 18:59:31.319] - eth_blockNumber
[2020/04/02 18:59:51.050] - eth_blockNumber
[2020/04/02 18:59:51.332] - eth_blockNumber
[2020/04/02 19:00:11.065] - eth_blockNumber
[2020/04/02 19:00:11.344] - eth_blockNumber
[2020/04/02 19:00:31.079] - eth_blockNumber
[2020/04/02 19:00:31.363] - eth_blockNumber
[2020/04/02 19:00:51.093] - eth_blockNumber
[2020/04/02 19:00:51.378] - eth_blockNumber
[2020/04/02 19:01:11.107] - eth_blockNumber
[2020/04/02 19:01:11.389] - eth_blockNumber
[2020/04/02 19:01:31.119] - eth_blockNumber
[2020/04/02 19:01:31.400] - eth_blockNumber
[2020/04/02 19:01:51.129] - eth_blockNumber
[2020/04/02 19:01:51.413] - eth_blockNumber
[2020/04/02 19:02:11.195] - eth_blockNumber
[2020/04/02 19:02:11.422] - eth_blockNumber
[2020/04/02 19:02:31.216] - eth_blockNumber
[2020/04/02 19:02:31.438] - eth_blockNumber
[2020/04/02 19:02:51.231] - eth_blockNumber
[2020/04/02 19:02:51.454] - eth_blockNumber
[2020/04/02 19:03:11.250] - eth_blockNumber
[2020/04/02 19:03:11.467] - eth_blockNumber
[2020/04/02 19:03:31.271] - eth_blockNumber
[2020/04/02 19:03:31.480] - eth_blockNumber
[2020/04/02 19:03:51.287] - eth_blockNumber
[2020/04/02 19:03:51.494] - eth_blockNumber
[2020/04/02 19:04:11.303] - eth_blockNumber
[2020/04/02 19:04:11.507] - eth_blockNumber
[2020/04/02 19:04:31.321] - eth_blockNumber
[2020/04/02 19:04:31.521] - eth_blockNumber
[2020/04/02 19:04:51.339] - eth_blockNumber
[2020/04/02 19:04:51.536] - eth_blockNumber
[2020/04/02 19:05:11.356] - eth_blockNumber
[2020/04/02 19:05:11.551] - eth_blockNumber
[2020/04/02 19:05:31.372] - eth_blockNumber
[2020/04/02 19:05:31.566] - eth_blockNumber
[2020/04/02 19:05:51.392] - eth_blockNumber
[2020/04/02 19:05:51.585] - eth_blockNumber
[2020/04/02 19:06:11.411] - eth_blockNumber
[2020/04/02 19:06:11.600] - eth_blockNumber
[2020/04/02 19:06:31.426] - eth_blockNumber
[2020/04/02 19:06:31.616] - eth_blockNumber
[2020/04/02 19:06:51.443] - eth_blockNumber
[2020/04/02 19:06:51.633] - eth_blockNumber
[2020/04/02 19:07:11.459] - eth_blockNumber
[2020/04/02 19:07:11.647] - eth_blockNumber
[2020/04/02 19:07:31.484] - eth_blockNumber
[2020/04/02 19:07:31.665] - eth_blockNumber
[2020/04/02 19:07:51.508] - eth_blockNumber
[2020/04/02 19:07:51.688] - eth_blockNumber
[2020/04/02 19:08:11.534] - eth_blockNumber
[2020/04/02 19:08:11.700] - eth_blockNumber
[2020/04/02 19:08:31.547] - eth_blockNumber
[2020/04/02 19:08:31.713] - eth_blockNumber
[2020/04/02 19:08:51.558] - eth_blockNumber
[2020/04/02 19:08:51.728] - eth_blockNumber
[2020/04/02 19:09:11.570] - eth_blockNumber
[2020/04/02 19:09:11.744] - eth_blockNumber
[2020/04/02 19:09:31.581] - eth_blockNumber
[2020/04/02 19:09:31.754] - eth_blockNumber
[2020/04/02 19:09:51.589] - eth_blockNumber
[2020/04/02 19:09:51.770] - eth_blockNumber
[2020/04/02 19:10:11.599] - eth_blockNumber
[2020/04/02 19:10:11.783] - eth_blockNumber
[2020/04/02 19:10:31.606] - eth_blockNumber
[2020/04/02 19:10:31.794] - eth_blockNumber
[2020/04/02 19:10:51.618] - eth_blockNumber
[2020/04/02 19:10:51.802] - eth_blockNumber
[2020/04/02 19:11:11.628] - eth_blockNumber
[2020/04/02 19:11:11.814] - eth_blockNumber
[2020/04/02 19:11:31.637] - eth_blockNumber
[2020/04/02 19:11:31.826] - eth_blockNumber
[2020/04/02 19:11:51.656] - eth_blockNumber
[2020/04/02 19:11:51.834] - eth_blockNumber
[2020/04/02 19:12:11.673] - eth_blockNumber
[2020/04/02 19:12:11.843] - eth_blockNumber
[2020/04/02 19:12:31.691] - eth_blockNumber
[2020/04/02 19:12:31.853] - eth_blockNumber
[2020/04/02 19:12:51.718] - eth_blockNumber
[2020/04/02 19:12:51.870] - eth_blockNumber
[2020/04/02 19:13:11.741] - eth_blockNumber
[2020/04/02 19:13:11.896] - eth_blockNumber
[2020/04/02 19:13:31.762] - eth_blockNumber
[2020/04/02 19:13:31.913] - eth_blockNumber
[2020/04/02 19:13:51.780] - eth_blockNumber
[2020/04/02 19:13:51.921] - eth_blockNumber
[2020/04/02 19:14:11.797] - eth_blockNumber
[2020/04/02 19:14:11.929] - eth_blockNumber
[2020/04/02 19:14:31.813] - eth_blockNumber
[2020/04/02 19:14:31.940] - eth_blockNumber
[2020/04/02 19:14:51.831] - eth_blockNumber
[2020/04/02 19:14:51.953] - eth_blockNumber
[2020/04/02 19:15:11.848] - eth_blockNumber
[2020/04/02 19:15:11.959] - eth_blockNumber
[2020/04/02 19:15:31.864] - eth_blockNumber
[2020/04/02 19:15:31.965] - eth_blockNumber
[2020/04/02 19:15:51.892] - eth_blockNumber
[2020/04/02 19:15:51.974] - eth_blockNumber
[2020/04/02 19:16:11.910] - eth_blockNumber
[2020/04/02 19:16:11.987] - eth_blockNumber
[2020/04/02 19:16:31.935] - eth_blockNumber
[2020/04/02 19:16:31.997] - eth_blockNumber
[2020/04/02 19:16:51.953] - eth_blockNumber
[2020/04/02 19:16:52.005] - eth_blockNumber
[2020/04/02 19:17:11.964] - eth_blockNumber
[2020/04/02 19:17:12.012] - eth_blockNumber
[2020/04/02 19:17:31.979] - eth_blockNumber
[2020/04/02 19:17:32.021] - eth_blockNumber
[2020/04/02 19:17:51.995] - eth_blockNumber
[2020/04/02 19:17:52.040] - eth_blockNumber
[2020/04/02 19:18:12.015] - eth_blockNumber
[2020/04/02 19:18:12.048] - eth_blockNumber
[2020/04/02 19:18:32.025] - eth_blockNumber
[2020/04/02 19:18:32.053] - eth_blockNumber
[2020/04/02 19:18:52.038] - eth_blockNumber
[2020/04/02 19:18:52.064] - eth_blockNumber
[2020/04/02 19:19:12.051] - eth_blockNumber
[2020/04/02 19:19:12.074] - eth_blockNumber
[2020/04/02 19:19:32.060] - eth_blockNumber
[2020/04/02 19:19:32.090] - eth_blockNumber
[2020/04/02 19:19:52.078] - eth_blockNumber
[2020/04/02 19:19:52.106] - eth_blockNumber
[2020/04/02 19:20:12.097] - eth_blockNumber
[2020/04/02 19:20:12.125] - eth_blockNumber
[2020/04/02 19:20:32.117] - eth_blockNumber
[2020/04/02 19:20:32.142] - eth_blockNumber
[2020/04/02 19:20:52.127] - eth_blockNumber
[2020/04/02 19:20:52.156] - eth_blockNumber
[2020/04/02 19:21:12.144] - eth_blockNumber
[2020/04/02 19:21:12.166] - eth_blockNumber
[2020/04/02 19:21:32.159] - eth_blockNumber
[2020/04/02 19:21:32.180] - eth_blockNumber
[2020/04/02 19:21:52.169] - eth_blockNumber
[2020/04/02 19:21:52.197] - eth_blockNumber
[2020/04/02 19:22:12.180] - eth_blockNumber
[2020/04/02 19:22:12.207] - eth_blockNumber
[2020/04/02 19:22:32.196] - eth_blockNumber
[2020/04/02 19:22:32.215] - eth_blockNumber
[2020/04/02 19:22:52.217] - eth_blockNumber
[2020/04/02 19:22:52.234] - eth_blockNumber
[2020/04/02 19:23:12.230] - eth_blockNumber
[2020/04/02 19:23:12.248] - eth_blockNumber
[2020/04/02 19:23:32.244] - eth_blockNumber
[2020/04/02 19:23:32.265] - eth_blockNumber
[2020/04/02 19:23:52.258] - eth_blockNumber
[2020/04/02 19:23:52.282] - eth_blockNumber
[2020/04/02 19:24:12.273] - eth_blockNumber
[2020/04/02 19:24:12.295] - eth_blockNumber
[2020/04/02 19:24:32.289] - eth_blockNumber
[2020/04/02 19:24:32.309] - eth_blockNumber
[2020/04/02 19:24:52.303] - eth_blockNumber
[2020/04/02 19:24:52.321] - eth_blockNumber
[2020/04/02 19:25:12.322] - eth_blockNumber
[2020/04/02 19:25:12.337] - eth_blockNumber
[2020/04/02 19:25:32.336] - eth_blockNumber
[2020/04/02 19:25:32.351] - eth_blockNumber
[2020/04/02 19:25:52.348] - eth_blockNumber
[2020/04/02 19:25:52.367] - eth_blockNumber
[2020/04/02 19:26:12.359] - eth_blockNumber
[2020/04/02 19:26:12.379] - eth_blockNumber
[2020/04/02 19:26:32.373] - eth_blockNumber
[2020/04/02 19:26:32.390] - eth_blockNumber
[2020/04/02 19:26:52.402] - eth_blockNumber
[2020/04/02 19:26:52.412] - eth_blockNumber
[2020/04/02 19:27:12.420] - eth_blockNumber
[2020/04/02 19:27:12.436] - eth_blockNumber
[2020/04/02 19:27:32.432] - eth_blockNumber
[2020/04/02 19:27:32.449] - eth_blockNumber
[2020/04/02 19:27:52.451] - eth_blockNumber
[2020/04/02 19:27:52.468] - eth_blockNumber
[2020/04/02 19:28:12.465] - eth_blockNumber
[2020/04/02 19:28:12.484] - eth_blockNumber
[2020/04/02 19:28:32.479] - eth_blockNumber
[2020/04/02 19:28:32.528] - eth_blockNumber
[2020/04/02 19:28:52.501] - eth_blockNumber
[2020/04/02 19:28:52.538] - eth_blockNumber
[2020/04/02 19:29:12.525] - eth_blockNumber
[2020/04/02 19:29:12.732] - eth_blockNumber
[2020/04/02 19:29:32.559] - eth_blockNumber
[2020/04/02 19:29:32.807] - eth_blockNumber
[2020/04/02 19:29:52.571] - eth_blockNumber
[2020/04/02 19:29:52.820] - eth_blockNumber
[2020/04/02 19:30:12.586] - eth_blockNumber
[2020/04/02 19:30:12.832] - eth_blockNumber
[2020/04/02 19:30:32.594] - eth_blockNumber
[2020/04/02 19:30:32.843] - eth_blockNumber
[2020/04/02 19:30:52.605] - eth_blockNumber
[2020/04/02 19:30:52.854] - eth_blockNumber
[2020/04/02 19:31:12.615] - eth_blockNumber
[2020/04/02 19:31:12.864] - eth_blockNumber
[2020/04/02 19:31:32.626] - eth_blockNumber
[2020/04/02 19:31:32.876] - eth_blockNumber
[2020/04/02 19:31:52.637] - eth_blockNumber
[2020/04/02 19:31:52.887] - eth_blockNumber
[2020/04/02 19:32:12.648] - eth_blockNumber
[2020/04/02 19:32:12.897] - eth_blockNumber
[2020/04/02 19:32:32.659] - eth_blockNumber
[2020/04/02 19:32:32.907] - eth_blockNumber
[2020/04/02 19:32:52.670] - eth_blockNumber
[2020/04/02 19:32:52.917] - eth_blockNumber
[2020/04/02 19:33:12.679] - eth_blockNumber
[2020/04/02 19:33:12.927] - eth_blockNumber
[2020/04/02 19:33:32.690] - eth_blockNumber
[2020/04/02 19:33:32.938] - eth_blockNumber
[2020/04/02 19:33:52.700] - eth_blockNumber
[2020/04/02 19:33:52.951] - eth_blockNumber
[2020/04/02 19:34:12.712] - eth_blockNumber
[2020/04/02 19:34:12.964] - eth_blockNumber
[2020/04/02 19:34:32.729] - eth_blockNumber
[2020/04/02 19:34:32.979] - eth_blockNumber
[2020/04/02 19:34:52.736] - eth_blockNumber
[2020/04/02 19:34:52.995] - eth_blockNumber
[2020/04/02 19:35:12.745] - eth_blockNumber
[2020/04/02 19:35:13.005] - eth_blockNumber
[2020/04/02 19:35:32.754] - eth_blockNumber
[2020/04/02 19:35:33.016] - eth_blockNumber
[2020/04/02 19:35:52.764] - eth_blockNumber
[2020/04/02 19:35:53.026] - eth_blockNumber
[2020/04/02 19:36:12.774] - eth_blockNumber
[2020/04/02 19:36:13.039] - eth_blockNumber
[2020/04/02 19:36:32.787] - eth_blockNumber
[2020/04/02 19:36:33.053] - eth_blockNumber
[2020/04/02 19:36:52.797] - eth_blockNumber
[2020/04/02 19:36:53.063] - eth_blockNumber
[2020/04/02 19:37:12.805] - eth_blockNumber
[2020/04/02 19:37:13.073] - eth_blockNumber
[2020/04/02 19:37:32.814] - eth_blockNumber
[2020/04/02 19:37:33.085] - eth_blockNumber
[2020/04/02 19:37:52.828] - eth_blockNumber
[2020/04/02 19:37:53.103] - eth_blockNumber
[2020/04/02 19:38:12.840] - eth_blockNumber
[2020/04/02 19:38:13.115] - eth_blockNumber
[2020/04/02 19:38:32.853] - eth_blockNumber
[2020/04/02 19:38:33.133] - eth_blockNumber
[2020/04/02 19:38:52.866] - eth_blockNumber
[2020/04/02 19:38:53.144] - eth_blockNumber
[2020/04/02 19:39:12.880] - eth_blockNumber
[2020/04/02 19:39:13.156] - eth_blockNumber
[2020/04/02 19:39:32.892] - eth_blockNumber
[2020/04/02 19:39:33.168] - eth_blockNumber
[2020/04/02 19:39:52.906] - eth_blockNumber
[2020/04/02 19:39:53.180] - eth_blockNumber
[2020/04/02 19:40:12.919] - eth_blockNumber
[2020/04/02 19:40:13.192] - eth_blockNumber
[2020/04/02 19:40:32.931] - eth_blockNumber
[2020/04/02 19:40:33.205] - eth_blockNumber
[2020/04/02 19:40:52.942] - eth_blockNumber
[2020/04/02 19:40:53.220] - eth_blockNumber
[2020/04/02 19:41:12.953] - eth_blockNumber
[2020/04/02 19:41:13.233] - eth_blockNumber
[2020/04/02 19:41:32.965] - eth_blockNumber
[2020/04/02 19:41:33.245] - eth_blockNumber
[2020/04/02 19:41:52.977] - eth_blockNumber
[2020/04/02 19:41:53.258] - eth_blockNumber
[2020/04/02 19:42:12.988] - eth_blockNumber
[2020/04/02 19:42:13.276] - eth_blockNumber
[2020/04/02 19:42:32.999] - eth_blockNumber
[2020/04/02 19:42:33.288] - eth_blockNumber
[2020/04/02 19:42:53.010] - eth_blockNumber
[2020/04/02 19:42:53.301] - eth_blockNumber
[2020/04/02 19:43:13.022] - eth_blockNumber
[2020/04/02 19:43:13.314] - eth_blockNumber
[2020/04/02 19:43:33.034] - eth_blockNumber
[2020/04/02 19:43:33.323] - eth_blockNumber
[2020/04/02 19:43:53.045] - eth_blockNumber
[2020/04/02 19:43:53.332] - eth_blockNumber
[2020/04/02 19:44:13.057] - eth_blockNumber
[2020/04/02 19:44:13.343] - eth_blockNumber
[2020/04/02 19:44:33.068] - eth_blockNumber
[2020/04/02 19:44:33.353] - eth_blockNumber
[2020/04/02 19:44:53.081] - eth_blockNumber
[2020/04/02 19:44:53.364] - eth_blockNumber
[2020/04/02 19:45:13.093] - eth_blockNumber
[2020/04/02 19:45:13.374] - eth_blockNumber
[2020/04/02 19:45:33.105] - eth_blockNumber
[2020/04/02 19:45:33.385] - eth_blockNumber
[2020/04/02 19:45:53.117] - eth_blockNumber
[2020/04/02 19:45:53.393] - eth_blockNumber
[2020/04/02 19:46:13.129] - eth_blockNumber
[2020/04/02 19:46:13.404] - eth_blockNumber
[2020/04/02 19:46:33.141] - eth_blockNumber
[2020/04/02 19:46:33.414] - eth_blockNumber
[2020/04/02 19:46:53.153] - eth_blockNumber
[2020/04/02 19:46:53.425] - eth_blockNumber
[2020/04/02 19:47:13.165] - eth_blockNumber
[2020/04/02 19:47:13.435] - eth_blockNumber
[2020/04/02 19:47:33.177] - eth_blockNumber
[2020/04/02 19:47:33.447] - eth_blockNumber
[2020/04/02 19:47:53.191] - eth_blockNumber
[2020/04/02 19:47:53.461] - eth_blockNumber
[2020/04/02 19:48:13.203] - eth_blockNumber
[2020/04/02 19:48:13.473] - eth_blockNumber
[2020/04/02 19:48:33.214] - eth_blockNumber
[2020/04/02 19:48:33.483] - eth_blockNumber
[2020/04/02 19:48:53.225] - eth_blockNumber
[2020/04/02 19:48:53.493] - eth_blockNumber
[2020/04/02 19:49:13.236] - eth_blockNumber
[2020/04/02 19:49:13.504] - eth_blockNumber
[2020/04/02 19:49:33.247] - eth_blockNumber
[2020/04/02 19:49:33.518] - eth_blockNumber
[2020/04/02 19:49:53.258] - eth_blockNumber
[2020/04/02 19:49:53.529] - eth_blockNumber
[2020/04/02 19:50:13.270] - eth_blockNumber
[2020/04/02 19:50:13.541] - eth_blockNumber
[2020/04/02 19:50:33.281] - eth_blockNumber
[2020/04/02 19:50:33.551] - eth_blockNumber
[2020/04/02 19:50:53.292] - eth_blockNumber
[2020/04/02 19:50:53.562] - eth_blockNumber
[2020/04/02 19:51:13.303] - eth_blockNumber
[2020/04/02 19:51:13.573] - eth_blockNumber
[2020/04/02 19:51:33.314] - eth_blockNumber
[2020/04/02 19:51:33.584] - eth_blockNumber
[2020/04/02 19:51:53.323] - eth_blockNumber
[2020/04/02 19:51:53.595] - eth_blockNumber
[2020/04/02 19:52:13.333] - eth_blockNumber
[2020/04/02 19:52:13.611] - eth_blockNumber
[2020/04/02 19:52:33.345] - eth_blockNumber
[2020/04/02 19:52:33.623] - eth_blockNumber
[2020/04/02 19:52:53.357] - eth_blockNumber
[2020/04/02 19:52:53.635] - eth_blockNumber
[2020/04/02 19:53:13.368] - eth_blockNumber
[2020/04/02 19:53:13.647] - eth_blockNumber
[2020/04/02 19:53:33.379] - eth_blockNumber
[2020/04/02 19:53:33.658] - eth_blockNumber
[2020/04/02 19:53:53.391] - eth_blockNumber
[2020/04/02 19:53:53.669] - eth_blockNumber
[2020/04/02 19:54:13.403] - eth_blockNumber
[2020/04/02 19:54:13.681] - eth_blockNumber
[2020/04/02 19:54:33.414] - eth_blockNumber
[2020/04/02 19:54:33.693] - eth_blockNumber
[2020/04/02 19:54:53.426] - eth_blockNumber
[2020/04/02 19:54:53.703] - eth_blockNumber
[2020/04/02 19:55:13.437] - eth_blockNumber
[2020/04/02 19:55:13.714] - eth_blockNumber
[2020/04/02 19:55:33.449] - eth_blockNumber
[2020/04/02 19:55:33.726] - eth_blockNumber
[2020/04/02 19:55:53.461] - eth_blockNumber
[2020/04/02 19:55:53.737] - eth_blockNumber
[2020/04/02 19:56:13.473] - eth_blockNumber
[2020/04/02 19:56:13.752] - eth_blockNumber
[2020/04/02 19:56:33.486] - eth_blockNumber
[2020/04/02 19:56:33.770] - eth_blockNumber
[2020/04/02 19:56:53.498] - eth_blockNumber
[2020/04/02 19:56:53.782] - eth_blockNumber
[2020/04/02 19:57:13.513] - eth_blockNumber
[2020/04/02 19:57:13.795] - eth_blockNumber
[2020/04/02 19:57:33.528] - eth_blockNumber
[2020/04/02 19:57:33.808] - eth_blockNumber
[2020/04/02 19:57:53.546] - eth_blockNumber
[2020/04/02 19:57:53.823] - eth_blockNumber
[2020/04/02 19:58:13.559] - eth_blockNumber
[2020/04/02 19:58:13.836] - eth_blockNumber
[2020/04/02 19:58:33.572] - eth_blockNumber
[2020/04/02 19:58:33.849] - eth_blockNumber
[2020/04/02 19:58:53.585] - eth_blockNumber
[2020/04/02 19:58:53.864] - eth_blockNumber
[2020/04/02 19:59:13.599] - eth_blockNumber
[2020/04/02 19:59:13.878] - eth_blockNumber
[2020/04/02 19:59:33.614] - eth_blockNumber
[2020/04/02 19:59:33.892] - eth_blockNumber
[2020/04/02 19:59:53.628] - eth_blockNumber
[2020/04/02 19:59:53.905] - eth_blockNumber
[2020/04/02 20:00:13.642] - eth_blockNumber
[2020/04/02 20:00:13.918] - eth_blockNumber
[2020/04/02 20:00:33.656] - eth_blockNumber
[2020/04/02 20:00:33.930] - eth_blockNumber
[2020/04/02 20:00:53.668] - eth_blockNumber
[2020/04/02 20:00:53.943] - eth_blockNumber
[2020/04/02 20:01:13.681] - eth_blockNumber
[2020/04/02 20:01:13.957] - eth_blockNumber
[2020/04/02 20:01:33.696] - eth_blockNumber
[2020/04/02 20:01:33.972] - eth_blockNumber
[2020/04/02 20:01:53.710] - eth_blockNumber
[2020/04/02 20:01:53.993] - eth_blockNumber
[2020/04/02 20:02:13.722] - eth_blockNumber
[2020/04/02 20:02:14.007] - eth_blockNumber
[2020/04/02 20:02:33.732] - eth_blockNumber
[2020/04/02 20:02:34.021] - eth_blockNumber
[2020/04/02 20:02:53.745] - eth_blockNumber
[2020/04/02 20:02:54.035] - eth_blockNumber
[2020/04/02 20:03:13.758] - eth_blockNumber
[2020/04/02 20:03:14.049] - eth_blockNumber
[2020/04/02 20:03:33.769] - eth_blockNumber
[2020/04/02 20:03:34.065] - eth_blockNumber
[2020/04/02 20:03:53.782] - eth_blockNumber
[2020/04/02 20:03:54.080] - eth_blockNumber
[2020/04/02 20:04:13.795] - eth_blockNumber
[2020/04/02 20:04:14.095] - eth_blockNumber
[2020/04/02 20:04:33.808] - eth_blockNumber
[2020/04/02 20:04:34.111] - eth_blockNumber
[2020/04/02 20:04:53.821] - eth_blockNumber
[2020/04/02 20:04:54.128] - eth_blockNumber
[2020/04/02 20:05:13.833] - eth_blockNumber
[2020/04/02 20:05:14.140] - eth_blockNumber
[2020/04/02 20:05:33.847] - eth_blockNumber
[2020/04/02 20:05:34.148] - eth_blockNumber
[2020/04/02 20:05:53.861] - eth_blockNumber
[2020/04/02 20:05:54.157] - eth_blockNumber
[2020/04/02 20:06:13.875] - eth_blockNumber
[2020/04/02 20:06:14.169] - eth_blockNumber
[2020/04/02 20:06:33.890] - eth_blockNumber
[2020/04/02 20:06:34.182] - eth_blockNumber
[2020/04/02 20:06:53.904] - eth_blockNumber
[2020/04/02 20:06:54.190] - eth_blockNumber
[2020/04/02 20:07:13.917] - eth_blockNumber
[2020/04/02 20:07:14.201] - eth_blockNumber
[2020/04/02 20:07:33.931] - eth_blockNumber
[2020/04/02 20:07:34.215] - eth_blockNumber
[2020/04/02 20:07:53.949] - eth_blockNumber
[2020/04/02 20:07:54.231] - eth_blockNumber
[2020/04/02 20:08:13.963] - eth_blockNumber
[2020/04/02 20:08:14.241] - eth_blockNumber
[2020/04/02 20:08:33.977] - eth_blockNumber
[2020/04/02 20:08:34.252] - eth_blockNumber
[2020/04/02 20:08:53.990] - eth_blockNumber
[2020/04/02 20:08:54.262] - eth_blockNumber
[2020/04/02 20:09:14.006] - eth_blockNumber
[2020/04/02 20:09:14.274] - eth_blockNumber
[2020/04/02 20:09:34.019] - eth_blockNumber
[2020/04/02 20:09:34.287] - eth_blockNumber
[2020/04/02 20:09:54.029] - eth_blockNumber
[2020/04/02 20:09:54.296] - eth_blockNumber
[2020/04/02 20:10:14.041] - eth_blockNumber
[2020/04/02 20:10:14.310] - eth_blockNumber
[2020/04/02 20:10:34.054] - eth_blockNumber
[2020/04/02 20:10:34.322] - eth_blockNumber
[2020/04/02 20:10:54.065] - eth_blockNumber
[2020/04/02 20:10:54.339] - eth_blockNumber
[2020/04/02 20:11:14.078] - eth_blockNumber
[2020/04/02 20:11:14.355] - eth_blockNumber
[2020/04/02 20:11:34.088] - eth_blockNumber
[2020/04/02 20:11:34.367] - eth_blockNumber
[2020/04/02 20:11:54.098] - eth_blockNumber
[2020/04/02 20:11:54.382] - eth_blockNumber
[2020/04/02 20:12:14.109] - eth_blockNumber
[2020/04/02 20:12:14.399] - eth_blockNumber
[2020/04/02 20:12:34.120] - eth_blockNumber
[2020/04/02 20:12:34.416] - eth_blockNumber
[2020/04/02 20:12:54.129] - eth_blockNumber
[2020/04/02 20:12:54.433] - eth_blockNumber
[2020/04/02 20:13:14.142] - eth_blockNumber
[2020/04/02 20:13:14.448] - eth_blockNumber
[2020/04/02 20:13:34.152] - eth_blockNumber
[2020/04/02 20:13:34.462] - eth_blockNumber
[2020/04/02 20:13:54.160] - eth_blockNumber
[2020/04/02 20:13:54.477] - eth_blockNumber
[2020/04/02 20:14:14.173] - eth_blockNumber
[2020/04/02 20:14:14.487] - eth_blockNumber
[2020/04/02 20:14:34.186] - eth_blockNumber
[2020/04/02 20:14:34.499] - eth_blockNumber
[2020/04/02 20:14:54.198] - eth_blockNumber
[2020/04/02 20:14:54.513] - eth_blockNumber
[2020/04/02 20:15:14.210] - eth_blockNumber
[2020/04/02 20:15:14.528] - eth_blockNumber
[2020/04/02 20:15:34.220] - eth_blockNumber
[2020/04/02 20:15:34.539] - eth_blockNumber
[2020/04/02 20:15:54.233] - eth_blockNumber
[2020/04/02 20:15:54.551] - eth_blockNumber
[2020/04/02 20:16:14.246] - eth_blockNumber
[2020/04/02 20:16:14.565] - eth_blockNumber
[2020/04/02 20:16:34.261] - eth_blockNumber
[2020/04/02 20:16:34.577] - eth_blockNumber
[2020/04/02 20:16:54.276] - eth_blockNumber
[2020/04/02 20:16:54.592] - eth_blockNumber
[2020/04/02 20:17:14.290] - eth_blockNumber
[2020/04/02 20:17:14.605] - eth_blockNumber
[2020/04/02 20:17:34.304] - eth_blockNumber
[2020/04/02 20:17:34.617] - eth_blockNumber
[2020/04/02 20:17:54.317] - eth_blockNumber
[2020/04/02 20:17:54.632] - eth_blockNumber
[2020/04/02 20:18:14.329] - eth_blockNumber
[2020/04/02 20:18:14.645] - eth_blockNumber
[2020/04/02 20:18:34.341] - eth_blockNumber
[2020/04/02 20:18:34.657] - eth_blockNumber
[2020/04/02 20:18:54.351] - eth_blockNumber
[2020/04/02 20:18:54.671] - eth_blockNumber
[2020/04/02 20:19:14.364] - eth_blockNumber
[2020/04/02 20:19:14.684] - eth_blockNumber
[2020/04/02 20:19:34.377] - eth_blockNumber
[2020/04/02 20:19:34.698] - eth_blockNumber
[2020/04/02 20:19:54.391] - eth_blockNumber
[2020/04/02 20:19:54.710] - eth_blockNumber
[2020/04/02 20:20:14.402] - eth_blockNumber
[2020/04/02 20:20:14.724] - eth_blockNumber
[2020/04/02 20:20:34.410] - eth_blockNumber
[2020/04/02 20:20:34.737] - eth_blockNumber
[2020/04/02 20:20:54.419] - eth_blockNumber
[2020/04/02 20:20:54.749] - eth_blockNumber
[2020/04/02 20:21:14.430] - eth_blockNumber
[2020/04/02 20:21:14.764] - eth_blockNumber
[2020/04/02 20:21:34.441] - eth_blockNumber
[2020/04/02 20:21:34.779] - eth_blockNumber
[2020/04/02 20:21:54.455] - eth_blockNumber
[2020/04/02 20:21:54.790] - eth_blockNumber
[2020/04/02 20:22:14.465] - eth_blockNumber
[2020/04/02 20:22:14.803] - eth_blockNumber
[2020/04/02 20:22:34.480] - eth_blockNumber
[2020/04/02 20:22:34.816] - eth_blockNumber
[2020/04/02 20:22:54.497] - eth_blockNumber
[2020/04/02 20:22:54.828] - eth_blockNumber
[2020/04/02 20:23:14.515] - eth_blockNumber
[2020/04/02 20:23:14.844] - eth_blockNumber
[2020/04/02 20:23:34.529] - eth_blockNumber
[2020/04/02 20:23:34.858] - eth_blockNumber
[2020/04/02 20:23:54.545] - eth_blockNumber
[2020/04/02 20:23:54.871] - eth_blockNumber
[2020/04/02 20:24:14.563] - eth_blockNumber
[2020/04/02 20:24:14.884] - eth_blockNumber
[2020/04/02 20:24:34.574] - eth_blockNumber
[2020/04/02 20:24:34.897] - eth_blockNumber
[2020/04/02 20:24:54.580] - eth_blockNumber
[2020/04/02 20:24:54.913] - eth_blockNumber
[2020/04/02 20:25:14.587] - eth_blockNumber
[2020/04/02 20:25:14.936] - eth_blockNumber
[2020/04/02 20:25:34.598] - eth_blockNumber
[2020/04/02 20:25:34.949] - eth_blockNumber
[2020/04/02 20:25:54.613] - eth_blockNumber
[2020/04/02 20:25:54.963] - eth_blockNumber
[2020/04/02 20:26:14.628] - eth_blockNumber
[2020/04/02 20:26:14.974] - eth_blockNumber
[2020/04/02 20:26:34.639] - eth_blockNumber
[2020/04/02 20:26:34.985] - eth_blockNumber
[2020/04/02 20:26:54.651] - eth_blockNumber
[2020/04/02 20:26:54.996] - eth_blockNumber
[2020/04/02 20:27:14.663] - eth_blockNumber
[2020/04/02 20:27:15.007] - eth_blockNumber
[2020/04/02 20:27:34.676] - eth_blockNumber
[2020/04/02 20:27:35.019] - eth_blockNumber
[2020/04/02 20:27:54.688] - eth_blockNumber
[2020/04/02 20:27:55.032] - eth_blockNumber
[2020/04/02 20:28:14.697] - eth_blockNumber
[2020/04/02 20:28:15.044] - eth_blockNumber
[2020/04/02 20:28:34.709] - eth_blockNumber
[2020/04/02 20:28:35.056] - eth_blockNumber
[2020/04/02 20:28:54.721] - eth_blockNumber
[2020/04/02 20:28:55.068] - eth_blockNumber
[2020/04/02 20:29:14.733] - eth_blockNumber
[2020/04/02 20:29:15.080] - eth_blockNumber
[2020/04/02 20:29:34.745] - eth_blockNumber
[2020/04/02 20:29:35.090] - eth_blockNumber
[2020/04/02 20:29:54.754] - eth_blockNumber
[2020/04/02 20:29:55.101] - eth_blockNumber
[2020/04/02 20:30:14.767] - eth_blockNumber
[2020/04/02 20:30:15.113] - eth_blockNumber
[2020/04/02 20:30:34.779] - eth_blockNumber
[2020/04/02 20:30:35.126] - eth_blockNumber
[2020/04/02 20:30:54.791] - eth_blockNumber
[2020/04/02 20:30:55.138] - eth_blockNumber
[2020/04/02 20:31:14.800] - eth_blockNumber
[2020/04/02 20:31:15.150] - eth_blockNumber
[2020/04/02 20:31:34.813] - eth_blockNumber
[2020/04/02 20:31:35.162] - eth_blockNumber
[2020/04/02 20:31:54.826] - eth_blockNumber
[2020/04/02 20:31:55.174] - eth_blockNumber
[2020/04/02 20:32:14.835] - eth_blockNumber
[2020/04/02 20:32:15.187] - eth_blockNumber
[2020/04/02 20:32:34.847] - eth_blockNumber
[2020/04/02 20:32:35.200] - eth_blockNumber
[2020/04/02 20:32:54.859] - eth_blockNumber
[2020/04/02 20:32:55.211] - eth_blockNumber
[2020/04/02 20:33:14.871] - eth_blockNumber
[2020/04/02 20:33:15.223] - eth_blockNumber
[2020/04/02 20:33:34.883] - eth_blockNumber
[2020/04/02 20:33:35.234] - eth_blockNumber
[2020/04/02 20:33:54.896] - eth_blockNumber
[2020/04/02 20:33:55.245] - eth_blockNumber
[2020/04/02 20:34:14.908] - eth_blockNumber
[2020/04/02 20:34:15.256] - eth_blockNumber
[2020/04/02 20:34:34.919] - eth_blockNumber
[2020/04/02 20:34:35.267] - eth_blockNumber
[2020/04/02 20:34:54.931] - eth_blockNumber
[2020/04/02 20:34:55.277] - eth_blockNumber
[2020/04/02 20:35:14.943] - eth_blockNumber
[2020/04/02 20:35:15.288] - eth_blockNumber
[2020/04/02 20:35:34.955] - eth_blockNumber
[2020/04/02 20:35:35.299] - eth_blockNumber
[2020/04/02 20:35:54.966] - eth_blockNumber
[2020/04/02 20:35:55.311] - eth_blockNumber
[2020/04/02 20:36:14.981] - eth_blockNumber
[2020/04/02 20:36:15.322] - eth_blockNumber
[2020/04/02 20:36:34.991] - eth_blockNumber
[2020/04/02 20:36:35.331] - eth_blockNumber
[2020/04/02 20:36:55.002] - eth_blockNumber
[2020/04/02 20:36:55.344] - eth_blockNumber
[2020/04/02 20:37:15.019] - eth_blockNumber
[2020/04/02 20:37:15.355] - eth_blockNumber
[2020/04/02 20:37:35.030] - eth_blockNumber
[2020/04/02 20:37:35.366] - eth_blockNumber
[2020/04/02 20:37:55.044] - eth_blockNumber
[2020/04/02 20:37:55.379] - eth_blockNumber
[2020/04/02 20:38:15.055] - eth_blockNumber
[2020/04/02 20:38:15.390] - eth_blockNumber
[2020/04/02 20:38:35.066] - eth_blockNumber
[2020/04/02 20:38:35.400] - eth_blockNumber
[2020/04/02 20:38:55.078] - eth_blockNumber
[2020/04/02 20:38:55.410] - eth_blockNumber
[2020/04/02 20:39:15.091] - eth_blockNumber
[2020/04/02 20:39:15.422] - eth_blockNumber
[2020/04/02 20:39:35.102] - eth_blockNumber
[2020/04/02 20:39:35.432] - eth_blockNumber
[2020/04/02 20:39:55.111] - eth_blockNumber
[2020/04/02 20:39:55.443] - eth_blockNumber
[2020/04/02 20:40:15.123] - eth_blockNumber
[2020/04/02 20:40:15.454] - eth_blockNumber
[2020/04/02 20:40:35.135] - eth_blockNumber
[2020/04/02 20:40:35.465] - eth_blockNumber
[2020/04/02 20:40:55.144] - eth_blockNumber
[2020/04/02 20:40:55.475] - eth_blockNumber
[2020/04/02 20:41:15.156] - eth_blockNumber
[2020/04/02 20:41:15.486] - eth_blockNumber
[2020/04/02 20:41:35.168] - eth_blockNumber
[2020/04/02 20:41:35.495] - eth_blockNumber
[2020/04/02 20:41:55.179] - eth_blockNumber
[2020/04/02 20:41:55.506] - eth_blockNumber
[2020/04/02 20:42:15.188] - eth_blockNumber
[2020/04/02 20:42:15.518] - eth_blockNumber
[2020/04/02 20:42:35.198] - eth_blockNumber
[2020/04/02 20:42:35.529] - eth_blockNumber
[2020/04/02 20:42:55.209] - eth_blockNumber
[2020/04/02 20:42:55.539] - eth_blockNumber
[2020/04/02 20:43:15.221] - eth_blockNumber
[2020/04/02 20:43:15.551] - eth_blockNumber
[2020/04/02 20:43:35.230] - eth_blockNumber
[2020/04/02 20:43:35.564] - eth_blockNumber
[2020/04/02 20:43:55.242] - eth_blockNumber
[2020/04/02 20:43:55.577] - eth_blockNumber
[2020/04/02 20:44:15.253] - eth_blockNumber
[2020/04/02 20:44:15.592] - eth_blockNumber
[2020/04/02 20:44:35.264] - eth_blockNumber
[2020/04/02 20:44:35.609] - eth_blockNumber
[2020/04/02 20:44:55.275] - eth_blockNumber
[2020/04/02 20:44:55.621] - eth_blockNumber
[2020/04/02 20:45:15.284] - eth_blockNumber
[2020/04/02 20:45:15.636] - eth_blockNumber
[2020/04/02 20:45:35.297] - eth_blockNumber
[2020/04/02 20:45:35.650] - eth_blockNumber
[2020/04/02 20:45:55.308] - eth_blockNumber
[2020/04/02 20:45:55.658] - eth_blockNumber
[2020/04/02 20:46:15.316] - eth_blockNumber
[2020/04/02 20:46:15.668] - eth_blockNumber
[2020/04/02 20:46:35.325] - eth_blockNumber
[2020/04/02 20:46:35.682] - eth_blockNumber
[2020/04/02 20:46:55.335] - eth_blockNumber
[2020/04/02 20:46:55.695] - eth_blockNumber
[2020/04/02 20:47:15.347] - eth_blockNumber
[2020/04/02 20:47:15.708] - eth_blockNumber
[2020/04/02 20:47:35.358] - eth_blockNumber
[2020/04/02 20:47:35.719] - eth_blockNumber
[2020/04/02 20:47:55.369] - eth_blockNumber
[2020/04/02 20:47:55.734] - eth_blockNumber
[2020/04/02 20:48:15.378] - eth_blockNumber
[2020/04/02 20:48:15.745] - eth_blockNumber
[2020/04/02 20:48:35.388] - eth_blockNumber
[2020/04/02 20:48:35.757] - eth_blockNumber
[2020/04/02 20:48:55.397] - eth_blockNumber
[2020/04/02 20:48:55.769] - eth_blockNumber
[2020/04/02 20:49:15.406] - eth_blockNumber
[2020/04/02 20:49:15.781] - eth_blockNumber
[2020/04/02 20:49:35.416] - eth_blockNumber
[2020/04/02 20:49:35.793] - eth_blockNumber
[2020/04/02 20:49:55.426] - eth_blockNumber
[2020/04/02 20:49:55.805] - eth_blockNumber
[2020/04/02 20:50:15.437] - eth_blockNumber
[2020/04/02 20:50:15.816] - eth_blockNumber
[2020/04/02 20:50:35.449] - eth_blockNumber
[2020/04/02 20:50:35.827] - eth_blockNumber
[2020/04/02 20:50:55.459] - eth_blockNumber
[2020/04/02 20:50:55.839] - eth_blockNumber
[2020/04/02 20:51:15.471] - eth_blockNumber
[2020/04/02 20:51:15.850] - eth_blockNumber
[2020/04/02 20:51:35.482] - eth_blockNumber
[2020/04/02 20:51:35.861] - eth_blockNumber
[2020/04/02 20:51:55.493] - eth_blockNumber
[2020/04/02 20:51:55.873] - eth_blockNumber
[2020/04/02 20:52:15.504] - eth_blockNumber
[2020/04/02 20:52:15.884] - eth_blockNumber
[2020/04/02 20:52:35.516] - eth_blockNumber
[2020/04/02 20:52:35.895] - eth_blockNumber
[2020/04/02 20:52:55.526] - eth_blockNumber
[2020/04/02 20:52:55.906] - eth_blockNumber
[2020/04/02 20:53:15.536] - eth_blockNumber
[2020/04/02 20:53:15.917] - eth_blockNumber
[2020/04/02 20:53:35.546] - eth_blockNumber
[2020/04/02 20:53:35.928] - eth_blockNumber
[2020/04/02 20:53:55.558] - eth_blockNumber
[2020/04/02 20:53:55.939] - eth_blockNumber
[2020/04/02 20:54:15.569] - eth_blockNumber
[2020/04/02 20:54:15.950] - eth_blockNumber
[2020/04/02 20:54:35.580] - eth_blockNumber
[2020/04/02 20:54:35.962] - eth_blockNumber
[2020/04/02 20:54:55.591] - eth_blockNumber
[2020/04/02 20:54:55.973] - eth_blockNumber
[2020/04/02 20:55:15.605] - eth_blockNumber
[2020/04/02 20:55:15.984] - eth_blockNumber
[2020/04/02 20:55:35.618] - eth_blockNumber
[2020/04/02 20:55:35.995] - eth_blockNumber
[2020/04/02 20:55:55.627] - eth_blockNumber
[2020/04/02 20:55:56.006] - eth_blockNumber
[2020/04/02 20:56:15.639] - eth_blockNumber
[2020/04/02 20:56:16.017] - eth_blockNumber
[2020/04/02 20:56:35.650] - eth_blockNumber
[2020/04/02 20:56:36.029] - eth_blockNumber
[2020/04/02 20:56:55.662] - eth_blockNumber
[2020/04/02 20:56:56.040] - eth_blockNumber
[2020/04/02 20:57:15.674] - eth_blockNumber
[2020/04/02 20:57:16.052] - eth_blockNumber
[2020/04/02 20:57:35.685] - eth_blockNumber
[2020/04/02 20:57:36.063] - eth_blockNumber
[2020/04/02 20:57:55.695] - eth_blockNumber
[2020/04/02 20:57:56.077] - eth_blockNumber
[2020/04/02 20:58:15.706] - eth_blockNumber
[2020/04/02 20:58:16.087] - eth_blockNumber
[2020/04/02 20:58:35.717] - eth_blockNumber
[2020/04/02 20:58:36.098] - eth_blockNumber
[2020/04/02 20:58:55.729] - eth_blockNumber
[2020/04/02 20:58:56.111] - eth_blockNumber
[2020/04/02 20:59:15.743] - eth_blockNumber
[2020/04/02 20:59:16.123] - eth_blockNumber
[2020/04/02 20:59:35.756] - eth_blockNumber
[2020/04/02 20:59:36.136] - eth_blockNumber
[2020/04/02 20:59:55.767] - eth_blockNumber
[2020/04/02 20:59:56.147] - eth_blockNumber
[2020/04/02 21:00:15.785] - eth_blockNumber
[2020/04/02 21:00:16.164] - eth_blockNumber
[2020/04/02 21:00:35.801] - eth_blockNumber
[2020/04/02 21:00:36.190] - eth_blockNumber
[2020/04/02 21:00:55.821] - eth_blockNumber
[2020/04/02 21:00:56.204] - eth_blockNumber
[2020/04/02 21:01:15.838] - eth_blockNumber
[2020/04/02 21:01:16.219] - eth_blockNumber
[2020/04/02 21:01:35.853] - eth_blockNumber
[2020/04/02 21:01:44.589] - net_version
[2020/04/02 21:01:44.591] - eth_blockNumber
[2020/04/02 21:01:44.599] - net_version
[2020/04/02 21:01:44.946] - eth_getBlockByNumber
[2020/04/02 21:01:44.947] - eth_getBlockByNumber
[2020/04/02 21:01:44.951] - eth_getBlockByNumber
[2020/04/02 21:01:44.952] - eth_getBlockByNumber
[2020/04/02 21:01:44.955] - eth_getBlockByNumber
[2020/04/02 21:01:44.957] - eth_getBlockByNumber
[2020/04/02 21:01:44.959] - eth_getBlockByNumber
[2020/04/02 21:01:44.964] - eth_getBlockByNumber
[2020/04/02 21:01:44.964] - eth_getBlockByNumber
[2020/04/02 21:01:44.968] - eth_getBlockByNumber
[2020/04/02 21:01:44.974] - eth_getBlockByNumber
[2020/04/02 21:01:44.978] - eth_getBlockByNumber
[2020/04/02 21:01:44.979] - eth_getBlockByNumber
[2020/04/02 21:01:44.984] - eth_getBlockByNumber
[2020/04/02 21:01:44.987] - eth_getBlockByNumber
[2020/04/02 21:01:44.990] - eth_getBlockByNumber
[2020/04/02 21:01:44.996] - eth_getBlockByNumber
[2020/04/02 21:01:45.000] - eth_getBlockByNumber
[2020/04/02 21:01:45.005] - eth_getBlockByNumber
[2020/04/02 21:01:45.008] - eth_getBlockByNumber
[2020/04/02 21:01:45.010] - eth_getBlockByNumber
[2020/04/02 21:01:45.013] - eth_getBlockByNumber
[2020/04/02 21:01:45.016] - eth_getBlockByNumber
[2020/04/02 21:01:45.022] - eth_getBlockByNumber
[2020/04/02 21:01:45.026] - eth_getBlockByNumber
[2020/04/02 21:01:45.031] - eth_getBlockByNumber
[2020/04/02 21:01:45.034] - eth_getBlockByNumber
[2020/04/02 21:01:45.037] - eth_getBlockByNumber
[2020/04/02 21:01:45.042] - eth_getBlockByNumber
[2020/04/02 21:01:45.045] - eth_getBlockByNumber
[2020/04/02 21:01:45.047] - eth_getBlockByNumber
[2020/04/02 21:01:45.050] - eth_getBlockByNumber
[2020/04/02 21:01:45.053] - eth_getBlockByNumber
[2020/04/02 21:01:45.056] - eth_getBlockByNumber
[2020/04/02 21:01:45.059] - eth_getBlockByNumber
[2020/04/02 21:01:45.067] - eth_getBlockByNumber
[2020/04/02 21:01:45.071] - eth_getBlockByNumber
[2020/04/02 21:01:45.075] - eth_getBlockByNumber
[2020/04/02 21:01:45.080] - eth_getBlockByNumber
[2020/04/02 21:01:45.083] - eth_getBlockByNumber
[2020/04/02 21:01:45.085] - eth_getBlockByNumber
[2020/04/02 21:01:55.863] - eth_blockNumber
[2020/04/02 21:02:05.012] - eth_blockNumber
[2020/04/02 21:02:15.873] - eth_blockNumber
[2020/04/02 21:02:25.027] - eth_blockNumber
[2020/04/02 21:02:35.890] - eth_blockNumber
[2020/04/02 21:02:45.043] - eth_blockNumber
[2020/04/02 21:02:55.911] - eth_blockNumber
[2020/04/02 21:03:05.058] - eth_blockNumber
[2020/04/02 21:03:15.930] - eth_blockNumber
[2020/04/02 21:03:25.071] - eth_blockNumber
[2020/04/02 21:03:35.944] - eth_blockNumber
[2020/04/02 21:03:45.085] - eth_blockNumber
[2020/04/02 21:03:55.953] - eth_blockNumber
[2020/04/02 21:04:05.098] - eth_blockNumber
[2020/04/02 21:04:15.966] - eth_blockNumber
[2020/04/02 21:04:25.111] - eth_blockNumber
[2020/04/02 21:04:35.978] - eth_blockNumber
[2020/04/02 21:04:45.121] - eth_blockNumber
[2020/04/02 21:04:55.990] - eth_blockNumber
[2020/04/02 21:05:05.131] - eth_blockNumber
[2020/04/02 21:05:16.000] - eth_blockNumber
[2020/04/02 21:05:25.143] - eth_blockNumber
[2020/04/02 21:05:36.012] - eth_blockNumber
[2020/04/02 21:05:45.156] - eth_blockNumber
[2020/04/02 21:05:56.024] - eth_blockNumber
[2020/04/02 21:06:05.168] - eth_blockNumber
[2020/04/02 21:06:16.036] - eth_blockNumber
[2020/04/02 21:06:25.179] - eth_blockNumber
[2020/04/02 21:06:36.048] - eth_blockNumber
[2020/04/02 21:06:45.191] - eth_blockNumber
[2020/04/02 21:06:56.061] - eth_blockNumber
[2020/04/02 21:07:05.200] - eth_blockNumber
[2020/04/02 21:07:16.073] - eth_blockNumber
[2020/04/02 21:07:25.209] - eth_blockNumber
[2020/04/02 21:07:36.085] - eth_blockNumber
[2020/04/02 21:07:45.219] - eth_blockNumber
[2020/04/02 21:07:56.104] - eth_blockNumber
[2020/04/02 21:08:05.233] - eth_blockNumber
[2020/04/02 21:08:16.116] - eth_blockNumber
[2020/04/02 21:08:25.249] - eth_blockNumber
[2020/04/02 21:08:36.129] - eth_blockNumber
[2020/04/02 21:08:45.267] - eth_blockNumber
[2020/04/02 21:08:56.144] - eth_blockNumber
[2020/04/02 21:09:05.281] - eth_blockNumber
[2020/04/02 21:09:16.157] - eth_blockNumber
[2020/04/02 21:09:25.296] - eth_blockNumber
[2020/04/02 21:09:36.170] - eth_blockNumber
[2020/04/02 21:09:45.310] - eth_blockNumber
[2020/04/02 21:09:56.184] - eth_blockNumber
[2020/04/02 21:10:05.323] - eth_blockNumber
[2020/04/02 21:10:16.196] - eth_blockNumber
[2020/04/02 21:10:25.336] - eth_blockNumber
[2020/04/02 21:10:36.206] - eth_blockNumber
[2020/04/02 21:10:45.350] - eth_blockNumber
[2020/04/02 21:10:56.218] - eth_blockNumber
[2020/04/02 21:11:05.380] - eth_blockNumber
[2020/04/02 21:11:16.232] - eth_blockNumber
[2020/04/02 21:11:25.391] - eth_blockNumber
[2020/04/02 21:11:36.247] - eth_blockNumber
[2020/04/02 21:11:45.404] - eth_blockNumber
[2020/04/02 21:11:56.260] - eth_blockNumber
[2020/04/02 21:12:05.417] - eth_blockNumber
[2020/04/02 21:12:16.274] - eth_blockNumber
[2020/04/02 21:12:25.429] - eth_blockNumber
[2020/04/02 21:12:36.286] - eth_blockNumber
[2020/04/02 21:12:45.439] - eth_blockNumber
[2020/04/02 21:12:56.300] - eth_blockNumber
[2020/04/02 21:13:05.451] - eth_blockNumber
[2020/04/02 21:13:16.320] - eth_blockNumber
[2020/04/02 21:13:25.467] - eth_blockNumber
