[2020/03/21 10:36:02.407] - Starting server (version 2.1.2) with initial configuration: {"gasLimit":6721975,"gasPrice":20000000000,"hardfork":"petersburg","hostname":"127.0.0.1","port":7545,"network_id":5777,"default_balance_ether":100,"total_accounts":10,"unlocked_accounts":[],"locked":false,"vmErrorsOnRPCResponse":true,"verbose":false,"db_path":"/home/nash/.config/Ganache/workspaces/identity-wallet/chaindata","logDirectory":"/home/nash/Documents/Projects/Blockchain/Project/identity-wallet/wallet-web-app/logs"}
[2020/03/21 10:36:03.847] - eth_blockNumber
[2020/03/21 10:36:03.913] - eth_subscribe
[2020/03/21 10:36:03.914] - eth_getLogs
[2020/03/21 10:36:03.916] - eth_subscribe
[2020/03/21 10:36:03.922] - eth_getCode
[2020/03/21 10:36:03.968] - eth_getBlockByNumber
[2020/03/21 10:36:03.982] - eth_getBlockByNumber
[2020/03/21 10:36:03.997] - eth_getCode
[2020/03/21 10:36:03.999] - eth_getBlockByNumber
[2020/03/21 10:36:04.006] - eth_getBlockByNumber
[2020/03/21 10:36:04.031] - eth_getBlockByNumber
[2020/03/21 10:36:04.036] - eth_getBlockByNumber
[2020/03/21 10:36:04.050] - eth_getBlockByNumber
[2020/03/21 10:36:04.054] - eth_getBlockByNumber
[2020/03/21 10:36:04.057] - eth_getBlockByNumber
[2020/03/21 10:36:04.060] - eth_getBlockByNumber
[2020/03/21 10:36:04.076] - eth_getBlockByNumber
[2020/03/21 10:36:04.088] - eth_getBlockByNumber
[2020/03/21 10:36:04.100] - eth_getBlockByNumber
[2020/03/21 10:36:04.113] - eth_getBlockByNumber
[2020/03/21 10:36:04.124] - eth_getBlockByNumber
[2020/03/21 10:36:04.135] - eth_getBlockByNumber
[2020/03/21 10:36:04.138] - eth_getCode
[2020/03/21 10:36:04.186] - eth_getBlockByNumber
[2020/03/21 10:36:04.202] - eth_getBlockByNumber
[2020/03/21 10:36:04.214] - eth_getBlockByNumber
[2020/03/21 10:36:04.225] - eth_getBlockByNumber
[2020/03/21 10:36:04.236] - eth_getBlockByNumber
[2020/03/21 10:36:04.253] - eth_getBlockByNumber
[2020/03/21 10:36:04.269] - eth_getBlockByNumber
[2020/03/21 10:36:04.270] - eth_getCode
[2020/03/21 10:36:04.273] - eth_getBlockByNumber
[2020/03/21 10:36:04.278] - eth_getBlockByNumber
[2020/03/21 10:36:04.281] - eth_getBlockByNumber
[2020/03/21 10:36:04.287] - eth_getBlockByNumber
[2020/03/21 10:36:04.297] - eth_getBlockByNumber
[2020/03/21 10:36:04.301] - eth_getBlockByNumber
[2020/03/21 10:36:04.311] - eth_getCode
[2020/03/21 10:36:04.315] - eth_getBlockByNumber
[2020/03/21 10:36:04.319] - eth_getBlockByNumber
[2020/03/21 10:36:04.323] - eth_getBlockByNumber
[2020/03/21 10:36:04.330] - eth_getBlockByNumber
[2020/03/21 10:36:04.337] - eth_getBlockByNumber
[2020/03/21 10:36:04.345] - eth_getBlockByNumber
[2020/03/21 10:36:04.362] - eth_getBlockByNumber
[2020/03/21 10:36:04.368] - eth_getBlockByNumber
[2020/03/21 10:36:04.379] - eth_getBlockByNumber
[2020/03/21 10:36:04.389] - eth_getBlockByNumber
[2020/03/21 10:36:04.403] - eth_getBlockByNumber
[2020/03/21 10:36:04.413] - eth_getBlockByNumber
[2020/03/21 10:36:06.570] - eth_blockNumber
[2020/03/21 10:36:06.571] - eth_accounts
[2020/03/21 10:36:06.571] - eth_gasPrice
[2020/03/21 10:36:06.571] - eth_getBlockByNumber
[2020/03/21 10:36:06.571] - eth_subscribe
[2020/03/21 10:36:06.717] - eth_accounts
[2020/03/21 10:36:06.919] - eth_getBalance
[2020/03/21 10:36:06.966] - eth_getTransactionCount
[2020/03/21 10:36:07.042] - eth_getBalance
[2020/03/21 10:36:07.141] - eth_getTransactionCount
[2020/03/21 10:36:07.224] - eth_getBalance
[2020/03/21 10:36:07.275] - eth_getTransactionCount
[2020/03/21 10:36:07.326] - eth_getBalance
[2020/03/21 10:36:07.393] - eth_getTransactionCount
[2020/03/21 10:36:07.444] - eth_getBalance
[2020/03/21 10:36:07.511] - eth_getTransactionCount
[2020/03/21 10:36:07.559] - eth_getBalance
[2020/03/21 10:36:07.606] - eth_getTransactionCount
[2020/03/21 10:36:07.640] - eth_getBalance
[2020/03/21 10:36:07.681] - eth_getTransactionCount
[2020/03/21 10:36:07.722] - eth_getBalance
[2020/03/21 10:36:07.765] - eth_getTransactionCount
[2020/03/21 10:36:07.809] - eth_getBalance
[2020/03/21 10:36:07.851] - eth_getTransactionCount
[2020/03/21 10:36:07.893] - eth_getBalance
[2020/03/21 10:36:07.935] - eth_getTransactionCount
[2020/03/21 10:36:08.678] - eth_getBalance
[2020/03/21 10:36:08.752] - eth_getTransactionCount
[2020/03/21 10:36:08.801] - eth_getBalance
[2020/03/21 10:36:08.832] - eth_getTransactionCount
[2020/03/21 10:36:08.918] - eth_getBalance
[2020/03/21 10:36:09.039] - eth_getTransactionCount
[2020/03/21 10:36:09.148] - eth_getBalance
[2020/03/21 10:36:09.254] - eth_getTransactionCount
[2020/03/21 10:36:09.390] - eth_getBalance
[2020/03/21 10:36:09.534] - eth_getTransactionCount
[2020/03/21 10:36:09.631] - eth_getBalance
[2020/03/21 10:36:09.727] - eth_getTransactionCount
[2020/03/21 10:36:09.795] - eth_getBalance
[2020/03/21 10:36:09.854] - eth_getTransactionCount
[2020/03/21 10:36:09.951] - eth_getBalance
[2020/03/21 10:36:10.019] - eth_getTransactionCount
[2020/03/21 10:36:10.111] - eth_getBalance
[2020/03/21 10:36:10.211] - eth_getTransactionCount
[2020/03/21 10:36:10.292] - eth_getBalance
[2020/03/21 10:36:10.367] - eth_getTransactionCount
[2020/03/21 10:36:24.080] - eth_blockNumber
[2020/03/21 10:36:44.091] - eth_blockNumber
[2020/03/21 10:37:04.104] - eth_blockNumber
[2020/03/21 10:37:24.116] - eth_blockNumber
[2020/03/21 10:37:29.559] - eth_getBlockByNumber
[2020/03/21 10:37:29.711] - eth_getBlockTransactionCountByNumber
[2020/03/21 10:37:29.855] - eth_getBlockByNumber
[2020/03/21 10:37:29.991] - eth_getBlockTransactionCountByNumber
[2020/03/21 10:37:30.133] - eth_getBlockByNumber
[2020/03/21 10:37:30.276] - eth_getBlockTransactionCountByNumber
[2020/03/21 10:37:30.382] - eth_getBlockByNumber
[2020/03/21 10:37:30.493] - eth_getBlockByNumber
[2020/03/21 10:37:30.860] - eth_getBlockTransactionCountByNumber
[2020/03/21 10:37:31.475] - eth_getTransactionReceipt
[2020/03/21 10:37:31.931] - eth_getBlockByNumber
[2020/03/21 10:37:32.538] - eth_getBlockByNumber
[2020/03/21 10:37:32.973] - eth_getBlockTransactionCountByNumber
[2020/03/21 10:37:33.382] - eth_getTransactionReceipt
[2020/03/21 10:37:33.845] - eth_getBlockByNumber
[2020/03/21 10:37:34.367] - eth_getBlockByNumber
[2020/03/21 10:37:34.752] - eth_getBlockTransactionCountByNumber
[2020/03/21 10:37:34.999] - eth_getTransactionReceipt
[2020/03/21 10:37:35.252] - eth_getBlockByNumber
[2020/03/21 10:37:35.521] - eth_getBlockByNumber
[2020/03/21 10:37:35.782] - eth_getBlockTransactionCountByNumber
[2020/03/21 10:37:36.029] - eth_getTransactionReceipt
[2020/03/21 10:37:36.345] - eth_getBlockByNumber
[2020/03/21 10:37:36.744] - eth_getBlockByNumber
[2020/03/21 10:37:37.070] - eth_getBlockTransactionCountByNumber
[2020/03/21 10:37:37.325] - eth_getTransactionReceipt
[2020/03/21 10:37:37.541] - eth_getBlockByNumber
[2020/03/21 10:37:37.880] - eth_getBlockByNumber
[2020/03/21 10:37:38.101] - eth_getBlockTransactionCountByNumber
[2020/03/21 10:37:38.335] - eth_getTransactionReceipt
[2020/03/21 10:37:38.525] - eth_getBlockByNumber
[2020/03/21 10:37:38.881] - eth_getBlockByNumber
[2020/03/21 10:37:38.991] - eth_getBlockTransactionCountByNumber
[2020/03/21 10:37:39.119] - eth_getTransactionReceipt
[2020/03/21 10:37:39.239] - eth_getBlockByNumber
[2020/03/21 10:37:39.389] - eth_getBlockByNumber
[2020/03/21 10:37:39.498] - eth_getBlockTransactionCountByNumber
[2020/03/21 10:37:39.629] - eth_getTransactionReceipt
[2020/03/21 10:37:39.742] - eth_getBlockByNumber
[2020/03/21 10:37:39.952] - eth_getBlockByNumber
[2020/03/21 10:37:40.063] - eth_getBlockTransactionCountByNumber
[2020/03/21 10:37:40.199] - eth_getTransactionReceipt
[2020/03/21 10:37:40.347] - eth_getBlockByNumber
[2020/03/21 10:37:40.513] - eth_getBlockByNumber
[2020/03/21 10:37:40.621] - eth_getBlockTransactionCountByNumber
[2020/03/21 10:37:40.751] - eth_getTransactionReceipt
[2020/03/21 10:37:40.882] - eth_getBlockByNumber
[2020/03/21 10:37:41.039] - eth_getBlockByNumber
[2020/03/21 10:37:41.194] - eth_getBlockTransactionCountByNumber
[2020/03/21 10:37:41.306] - eth_getTransactionReceipt
[2020/03/21 10:37:41.438] - eth_getBlockByNumber
[2020/03/21 10:37:41.776] - eth_getBlockTransactionCountByNumber
[2020/03/21 10:37:41.921] - eth_getBlockByNumber
[2020/03/21 10:37:42.029] - eth_getBlockTransactionCountByNumber
[2020/03/21 10:37:44.130] - eth_blockNumber
[2020/03/21 10:38:04.147] - eth_blockNumber
[2020/03/21 10:38:24.157] - eth_blockNumber
[2020/03/21 10:38:44.169] - eth_blockNumber
[2020/03/21 10:39:04.182] - eth_blockNumber
[2020/03/21 10:39:24.194] - eth_blockNumber
[2020/03/21 10:39:44.205] - eth_blockNumber
[2020/03/21 10:40:04.215] - eth_blockNumber
[2020/03/21 10:40:24.227] - eth_blockNumber
[2020/03/21 10:40:44.237] - eth_blockNumber
[2020/03/21 10:41:04.250] - eth_blockNumber
[2020/03/21 10:41:24.261] - eth_blockNumber
[2020/03/21 10:41:44.271] - eth_blockNumber
[2020/03/21 10:42:04.304] - eth_blockNumber
[2020/03/21 10:42:24.317] - eth_blockNumber
[2020/03/21 10:42:44.466] - eth_blockNumber
[2020/03/21 10:43:04.513] - eth_blockNumber
[2020/03/21 10:43:24.525] - eth_blockNumber
[2020/03/21 10:43:44.533] - eth_blockNumber
[2020/03/21 10:44:04.550] - eth_blockNumber
[2020/03/21 10:44:24.564] - eth_blockNumber
[2020/03/21 10:44:44.576] - eth_blockNumber
[2020/03/21 10:45:04.586] - eth_blockNumber
[2020/03/21 10:45:24.596] - eth_blockNumber
[2020/03/21 10:45:44.607] - eth_blockNumber
[2020/03/21 10:46:04.631] - eth_blockNumber
[2020/03/21 10:46:24.643] - eth_blockNumber
[2020/03/21 10:46:44.660] - eth_blockNumber
[2020/03/21 10:47:04.683] - eth_blockNumber
[2020/03/21 10:47:24.706] - eth_blockNumber
[2020/03/21 10:47:44.724] - eth_blockNumber
[2020/03/21 10:48:04.739] - eth_blockNumber
[2020/03/21 10:48:24.757] - eth_blockNumber
[2020/03/21 10:48:42.401] - eth_getBalance
[2020/03/21 10:48:43.256] - net_version
[2020/03/21 10:48:43.270] - eth_getCode
[2020/03/21 10:48:43.277] - eth_getBlockByNumber
[2020/03/21 10:48:43.289] - eth_getBalance
[2020/03/21 10:48:43.293] - eth_getTransactionCount
[2020/03/21 10:48:43.311] - eth_getStorageAt
[2020/03/21 10:48:44.773] - eth_blockNumber
[2020/03/21 10:49:04.783] - eth_blockNumber
[2020/03/21 10:49:24.812] - eth_blockNumber
[2020/03/21 10:49:44.899] - eth_blockNumber
[2020/03/21 10:50:04.962] - eth_blockNumber
[2020/03/21 10:50:24.987] - eth_blockNumber
[2020/03/21 10:50:45.007] - eth_blockNumber
[2020/03/21 10:51:05.019] - eth_blockNumber
[2020/03/21 10:51:25.032] - eth_blockNumber
[2020/03/21 10:51:45.044] - eth_blockNumber
[2020/03/21 10:52:05.076] - eth_blockNumber
[2020/03/21 10:52:11.511] - net_version
[2020/03/21 10:52:11.541] - eth_blockNumber
[2020/03/21 10:52:11.544] - net_version
[2020/03/21 10:52:11.974] - eth_getBlockByNumber
[2020/03/21 10:52:11.980] - eth_getBlockByNumber
[2020/03/21 10:52:11.991] - eth_getBlockByNumber
[2020/03/21 10:52:12.000] - eth_getBlockByNumber
[2020/03/21 10:52:12.003] - eth_getBlockByNumber
[2020/03/21 10:52:12.018] - eth_getBlockByNumber
[2020/03/21 10:52:12.020] - eth_getBlockByNumber
[2020/03/21 10:52:12.022] - eth_getBlockByNumber
[2020/03/21 10:52:12.023] - eth_getBlockByNumber
[2020/03/21 10:52:12.024] - eth_getBlockByNumber
[2020/03/21 10:52:12.031] - eth_getBlockByNumber
[2020/03/21 10:52:12.038] - eth_getBlockByNumber
[2020/03/21 10:52:12.044] - eth_getBlockByNumber
[2020/03/21 10:52:12.049] - eth_getBlockByNumber
[2020/03/21 10:52:12.058] - eth_getBlockByNumber
[2020/03/21 10:52:12.070] - eth_getBlockByNumber
[2020/03/21 10:52:12.079] - eth_getBlockByNumber
[2020/03/21 10:52:12.085] - eth_getBlockByNumber
[2020/03/21 10:52:12.111] - eth_getBlockByNumber
[2020/03/21 10:52:12.118] - eth_getBlockByNumber
[2020/03/21 10:52:12.136] - eth_getBlockByNumber
[2020/03/21 10:52:12.137] - eth_getBlockByNumber
[2020/03/21 10:52:12.149] - eth_getBlockByNumber
[2020/03/21 10:52:12.167] - eth_getBlockByNumber
[2020/03/21 10:52:12.175] - eth_getBlockByNumber
[2020/03/21 10:52:12.177] - eth_getBlockByNumber
[2020/03/21 10:52:12.190] - eth_getBlockByNumber
[2020/03/21 10:52:12.198] - eth_getBlockByNumber
[2020/03/21 10:52:12.201] - eth_getBlockByNumber
[2020/03/21 10:52:12.217] - eth_getBlockByNumber
[2020/03/21 10:52:12.219] - eth_getBlockByNumber
[2020/03/21 10:52:12.228] - eth_getBlockByNumber
[2020/03/21 10:52:12.237] - eth_getBlockByNumber
[2020/03/21 10:52:12.247] - eth_getBlockByNumber
[2020/03/21 10:52:12.253] - eth_getBlockByNumber
[2020/03/21 10:52:12.263] - eth_getBlockByNumber
[2020/03/21 10:52:12.278] - eth_getBlockByNumber
[2020/03/21 10:52:12.286] - eth_getBlockByNumber
[2020/03/21 10:52:12.295] - eth_getBlockByNumber
[2020/03/21 10:52:12.300] - eth_getBlockByNumber
[2020/03/21 10:52:12.304] - eth_getBlockByNumber
[2020/03/21 10:52:25.102] - eth_blockNumber
[2020/03/21 10:52:32.049] - eth_blockNumber
[2020/03/21 10:52:45.113] - eth_blockNumber
[2020/03/21 10:52:50.298] - eth_getBalance
[2020/03/21 10:52:52.178] - eth_blockNumber
[2020/03/21 10:52:52.323] - net_version
[2020/03/21 10:52:52.646] - eth_getLogs
[2020/03/21 10:52:52.662] - eth_getLogs
[2020/03/21 10:52:58.750] - net_version
[2020/03/21 10:53:05.208] - eth_blockNumber
[2020/03/21 10:53:12.192] - eth_blockNumber
[2020/03/21 10:53:25.220] - eth_blockNumber
[2020/03/21 10:53:32.207] - eth_blockNumber
[2020/03/21 10:53:45.232] - eth_blockNumber
[2020/03/21 10:53:52.230] - eth_blockNumber
[2020/03/21 10:54:05.242] - eth_blockNumber
[2020/03/21 10:54:12.265] - eth_blockNumber
[2020/03/21 10:54:25.259] - eth_blockNumber
[2020/03/21 10:54:32.283] - eth_blockNumber
[2020/03/21 10:54:42.879] - net_version
[2020/03/21 10:54:45.273] - eth_blockNumber
[2020/03/21 10:54:52.295] - eth_blockNumber
[2020/03/21 10:54:56.111] - net_version
[2020/03/21 10:54:56.617] - eth_getLogs
[2020/03/21 10:54:56.662] - eth_getLogs
[2020/03/21 10:54:56.667] - eth_call
[2020/03/21 10:55:05.284] - eth_blockNumber
[2020/03/21 10:55:12.305] - eth_blockNumber
[2020/03/21 10:55:25.302] - eth_blockNumber
[2020/03/21 10:55:32.317] - eth_blockNumber
[2020/03/21 10:55:45.318] - eth_blockNumber
[2020/03/21 10:55:52.335] - eth_blockNumber
[2020/03/21 10:56:05.328] - eth_blockNumber
[2020/03/21 10:56:12.451] - eth_blockNumber
[2020/03/21 10:56:25.335] - eth_blockNumber
[2020/03/21 10:56:25.934] - net_version
[2020/03/21 10:56:32.746] - eth_getTransactionCount
[2020/03/21 10:56:32.914] - eth_blockNumber
[2020/03/21 10:56:45.344] - eth_blockNumber
[2020/03/21 10:56:52.933] - eth_blockNumber
[2020/03/21 10:57:05.353] - eth_blockNumber
[2020/03/21 10:57:12.947] - eth_blockNumber
[2020/03/21 10:57:24.209] - eth_gasPrice
[2020/03/21 10:57:24.301] - eth_getCode
[2020/03/21 10:57:24.359] - eth_getBlockByNumber
[2020/03/21 10:57:24.506] - eth_estimateGas
[2020/03/21 10:57:25.361] - eth_blockNumber
[2020/03/21 10:57:30.643] - eth_sendRawTransaction
[2020/03/21 10:57:30.947] - 
[2020/03/21 10:57:30.948] -   Transaction: 0x4fc2ab391c49e65a945cdbd202ccfbf20b24ecaf147f16c2ff8d1073137dd499
[2020/03/21 10:57:30.948] -   Gas usage: 255047
[2020/03/21 10:57:30.948] -   Block Number: 184
[2020/03/21 10:57:30.948] -   Block Time: Sat Mar 21 2020 10:57:30 GMT+0000 (GMT)
[2020/03/21 10:57:30.948] - 
[2020/03/21 10:57:30.951] - eth_getBlockByNumber
[2020/03/21 10:57:31.171] - eth_getBalance
[2020/03/21 10:57:31.268] - eth_getTransactionCount
[2020/03/21 10:57:31.346] - eth_getBalance
[2020/03/21 10:57:31.402] - eth_getTransactionCount
[2020/03/21 10:57:31.485] - eth_getBalance
[2020/03/21 10:57:31.571] - eth_getTransactionCount
[2020/03/21 10:57:31.781] - eth_getBalance
[2020/03/21 10:57:31.957] - eth_getTransactionCount
[2020/03/21 10:57:32.017] - eth_getBalance
[2020/03/21 10:57:32.071] - eth_getTransactionCount
[2020/03/21 10:57:32.134] - eth_getBalance
[2020/03/21 10:57:32.205] - eth_getTransactionCount
[2020/03/21 10:57:32.261] - eth_getBalance
[2020/03/21 10:57:32.383] - eth_getTransactionCount
[2020/03/21 10:57:32.460] - eth_getBalance
[2020/03/21 10:57:32.518] - eth_getTransactionCount
[2020/03/21 10:57:32.580] - eth_getBalance
[2020/03/21 10:57:32.650] - eth_getTransactionCount
[2020/03/21 10:57:32.702] - eth_getBalance
[2020/03/21 10:57:32.760] - eth_getTransactionCount
[2020/03/21 10:57:32.881] - eth_getTransactionReceipt
[2020/03/21 10:57:33.086] - eth_blockNumber
[2020/03/21 10:57:33.245] - eth_blockNumber
[2020/03/21 10:57:33.276] - eth_getBlockByNumber
[2020/03/21 10:57:33.289] - eth_getBlockByNumber
[2020/03/21 10:57:33.306] - eth_getLogs
[2020/03/21 10:57:33.321] - eth_getLogs
[2020/03/21 10:57:33.424] - eth_getTransactionReceipt
[2020/03/21 10:57:33.606] - eth_getTransactionCount
[2020/03/21 10:57:33.637] - eth_call
[2020/03/21 10:57:34.211] - eth_call
[2020/03/21 10:57:36.454] - eth_getBalance
[2020/03/21 10:57:45.369] - eth_blockNumber
[2020/03/21 10:57:45.382] - eth_getBlockByNumber
[2020/03/21 10:57:53.288] - eth_blockNumber
[2020/03/21 10:57:57.107] - eth_getBalance
[2020/03/21 10:57:57.266] - eth_getTransactionByHash
[2020/03/21 10:57:57.521] - eth_getTransactionReceipt
[2020/03/21 10:57:57.802] - eth_getBlockByNumber
[2020/03/21 10:57:58.525] - net_version
[2020/03/21 10:57:58.531] - eth_getCode
[2020/03/21 10:57:59.184] - net_version
[2020/03/21 10:57:59.193] - eth_getCode
[2020/03/21 10:57:59.204] - eth_getBlockByNumber
[2020/03/21 10:57:59.211] - eth_getBalance
[2020/03/21 10:57:59.217] - eth_getTransactionCount
[2020/03/21 10:57:59.229] - eth_getStorageAt
[2020/03/21 10:58:05.385] - eth_blockNumber
[2020/03/21 10:58:08.771] - net_version
[2020/03/21 10:58:08.775] - eth_getCode
[2020/03/21 10:58:13.305] - eth_blockNumber
[2020/03/21 10:58:13.643] - net_version
[2020/03/21 10:58:13.646] - eth_getCode
[2020/03/21 10:58:14.429] - net_version
[2020/03/21 10:58:14.432] - eth_getCode
[2020/03/21 10:58:14.442] - eth_getBlockByNumber
[2020/03/21 10:58:14.448] - eth_getBalance
[2020/03/21 10:58:14.456] - eth_getTransactionCount
[2020/03/21 10:58:14.463] - eth_getStorageAt
[2020/03/21 10:58:18.186] - eth_getBlockByNumber
[2020/03/21 10:58:18.426] - eth_getTransactionReceipt
[2020/03/21 10:58:18.466] - net_version
[2020/03/21 10:58:18.469] - eth_getCode
[2020/03/21 10:58:18.637] - eth_getTransactionReceipt
[2020/03/21 10:58:18.945] - eth_getTransactionReceipt
[2020/03/21 10:58:18.981] - net_version
[2020/03/21 10:58:18.984] - eth_getCode
[2020/03/21 10:58:19.103] - eth_getTransactionReceipt
[2020/03/21 10:58:19.370] - eth_getTransactionReceipt
[2020/03/21 10:58:19.557] - eth_getTransactionReceipt
[2020/03/21 10:58:25.398] - eth_blockNumber
[2020/03/21 10:58:33.315] - eth_blockNumber
[2020/03/21 10:58:45.409] - eth_blockNumber
[2020/03/21 10:58:53.330] - eth_blockNumber
[2020/03/21 10:59:05.420] - eth_blockNumber
[2020/03/21 10:59:13.347] - eth_blockNumber
[2020/03/21 10:59:25.432] - eth_blockNumber
[2020/03/21 10:59:33.364] - eth_blockNumber
[2020/03/21 10:59:45.442] - eth_blockNumber
[2020/03/21 10:59:53.378] - eth_blockNumber
[2020/03/21 11:00:05.452] - eth_blockNumber
[2020/03/21 11:00:10.740] - net_version
[2020/03/21 11:00:10.745] - eth_getCode
[2020/03/21 11:00:11.740] - net_version
[2020/03/21 11:00:11.746] - eth_getCode
[2020/03/21 11:00:11.750] - eth_getBlockByNumber
[2020/03/21 11:00:11.756] - eth_getBalance
[2020/03/21 11:00:11.763] - eth_getTransactionCount
[2020/03/21 11:00:11.767] - eth_getStorageAt
[2020/03/21 11:00:13.393] - eth_blockNumber
[2020/03/21 11:00:25.463] - eth_blockNumber
[2020/03/21 11:00:33.408] - eth_blockNumber
[2020/03/21 11:00:45.478] - eth_blockNumber
[2020/03/21 11:00:53.420] - eth_blockNumber
[2020/03/21 11:01:05.498] - eth_blockNumber
[2020/03/21 11:01:13.442] - eth_blockNumber
[2020/03/21 11:01:25.511] - eth_blockNumber
[2020/03/21 11:01:33.463] - eth_blockNumber
[2020/03/21 11:01:45.527] - eth_blockNumber
[2020/03/21 11:01:53.474] - eth_blockNumber
[2020/03/21 11:02:05.543] - eth_blockNumber
[2020/03/21 11:02:06.134] - net_version
[2020/03/21 11:02:06.140] - eth_getCode
[2020/03/21 11:02:06.217] - eth_getTransactionReceipt
[2020/03/21 11:02:06.404] - eth_getTransactionReceipt
[2020/03/21 11:02:06.718] - eth_getTransactionReceipt
[2020/03/21 11:02:06.780] - net_version
[2020/03/21 11:02:06.783] - eth_getCode
[2020/03/21 11:02:06.881] - eth_getTransactionReceipt
[2020/03/21 11:02:13.489] - eth_blockNumber
[2020/03/21 11:02:25.554] - eth_blockNumber
[2020/03/21 11:02:33.500] - eth_blockNumber
[2020/03/21 11:02:45.566] - eth_blockNumber
[2020/03/21 11:02:53.516] - eth_blockNumber
[2020/03/21 11:03:05.589] - eth_blockNumber
[2020/03/21 11:03:09.041] - eth_unsubscribe
[2020/03/21 11:03:09.042] - eth_unsubscribe
