[2020/03/18 22:45:52.357] - Starting server (version 2.1.2) with initial configuration: {"gasLimit":6721975,"gasPrice":20000000000,"hardfork":"petersburg","db_path":"/home/nash/.config/Ganache/workspaces/identity-wallet/chaindata","default_balance_ether":100,"hostname":"127.0.0.1","locked":false,"network_id":5777,"port":7545,"total_accounts":10,"unlocked_accounts":[],"verbose":false,"vmErrorsOnRPCResponse":true,"logDirectory":"/home/nash/Documents/Projects/Blockchain/Project/identity-wallet/wallet-web-app/logs"}
[2020/03/18 22:45:52.832] - eth_getCode
[2020/03/18 22:45:52.835] - eth_subscribe
[2020/03/18 22:45:52.835] - eth_getLogs
[2020/03/18 22:45:52.837] - eth_subscribe
[2020/03/18 22:45:52.876] - eth_getCode
[2020/03/18 22:45:52.893] - eth_getCode
[2020/03/18 22:45:52.903] - eth_getCode
[2020/03/18 22:45:53.708] - eth_blockNumber
[2020/03/18 22:45:53.754] - eth_accounts
[2020/03/18 22:45:53.754] - eth_gasPrice
[2020/03/18 22:45:53.755] - eth_getBlockByNumber
[2020/03/18 22:45:53.942] - eth_accounts
[2020/03/18 22:45:53.944] - eth_subscribe
[2020/03/18 22:45:54.147] - eth_getBalance
[2020/03/18 22:45:54.195] - eth_getTransactionCount
[2020/03/18 22:45:54.225] - eth_getBalance
[2020/03/18 22:45:54.254] - eth_getTransactionCount
[2020/03/18 22:45:54.285] - eth_getBalance
[2020/03/18 22:45:54.309] - eth_getTransactionCount
[2020/03/18 22:45:54.339] - eth_getBalance
[2020/03/18 22:45:54.367] - eth_getTransactionCount
[2020/03/18 22:45:54.396] - eth_getBalance
[2020/03/18 22:45:54.424] - eth_getTransactionCount
[2020/03/18 22:45:54.452] - eth_getBalance
[2020/03/18 22:45:54.473] - eth_getTransactionCount
[2020/03/18 22:45:54.501] - eth_getBalance
[2020/03/18 22:45:54.529] - eth_getTransactionCount
[2020/03/18 22:45:54.558] - eth_getBalance
[2020/03/18 22:45:54.590] - eth_getTransactionCount
[2020/03/18 22:45:54.610] - eth_getBalance
[2020/03/18 22:45:54.639] - eth_getTransactionCount
[2020/03/18 22:45:54.667] - eth_getBalance
[2020/03/18 22:45:54.695] - eth_getTransactionCount
[2020/03/18 22:45:55.013] - eth_getBalance
[2020/03/18 22:45:55.043] - eth_getTransactionCount
[2020/03/18 22:45:55.067] - eth_getBalance
[2020/03/18 22:45:55.105] - eth_getTransactionCount
[2020/03/18 22:45:55.136] - eth_getBalance
[2020/03/18 22:45:55.180] - eth_getTransactionCount
[2020/03/18 22:45:55.216] - eth_getBalance
[2020/03/18 22:45:55.245] - eth_getTransactionCount
[2020/03/18 22:45:55.266] - eth_getBalance
[2020/03/18 22:45:55.295] - eth_getTransactionCount
[2020/03/18 22:45:55.325] - eth_getBalance
[2020/03/18 22:45:55.354] - eth_getTransactionCount
[2020/03/18 22:45:55.384] - eth_getBalance
[2020/03/18 22:45:55.406] - eth_getTransactionCount
[2020/03/18 22:45:55.435] - eth_getBalance
[2020/03/18 22:45:55.465] - eth_getTransactionCount
[2020/03/18 22:45:55.494] - eth_getBalance
[2020/03/18 22:45:55.523] - eth_getTransactionCount
[2020/03/18 22:45:55.544] - eth_getBalance
[2020/03/18 22:45:55.582] - eth_getTransactionCount
[2020/03/18 22:55:05.442] - eth_getBalance
[2020/03/18 22:55:05.572] - eth_getTransactionByHash
[2020/03/18 22:55:05.774] - eth_getTransactionReceipt
[2020/03/18 22:55:05.978] - eth_getTransactionByHash
[2020/03/18 22:55:06.188] - eth_getTransactionReceipt
[2020/03/18 22:55:06.401] - eth_getTransactionByHash
[2020/03/18 22:55:06.590] - eth_getTransactionReceipt
[2020/03/18 22:55:06.822] - eth_getTransactionByHash
[2020/03/18 22:55:07.113] - eth_getTransactionReceipt
[2020/03/18 22:55:07.322] - eth_getTransactionByHash
[2020/03/18 22:55:07.516] - eth_getTransactionReceipt
[2020/03/18 22:55:07.757] - eth_getTransactionReceipt
[2020/03/18 22:55:07.962] - eth_getBlockByNumber
[2020/03/18 22:55:08.934] - net_version
[2020/03/18 22:55:08.962] - eth_getCode
[2020/03/18 22:55:09.357] - eth_getBlockByNumber
[2020/03/18 22:55:10.622] - net_version
[2020/03/18 22:55:10.642] - eth_getCode
[2020/03/18 22:55:11.157] - eth_getBlockByNumber
[2020/03/18 22:55:12.395] - net_version
[2020/03/18 22:55:12.411] - eth_getCode
[2020/03/18 22:55:12.926] - eth_getBlockByNumber
[2020/03/18 22:55:13.764] - net_version
[2020/03/18 22:55:13.774] - eth_getCode
[2020/03/18 22:55:14.637] - net_version
[2020/03/18 22:55:14.649] - eth_getCode
[2020/03/18 22:55:14.670] - eth_getBlockByNumber
[2020/03/18 22:55:14.690] - eth_getBalance
[2020/03/18 22:55:14.705] - eth_getTransactionCount
[2020/03/18 22:55:14.752] - eth_getStorageAt
[2020/03/18 22:55:14.790] - eth_getStorageAt
[2020/03/18 22:58:35.466] - eth_blockNumber
[2020/03/18 22:58:35.468] - net_version
[2020/03/18 22:58:35.499] - eth_getBlockByNumber
[2020/03/18 22:58:35.506] - eth_getBalance
[2020/03/18 22:58:45.659] - net_version
[2020/03/18 22:58:46.274] - eth_getLogs
[2020/03/18 22:58:46.274] - eth_getLogs
[2020/03/18 22:58:46.276] - eth_getLogs
[2020/03/18 22:58:46.277] - eth_getLogs
[2020/03/18 22:58:46.277] - eth_call
[2020/03/18 22:58:55.504] - eth_blockNumber
[2020/03/18 22:59:15.530] - eth_blockNumber
[2020/03/18 22:59:15.699] - eth_call
[2020/03/18 22:59:15.756] - eth_call
[2020/03/18 22:59:15.818] - eth_call
[2020/03/18 22:59:15.919] - eth_call
[2020/03/18 22:59:16.038] - eth_call
[2020/03/18 22:59:16.093] - eth_call
[2020/03/18 22:59:16.139] - eth_call
[2020/03/18 22:59:16.161] - eth_call
[2020/03/18 22:59:35.549] - eth_blockNumber
[2020/03/18 22:59:55.593] - eth_blockNumber
[2020/03/18 23:00:15.631] - eth_blockNumber
[2020/03/18 23:00:35.643] - eth_blockNumber
[2020/03/18 23:00:37.614] - net_version
[2020/03/18 23:00:55.664] - eth_blockNumber
[2020/03/18 23:01:15.697] - eth_blockNumber
[2020/03/18 23:01:27.273] - net_version
[2020/03/18 23:01:35.730] - eth_blockNumber
[2020/03/18 23:01:44.438] - net_version
[2020/03/18 23:01:55.766] - eth_blockNumber
[2020/03/18 23:02:14.626] - net_version
[2020/03/18 23:02:15.792] - eth_blockNumber
[2020/03/18 23:02:35.822] - eth_blockNumber
[2020/03/18 23:02:42.091] - net_version
[2020/03/18 23:02:55.857] - eth_blockNumber
[2020/03/18 23:03:15.887] - eth_blockNumber
[2020/03/18 23:03:35.900] - eth_blockNumber
[2020/03/18 23:03:55.912] - eth_blockNumber
[2020/03/18 23:04:15.928] - eth_blockNumber
[2020/03/18 23:04:35.942] - eth_blockNumber
[2020/03/18 23:04:55.957] - eth_blockNumber
[2020/03/18 23:05:15.990] - eth_blockNumber
[2020/03/18 23:05:36.043] - eth_blockNumber
[2020/03/18 23:05:56.065] - eth_blockNumber
[2020/03/18 23:06:16.080] - eth_blockNumber
[2020/03/18 23:06:36.103] - eth_blockNumber
[2020/03/18 23:06:56.125] - eth_blockNumber
[2020/03/18 23:07:16.145] - eth_blockNumber
[2020/03/18 23:07:36.160] - eth_blockNumber
[2020/03/18 23:07:56.198] - eth_blockNumber
[2020/03/18 23:07:59.281] - net_version
[2020/03/18 23:08:16.217] - eth_blockNumber
[2020/03/18 23:08:36.239] - eth_blockNumber
[2020/03/18 23:08:56.261] - eth_blockNumber
[2020/03/18 23:09:16.295] - eth_blockNumber
[2020/03/18 23:09:24.888] - net_version
[2020/03/18 23:09:36.327] - eth_blockNumber
[2020/03/18 23:09:56.342] - eth_blockNumber
[2020/03/18 23:10:16.363] - eth_blockNumber
[2020/03/18 23:10:36.382] - eth_blockNumber
[2020/03/18 23:10:56.398] - eth_blockNumber
[2020/03/18 23:11:16.418] - eth_blockNumber
[2020/03/18 23:11:36.518] - eth_blockNumber
[2020/03/18 23:11:46.328] - net_version
[2020/03/18 23:11:56.562] - eth_blockNumber
[2020/03/18 23:12:16.575] - eth_blockNumber
[2020/03/18 23:12:36.599] - eth_blockNumber
[2020/03/18 23:12:56.624] - eth_blockNumber
[2020/03/18 23:13:00.241] - net_version
[2020/03/18 23:13:16.663] - eth_blockNumber
[2020/03/18 23:13:36.678] - eth_blockNumber
[2020/03/18 23:13:56.701] - eth_blockNumber
[2020/03/18 23:14:16.725] - eth_blockNumber
[2020/03/18 23:14:36.744] - eth_blockNumber
[2020/03/18 23:14:56.766] - eth_blockNumber
[2020/03/18 23:15:16.783] - eth_blockNumber
[2020/03/18 23:15:36.803] - eth_blockNumber
[2020/03/18 23:15:56.822] - eth_blockNumber
[2020/03/18 23:16:16.837] - eth_blockNumber
[2020/03/18 23:16:36.858] - eth_blockNumber
[2020/03/18 23:16:56.883] - eth_blockNumber
[2020/03/18 23:17:16.911] - eth_blockNumber
[2020/03/18 23:17:36.924] - eth_blockNumber
[2020/03/18 23:17:42.685] - net_version
[2020/03/18 23:17:56.943] - eth_blockNumber
[2020/03/18 23:18:16.983] - eth_blockNumber
[2020/03/18 23:18:37.018] - eth_blockNumber
[2020/03/18 23:18:57.067] - eth_blockNumber
[2020/03/18 23:19:03.455] - net_version
[2020/03/18 23:19:17.112] - eth_blockNumber
[2020/03/18 23:19:37.146] - eth_blockNumber
[2020/03/18 23:19:57.155] - eth_blockNumber
[2020/03/18 23:20:00.340] - net_version
[2020/03/18 23:20:11.225] - net_version
[2020/03/18 23:20:17.181] - eth_blockNumber
[2020/03/18 23:20:37.222] - eth_blockNumber
[2020/03/18 23:20:57.251] - eth_blockNumber
[2020/03/18 23:21:17.299] - eth_blockNumber
[2020/03/18 23:21:34.374] - net_version
[2020/03/18 23:21:37.312] - eth_blockNumber
[2020/03/18 23:21:57.333] - eth_blockNumber
[2020/03/18 23:22:17.351] - eth_blockNumber
[2020/03/18 23:22:37.365] - eth_blockNumber
[2020/03/18 23:22:57.388] - eth_blockNumber
[2020/03/18 23:23:17.400] - eth_blockNumber
[2020/03/18 23:23:37.430] - eth_blockNumber
[2020/03/18 23:23:57.442] - eth_blockNumber
[2020/03/18 23:24:17.467] - eth_blockNumber
[2020/03/18 23:24:37.517] - eth_blockNumber
[2020/03/18 23:24:44.776] - net_version
[2020/03/18 23:24:57.561] - eth_blockNumber
[2020/03/18 23:25:17.579] - eth_blockNumber
[2020/03/18 23:25:37.610] - eth_blockNumber
[2020/03/18 23:25:57.635] - eth_blockNumber
[2020/03/18 23:26:17.652] - eth_blockNumber
[2020/03/18 23:26:37.665] - eth_blockNumber
[2020/03/18 23:26:57.690] - eth_blockNumber
[2020/03/18 23:27:17.711] - eth_blockNumber
[2020/03/18 23:27:37.729] - eth_blockNumber
[2020/03/18 23:27:57.766] - eth_blockNumber
[2020/03/18 23:28:12.342] - net_version
[2020/03/18 23:28:17.792] - eth_blockNumber
[2020/03/18 23:28:38.456] - eth_blockNumber
[2020/03/18 23:28:58.665] - eth_blockNumber
[2020/03/18 23:29:18.679] - eth_blockNumber
[2020/03/18 23:29:38.700] - eth_blockNumber
[2020/03/18 23:29:58.935] - eth_blockNumber
[2020/03/18 23:30:21.081] - eth_blockNumber
[2020/03/18 23:30:44.824] - eth_blockNumber
[2020/03/18 23:30:45.051] - net_version
[2020/03/18 23:31:05.881] - eth_blockNumber
[2020/03/18 23:31:26.027] - eth_blockNumber
[2020/03/18 23:31:46.042] - eth_blockNumber
[2020/03/18 23:32:06.052] - eth_blockNumber
[2020/03/18 23:32:31.984] - eth_blockNumber
[2020/03/18 23:32:32.331] - net_version
[2020/03/18 23:32:52.234] - eth_blockNumber
[2020/03/18 23:33:12.354] - eth_blockNumber
[2020/03/18 23:33:32.365] - eth_blockNumber
[2020/03/18 23:33:52.391] - eth_blockNumber
[2020/03/18 23:34:06.413] - net_version
[2020/03/18 23:34:12.479] - eth_blockNumber
[2020/03/18 23:34:32.494] - eth_blockNumber
[2020/03/18 23:34:52.512] - eth_blockNumber
[2020/03/18 23:35:12.538] - eth_blockNumber
[2020/03/18 23:35:32.573] - eth_blockNumber
[2020/03/18 23:35:52.629] - eth_blockNumber
[2020/03/18 23:35:59.182] - net_version
[2020/03/18 23:36:12.674] - eth_blockNumber
[2020/03/18 23:36:32.690] - eth_blockNumber
[2020/03/18 23:36:52.703] - eth_blockNumber
[2020/03/18 23:37:10.418] - net_version
[2020/03/18 23:37:12.734] - eth_blockNumber
[2020/03/18 23:37:32.746] - eth_blockNumber
[2020/03/18 23:37:53.895] - eth_blockNumber
[2020/03/18 23:38:14.413] - eth_blockNumber
[2020/03/18 23:38:34.428] - eth_blockNumber
[2020/03/18 23:38:54.456] - eth_blockNumber
[2020/03/18 23:39:14.477] - eth_blockNumber
[2020/03/18 23:39:34.492] - eth_blockNumber
[2020/03/18 23:39:54.507] - eth_blockNumber
[2020/03/18 23:40:14.528] - eth_blockNumber
[2020/03/18 23:40:34.543] - eth_blockNumber
[2020/03/18 23:40:54.564] - eth_blockNumber
[2020/03/18 23:41:14.577] - eth_blockNumber
[2020/03/18 23:41:34.598] - eth_blockNumber
[2020/03/18 23:41:54.612] - eth_blockNumber
[2020/03/18 23:42:14.627] - eth_blockNumber
[2020/03/18 23:42:34.648] - eth_blockNumber
[2020/03/18 23:42:54.661] - eth_blockNumber
[2020/03/18 23:43:14.681] - eth_blockNumber
[2020/03/18 23:43:34.697] - eth_blockNumber
[2020/03/18 23:43:54.710] - eth_blockNumber
[2020/03/18 23:44:14.733] - eth_blockNumber
[2020/03/18 23:44:34.750] - eth_blockNumber
[2020/03/18 23:44:54.773] - eth_blockNumber
[2020/03/18 23:45:14.790] - eth_blockNumber
[2020/03/18 23:45:34.806] - eth_blockNumber
[2020/03/18 23:45:54.821] - eth_blockNumber
[2020/03/18 23:46:14.836] - eth_blockNumber
[2020/03/18 23:46:34.849] - eth_blockNumber
[2020/03/18 23:46:54.862] - eth_blockNumber
[2020/03/18 23:47:14.875] - eth_blockNumber
[2020/03/18 23:47:34.886] - eth_blockNumber
[2020/03/18 23:47:54.902] - eth_blockNumber
[2020/03/18 23:48:14.918] - eth_blockNumber
[2020/03/18 23:48:34.932] - eth_blockNumber
[2020/03/18 23:48:54.948] - eth_blockNumber
[2020/03/18 23:49:14.963] - eth_blockNumber
[2020/03/18 23:49:34.976] - eth_blockNumber
[2020/03/18 23:49:54.988] - eth_blockNumber
[2020/03/18 23:50:15.007] - eth_blockNumber
[2020/03/18 23:50:35.041] - eth_blockNumber
[2020/03/18 23:50:56.116] - eth_blockNumber
[2020/03/18 23:51:16.950] - eth_blockNumber
[2020/03/18 23:51:37.784] - eth_blockNumber
[2020/03/18 23:51:37.997] - net_version
[2020/03/18 23:51:58.122] - eth_blockNumber
[2020/03/18 23:52:18.130] - eth_blockNumber
[2020/03/18 23:52:38.141] - eth_blockNumber
[2020/03/18 23:52:58.157] - eth_blockNumber
[2020/03/18 23:53:18.283] - eth_blockNumber
