[2020/03/28 11:25:18.112] - Starting server (version 2.1.2) with initial configuration: {"gasLimit":6721975,"gasPrice":20000000000,"hardfork":"petersburg","hostname":"127.0.0.1","port":7545,"network_id":5777,"default_balance_ether":100,"total_accounts":10,"unlocked_accounts":[],"locked":false,"vmErrorsOnRPCResponse":true,"verbose":false,"db_path":"/home/nash/.config/Ganache/workspaces/identity-wallet/chaindata","logDirectory":"/home/nash/Documents/Projects/Blockchain/Project/identity-wallet/wallet-web-app/logs"}
[2020/03/28 11:25:20.716] - eth_getCode
[2020/03/28 11:25:20.719] - eth_subscribe
[2020/03/28 11:25:20.721] - eth_getLogs
[2020/03/28 11:25:20.727] - eth_subscribe
[2020/03/28 11:25:20.752] - eth_getCode
[2020/03/28 11:25:20.818] - eth_getCode
[2020/03/28 11:25:20.843] - eth_getCode
[2020/03/28 11:25:20.859] - eth_getCode
[2020/03/28 11:25:22.332] - eth_blockNumber
[2020/03/28 11:25:22.361] - eth_getBlockByNumber
[2020/03/28 11:25:25.792] - eth_accounts
[2020/03/28 11:25:25.794] - eth_blockNumber
[2020/03/28 11:25:25.794] - eth_accounts
[2020/03/28 11:25:25.794] - eth_gasPrice
[2020/03/28 11:25:25.980] - eth_getBalance
[2020/03/28 11:25:26.014] - eth_getTransactionCount
[2020/03/28 11:25:26.047] - eth_getBalance
[2020/03/28 11:25:26.080] - eth_getTransactionCount
[2020/03/28 11:25:26.113] - eth_getBalance
[2020/03/28 11:25:26.153] - eth_getTransactionCount
[2020/03/28 11:25:26.187] - eth_getBalance
[2020/03/28 11:25:26.219] - eth_getTransactionCount
[2020/03/28 11:25:26.244] - eth_getBalance
[2020/03/28 11:25:26.276] - eth_getTransactionCount
[2020/03/28 11:25:26.310] - eth_getBalance
[2020/03/28 11:25:26.341] - eth_getTransactionCount
[2020/03/28 11:25:26.374] - eth_getBalance
[2020/03/28 11:25:26.406] - eth_getTransactionCount
[2020/03/28 11:25:26.438] - eth_getBalance
[2020/03/28 11:25:26.471] - eth_getTransactionCount
[2020/03/28 11:25:26.503] - eth_getBalance
[2020/03/28 11:25:26.536] - eth_getTransactionCount
[2020/03/28 11:25:26.569] - eth_getBalance
[2020/03/28 11:25:26.601] - eth_getTransactionCount
[2020/03/28 11:25:26.602] - eth_getBlockByNumber
[2020/03/28 11:25:26.602] - eth_subscribe
[2020/03/28 11:25:26.753] - eth_getBalance
[2020/03/28 11:25:26.785] - eth_getTransactionCount
[2020/03/28 11:25:26.817] - eth_getBalance
[2020/03/28 11:25:26.850] - eth_getTransactionCount
[2020/03/28 11:25:26.882] - eth_getBalance
[2020/03/28 11:25:26.915] - eth_getTransactionCount
[2020/03/28 11:25:26.948] - eth_getBalance
[2020/03/28 11:25:26.981] - eth_getTransactionCount
[2020/03/28 11:25:27.013] - eth_getBalance
[2020/03/28 11:25:27.038] - eth_getTransactionCount
[2020/03/28 11:25:27.070] - eth_getBalance
[2020/03/28 11:25:27.102] - eth_getTransactionCount
[2020/03/28 11:25:27.155] - eth_getBalance
[2020/03/28 11:25:27.239] - eth_getTransactionCount
[2020/03/28 11:25:27.303] - eth_getBalance
[2020/03/28 11:25:27.374] - eth_getTransactionCount
[2020/03/28 11:25:27.418] - eth_getBalance
[2020/03/28 11:25:27.491] - eth_getTransactionCount
[2020/03/28 11:25:27.563] - eth_getBalance
[2020/03/28 11:25:27.656] - eth_getTransactionCount
[2020/03/28 11:25:27.913] - eth_getBalance
[2020/03/28 11:25:27.974] - eth_getTransactionCount
[2020/03/28 11:25:28.036] - eth_getBalance
[2020/03/28 11:25:28.074] - eth_getTransactionCount
[2020/03/28 11:25:28.140] - eth_getBalance
[2020/03/28 11:25:28.254] - eth_getTransactionCount
[2020/03/28 11:25:28.372] - eth_getBalance
[2020/03/28 11:25:28.492] - eth_getTransactionCount
[2020/03/28 11:25:28.660] - eth_getBalance
[2020/03/28 11:25:28.794] - eth_getTransactionCount
[2020/03/28 11:25:28.913] - eth_getBalance
[2020/03/28 11:25:29.009] - eth_getTransactionCount
[2020/03/28 11:25:29.108] - eth_getBalance
[2020/03/28 11:25:29.224] - eth_getTransactionCount
[2020/03/28 11:25:29.338] - eth_getBalance
[2020/03/28 11:25:29.419] - eth_getTransactionCount
[2020/03/28 11:25:29.453] - eth_getBalance
[2020/03/28 11:25:29.485] - eth_getTransactionCount
[2020/03/28 11:25:29.517] - eth_getBalance
[2020/03/28 11:25:29.549] - eth_getTransactionCount
[2020/03/28 11:25:42.365] - eth_blockNumber
[2020/03/28 11:26:02.390] - eth_blockNumber
[2020/03/28 11:26:22.410] - eth_blockNumber
[2020/03/28 11:26:42.419] - eth_blockNumber
[2020/03/28 11:27:02.429] - eth_blockNumber
[2020/03/28 11:27:22.441] - eth_blockNumber
[2020/03/28 11:27:42.457] - eth_blockNumber
[2020/03/28 11:28:02.471] - eth_blockNumber
[2020/03/28 11:28:22.483] - eth_blockNumber
[2020/03/28 11:28:42.493] - eth_blockNumber
[2020/03/28 11:29:02.504] - eth_blockNumber
[2020/03/28 11:29:22.516] - eth_blockNumber
[2020/03/28 11:29:42.529] - eth_blockNumber
[2020/03/28 11:30:02.547] - eth_blockNumber
[2020/03/28 11:30:22.561] - eth_blockNumber
[2020/03/28 11:30:42.572] - eth_blockNumber
[2020/03/28 11:31:02.582] - eth_blockNumber
[2020/03/28 11:31:22.593] - eth_blockNumber
[2020/03/28 11:31:42.606] - eth_blockNumber
[2020/03/28 11:32:02.617] - eth_blockNumber
[2020/03/28 11:32:22.632] - eth_blockNumber
[2020/03/28 11:32:42.652] - eth_blockNumber
[2020/03/28 11:33:02.664] - eth_blockNumber
[2020/03/28 11:33:22.681] - eth_blockNumber
[2020/03/28 11:33:42.699] - eth_blockNumber
[2020/03/28 11:34:02.712] - eth_blockNumber
[2020/03/28 11:34:22.722] - eth_blockNumber
[2020/03/28 11:34:42.733] - eth_blockNumber
[2020/03/28 11:35:02.747] - eth_blockNumber
[2020/03/28 11:35:22.766] - eth_blockNumber
[2020/03/28 11:35:42.786] - eth_blockNumber
[2020/03/28 11:36:02.794] - eth_blockNumber
[2020/03/28 11:36:22.808] - eth_blockNumber
[2020/03/28 11:36:42.824] - eth_blockNumber
[2020/03/28 11:37:02.840] - eth_blockNumber
[2020/03/28 11:37:22.862] - eth_blockNumber
[2020/03/28 11:37:42.875] - eth_blockNumber
[2020/03/28 11:38:02.887] - eth_blockNumber
[2020/03/28 11:38:22.900] - eth_blockNumber
[2020/03/28 11:38:42.910] - eth_blockNumber
[2020/03/28 11:39:02.922] - eth_blockNumber
[2020/03/28 11:39:22.935] - eth_blockNumber
[2020/03/28 11:39:42.947] - eth_blockNumber
[2020/03/28 11:40:02.960] - eth_blockNumber
[2020/03/28 11:40:22.971] - eth_blockNumber
[2020/03/28 11:40:42.987] - eth_blockNumber
[2020/03/28 11:41:02.999] - eth_blockNumber
[2020/03/28 11:41:23.011] - eth_blockNumber
[2020/03/28 11:41:43.022] - eth_blockNumber
[2020/03/28 11:42:03.032] - eth_blockNumber
[2020/03/28 11:42:23.044] - eth_blockNumber
[2020/03/28 11:42:43.055] - eth_blockNumber
[2020/03/28 11:43:03.065] - eth_blockNumber
[2020/03/28 11:43:23.076] - eth_blockNumber
[2020/03/28 11:43:43.087] - eth_blockNumber
[2020/03/28 11:44:03.102] - eth_blockNumber
[2020/03/28 11:44:23.115] - eth_blockNumber
[2020/03/28 11:44:43.126] - eth_blockNumber
[2020/03/28 11:45:03.142] - eth_blockNumber
[2020/03/28 11:45:23.156] - eth_blockNumber
[2020/03/28 11:45:43.169] - eth_blockNumber
[2020/03/28 11:46:03.180] - eth_blockNumber
[2020/03/28 11:46:23.194] - eth_blockNumber
[2020/03/28 11:46:43.208] - eth_blockNumber
[2020/03/28 11:47:03.218] - eth_blockNumber
[2020/03/28 11:47:23.230] - eth_blockNumber
[2020/03/28 11:47:43.242] - eth_blockNumber
[2020/03/28 11:48:03.252] - eth_blockNumber
[2020/03/28 11:48:23.265] - eth_blockNumber
[2020/03/28 11:48:43.278] - eth_blockNumber
[2020/03/28 11:49:03.290] - eth_blockNumber
[2020/03/28 11:49:23.308] - eth_blockNumber
[2020/03/28 11:49:43.319] - eth_blockNumber
[2020/03/28 11:50:03.330] - eth_blockNumber
[2020/03/28 11:50:23.340] - eth_blockNumber
[2020/03/28 11:50:43.351] - eth_blockNumber
[2020/03/28 11:51:03.368] - eth_blockNumber
[2020/03/28 11:51:16.213] - net_version
[2020/03/28 11:51:16.218] - eth_blockNumber
[2020/03/28 11:51:16.223] - net_version
[2020/03/28 11:51:16.386] - eth_getBlockByNumber
[2020/03/28 11:51:16.387] - eth_getBlockByNumber
[2020/03/28 11:51:16.389] - eth_getBlockByNumber
[2020/03/28 11:51:16.390] - eth_getBlockByNumber
[2020/03/28 11:51:16.397] - eth_getBlockByNumber
[2020/03/28 11:51:16.403] - eth_getBlockByNumber
[2020/03/28 11:51:16.404] - eth_getBlockByNumber
[2020/03/28 11:51:16.411] - eth_getBlockByNumber
[2020/03/28 11:51:16.415] - eth_getBlockByNumber
[2020/03/28 11:51:16.423] - eth_getBlockByNumber
[2020/03/28 11:51:16.423] - eth_getBlockByNumber
[2020/03/28 11:51:16.434] - eth_getBlockByNumber
[2020/03/28 11:51:16.452] - eth_getBlockByNumber
[2020/03/28 11:51:16.460] - eth_getBlockByNumber
[2020/03/28 11:51:16.468] - eth_getBlockByNumber
[2020/03/28 11:51:16.475] - eth_getBlockByNumber
[2020/03/28 11:51:16.488] - eth_getBlockByNumber
[2020/03/28 11:51:16.497] - eth_getBlockByNumber
[2020/03/28 11:51:16.510] - eth_getBlockByNumber
[2020/03/28 11:51:16.522] - eth_getBlockByNumber
[2020/03/28 11:51:16.535] - eth_getBlockByNumber
[2020/03/28 11:51:16.548] - eth_getBlockByNumber
[2020/03/28 11:51:16.559] - eth_getBlockByNumber
[2020/03/28 11:51:16.572] - eth_getBlockByNumber
[2020/03/28 11:51:16.585] - eth_getBlockByNumber
[2020/03/28 11:51:16.598] - eth_getBlockByNumber
[2020/03/28 11:51:16.622] - eth_getBlockByNumber
[2020/03/28 11:51:16.635] - eth_getBlockByNumber
[2020/03/28 11:51:16.647] - eth_getBlockByNumber
[2020/03/28 11:51:16.661] - eth_getBlockByNumber
[2020/03/28 11:51:16.672] - eth_getBlockByNumber
[2020/03/28 11:51:16.685] - eth_getBlockByNumber
[2020/03/28 11:51:16.698] - eth_getBlockByNumber
[2020/03/28 11:51:16.710] - eth_getBlockByNumber
[2020/03/28 11:51:16.722] - eth_getBlockByNumber
[2020/03/28 11:51:16.735] - eth_getBlockByNumber
[2020/03/28 11:51:16.747] - eth_getBlockByNumber
[2020/03/28 11:51:16.760] - eth_getBlockByNumber
[2020/03/28 11:51:16.773] - eth_getBlockByNumber
[2020/03/28 11:51:16.784] - eth_getBlockByNumber
[2020/03/28 11:51:16.797] - eth_getBlockByNumber
[2020/03/28 11:51:23.383] - eth_blockNumber
[2020/03/28 11:51:36.470] - eth_blockNumber
[2020/03/28 11:51:43.407] - eth_blockNumber
[2020/03/28 11:51:56.484] - eth_blockNumber
[2020/03/28 11:52:03.419] - eth_blockNumber
[2020/03/28 11:52:16.497] - eth_blockNumber
[2020/03/28 11:52:23.430] - eth_blockNumber
[2020/03/28 11:52:36.510] - eth_blockNumber
[2020/03/28 11:52:43.441] - eth_blockNumber
[2020/03/28 11:52:56.523] - eth_blockNumber
[2020/03/28 11:53:03.452] - eth_blockNumber
[2020/03/28 11:53:16.534] - eth_blockNumber
[2020/03/28 11:53:23.462] - eth_blockNumber
[2020/03/28 11:53:36.548] - eth_blockNumber
[2020/03/28 11:53:43.473] - eth_blockNumber
[2020/03/28 11:53:56.560] - eth_blockNumber
[2020/03/28 11:54:03.485] - eth_blockNumber
[2020/03/28 11:54:16.573] - eth_blockNumber
[2020/03/28 11:54:23.496] - eth_blockNumber
[2020/03/28 11:54:36.585] - eth_blockNumber
[2020/03/28 11:54:43.507] - eth_blockNumber
[2020/03/28 11:54:56.613] - eth_blockNumber
[2020/03/28 11:55:03.520] - eth_blockNumber
[2020/03/28 11:55:16.641] - eth_blockNumber
[2020/03/28 11:55:23.535] - eth_blockNumber
[2020/03/28 11:55:36.656] - eth_blockNumber
[2020/03/28 11:55:43.546] - eth_blockNumber
[2020/03/28 11:55:56.681] - eth_blockNumber
[2020/03/28 11:56:03.557] - eth_blockNumber
[2020/03/28 11:56:16.692] - eth_blockNumber
[2020/03/28 11:56:23.568] - eth_blockNumber
[2020/03/28 11:56:36.735] - eth_blockNumber
[2020/03/28 11:56:43.578] - eth_blockNumber
[2020/03/28 11:56:56.748] - eth_blockNumber
[2020/03/28 11:57:03.586] - eth_blockNumber
[2020/03/28 11:57:16.760] - eth_blockNumber
[2020/03/28 11:57:23.594] - eth_blockNumber
[2020/03/28 11:57:36.769] - eth_blockNumber
[2020/03/28 11:57:43.608] - eth_blockNumber
[2020/03/28 11:57:56.788] - eth_blockNumber
[2020/03/28 11:58:03.620] - eth_blockNumber
[2020/03/28 11:58:16.816] - eth_blockNumber
[2020/03/28 11:58:23.637] - eth_blockNumber
[2020/03/28 11:58:36.828] - eth_blockNumber
[2020/03/28 11:58:43.657] - eth_blockNumber
[2020/03/28 11:58:56.841] - eth_blockNumber
[2020/03/28 11:59:03.672] - eth_blockNumber
[2020/03/28 11:59:16.855] - eth_blockNumber
[2020/03/28 11:59:23.681] - eth_blockNumber
[2020/03/28 11:59:36.863] - eth_blockNumber
[2020/03/28 11:59:43.694] - eth_blockNumber
[2020/03/28 11:59:56.873] - eth_blockNumber
[2020/03/28 12:00:03.717] - eth_blockNumber
[2020/03/28 12:00:16.887] - eth_blockNumber
[2020/03/28 12:00:23.740] - eth_blockNumber
[2020/03/28 12:00:36.913] - eth_blockNumber
[2020/03/28 12:00:43.759] - eth_blockNumber
[2020/03/28 12:00:56.924] - eth_blockNumber
[2020/03/28 12:01:03.783] - eth_blockNumber
[2020/03/28 12:01:16.937] - eth_blockNumber
[2020/03/28 12:01:23.796] - eth_blockNumber
[2020/03/28 12:01:36.949] - eth_blockNumber
[2020/03/28 12:01:43.808] - eth_blockNumber
[2020/03/28 12:01:56.960] - eth_blockNumber
[2020/03/28 12:02:03.829] - eth_blockNumber
[2020/03/28 12:02:16.969] - eth_blockNumber
[2020/03/28 12:02:23.851] - eth_blockNumber
[2020/03/28 12:02:36.980] - eth_blockNumber
[2020/03/28 12:02:43.871] - eth_blockNumber
[2020/03/28 12:02:56.994] - eth_blockNumber
[2020/03/28 12:03:03.895] - eth_blockNumber
[2020/03/28 12:03:17.003] - eth_blockNumber
[2020/03/28 12:03:23.906] - eth_blockNumber
[2020/03/28 12:03:37.014] - eth_blockNumber
[2020/03/28 12:03:43.917] - eth_blockNumber
[2020/03/28 12:03:57.024] - eth_blockNumber
[2020/03/28 12:04:03.930] - eth_blockNumber
[2020/03/28 12:04:17.034] - eth_blockNumber
[2020/03/28 12:04:23.942] - eth_blockNumber
[2020/03/28 12:04:37.046] - eth_blockNumber
[2020/03/28 12:04:43.961] - eth_blockNumber
[2020/03/28 12:04:57.058] - eth_blockNumber
[2020/03/28 12:05:03.977] - eth_blockNumber
[2020/03/28 12:05:17.071] - eth_blockNumber
[2020/03/28 12:05:24.000] - eth_blockNumber
[2020/03/28 12:05:37.083] - eth_blockNumber
[2020/03/28 12:05:44.011] - eth_blockNumber
[2020/03/28 12:05:57.095] - eth_blockNumber
[2020/03/28 12:06:04.027] - eth_blockNumber
[2020/03/28 12:06:17.108] - eth_blockNumber
[2020/03/28 12:06:24.040] - eth_blockNumber
[2020/03/28 12:06:37.122] - eth_blockNumber
[2020/03/28 12:06:44.050] - eth_blockNumber
[2020/03/28 12:06:57.141] - eth_blockNumber
[2020/03/28 12:07:04.060] - eth_blockNumber
[2020/03/28 12:07:17.152] - eth_blockNumber
[2020/03/28 12:07:24.071] - eth_blockNumber
[2020/03/28 12:07:37.163] - eth_blockNumber
[2020/03/28 12:07:44.081] - eth_blockNumber
[2020/03/28 12:07:57.175] - eth_blockNumber
[2020/03/28 12:08:04.091] - eth_blockNumber
[2020/03/28 12:08:17.187] - eth_blockNumber
[2020/03/28 12:08:24.101] - eth_blockNumber
[2020/03/28 12:08:37.200] - eth_blockNumber
[2020/03/28 12:08:44.115] - eth_blockNumber
[2020/03/28 12:08:57.211] - eth_blockNumber
[2020/03/28 12:09:04.137] - eth_blockNumber
[2020/03/28 12:09:17.222] - eth_blockNumber
[2020/03/28 12:09:24.155] - eth_blockNumber
[2020/03/28 12:09:37.232] - eth_blockNumber
[2020/03/28 12:09:44.171] - eth_blockNumber
[2020/03/28 12:09:57.243] - eth_blockNumber
[2020/03/28 12:10:04.191] - eth_blockNumber
[2020/03/28 12:10:17.254] - eth_blockNumber
[2020/03/28 12:10:24.203] - eth_blockNumber
[2020/03/28 12:10:31.577] - eth_blockNumber
[2020/03/28 12:10:31.586] - net_version
[2020/03/28 12:10:31.590] - eth_accounts
[2020/03/28 12:10:31.623] - eth_getBlockByNumber
[2020/03/28 12:10:31.637] - eth_accounts
[2020/03/28 12:10:31.719] - eth_getBlockByNumber
[2020/03/28 12:10:31.731] - eth_getBlockByNumber
[2020/03/28 12:10:31.742] - eth_getBlockByNumber
[2020/03/28 12:10:31.759] - eth_estimateGas
[2020/03/28 12:10:33.484] - eth_getBlockByNumber
[2020/03/28 12:10:33.484] - eth_blockNumber
[2020/03/28 12:10:33.492] - eth_sendTransaction
[2020/03/28 12:10:33.512] - 
[2020/03/28 12:10:33.512] -   Transaction: 0x7a78a4f1bf037730bbe96acfeb9ecdef28fcd33b8951c189d4662634e2358b67
[2020/03/28 12:10:33.512] -   Contract created: 0x26a988e94423332062868c56e7eecae124ec64a2
[2020/03/28 12:10:33.512] -   Gas usage: 188483
[2020/03/28 12:10:33.512] -   Block Number: 250
[2020/03/28 12:10:33.512] -   Block Time: Sat Mar 28 2020 12:10:33 GMT+0000 (GMT)
[2020/03/28 12:10:33.512] - 
[2020/03/28 12:10:33.513] - eth_getBlockByNumber
[2020/03/28 12:10:33.515] - eth_getTransactionReceipt
[2020/03/28 12:10:33.524] - eth_getCode
[2020/03/28 12:10:33.535] - eth_getTransactionByHash
[2020/03/28 12:10:33.543] - eth_getBlockByNumber
[2020/03/28 12:10:33.548] - eth_getBalance
[2020/03/28 12:10:33.560] - eth_getBlockByNumber
[2020/03/28 12:10:33.575] - eth_getBlockByNumber
[2020/03/28 12:10:33.589] - eth_sendTransaction
[2020/03/28 12:10:33.643] - 
[2020/03/28 12:10:33.643] -   Transaction: 0xbe4f6e0e6dc9aaca4b7c5e31c9f59a4780a8dc01f16744104c956b84c2ff6177
[2020/03/28 12:10:33.643] -   Gas usage: 42001
[2020/03/28 12:10:33.644] -   Block Number: 251
[2020/03/28 12:10:33.644] -   Block Time: Sat Mar 28 2020 12:10:33 GMT+0000 (GMT)
[2020/03/28 12:10:33.644] - 
[2020/03/28 12:10:33.646] - eth_getBlockByNumber
[2020/03/28 12:10:33.648] - eth_getTransactionReceipt
[2020/03/28 12:10:33.678] - eth_getBlockByNumber
[2020/03/28 12:10:33.689] - eth_accounts
[2020/03/28 12:10:33.758] - eth_getBlockByNumber
[2020/03/28 12:10:33.770] - eth_getBlockByNumber
[2020/03/28 12:10:33.776] - eth_getBlockByNumber
[2020/03/28 12:10:33.784] - eth_estimateGas
[2020/03/28 12:10:33.810] - eth_getBlockByNumber
[2020/03/28 12:10:33.811] - eth_blockNumber
[2020/03/28 12:10:33.817] - eth_sendTransaction
[2020/03/28 12:10:33.868] - 
[2020/03/28 12:10:33.869] -   Transaction: 0x54aacac7efe765187120ad6ded30cb83746a5122bb833adeee538b0e9e133335
[2020/03/28 12:10:33.870] -   Contract created: 0x6986206f627c4bc0e21f3c178c92283fe3ec1b2a
[2020/03/28 12:10:33.870] -   Gas usage: 1535224
[2020/03/28 12:10:33.870] -   Block Number: 252
[2020/03/28 12:10:33.870] -   Block Time: Sat Mar 28 2020 12:10:33 GMT+0000 (GMT)
[2020/03/28 12:10:33.871] - 
[2020/03/28 12:10:33.872] - eth_getTransactionReceipt
[2020/03/28 12:10:33.881] - eth_getCode
[2020/03/28 12:10:33.895] - eth_getTransactionByHash
[2020/03/28 12:10:33.911] - eth_getBlockByNumber
[2020/03/28 12:10:33.925] - eth_getBalance
[2020/03/28 12:10:34.000] - eth_getBlockByNumber
[2020/03/28 12:10:34.011] - eth_getBlockByNumber
[2020/03/28 12:10:34.022] - eth_sendTransaction
[2020/03/28 12:10:34.031] - eth_getBalance
[2020/03/28 12:10:34.054] - 
[2020/03/28 12:10:34.054] -   Transaction: 0x2c25213af0c00bb3ee149c416fd6a7ef52d2b6ce90b759b550d0fa2a6f32fcb7
[2020/03/28 12:10:34.054] -   Gas usage: 27001
[2020/03/28 12:10:34.054] -   Block Number: 253
[2020/03/28 12:10:34.054] -   Block Time: Sat Mar 28 2020 12:10:34 GMT+0000 (GMT)
[2020/03/28 12:10:34.054] - 
[2020/03/28 12:10:34.057] - eth_getTransactionReceipt
[2020/03/28 12:10:34.082] - eth_getBlockByNumber
[2020/03/28 12:10:34.087] - eth_accounts
[2020/03/28 12:10:34.106] - eth_getTransactionCount
[2020/03/28 12:10:34.182] - eth_getBlockByNumber
[2020/03/28 12:10:34.187] - eth_getBlockByNumber
[2020/03/28 12:10:34.192] - eth_getBlockByNumber
[2020/03/28 12:10:34.198] - eth_estimateGas
[2020/03/28 12:10:34.244] - eth_getBalance
[2020/03/28 12:10:34.252] - eth_getBlockByNumber
[2020/03/28 12:10:34.253] - eth_blockNumber
[2020/03/28 12:10:34.261] - eth_sendTransaction
[2020/03/28 12:10:34.294] - eth_getTransactionCount
[2020/03/28 12:10:34.318] - 
[2020/03/28 12:10:34.318] -   Transaction: 0x1f1257b947e5cc42430ac2afb9afc8ec4308b63554f30570212b0b4578c8b2c1
[2020/03/28 12:10:34.318] -   Contract created: 0x95873af11689a45a24d75f0084c6014c9900460b
[2020/03/28 12:10:34.318] -   Gas usage: 1322746
[2020/03/28 12:10:34.319] -   Block Number: 254
[2020/03/28 12:10:34.319] -   Block Time: Sat Mar 28 2020 12:10:34 GMT+0000 (GMT)
[2020/03/28 12:10:34.319] - 
[2020/03/28 12:10:34.322] - eth_getTransactionReceipt
[2020/03/28 12:10:34.330] - eth_getCode
[2020/03/28 12:10:34.338] - eth_getTransactionByHash
[2020/03/28 12:10:34.348] - eth_getBlockByNumber
[2020/03/28 12:10:34.356] - eth_getBalance
[2020/03/28 12:10:34.420] - eth_getBlockByNumber
[2020/03/28 12:10:34.430] - eth_getBlockByNumber
[2020/03/28 12:10:34.439] - eth_sendTransaction
[2020/03/28 12:10:34.464] - eth_getBalance
[2020/03/28 12:10:34.474] - 
[2020/03/28 12:10:34.474] -   Transaction: 0x4d51d8f45019623bb150d114ff0c5b737bdf53ed37cf7de051a2f30ecdbd23c8
[2020/03/28 12:10:34.474] -   Gas usage: 27001
[2020/03/28 12:10:34.475] -   Block Number: 255
[2020/03/28 12:10:34.475] -   Block Time: Sat Mar 28 2020 12:10:34 GMT+0000 (GMT)
[2020/03/28 12:10:34.475] - 
[2020/03/28 12:10:34.477] - eth_getTransactionReceipt
[2020/03/28 12:10:34.500] - eth_getBlockByNumber
[2020/03/28 12:10:34.510] - eth_accounts
[2020/03/28 12:10:34.578] - eth_getTransactionCount
[2020/03/28 12:10:34.585] - net_version
[2020/03/28 12:10:34.590] - eth_getBlockByNumber
[2020/03/28 12:10:34.596] - eth_getBlockByNumber
[2020/03/28 12:10:34.600] - net_version
[2020/03/28 12:10:34.605] - eth_getBlockByNumber
[2020/03/28 12:10:34.611] - eth_estimateGas
[2020/03/28 12:10:34.635] - net_version
[2020/03/28 12:10:34.636] - eth_blockNumber
[2020/03/28 12:10:34.642] - eth_getBlockByNumber
[2020/03/28 12:10:34.653] - eth_sendTransaction
[2020/03/28 12:10:34.662] - eth_getBalance
[2020/03/28 12:10:34.704] - 
[2020/03/28 12:10:34.705] -   Transaction: 0x4f7bd6dbd4ac3f565f8eece906b64c718f95238bebcb6794b2f58a445c43bc15
[2020/03/28 12:10:34.705] -   Contract created: 0x2a40da029fb5dcf03cfb67ccfab06f0c414aa4e6
[2020/03/28 12:10:34.705] -   Gas usage: 851100
[2020/03/28 12:10:34.705] -   Block Number: 256
[2020/03/28 12:10:34.705] -   Block Time: Sat Mar 28 2020 12:10:34 GMT+0000 (GMT)
[2020/03/28 12:10:34.705] - 
[2020/03/28 12:10:34.708] - eth_getTransactionReceipt
[2020/03/28 12:10:34.720] - eth_getCode
[2020/03/28 12:10:34.727] - eth_getTransactionByHash
[2020/03/28 12:10:34.735] - eth_getBlockByNumber
[2020/03/28 12:10:34.745] - eth_getBalance
[2020/03/28 12:10:34.790] - eth_getTransactionCount
[2020/03/28 12:10:34.829] - eth_getBlockByNumber
[2020/03/28 12:10:34.837] - eth_getBlockByNumber
[2020/03/28 12:10:34.844] - eth_sendTransaction
[2020/03/28 12:10:34.891] - 
[2020/03/28 12:10:34.891] -   Transaction: 0xd99eb52e1d236e06a2bc56a01c4b262d5328b8ad4ec372b1d3f5b6460571714e
[2020/03/28 12:10:34.891] -   Gas usage: 27001
[2020/03/28 12:10:34.891] -   Block Number: 257
[2020/03/28 12:10:34.891] -   Block Time: Sat Mar 28 2020 12:10:34 GMT+0000 (GMT)
[2020/03/28 12:10:34.891] - 
[2020/03/28 12:10:34.892] - eth_getTransactionReceipt
[2020/03/28 12:10:34.901] - eth_getBalance
[2020/03/28 12:10:35.023] - eth_getTransactionCount
[2020/03/28 12:10:35.126] - eth_getBalance
[2020/03/28 12:10:35.185] - eth_getTransactionCount
[2020/03/28 12:10:35.248] - eth_getBalance
[2020/03/28 12:10:35.335] - eth_getTransactionCount
[2020/03/28 12:10:35.379] - eth_getBalance
[2020/03/28 12:10:35.420] - eth_getTransactionCount
[2020/03/28 12:10:35.461] - eth_getBalance
[2020/03/28 12:10:35.503] - eth_getTransactionCount
[2020/03/28 12:10:35.544] - eth_getBalance
[2020/03/28 12:10:35.584] - eth_getTransactionCount
[2020/03/28 12:10:35.684] - eth_getBalance
[2020/03/28 12:10:35.753] - eth_getTransactionCount
[2020/03/28 12:10:35.832] - eth_getBalance
[2020/03/28 12:10:35.839] - eth_getBlockByNumber
[2020/03/28 12:10:35.844] - eth_getBlockByNumber
[2020/03/28 12:10:35.844] - eth_getBlockByNumber
[2020/03/28 12:10:35.845] - eth_getBlockByNumber
[2020/03/28 12:10:35.846] - eth_getBlockByNumber
[2020/03/28 12:10:35.846] - eth_getBlockByNumber
[2020/03/28 12:10:35.882] - eth_getTransactionCount
[2020/03/28 12:10:35.921] - eth_getBalance
[2020/03/28 12:10:35.962] - eth_getTransactionCount
[2020/03/28 12:10:36.001] - eth_getBalance
[2020/03/28 12:10:36.040] - eth_getTransactionCount
[2020/03/28 12:10:36.077] - eth_getBalance
[2020/03/28 12:10:36.125] - eth_getTransactionCount
[2020/03/28 12:10:36.194] - eth_getBalance
[2020/03/28 12:10:36.282] - eth_getTransactionCount
[2020/03/28 12:10:36.314] - eth_getBalance
[2020/03/28 12:10:36.352] - eth_getTransactionCount
[2020/03/28 12:10:36.393] - eth_getBalance
[2020/03/28 12:10:36.431] - eth_getTransactionCount
[2020/03/28 12:10:36.468] - eth_getBalance
[2020/03/28 12:10:36.509] - eth_getTransactionCount
[2020/03/28 12:10:36.549] - eth_getBalance
[2020/03/28 12:10:36.591] - eth_getTransactionCount
[2020/03/28 12:10:37.263] - eth_blockNumber
[2020/03/28 12:10:37.269] - eth_getBlockByNumber
[2020/03/28 12:10:40.995] - eth_getBalance
[2020/03/28 12:10:41.029] - eth_getTransactionCount
[2020/03/28 12:10:41.070] - eth_getBalance
[2020/03/28 12:10:41.112] - eth_getTransactionCount
[2020/03/28 12:10:41.167] - eth_getBalance
[2020/03/28 12:10:41.211] - eth_getTransactionCount
[2020/03/28 12:10:41.253] - eth_getBalance
[2020/03/28 12:10:41.294] - eth_getTransactionCount
[2020/03/28 12:10:41.341] - eth_getBalance
[2020/03/28 12:10:41.410] - eth_getTransactionCount
[2020/03/28 12:10:41.491] - eth_getBalance
[2020/03/28 12:10:41.532] - eth_getTransactionCount
[2020/03/28 12:10:41.576] - eth_getBalance
[2020/03/28 12:10:41.618] - eth_getTransactionCount
[2020/03/28 12:10:41.670] - eth_getBalance
[2020/03/28 12:10:41.713] - eth_getTransactionCount
[2020/03/28 12:10:41.755] - eth_getBalance
[2020/03/28 12:10:41.798] - eth_getTransactionCount
[2020/03/28 12:10:41.854] - eth_getBalance
[2020/03/28 12:10:41.943] - eth_getTransactionCount
[2020/03/28 12:10:42.030] - eth_getBalance
[2020/03/28 12:10:42.071] - eth_getTransactionCount
[2020/03/28 12:10:42.116] - eth_getBalance
[2020/03/28 12:10:42.171] - eth_getTransactionCount
[2020/03/28 12:10:42.213] - eth_getBalance
[2020/03/28 12:10:42.254] - eth_getTransactionCount
[2020/03/28 12:10:42.299] - eth_getBalance
[2020/03/28 12:10:42.368] - eth_getTransactionCount
[2020/03/28 12:10:42.450] - eth_getBalance
[2020/03/28 12:10:42.490] - eth_getTransactionCount
[2020/03/28 12:10:42.533] - eth_getBalance
[2020/03/28 12:10:42.573] - eth_getTransactionCount
[2020/03/28 12:10:42.614] - eth_getBalance
[2020/03/28 12:10:42.654] - eth_getTransactionCount
[2020/03/28 12:10:42.694] - eth_getBalance
[2020/03/28 12:10:42.737] - eth_getTransactionCount
[2020/03/28 12:10:42.793] - eth_getBalance
[2020/03/28 12:10:42.879] - eth_getTransactionCount
[2020/03/28 12:10:42.922] - eth_getBalance
[2020/03/28 12:10:42.961] - eth_getTransactionCount
[2020/03/28 12:10:44.211] - eth_blockNumber
[2020/03/28 12:10:44.218] - eth_getBlockByNumber
[2020/03/28 12:10:48.233] - eth_getBalance
[2020/03/28 12:10:48.308] - eth_getTransactionCount
[2020/03/28 12:10:48.363] - eth_getBalance
[2020/03/28 12:10:48.467] - eth_getBalance
[2020/03/28 12:10:48.517] - eth_getTransactionCount
[2020/03/28 12:10:48.559] - eth_getBalance
[2020/03/28 12:10:48.613] - eth_getTransactionCount
[2020/03/28 12:10:48.660] - eth_getBalance
[2020/03/28 12:10:48.704] - eth_getTransactionCount
[2020/03/28 12:10:48.747] - eth_getBalance
[2020/03/28 12:10:48.791] - eth_getTransactionCount
[2020/03/28 12:10:48.850] - eth_getBalance
[2020/03/28 12:10:48.950] - eth_getTransactionCount
[2020/03/28 12:10:48.993] - eth_getBalance
[2020/03/28 12:10:49.037] - eth_getTransactionCount
[2020/03/28 12:10:49.079] - eth_getBalance
[2020/03/28 12:10:49.134] - eth_getTransactionCount
[2020/03/28 12:10:49.191] - eth_getBalance
[2020/03/28 12:10:49.237] - eth_getTransactionCount
[2020/03/28 12:10:49.351] - eth_getBalance
[2020/03/28 12:10:49.459] - eth_getTransactionCount
[2020/03/28 12:10:49.507] - eth_getBalance
[2020/03/28 12:10:49.553] - eth_getTransactionCount
[2020/03/28 12:10:49.595] - eth_getBalance
[2020/03/28 12:10:49.638] - eth_getTransactionCount
[2020/03/28 12:10:49.681] - eth_getBalance
[2020/03/28 12:10:49.734] - eth_getTransactionCount
[2020/03/28 12:10:49.792] - eth_getBalance
[2020/03/28 12:10:49.885] - eth_getTransactionCount
[2020/03/28 12:10:50.015] - eth_getBalance
[2020/03/28 12:10:50.137] - eth_getTransactionCount
[2020/03/28 12:10:50.312] - eth_getBalance
[2020/03/28 12:10:50.480] - eth_getTransactionCount
[2020/03/28 12:10:50.707] - eth_getBalance
[2020/03/28 12:10:50.900] - eth_getTransactionCount
[2020/03/28 12:10:51.236] - eth_getBalance
[2020/03/28 12:10:51.678] - eth_getTransactionCount
[2020/03/28 12:10:51.740] - eth_getBalance
[2020/03/28 12:10:51.802] - eth_getTransactionCount
[2020/03/28 12:10:52.262] - eth_getBalance
[2020/03/28 12:10:52.305] - eth_getTransactionCount
[2020/03/28 12:10:52.353] - eth_getBalance
[2020/03/28 12:10:52.407] - eth_getTransactionCount
[2020/03/28 12:10:52.451] - eth_getBalance
[2020/03/28 12:10:52.496] - eth_getTransactionCount
[2020/03/28 12:10:52.542] - eth_getBalance
[2020/03/28 12:10:52.607] - eth_getTransactionCount
[2020/03/28 12:10:52.707] - eth_getBalance
[2020/03/28 12:10:52.752] - eth_getTransactionCount
[2020/03/28 12:10:52.799] - eth_getBalance
[2020/03/28 12:10:52.843] - eth_getTransactionCount
[2020/03/28 12:10:52.887] - eth_getBalance
[2020/03/28 12:10:52.931] - eth_getTransactionCount
[2020/03/28 12:10:52.975] - eth_getBalance
[2020/03/28 12:10:53.032] - eth_getTransactionCount
[2020/03/28 12:10:53.144] - eth_getBalance
[2020/03/28 12:10:53.213] - eth_getTransactionCount
[2020/03/28 12:10:53.278] - eth_getBalance
[2020/03/28 12:10:53.337] - eth_getTransactionCount
[2020/03/28 12:10:54.082] - eth_getBalance
[2020/03/28 12:10:54.147] - eth_getTransactionCount
[2020/03/28 12:10:54.206] - eth_getBalance
[2020/03/28 12:10:54.274] - eth_getTransactionCount
[2020/03/28 12:10:54.386] - eth_getBalance
[2020/03/28 12:10:54.433] - eth_getTransactionCount
[2020/03/28 12:10:54.495] - eth_getBalance
[2020/03/28 12:10:54.546] - eth_getTransactionCount
[2020/03/28 12:10:54.609] - eth_getBalance
[2020/03/28 12:10:54.668] - eth_getTransactionCount
[2020/03/28 12:10:54.716] - eth_getBalance
[2020/03/28 12:10:54.765] - eth_getTransactionCount
[2020/03/28 12:10:54.868] - eth_getBalance
[2020/03/28 12:10:54.954] - eth_getTransactionCount
[2020/03/28 12:10:55.026] - eth_getBalance
[2020/03/28 12:10:55.076] - eth_getTransactionCount
[2020/03/28 12:10:55.122] - eth_getBalance
[2020/03/28 12:10:55.206] - eth_getTransactionCount
[2020/03/28 12:10:57.270] - eth_blockNumber
[2020/03/28 12:11:04.224] - eth_blockNumber
[2020/03/28 12:11:14.032] - eth_unsubscribe
[2020/03/28 12:11:14.033] - eth_unsubscribe
[2020/03/28 12:11:15.329] - Warning: stopMining called when miner was already stopped
